/* -*- Mode: c -*- */
####################################################################################################
Core 0
####################################################################################################
Cumulative:        Cycles: 85923825              Instructions: 59999999              IPC: 0.69829

Periodic:          Cycles: 85923825              Instructions: 59999999              IPC: 0.69829

EXECUTION_TIME                           26851195312500                  26851195312500              

SIM_HOST_WALL_SECONDS                       869.381884                     869.381884              

NODE_CYCLE                                    85923825                       85923825              

NODE_INST_COUNT                               65048417                       65048417              

NODE_INST_COUNT_FETCHED                       59999999                       59999999              

NODE_UOP_COUNT                                81688620                       81688620              

EXEC_STAGE_NO_ISSUE_STALL_CYCLE               31162418                       31162418              

EXEC_STAGE_NO_ISSUE_STALL_CYCLE_ONPATH        25606935                       25606935              

FULL_WINDOW_STALL                                 3844        0.004%             3844        0.004%

FULL_WINDOW_MEM_OP                                3108       84.000%             3108       84.000%
FULL_WINDOW_FP_OP                                  592       16.000%              592       16.000%
FULL_WINDOW_OTHER_OP                                 0        0.000%                0        0.000%
                                                  3700      100.000%             3700      100.000%
                                                  0.16         0.34              0.16         0.34

RET_BLOCKED_DC_MISS                           53482506       62.244%         53482506       62.244%

RET_BLOCKED_L1_MISS                           39870983       46.403%         39870983       46.403%

RET_BLOCKED_L1_MISS_BW_PREF                    1534405        1.786%          1534405        1.786%

RET_BLOCKED_L1_ACCESS                         13615349       15.846%         13615349       15.846%

RET_BLOCKED_MEM_STALL                         39884468       46.418%         39884468       46.418%

RET_BLOCKED_OFFCHIP_DEMAND                           0        0.000%                0        0.000%

OP_ISSUED                                     90028325                       90028325              

OP_RETIRED                                    81688620                       81688620              

OP_MACRO_FUSION_ONPATH                         5555523                        5555523              

OP_MACRO_FUSION_OFFPATH                        2489095                        2489095              

REPLAY_SIGNALED                                      0                              0              

REPLAY_COUNTED                                       0                              0              

OFF_CRITICAL_PATH                                    0         -nan%                0         -nan%
ON_CRITICAL_PATH                                     0         -nan%                0         -nan%
                                                     0         -nan%                0         -nan%
                                                  -nan         -nan              -nan         -nan

LD_NO_DEPENDENTS                                   235        0.002%              235        0.002%
LD_DEPENDENTS                                  9417682       99.998%          9417682       99.998%
                                               9417917      100.000%          9417917      100.000%
                                                  1.00         1.00              1.00         1.00

LD_EXEC_CYCLES_0                                     0        0.000%                0        0.000%
LD_EXEC_CYCLES_1                                     0        0.000%                0        0.000%
LD_EXEC_CYCLES_2                                     0        0.000%                0        0.000%
LD_EXEC_CYCLES_3                                  6548       58.029%             6548       58.029%
LD_EXEC_CYCLES_4                                  4736       41.971%             4736       41.971%
                                                 11284      100.000%            11284      100.000%
                                                  3.42         2.27              3.42         2.27

ICACHE_STAGE_STARVED                            712307        1.935%           712307        1.935%
ICACHE_STAGE_NOT_STARVED                      36106932       98.065%         36106932       98.065%
                                              36819239      100.000%         36819239      100.000%
                                                  0.98         0.97              0.98         0.97

ICACHE_STAGE_STALLED                          14838542       17.269%         14838542       17.269%
ICACHE_STAGE_NOT_STALLED                      21980697       25.582%         21980697       25.582%
ICACHE_STAGE_OFF_PATH                         49104586       57.149%         49104586       57.149%
                                              85923825      100.000%         85923825      100.000%
                                                  1.40         1.17              1.40         1.17

DECODE_STAGE_STARVED                          84925129       98.906%         84925129       98.906%
DECODE_STAGE_NOT_STARVED                        939202        1.094%           939202        1.094%
                                              85864331      100.000%         85864331      100.000%
                                                  0.01         0.10              0.01         0.10

DECODE_STAGE_STALLED                            540443        0.629%           540443        0.629%
DECODE_STAGE_NOT_STALLED                      85323888       99.302%         85323888       99.302%
DECODE_STAGE_OFF_PATH                            59494        0.069%            59494        0.069%
                                              85923825      100.000%         85923825      100.000%
                                                  0.99         0.04              0.99         0.04

UOPQ_STAGE_STARVED                            15109266       48.382%         15109266       48.382%
UOPQ_STAGE_NOT_STARVED                        16119551       51.618%         16119551       51.618%
                                              31228817      100.000%         31228817      100.000%
                                                  0.52         0.51              0.52         0.51

UOPQ_STAGE_STALLED                            15068231       17.537%         15068231       17.537%
UOPQ_STAGE_NOT_STALLED                        31228817       36.345%         31228817       36.345%
UOPQ_STAGE_OFF_PATH                           39626777       46.118%         39626777       46.118%
                                              85923825      100.000%         85923825      100.000%
                                                  1.29         1.01              1.29         1.01

RS_OP_READY_NOT_ISSUED_TOTAL                 100789822                      100789822              

RS_0_OP_READY_NOT_ISSUED                      99051116                       99051116              

RS_1_OP_READY_NOT_ISSUED                       1627980                        1627980              

RS_2_OP_READY_NOT_ISSUED                        110726                         110726              

RS_3_OP_READY_NOT_ISSUED                             0                              0              

RS_4_OP_READY_NOT_ISSUED                             0                              0              

RS_5_OP_READY_NOT_ISSUED                             0                              0              

RS_6_OP_READY_NOT_ISSUED                             0                              0              

RS_7_OP_READY_NOT_ISSUED                             0                              0              

RS_7_PLUS_OP_READY_NOT_ISSUED                        0                              0              

FU_IDLE_NO_READY_OPS_TOTAL                   662295098                      662295098              

FU_0_IDLE_NO_READY_OPS                        45467358                       45467358              

FU_1_IDLE_NO_READY_OPS                        53725923                       53725923              

FU_2_IDLE_NO_READY_OPS                        77703441                       77703441              

FU_3_IDLE_NO_READY_OPS                        77695530                       77695530              

FU_4_IDLE_NO_READY_OPS                        54483350                       54483350              

FU_5_IDLE_NO_READY_OPS                        56517443                       56517443              

FU_6_IDLE_NO_READY_OPS                        79648162                       79648162              

FU_7_IDLE_NO_READY_OPS                        79717030                       79717030              

FU_8_IDLE_NO_READY_OPS                        59639794                       59639794              

FU_9_IDLE_NO_READY_OPS                        77697067                       77697067              

FU_10_IDLE_NO_READY_OPS                              0                              0              

FU_11_IDLE_NO_READY_OPS                              0                              0              

FU_12_IDLE_NO_READY_OPS                              0                              0              

FU_13_IDLE_NO_READY_OPS                              0                              0              

FU_14_IDLE_NO_READY_OPS                              0                              0              

FU_15_IDLE_NO_READY_OPS                              0                              0              

FU_16_IDLE_NO_READY_OPS                              0                              0              

FU_17_IDLE_NO_READY_OPS                              0                              0              

FU_18_IDLE_NO_READY_OPS                              0                              0              

FU_19_IDLE_NO_READY_OPS                              0                              0              

FU_20_IDLE_NO_READY_OPS                              0                              0              

FU_21_IDLE_NO_READY_OPS                              0                              0              

FU_22_IDLE_NO_READY_OPS                              0                              0              

FU_23_IDLE_NO_READY_OPS                              0                              0              

FU_24_IDLE_NO_READY_OPS                              0                              0              

FU_25_IDLE_NO_READY_OPS                              0                              0              

FU_26_IDLE_NO_READY_OPS                              0                              0              

FU_27_IDLE_NO_READY_OPS                              0                              0              

FU_28_IDLE_NO_READY_OPS                              0                              0              

FU_29_IDLE_NO_READY_OPS                              0                              0              

FU_30_IDLE_NO_READY_OPS                              0                              0              

FU_31_IDLE_NO_READY_OPS                              0                              0              

FU_31_PLUS_IDLE_NO_READY_OPS                         0                              0              

MAP_STAGE_STARVED                              3286411       12.823%          3286411       12.823%
MAP_STAGE_NOT_STARVED                         22342542       87.177%         22342542       87.177%
                                              25628953      100.000%         25628953      100.000%
                                                  0.87         0.82              0.87         0.82

MAP_STAGE_STALLED                              1504089        4.262%          1504089        4.262%
MAP_STAGE_NOT_STALLED                         24124864       68.356%         24124864       68.356%
MAP_STAGE_OFF_PATH                             9664135       27.383%          9664135       27.383%
                                              35293088      100.000%         35293088      100.000%
                                                  1.23         0.78              1.23         0.78

MAP_STAGE_STALL_ITSELF                        50630737       58.925%         50630737       58.925%
MAP_STAGE_NOT_STALL_ITSELF                    35293088       41.075%         35293088       41.075%
                                              85923825      100.000%         85923825      100.000%
                                                  0.41         0.46              0.41         0.46

MAP_STAGE_LATE_ALLOCATE_SEND_BACK                    0                              0              

MAP_STAGE_RENAME_OP_ONPATH                    81688620                       81688620              

MAP_STAGE_RENAME_OP_OFFPATH                   34774394                       34774394              

MAP_STAGE_RENAME_INT_REG_ONPATH               68967421                       68967421              

MAP_STAGE_RENAME_INT_REG_OFFPATH              32556235                       32556235              

MAP_STAGE_RENAME_VEC_REG_ONPATH                8533275                        8533275              

MAP_STAGE_RENAME_VEC_REG_OFFPATH               6559988                        6559988              

MAP_STAGE_RENAME_MOVE_ELIM_ONPATH                    0                              0              

MAP_STAGE_RENAME_MOVE_ELIM_OFFPATH                   0                              0              

MAP_STAGE_ONPATH_INT_REG_NUM_ALLOC            68967402                       68967402              

MAP_STAGE_ONPATH_VEC_REG_NUM_ALLOC             8533265                        8533265              

MAP_STAGE_ONPATH_INT_REG_NUM_SHORTLIVE        29951301                       29951301              

MAP_STAGE_ONPATH_VEC_REG_NUM_SHORTLIVE          722398                         722398              

MAP_STAGE_ONPATH_INT_REG_USE_COUNT_0          18442293                       18442293              

MAP_STAGE_ONPATH_VEC_REG_USE_COUNT_0                 7                              7              

MAP_STAGE_ONPATH_INT_REG_USE_COUNT_1          29586180                       29586180              

MAP_STAGE_ONPATH_VEC_REG_USE_COUNT_1           7340989                        7340989              

MAP_STAGE_ONPATH_INT_REG_USE_COUNT_2          16214936                       16214936              

MAP_STAGE_ONPATH_VEC_REG_USE_COUNT_2           1192257                        1192257              

MAP_STAGE_ONPATH_INT_REG_USE_COUNT_3           3961907                        3961907              

MAP_STAGE_ONPATH_VEC_REG_USE_COUNT_3                 1                              1              

MAP_STAGE_ONPATH_INT_REG_USE_COUNT_4            557956                         557956              

MAP_STAGE_ONPATH_VEC_REG_USE_COUNT_4                 0                              0              

MAP_STAGE_ONPATH_INT_REG_USE_COUNT_5             29568                          29568              

MAP_STAGE_ONPATH_VEC_REG_USE_COUNT_5                 0                              0              

MAP_STAGE_ONPATH_INT_REG_USE_COUNT_6             27404                          27404              

MAP_STAGE_ONPATH_VEC_REG_USE_COUNT_6                 1                              1              

MAP_STAGE_ONPATH_INT_REG_USE_COUNT_7_PLUS        147158                         147158              

MAP_STAGE_ONPATH_VEC_REG_USE_COUNT_7_PLUS            10                             10              

MAP_STAGE_ONPATH_INT_REG_CONSUME_DIST_0              0        0.0000                0        0.0000

MAP_STAGE_ONPATH_VEC_REG_CONSUME_DIST_0              0        0.0000                0        0.0000

MAP_STAGE_ONPATH_INT_REG_CONSUME_DIST_1              0        0.0000                0        0.0000

MAP_STAGE_ONPATH_VEC_REG_CONSUME_DIST_1              0        0.0000                0        0.0000

MAP_STAGE_ONPATH_INT_REG_CONSUME_DIST_2      221245728       13.6446        221245728       13.6446

MAP_STAGE_ONPATH_VEC_REG_CONSUME_DIST_2       44387127       37.2295         44387127       37.2295

MAP_STAGE_ONPATH_INT_REG_CONSUME_DIST_3      249276828       62.9184        249276828       62.9184

MAP_STAGE_ONPATH_VEC_REG_CONSUME_DIST_3             46       46.0000               46       46.0000

MAP_STAGE_ONPATH_INT_REG_CONSUME_DIST_4       45978582       82.4054         45978582       82.4054

MAP_STAGE_ONPATH_VEC_REG_CONSUME_DIST_4              0          -nan                0          -nan

MAP_STAGE_ONPATH_INT_REG_CONSUME_DIST_5        1493009       50.4941          1493009       50.4941

MAP_STAGE_ONPATH_VEC_REG_CONSUME_DIST_5              0          -nan                0          -nan

MAP_STAGE_ONPATH_INT_REG_CONSUME_DIST_6        3208950      117.0979          3208950      117.0979

MAP_STAGE_ONPATH_VEC_REG_CONSUME_DIST_6           3565     3565.0000             3565     3565.0000

MAP_STAGE_ONPATH_INT_REG_CONSUME_DIST_7_PLUS     301505929     2048.8586        301505929     2048.8586

MAP_STAGE_ONPATH_VEC_REG_CONSUME_DIST_7_PLUS       1977168   197716.8000          1977168   197716.8000

MAP_STAGE_INT_REG_ISSUE_READ_TOTAL_CONSUMED     120527749        3.8677        120527749        3.8677

MAP_STAGE_VEC_REG_ISSUE_READ_TOTAL_CONSUMED      11234158        0.3605         11234158        0.3605

MAP_STAGE_INT_REG_ISSUE_READ_MULTI_CONSUMED      62602651        2.0089         62602651        2.0089

MAP_STAGE_VEC_REG_ISSUE_READ_MULTI_CONSUMED       2457588        0.0789          2457588        0.0789

MAP_STAGE_INT_REG_ISSUE_READ_SAME_CYCLE_CONSUMED      20914239        0.6711         20914239        0.6711

MAP_STAGE_VEC_REG_ISSUE_READ_SAME_CYCLE_CONSUMED        688657        0.0221           688657        0.0221

MAP_STAGE_INT_REG_ISSUE_READ_TOTAL_CONSUMED_ONPATH     105024715        4.1014        105024715        4.1014

MAP_STAGE_VEC_REG_ISSUE_READ_TOTAL_CONSUMED_ONPATH      10821817        0.4226         10821817        0.4226

MAP_STAGE_INT_REG_ISSUE_READ_MULTI_CONSUMED_ONPATH      54499576        2.1283         54499576        2.1283

MAP_STAGE_VEC_REG_ISSUE_READ_MULTI_CONSUMED_ONPATH       2288542        0.0894          2288542        0.0894

MAP_STAGE_INT_REG_ISSUE_READ_SAME_CYCLE_CONSUMED_ONPATH      19166157        0.7485         19166157        0.7485

MAP_STAGE_VEC_REG_ISSUE_READ_SAME_CYCLE_CONSUMED_ONPATH        662513        0.0259           662513        0.0259

MAP_STAGE_ONPATH_INT_REG_LIFECYCLE_EMPTY    4438638167                     4438638167              

MAP_STAGE_ONPATH_VEC_REG_LIFECYCLE_EMPTY    2047276556                     2047276556              

MAP_STAGE_ONPATH_INT_REG_LIFECYCLE_IN_USE    8292175654                     8292175654              

MAP_STAGE_ONPATH_VEC_REG_LIFECYCLE_IN_USE    2556365713                     2556365713              

MAP_STAGE_ONPATH_INT_REG_LIFECYCLE_SPEC_RELEASE   13941315974                    13941315974              

MAP_STAGE_ONPATH_VEC_REG_LIFECYCLE_SPEC_RELEASE    3233877367                     3233877367              

MAP_STAGE_ONPATH_INT_REG_LIFECYCLE_NONSPEC_RELEASE   13941315974                    13941315974              

MAP_STAGE_ONPATH_VEC_REG_LIFECYCLE_NONSPEC_RELEASE    3233877367                     3233877367              

MAP_STAGE_ONPATH_INT_REG_LIFECYCLE_TOTAL   13941315974                    13941315974              

MAP_STAGE_ONPATH_VEC_REG_LIFECYCLE_TOTAL    3233877367                     3233877367              

MAP_STAGE_ONPATH_INT_REG_NUM_NONBRANCH        68967402                       68967402              

MAP_STAGE_ONPATH_VEC_REG_NUM_NONBRANCH         8533265                        8533265              

MAP_STAGE_ONPATH_INT_REG_NUM_NONEXCEPT        68967402                       68967402              

MAP_STAGE_ONPATH_VEC_REG_NUM_NONEXCEPT         8533265                        8533265              

MAP_STAGE_ONPATH_INT_REG_NUM_ATOMIC           68967402                       68967402              

MAP_STAGE_ONPATH_VEC_REG_NUM_ATOMIC            8533265                        8533265              

MAP_STAGE_ONPATH_INT_REG_ATOMIC_REDEFINED_DIST_TOTAL   13941315974      202.1436      13941315974      202.1436

MAP_STAGE_ONPATH_VEC_REG_ATOMIC_REDEFINED_DIST_TOTAL    3233877367      378.9730       3233877367      378.9730

MAP_STAGE_ONPATH_INT_REG_ATOMIC_CONSUMED_DIST_TOTAL    8292175654      120.2333       8292175654      120.2333

MAP_STAGE_ONPATH_VEC_REG_ATOMIC_CONSUMED_DIST_TOTAL    2556365713      299.5765       2556365713      299.5765

MAP_STAGE_ONPATH_INT_REG_ATOMIC_RELEASE_DIST_TOTAL   13941315974      202.1436      13941315974      202.1436

MAP_STAGE_ONPATH_VEC_REG_ATOMIC_RELEASE_DIST_TOTAL    3233877367      378.9730       3233877367      378.9730

EXEC_STAGE_STARVED                            54945178       63.946%         54945178       63.946%
EXEC_STAGE_NOT_STARVED                        15631825       18.193%         15631825       18.193%
EXEC_STAGE_OFF_PATH                           15346822       17.861%         15346822       17.861%
                                              85923825      100.000%         85923825      100.000%
                                                  0.54         0.69              0.54         0.69

FU_BUSY_0                                     32101749                       32101749              

FU_BUSY_1                                     14669630                       14669630              

FU_BUSY_2                                      3019082                        3019082              

FU_BUSY_3                                      3026765                        3026765              

FU_BUSY_4                                     12056973                       12056973              

FU_BUSY_5                                     21008894                       21008894              

FU_BUSY_6                                      2996630                        2996630              

FU_BUSY_7                                      2927946                        2927946              

FU_BUSY_8                                     11992205                       11992205              

FU_BUSY_9                                      3024481                        3024481              

FU_BUSY_10                                           0                              0              

FU_BUSY_11                                           0                              0              

FU_BUSY_12                                           0                              0              

FU_BUSY_13                                           0                              0              

FU_BUSY_14                                           0                              0              

FU_BUSY_15                                           0                              0              

FU_BUSY_16                                           0                              0              

FU_BUSY_17                                           0                              0              

FU_BUSY_18                                           0                              0              

FU_BUSY_19                                           0                              0              

FU_BUSY_20                                           0                              0              

FU_BUSY_21                                           0                              0              

FU_BUSY_22                                           0                              0              

FU_BUSY_23                                           0                              0              

FU_BUSY_24                                           0                              0              

FU_BUSY_25                                           0                              0              

FU_BUSY_26                                           0                              0              

FU_BUSY_27                                           0                              0              

FU_BUSY_28                                           0                              0              

FU_BUSY_29                                           0                              0              

FU_BUSY_30                                           0                              0              

FU_BUSY_31                                           0                              0              

FU_REJECTED_OP_INV_NOT_SIMD                          0        0.000%                0        0.000%
FU_REJECTED_OP_NOP_NOT_SIMD                        899        0.007%              899        0.007%
FU_REJECTED_OP_CF_NOT_SIMD                      402782        3.174%           402782        3.174%
FU_REJECTED_OP_MOV_NOT_SIMD                      28066        0.221%            28066        0.221%
FU_REJECTED_OP_CMOV_NOT_SIMD                         0        0.000%                0        0.000%
FU_REJECTED_OP_LDA_NOT_SIMD                       4974        0.039%             4974        0.039%
FU_REJECTED_OP_IMEM_NOT_SIMD                    159405        1.256%           159405        1.256%
FU_REJECTED_OP_IADD_NOT_SIMD                      8534        0.067%             8534        0.067%
FU_REJECTED_OP_IMUL_NOT_SIMD                     21129        0.167%            21129        0.167%
FU_REJECTED_OP_IDIV_NOT_SIMD                         0        0.000%                0        0.000%
FU_REJECTED_OP_ICMP_NOT_SIMD                        48        0.000%               48        0.000%
FU_REJECTED_OP_LOGIC_NOT_SIMD                    28588        0.225%            28588        0.225%
FU_REJECTED_OP_SHIFT_NOT_SIMD                    42333        0.334%            42333        0.334%
FU_REJECTED_OP_FMEM_NOT_SIMD                    348346        2.745%           348346        2.745%
FU_REJECTED_OP_FCVT_NOT_SIMD                         0        0.000%                0        0.000%
FU_REJECTED_OP_FADD_NOT_SIMD                         0        0.000%                0        0.000%
FU_REJECTED_OP_FMUL_NOT_SIMD                         0        0.000%                0        0.000%
FU_REJECTED_OP_FMA_NOT_SIMD                          0        0.000%                0        0.000%
FU_REJECTED_OP_FDIV_NOT_SIMD                         0        0.000%                0        0.000%
FU_REJECTED_OP_FCMP_NOT_SIMD                         0        0.000%                0        0.000%
FU_REJECTED_OP_FCMOV_NOT_SIMD                        0        0.000%                0        0.000%
FU_REJECTED_OP_GATHER_NOT_SIMD                       0        0.000%                0        0.000%
FU_REJECTED_OP_SCATTER_NOT_SIMD                      0        0.000%                0        0.000%
FU_REJECTED_OP_PIPELINED_FAST_NOT_SIMD               0        0.000%                0        0.000%
FU_REJECTED_OP_PIPELINED_MEDIUM_NOT_SIMD             0        0.000%                0        0.000%
FU_REJECTED_OP_PIPELINED_SLOW_NOT_SIMD               0        0.000%                0        0.000%
FU_REJECTED_OP_NOTPIPELINED_MEDIUM_NOT_SIMD             0        0.000%                0        0.000%
FU_REJECTED_OP_NOTPIPELINED_SLOW_NOT_SIMD             0        0.000%                0        0.000%
FU_REJECTED_OP_NOTPIPELINED_VERY_SLOW_NOT_SIMD             0        0.000%                0        0.000%
FU_REJECTED_OP_INV_SIMD                              0        0.000%                0        0.000%
FU_REJECTED_OP_NOP_SIMD                              0        0.000%                0        0.000%
FU_REJECTED_OP_CF_SIMD                               0        0.000%                0        0.000%
FU_REJECTED_OP_MOV_SIMD                              0        0.000%                0        0.000%
FU_REJECTED_OP_CMOV_SIMD                             0        0.000%                0        0.000%
FU_REJECTED_OP_LDA_SIMD                              0        0.000%                0        0.000%
FU_REJECTED_OP_IMEM_SIMD                             0        0.000%                0        0.000%
FU_REJECTED_OP_IADD_SIMD                             0        0.000%                0        0.000%
FU_REJECTED_OP_IMUL_SIMD                             0        0.000%                0        0.000%
FU_REJECTED_OP_IDIV_SIMD                             0        0.000%                0        0.000%
FU_REJECTED_OP_ICMP_SIMD                             0        0.000%                0        0.000%
FU_REJECTED_OP_LOGIC_SIMD                            3        0.000%                3        0.000%
FU_REJECTED_OP_SHIFT_SIMD                         9059        0.071%             9059        0.071%
FU_REJECTED_OP_FMEM_SIMD                             0        0.000%                0        0.000%
FU_REJECTED_OP_FCVT_SIMD                        305886        2.411%           305886        2.411%
FU_REJECTED_OP_FADD_SIMD                          1339        0.011%             1339        0.011%
FU_REJECTED_OP_FMUL_SIMD                       2145246       16.906%          2145246       16.906%
FU_REJECTED_OP_FMA_SIMD                         408933        3.223%           408933        3.223%
FU_REJECTED_OP_FDIV_SIMD                         24648        0.194%            24648        0.194%
FU_REJECTED_OP_FCMP_SIMD                             0        0.000%                0        0.000%
FU_REJECTED_OP_FCMOV_SIMD                      8749225       68.949%          8749225       68.949%
FU_REJECTED_OP_GATHER_SIMD                           0        0.000%                0        0.000%
FU_REJECTED_OP_SCATTER_SIMD                          0        0.000%                0        0.000%
FU_REJECTED_OP_PIPELINED_FAST_SIMD                   0        0.000%                0        0.000%
FU_REJECTED_OP_PIPELINED_MEDIUM_SIMD                 0        0.000%                0        0.000%
FU_REJECTED_OP_PIPELINED_SLOW_SIMD                   0        0.000%                0        0.000%
FU_REJECTED_OP_NOTPIPELINED_MEDIUM_SIMD              0        0.000%                0        0.000%
FU_REJECTED_OP_NOTPIPELINED_SLOW_SIMD                0        0.000%                0        0.000%
FU_REJECTED_OP_NOTPIPELINED_VERY_SLOW_SIMD             0        0.000%                0        0.000%
                                              12689443      100.000%         12689443      100.000%
                                                 44.62        11.45             44.62        11.45

LSQ_FULL_TOTAL                                 1504553                        1504553              

LSQ_FULL_LOAD_QUEUE                                  0                              0              

LSQ_FULL_STORE_QUEUE                           1504553                        1504553              

OP_WAIT_0                                     56364792                       56364792              

OP_WAIT_1                                     15316401                       15316401              

OP_WAIT_2                                      2823274                        2823274              

OP_WAIT_3                                       834680                         834680              

OP_WAIT_4                                       405429                         405429              

OP_WAIT_5                                       275638                         275638              

OP_WAIT_6                                       141538                         141538              

OP_WAIT_7                                       114620                         114620              

OP_WAIT_8                                        92281                          92281              

OP_WAIT_9                                        87689                          87689              

OP_WAIT_10                                       85429                          85429              

OP_WAIT_11                                       47531                          47531              

OP_WAIT_12                                       34654                          34654              

OP_WAIT_13                                       30465                          30465              

OP_WAIT_14                                       27557                          27557              

OP_WAIT_15                                       20601                          20601              

OP_WAIT_16                                       16760                          16760              

OP_WAIT_17                                       17278                          17278              

OP_WAIT_18                                       15805                          15805              

OP_WAIT_19                                      244478                         244478              

OP_WAIT_20                                       38660                          38660              

OP_WAIT_21                                       13133                          13133              

OP_WAIT_22                                        8775                           8775              

OP_WAIT_23                                        7115                           7115              

OP_WAIT_24                                       12116                          12116              

OP_WAIT_25                                        6929                           6929              

OP_WAIT_26                                        5862                           5862              

OP_WAIT_27                                        5937                           5937              

OP_WAIT_28                                        6478                           6478              

OP_WAIT_29                                        6589                           6589              

OP_WAIT_30                                        5223                           5223              

OP_WAIT_31                                     4574903                        4574903              

ROW_SIZE_0                                    68322436                       68322436              

ROW_SIZE_1                                     2731411                        2731411              

ROW_SIZE_2                                      976066                         976066              

ROW_SIZE_3                                     1091276                        1091276              

ROW_SIZE_4                                     5130157                        5130157              

ROW_SIZE_5                                      194996                         194996              

ROW_SIZE_6                                      801756                         801756              

ROW_SIZE_7                                      228111                         228111              

ROW_SIZE_8                                     5728541                        5728541              

ROW_SIZE_9                                           0                              0              

ROW_SIZE_10                                          0                              0              

ROW_SIZE_11                                          0                              0              

ROW_SIZE_12                                          0                              0              

ROW_SIZE_13                                          0                              0              

ROW_SIZE_14                                          0                              0              

ROW_SIZE_15                                          0                              0              

ROW_SIZE_16                                          0                              0              

ROW_SIZE_17                                          0                              0              

ROW_SIZE_18                                          0                              0              

ROW_SIZE_19                                          0                              0              

ROW_SIZE_20                                          0                              0              

ROW_SIZE_21                                          0                              0              

ROW_SIZE_22                                          0                              0              

ROW_SIZE_23                                          0                              0              

ROW_SIZE_24                                          0                              0              

ROW_SIZE_25                                          0                              0              

ROW_SIZE_26                                          0                              0              

ROW_SIZE_27                                          0                              0              

ROW_SIZE_28                                          0                              0              

ROW_SIZE_29                                          0                              0              

ROW_SIZE_30                                          0                              0              

ROW_SIZE_31                                          0                              0              

RET_OP_EXEC_COUNT_0                            3502211        4.287%          3502211        4.287%
RET_OP_EXEC_COUNT_1                           78186409       95.713%         78186409       95.713%
RET_OP_EXEC_COUNT_2                                  0        0.000%                0        0.000%
RET_OP_EXEC_COUNT_3                                  0        0.000%                0        0.000%
RET_OP_EXEC_COUNT_4                                  0        0.000%                0        0.000%
RET_OP_EXEC_COUNT_5                                  0        0.000%                0        0.000%
RET_OP_EXEC_COUNT_6                                  0        0.000%                0        0.000%
RET_OP_EXEC_COUNT_7                                  0        0.000%                0        0.000%
RET_OP_EXEC_COUNT_8                                  0        0.000%                0        0.000%
RET_OP_EXEC_COUNT_9                                  0        0.000%                0        0.000%
RET_OP_EXEC_COUNT_10                                 0        0.000%                0        0.000%
RET_OP_EXEC_COUNT_11                                 0        0.000%                0        0.000%
RET_OP_EXEC_COUNT_12                                 0        0.000%                0        0.000%
RET_OP_EXEC_COUNT_13                                 0        0.000%                0        0.000%
RET_OP_EXEC_COUNT_14                                 0        0.000%                0        0.000%
RET_OP_EXEC_COUNT_15                                 0        0.000%                0        0.000%
RET_OP_EXEC_COUNT_16                                 0        0.000%                0        0.000%
RET_OP_EXEC_COUNT_17                                 0        0.000%                0        0.000%
RET_OP_EXEC_COUNT_18                                 0        0.000%                0        0.000%
RET_OP_EXEC_COUNT_19                                 0        0.000%                0        0.000%
RET_OP_EXEC_COUNT_20                                 0        0.000%                0        0.000%
RET_OP_EXEC_COUNT_21                                 0        0.000%                0        0.000%
RET_OP_EXEC_COUNT_22                                 0        0.000%                0        0.000%
RET_OP_EXEC_COUNT_23                                 0        0.000%                0        0.000%
RET_OP_EXEC_COUNT_24                                 0        0.000%                0        0.000%
RET_OP_EXEC_COUNT_25                                 0        0.000%                0        0.000%
RET_OP_EXEC_COUNT_26                                 0        0.000%                0        0.000%
RET_OP_EXEC_COUNT_27                                 0        0.000%                0        0.000%
RET_OP_EXEC_COUNT_28                                 0        0.000%                0        0.000%
RET_OP_EXEC_COUNT_29                                 0        0.000%                0        0.000%
RET_OP_EXEC_COUNT_30                                 0        0.000%                0        0.000%
RET_OP_EXEC_COUNT_31                                 0        0.000%                0        0.000%
RET_OP_EXEC_COUNT_32                                 0        0.000%                0        0.000%
                                              81688620      100.000%         81688620      100.000%
                                                  0.96         0.04              0.96         0.04

RET_STALL_LENGTH_0                            81495416       99.763%         81495416       99.763%
RET_STALL_LENGTH_100                            123380        0.151%           123380        0.151%
RET_STALL_LENGTH_200                             52071        0.064%            52071        0.064%
RET_STALL_LENGTH_300                              3852        0.005%             3852        0.005%
RET_STALL_LENGTH_400                              4338        0.005%             4338        0.005%
RET_STALL_LENGTH_500                              4348        0.005%             4348        0.005%
RET_STALL_LENGTH_600                              1619        0.002%             1619        0.002%
RET_STALL_LENGTH_700                               510        0.001%              510        0.001%
RET_STALL_LENGTH_800                               228        0.000%              228        0.000%
RET_STALL_LENGTH_900                               150        0.000%              150        0.000%
RET_STALL_LENGTH_1000                              136        0.000%              136        0.000%
RET_STALL_LENGTH_1100                              413        0.001%              413        0.001%
RET_STALL_LENGTH_1200                             1335        0.002%             1335        0.002%
RET_STALL_LENGTH_1300                              429        0.001%              429        0.001%
RET_STALL_LENGTH_1400                               97        0.000%               97        0.000%
RET_STALL_LENGTH_1500                               41        0.000%               41        0.000%
RET_STALL_LENGTH_1600                               60        0.000%               60        0.000%
RET_STALL_LENGTH_1700                              104        0.000%              104        0.000%
RET_STALL_LENGTH_1800                               65        0.000%               65        0.000%
RET_STALL_LENGTH_1900                               17        0.000%               17        0.000%
RET_STALL_LENGTH_2000                                6        0.000%                6        0.000%
RET_STALL_LENGTH_2100                                4        0.000%                4        0.000%
RET_STALL_LENGTH_2200                                0        0.000%                0        0.000%
RET_STALL_LENGTH_2300                                1        0.000%                1        0.000%
RET_STALL_LENGTH_2400                                0        0.000%                0        0.000%
RET_STALL_LENGTH_2500                                0        0.000%                0        0.000%
RET_STALL_LENGTH_2600                                0        0.000%                0        0.000%
RET_STALL_LENGTH_2700                                0        0.000%                0        0.000%
RET_STALL_LENGTH_2800                                0        0.000%                0        0.000%
RET_STALL_LENGTH_2900                                0        0.000%                0        0.000%
RET_STALL_LENGTH_3000                                0        0.000%                0        0.000%
RET_STALL_LENGTH_3100                                0        0.000%                0        0.000%
RET_STALL_LENGTH_3200                                0        0.000%                0        0.000%
RET_STALL_LENGTH_3300                                0        0.000%                0        0.000%
RET_STALL_LENGTH_3400                                0        0.000%                0        0.000%
RET_STALL_LENGTH_3500                                0        0.000%                0        0.000%
RET_STALL_LENGTH_3600                                0        0.000%                0        0.000%
RET_STALL_LENGTH_3700                                0        0.000%                0        0.000%
RET_STALL_LENGTH_3800                                0        0.000%                0        0.000%
RET_STALL_LENGTH_3900                                0        0.000%                0        0.000%
RET_STALL_LENGTH_4000                                0        0.000%                0        0.000%
RET_STALL_LENGTH_4100                                0        0.000%                0        0.000%
RET_STALL_LENGTH_4200                                0        0.000%                0        0.000%
RET_STALL_LENGTH_4300                                0        0.000%                0        0.000%
RET_STALL_LENGTH_4400                                0        0.000%                0        0.000%
RET_STALL_LENGTH_4500                                0        0.000%                0        0.000%
RET_STALL_LENGTH_4600                                0        0.000%                0        0.000%
RET_STALL_LENGTH_4700                                0        0.000%                0        0.000%
RET_STALL_LENGTH_4800                                0        0.000%                0        0.000%
RET_STALL_LENGTH_4900                                0        0.000%                0        0.000%
RET_STALL_LENGTH_5000                                0        0.000%                0        0.000%
                                              81688620      100.000%         81688620      100.000%
                                                  0.00         0.12              0.00         0.12

MEM_BLOCK_LENGTH_0                               12873       85.495%            12873       85.495%
MEM_BLOCK_LENGTH_100                              1284        8.528%             1284        8.528%
MEM_BLOCK_LENGTH_200                               353        2.344%              353        2.344%
MEM_BLOCK_LENGTH_300                               184        1.222%              184        1.222%
MEM_BLOCK_LENGTH_400                               168        1.116%              168        1.116%
MEM_BLOCK_LENGTH_500                                94        0.624%               94        0.624%
MEM_BLOCK_LENGTH_600                                39        0.259%               39        0.259%
MEM_BLOCK_LENGTH_700                                21        0.139%               21        0.139%
MEM_BLOCK_LENGTH_800                                 6        0.040%                6        0.040%
MEM_BLOCK_LENGTH_900                                 6        0.040%                6        0.040%
MEM_BLOCK_LENGTH_1000                                4        0.027%                4        0.027%
MEM_BLOCK_LENGTH_1100                                6        0.040%                6        0.040%
MEM_BLOCK_LENGTH_1200                                9        0.060%                9        0.060%
MEM_BLOCK_LENGTH_1300                                3        0.020%                3        0.020%
MEM_BLOCK_LENGTH_1400                                1        0.007%                1        0.007%
MEM_BLOCK_LENGTH_1500                                1        0.007%                1        0.007%
MEM_BLOCK_LENGTH_1600                                3        0.020%                3        0.020%
MEM_BLOCK_LENGTH_1700                                1        0.007%                1        0.007%
MEM_BLOCK_LENGTH_1800                                0        0.000%                0        0.000%
MEM_BLOCK_LENGTH_1900                                1        0.007%                1        0.007%
MEM_BLOCK_LENGTH_2000                                0        0.000%                0        0.000%
MEM_BLOCK_LENGTH_2100                                0        0.000%                0        0.000%
MEM_BLOCK_LENGTH_2200                                0        0.000%                0        0.000%
MEM_BLOCK_LENGTH_2300                                0        0.000%                0        0.000%
MEM_BLOCK_LENGTH_2400                                0        0.000%                0        0.000%
MEM_BLOCK_LENGTH_2500                                0        0.000%                0        0.000%
MEM_BLOCK_LENGTH_2600                                0        0.000%                0        0.000%
MEM_BLOCK_LENGTH_2700                                0        0.000%                0        0.000%
MEM_BLOCK_LENGTH_2800                                0        0.000%                0        0.000%
MEM_BLOCK_LENGTH_2900                                0        0.000%                0        0.000%
MEM_BLOCK_LENGTH_3000                                0        0.000%                0        0.000%
MEM_BLOCK_LENGTH_3100                                0        0.000%                0        0.000%
MEM_BLOCK_LENGTH_3200                                0        0.000%                0        0.000%
MEM_BLOCK_LENGTH_3300                                0        0.000%                0        0.000%
MEM_BLOCK_LENGTH_3400                                0        0.000%                0        0.000%
MEM_BLOCK_LENGTH_3500                                0        0.000%                0        0.000%
MEM_BLOCK_LENGTH_3600                                0        0.000%                0        0.000%
MEM_BLOCK_LENGTH_3700                                0        0.000%                0        0.000%
MEM_BLOCK_LENGTH_3800                                0        0.000%                0        0.000%
MEM_BLOCK_LENGTH_3900                                0        0.000%                0        0.000%
MEM_BLOCK_LENGTH_4000                                0        0.000%                0        0.000%
MEM_BLOCK_LENGTH_4100                                0        0.000%                0        0.000%
MEM_BLOCK_LENGTH_4200                                0        0.000%                0        0.000%
MEM_BLOCK_LENGTH_4300                                0        0.000%                0        0.000%
MEM_BLOCK_LENGTH_4400                                0        0.000%                0        0.000%
MEM_BLOCK_LENGTH_4500                                0        0.000%                0        0.000%
MEM_BLOCK_LENGTH_4600                                0        0.000%                0        0.000%
MEM_BLOCK_LENGTH_4700                                0        0.000%                0        0.000%
MEM_BLOCK_LENGTH_4800                                0        0.000%                0        0.000%
MEM_BLOCK_LENGTH_4900                                0        0.000%                0        0.000%
MEM_BLOCK_LENGTH_5000                                0        0.000%                0        0.000%
                                                 15057      100.000%            15057      100.000%
                                                  0.30         1.00              0.30         1.00

FUS_BUSY_ON_PATH                              94561294        1.1005         94561294        1.1005

FUS_BUSY_OFF_PATH                             12263061        0.1427         12263061        0.1427

FU_BUSY_MEM_STALL                              1068850        0.0124          1068850        0.0124

FUS_EMPTY                                    752413895        8.7568        752413895        8.7568

FU_UNAVAILABLE                                12215684        0.1422         12215684        0.1422

FU_MEM_UNAVAILABLE                              473759        0.0055           473759        0.0055

FU_OTHER_UNAVAILABLE                                 0        0.0000                0        0.0000

FU_REPLAY                                            0        0.0000                0        0.0000

FU_STARVED                                   751157980        8.7421        751157980        8.7421

CHIP_UTILIZATION                                     0        0.0000                0        0.0000

CYCLES_UNDER_MEM_REQ                                 0                              0              

CYCLES_UNDER_NO_MEM_REQ                              0                              0              

CYCLES_UNDER_CRITICAL_MEM_REQ                        0                              0              

CYCLES_UNDER_NONCRITICAL_MEM_REQ                     0                              0              

CHIP_UTILIZATION_UNDER_MEM_REQ                       0          -nan                0          -nan

CHIP_UTILIZATION_UNDER_NO_MEM_REQ                    0          -nan                0          -nan

CHIP_UTILIZATION_UNDER_CRITICAL_MEM_REQ              0          -nan                0          -nan

CHIP_UTILIZATION_UNDER_NONCRITICAL_MEM_REQ             0          -nan                0          -nan

CYCLES_NOT_WAITING_FOR_OFF_CHIP                      0        0.0000                0        0.0000

FUS_BUSY_NOT_WAITING_FOR_OFF_CHIP                    0          -nan                0          -nan

CYCLES_WAITING_FOR_OFF_CHIP                          0        0.0000                0        0.0000

FUS_BUSY_WAITING_FOR_OFF_CHIP                        0          -nan                0          -nan

TOTAL_OFF_CHIP_DELAYS_LEFT                           0                              0              

WRONG_IO_SCHED                                       0                              0              

DVFS_CONFIG_SWITCH                                   0                              0              

MAP_STAGE_RECEIVED_OPS_0                             0        0.000%                0        0.000%
MAP_STAGE_RECEIVED_OPS_1                       2238488       10.975%          2238488       10.975%
MAP_STAGE_RECEIVED_OPS_2                       2711404       13.294%          2711404       13.294%
MAP_STAGE_RECEIVED_OPS_3                       2317140       11.361%          2317140       11.361%
MAP_STAGE_RECEIVED_OPS_4                       4917028       24.108%          4917028       24.108%
MAP_STAGE_RECEIVED_OPS_5                       2303141       11.292%          2303141       11.292%
MAP_STAGE_RECEIVED_OPS_6                       5908955       28.971%          5908955       28.971%
MAP_STAGE_RECEIVED_OPS_7                             0        0.000%                0        0.000%
MAP_STAGE_RECEIVED_OPS_8                             0        0.000%                0        0.000%
MAP_STAGE_RECEIVED_OPS_MAX                           0        0.000%                0        0.000%
                                              20396156      100.000%         20396156      100.000%
                                                  3.98         1.70              3.98         1.70

MAP_STAGE_WAIT_FOR_DECODE                            0         -nan%                0         -nan%
MAP_STAGE_CONSUME_DECODE                             0         -nan%                0         -nan%
                                                     0         -nan%                0         -nan%
                                                  -nan         -nan              -nan         -nan

MAP_STAGE_WAIT_FOR_DECODE2                           0         -nan%                0         -nan%
MAP_STAGE_CONSUME_DECODE2                            0         -nan%                0         -nan%
                                                     0         -nan%                0         -nan%
                                                  -nan         -nan              -nan         -nan

FTQ_RECOVER_EXEC                                442297                         442297              

FTQ_RECOVER_DECODE                                 101                            101              

FTQ_OFFPATH_CYCLES                            53511238                       53511238              

FTQ_CYCLES_OFFPATH                            53511238                       53511238              

FTQ_CYCLES_ONPATH                             32412587                       32412587              

FTQ_FETCHED_INS_ONPATH                        81688620                       81688620              

FTQ_FETCHED_INS_OFFPATH                      112853349                      112853349              

FTQ_BREAK_FULL_FT_ONPATH                      15923973                       15923973              

FTQ_BREAK_FULL_FT_OFFPATH                     30678078                       30678078              

FTQ_BREAK_PRED_BR_ONPATH                             0                              0              

FTQ_BREAK_PRED_BR_OFFPATH                            0                              0              

FTQ_BREAK_BAR_FETCH_ONPATH                           0                              0              

FTQ_BREAK_BAR_FETCH_OFFPATH                          0                              0              

FTQ_BREAK_MAX_CFS_TAKEN_ONPATH                       0                              0              

FTQ_BREAK_MAX_CFS_TAKEN_OFFPATH                      0                              0              

FTQ_BREAK_MAX_FT_ONPATH                       16488033                       16488033              

FTQ_BREAK_MAX_FT_OFFPATH                      22833160                       22833160              

DFE_GEN_ON_PATH_FT                            20749011                       20749011              

DFE_GEN_OFF_PATH_FT                           25633626                       25633626              

DFE_L0_ENABLED_PREDICTIONS                    81688620                       81688620              

DFE_L0_WRONG_MAIN_CORRECT                       271666                         271666              

DFE_L0_WRONG_MAIN_WRONG                         353905                         353905              

DFE_L0_CORRECT_MAIN_WRONG                        88493                          88493              

DFE_L0_CORRECT_MAIN_CORRECT                   80974556                       80974556              

DFE_L0_WRONG_MAIN_CORRECT_RECOVERY_SCHEDULED             0                              0              

FTQ_SAW_BAR_FETCH_OFFPATH                            0                              0              

FTQ_SAW_BAR_FETCH_ONPATH                             6                              6              

DFE_CONF_0_RECOVER_AT_EXEC                           0         -nan%                0         -nan%
DFE_CONF_1_RECOVER_AT_EXEC                           0         -nan%                0         -nan%
DFE_CONF_2_RECOVER_AT_EXEC                           0         -nan%                0         -nan%
DFE_CONF_3_RECOVER_AT_EXEC                           0         -nan%                0         -nan%
DFE_CONF_0_CORRECT                                   0         -nan%                0         -nan%
DFE_CONF_1_CORRECT                                   0         -nan%                0         -nan%
DFE_CONF_2_CORRECT                                   0         -nan%                0         -nan%
DFE_CONF_3_CORRECT                                   0         -nan%                0         -nan%
                                                     0         -nan%                0         -nan%
                                                  -nan         -nan              -nan         -nan

DFE_ON_CONF_ON_OPS                                   0         -nan%                0         -nan%
DFE_ON_CONF_OFF_OPS                                  0         -nan%                0         -nan%
DFE_OFF_CONF_ON_OPS                                  0         -nan%                0         -nan%
DFE_OFF_CONF_OFF_REALISTIC_OPS                       0         -nan%                0         -nan%
DFE_OFF_CONF_OFF_PERFECT_OPS                         0         -nan%                0         -nan%
                                                     0         -nan%                0         -nan%
                                                  -nan         -nan              -nan         -nan

DFE_ON_CONF_ON_FETCH_TARGETS                         0         -nan%                0         -nan%
DFE_ON_CONF_OFF_FETCH_TARGETS                        0         -nan%                0         -nan%
DFE_OFF_CONF_ON_FETCH_TARGETS                        0         -nan%                0         -nan%
DFE_OFF_CONF_OFF_REALISTIC_FETCH_TARGETS             0         -nan%                0         -nan%
DFE_OFF_CONF_OFF_PERFECT_FETCH_TARGETS               0         -nan%                0         -nan%
                                                     0         -nan%                0         -nan%
                                                  -nan         -nan              -nan         -nan

DFE_ON_CONF_ON_CYCLES                                0         -nan%                0         -nan%
DFE_ON_CONF_OFF_CYCLES                               0         -nan%                0         -nan%
DFE_OFF_CONF_ON_CYCLES                               0         -nan%                0         -nan%
DFE_OFF_CONF_OFF_REALISTIC_CYCLES                    0         -nan%                0         -nan%
DFE_OFF_CONF_OFF_PERFECT_CYCLES                      0         -nan%                0         -nan%
                                                     0         -nan%                0         -nan%
                                                  -nan         -nan              -nan         -nan

DFE_OFF_CONF_ON_NUM_EVENTS                           0                              0              

DFE_OFF_CONF_ON_NOT_IDENTIFIED_EVENTS                0         -nan%                0         -nan%
DFE_OFF_CONF_ON_IBTB_MISS_EVENTS                     0         -nan%                0         -nan%
DFE_OFF_CONF_ON_BTB_MISS_EVENTS                      0         -nan%                0         -nan%
DFE_OFF_CONF_ON_BTB_MISS_RECOVER_AT_EXEC_EVENTS             0         -nan%                0         -nan%
DFE_OFF_CONF_ON_RECOVER_AT_EXEC_EVENTS               0         -nan%                0         -nan%
DFE_OFF_CONF_ON_RECOVER_AT_DECODE_EVENTS             0         -nan%                0         -nan%
                                                     0         -nan%                0         -nan%
                                                  -nan         -nan              -nan         -nan

DFE_OFF_CONF_ON_LATE_BTB_HIT_EVENTS                  0                              0              

DFE_OFF_CONF_ON_NOT_IDENTIFIED_CYCLES                0         -nan%                0         -nan%
DFE_OFF_CONF_ON_IBTB_MISS_CYCLES                     0         -nan%                0         -nan%
DFE_OFF_CONF_ON_BTB_MISS_CYCLES                      0         -nan%                0         -nan%
DFE_OFF_CONF_ON_BTB_MISS_RECOVER_AT_EXEC_CYCLES             0         -nan%                0         -nan%
DFE_OFF_CONF_ON_RECOVER_AT_EXEC_CYCLES               0         -nan%                0         -nan%
DFE_OFF_CONF_ON_RECOVER_AT_DECODE_CYCLES             0         -nan%                0         -nan%
                                                     0         -nan%                0         -nan%
                                                  -nan         -nan              -nan         -nan

DFE_OFF_CONF_ON_LATE_BTB_HIT_CYCLES                  0                              0              

DFE_OFF_CONF_ON_NOT_IDENTIFIED_FETCH_TARGETS             0         -nan%                0         -nan%
DFE_OFF_CONF_ON_IBTB_MISS_FETCH_TARGETS              0         -nan%                0         -nan%
DFE_OFF_CONF_ON_BTB_MISS_FETCH_TARGETS               0         -nan%                0         -nan%
DFE_OFF_CONF_ON_BTB_MISS_RECOVER_AT_EXEC_FETCH_TARGETS             0         -nan%                0         -nan%
DFE_OFF_CONF_ON_RECOVER_AT_EXEC_FETCH_TARGETS             0         -nan%                0         -nan%
DFE_OFF_CONF_ON_RECOVER_AT_DECODE_FETCH_TARGETS             0         -nan%                0         -nan%
                                                     0         -nan%                0         -nan%
                                                  -nan         -nan              -nan         -nan

DFE_OFF_CONF_ON_LATE_BTB_HIT_FETCH_TARGETS             0                              0              

DFE_OFF_CONF_ON_BP_INCORRECT_0_CONF                  0         -nan%                0         -nan%
DFE_OFF_CONF_ON_BP_INCORRECT_1_CONF                  0         -nan%                0         -nan%
DFE_OFF_CONF_ON_BP_INCORRECT_2_CONF                  0         -nan%                0         -nan%
DFE_OFF_CONF_ON_BP_INCORRECT_3_CONF                  0         -nan%                0         -nan%
                                                     0         -nan%                0         -nan%
                                                  -nan         -nan              -nan         -nan

DFE_OFF_CONF_ON_BTB_MISS_CBR_0_CONF                  0         -nan%                0         -nan%
DFE_OFF_CONF_ON_BTB_MISS_CBR_1_CONF                  0         -nan%                0         -nan%
DFE_OFF_CONF_ON_BTB_MISS_CBR_2_CONF                  0         -nan%                0         -nan%
DFE_OFF_CONF_ON_BTB_MISS_CBR_3_CONF                  0         -nan%                0         -nan%
                                                     0         -nan%                0         -nan%
                                                  -nan         -nan              -nan         -nan

DFE_OFF_CONF_ON_BTB_MISS_NOT_CF                      0         -nan%                0         -nan%
DFE_OFF_CONF_ON_BTB_MISS_CF_BR                       0         -nan%                0         -nan%
DFE_OFF_CONF_ON_BTB_MISS_CF_CBR                      0         -nan%                0         -nan%
DFE_OFF_CONF_ON_BTB_MISS_CF_CALL                     0         -nan%                0         -nan%
DFE_OFF_CONF_ON_BTB_MISS_CF_IBR                      0         -nan%                0         -nan%
DFE_OFF_CONF_ON_BTB_MISS_CF_ICALL                    0         -nan%                0         -nan%
DFE_OFF_CONF_ON_BTB_MISS_CF_ICO                      0         -nan%                0         -nan%
DFE_OFF_CONF_ON_BTB_MISS_CF_RET                      0         -nan%                0         -nan%
DFE_OFF_CONF_ON_BTB_MISS_CF_SYS                      0         -nan%                0         -nan%
                                                     0         -nan%                0         -nan%
                                                  -nan         -nan              -nan         -nan

DFE_ON_CONF_OFF_NUM_EVENTS                           0                              0              

CONF_BTB_NUM_CYCLES_OFF_PATH_EVENT                   0                              0              

DFE_ON_CONF_OFF_IBTB_MISS_BP_TAKEN                   0         -nan%                0         -nan%
DFE_ON_CONF_OFF_BTB_MISS_BP_TAKEN_CONF_0             0         -nan%                0         -nan%
DFE_ON_CONF_OFF_BTB_MISS_BP_TAKEN_CONF_1             0         -nan%                0         -nan%
DFE_ON_CONF_OFF_BTB_MISS_BP_TAKEN_CONF_2             0         -nan%                0         -nan%
DFE_ON_CONF_OFF_BTB_MISS_BP_TAKEN_CONF_3             0         -nan%                0         -nan%
DFE_ON_CONF_OFF_BTB_MISS_RATE                        0         -nan%                0         -nan%
DFE_ON_CONF_OFF_IBTB_MISS_RATE                       0         -nan%                0         -nan%
DFE_ON_CONF_OFF_RECOVER_AT_DECODE_RATE               0         -nan%                0         -nan%
DFE_ON_CONF_OFF_RECOVER_AT_EXEC_RATE                 0         -nan%                0         -nan%
DFE_ON_CONF_OFF_INV_CONF_INC                         0         -nan%                0         -nan%
DFE_ON_CONF_OFF_PERFECT_CONF                         0         -nan%                0         -nan%
                                                     0         -nan%                0         -nan%
                                                  -nan         -nan              -nan         -nan

DFE_ON_CONF_OFF_IBTB_MISS_BP_TAKEN_CYCLES             0         -nan%                0         -nan%
DFE_ON_CONF_OFF_BTB_MISS_BP_TAKEN_CONF_0_CYCLES             0         -nan%                0         -nan%
DFE_ON_CONF_OFF_BTB_MISS_BP_TAKEN_CONF_1_CYCLES             0         -nan%                0         -nan%
DFE_ON_CONF_OFF_BTB_MISS_BP_TAKEN_CONF_2_CYCLES             0         -nan%                0         -nan%
DFE_ON_CONF_OFF_BTB_MISS_BP_TAKEN_CONF_3_CYCLES             0         -nan%                0         -nan%
DFE_ON_CONF_OFF_BTB_MISS_RATE_CYCLES                 0         -nan%                0         -nan%
DFE_ON_CONF_OFF_IBTB_MISS_RATE_CYCLES                0         -nan%                0         -nan%
DFE_ON_CONF_OFF_RECOVER_AT_DECODE_RATE_CYCLES             0         -nan%                0         -nan%
DFE_ON_CONF_OFF_RECOVER_AT_EXEC_RATE_CYCLES             0         -nan%                0         -nan%
DFE_ON_CONF_OFF_INV_CONF_INC_CYCLES                  0         -nan%                0         -nan%
DFE_ON_CONF_OFF_PERFECT_CONF_CYCLES                  0         -nan%                0         -nan%
                                                     0         -nan%                0         -nan%
                                                  -nan         -nan              -nan         -nan

DFE_ON_CONF_OFF_IBTB_MISS_BP_TAKEN_FETCH_TARGETS             0         -nan%                0         -nan%
DFE_ON_CONF_OFF_BTB_MISS_BP_TAKEN_CONF_0_FETCH_TARGETS             0         -nan%                0         -nan%
DFE_ON_CONF_OFF_BTB_MISS_BP_TAKEN_CONF_1_FETCH_TARGETS             0         -nan%                0         -nan%
DFE_ON_CONF_OFF_BTB_MISS_BP_TAKEN_CONF_2_FETCH_TARGETS             0         -nan%                0         -nan%
DFE_ON_CONF_OFF_BTB_MISS_BP_TAKEN_CONF_3_FETCH_TARGETS             0         -nan%                0         -nan%
DFE_ON_CONF_OFF_BTB_MISS_RATE_FETCH_TARGETS             0         -nan%                0         -nan%
DFE_ON_CONF_OFF_IBTB_MISS_RATE_FETCH_TARGETS             0         -nan%                0         -nan%
DFE_ON_CONF_OFF_RECOVER_AT_DECODE_RATE_FETCH_TARGETS             0         -nan%                0         -nan%
DFE_ON_CONF_OFF_RECOVER_AT_EXEC_RATE_FETCH_TARGETS             0         -nan%                0         -nan%
DFE_ON_CONF_OFF_INV_CONF_INC_FETCH_TARGETS             0         -nan%                0         -nan%
DFE_ON_CONF_OFF_PERFECT_CONF_FETCH_TARGETS             0         -nan%                0         -nan%
                                                     0         -nan%                0         -nan%
                                                  -nan         -nan              -nan         -nan

CONF_OFF_IBTB_MISS_BP_TAKEN                          0         -nan%                0         -nan%
CONF_OFF_BTB_MISS_BP_TAKEN_CONF_0                    0         -nan%                0         -nan%
CONF_OFF_BTB_MISS_BP_TAKEN_CONF_1                    0         -nan%                0         -nan%
CONF_OFF_BTB_MISS_BP_TAKEN_CONF_2                    0         -nan%                0         -nan%
CONF_OFF_BTB_MISS_BP_TAKEN_CONF_3                    0         -nan%                0         -nan%
CONF_OFF_BTB_MISS_RATE                               0         -nan%                0         -nan%
CONF_OFF_IBTB_MISS_RATE                              0         -nan%                0         -nan%
CONF_OFF_RECOVER_AT_DECODE_RATE                      0         -nan%                0         -nan%
CONF_OFF_RECOVER_AT_EXEC_RATE                        0         -nan%                0         -nan%
CONF_OFF_INV_CONF_INC                                0         -nan%                0         -nan%
CONF_OFF_PERFECT_CONF                                0         -nan%                0         -nan%
                                                     0         -nan%                0         -nan%
                                                  -nan         -nan              -nan         -nan

TOPDOWN_TOTAL_SLOTS                          515542950                      515542950              

TOPDOWN_ISSUED_SLOTS                         127298716                      127298716              

TOPDOWN_RETIRED_SLOTS                         81688620                       81688620              

TOPDOWN_FETCH_BUBBLES_SLOTS                   69144690                       69144690              

TOPDOWN_RECOVERY_BUBBLES_SLOTS                 7086077                        7086077              

TOPDOWN_MEM_LOAD_STALLS_CYCLES                51600630                       51600630              

TOPDOWN_MEM_STORE_STALLS_CYCLES                   2598                           2598              

TOPDOWN_EXEC_STALLS_CYCLES                    45209446                       45209446              

TOPDOWN_BACKEND_STALLS_CYCLES                 51766684                       51766684              

TOPDOWN_FETCH_BUBBLES_GT_MIW_CYCLES            1786127                        1786127              

TOPDOWN_BR_RECOVER_AT_EXEC_RETIRED_CYCLES        442297                         442297              

TOPDOWN_MACHINE_CLEAR_CYCLES                    714064                         714064              

TOPDOWN_FRONTEND_BOUND                            1341                           1341              

TOPDOWN_BACKEND_BOUND                             6053                           6053              

TOPDOWN_BAD_SPEC_BOUND                            1022                           1022              

TOPDOWN_RETIRING_BOUND                            1584                           1584              

TOPDOWN_FETCH_LATENCY_BOUND                        207                            207              

TOPDOWN_FETCH_BANDWIDTH_BOUND                     1134                           1134              

TOPDOWN_MEM_BOUND                                 6033                           6033              

TOPDOWN_CORE_BOUND                                  20                             20              

TOPDOWN_BR_RECOVER_AT_EXEC_BOUND                   390                            390              

TOPDOWN_MACHINE_CLEARS_BOUND                       632                            632              

H2P_SEEN_MAIN                                   708140                         708140              



