/* -*- Mode: c -*- */
####################################################################################################
Core 0
####################################################################################################
Cumulative:        Cycles: 71419333              Instructions: 89999999              IPC: 1.26016

Periodic:          Cycles: 71419333              Instructions: 89999999              IPC: 1.26016

EXECUTION_TIME                           22318541562500                  22318541562500              

SIM_HOST_WALL_SECONDS                      1173.741727                    1173.741727              

NODE_CYCLE                                    71419333                       71419333              

NODE_INST_COUNT                               90000077                       90000077              

NODE_INST_COUNT_FETCHED                       89999999                       89999999              

NODE_UOP_COUNT                                96047636                       96047636              

EXEC_STAGE_NO_ISSUE_STALL_CYCLE               21581720                       21581720              

EXEC_STAGE_NO_ISSUE_STALL_CYCLE_ONPATH        21530840                       21530840              

FULL_WINDOW_STALL                                 6572        0.009%             6572        0.009%

FULL_WINDOW_MEM_OP                                6284       96.975%             6284       96.975%
FULL_WINDOW_FP_OP                                    0        0.000%                0        0.000%
FULL_WINDOW_OTHER_OP                               196        3.025%              196        3.025%
                                                  6480      100.000%             6480      100.000%
                                                  0.06         0.34              0.06         0.34

RET_BLOCKED_DC_MISS                           12571769       17.603%         12571769       17.603%

RET_BLOCKED_L1_MISS                             536719        0.752%           536719        0.752%

RET_BLOCKED_L1_MISS_BW_PREF                      61621        0.086%            61621        0.086%

RET_BLOCKED_L1_ACCESS                         12465714       17.454%         12465714       17.454%

RET_BLOCKED_MEM_STALL                         25833251       36.171%         25833251       36.171%

RET_BLOCKED_OFFCHIP_DEMAND                           0        0.000%                0        0.000%

OP_ISSUED                                     94767077                       94767077              

OP_RETIRED                                    96047636                       96047636              

OP_MACRO_FUSION_ONPATH                        18555401                       18555401              

OP_MACRO_FUSION_OFFPATH                          45249                          45249              

REPLAY_SIGNALED                                      0                              0              

REPLAY_COUNTED                                       0                              0              

OFF_CRITICAL_PATH                                    0         -nan%                0         -nan%
ON_CRITICAL_PATH                                     0         -nan%                0         -nan%
                                                     0         -nan%                0         -nan%
                                                  -nan         -nan              -nan         -nan

LD_NO_DEPENDENTS                                799558        8.970%           799558        8.970%
LD_DEPENDENTS                                  8114197       91.030%          8114197       91.030%
                                               8913755      100.000%          8913755      100.000%
                                                  0.91         0.87              0.91         0.87

LD_EXEC_CYCLES_0                                     0        0.000%                0        0.000%
LD_EXEC_CYCLES_1                                     0        0.000%                0        0.000%
LD_EXEC_CYCLES_2                                     0        0.000%                0        0.000%
LD_EXEC_CYCLES_3                                   357       43.064%              357       43.064%
LD_EXEC_CYCLES_4                                   472       56.936%              472       56.936%
                                                   829      100.000%              829      100.000%
                                                  3.57         2.74              3.57         2.74

ICACHE_STAGE_STARVED                           1127411        1.582%          1127411        1.582%
ICACHE_STAGE_NOT_STARVED                      70141920       98.418%         70141920       98.418%
                                              71269331      100.000%         71269331      100.000%
                                                  0.98         0.98              0.98         0.98

ICACHE_STAGE_STALLED                          48040515       67.265%         48040515       67.265%
ICACHE_STAGE_NOT_STALLED                      23228816       32.525%         23228816       32.525%
ICACHE_STAGE_OFF_PATH                           150002        0.210%           150002        0.210%
                                              71419333      100.000%         71419333      100.000%
                                                  0.33         0.39              0.33         0.39

DECODE_STAGE_STARVED                          69697987       97.657%         69697987       97.657%
DECODE_STAGE_NOT_STARVED                       1671976        2.343%          1671976        2.343%
                                              71369963      100.000%         71369963      100.000%
                                                  0.02         0.15              0.02         0.15

DECODE_STAGE_STALLED                           1311300        1.836%          1311300        1.836%
DECODE_STAGE_NOT_STALLED                      70058663       98.095%         70058663       98.095%
DECODE_STAGE_OFF_PATH                            49370        0.069%            49370        0.069%
                                              71419333      100.000%         71419333      100.000%
                                                  0.98         0.04              0.98         0.04

UOPQ_STAGE_STARVED                             2830652       12.190%          2830652       12.190%
UOPQ_STAGE_NOT_STARVED                        20391339       87.810%         20391339       87.810%
                                              23221991      100.000%         23221991      100.000%
                                                  0.88         0.83              0.88         0.83

UOPQ_STAGE_STALLED                            48081486       67.323%         48081486       67.323%
UOPQ_STAGE_NOT_STALLED                        23221991       32.515%         23221991       32.515%
UOPQ_STAGE_OFF_PATH                             115856        0.162%           115856        0.162%
                                              71419333      100.000%         71419333      100.000%
                                                  0.33         0.39              0.33         0.39

RS_OP_READY_NOT_ISSUED_TOTAL                 720659683                      720659683              

RS_0_OP_READY_NOT_ISSUED                      49937075                       49937075              

RS_1_OP_READY_NOT_ISSUED                        368498                         368498              

RS_2_OP_READY_NOT_ISSUED                     670354110                      670354110              

RS_3_OP_READY_NOT_ISSUED                             0                              0              

RS_4_OP_READY_NOT_ISSUED                             0                              0              

RS_5_OP_READY_NOT_ISSUED                             0                              0              

RS_6_OP_READY_NOT_ISSUED                             0                              0              

RS_7_OP_READY_NOT_ISSUED                             0                              0              

RS_7_PLUS_OP_READY_NOT_ISSUED                        0                              0              

FU_IDLE_NO_READY_OPS_TOTAL                   469766606                      469766606              

FU_0_IDLE_NO_READY_OPS                        50371501                       50371501              

FU_1_IDLE_NO_READY_OPS                        52410816                       52410816              

FU_2_IDLE_NO_READY_OPS                        61173541                       61173541              

FU_3_IDLE_NO_READY_OPS                        61160440                       61160440              

FU_4_IDLE_NO_READY_OPS                        52633536                       52633536              

FU_5_IDLE_NO_READY_OPS                        50197981                       50197981              

FU_6_IDLE_NO_READY_OPS                        14081538                       14081538              

FU_7_IDLE_NO_READY_OPS                        14106989                       14106989              

FU_8_IDLE_NO_READY_OPS                        52483359                       52483359              

FU_9_IDLE_NO_READY_OPS                        61146905                       61146905              

FU_10_IDLE_NO_READY_OPS                              0                              0              

FU_11_IDLE_NO_READY_OPS                              0                              0              

FU_12_IDLE_NO_READY_OPS                              0                              0              

FU_13_IDLE_NO_READY_OPS                              0                              0              

FU_14_IDLE_NO_READY_OPS                              0                              0              

FU_15_IDLE_NO_READY_OPS                              0                              0              

FU_16_IDLE_NO_READY_OPS                              0                              0              

FU_17_IDLE_NO_READY_OPS                              0                              0              

FU_18_IDLE_NO_READY_OPS                              0                              0              

FU_19_IDLE_NO_READY_OPS                              0                              0              

FU_20_IDLE_NO_READY_OPS                              0                              0              

FU_21_IDLE_NO_READY_OPS                              0                              0              

FU_22_IDLE_NO_READY_OPS                              0                              0              

FU_23_IDLE_NO_READY_OPS                              0                              0              

FU_24_IDLE_NO_READY_OPS                              0                              0              

FU_25_IDLE_NO_READY_OPS                              0                              0              

FU_26_IDLE_NO_READY_OPS                              0                              0              

FU_27_IDLE_NO_READY_OPS                              0                              0              

FU_28_IDLE_NO_READY_OPS                              0                              0              

FU_29_IDLE_NO_READY_OPS                              0                              0              

FU_30_IDLE_NO_READY_OPS                              0                              0              

FU_31_IDLE_NO_READY_OPS                              0                              0              

FU_31_PLUS_IDLE_NO_READY_OPS                         0                              0              

MAP_STAGE_STARVED                                66873        0.116%            66873        0.116%
MAP_STAGE_NOT_STARVED                         57427307       99.884%         57427307       99.884%
                                              57494180      100.000%         57494180      100.000%
                                                  1.00         1.00              1.00         1.00

MAP_STAGE_STALLED                             41409433       71.929%         41409433       71.929%
MAP_STAGE_NOT_STALLED                         16084747       27.939%         16084747       27.939%
MAP_STAGE_OFF_PATH                               76014        0.132%            76014        0.132%
                                              57570194      100.000%         57570194      100.000%
                                                  0.28         0.38              0.28         0.38

MAP_STAGE_STALL_ITSELF                        13849139       19.391%         13849139       19.391%
MAP_STAGE_NOT_STALL_ITSELF                    57570194       80.609%         57570194       80.609%
                                              71419333      100.000%         71419333      100.000%
                                                  0.81         0.74              0.81         0.74

MAP_STAGE_LATE_ALLOCATE_SEND_BACK                    0                              0              

MAP_STAGE_RENAME_OP_ONPATH                    96047636                       96047636              

MAP_STAGE_RENAME_OP_OFFPATH                     329953                         329953              

MAP_STAGE_RENAME_INT_REG_ONPATH               71277062                       71277062              

MAP_STAGE_RENAME_INT_REG_OFFPATH                232838                         232838              

MAP_STAGE_RENAME_VEC_REG_ONPATH                 670427                         670427              

MAP_STAGE_RENAME_VEC_REG_OFFPATH                  3116                           3116              

MAP_STAGE_RENAME_MOVE_ELIM_ONPATH                    0                              0              

MAP_STAGE_RENAME_MOVE_ELIM_OFFPATH                   0                              0              

MAP_STAGE_ONPATH_INT_REG_NUM_ALLOC            71277043                       71277043              

MAP_STAGE_ONPATH_VEC_REG_NUM_ALLOC              670416                         670416              

MAP_STAGE_ONPATH_INT_REG_NUM_SHORTLIVE        29478951                       29478951              

MAP_STAGE_ONPATH_VEC_REG_NUM_SHORTLIVE          243544                         243544              

MAP_STAGE_ONPATH_INT_REG_USE_COUNT_0          16971123                       16971123              

MAP_STAGE_ONPATH_VEC_REG_USE_COUNT_0            227101                         227101              

MAP_STAGE_ONPATH_INT_REG_USE_COUNT_1          33928690                       33928690              

MAP_STAGE_ONPATH_VEC_REG_USE_COUNT_1            393053                         393053              

MAP_STAGE_ONPATH_INT_REG_USE_COUNT_2           9234342                        9234342              

MAP_STAGE_ONPATH_VEC_REG_USE_COUNT_2              4841                           4841              

MAP_STAGE_ONPATH_INT_REG_USE_COUNT_3           6046027                        6046027              

MAP_STAGE_ONPATH_VEC_REG_USE_COUNT_3                24                             24              

MAP_STAGE_ONPATH_INT_REG_USE_COUNT_4           2360125                        2360125              

MAP_STAGE_ONPATH_VEC_REG_USE_COUNT_4             45393                          45393              

MAP_STAGE_ONPATH_INT_REG_USE_COUNT_5            353643                         353643              

MAP_STAGE_ONPATH_VEC_REG_USE_COUNT_5                 1                              1              

MAP_STAGE_ONPATH_INT_REG_USE_COUNT_6           1951267                        1951267              

MAP_STAGE_ONPATH_VEC_REG_USE_COUNT_6                 0                              0              

MAP_STAGE_ONPATH_INT_REG_USE_COUNT_7_PLUS        431826                         431826              

MAP_STAGE_ONPATH_VEC_REG_USE_COUNT_7_PLUS             3                              3              

MAP_STAGE_ONPATH_INT_REG_CONSUME_DIST_0              0        0.0000                0        0.0000

MAP_STAGE_ONPATH_VEC_REG_CONSUME_DIST_0              0        0.0000                0        0.0000

MAP_STAGE_ONPATH_INT_REG_CONSUME_DIST_1              0        0.0000                0        0.0000

MAP_STAGE_ONPATH_VEC_REG_CONSUME_DIST_1              0        0.0000                0        0.0000

MAP_STAGE_ONPATH_INT_REG_CONSUME_DIST_2      130057358       14.0841        130057358       14.0841

MAP_STAGE_ONPATH_VEC_REG_CONSUME_DIST_2          29786        6.1529            29786        6.1529

MAP_STAGE_ONPATH_INT_REG_CONSUME_DIST_3      355277427       58.7621        355277427       58.7621

MAP_STAGE_ONPATH_VEC_REG_CONSUME_DIST_3             24        1.0000               24        1.0000

MAP_STAGE_ONPATH_INT_REG_CONSUME_DIST_4       88906765       37.6704         88906765       37.6704

MAP_STAGE_ONPATH_VEC_REG_CONSUME_DIST_4          45404        1.0002            45404        1.0002

MAP_STAGE_ONPATH_INT_REG_CONSUME_DIST_5        9934322       28.0914          9934322       28.0914

MAP_STAGE_ONPATH_VEC_REG_CONSUME_DIST_5              4        4.0000                4        4.0000

MAP_STAGE_ONPATH_INT_REG_CONSUME_DIST_6      170867244       87.5673        170867244       87.5673

MAP_STAGE_ONPATH_VEC_REG_CONSUME_DIST_6              0          -nan                0          -nan

MAP_STAGE_ONPATH_INT_REG_CONSUME_DIST_7_PLUS     571689400     1323.8883        571689400     1323.8883

MAP_STAGE_ONPATH_VEC_REG_CONSUME_DIST_7_PLUS      60915316 20305105.3333         60915316 20305105.3333

MAP_STAGE_INT_REG_ISSUE_READ_TOTAL_CONSUMED     117637581        5.4508        117637581        5.4508

MAP_STAGE_VEC_REG_ISSUE_READ_TOTAL_CONSUMED       7066244        0.3274          7066244        0.3274

MAP_STAGE_INT_REG_ISSUE_READ_MULTI_CONSUMED      63269223        2.9316         63269223        2.9316

MAP_STAGE_VEC_REG_ISSUE_READ_MULTI_CONSUMED       6622548        0.3069          6622548        0.3069

MAP_STAGE_INT_REG_ISSUE_READ_SAME_CYCLE_CONSUMED      21193618        0.9820         21193618        0.9820

MAP_STAGE_VEC_REG_ISSUE_READ_SAME_CYCLE_CONSUMED       1860185        0.0862          1860185        0.0862

MAP_STAGE_INT_REG_ISSUE_READ_TOTAL_CONSUMED_ONPATH     117510409        5.4578        117510409        5.4578

MAP_STAGE_VEC_REG_ISSUE_READ_TOTAL_CONSUMED_ONPATH       7065796        0.3282          7065796        0.3282

MAP_STAGE_INT_REG_ISSUE_READ_MULTI_CONSUMED_ONPATH      63204462        2.9355         63204462        2.9355

MAP_STAGE_VEC_REG_ISSUE_READ_MULTI_CONSUMED_ONPATH       6622470        0.3076          6622470        0.3076

MAP_STAGE_INT_REG_ISSUE_READ_SAME_CYCLE_CONSUMED_ONPATH      21163331        0.9829         21163331        0.9829

MAP_STAGE_VEC_REG_ISSUE_READ_SAME_CYCLE_CONSUMED_ONPATH       1860173        0.0864          1860173        0.0864

MAP_STAGE_ONPATH_INT_REG_LIFECYCLE_EMPTY   10886328259                    10886328259              

MAP_STAGE_ONPATH_VEC_REG_LIFECYCLE_EMPTY      37436561                       37436561              

MAP_STAGE_ONPATH_INT_REG_LIFECYCLE_IN_USE   13865494180                    13865494180              

MAP_STAGE_ONPATH_VEC_REG_LIFECYCLE_IN_USE     181528937                      181528937              

MAP_STAGE_ONPATH_INT_REG_LIFECYCLE_SPEC_RELEASE   17397568300                    17397568300              

MAP_STAGE_ONPATH_VEC_REG_LIFECYCLE_SPEC_RELEASE     345717893                      345717893              

MAP_STAGE_ONPATH_INT_REG_LIFECYCLE_NONSPEC_RELEASE   17397568300                    17397568300              

MAP_STAGE_ONPATH_VEC_REG_LIFECYCLE_NONSPEC_RELEASE     345717893                      345717893              

MAP_STAGE_ONPATH_INT_REG_LIFECYCLE_TOTAL   17397568300                    17397568300              

MAP_STAGE_ONPATH_VEC_REG_LIFECYCLE_TOTAL     345717893                      345717893              

MAP_STAGE_ONPATH_INT_REG_NUM_NONBRANCH        71277043                       71277043              

MAP_STAGE_ONPATH_VEC_REG_NUM_NONBRANCH          670416                         670416              

MAP_STAGE_ONPATH_INT_REG_NUM_NONEXCEPT        71277043                       71277043              

MAP_STAGE_ONPATH_VEC_REG_NUM_NONEXCEPT          670416                         670416              

MAP_STAGE_ONPATH_INT_REG_NUM_ATOMIC           71277043                       71277043              

MAP_STAGE_ONPATH_VEC_REG_NUM_ATOMIC             670416                         670416              

MAP_STAGE_ONPATH_INT_REG_ATOMIC_REDEFINED_DIST_TOTAL   17397568300      244.0838      17397568300      244.0838

MAP_STAGE_ONPATH_VEC_REG_ATOMIC_REDEFINED_DIST_TOTAL     345717893      515.6767        345717893      515.6767

MAP_STAGE_ONPATH_INT_REG_ATOMIC_CONSUMED_DIST_TOTAL   13865494180      194.5296      13865494180      194.5296

MAP_STAGE_ONPATH_VEC_REG_ATOMIC_CONSUMED_DIST_TOTAL     181528937      270.7706        181528937      270.7706

MAP_STAGE_ONPATH_INT_REG_ATOMIC_RELEASE_DIST_TOTAL   17397568300      244.0838      17397568300      244.0838

MAP_STAGE_ONPATH_VEC_REG_ATOMIC_RELEASE_DIST_TOTAL     345717893      515.6767        345717893      515.6767

EXEC_STAGE_STARVED                            19228859       26.924%         19228859       26.924%
EXEC_STAGE_NOT_STARVED                        52122848       72.981%         52122848       72.981%
EXEC_STAGE_OFF_PATH                              67626        0.095%            67626        0.095%
                                              71419333      100.000%         71419333      100.000%
                                                  0.73         0.23              0.73         0.23

FU_BUSY_0                                     16193943                       16193943              

FU_BUSY_1                                     13848754                       13848754              

FU_BUSY_2                                      5575009                        5575009              

FU_BUSY_3                                      5581117                        5581117              

FU_BUSY_4                                     12630973                       12630973              

FU_BUSY_5                                     16993668                       16993668              

FU_BUSY_6                                     54872670                       54872670              

FU_BUSY_7                                     54832040                       54832040              

FU_BUSY_8                                     12989910                       12989910              

FU_BUSY_9                                      5601363                        5601363              

FU_BUSY_10                                           0                              0              

FU_BUSY_11                                           0                              0              

FU_BUSY_12                                           0                              0              

FU_BUSY_13                                           0                              0              

FU_BUSY_14                                           0                              0              

FU_BUSY_15                                           0                              0              

FU_BUSY_16                                           0                              0              

FU_BUSY_17                                           0                              0              

FU_BUSY_18                                           0                              0              

FU_BUSY_19                                           0                              0              

FU_BUSY_20                                           0                              0              

FU_BUSY_21                                           0                              0              

FU_BUSY_22                                           0                              0              

FU_BUSY_23                                           0                              0              

FU_BUSY_24                                           0                              0              

FU_BUSY_25                                           0                              0              

FU_BUSY_26                                           0                              0              

FU_BUSY_27                                           0                              0              

FU_BUSY_28                                           0                              0              

FU_BUSY_29                                           0                              0              

FU_BUSY_30                                           0                              0              

FU_BUSY_31                                           0                              0              

FU_REJECTED_OP_INV_NOT_SIMD                          0        0.000%                0        0.000%
FU_REJECTED_OP_NOP_NOT_SIMD                      11763        0.013%            11763        0.013%
FU_REJECTED_OP_CF_NOT_SIMD                          56        0.000%               56        0.000%
FU_REJECTED_OP_MOV_NOT_SIMD                     208457        0.226%           208457        0.226%
FU_REJECTED_OP_CMOV_NOT_SIMD                         1        0.000%                1        0.000%
FU_REJECTED_OP_LDA_NOT_SIMD                      95908        0.104%            95908        0.104%
FU_REJECTED_OP_IMEM_NOT_SIMD                    103698        0.112%           103698        0.112%
FU_REJECTED_OP_IADD_NOT_SIMD                  34973302       37.935%         34973302       37.935%
FU_REJECTED_OP_IMUL_NOT_SIMD                    359998        0.390%           359998        0.390%
FU_REJECTED_OP_IDIV_NOT_SIMD                        27        0.000%               27        0.000%
FU_REJECTED_OP_ICMP_NOT_SIMD                        14        0.000%               14        0.000%
FU_REJECTED_OP_LOGIC_NOT_SIMD                    86508        0.094%            86508        0.094%
FU_REJECTED_OP_SHIFT_NOT_SIMD                   330637        0.359%           330637        0.359%
FU_REJECTED_OP_FMEM_NOT_SIMD                         4        0.000%                4        0.000%
FU_REJECTED_OP_FCVT_NOT_SIMD                         0        0.000%                0        0.000%
FU_REJECTED_OP_FADD_NOT_SIMD                         0        0.000%                0        0.000%
FU_REJECTED_OP_FMUL_NOT_SIMD                         0        0.000%                0        0.000%
FU_REJECTED_OP_FMA_NOT_SIMD                          0        0.000%                0        0.000%
FU_REJECTED_OP_FDIV_NOT_SIMD                         0        0.000%                0        0.000%
FU_REJECTED_OP_FCMP_NOT_SIMD                         0        0.000%                0        0.000%
FU_REJECTED_OP_FCMOV_NOT_SIMD                        0        0.000%                0        0.000%
FU_REJECTED_OP_GATHER_NOT_SIMD                       0        0.000%                0        0.000%
FU_REJECTED_OP_SCATTER_NOT_SIMD                      0        0.000%                0        0.000%
FU_REJECTED_OP_PIPELINED_FAST_NOT_SIMD               0        0.000%                0        0.000%
FU_REJECTED_OP_PIPELINED_MEDIUM_NOT_SIMD             0        0.000%                0        0.000%
FU_REJECTED_OP_PIPELINED_SLOW_NOT_SIMD               0        0.000%                0        0.000%
FU_REJECTED_OP_NOTPIPELINED_MEDIUM_NOT_SIMD             0        0.000%                0        0.000%
FU_REJECTED_OP_NOTPIPELINED_SLOW_NOT_SIMD             0        0.000%                0        0.000%
FU_REJECTED_OP_NOTPIPELINED_VERY_SLOW_NOT_SIMD             0        0.000%                0        0.000%
FU_REJECTED_OP_INV_SIMD                              0        0.000%                0        0.000%
FU_REJECTED_OP_NOP_SIMD                           3622        0.004%             3622        0.004%
FU_REJECTED_OP_CF_SIMD                               0        0.000%                0        0.000%
FU_REJECTED_OP_MOV_SIMD                             29        0.000%               29        0.000%
FU_REJECTED_OP_CMOV_SIMD                             0        0.000%                0        0.000%
FU_REJECTED_OP_LDA_SIMD                              0        0.000%                0        0.000%
FU_REJECTED_OP_IMEM_SIMD                             0        0.000%                0        0.000%
FU_REJECTED_OP_IADD_SIMD                             0        0.000%                0        0.000%
FU_REJECTED_OP_IMUL_SIMD                             0        0.000%                0        0.000%
FU_REJECTED_OP_IDIV_SIMD                             0        0.000%                0        0.000%
FU_REJECTED_OP_ICMP_SIMD                             0        0.000%                0        0.000%
FU_REJECTED_OP_LOGIC_SIMD                            0        0.000%                0        0.000%
FU_REJECTED_OP_SHIFT_SIMD                            1        0.000%                1        0.000%
FU_REJECTED_OP_FMEM_SIMD                             0        0.000%                0        0.000%
FU_REJECTED_OP_FCVT_SIMD                           636        0.001%              636        0.001%
FU_REJECTED_OP_FADD_SIMD                      56016929       60.761%         56016929       60.761%
FU_REJECTED_OP_FMUL_SIMD                             0        0.000%                0        0.000%
FU_REJECTED_OP_FMA_SIMD                              0        0.000%                0        0.000%
FU_REJECTED_OP_FDIV_SIMD                             0        0.000%                0        0.000%
FU_REJECTED_OP_FCMP_SIMD                             0        0.000%                0        0.000%
FU_REJECTED_OP_FCMOV_SIMD                            0        0.000%                0        0.000%
FU_REJECTED_OP_GATHER_SIMD                           0        0.000%                0        0.000%
FU_REJECTED_OP_SCATTER_SIMD                          0        0.000%                0        0.000%
FU_REJECTED_OP_PIPELINED_FAST_SIMD                   0        0.000%                0        0.000%
FU_REJECTED_OP_PIPELINED_MEDIUM_SIMD                 0        0.000%                0        0.000%
FU_REJECTED_OP_PIPELINED_SLOW_SIMD                   0        0.000%                0        0.000%
FU_REJECTED_OP_NOTPIPELINED_MEDIUM_SIMD              0        0.000%                0        0.000%
FU_REJECTED_OP_NOTPIPELINED_SLOW_SIMD                0        0.000%                0        0.000%
FU_REJECTED_OP_NOTPIPELINED_VERY_SLOW_SIMD             0        0.000%                0        0.000%
                                              92191590      100.000%         92191590      100.000%
                                                 29.50        18.05             29.50        18.05

LSQ_FULL_TOTAL                                51985323                       51985323              

LSQ_FULL_LOAD_QUEUE                                  0                              0              

LSQ_FULL_STORE_QUEUE                          51985323                       51985323              

OP_WAIT_0                                     60514098                       60514098              

OP_WAIT_1                                      8467025                        8467025              

OP_WAIT_2                                      2506328                        2506328              

OP_WAIT_3                                      1730259                        1730259              

OP_WAIT_4                                      1616511                        1616511              

OP_WAIT_5                                       820134                         820134              

OP_WAIT_6                                       654777                         654777              

OP_WAIT_7                                       626818                         626818              

OP_WAIT_8                                       667304                         667304              

OP_WAIT_9                                       534322                         534322              

OP_WAIT_10                                      329709                         329709              

OP_WAIT_11                                      274163                         274163              

OP_WAIT_12                                      253164                         253164              

OP_WAIT_13                                      331757                         331757              

OP_WAIT_14                                      316085                         316085              

OP_WAIT_15                                      275625                         275625              

OP_WAIT_16                                      248711                         248711              

OP_WAIT_17                                      279485                         279485              

OP_WAIT_18                                      212145                         212145              

OP_WAIT_19                                      201468                         201468              

OP_WAIT_20                                      240287                         240287              

OP_WAIT_21                                      206149                         206149              

OP_WAIT_22                                      180015                         180015              

OP_WAIT_23                                      255594                         255594              

OP_WAIT_24                                      200687                         200687              

OP_WAIT_25                                      153352                         153352              

OP_WAIT_26                                      161684                         161684              

OP_WAIT_27                                      181895                         181895              

OP_WAIT_28                                      140627                         140627              

OP_WAIT_29                                      120855                         120855              

OP_WAIT_30                                      133006                         133006              

OP_WAIT_31                                    13213597                       13213597              

ROW_SIZE_0                                    56998371                       56998371              

ROW_SIZE_1                                     1336627                        1336627              

ROW_SIZE_2                                      143955                         143955              

ROW_SIZE_3                                      603975                         603975              

ROW_SIZE_4                                     1003457                        1003457              

ROW_SIZE_5                                      281934                         281934              

ROW_SIZE_6                                      277822                         277822              

ROW_SIZE_7                                      256160                         256160              

ROW_SIZE_8                                    10465953                       10465953              

ROW_SIZE_9                                           0                              0              

ROW_SIZE_10                                          0                              0              

ROW_SIZE_11                                          0                              0              

ROW_SIZE_12                                          0                              0              

ROW_SIZE_13                                          0                              0              

ROW_SIZE_14                                          0                              0              

ROW_SIZE_15                                          0                              0              

ROW_SIZE_16                                          0                              0              

ROW_SIZE_17                                          0                              0              

ROW_SIZE_18                                          0                              0              

ROW_SIZE_19                                          0                              0              

ROW_SIZE_20                                          0                              0              

ROW_SIZE_21                                          0                              0              

ROW_SIZE_22                                          0                              0              

ROW_SIZE_23                                          0                              0              

ROW_SIZE_24                                          0                              0              

ROW_SIZE_25                                          0                              0              

ROW_SIZE_26                                          0                              0              

ROW_SIZE_27                                          0                              0              

ROW_SIZE_28                                          0                              0              

ROW_SIZE_29                                          0                              0              

ROW_SIZE_30                                          0                              0              

ROW_SIZE_31                                          0                              0              

RET_OP_EXEC_COUNT_0                            1434947        1.494%          1434947        1.494%
RET_OP_EXEC_COUNT_1                           94612689       98.506%         94612689       98.506%
RET_OP_EXEC_COUNT_2                                  0        0.000%                0        0.000%
RET_OP_EXEC_COUNT_3                                  0        0.000%                0        0.000%
RET_OP_EXEC_COUNT_4                                  0        0.000%                0        0.000%
RET_OP_EXEC_COUNT_5                                  0        0.000%                0        0.000%
RET_OP_EXEC_COUNT_6                                  0        0.000%                0        0.000%
RET_OP_EXEC_COUNT_7                                  0        0.000%                0        0.000%
RET_OP_EXEC_COUNT_8                                  0        0.000%                0        0.000%
RET_OP_EXEC_COUNT_9                                  0        0.000%                0        0.000%
RET_OP_EXEC_COUNT_10                                 0        0.000%                0        0.000%
RET_OP_EXEC_COUNT_11                                 0        0.000%                0        0.000%
RET_OP_EXEC_COUNT_12                                 0        0.000%                0        0.000%
RET_OP_EXEC_COUNT_13                                 0        0.000%                0        0.000%
RET_OP_EXEC_COUNT_14                                 0        0.000%                0        0.000%
RET_OP_EXEC_COUNT_15                                 0        0.000%                0        0.000%
RET_OP_EXEC_COUNT_16                                 0        0.000%                0        0.000%
RET_OP_EXEC_COUNT_17                                 0        0.000%                0        0.000%
RET_OP_EXEC_COUNT_18                                 0        0.000%                0        0.000%
RET_OP_EXEC_COUNT_19                                 0        0.000%                0        0.000%
RET_OP_EXEC_COUNT_20                                 0        0.000%                0        0.000%
RET_OP_EXEC_COUNT_21                                 0        0.000%                0        0.000%
RET_OP_EXEC_COUNT_22                                 0        0.000%                0        0.000%
RET_OP_EXEC_COUNT_23                                 0        0.000%                0        0.000%
RET_OP_EXEC_COUNT_24                                 0        0.000%                0        0.000%
RET_OP_EXEC_COUNT_25                                 0        0.000%                0        0.000%
RET_OP_EXEC_COUNT_26                                 0        0.000%                0        0.000%
RET_OP_EXEC_COUNT_27                                 0        0.000%                0        0.000%
RET_OP_EXEC_COUNT_28                                 0        0.000%                0        0.000%
RET_OP_EXEC_COUNT_29                                 0        0.000%                0        0.000%
RET_OP_EXEC_COUNT_30                                 0        0.000%                0        0.000%
RET_OP_EXEC_COUNT_31                                 0        0.000%                0        0.000%
RET_OP_EXEC_COUNT_32                                 0        0.000%                0        0.000%
                                              96047636      100.000%         96047636      100.000%
                                                  0.99         0.01              0.99         0.01

RET_STALL_LENGTH_0                            95955578       99.904%         95955578       99.904%
RET_STALL_LENGTH_100                             14316        0.015%            14316        0.015%
RET_STALL_LENGTH_200                              9758        0.010%             9758        0.010%
RET_STALL_LENGTH_300                             31724        0.033%            31724        0.033%
RET_STALL_LENGTH_400                             23010        0.024%            23010        0.024%
RET_STALL_LENGTH_500                              7521        0.008%             7521        0.008%
RET_STALL_LENGTH_600                              2260        0.002%             2260        0.002%
RET_STALL_LENGTH_700                               681        0.001%              681        0.001%
RET_STALL_LENGTH_800                               223        0.000%              223        0.000%
RET_STALL_LENGTH_900                                96        0.000%               96        0.000%
RET_STALL_LENGTH_1000                               32        0.000%               32        0.000%
RET_STALL_LENGTH_1100                              293        0.000%              293        0.000%
RET_STALL_LENGTH_1200                              538        0.001%              538        0.001%
RET_STALL_LENGTH_1300                              126        0.000%              126        0.000%
RET_STALL_LENGTH_1400                              109        0.000%              109        0.000%
RET_STALL_LENGTH_1500                              284        0.000%              284        0.000%
RET_STALL_LENGTH_1600                              551        0.001%              551        0.001%
RET_STALL_LENGTH_1700                              340        0.000%              340        0.000%
RET_STALL_LENGTH_1800                              131        0.000%              131        0.000%
RET_STALL_LENGTH_1900                               41        0.000%               41        0.000%
RET_STALL_LENGTH_2000                               19        0.000%               19        0.000%
RET_STALL_LENGTH_2100                                4        0.000%                4        0.000%
RET_STALL_LENGTH_2200                                1        0.000%                1        0.000%
RET_STALL_LENGTH_2300                                0        0.000%                0        0.000%
RET_STALL_LENGTH_2400                                0        0.000%                0        0.000%
RET_STALL_LENGTH_2500                                0        0.000%                0        0.000%
RET_STALL_LENGTH_2600                                0        0.000%                0        0.000%
RET_STALL_LENGTH_2700                                0        0.000%                0        0.000%
RET_STALL_LENGTH_2800                                0        0.000%                0        0.000%
RET_STALL_LENGTH_2900                                0        0.000%                0        0.000%
RET_STALL_LENGTH_3000                                0        0.000%                0        0.000%
RET_STALL_LENGTH_3100                                0        0.000%                0        0.000%
RET_STALL_LENGTH_3200                                0        0.000%                0        0.000%
RET_STALL_LENGTH_3300                                0        0.000%                0        0.000%
RET_STALL_LENGTH_3400                                0        0.000%                0        0.000%
RET_STALL_LENGTH_3500                                0        0.000%                0        0.000%
RET_STALL_LENGTH_3600                                0        0.000%                0        0.000%
RET_STALL_LENGTH_3700                                0        0.000%                0        0.000%
RET_STALL_LENGTH_3800                                0        0.000%                0        0.000%
RET_STALL_LENGTH_3900                                0        0.000%                0        0.000%
RET_STALL_LENGTH_4000                                0        0.000%                0        0.000%
RET_STALL_LENGTH_4100                                0        0.000%                0        0.000%
RET_STALL_LENGTH_4200                                0        0.000%                0        0.000%
RET_STALL_LENGTH_4300                                0        0.000%                0        0.000%
RET_STALL_LENGTH_4400                                0        0.000%                0        0.000%
RET_STALL_LENGTH_4500                                0        0.000%                0        0.000%
RET_STALL_LENGTH_4600                                0        0.000%                0        0.000%
RET_STALL_LENGTH_4700                                0        0.000%                0        0.000%
RET_STALL_LENGTH_4800                                0        0.000%                0        0.000%
RET_STALL_LENGTH_4900                                0        0.000%                0        0.000%
RET_STALL_LENGTH_5000                                0        0.000%                0        0.000%
                                              96047636      100.000%         96047636      100.000%
                                                  0.00         0.13              0.00         0.13

MEM_BLOCK_LENGTH_0                              242206       72.054%           242206       72.054%
MEM_BLOCK_LENGTH_100                             15793        4.698%            15793        4.698%
MEM_BLOCK_LENGTH_200                              1937        0.576%             1937        0.576%
MEM_BLOCK_LENGTH_300                              5060        1.505%             5060        1.505%
MEM_BLOCK_LENGTH_400                             27402        8.152%            27402        8.152%
MEM_BLOCK_LENGTH_500                             24256        7.216%            24256        7.216%
MEM_BLOCK_LENGTH_600                             11291        3.359%            11291        3.359%
MEM_BLOCK_LENGTH_700                              3876        1.153%             3876        1.153%
MEM_BLOCK_LENGTH_800                              1254        0.373%             1254        0.373%
MEM_BLOCK_LENGTH_900                               430        0.128%              430        0.128%
MEM_BLOCK_LENGTH_1000                              151        0.045%              151        0.045%
MEM_BLOCK_LENGTH_1100                               37        0.011%               37        0.011%
MEM_BLOCK_LENGTH_1200                              289        0.086%              289        0.086%
MEM_BLOCK_LENGTH_1300                              344        0.102%              344        0.102%
MEM_BLOCK_LENGTH_1400                              101        0.030%              101        0.030%
MEM_BLOCK_LENGTH_1500                               59        0.018%               59        0.018%
MEM_BLOCK_LENGTH_1600                              241        0.072%              241        0.072%
MEM_BLOCK_LENGTH_1700                              642        0.191%              642        0.191%
MEM_BLOCK_LENGTH_1800                              453        0.135%              453        0.135%
MEM_BLOCK_LENGTH_1900                              216        0.064%              216        0.064%
MEM_BLOCK_LENGTH_2000                               69        0.021%               69        0.021%
MEM_BLOCK_LENGTH_2100                               28        0.008%               28        0.008%
MEM_BLOCK_LENGTH_2200                                7        0.002%                7        0.002%
MEM_BLOCK_LENGTH_2300                                2        0.001%                2        0.001%
MEM_BLOCK_LENGTH_2400                                1        0.000%                1        0.000%
MEM_BLOCK_LENGTH_2500                                0        0.000%                0        0.000%
MEM_BLOCK_LENGTH_2600                                0        0.000%                0        0.000%
MEM_BLOCK_LENGTH_2700                                0        0.000%                0        0.000%
MEM_BLOCK_LENGTH_2800                                0        0.000%                0        0.000%
MEM_BLOCK_LENGTH_2900                                0        0.000%                0        0.000%
MEM_BLOCK_LENGTH_3000                                0        0.000%                0        0.000%
MEM_BLOCK_LENGTH_3100                                0        0.000%                0        0.000%
MEM_BLOCK_LENGTH_3200                                0        0.000%                0        0.000%
MEM_BLOCK_LENGTH_3300                                0        0.000%                0        0.000%
MEM_BLOCK_LENGTH_3400                                0        0.000%                0        0.000%
MEM_BLOCK_LENGTH_3500                                0        0.000%                0        0.000%
MEM_BLOCK_LENGTH_3600                                0        0.000%                0        0.000%
MEM_BLOCK_LENGTH_3700                                0        0.000%                0        0.000%
MEM_BLOCK_LENGTH_3800                                0        0.000%                0        0.000%
MEM_BLOCK_LENGTH_3900                                0        0.000%                0        0.000%
MEM_BLOCK_LENGTH_4000                                0        0.000%                0        0.000%
MEM_BLOCK_LENGTH_4100                                0        0.000%                0        0.000%
MEM_BLOCK_LENGTH_4200                                0        0.000%                0        0.000%
MEM_BLOCK_LENGTH_4300                                0        0.000%                0        0.000%
MEM_BLOCK_LENGTH_4400                                0        0.000%                0        0.000%
MEM_BLOCK_LENGTH_4500                                0        0.000%                0        0.000%
MEM_BLOCK_LENGTH_4600                                0        0.000%                0        0.000%
MEM_BLOCK_LENGTH_4700                                0        0.000%                0        0.000%
MEM_BLOCK_LENGTH_4800                                0        0.000%                0        0.000%
MEM_BLOCK_LENGTH_4900                                0        0.000%                0        0.000%
MEM_BLOCK_LENGTH_5000                                0        0.000%                0        0.000%
                                                336145      100.000%           336145      100.000%
                                                  1.24         2.19              1.24         2.19

FUS_BUSY_ON_PATH                             198961657        2.7858        198961657        2.7858

FUS_BUSY_OFF_PATH                               157790        0.0022           157790        0.0022

FU_BUSY_MEM_STALL                            102620823        1.4369        102620823        1.4369

FUS_EMPTY                                    515073883        7.2120        515073883        7.2120

FU_UNAVAILABLE                                 1097076        0.0154          1097076        0.0154

FU_MEM_UNAVAILABLE                            91094514        1.2755         91094514        1.2755

FU_OTHER_UNAVAILABLE                                 0        0.0000                0        0.0000

FU_REPLAY                                            0        0.0000                0        0.0000

FU_STARVED                                   515061706        7.2118        515061706        7.2118

CHIP_UTILIZATION                                     0        0.0000                0        0.0000

CYCLES_UNDER_MEM_REQ                                 0                              0              

CYCLES_UNDER_NO_MEM_REQ                              0                              0              

CYCLES_UNDER_CRITICAL_MEM_REQ                        0                              0              

CYCLES_UNDER_NONCRITICAL_MEM_REQ                     0                              0              

CHIP_UTILIZATION_UNDER_MEM_REQ                       0          -nan                0          -nan

CHIP_UTILIZATION_UNDER_NO_MEM_REQ                    0          -nan                0          -nan

CHIP_UTILIZATION_UNDER_CRITICAL_MEM_REQ              0          -nan                0          -nan

CHIP_UTILIZATION_UNDER_NONCRITICAL_MEM_REQ             0          -nan                0          -nan

CYCLES_NOT_WAITING_FOR_OFF_CHIP                      0        0.0000                0        0.0000

FUS_BUSY_NOT_WAITING_FOR_OFF_CHIP                    0          -nan                0          -nan

CYCLES_WAITING_FOR_OFF_CHIP                          0        0.0000                0        0.0000

FUS_BUSY_WAITING_FOR_OFF_CHIP                        0          -nan                0          -nan

TOTAL_OFF_CHIP_DELAYS_LEFT                           0                              0              

WRONG_IO_SCHED                                       0                              0              

DVFS_CONFIG_SWITCH                                   0                              0              

MAP_STAGE_RECEIVED_OPS_0                             0        0.000%                0        0.000%
MAP_STAGE_RECEIVED_OPS_1                          3077        0.019%             3077        0.019%
MAP_STAGE_RECEIVED_OPS_2                          2971        0.019%             2971        0.019%
MAP_STAGE_RECEIVED_OPS_3                          3696        0.023%             3696        0.023%
MAP_STAGE_RECEIVED_OPS_4                          5381        0.034%             5381        0.034%
MAP_STAGE_RECEIVED_OPS_5                          4259        0.027%             4259        0.027%
MAP_STAGE_RECEIVED_OPS_6                      15996582       99.879%         15996582       99.879%
MAP_STAGE_RECEIVED_OPS_7                             0        0.000%                0        0.000%
MAP_STAGE_RECEIVED_OPS_8                             0        0.000%                0        0.000%
MAP_STAGE_RECEIVED_OPS_MAX                           0        0.000%                0        0.000%
                                              16015966      100.000%         16015966      100.000%
                                                  6.00         0.11              6.00         0.11

MAP_STAGE_WAIT_FOR_DECODE                            0         -nan%                0         -nan%
MAP_STAGE_CONSUME_DECODE                             0         -nan%                0         -nan%
                                                     0         -nan%                0         -nan%
                                                  -nan         -nan              -nan         -nan

MAP_STAGE_WAIT_FOR_DECODE2                           0         -nan%                0         -nan%
MAP_STAGE_CONSUME_DECODE2                            0         -nan%                0         -nan%
                                                     0         -nan%                0         -nan%
                                                  -nan         -nan              -nan         -nan

FTQ_RECOVER_EXEC                                  2212                           2212              

FTQ_RECOVER_DECODE                                 258                            258              

FTQ_OFFPATH_CYCLES                             5312672                        5312672              

FTQ_CYCLES_OFFPATH                             5312672                        5312672              

FTQ_CYCLES_ONPATH                             66106661                       66106661              

FTQ_FETCHED_INS_ONPATH                        96047636                       96047636              

FTQ_FETCHED_INS_OFFPATH                        7361384                        7361384              

FTQ_BREAK_FULL_FT_ONPATH                      53465638                       53465638              

FTQ_BREAK_FULL_FT_OFFPATH                      1493999                        1493999              

FTQ_BREAK_PRED_BR_ONPATH                             0                              0              

FTQ_BREAK_PRED_BR_OFFPATH                            0                              0              

FTQ_BREAK_BAR_FETCH_ONPATH                           0                              0              

FTQ_BREAK_BAR_FETCH_OFFPATH                          0                              0              

FTQ_BREAK_MAX_CFS_TAKEN_ONPATH                       0                              0              

FTQ_BREAK_MAX_CFS_TAKEN_OFFPATH                      0                              0              

FTQ_BREAK_MAX_FT_ONPATH                       12640924                       12640924              

FTQ_BREAK_MAX_FT_OFFPATH                       3818673                        3818673              

DFE_GEN_ON_PATH_FT                            20629713                       20629713              

DFE_GEN_OFF_PATH_FT                            3496514                        3496514              

DFE_L0_ENABLED_PREDICTIONS                    96047636                       96047636              

DFE_L0_WRONG_MAIN_CORRECT                      1691305                        1691305              

DFE_L0_WRONG_MAIN_WRONG                           1916                           1916              

DFE_L0_CORRECT_MAIN_WRONG                          554                            554              

DFE_L0_CORRECT_MAIN_CORRECT                   94353861                       94353861              

DFE_L0_WRONG_MAIN_CORRECT_RECOVERY_SCHEDULED             0                              0              

FTQ_SAW_BAR_FETCH_OFFPATH                          310                            310              

FTQ_SAW_BAR_FETCH_ONPATH                           294                            294              

DFE_CONF_0_RECOVER_AT_EXEC                           0         -nan%                0         -nan%
DFE_CONF_1_RECOVER_AT_EXEC                           0         -nan%                0         -nan%
DFE_CONF_2_RECOVER_AT_EXEC                           0         -nan%                0         -nan%
DFE_CONF_3_RECOVER_AT_EXEC                           0         -nan%                0         -nan%
DFE_CONF_0_CORRECT                                   0         -nan%                0         -nan%
DFE_CONF_1_CORRECT                                   0         -nan%                0         -nan%
DFE_CONF_2_CORRECT                                   0         -nan%                0         -nan%
DFE_CONF_3_CORRECT                                   0         -nan%                0         -nan%
                                                     0         -nan%                0         -nan%
                                                  -nan         -nan              -nan         -nan

DFE_ON_CONF_ON_OPS                                   0         -nan%                0         -nan%
DFE_ON_CONF_OFF_OPS                                  0         -nan%                0         -nan%
DFE_OFF_CONF_ON_OPS                                  0         -nan%                0         -nan%
DFE_OFF_CONF_OFF_REALISTIC_OPS                       0         -nan%                0         -nan%
DFE_OFF_CONF_OFF_PERFECT_OPS                         0         -nan%                0         -nan%
                                                     0         -nan%                0         -nan%
                                                  -nan         -nan              -nan         -nan

DFE_ON_CONF_ON_FETCH_TARGETS                         0         -nan%                0         -nan%
DFE_ON_CONF_OFF_FETCH_TARGETS                        0         -nan%                0         -nan%
DFE_OFF_CONF_ON_FETCH_TARGETS                        0         -nan%                0         -nan%
DFE_OFF_CONF_OFF_REALISTIC_FETCH_TARGETS             0         -nan%                0         -nan%
DFE_OFF_CONF_OFF_PERFECT_FETCH_TARGETS               0         -nan%                0         -nan%
                                                     0         -nan%                0         -nan%
                                                  -nan         -nan              -nan         -nan

DFE_ON_CONF_ON_CYCLES                                0         -nan%                0         -nan%
DFE_ON_CONF_OFF_CYCLES                               0         -nan%                0         -nan%
DFE_OFF_CONF_ON_CYCLES                               0         -nan%                0         -nan%
DFE_OFF_CONF_OFF_REALISTIC_CYCLES                    0         -nan%                0         -nan%
DFE_OFF_CONF_OFF_PERFECT_CYCLES                      0         -nan%                0         -nan%
                                                     0         -nan%                0         -nan%
                                                  -nan         -nan              -nan         -nan

DFE_OFF_CONF_ON_NUM_EVENTS                           0                              0              

DFE_OFF_CONF_ON_NOT_IDENTIFIED_EVENTS                0         -nan%                0         -nan%
DFE_OFF_CONF_ON_IBTB_MISS_EVENTS                     0         -nan%                0         -nan%
DFE_OFF_CONF_ON_BTB_MISS_EVENTS                      0         -nan%                0         -nan%
DFE_OFF_CONF_ON_BTB_MISS_RECOVER_AT_EXEC_EVENTS             0         -nan%                0         -nan%
DFE_OFF_CONF_ON_RECOVER_AT_EXEC_EVENTS               0         -nan%                0         -nan%
DFE_OFF_CONF_ON_RECOVER_AT_DECODE_EVENTS             0         -nan%                0         -nan%
                                                     0         -nan%                0         -nan%
                                                  -nan         -nan              -nan         -nan

DFE_OFF_CONF_ON_LATE_BTB_HIT_EVENTS                  0                              0              

DFE_OFF_CONF_ON_NOT_IDENTIFIED_CYCLES                0         -nan%                0         -nan%
DFE_OFF_CONF_ON_IBTB_MISS_CYCLES                     0         -nan%                0         -nan%
DFE_OFF_CONF_ON_BTB_MISS_CYCLES                      0         -nan%                0         -nan%
DFE_OFF_CONF_ON_BTB_MISS_RECOVER_AT_EXEC_CYCLES             0         -nan%                0         -nan%
DFE_OFF_CONF_ON_RECOVER_AT_EXEC_CYCLES               0         -nan%                0         -nan%
DFE_OFF_CONF_ON_RECOVER_AT_DECODE_CYCLES             0         -nan%                0         -nan%
                                                     0         -nan%                0         -nan%
                                                  -nan         -nan              -nan         -nan

DFE_OFF_CONF_ON_LATE_BTB_HIT_CYCLES                  0                              0              

DFE_OFF_CONF_ON_NOT_IDENTIFIED_FETCH_TARGETS             0         -nan%                0         -nan%
DFE_OFF_CONF_ON_IBTB_MISS_FETCH_TARGETS              0         -nan%                0         -nan%
DFE_OFF_CONF_ON_BTB_MISS_FETCH_TARGETS               0         -nan%                0         -nan%
DFE_OFF_CONF_ON_BTB_MISS_RECOVER_AT_EXEC_FETCH_TARGETS             0         -nan%                0         -nan%
DFE_OFF_CONF_ON_RECOVER_AT_EXEC_FETCH_TARGETS             0         -nan%                0         -nan%
DFE_OFF_CONF_ON_RECOVER_AT_DECODE_FETCH_TARGETS             0         -nan%                0         -nan%
                                                     0         -nan%                0         -nan%
                                                  -nan         -nan              -nan         -nan

DFE_OFF_CONF_ON_LATE_BTB_HIT_FETCH_TARGETS             0                              0              

DFE_OFF_CONF_ON_BP_INCORRECT_0_CONF                  0         -nan%                0         -nan%
DFE_OFF_CONF_ON_BP_INCORRECT_1_CONF                  0         -nan%                0         -nan%
DFE_OFF_CONF_ON_BP_INCORRECT_2_CONF                  0         -nan%                0         -nan%
DFE_OFF_CONF_ON_BP_INCORRECT_3_CONF                  0         -nan%                0         -nan%
                                                     0         -nan%                0         -nan%
                                                  -nan         -nan              -nan         -nan

DFE_OFF_CONF_ON_BTB_MISS_CBR_0_CONF                  0         -nan%                0         -nan%
DFE_OFF_CONF_ON_BTB_MISS_CBR_1_CONF                  0         -nan%                0         -nan%
DFE_OFF_CONF_ON_BTB_MISS_CBR_2_CONF                  0         -nan%                0         -nan%
DFE_OFF_CONF_ON_BTB_MISS_CBR_3_CONF                  0         -nan%                0         -nan%
                                                     0         -nan%                0         -nan%
                                                  -nan         -nan              -nan         -nan

DFE_OFF_CONF_ON_BTB_MISS_NOT_CF                      0         -nan%                0         -nan%
DFE_OFF_CONF_ON_BTB_MISS_CF_BR                       0         -nan%                0         -nan%
DFE_OFF_CONF_ON_BTB_MISS_CF_CBR                      0         -nan%                0         -nan%
DFE_OFF_CONF_ON_BTB_MISS_CF_CALL                     0         -nan%                0         -nan%
DFE_OFF_CONF_ON_BTB_MISS_CF_IBR                      0         -nan%                0         -nan%
DFE_OFF_CONF_ON_BTB_MISS_CF_ICALL                    0         -nan%                0         -nan%
DFE_OFF_CONF_ON_BTB_MISS_CF_ICO                      0         -nan%                0         -nan%
DFE_OFF_CONF_ON_BTB_MISS_CF_RET                      0         -nan%                0         -nan%
DFE_OFF_CONF_ON_BTB_MISS_CF_SYS                      0         -nan%                0         -nan%
                                                     0         -nan%                0         -nan%
                                                  -nan         -nan              -nan         -nan

DFE_ON_CONF_OFF_NUM_EVENTS                           0                              0              

CONF_BTB_NUM_CYCLES_OFF_PATH_EVENT                   0                              0              

DFE_ON_CONF_OFF_IBTB_MISS_BP_TAKEN                   0         -nan%                0         -nan%
DFE_ON_CONF_OFF_BTB_MISS_BP_TAKEN_CONF_0             0         -nan%                0         -nan%
DFE_ON_CONF_OFF_BTB_MISS_BP_TAKEN_CONF_1             0         -nan%                0         -nan%
DFE_ON_CONF_OFF_BTB_MISS_BP_TAKEN_CONF_2             0         -nan%                0         -nan%
DFE_ON_CONF_OFF_BTB_MISS_BP_TAKEN_CONF_3             0         -nan%                0         -nan%
DFE_ON_CONF_OFF_BTB_MISS_RATE                        0         -nan%                0         -nan%
DFE_ON_CONF_OFF_IBTB_MISS_RATE                       0         -nan%                0         -nan%
DFE_ON_CONF_OFF_RECOVER_AT_DECODE_RATE               0         -nan%                0         -nan%
DFE_ON_CONF_OFF_RECOVER_AT_EXEC_RATE                 0         -nan%                0         -nan%
DFE_ON_CONF_OFF_INV_CONF_INC                         0         -nan%                0         -nan%
DFE_ON_CONF_OFF_PERFECT_CONF                         0         -nan%                0         -nan%
                                                     0         -nan%                0         -nan%
                                                  -nan         -nan              -nan         -nan

DFE_ON_CONF_OFF_IBTB_MISS_BP_TAKEN_CYCLES             0         -nan%                0         -nan%
DFE_ON_CONF_OFF_BTB_MISS_BP_TAKEN_CONF_0_CYCLES             0         -nan%                0         -nan%
DFE_ON_CONF_OFF_BTB_MISS_BP_TAKEN_CONF_1_CYCLES             0         -nan%                0         -nan%
DFE_ON_CONF_OFF_BTB_MISS_BP_TAKEN_CONF_2_CYCLES             0         -nan%                0         -nan%
DFE_ON_CONF_OFF_BTB_MISS_BP_TAKEN_CONF_3_CYCLES             0         -nan%                0         -nan%
DFE_ON_CONF_OFF_BTB_MISS_RATE_CYCLES                 0         -nan%                0         -nan%
DFE_ON_CONF_OFF_IBTB_MISS_RATE_CYCLES                0         -nan%                0         -nan%
DFE_ON_CONF_OFF_RECOVER_AT_DECODE_RATE_CYCLES             0         -nan%                0         -nan%
DFE_ON_CONF_OFF_RECOVER_AT_EXEC_RATE_CYCLES             0         -nan%                0         -nan%
DFE_ON_CONF_OFF_INV_CONF_INC_CYCLES                  0         -nan%                0         -nan%
DFE_ON_CONF_OFF_PERFECT_CONF_CYCLES                  0         -nan%                0         -nan%
                                                     0         -nan%                0         -nan%
                                                  -nan         -nan              -nan         -nan

DFE_ON_CONF_OFF_IBTB_MISS_BP_TAKEN_FETCH_TARGETS             0         -nan%                0         -nan%
DFE_ON_CONF_OFF_BTB_MISS_BP_TAKEN_CONF_0_FETCH_TARGETS             0         -nan%                0         -nan%
DFE_ON_CONF_OFF_BTB_MISS_BP_TAKEN_CONF_1_FETCH_TARGETS             0         -nan%                0         -nan%
DFE_ON_CONF_OFF_BTB_MISS_BP_TAKEN_CONF_2_FETCH_TARGETS             0         -nan%                0         -nan%
DFE_ON_CONF_OFF_BTB_MISS_BP_TAKEN_CONF_3_FETCH_TARGETS             0         -nan%                0         -nan%
DFE_ON_CONF_OFF_BTB_MISS_RATE_FETCH_TARGETS             0         -nan%                0         -nan%
DFE_ON_CONF_OFF_IBTB_MISS_RATE_FETCH_TARGETS             0         -nan%                0         -nan%
DFE_ON_CONF_OFF_RECOVER_AT_DECODE_RATE_FETCH_TARGETS             0         -nan%                0         -nan%
DFE_ON_CONF_OFF_RECOVER_AT_EXEC_RATE_FETCH_TARGETS             0         -nan%                0         -nan%
DFE_ON_CONF_OFF_INV_CONF_INC_FETCH_TARGETS             0         -nan%                0         -nan%
DFE_ON_CONF_OFF_PERFECT_CONF_FETCH_TARGETS             0         -nan%                0         -nan%
                                                     0         -nan%                0         -nan%
                                                  -nan         -nan              -nan         -nan

CONF_OFF_IBTB_MISS_BP_TAKEN                          0         -nan%                0         -nan%
CONF_OFF_BTB_MISS_BP_TAKEN_CONF_0                    0         -nan%                0         -nan%
CONF_OFF_BTB_MISS_BP_TAKEN_CONF_1                    0         -nan%                0         -nan%
CONF_OFF_BTB_MISS_BP_TAKEN_CONF_2                    0         -nan%                0         -nan%
CONF_OFF_BTB_MISS_BP_TAKEN_CONF_3                    0         -nan%                0         -nan%
CONF_OFF_BTB_MISS_RATE                               0         -nan%                0         -nan%
CONF_OFF_IBTB_MISS_RATE                              0         -nan%                0         -nan%
CONF_OFF_RECOVER_AT_DECODE_RATE                      0         -nan%                0         -nan%
CONF_OFF_RECOVER_AT_EXEC_RATE                        0         -nan%                0         -nan%
CONF_OFF_INV_CONF_INC                                0         -nan%                0         -nan%
CONF_OFF_PERFECT_CONF                                0         -nan%                0         -nan%
                                                     0         -nan%                0         -nan%
                                                  -nan         -nan              -nan         -nan

TOPDOWN_TOTAL_SLOTS                          428515998                      428515998              

TOPDOWN_ISSUED_SLOTS                          96439017                       96439017              

TOPDOWN_RETIRED_SLOTS                         96047636                       96047636              

TOPDOWN_FETCH_BUBBLES_SLOTS                     435289                         435289              

TOPDOWN_RECOVERY_BUBBLES_SLOTS                   56978                          56978              

TOPDOWN_MEM_LOAD_STALLS_CYCLES                53152513                       53152513              

TOPDOWN_MEM_STORE_STALLS_CYCLES                      0                              0              

TOPDOWN_EXEC_STALLS_CYCLES                    49753501                       49753501              

TOPDOWN_BACKEND_STALLS_CYCLES                 53153223                       53153223              

TOPDOWN_FETCH_BUBBLES_GT_MIW_CYCLES              63382                          63382              

TOPDOWN_BR_RECOVER_AT_EXEC_RETIRED_CYCLES          2212                           2212              

TOPDOWN_MACHINE_CLEAR_CYCLES                   1693775                        1693775              

TOPDOWN_FRONTEND_BOUND                              10                             10              

TOPDOWN_BACKEND_BOUND                             7739                           7739              

TOPDOWN_BAD_SPEC_BOUND                              10                             10              

TOPDOWN_RETIRING_BOUND                            2241                           2241              

TOPDOWN_FETCH_LATENCY_BOUND                          8                              8              

TOPDOWN_FETCH_BANDWIDTH_BOUND                        2                              2              

TOPDOWN_MEM_BOUND                                 7738                           7738              

TOPDOWN_CORE_BOUND                                   1                              1              

TOPDOWN_BR_RECOVER_AT_EXEC_BOUND                     0                              0              

TOPDOWN_MACHINE_CLEARS_BOUND                        10                             10              

H2P_SEEN_MAIN                                     5866                           5866              



