/* -*- Mode: c -*- */
####################################################################################################
Core 0
####################################################################################################
Cumulative:        Cycles: 30322613              Instructions: 29999999              IPC: 0.98936

Periodic:          Cycles: 30322613              Instructions: 29999999              IPC: 0.98936

APT_LIVE_LD2_PREDICTION_PEAK                       180                            180              

APT_LIVE_LD2_PREDICTION_OBSERVATIONS                 0                              0              

APT_LIVE_LD2_PREDICTION_TOTAL                        0                              0              

IFUSE_FUSED_LOADS                              2259795                        2259795              

IFUSE_MISPREDICTED_LOADS                           499                            499              

IFUSE_MISPREDICTION_FLUSHES                        404                            404              

IFUSE_MISPREDICTED_CACHE_BLOCK_ADDR                369                            369              

IFUSE_MISPREDICTED_OFFSET_DELTA                    499                            499              

ACI_REPLAYED_INSERTS                                 0                              0              

ACI_BACKING_ALLOC_FAILURES                           0                              0              

ACI_PREDICTION_INSERTS                         2445849                        2445849              

ACI_SAME_CACHEBLOCK_INSERTS                     448322                         448322              

ACI_LOOKUP_NO_MATCHES                              369                            369              

ACI_LOOKUP_MATCHES                             2259925                        2259925              

ACI_PREDICTION_INVALIDATIONS                    185901                         185901              

ACI_STALE_PREDICTION_REMOVALS                        0                              0              

FCT_LD2_REPLACEMENTS                                19                             19              

FCT_DELTA_SLOT0_PREDICTIONS                    2443443                        2443443              

FCT_DELTA_SLOT1_PREDICTIONS                       1041                           1041              

FCT_DELTA_SLOT2_PREDICTIONS                        809                            809              

FCT_DELTA_SLOT3_PREDICTIONS                        556                            556              

FCT_DELTA_SLOT_REPLACEMENTS                        146                            146              

FCT_SECOND_DELTA_PROMOTIONS                         68                             68              

FCT_THIRD_DELTA_PROMOTIONS                          34                             34              

FCT_FOURTH_DELTA_PROMOTIONS                         13                             13              

FCT_OFFSET_MISPRED_KNOWN_ALT_DELTA                 201                            201              

FCT_OFFSET_MISPRED_UNTRACKED_DELTA                 237                            237              

FCT_OFFSET_MISPRED_SAME_SLOT_DELTA                  61                             61              

FCT_OFFSET_MISPRED_MULTI_DELTA_ROW                 183                            183              

FCT_OFFSET_MISPRED_SINGLE_DELTA_ROW                316                            316              

TRAINING_TABLE_INSERTS                           16307                          16307              

TRAINING_TABLE_PROMOTIONS                          578                            578              

TRAINING_TABLE_BACKING_ALLOC_FAILURES                0                              0              



