/* -*- Mode: c -*- */
####################################################################################################
Core 0
####################################################################################################
Cumulative:        Cycles: 13402452              Instructions: 29999995              IPC: 2.23840

Periodic:          Cycles: 13402452              Instructions: 29999995              IPC: 2.23840

MISS_WAIT_TIME                                85957363                       85957363              

ICACHE_STAGE_MISS                                  903                            903              

ICACHE_CYCLE                                  13402452                       13402452              

TCACHE_CYCLE                                         0                              0              

ICACHE_SERVING_CYCLE_ON_PATH                     17614                          17614              

ICACHE_SERVING_CYCLE_OFF_PATH                    25591                          25591              

UCACHE_SERVING_CYCLE_ON_PATH                  12842075                       12842075              

UCACHE_SERVING_CYCLE_OFF_PATH                   135154                         135154              

ICACHE_CYCLE_ONPATH                           13220194       98.640%         13220194       98.640%
ICACHE_CYCLE_OFFPATH                            182258        1.360%           182258        1.360%
                                              13402452      100.000%         13402452      100.000%
                                                  0.01         0.12              0.01         0.12

FETCH_ON_PATH                                 13226281       98.686%         13226281       98.686%
FETCH_OFF_PATH                                  176171        1.314%           176171        1.314%
                                              13402452      100.000%         13402452      100.000%
                                                  0.01         0.11              0.01         0.11

FETCHED_OPS_ON_PATH                                  0         -nan%                0         -nan%
FETCHED_OPS_OFF_PATH                                 0         -nan%                0         -nan%
                                                     0         -nan%                0         -nan%
                                                  -nan         -nan              -nan         -nan

INST_LOST_FETCH                               39061475       30.702%         39061475       30.702%
INST_LOST_OFF_PATH                              647019        0.509%           647019        0.509%
INST_LOST_FULL_WINDOW                          2427768        1.908%          2427768        1.908%
INST_LOST_ROB_STALL_OTHER                     44963502       35.341%         44963502       35.341%
INST_LOST_ROB_STALL_WAIT_FOR_RECOVERY                0        0.000%                0        0.000%
INST_LOST_ROB_STALL_WAIT_FOR_REDIRECT                0        0.000%                0        0.000%
INST_LOST_ROB_STALL_WAIT_FOR_GAP_FILL                0        0.000%                0        0.000%
INST_LOST_ROB_STALL_WAIT_FOR_L1_MISS                 0        0.000%                0        0.000%
INST_LOST_ROB_STALL_WAIT_FOR_MEMORY            1358042        1.067%          1358042        1.067%
INST_LOST_ROB_STALL_WAIT_FOR_DC_MISS            427822        0.336%           427822        0.336%
INST_LOST_ROB_BLOCK_ISSUE_FULL                       0        0.000%                0        0.000%
INST_LOST_ROB_BLOCK_ISSUE_GAP_TOO_LARGE              0        0.000%                0        0.000%
INST_LOST_BREAK_DONT                                 0        0.000%                0        0.000%
INST_LOST_BREAK_FT_UNAVAILABLE                 1884118        1.481%          1884118        1.481%
INST_LOST_BREAK_ICACHE_STAGE_RESTEER              3539        0.003%             3539        0.003%
INST_LOST_BREAK_ICACHE_MISS_REQ_SUCCESS           3659        0.003%             3659        0.003%
INST_LOST_BREAK_ICACHE_MISS_REQ_FAILURE            155        0.000%              155        0.000%
INST_LOST_BREAK_ICACHE_WAIT_FOR_MISS            306342        0.241%           306342        0.241%
INST_LOST_BREAK_ICACHE_STALLED                   80332        0.063%            80332        0.063%
INST_LOST_BREAK_ICACHE_TO_UOP_CACHE_SWITCH         17008        0.013%            17008        0.013%
INST_LOST_BREAK_ICACHE_READ_LIMIT                 8649        0.007%             8649        0.007%
INST_LOST_BREAK_ICACHE_ISSUE_WIDTH                   0        0.000%                0        0.000%
INST_LOST_BREAK_UOP_CACHE_STALLED             21388735       16.811%         21388735       16.811%
INST_LOST_BREAK_UOP_CACHE_TO_ICACHE_SWITCH         16483        0.013%            16483        0.013%
INST_LOST_BREAK_UOP_CACHE_READ_LIMIT          14632432       11.501%         14632432       11.501%
INST_LOST_BREAK_UOP_CACHE_ISSUE_WIDTH                0        0.000%                0        0.000%
                                             127227080      100.000%        127227080      100.000%
                                                  7.93         8.56              7.93         8.56

INST_LOST_TOTAL                              106385152                      106385152              

INST_LOST_WAIT_FOR_ICACHE_MISS_NOT_PREFETCHED         54822       21.086%            54822       21.086%
INST_LOST_WAIT_FOR_ICACHE_MISS_PREFETCHED_AND_EVICTED_BY_IFETCH             0        0.000%                0        0.000%
INST_LOST_WAIT_FOR_ICACHE_MISS_PREFETCHED_AND_EVICTED_BY_FDIP             0        0.000%                0        0.000%
INST_LOST_WAIT_FOR_ICACHE_MISS_MSHR_HIT_PREF_OFFPATH          3066        1.179%             3066        1.179%
INST_LOST_WAIT_FOR_ICACHE_MISS_MSHR_HIT_PREF_ONPATH        202104       77.735%           202104       77.735%
                                                259992      100.000%           259992      100.000%
                                                  3.14         2.87              3.14         2.87

FETCH_0_OPS                                     377948        2.820%           377948        2.820%
FETCH_1_OPS                                     531974        3.969%           531974        3.969%
FETCH_2_OPS                                     519513        3.876%           519513        3.876%
FETCH_3_OPS                                    3927357       29.303%          3927357       29.303%
FETCH_4_OPS                                    1213949        9.058%          1213949        9.058%
FETCH_5_OPS                                      95308        0.711%            95308        0.711%
FETCH_6_OPS                                    2147936       16.026%          2147936       16.026%
FETCH_7_OPS                                     237059        1.769%           237059        1.769%
FETCH_8_OPS                                    4351408       32.467%          4351408       32.467%
FETCH_9_OPS                                          0        0.000%                0        0.000%
FETCH_10_OPS                                         0        0.000%                0        0.000%
FETCH_11_OPS                                         0        0.000%                0        0.000%
FETCH_12_OPS                                         0        0.000%                0        0.000%
FETCH_13_OPS                                         0        0.000%                0        0.000%
FETCH_14_OPS                                         0        0.000%                0        0.000%
FETCH_15_OPS                                         0        0.000%                0        0.000%
FETCH_16_OPS                                         0        0.000%                0        0.000%
                                              13402452      100.000%         13402452      100.000%
                                                  5.08         2.32              5.08         2.32

ST_BREAK_DONT                                        0        0.000%                0        0.000%
ST_BREAK_FT_UNAVAILABLE                         317479        2.369%           317479        2.369%
ST_BREAK_ICACHE_STAGE_RESTEER                      725        0.005%              725        0.005%
ST_BREAK_ICACHE_MISS_REQ_SUCCESS                   903        0.007%              903        0.007%
ST_BREAK_ICACHE_MISS_REQ_FAILURE                    26        0.000%               26        0.000%
ST_BREAK_ICACHE_WAIT_FOR_MISS                    51057        0.381%            51057        0.381%
ST_BREAK_ICACHE_STALLED                          15727        0.117%            15727        0.117%
ST_BREAK_ICACHE_TO_UOP_CACHE_SWITCH               5316        0.040%             5316        0.040%
ST_BREAK_ICACHE_READ_LIMIT                        3089        0.023%             3089        0.023%
ST_BREAK_ICACHE_ISSUE_WIDTH                      27650        0.206%            27650        0.206%
ST_BREAK_UOP_CACHE_STALLED                     6210289       46.337%          6210289       46.337%
ST_BREAK_UOP_CACHE_TO_ICACHE_SWITCH               3758        0.028%             3758        0.028%
ST_BREAK_UOP_CACHE_READ_LIMIT                  3333336       24.871%          3333336       24.871%
ST_BREAK_UOP_CACHE_ISSUE_WIDTH                 3433097       25.615%          3433097       25.615%
                                              13402452      100.000%         13402452      100.000%
                                                 11.02         5.95             11.02         5.95

ORACLE_ON_PATH_INST                           39061475       98.371%         39061475       98.371%
ORACLE_OFF_PATH_INST                            647019        1.629%           647019        1.629%
                                              39708494      100.000%         39708494      100.000%
                                                  0.02         0.13              0.02         0.13

ORACLE_ON_PATH_INST_MEM                       13278086       33.439%         13278086       33.439%
ORACLE_ON_PATH_INST_NOTMEM                    25783389       64.932%         25783389       64.932%
ORACLE_OFF_PATH_INST_MEM                        142260        0.358%           142260        0.358%
ORACLE_OFF_PATH_INST_NOTMEM                     504759        1.271%           504759        1.271%
                                              39708494      100.000%         39708494      100.000%
                                                  0.69         0.37              0.69         0.37

ICACHE_CYCLE_NONRA_ONPATH                            0         -nan%                0         -nan%
ICACHE_CYCLE_NONRA_OFFPATH                           0         -nan%                0         -nan%
ICACHE_CYCLE_RA_ONPATH                               0         -nan%                0         -nan%
ICACHE_CYCLE_RA_OFFPATH                              0         -nan%                0         -nan%
                                                     0         -nan%                0         -nan%
                                                  -nan         -nan              -nan         -nan

ICACHE_CYCLE_ONPATH_NONRA                            0         -nan%                0         -nan%
ICACHE_CYCLE_OFFPATH_NONRA                           0         -nan%                0         -nan%
                                                     0         -nan%                0         -nan%
                                                  -nan         -nan              -nan         -nan

ICACHE_CYCLE_ONPATH_RA                               0         -nan%                0         -nan%
ICACHE_CYCLE_OFFPATH_RA                              0         -nan%                0         -nan%
                                                     0         -nan%                0         -nan%
                                                  -nan         -nan              -nan         -nan

INACCURATE_OFFPATH_CYCLES                            0        0.0000                0        0.0000

FETCH_ALL_INST                                39708494                       39708494              

EXEC_ALL_INST                                 36034504                       36034504              

RET_ALL_INST                                  39061475                       39061475              

EXEC_ON_PATH_INST                             35894944       99.613%         35894944       99.613%
EXEC_OFF_PATH_INST                              139560        0.387%           139560        0.387%
                                              36034504      100.000%         36034504      100.000%
                                                  0.00         0.06              0.00         0.06

EXEC_ON_PATH_INST_MEM                         10111555       28.061%         10111555       28.061%
EXEC_ON_PATH_INST_NOTMEM                      25783389       71.552%         25783389       71.552%
EXEC_OFF_PATH_INST_MEM                           34393        0.095%            34393        0.095%
EXEC_OFF_PATH_INST_NOTMEM                       105167        0.292%           105167        0.292%
                                              36034504      100.000%         36034504      100.000%
                                                  0.73         0.27              0.73         0.27

EXEC_RA_INST                                         0         -nan%                0         -nan%
EXEC_NONRA_INST                                      0         -nan%                0         -nan%
                                                     0         -nan%                0         -nan%
                                                  -nan         -nan              -nan         -nan

EXEC_ON_PATH_INST_RA                                 0         -nan%                0         -nan%
EXEC_OFF_PATH_INST_RA                                0         -nan%                0         -nan%
                                                     0         -nan%                0         -nan%
                                                  -nan         -nan              -nan         -nan

EXEC_ON_PATH_INST_NONRA                              0         -nan%                0         -nan%
EXEC_OFF_PATH_INST_NONRA                             0         -nan%                0         -nan%
                                                     0         -nan%                0         -nan%
                                                  -nan         -nan              -nan         -nan

EXEC_RA_ON_PATH_INST                                 0         -nan%                0         -nan%
EXEC_RA_OFF_PATH_INST                                0         -nan%                0         -nan%
EXEC_NONRA_ON_PATH_INST                              0         -nan%                0         -nan%
EXEC_NONRA_OFF_PATH_INST                             0         -nan%                0         -nan%
                                                     0         -nan%                0         -nan%
                                                  -nan         -nan              -nan         -nan

ICACHE_THROTTLE_CYCLE                                0                              0              

FETCH_ENABLE_THROTTLE_OFF_PATH                       0         -nan%                0         -nan%
FETCH_ENABLE_THROTTLE_ON_PATH                        0         -nan%                0         -nan%
                                                     0         -nan%                0         -nan%
                                                  -nan         -nan              -nan         -nan

FETCH_DISABLE_THROTTLE_OFF_PATH                      0         -nan%                0         -nan%
FETCH_DISABLE_THROTTLE_ON_PATH                       0         -nan%                0         -nan%
                                                     0         -nan%                0         -nan%
                                                  -nan         -nan              -nan         -nan

FETCH_TH_ADJUST__0                                   0         -nan%                0         -nan%
FETCH_TH_ADJUST__1                                   0         -nan%                0         -nan%
FETCH_TH_ADJUST__2                                   0         -nan%                0         -nan%
FETCH_TH_ADJUST__3                                   0         -nan%                0         -nan%
FETCH_TH_ADJUST__4                                   0         -nan%                0         -nan%
FETCH_TH_ADJUST__5                                   0         -nan%                0         -nan%
FETCH_TH_ADJUST__6                                   0         -nan%                0         -nan%
FETCH_TH_ADJUST__7                                   0         -nan%                0         -nan%
FETCH_TH_ADJUST__8                                   0         -nan%                0         -nan%
FETCH_TH_ADJUST__9                                   0         -nan%                0         -nan%
FETCH_TH_ADJUST__MAX                                 0         -nan%                0         -nan%
                                                     0         -nan%                0         -nan%
                                                  -nan         -nan              -nan         -nan

FETCH_TH_ADJUST_UP                                   0         -nan%                0         -nan%
FETCH_TH_ADJUST_DOWN                                 0         -nan%                0         -nan%
FETCH_TH_ADJUST_SAME                                 0         -nan%                0         -nan%
                                                     0         -nan%                0         -nan%
                                                  -nan         -nan              -nan         -nan

THROTTLE_ADJUST_CACHE_MISS_INFO                      0                              0              

LOW_CONF_COUNT_BP_MIS_0                              0         -nan%                0         -nan%
LOW_CONF_COUNT_BP_MIS_1                              0         -nan%                0         -nan%
LOW_CONF_COUNT_BP_MIS_2                              0         -nan%                0         -nan%
LOW_CONF_COUNT_BP_MIS_3                              0         -nan%                0         -nan%
LOW_CONF_COUNT_BP_MIS_4                              0         -nan%                0         -nan%
LOW_CONF_COUNT_BP_MIS_5                              0         -nan%                0         -nan%
LOW_CONF_COUNT_BP_MIS_6                              0         -nan%                0         -nan%
LOW_CONF_COUNT_BP_MIS_7                              0         -nan%                0         -nan%
LOW_CONF_COUNT_BP_MIS_8                              0         -nan%                0         -nan%
LOW_CONF_COUNT_BP_MIS_9                              0         -nan%                0         -nan%
LOW_CONF_COUNT_BP_MIS_10                             0         -nan%                0         -nan%
LOW_CONF_COUNT_BP_MIS_11                             0         -nan%                0         -nan%
LOW_CONF_COUNT_BP_MIS_12                             0         -nan%                0         -nan%
LOW_CONF_COUNT_BP_MIS_13                             0         -nan%                0         -nan%
LOW_CONF_COUNT_BP_MIS_14                             0         -nan%                0         -nan%
LOW_CONF_COUNT_BP_MIS_15                             0         -nan%                0         -nan%
LOW_CONF_COUNT_BP_MIS_16                             0         -nan%                0         -nan%
LOW_CONF_COUNT_BP_MIS_17                             0         -nan%                0         -nan%
LOW_CONF_COUNT_BP_MIS_18                             0         -nan%                0         -nan%
LOW_CONF_COUNT_BP_MIS_19                             0         -nan%                0         -nan%
LOW_CONF_COUNT_BP_MIS_20                             0         -nan%                0         -nan%
                                                     0         -nan%                0         -nan%
                                                  -nan         -nan              -nan         -nan

LOW_CONF_COUNT_RET_0                                 0         -nan%                0         -nan%
LOW_CONF_COUNT_RET_1                                 0         -nan%                0         -nan%
LOW_CONF_COUNT_RET_2                                 0         -nan%                0         -nan%
LOW_CONF_COUNT_RET_3                                 0         -nan%                0         -nan%
LOW_CONF_COUNT_RET_4                                 0         -nan%                0         -nan%
LOW_CONF_COUNT_RET_5                                 0         -nan%                0         -nan%
LOW_CONF_COUNT_RET_6                                 0         -nan%                0         -nan%
LOW_CONF_COUNT_RET_7                                 0         -nan%                0         -nan%
LOW_CONF_COUNT_RET_8                                 0         -nan%                0         -nan%
LOW_CONF_COUNT_RET_9                                 0         -nan%                0         -nan%
LOW_CONF_COUNT_RET_10                                0         -nan%                0         -nan%
LOW_CONF_COUNT_RET_11                                0         -nan%                0         -nan%
LOW_CONF_COUNT_RET_12                                0         -nan%                0         -nan%
LOW_CONF_COUNT_RET_13                                0         -nan%                0         -nan%
LOW_CONF_COUNT_RET_14                                0         -nan%                0         -nan%
LOW_CONF_COUNT_RET_15                                0         -nan%                0         -nan%
LOW_CONF_COUNT_RET_16                                0         -nan%                0         -nan%
LOW_CONF_COUNT_RET_17                                0         -nan%                0         -nan%
LOW_CONF_COUNT_RET_18                                0         -nan%                0         -nan%
LOW_CONF_COUNT_RET_19                                0         -nan%                0         -nan%
LOW_CONF_COUNT_RET_20                                0         -nan%                0         -nan%
                                                     0         -nan%                0         -nan%
                                                  -nan         -nan              -nan         -nan

CYCLES_RESTEER_RECOVER_AT_EXEC                       0         -nan%                0         -nan%
CYCLES_RESTEER_RECOVER_AT_DECODE                     0         -nan%                0         -nan%
CYCLES_RESTEER_BTB_MISS                              0         -nan%                0         -nan%
                                                     0         -nan%                0         -nan%
                                                  -nan         -nan              -nan         -nan

CYCLES_RESTEER_RECOVER_AT_EXEC_SAVED_UC_FETCH             0         -nan%                0         -nan%
CYCLES_RESTEER_RECOVER_AT_EXEC_COULD_BE_SAVED_UC_FETCH             0         -nan%                0         -nan%
CYCLES_RESTEER_RECOVER_AT_DECODE_SAVED_UC_FETCH             0         -nan%                0         -nan%
CYCLES_RESTEER_RECOVER_AT_DECODE_COULD_BE_SAVED_UC_FETCH             0         -nan%                0         -nan%
CYCLES_RESTEER_BTB_MISS_SAVED_UC_FETCH               0         -nan%                0         -nan%
CYCLES_RESTEER_BTB_MISS_COULD_BE_SAVED_UC_FETCH             0         -nan%                0         -nan%
                                                     0         -nan%                0         -nan%
                                                  -nan         -nan              -nan         -nan

CYCLES_UOC_IC_SWITCH                                 0                              0              



