/* -*- Mode: c -*- */
####################################################################################################
Core 0
####################################################################################################
Cumulative:        Cycles: 28841229              Instructions: 89999999              IPC: 3.12053

Periodic:          Cycles: 28841229              Instructions: 89999999              IPC: 3.12053

EXECUTION_TIME                           9012884062500                  9012884062500              

SIM_HOST_WALL_SECONDS                       366.008803                     366.008803              

NODE_CYCLE                                    28841229                       28841229              

NODE_INST_COUNT                               90000077                       90000077              

NODE_INST_COUNT_FETCHED                       89999999                       89999999              

NODE_UOP_COUNT                               102844702                      102844702              

EXEC_STAGE_NO_ISSUE_STALL_CYCLE               18754248                       18754248              

EXEC_STAGE_NO_ISSUE_STALL_CYCLE_ONPATH        18516625                       18516625              

FULL_WINDOW_STALL                                 3858        0.013%             3858        0.013%

FULL_WINDOW_MEM_OP                                3450       92.246%             3450       92.246%
FULL_WINDOW_FP_OP                                    0        0.000%                0        0.000%
FULL_WINDOW_OTHER_OP                               290        7.754%              290        7.754%
                                                  3740      100.000%             3740      100.000%
                                                  0.16         0.52              0.16         0.52

RET_BLOCKED_DC_MISS                            4024020       13.952%          4024020       13.952%

RET_BLOCKED_L1_MISS                            3635002       12.603%          3635002       12.603%

RET_BLOCKED_L1_MISS_BW_PREF                      10110        0.035%            10110        0.035%

RET_BLOCKED_L1_ACCESS                           443575        1.538%           443575        1.538%

RET_BLOCKED_MEM_STALL                          8142662       28.233%          8142662       28.233%

RET_BLOCKED_OFFCHIP_DEMAND                           0        0.000%                0        0.000%

OP_ISSUED                                    103501345                      103501345              

OP_RETIRED                                   102844702                      102844702              

OP_MACRO_FUSION_ONPATH                        15326468                       15326468              

OP_MACRO_FUSION_OFFPATH                         262390                         262390              

REPLAY_SIGNALED                                      0                              0              

REPLAY_COUNTED                                       0                              0              

OFF_CRITICAL_PATH                                    0         -nan%                0         -nan%
ON_CRITICAL_PATH                                     0         -nan%                0         -nan%
                                                     0         -nan%                0         -nan%
                                                  -nan         -nan              -nan         -nan

LD_NO_DEPENDENTS                               1341059        7.399%          1341059        7.399%
LD_DEPENDENTS                                 16784479       92.601%         16784479       92.601%
                                              18125538      100.000%         18125538      100.000%
                                                  0.93         0.89              0.93         0.89

LD_EXEC_CYCLES_0                                     0        0.000%                0        0.000%
LD_EXEC_CYCLES_1                               1637481       66.054%          1637481       66.054%
LD_EXEC_CYCLES_2                                204509        8.250%           204509        8.250%
LD_EXEC_CYCLES_3                                146798        5.922%           146798        5.922%
LD_EXEC_CYCLES_4                                490199       19.774%           490199       19.774%
                                               2478987      100.000%          2478987      100.000%
                                                  1.79         1.45              1.79         1.45

ICACHE_STAGE_STARVED                            307757        1.090%           307757        1.090%
ICACHE_STAGE_NOT_STARVED                      27930950       98.910%         27930950       98.910%
                                              28238707      100.000%         28238707      100.000%
                                                  0.99         0.98              0.99         0.98

ICACHE_STAGE_STALLED                          12609725       43.721%         12609725       43.721%
ICACHE_STAGE_NOT_STALLED                      15628982       54.190%         15628982       54.190%
ICACHE_STAGE_OFF_PATH                           602522        2.089%           602522        2.089%
                                              28841229      100.000%         28841229      100.000%
                                                  0.58         0.38              0.58         0.38

DECODE_STAGE_STARVED                          28310939       98.823%         28310939       98.823%
DECODE_STAGE_NOT_STARVED                        337327        1.177%           337327        1.177%
                                              28648266      100.000%         28648266      100.000%
                                                  0.01         0.11              0.01         0.11

DECODE_STAGE_STALLED                           5766558       19.994%          5766558       19.994%
DECODE_STAGE_NOT_STALLED                      22881708       79.337%         22881708       79.337%
DECODE_STAGE_OFF_PATH                           192963        0.669%           192963        0.669%
                                              28841229      100.000%         28841229      100.000%
                                                  0.81         0.21              0.81         0.21

UOPQ_STAGE_STARVED                             1012118        6.478%          1012118        6.478%
UOPQ_STAGE_NOT_STARVED                        14610820       93.522%         14610820       93.522%
                                              15622938      100.000%         15622938      100.000%
                                                  0.94         0.91              0.94         0.91

UOPQ_STAGE_STALLED                            12708070       44.062%         12708070       44.062%
UOPQ_STAGE_NOT_STALLED                        15622938       54.169%         15622938       54.169%
UOPQ_STAGE_OFF_PATH                             510221        1.769%           510221        1.769%
                                              28841229      100.000%         28841229      100.000%
                                                  0.58         0.37              0.58         0.37

RS_OP_READY_NOT_ISSUED_TOTAL                 194794724                      194794724              

RS_0_OP_READY_NOT_ISSUED                      65705958                       65705958              

RS_1_OP_READY_NOT_ISSUED                       6340211                        6340211              

RS_2_OP_READY_NOT_ISSUED                     122748555                      122748555              

RS_3_OP_READY_NOT_ISSUED                             0                              0              

RS_4_OP_READY_NOT_ISSUED                             0                              0              

RS_5_OP_READY_NOT_ISSUED                             0                              0              

RS_6_OP_READY_NOT_ISSUED                             0                              0              

RS_7_OP_READY_NOT_ISSUED                             0                              0              

RS_7_PLUS_OP_READY_NOT_ISSUED                        0                              0              

FU_IDLE_NO_READY_OPS_TOTAL                   124204015                      124204015              

FU_0_IDLE_NO_READY_OPS                        10401701                       10401701              

FU_1_IDLE_NO_READY_OPS                        11030174                       11030174              

FU_2_IDLE_NO_READY_OPS                        15956369                       15956369              

FU_3_IDLE_NO_READY_OPS                        15956698                       15956698              

FU_4_IDLE_NO_READY_OPS                        11173540                       11173540              

FU_5_IDLE_NO_READY_OPS                        10316702                       10316702              

FU_6_IDLE_NO_READY_OPS                        11156477                       11156477              

FU_7_IDLE_NO_READY_OPS                        11159321                       11159321              

FU_8_IDLE_NO_READY_OPS                        11096017                       11096017              

FU_9_IDLE_NO_READY_OPS                        15957016                       15957016              

FU_10_IDLE_NO_READY_OPS                              0                              0              

FU_11_IDLE_NO_READY_OPS                              0                              0              

FU_12_IDLE_NO_READY_OPS                              0                              0              

FU_13_IDLE_NO_READY_OPS                              0                              0              

FU_14_IDLE_NO_READY_OPS                              0                              0              

FU_15_IDLE_NO_READY_OPS                              0                              0              

FU_16_IDLE_NO_READY_OPS                              0                              0              

FU_17_IDLE_NO_READY_OPS                              0                              0              

FU_18_IDLE_NO_READY_OPS                              0                              0              

FU_19_IDLE_NO_READY_OPS                              0                              0              

FU_20_IDLE_NO_READY_OPS                              0                              0              

FU_21_IDLE_NO_READY_OPS                              0                              0              

FU_22_IDLE_NO_READY_OPS                              0                              0              

FU_23_IDLE_NO_READY_OPS                              0                              0              

FU_24_IDLE_NO_READY_OPS                              0                              0              

FU_25_IDLE_NO_READY_OPS                              0                              0              

FU_26_IDLE_NO_READY_OPS                              0                              0              

FU_27_IDLE_NO_READY_OPS                              0                              0              

FU_28_IDLE_NO_READY_OPS                              0                              0              

FU_29_IDLE_NO_READY_OPS                              0                              0              

FU_30_IDLE_NO_READY_OPS                              0                              0              

FU_31_IDLE_NO_READY_OPS                              0                              0              

FU_31_PLUS_IDLE_NO_READY_OPS                         0                              0              

MAP_STAGE_STARVED                               123432        0.711%           123432        0.711%
MAP_STAGE_NOT_STARVED                         17242937       99.289%         17242937       99.289%
                                              17366369      100.000%         17366369      100.000%
                                                  0.99         0.99              0.99         0.99

MAP_STAGE_STALLED                                63247        0.358%            63247        0.358%
MAP_STAGE_NOT_STALLED                         17303122       97.828%         17303122       97.828%
MAP_STAGE_OFF_PATH                              320874        1.814%           320874        1.814%
                                              17687243      100.000%         17687243      100.000%
                                                  1.01         0.19              1.01         0.19

MAP_STAGE_STALL_ITSELF                        11153986       38.674%         11153986       38.674%
MAP_STAGE_NOT_STALL_ITSELF                    17687243       61.326%         17687243       61.326%
                                              28841229      100.000%         28841229      100.000%
                                                  0.61         0.57              0.61         0.57

MAP_STAGE_LATE_ALLOCATE_SEND_BACK                    0                              0              

MAP_STAGE_RENAME_OP_ONPATH                   102844702                      102844702              

MAP_STAGE_RENAME_OP_OFFPATH                    1652435                        1652435              

MAP_STAGE_RENAME_INT_REG_ONPATH               81248651                       81248651              

MAP_STAGE_RENAME_INT_REG_OFFPATH               1251336                        1251336              

MAP_STAGE_RENAME_VEC_REG_ONPATH                 914102                         914102              

MAP_STAGE_RENAME_VEC_REG_OFFPATH                  4488                           4488              

MAP_STAGE_RENAME_MOVE_ELIM_ONPATH                    0                              0              

MAP_STAGE_RENAME_MOVE_ELIM_OFFPATH                   0                              0              

MAP_STAGE_ONPATH_INT_REG_NUM_ALLOC            87898940                       87898940              

MAP_STAGE_ONPATH_VEC_REG_NUM_ALLOC              914091                         914091              

MAP_STAGE_ONPATH_INT_REG_NUM_SHORTLIVE        30807613                       30807613              

MAP_STAGE_ONPATH_VEC_REG_NUM_SHORTLIVE          322086                         322086              

MAP_STAGE_ONPATH_INT_REG_USE_COUNT_0          21251585                       21251585              

MAP_STAGE_ONPATH_VEC_REG_USE_COUNT_0            229367                         229367              

MAP_STAGE_ONPATH_INT_REG_USE_COUNT_1          44233903                       44233903              

MAP_STAGE_ONPATH_VEC_REG_USE_COUNT_1            600136                         600136              

MAP_STAGE_ONPATH_INT_REG_USE_COUNT_2          13821360                       13821360              

MAP_STAGE_ONPATH_VEC_REG_USE_COUNT_2             38626                          38626              

MAP_STAGE_ONPATH_INT_REG_USE_COUNT_3           4747975                        4747975              

MAP_STAGE_ONPATH_VEC_REG_USE_COUNT_3               208                            208              

MAP_STAGE_ONPATH_INT_REG_USE_COUNT_4           1713598                        1713598              

MAP_STAGE_ONPATH_VEC_REG_USE_COUNT_4             45748                          45748              

MAP_STAGE_ONPATH_INT_REG_USE_COUNT_5            631312                         631312              

MAP_STAGE_ONPATH_VEC_REG_USE_COUNT_5                 2                              2              

MAP_STAGE_ONPATH_INT_REG_USE_COUNT_6            480135                         480135              

MAP_STAGE_ONPATH_VEC_REG_USE_COUNT_6                 0                              0              

MAP_STAGE_ONPATH_INT_REG_USE_COUNT_7_PLUS       1019072                        1019072              

MAP_STAGE_ONPATH_VEC_REG_USE_COUNT_7_PLUS             4                              4              

MAP_STAGE_ONPATH_INT_REG_CONSUME_DIST_0              0        0.0000                0        0.0000

MAP_STAGE_ONPATH_VEC_REG_CONSUME_DIST_0              0        0.0000                0        0.0000

MAP_STAGE_ONPATH_INT_REG_CONSUME_DIST_1              0        0.0000                0        0.0000

MAP_STAGE_ONPATH_VEC_REG_CONSUME_DIST_1              0        0.0000                0        0.0000

MAP_STAGE_ONPATH_INT_REG_CONSUME_DIST_2       44966295        3.2534         44966295        3.2534

MAP_STAGE_ONPATH_VEC_REG_CONSUME_DIST_2          36007        0.9322            36007        0.9322

MAP_STAGE_ONPATH_INT_REG_CONSUME_DIST_3      128088643       26.9775        128088643       26.9775

MAP_STAGE_ONPATH_VEC_REG_CONSUME_DIST_3            208        1.0000              208        1.0000

MAP_STAGE_ONPATH_INT_REG_CONSUME_DIST_4       42425108       24.7579         42425108       24.7579

MAP_STAGE_ONPATH_VEC_REG_CONSUME_DIST_4          45757        1.0002            45757        1.0002

MAP_STAGE_ONPATH_INT_REG_CONSUME_DIST_5       21272309       33.6954         21272309       33.6954

MAP_STAGE_ONPATH_VEC_REG_CONSUME_DIST_5              4        2.0000                4        2.0000

MAP_STAGE_ONPATH_INT_REG_CONSUME_DIST_6        8633490       17.9814          8633490       17.9814

MAP_STAGE_ONPATH_VEC_REG_CONSUME_DIST_6              0          -nan                0          -nan

MAP_STAGE_ONPATH_INT_REG_CONSUME_DIST_7_PLUS     112411528      110.3077        112411528      110.3077

MAP_STAGE_ONPATH_VEC_REG_CONSUME_DIST_7_PLUS      11301045  2825261.2500         11301045  2825261.2500

MAP_STAGE_INT_REG_ISSUE_READ_TOTAL_CONSUMED     118743356        6.3315        118743356        6.3315

MAP_STAGE_VEC_REG_ISSUE_READ_TOTAL_CONSUMED       2050822        0.1094          2050822        0.1094

MAP_STAGE_INT_REG_ISSUE_READ_MULTI_CONSUMED      51790474        2.7615         51790474        2.7615

MAP_STAGE_VEC_REG_ISSUE_READ_MULTI_CONSUMED       1365553        0.0728          1365553        0.0728

MAP_STAGE_INT_REG_ISSUE_READ_SAME_CYCLE_CONSUMED      25152714        1.3412         25152714        1.3412

MAP_STAGE_VEC_REG_ISSUE_READ_SAME_CYCLE_CONSUMED        488104        0.0260           488104        0.0260

MAP_STAGE_INT_REG_ISSUE_READ_TOTAL_CONSUMED_ONPATH     118107849        6.3785        118107849        6.3785

MAP_STAGE_VEC_REG_ISSUE_READ_TOTAL_CONSUMED_ONPATH       2050239        0.1107          2050239        0.1107

MAP_STAGE_INT_REG_ISSUE_READ_MULTI_CONSUMED_ONPATH      51460468        2.7791         51460468        2.7791

MAP_STAGE_VEC_REG_ISSUE_READ_MULTI_CONSUMED_ONPATH       1365504        0.0737          1365504        0.0737

MAP_STAGE_INT_REG_ISSUE_READ_SAME_CYCLE_CONSUMED_ONPATH      24991250        1.3497         24991250        1.3497

MAP_STAGE_VEC_REG_ISSUE_READ_SAME_CYCLE_CONSUMED_ONPATH        488090        0.0264           488090        0.0264

MAP_STAGE_ONPATH_INT_REG_LIFECYCLE_EMPTY    4309925520                     4309925520              

MAP_STAGE_ONPATH_VEC_REG_LIFECYCLE_EMPTY      22100551                       22100551              

MAP_STAGE_ONPATH_INT_REG_LIFECYCLE_IN_USE    5363401249                     5363401249              

MAP_STAGE_ONPATH_VEC_REG_LIFECYCLE_IN_USE      60520724                       60520724              

MAP_STAGE_ONPATH_INT_REG_LIFECYCLE_SPEC_RELEASE    6706435576                     6706435576              

MAP_STAGE_ONPATH_VEC_REG_LIFECYCLE_SPEC_RELEASE     150662290                      150662290              

MAP_STAGE_ONPATH_INT_REG_LIFECYCLE_NONSPEC_RELEASE    6706435576                     6706435576              

MAP_STAGE_ONPATH_VEC_REG_LIFECYCLE_NONSPEC_RELEASE     150662290                      150662290              

MAP_STAGE_ONPATH_INT_REG_LIFECYCLE_TOTAL    6706435576                     6706435576              

MAP_STAGE_ONPATH_VEC_REG_LIFECYCLE_TOTAL     150662290                      150662290              

MAP_STAGE_ONPATH_INT_REG_NUM_NONBRANCH        87898940                       87898940              

MAP_STAGE_ONPATH_VEC_REG_NUM_NONBRANCH          914091                         914091              

MAP_STAGE_ONPATH_INT_REG_NUM_NONEXCEPT        87898940                       87898940              

MAP_STAGE_ONPATH_VEC_REG_NUM_NONEXCEPT          914091                         914091              

MAP_STAGE_ONPATH_INT_REG_NUM_ATOMIC           87898940                       87898940              

MAP_STAGE_ONPATH_VEC_REG_NUM_ATOMIC             914091                         914091              

MAP_STAGE_ONPATH_INT_REG_ATOMIC_REDEFINED_DIST_TOTAL    6706435576       76.2971       6706435576       76.2971

MAP_STAGE_ONPATH_VEC_REG_ATOMIC_REDEFINED_DIST_TOTAL     150662290      164.8220        150662290      164.8220

MAP_STAGE_ONPATH_INT_REG_ATOMIC_CONSUMED_DIST_TOTAL    5363401249       61.0178       5363401249       61.0178

MAP_STAGE_ONPATH_VEC_REG_ATOMIC_CONSUMED_DIST_TOTAL      60520724       66.2086         60520724       66.2086

MAP_STAGE_ONPATH_INT_REG_ATOMIC_RELEASE_DIST_TOTAL    6706435576       76.2971       6706435576       76.2971

MAP_STAGE_ONPATH_VEC_REG_ATOMIC_RELEASE_DIST_TOTAL     150662290      164.8220        150662290      164.8220

EXEC_STAGE_STARVED                            18492665       64.119%         18492665       64.119%
EXEC_STAGE_NOT_STARVED                        10107629       35.046%         10107629       35.046%
EXEC_STAGE_OFF_PATH                             240935        0.835%           240935        0.835%
                                              28841229      100.000%         28841229      100.000%
                                                  0.37         0.40              0.37         0.40

FU_BUSY_0                                     15597794                       15597794              

FU_BUSY_1                                     14545407                       14545407              

FU_BUSY_2                                      6502769                        6502769              

FU_BUSY_3                                      6502105                        6502105              

FU_BUSY_4                                     13676668                       13676668              

FU_BUSY_5                                     16035470                       16035470              

FU_BUSY_6                                     13394125                       13394125              

FU_BUSY_7                                     13393235                       13393235              

FU_BUSY_8                                     14069691                       14069691              

FU_BUSY_9                                      6499215                        6499215              

FU_BUSY_10                                           0                              0              

FU_BUSY_11                                           0                              0              

FU_BUSY_12                                           0                              0              

FU_BUSY_13                                           0                              0              

FU_BUSY_14                                           0                              0              

FU_BUSY_15                                           0                              0              

FU_BUSY_16                                           0                              0              

FU_BUSY_17                                           0                              0              

FU_BUSY_18                                           0                              0              

FU_BUSY_19                                           0                              0              

FU_BUSY_20                                           0                              0              

FU_BUSY_21                                           0                              0              

FU_BUSY_22                                           0                              0              

FU_BUSY_23                                           0                              0              

FU_BUSY_24                                           0                              0              

FU_BUSY_25                                           0                              0              

FU_BUSY_26                                           0                              0              

FU_BUSY_27                                           0                              0              

FU_BUSY_28                                           0                              0              

FU_BUSY_29                                           0                              0              

FU_BUSY_30                                           0                              0              

FU_BUSY_31                                           0                              0              

FU_REJECTED_OP_INV_NOT_SIMD                          0        0.000%                0        0.000%
FU_REJECTED_OP_NOP_NOT_SIMD                      18311        0.117%            18311        0.117%
FU_REJECTED_OP_CF_NOT_SIMD                         123        0.001%              123        0.001%
FU_REJECTED_OP_MOV_NOT_SIMD                     180417        1.153%           180417        1.153%
FU_REJECTED_OP_CMOV_NOT_SIMD                         0        0.000%                0        0.000%
FU_REJECTED_OP_LDA_NOT_SIMD                     110475        0.706%           110475        0.706%
FU_REJECTED_OP_IMEM_NOT_SIMD                    697265        4.454%           697265        4.454%
FU_REJECTED_OP_IADD_NOT_SIMD                   2812090       17.964%          2812090       17.964%
FU_REJECTED_OP_IMUL_NOT_SIMD                    489574        3.127%           489574        3.127%
FU_REJECTED_OP_IDIV_NOT_SIMD                        43        0.000%               43        0.000%
FU_REJECTED_OP_ICMP_NOT_SIMD                        17        0.000%               17        0.000%
FU_REJECTED_OP_LOGIC_NOT_SIMD                   164977        1.054%           164977        1.054%
FU_REJECTED_OP_SHIFT_NOT_SIMD                   441182        2.818%           441182        2.818%
FU_REJECTED_OP_FMEM_NOT_SIMD                         3        0.000%                3        0.000%
FU_REJECTED_OP_FCVT_NOT_SIMD                         0        0.000%                0        0.000%
FU_REJECTED_OP_FADD_NOT_SIMD                         0        0.000%                0        0.000%
FU_REJECTED_OP_FMUL_NOT_SIMD                         0        0.000%                0        0.000%
FU_REJECTED_OP_FMA_NOT_SIMD                          0        0.000%                0        0.000%
FU_REJECTED_OP_FDIV_NOT_SIMD                         0        0.000%                0        0.000%
FU_REJECTED_OP_FCMP_NOT_SIMD                         0        0.000%                0        0.000%
FU_REJECTED_OP_FCMOV_NOT_SIMD                        0        0.000%                0        0.000%
FU_REJECTED_OP_GATHER_NOT_SIMD                       0        0.000%                0        0.000%
FU_REJECTED_OP_SCATTER_NOT_SIMD                      0        0.000%                0        0.000%
FU_REJECTED_OP_PIPELINED_FAST_NOT_SIMD               0        0.000%                0        0.000%
FU_REJECTED_OP_PIPELINED_MEDIUM_NOT_SIMD             0        0.000%                0        0.000%
FU_REJECTED_OP_PIPELINED_SLOW_NOT_SIMD               0        0.000%                0        0.000%
FU_REJECTED_OP_NOTPIPELINED_MEDIUM_NOT_SIMD             0        0.000%                0        0.000%
FU_REJECTED_OP_NOTPIPELINED_SLOW_NOT_SIMD             0        0.000%                0        0.000%
FU_REJECTED_OP_NOTPIPELINED_VERY_SLOW_NOT_SIMD             0        0.000%                0        0.000%
FU_REJECTED_OP_INV_SIMD                              0        0.000%                0        0.000%
FU_REJECTED_OP_NOP_SIMD                           3401        0.022%             3401        0.022%
FU_REJECTED_OP_CF_SIMD                               0        0.000%                0        0.000%
FU_REJECTED_OP_MOV_SIMD                            301        0.002%              301        0.002%
FU_REJECTED_OP_CMOV_SIMD                             0        0.000%                0        0.000%
FU_REJECTED_OP_LDA_SIMD                              0        0.000%                0        0.000%
FU_REJECTED_OP_IMEM_SIMD                             0        0.000%                0        0.000%
FU_REJECTED_OP_IADD_SIMD                             0        0.000%                0        0.000%
FU_REJECTED_OP_IMUL_SIMD                             0        0.000%                0        0.000%
FU_REJECTED_OP_IDIV_SIMD                             0        0.000%                0        0.000%
FU_REJECTED_OP_ICMP_SIMD                             0        0.000%                0        0.000%
FU_REJECTED_OP_LOGIC_SIMD                            0        0.000%                0        0.000%
FU_REJECTED_OP_SHIFT_SIMD                            0        0.000%                0        0.000%
FU_REJECTED_OP_FMEM_SIMD                             0        0.000%                0        0.000%
FU_REJECTED_OP_FCVT_SIMD                           523        0.003%              523        0.003%
FU_REJECTED_OP_FADD_SIMD                      10735406       68.579%         10735406       68.579%
FU_REJECTED_OP_FMUL_SIMD                             0        0.000%                0        0.000%
FU_REJECTED_OP_FMA_SIMD                              0        0.000%                0        0.000%
FU_REJECTED_OP_FDIV_SIMD                             0        0.000%                0        0.000%
FU_REJECTED_OP_FCMP_SIMD                             0        0.000%                0        0.000%
FU_REJECTED_OP_FCMOV_SIMD                            0        0.000%                0        0.000%
FU_REJECTED_OP_GATHER_SIMD                           0        0.000%                0        0.000%
FU_REJECTED_OP_SCATTER_SIMD                          0        0.000%                0        0.000%
FU_REJECTED_OP_PIPELINED_FAST_SIMD                   0        0.000%                0        0.000%
FU_REJECTED_OP_PIPELINED_MEDIUM_SIMD                 0        0.000%                0        0.000%
FU_REJECTED_OP_PIPELINED_SLOW_SIMD                   0        0.000%                0        0.000%
FU_REJECTED_OP_NOTPIPELINED_MEDIUM_SIMD              0        0.000%                0        0.000%
FU_REJECTED_OP_NOTPIPELINED_SLOW_SIMD                0        0.000%                0        0.000%
FU_REJECTED_OP_NOTPIPELINED_VERY_SLOW_SIMD             0        0.000%                0        0.000%
                                              15654108      100.000%         15654108      100.000%
                                                 32.48        17.05             32.48        17.05

LSQ_FULL_TOTAL                                 1838111                        1838111              

LSQ_FULL_LOAD_QUEUE                                  0                              0              

LSQ_FULL_STORE_QUEUE                           1838111                        1838111              

OP_WAIT_0                                     69451152                       69451152              

OP_WAIT_1                                     11692815                       11692815              

OP_WAIT_2                                      4984661                        4984661              

OP_WAIT_3                                      3154264                        3154264              

OP_WAIT_4                                      1978596                        1978596              

OP_WAIT_5                                      1743907                        1743907              

OP_WAIT_6                                      1428193                        1428193              

OP_WAIT_7                                      1183818                        1183818              

OP_WAIT_8                                       834641                         834641              

OP_WAIT_9                                       690104                         690104              

OP_WAIT_10                                      605629                         605629              

OP_WAIT_11                                      449783                         449783              

OP_WAIT_12                                      430645                         430645              

OP_WAIT_13                                      328437                         328437              

OP_WAIT_14                                      376922                         376922              

OP_WAIT_15                                      314222                         314222              

OP_WAIT_16                                      329936                         329936              

OP_WAIT_17                                      297052                         297052              

OP_WAIT_18                                      260011                         260011              

OP_WAIT_19                                      156001                         156001              

OP_WAIT_20                                      108317                         108317              

OP_WAIT_21                                       93367                          93367              

OP_WAIT_22                                      100923                         100923              

OP_WAIT_23                                      112131                         112131              

OP_WAIT_24                                       91821                          91821              

OP_WAIT_25                                       70011                          70011              

OP_WAIT_26                                       67733                          67733              

OP_WAIT_27                                       49234                          49234              

OP_WAIT_28                                       37794                          37794              

OP_WAIT_29                                       37563                          37563              

OP_WAIT_30                                       35946                          35946              

OP_WAIT_31                                     1349073                        1349073              

ROW_SIZE_0                                    13666597                       13666597              

ROW_SIZE_1                                     1412340                        1412340              

ROW_SIZE_2                                      470989                         470989              

ROW_SIZE_3                                      278256                         278256              

ROW_SIZE_4                                      606330                         606330              

ROW_SIZE_5                                      203960                         203960              

ROW_SIZE_6                                      214051                         214051              

ROW_SIZE_7                                      270298                         270298              

ROW_SIZE_8                                    11629263                       11629263              

ROW_SIZE_9                                           0                              0              

ROW_SIZE_10                                          0                              0              

ROW_SIZE_11                                          0                              0              

ROW_SIZE_12                                          0                              0              

ROW_SIZE_13                                          0                              0              

ROW_SIZE_14                                          0                              0              

ROW_SIZE_15                                          0                              0              

ROW_SIZE_16                                          0                              0              

ROW_SIZE_17                                          0                              0              

ROW_SIZE_18                                          0                              0              

ROW_SIZE_19                                          0                              0              

ROW_SIZE_20                                          0                              0              

ROW_SIZE_21                                          0                              0              

ROW_SIZE_22                                          0                              0              

ROW_SIZE_23                                          0                              0              

ROW_SIZE_24                                          0                              0              

ROW_SIZE_25                                          0                              0              

ROW_SIZE_26                                          0                              0              

ROW_SIZE_27                                          0                              0              

ROW_SIZE_28                                          0                              0              

ROW_SIZE_29                                          0                              0              

ROW_SIZE_30                                          0                              0              

ROW_SIZE_31                                          0                              0              

RET_OP_EXEC_COUNT_0                                  0        0.000%                0        0.000%
RET_OP_EXEC_COUNT_1                          102844702      100.000%        102844702      100.000%
RET_OP_EXEC_COUNT_2                                  0        0.000%                0        0.000%
RET_OP_EXEC_COUNT_3                                  0        0.000%                0        0.000%
RET_OP_EXEC_COUNT_4                                  0        0.000%                0        0.000%
RET_OP_EXEC_COUNT_5                                  0        0.000%                0        0.000%
RET_OP_EXEC_COUNT_6                                  0        0.000%                0        0.000%
RET_OP_EXEC_COUNT_7                                  0        0.000%                0        0.000%
RET_OP_EXEC_COUNT_8                                  0        0.000%                0        0.000%
RET_OP_EXEC_COUNT_9                                  0        0.000%                0        0.000%
RET_OP_EXEC_COUNT_10                                 0        0.000%                0        0.000%
RET_OP_EXEC_COUNT_11                                 0        0.000%                0        0.000%
RET_OP_EXEC_COUNT_12                                 0        0.000%                0        0.000%
RET_OP_EXEC_COUNT_13                                 0        0.000%                0        0.000%
RET_OP_EXEC_COUNT_14                                 0        0.000%                0        0.000%
RET_OP_EXEC_COUNT_15                                 0        0.000%                0        0.000%
RET_OP_EXEC_COUNT_16                                 0        0.000%                0        0.000%
RET_OP_EXEC_COUNT_17                                 0        0.000%                0        0.000%
RET_OP_EXEC_COUNT_18                                 0        0.000%                0        0.000%
RET_OP_EXEC_COUNT_19                                 0        0.000%                0        0.000%
RET_OP_EXEC_COUNT_20                                 0        0.000%                0        0.000%
RET_OP_EXEC_COUNT_21                                 0        0.000%                0        0.000%
RET_OP_EXEC_COUNT_22                                 0        0.000%                0        0.000%
RET_OP_EXEC_COUNT_23                                 0        0.000%                0        0.000%
RET_OP_EXEC_COUNT_24                                 0        0.000%                0        0.000%
RET_OP_EXEC_COUNT_25                                 0        0.000%                0        0.000%
RET_OP_EXEC_COUNT_26                                 0        0.000%                0        0.000%
RET_OP_EXEC_COUNT_27                                 0        0.000%                0        0.000%
RET_OP_EXEC_COUNT_28                                 0        0.000%                0        0.000%
RET_OP_EXEC_COUNT_29                                 0        0.000%                0        0.000%
RET_OP_EXEC_COUNT_30                                 0        0.000%                0        0.000%
RET_OP_EXEC_COUNT_31                                 0        0.000%                0        0.000%
RET_OP_EXEC_COUNT_32                                 0        0.000%                0        0.000%
                                             102844702      100.000%        102844702      100.000%
                                                  1.00         0.00              1.00         0.00

RET_STALL_LENGTH_0                           102825702       99.982%        102825702       99.982%
RET_STALL_LENGTH_100                              5124        0.005%             5124        0.005%
RET_STALL_LENGTH_200                              1311        0.001%             1311        0.001%
RET_STALL_LENGTH_300                              1511        0.001%             1511        0.001%
RET_STALL_LENGTH_400                              4467        0.004%             4467        0.004%
RET_STALL_LENGTH_500                              3326        0.003%             3326        0.003%
RET_STALL_LENGTH_600                              1370        0.001%             1370        0.001%
RET_STALL_LENGTH_700                               530        0.001%              530        0.001%
RET_STALL_LENGTH_800                               295        0.000%              295        0.000%
RET_STALL_LENGTH_900                               209        0.000%              209        0.000%
RET_STALL_LENGTH_1000                               99        0.000%               99        0.000%
RET_STALL_LENGTH_1100                              107        0.000%              107        0.000%
RET_STALL_LENGTH_1200                              195        0.000%              195        0.000%
RET_STALL_LENGTH_1300                               95        0.000%               95        0.000%
RET_STALL_LENGTH_1400                               44        0.000%               44        0.000%
RET_STALL_LENGTH_1500                               32        0.000%               32        0.000%
RET_STALL_LENGTH_1600                               79        0.000%               79        0.000%
RET_STALL_LENGTH_1700                               91        0.000%               91        0.000%
RET_STALL_LENGTH_1800                               59        0.000%               59        0.000%
RET_STALL_LENGTH_1900                               19        0.000%               19        0.000%
RET_STALL_LENGTH_2000                                7        0.000%                7        0.000%
RET_STALL_LENGTH_2100                                9        0.000%                9        0.000%
RET_STALL_LENGTH_2200                                6        0.000%                6        0.000%
RET_STALL_LENGTH_2300                                3        0.000%                3        0.000%
RET_STALL_LENGTH_2400                                2        0.000%                2        0.000%
RET_STALL_LENGTH_2500                                3        0.000%                3        0.000%
RET_STALL_LENGTH_2600                                3        0.000%                3        0.000%
RET_STALL_LENGTH_2700                                3        0.000%                3        0.000%
RET_STALL_LENGTH_2800                                1        0.000%                1        0.000%
RET_STALL_LENGTH_2900                                0        0.000%                0        0.000%
RET_STALL_LENGTH_3000                                0        0.000%                0        0.000%
RET_STALL_LENGTH_3100                                0        0.000%                0        0.000%
RET_STALL_LENGTH_3200                                0        0.000%                0        0.000%
RET_STALL_LENGTH_3300                                0        0.000%                0        0.000%
RET_STALL_LENGTH_3400                                0        0.000%                0        0.000%
RET_STALL_LENGTH_3500                                0        0.000%                0        0.000%
RET_STALL_LENGTH_3600                                0        0.000%                0        0.000%
RET_STALL_LENGTH_3700                                0        0.000%                0        0.000%
RET_STALL_LENGTH_3800                                0        0.000%                0        0.000%
RET_STALL_LENGTH_3900                                0        0.000%                0        0.000%
RET_STALL_LENGTH_4000                                0        0.000%                0        0.000%
RET_STALL_LENGTH_4100                                0        0.000%                0        0.000%
RET_STALL_LENGTH_4200                                0        0.000%                0        0.000%
RET_STALL_LENGTH_4300                                0        0.000%                0        0.000%
RET_STALL_LENGTH_4400                                0        0.000%                0        0.000%
RET_STALL_LENGTH_4500                                0        0.000%                0        0.000%
RET_STALL_LENGTH_4600                                0        0.000%                0        0.000%
RET_STALL_LENGTH_4700                                0        0.000%                0        0.000%
RET_STALL_LENGTH_4800                                0        0.000%                0        0.000%
RET_STALL_LENGTH_4900                                0        0.000%                0        0.000%
RET_STALL_LENGTH_5000                                0        0.000%                0        0.000%
                                             102844702      100.000%        102844702      100.000%
                                                  0.00         0.07              0.00         0.07

MEM_BLOCK_LENGTH_0                               14394       48.017%            14394       48.017%
MEM_BLOCK_LENGTH_100                              4810       16.046%             4810       16.046%
MEM_BLOCK_LENGTH_200                              2209        7.369%             2209        7.369%
MEM_BLOCK_LENGTH_300                               708        2.362%              708        2.362%
MEM_BLOCK_LENGTH_400                               982        3.276%              982        3.276%
MEM_BLOCK_LENGTH_500                              2112        7.045%             2112        7.045%
MEM_BLOCK_LENGTH_600                              1893        6.315%             1893        6.315%
MEM_BLOCK_LENGTH_700                              1326        4.423%             1326        4.423%
MEM_BLOCK_LENGTH_800                               739        2.465%              739        2.465%
MEM_BLOCK_LENGTH_900                               317        1.057%              317        1.057%
MEM_BLOCK_LENGTH_1000                              104        0.347%              104        0.347%
MEM_BLOCK_LENGTH_1100                               33        0.110%               33        0.110%
MEM_BLOCK_LENGTH_1200                               37        0.123%               37        0.123%
MEM_BLOCK_LENGTH_1300                               67        0.224%               67        0.224%
MEM_BLOCK_LENGTH_1400                               35        0.117%               35        0.117%
MEM_BLOCK_LENGTH_1500                               20        0.067%               20        0.067%
MEM_BLOCK_LENGTH_1600                               12        0.040%               12        0.040%
MEM_BLOCK_LENGTH_1700                               34        0.113%               34        0.113%
MEM_BLOCK_LENGTH_1800                               60        0.200%               60        0.200%
MEM_BLOCK_LENGTH_1900                               36        0.120%               36        0.120%
MEM_BLOCK_LENGTH_2000                               29        0.097%               29        0.097%
MEM_BLOCK_LENGTH_2100                               10        0.033%               10        0.033%
MEM_BLOCK_LENGTH_2200                                4        0.013%                4        0.013%
MEM_BLOCK_LENGTH_2300                                3        0.010%                3        0.010%
MEM_BLOCK_LENGTH_2400                                0        0.000%                0        0.000%
MEM_BLOCK_LENGTH_2500                                2        0.007%                2        0.007%
MEM_BLOCK_LENGTH_2600                                0        0.000%                0        0.000%
MEM_BLOCK_LENGTH_2700                                0        0.000%                0        0.000%
MEM_BLOCK_LENGTH_2800                                1        0.003%                1        0.003%
MEM_BLOCK_LENGTH_2900                                0        0.000%                0        0.000%
MEM_BLOCK_LENGTH_3000                                0        0.000%                0        0.000%
MEM_BLOCK_LENGTH_3100                                0        0.000%                0        0.000%
MEM_BLOCK_LENGTH_3200                                0        0.000%                0        0.000%
MEM_BLOCK_LENGTH_3300                                0        0.000%                0        0.000%
MEM_BLOCK_LENGTH_3400                                0        0.000%                0        0.000%
MEM_BLOCK_LENGTH_3500                                0        0.000%                0        0.000%
MEM_BLOCK_LENGTH_3600                                0        0.000%                0        0.000%
MEM_BLOCK_LENGTH_3700                                0        0.000%                0        0.000%
MEM_BLOCK_LENGTH_3800                                0        0.000%                0        0.000%
MEM_BLOCK_LENGTH_3900                                0        0.000%                0        0.000%
MEM_BLOCK_LENGTH_4000                                0        0.000%                0        0.000%
MEM_BLOCK_LENGTH_4100                                0        0.000%                0        0.000%
MEM_BLOCK_LENGTH_4200                                0        0.000%                0        0.000%
MEM_BLOCK_LENGTH_4300                                0        0.000%                0        0.000%
MEM_BLOCK_LENGTH_4400                                0        0.000%                0        0.000%
MEM_BLOCK_LENGTH_4500                                0        0.000%                0        0.000%
MEM_BLOCK_LENGTH_4600                                0        0.000%                0        0.000%
MEM_BLOCK_LENGTH_4700                                0        0.000%                0        0.000%
MEM_BLOCK_LENGTH_4800                                0        0.000%                0        0.000%
MEM_BLOCK_LENGTH_4900                                0        0.000%                0        0.000%
MEM_BLOCK_LENGTH_5000                                0        0.000%                0        0.000%
                                                 29977      100.000%            29977      100.000%
                                                  2.08         2.66              2.08         2.66

FUS_BUSY_ON_PATH                             119546345        4.1450        119546345        4.1450

FUS_BUSY_OFF_PATH                               670134        0.0232           670134        0.0232

FU_BUSY_MEM_STALL                             14963862        0.5188         14963862        0.5188

FUS_EMPTY                                    168195811        5.8318        168195811        5.8318

FU_UNAVAILABLE                                 1408861        0.0488          1408861        0.0488

FU_MEM_UNAVAILABLE                            14245247        0.4939         14245247        0.4939

FU_OTHER_UNAVAILABLE                                 0        0.0000                0        0.0000

FU_REPLAY                                            0        0.0000                0        0.0000

FU_STARVED                                   168138465        5.8298        168138465        5.8298

CHIP_UTILIZATION                                     0        0.0000                0        0.0000

CYCLES_UNDER_MEM_REQ                                 0                              0              

CYCLES_UNDER_NO_MEM_REQ                              0                              0              

CYCLES_UNDER_CRITICAL_MEM_REQ                        0                              0              

CYCLES_UNDER_NONCRITICAL_MEM_REQ                     0                              0              

CHIP_UTILIZATION_UNDER_MEM_REQ                       0          -nan                0          -nan

CHIP_UTILIZATION_UNDER_NO_MEM_REQ                    0          -nan                0          -nan

CHIP_UTILIZATION_UNDER_CRITICAL_MEM_REQ              0          -nan                0          -nan

CHIP_UTILIZATION_UNDER_NONCRITICAL_MEM_REQ             0          -nan                0          -nan

CYCLES_NOT_WAITING_FOR_OFF_CHIP                      0        0.0000                0        0.0000

FUS_BUSY_NOT_WAITING_FOR_OFF_CHIP                    0          -nan                0          -nan

CYCLES_WAITING_FOR_OFF_CHIP                          0        0.0000                0        0.0000

FUS_BUSY_WAITING_FOR_OFF_CHIP                        0          -nan                0          -nan

TOTAL_OFF_CHIP_DELAYS_LEFT                           0                              0              

WRONG_IO_SCHED                                       0                              0              

DVFS_CONFIG_SWITCH                                   0                              0              

MAP_STAGE_RECEIVED_OPS_0                             0        0.000%                0        0.000%
MAP_STAGE_RECEIVED_OPS_1                         11153        0.065%            11153        0.065%
MAP_STAGE_RECEIVED_OPS_2                         14697        0.086%            14697        0.086%
MAP_STAGE_RECEIVED_OPS_3                         12613        0.073%            12613        0.073%
MAP_STAGE_RECEIVED_OPS_4                         14723        0.086%            14723        0.086%
MAP_STAGE_RECEIVED_OPS_5                         13185        0.077%            13185        0.077%
MAP_STAGE_RECEIVED_OPS_6                      17102931       99.613%         17102931       99.613%
MAP_STAGE_RECEIVED_OPS_7                             0        0.000%                0        0.000%
MAP_STAGE_RECEIVED_OPS_8                             0        0.000%                0        0.000%
MAP_STAGE_RECEIVED_OPS_MAX                           0        0.000%                0        0.000%
                                              17169302      100.000%         17169302      100.000%
                                                  5.99         0.20              5.99         0.20

MAP_STAGE_WAIT_FOR_DECODE                            0         -nan%                0         -nan%
MAP_STAGE_CONSUME_DECODE                             0         -nan%                0         -nan%
                                                     0         -nan%                0         -nan%
                                                  -nan         -nan              -nan         -nan

MAP_STAGE_WAIT_FOR_DECODE2                           0         -nan%                0         -nan%
MAP_STAGE_CONSUME_DECODE2                            0         -nan%                0         -nan%
                                                     0         -nan%                0         -nan%
                                                  -nan         -nan              -nan         -nan

FTQ_RECOVER_EXEC                                  9038                           9038              

FTQ_RECOVER_DECODE                                 257                            257              

FTQ_OFFPATH_CYCLES                             2569428                        2569428              

FTQ_CYCLES_OFFPATH                             2569428                        2569428              

FTQ_CYCLES_ONPATH                             26271801                       26271801              

FTQ_FETCHED_INS_ONPATH                       102843348                      102843348              

FTQ_FETCHED_INS_OFFPATH                       15101944                       15101944              

FTQ_BREAK_FULL_FT_ONPATH                      20897168                       20897168              

FTQ_BREAK_FULL_FT_OFFPATH                      1362868                        1362868              

FTQ_BREAK_PRED_BR_ONPATH                             0                              0              

FTQ_BREAK_PRED_BR_OFFPATH                            0                              0              

FTQ_BREAK_BAR_FETCH_ONPATH                           0                              0              

FTQ_BREAK_BAR_FETCH_OFFPATH                          0                              0              

FTQ_BREAK_MAX_CFS_TAKEN_ONPATH                       0                              0              

FTQ_BREAK_MAX_CFS_TAKEN_OFFPATH                      0                              0              

FTQ_BREAK_MAX_FT_ONPATH                        5374521                        5374521              

FTQ_BREAK_MAX_FT_OFFPATH                       1206560                        1206560              

DFE_GEN_ON_PATH_FT                            13083345                       13083345              

DFE_GEN_OFF_PATH_FT                            1652568                        1652568              

DFE_L0_ENABLED_PREDICTIONS                   102844702                      102844702              

DFE_L0_WRONG_MAIN_CORRECT                       572288                         572288              

DFE_L0_WRONG_MAIN_WRONG                           6723                           6723              

DFE_L0_CORRECT_MAIN_WRONG                         2572                           2572              

DFE_L0_CORRECT_MAIN_CORRECT                  102263119                      102263119              

DFE_L0_WRONG_MAIN_CORRECT_RECOVERY_SCHEDULED             0                              0              

FTQ_SAW_BAR_FETCH_OFFPATH                          258                            258              

FTQ_SAW_BAR_FETCH_ONPATH                           819                            819              

DFE_CONF_0_RECOVER_AT_EXEC                           0         -nan%                0         -nan%
DFE_CONF_1_RECOVER_AT_EXEC                           0         -nan%                0         -nan%
DFE_CONF_2_RECOVER_AT_EXEC                           0         -nan%                0         -nan%
DFE_CONF_3_RECOVER_AT_EXEC                           0         -nan%                0         -nan%
DFE_CONF_0_CORRECT                                   0         -nan%                0         -nan%
DFE_CONF_1_CORRECT                                   0         -nan%                0         -nan%
DFE_CONF_2_CORRECT                                   0         -nan%                0         -nan%
DFE_CONF_3_CORRECT                                   0         -nan%                0         -nan%
                                                     0         -nan%                0         -nan%
                                                  -nan         -nan              -nan         -nan

DFE_ON_CONF_ON_OPS                                   0         -nan%                0         -nan%
DFE_ON_CONF_OFF_OPS                                  0         -nan%                0         -nan%
DFE_OFF_CONF_ON_OPS                                  0         -nan%                0         -nan%
DFE_OFF_CONF_OFF_REALISTIC_OPS                       0         -nan%                0         -nan%
DFE_OFF_CONF_OFF_PERFECT_OPS                         0         -nan%                0         -nan%
                                                     0         -nan%                0         -nan%
                                                  -nan         -nan              -nan         -nan

DFE_ON_CONF_ON_FETCH_TARGETS                         0         -nan%                0         -nan%
DFE_ON_CONF_OFF_FETCH_TARGETS                        0         -nan%                0         -nan%
DFE_OFF_CONF_ON_FETCH_TARGETS                        0         -nan%                0         -nan%
DFE_OFF_CONF_OFF_REALISTIC_FETCH_TARGETS             0         -nan%                0         -nan%
DFE_OFF_CONF_OFF_PERFECT_FETCH_TARGETS               0         -nan%                0         -nan%
                                                     0         -nan%                0         -nan%
                                                  -nan         -nan              -nan         -nan

DFE_ON_CONF_ON_CYCLES                                0         -nan%                0         -nan%
DFE_ON_CONF_OFF_CYCLES                               0         -nan%                0         -nan%
DFE_OFF_CONF_ON_CYCLES                               0         -nan%                0         -nan%
DFE_OFF_CONF_OFF_REALISTIC_CYCLES                    0         -nan%                0         -nan%
DFE_OFF_CONF_OFF_PERFECT_CYCLES                      0         -nan%                0         -nan%
                                                     0         -nan%                0         -nan%
                                                  -nan         -nan              -nan         -nan

DFE_OFF_CONF_ON_NUM_EVENTS                           0                              0              

DFE_OFF_CONF_ON_NOT_IDENTIFIED_EVENTS                0         -nan%                0         -nan%
DFE_OFF_CONF_ON_IBTB_MISS_EVENTS                     0         -nan%                0         -nan%
DFE_OFF_CONF_ON_BTB_MISS_EVENTS                      0         -nan%                0         -nan%
DFE_OFF_CONF_ON_BTB_MISS_RECOVER_AT_EXEC_EVENTS             0         -nan%                0         -nan%
DFE_OFF_CONF_ON_RECOVER_AT_EXEC_EVENTS               0         -nan%                0         -nan%
DFE_OFF_CONF_ON_RECOVER_AT_DECODE_EVENTS             0         -nan%                0         -nan%
                                                     0         -nan%                0         -nan%
                                                  -nan         -nan              -nan         -nan

DFE_OFF_CONF_ON_LATE_BTB_HIT_EVENTS                  0                              0              

DFE_OFF_CONF_ON_NOT_IDENTIFIED_CYCLES                0         -nan%                0         -nan%
DFE_OFF_CONF_ON_IBTB_MISS_CYCLES                     0         -nan%                0         -nan%
DFE_OFF_CONF_ON_BTB_MISS_CYCLES                      0         -nan%                0         -nan%
DFE_OFF_CONF_ON_BTB_MISS_RECOVER_AT_EXEC_CYCLES             0         -nan%                0         -nan%
DFE_OFF_CONF_ON_RECOVER_AT_EXEC_CYCLES               0         -nan%                0         -nan%
DFE_OFF_CONF_ON_RECOVER_AT_DECODE_CYCLES             0         -nan%                0         -nan%
                                                     0         -nan%                0         -nan%
                                                  -nan         -nan              -nan         -nan

DFE_OFF_CONF_ON_LATE_BTB_HIT_CYCLES                  0                              0              

DFE_OFF_CONF_ON_NOT_IDENTIFIED_FETCH_TARGETS             0         -nan%                0         -nan%
DFE_OFF_CONF_ON_IBTB_MISS_FETCH_TARGETS              0         -nan%                0         -nan%
DFE_OFF_CONF_ON_BTB_MISS_FETCH_TARGETS               0         -nan%                0         -nan%
DFE_OFF_CONF_ON_BTB_MISS_RECOVER_AT_EXEC_FETCH_TARGETS             0         -nan%                0         -nan%
DFE_OFF_CONF_ON_RECOVER_AT_EXEC_FETCH_TARGETS             0         -nan%                0         -nan%
DFE_OFF_CONF_ON_RECOVER_AT_DECODE_FETCH_TARGETS             0         -nan%                0         -nan%
                                                     0         -nan%                0         -nan%
                                                  -nan         -nan              -nan         -nan

DFE_OFF_CONF_ON_LATE_BTB_HIT_FETCH_TARGETS             0                              0              

DFE_OFF_CONF_ON_BP_INCORRECT_0_CONF                  0         -nan%                0         -nan%
DFE_OFF_CONF_ON_BP_INCORRECT_1_CONF                  0         -nan%                0         -nan%
DFE_OFF_CONF_ON_BP_INCORRECT_2_CONF                  0         -nan%                0         -nan%
DFE_OFF_CONF_ON_BP_INCORRECT_3_CONF                  0         -nan%                0         -nan%
                                                     0         -nan%                0         -nan%
                                                  -nan         -nan              -nan         -nan

DFE_OFF_CONF_ON_BTB_MISS_CBR_0_CONF                  0         -nan%                0         -nan%
DFE_OFF_CONF_ON_BTB_MISS_CBR_1_CONF                  0         -nan%                0         -nan%
DFE_OFF_CONF_ON_BTB_MISS_CBR_2_CONF                  0         -nan%                0         -nan%
DFE_OFF_CONF_ON_BTB_MISS_CBR_3_CONF                  0         -nan%                0         -nan%
                                                     0         -nan%                0         -nan%
                                                  -nan         -nan              -nan         -nan

DFE_OFF_CONF_ON_BTB_MISS_NOT_CF                      0         -nan%                0         -nan%
DFE_OFF_CONF_ON_BTB_MISS_CF_BR                       0         -nan%                0         -nan%
DFE_OFF_CONF_ON_BTB_MISS_CF_CBR                      0         -nan%                0         -nan%
DFE_OFF_CONF_ON_BTB_MISS_CF_CALL                     0         -nan%                0         -nan%
DFE_OFF_CONF_ON_BTB_MISS_CF_IBR                      0         -nan%                0         -nan%
DFE_OFF_CONF_ON_BTB_MISS_CF_ICALL                    0         -nan%                0         -nan%
DFE_OFF_CONF_ON_BTB_MISS_CF_ICO                      0         -nan%                0         -nan%
DFE_OFF_CONF_ON_BTB_MISS_CF_RET                      0         -nan%                0         -nan%
DFE_OFF_CONF_ON_BTB_MISS_CF_SYS                      0         -nan%                0         -nan%
                                                     0         -nan%                0         -nan%
                                                  -nan         -nan              -nan         -nan

DFE_ON_CONF_OFF_NUM_EVENTS                           0                              0              

CONF_BTB_NUM_CYCLES_OFF_PATH_EVENT                   0                              0              

DFE_ON_CONF_OFF_IBTB_MISS_BP_TAKEN                   0         -nan%                0         -nan%
DFE_ON_CONF_OFF_BTB_MISS_BP_TAKEN_CONF_0             0         -nan%                0         -nan%
DFE_ON_CONF_OFF_BTB_MISS_BP_TAKEN_CONF_1             0         -nan%                0         -nan%
DFE_ON_CONF_OFF_BTB_MISS_BP_TAKEN_CONF_2             0         -nan%                0         -nan%
DFE_ON_CONF_OFF_BTB_MISS_BP_TAKEN_CONF_3             0         -nan%                0         -nan%
DFE_ON_CONF_OFF_BTB_MISS_RATE                        0         -nan%                0         -nan%
DFE_ON_CONF_OFF_IBTB_MISS_RATE                       0         -nan%                0         -nan%
DFE_ON_CONF_OFF_RECOVER_AT_DECODE_RATE               0         -nan%                0         -nan%
DFE_ON_CONF_OFF_RECOVER_AT_EXEC_RATE                 0         -nan%                0         -nan%
DFE_ON_CONF_OFF_INV_CONF_INC                         0         -nan%                0         -nan%
DFE_ON_CONF_OFF_PERFECT_CONF                         0         -nan%                0         -nan%
                                                     0         -nan%                0         -nan%
                                                  -nan         -nan              -nan         -nan

DFE_ON_CONF_OFF_IBTB_MISS_BP_TAKEN_CYCLES             0         -nan%                0         -nan%
DFE_ON_CONF_OFF_BTB_MISS_BP_TAKEN_CONF_0_CYCLES             0         -nan%                0         -nan%
DFE_ON_CONF_OFF_BTB_MISS_BP_TAKEN_CONF_1_CYCLES             0         -nan%                0         -nan%
DFE_ON_CONF_OFF_BTB_MISS_BP_TAKEN_CONF_2_CYCLES             0         -nan%                0         -nan%
DFE_ON_CONF_OFF_BTB_MISS_BP_TAKEN_CONF_3_CYCLES             0         -nan%                0         -nan%
DFE_ON_CONF_OFF_BTB_MISS_RATE_CYCLES                 0         -nan%                0         -nan%
DFE_ON_CONF_OFF_IBTB_MISS_RATE_CYCLES                0         -nan%                0         -nan%
DFE_ON_CONF_OFF_RECOVER_AT_DECODE_RATE_CYCLES             0         -nan%                0         -nan%
DFE_ON_CONF_OFF_RECOVER_AT_EXEC_RATE_CYCLES             0         -nan%                0         -nan%
DFE_ON_CONF_OFF_INV_CONF_INC_CYCLES                  0         -nan%                0         -nan%
DFE_ON_CONF_OFF_PERFECT_CONF_CYCLES                  0         -nan%                0         -nan%
                                                     0         -nan%                0         -nan%
                                                  -nan         -nan              -nan         -nan

DFE_ON_CONF_OFF_IBTB_MISS_BP_TAKEN_FETCH_TARGETS             0         -nan%                0         -nan%
DFE_ON_CONF_OFF_BTB_MISS_BP_TAKEN_CONF_0_FETCH_TARGETS             0         -nan%                0         -nan%
DFE_ON_CONF_OFF_BTB_MISS_BP_TAKEN_CONF_1_FETCH_TARGETS             0         -nan%                0         -nan%
DFE_ON_CONF_OFF_BTB_MISS_BP_TAKEN_CONF_2_FETCH_TARGETS             0         -nan%                0         -nan%
DFE_ON_CONF_OFF_BTB_MISS_BP_TAKEN_CONF_3_FETCH_TARGETS             0         -nan%                0         -nan%
DFE_ON_CONF_OFF_BTB_MISS_RATE_FETCH_TARGETS             0         -nan%                0         -nan%
DFE_ON_CONF_OFF_IBTB_MISS_RATE_FETCH_TARGETS             0         -nan%                0         -nan%
DFE_ON_CONF_OFF_RECOVER_AT_DECODE_RATE_FETCH_TARGETS             0         -nan%                0         -nan%
DFE_ON_CONF_OFF_RECOVER_AT_EXEC_RATE_FETCH_TARGETS             0         -nan%                0         -nan%
DFE_ON_CONF_OFF_INV_CONF_INC_FETCH_TARGETS             0         -nan%                0         -nan%
DFE_ON_CONF_OFF_PERFECT_CONF_FETCH_TARGETS             0         -nan%                0         -nan%
                                                     0         -nan%                0         -nan%
                                                  -nan         -nan              -nan         -nan

CONF_OFF_IBTB_MISS_BP_TAKEN                          0         -nan%                0         -nan%
CONF_OFF_BTB_MISS_BP_TAKEN_CONF_0                    0         -nan%                0         -nan%
CONF_OFF_BTB_MISS_BP_TAKEN_CONF_1                    0         -nan%                0         -nan%
CONF_OFF_BTB_MISS_BP_TAKEN_CONF_2                    0         -nan%                0         -nan%
CONF_OFF_BTB_MISS_BP_TAKEN_CONF_3                    0         -nan%                0         -nan%
CONF_OFF_BTB_MISS_RATE                               0         -nan%                0         -nan%
CONF_OFF_IBTB_MISS_RATE                              0         -nan%                0         -nan%
CONF_OFF_RECOVER_AT_DECODE_RATE                      0         -nan%                0         -nan%
CONF_OFF_RECOVER_AT_EXEC_RATE                        0         -nan%                0         -nan%
CONF_OFF_INV_CONF_INC                                0         -nan%                0         -nan%
CONF_OFF_PERFECT_CONF                                0         -nan%                0         -nan%
                                                     0         -nan%                0         -nan%
                                                  -nan         -nan              -nan         -nan

TOPDOWN_TOTAL_SLOTS                          173047374                      173047374              

TOPDOWN_ISSUED_SLOTS                         104802144                      104802144              

TOPDOWN_RETIRED_SLOTS                        102844702                      102844702              

TOPDOWN_FETCH_BUBBLES_SLOTS                     717529                         717529              

TOPDOWN_RECOVERY_BUBBLES_SLOTS                  202308                         202308              

TOPDOWN_MEM_LOAD_STALLS_CYCLES                 8259890                        8259890              

TOPDOWN_MEM_STORE_STALLS_CYCLES                2745851                        2745851              

TOPDOWN_EXEC_STALLS_CYCLES                     9964072                        9964072              

TOPDOWN_BACKEND_STALLS_CYCLES                 11109649                       11109649              

TOPDOWN_FETCH_BUBBLES_GT_MIW_CYCLES              91227                          91227              

TOPDOWN_BR_RECOVER_AT_EXEC_RETIRED_CYCLES          9038                           9038              

TOPDOWN_MACHINE_CLEAR_CYCLES                    581583                         581583              

TOPDOWN_FRONTEND_BOUND                              41                             41              

TOPDOWN_BACKEND_BOUND                             3892                           3892              

TOPDOWN_BAD_SPEC_BOUND                             124                            124              

TOPDOWN_RETIRING_BOUND                            5943                           5943              

TOPDOWN_FETCH_LATENCY_BOUND                         31                             31              

TOPDOWN_FETCH_BANDWIDTH_BOUND                       10                             10              

TOPDOWN_MEM_BOUND                                 3855                           3855              

TOPDOWN_CORE_BOUND                                  37                             37              

TOPDOWN_BR_RECOVER_AT_EXEC_BOUND                     1                              1              

TOPDOWN_MACHINE_CLEARS_BOUND                       123                            123              

H2P_SEEN_MAIN                                    75425                          75425              



