/* -*- Mode: c -*- */
####################################################################################################
Core 0
####################################################################################################
Cumulative:        Cycles: 20240145              Instructions: 29999999              IPC: 1.48220

Periodic:          Cycles: 20240145              Instructions: 29999999              IPC: 1.48220

EXECUTION_TIME                           6325045312500                  6325045312500              

SIM_HOST_WALL_SECONDS                       424.905595                     424.905595              

NODE_CYCLE                                    20240145                       20240145              

NODE_INST_COUNT                               31293110                       31293110              

NODE_INST_COUNT_FETCHED                       29999999                       29999999              

NODE_UOP_COUNT                                43388324                       43388324              

EXEC_STAGE_NO_ISSUE_STALL_CYCLE               14150672                       14150672              

EXEC_STAGE_NO_ISSUE_STALL_CYCLE_ONPATH        11295748                       11295748              

FULL_WINDOW_STALL                                84779        0.419%            84779        0.419%

FULL_WINDOW_MEM_OP                               82855       99.830%            82855       99.830%
FULL_WINDOW_FP_OP                                   21        0.025%               21        0.025%
FULL_WINDOW_OTHER_OP                               120        0.145%              120        0.145%
                                                 82996      100.000%            82996      100.000%
                                                  0.00         0.08              0.00         0.08

RET_BLOCKED_DC_MISS                            3057776       15.107%          3057776       15.107%

RET_BLOCKED_L1_MISS                             808003        3.992%           808003        3.992%

RET_BLOCKED_L1_MISS_BW_PREF                       6673        0.033%             6673        0.033%

RET_BLOCKED_L1_ACCESS                          2252297       11.128%          2252297       11.128%

RET_BLOCKED_MEM_STALL                           813763        4.021%           813763        4.021%

RET_BLOCKED_OFFCHIP_DEMAND                           0        0.000%                0        0.000%

OP_ISSUED                                     53303802                       53303802              

OP_RETIRED                                    43388324                       43388324              

OP_MACRO_FUSION_ONPATH                         3220941                        3220941              

OP_MACRO_FUSION_OFFPATH                        1310771                        1310771              

REPLAY_SIGNALED                                      0                              0              

REPLAY_COUNTED                                       0                              0              

OFF_CRITICAL_PATH                                    0         -nan%                0         -nan%
ON_CRITICAL_PATH                                     0         -nan%                0         -nan%
                                                     0         -nan%                0         -nan%
                                                  -nan         -nan              -nan         -nan

LD_NO_DEPENDENTS                                634370        6.994%           634370        6.994%
LD_DEPENDENTS                                  8436253       93.006%          8436253       93.006%
                                               9070623      100.000%          9070623      100.000%
                                                  0.93         0.90              0.93         0.90

LD_EXEC_CYCLES_0                                     0        0.000%                0        0.000%
LD_EXEC_CYCLES_1                                179798       75.590%           179798       75.590%
LD_EXEC_CYCLES_2                                 13963        5.870%            13963        5.870%
LD_EXEC_CYCLES_3                                 10755        4.522%            10755        4.522%
LD_EXEC_CYCLES_4                                 33343       14.018%            33343       14.018%
                                                237859      100.000%           237859      100.000%
                                                  1.57         1.23              1.57         1.23

ICACHE_STAGE_STARVED                           4700137       37.517%          4700137       37.517%
ICACHE_STAGE_NOT_STARVED                       7827905       62.483%          7827905       62.483%
                                              12528042      100.000%         12528042      100.000%
                                                  0.62         0.58              0.62         0.58

ICACHE_STAGE_STALLED                            422270        2.086%           422270        2.086%
ICACHE_STAGE_NOT_STALLED                      12105772       59.811%         12105772       59.811%
ICACHE_STAGE_OFF_PATH                          7712103       38.103%          7712103       38.103%
                                              20240145      100.000%         20240145      100.000%
                                                  1.36         0.97              1.36         0.97

DECODE_STAGE_STARVED                          13922721       79.756%         13922721       79.756%
DECODE_STAGE_NOT_STARVED                       3533983       20.244%          3533983       20.244%
                                              17456704      100.000%         17456704      100.000%
                                                  0.20         0.37              0.20         0.37

DECODE_STAGE_STALLED                             80567        0.398%            80567        0.398%
DECODE_STAGE_NOT_STALLED                      17376137       85.850%         17376137       85.850%
DECODE_STAGE_OFF_PATH                          2783441       13.752%          2783441       13.752%
                                              20240145      100.000%         20240145      100.000%
                                                  1.13         0.54              1.13         0.54

UOPQ_STAGE_STARVED                            14928637       83.565%         14928637       83.565%
UOPQ_STAGE_NOT_STARVED                         2935988       16.435%          2935988       16.435%
                                              17864625      100.000%         17864625      100.000%
                                                  0.16         0.35              0.16         0.35

UOPQ_STAGE_STALLED                              174425        0.862%           174425        0.862%
UOPQ_STAGE_NOT_STALLED                        17864625       88.263%         17864625       88.263%
UOPQ_STAGE_OFF_PATH                            2201095       10.875%          2201095       10.875%
                                              20240145      100.000%         20240145      100.000%
                                                  1.10         0.48              1.10         0.48

RS_OP_READY_NOT_ISSUED_TOTAL                  13367107                       13367107              

RS_0_OP_READY_NOT_ISSUED                       9696678                        9696678              

RS_1_OP_READY_NOT_ISSUED                        996930                         996930              

RS_2_OP_READY_NOT_ISSUED                       2673499                        2673499              

RS_3_OP_READY_NOT_ISSUED                             0                              0              

RS_4_OP_READY_NOT_ISSUED                             0                              0              

RS_5_OP_READY_NOT_ISSUED                             0                              0              

RS_6_OP_READY_NOT_ISSUED                             0                              0              

RS_7_OP_READY_NOT_ISSUED                             0                              0              

RS_7_PLUS_OP_READY_NOT_ISSUED                        0                              0              

FU_IDLE_NO_READY_OPS_TOTAL                    92430723                       92430723              

FU_0_IDLE_NO_READY_OPS                         6040074                        6040074              

FU_1_IDLE_NO_READY_OPS                         7102515                        7102515              

FU_2_IDLE_NO_READY_OPS                        11177890                       11177890              

FU_3_IDLE_NO_READY_OPS                        11176097                       11176097              

FU_4_IDLE_NO_READY_OPS                         7216274                        7216274              

FU_5_IDLE_NO_READY_OPS                         5906382                        5906382              

FU_6_IDLE_NO_READY_OPS                        12731504                       12731504              

FU_7_IDLE_NO_READY_OPS                        12733203                       12733203              

FU_8_IDLE_NO_READY_OPS                         7170465                        7170465              

FU_9_IDLE_NO_READY_OPS                        11176319                       11176319              

FU_10_IDLE_NO_READY_OPS                              0                              0              

FU_11_IDLE_NO_READY_OPS                              0                              0              

FU_12_IDLE_NO_READY_OPS                              0                              0              

FU_13_IDLE_NO_READY_OPS                              0                              0              

FU_14_IDLE_NO_READY_OPS                              0                              0              

FU_15_IDLE_NO_READY_OPS                              0                              0              

FU_16_IDLE_NO_READY_OPS                              0                              0              

FU_17_IDLE_NO_READY_OPS                              0                              0              

FU_18_IDLE_NO_READY_OPS                              0                              0              

FU_19_IDLE_NO_READY_OPS                              0                              0              

FU_20_IDLE_NO_READY_OPS                              0                              0              

FU_21_IDLE_NO_READY_OPS                              0                              0              

FU_22_IDLE_NO_READY_OPS                              0                              0              

FU_23_IDLE_NO_READY_OPS                              0                              0              

FU_24_IDLE_NO_READY_OPS                              0                              0              

FU_25_IDLE_NO_READY_OPS                              0                              0              

FU_26_IDLE_NO_READY_OPS                              0                              0              

FU_27_IDLE_NO_READY_OPS                              0                              0              

FU_28_IDLE_NO_READY_OPS                              0                              0              

FU_29_IDLE_NO_READY_OPS                              0                              0              

FU_30_IDLE_NO_READY_OPS                              0                              0              

FU_31_IDLE_NO_READY_OPS                              0                              0              

FU_31_PLUS_IDLE_NO_READY_OPS                         0                              0              

MAP_STAGE_STARVED                              6600309       42.582%          6600309       42.582%
MAP_STAGE_NOT_STARVED                          8899797       57.418%          8899797       57.418%
                                              15500106      100.000%         15500106      100.000%
                                                  0.57         0.54              0.57         0.54

MAP_STAGE_STALLED                                18351        0.095%            18351        0.095%
MAP_STAGE_NOT_STALLED                         15481755       80.285%         15481755       80.285%
MAP_STAGE_OFF_PATH                             3783500       19.620%          3783500       19.620%
                                              19283606      100.000%         19283606      100.000%
                                                  1.20         0.66              1.20         0.66

MAP_STAGE_STALL_ITSELF                          956539        4.726%           956539        4.726%
MAP_STAGE_NOT_STALL_ITSELF                    19283606       95.274%         19283606       95.274%
                                              20240145      100.000%         20240145      100.000%
                                                  0.95         0.93              0.95         0.93

MAP_STAGE_LATE_ALLOCATE_SEND_BACK                    0                              0              

MAP_STAGE_RENAME_OP_ONPATH                    43388324                       43388324              

MAP_STAGE_RENAME_OP_OFFPATH                   16148414                       16148414              

MAP_STAGE_RENAME_INT_REG_ONPATH               32428727                       32428727              

MAP_STAGE_RENAME_INT_REG_OFFPATH              11339013                       11339013              

MAP_STAGE_RENAME_VEC_REG_ONPATH                 316637                         316637              

MAP_STAGE_RENAME_VEC_REG_OFFPATH                 39031                          39031              

MAP_STAGE_RENAME_MOVE_ELIM_ONPATH                    0                              0              

MAP_STAGE_RENAME_MOVE_ELIM_OFFPATH                   0                              0              

MAP_STAGE_ONPATH_INT_REG_NUM_ALLOC            33656916                       33656916              

MAP_STAGE_ONPATH_VEC_REG_NUM_ALLOC              316627                         316627              

MAP_STAGE_ONPATH_INT_REG_NUM_SHORTLIVE        13115332                       13115332              

MAP_STAGE_ONPATH_VEC_REG_NUM_SHORTLIVE           96947                          96947              

MAP_STAGE_ONPATH_INT_REG_USE_COUNT_0           6572155                        6572155              

MAP_STAGE_ONPATH_VEC_REG_USE_COUNT_0              4424                           4424              

MAP_STAGE_ONPATH_INT_REG_USE_COUNT_1          14908489                       14908489              

MAP_STAGE_ONPATH_VEC_REG_USE_COUNT_1            217778                         217778              

MAP_STAGE_ONPATH_INT_REG_USE_COUNT_2           8860993                        8860993              

MAP_STAGE_ONPATH_VEC_REG_USE_COUNT_2             76276                          76276              

MAP_STAGE_ONPATH_INT_REG_USE_COUNT_3           1926494                        1926494              

MAP_STAGE_ONPATH_VEC_REG_USE_COUNT_3             11196                          11196              

MAP_STAGE_ONPATH_INT_REG_USE_COUNT_4            683140                         683140              

MAP_STAGE_ONPATH_VEC_REG_USE_COUNT_4              3135                           3135              

MAP_STAGE_ONPATH_INT_REG_USE_COUNT_5            218618                         218618              

MAP_STAGE_ONPATH_VEC_REG_USE_COUNT_5              1187                           1187              

MAP_STAGE_ONPATH_INT_REG_USE_COUNT_6            202986                         202986              

MAP_STAGE_ONPATH_VEC_REG_USE_COUNT_6              1665                           1665              

MAP_STAGE_ONPATH_INT_REG_USE_COUNT_7_PLUS        284041                         284041              

MAP_STAGE_ONPATH_VEC_REG_USE_COUNT_7_PLUS           966                            966              

MAP_STAGE_ONPATH_INT_REG_CONSUME_DIST_0              0        0.0000                0        0.0000

MAP_STAGE_ONPATH_VEC_REG_CONSUME_DIST_0              0        0.0000                0        0.0000

MAP_STAGE_ONPATH_INT_REG_CONSUME_DIST_1              0        0.0000                0        0.0000

MAP_STAGE_ONPATH_VEC_REG_CONSUME_DIST_1              0        0.0000                0        0.0000

MAP_STAGE_ONPATH_INT_REG_CONSUME_DIST_2       24970439        2.8180         24970439        2.8180

MAP_STAGE_ONPATH_VEC_REG_CONSUME_DIST_2       52274429      685.3326         52274429      685.3326

MAP_STAGE_ONPATH_INT_REG_CONSUME_DIST_3       24880019       12.9147         24880019       12.9147

MAP_STAGE_ONPATH_VEC_REG_CONSUME_DIST_3       14720451     1314.7956         14720451     1314.7956

MAP_STAGE_ONPATH_INT_REG_CONSUME_DIST_4       10822738       15.8426         10822738       15.8426

MAP_STAGE_ONPATH_VEC_REG_CONSUME_DIST_4         417903      133.3024           417903      133.3024

MAP_STAGE_ONPATH_INT_REG_CONSUME_DIST_5        6049628       27.6721          6049628       27.6721

MAP_STAGE_ONPATH_VEC_REG_CONSUME_DIST_5         953112      802.9587           953112      802.9587

MAP_STAGE_ONPATH_INT_REG_CONSUME_DIST_6        8791775       43.3122          8791775       43.3122

MAP_STAGE_ONPATH_VEC_REG_CONSUME_DIST_6         124103       74.5363           124103       74.5363

MAP_STAGE_ONPATH_INT_REG_CONSUME_DIST_7_PLUS      23134432       81.4475         23134432       81.4475

MAP_STAGE_ONPATH_VEC_REG_CONSUME_DIST_7_PLUS        435189      450.5062           435189      450.5062

MAP_STAGE_INT_REG_ISSUE_READ_TOTAL_CONSUMED      61063633        4.3152         61063633        4.3152

MAP_STAGE_VEC_REG_ISSUE_READ_TOTAL_CONSUMED        461793        0.0326           461793        0.0326

MAP_STAGE_INT_REG_ISSUE_READ_MULTI_CONSUMED      29837768        2.1086         29837768        2.1086

MAP_STAGE_VEC_REG_ISSUE_READ_MULTI_CONSUMED        140023        0.0099           140023        0.0099

MAP_STAGE_INT_REG_ISSUE_READ_SAME_CYCLE_CONSUMED      16072202        1.1358         16072202        1.1358

MAP_STAGE_VEC_REG_ISSUE_READ_SAME_CYCLE_CONSUMED         31148        0.0022            31148        0.0022

MAP_STAGE_INT_REG_ISSUE_READ_TOTAL_CONSUMED_ONPATH      51390818        4.5496         51390818        4.5496

MAP_STAGE_VEC_REG_ISSUE_READ_TOTAL_CONSUMED_ONPATH        444550        0.0394           444550        0.0394

MAP_STAGE_INT_REG_ISSUE_READ_MULTI_CONSUMED_ONPATH      24306034        2.1518         24306034        2.1518

MAP_STAGE_VEC_REG_ISSUE_READ_MULTI_CONSUMED_ONPATH        132333        0.0117           132333        0.0117

MAP_STAGE_INT_REG_ISSUE_READ_SAME_CYCLE_CONSUMED_ONPATH      13409560        1.1871         13409560        1.1871

MAP_STAGE_VEC_REG_ISSUE_READ_SAME_CYCLE_CONSUMED_ONPATH         30287        0.0027            30287        0.0027

MAP_STAGE_ONPATH_INT_REG_LIFECYCLE_EMPTY     472030982                      472030982              

MAP_STAGE_ONPATH_VEC_REG_LIFECYCLE_EMPTY       5829431                        5829431              

MAP_STAGE_ONPATH_INT_REG_LIFECYCLE_IN_USE     865324258                      865324258              

MAP_STAGE_ONPATH_VEC_REG_LIFECYCLE_IN_USE      81139720                       81139720              

MAP_STAGE_ONPATH_INT_REG_LIFECYCLE_SPEC_RELEASE    1549527865                     1549527865              

MAP_STAGE_ONPATH_VEC_REG_LIFECYCLE_SPEC_RELEASE     213222738                      213222738              

MAP_STAGE_ONPATH_INT_REG_LIFECYCLE_NONSPEC_RELEASE    1549527865                     1549527865              

MAP_STAGE_ONPATH_VEC_REG_LIFECYCLE_NONSPEC_RELEASE     213222738                      213222738              

MAP_STAGE_ONPATH_INT_REG_LIFECYCLE_TOTAL    1549527865                     1549527865              

MAP_STAGE_ONPATH_VEC_REG_LIFECYCLE_TOTAL     213222738                      213222738              

MAP_STAGE_ONPATH_INT_REG_NUM_NONBRANCH        33656916                       33656916              

MAP_STAGE_ONPATH_VEC_REG_NUM_NONBRANCH          316627                         316627              

MAP_STAGE_ONPATH_INT_REG_NUM_NONEXCEPT        33656916                       33656916              

MAP_STAGE_ONPATH_VEC_REG_NUM_NONEXCEPT          316627                         316627              

MAP_STAGE_ONPATH_INT_REG_NUM_ATOMIC           33656916                       33656916              

MAP_STAGE_ONPATH_VEC_REG_NUM_ATOMIC             316627                         316627              

MAP_STAGE_ONPATH_INT_REG_ATOMIC_REDEFINED_DIST_TOTAL    1549527865       46.0389       1549527865       46.0389

MAP_STAGE_ONPATH_VEC_REG_ATOMIC_REDEFINED_DIST_TOTAL     213222738      673.4193        213222738      673.4193

MAP_STAGE_ONPATH_INT_REG_ATOMIC_CONSUMED_DIST_TOTAL     865324258       25.7101        865324258       25.7101

MAP_STAGE_ONPATH_VEC_REG_ATOMIC_CONSUMED_DIST_TOTAL      81139720      256.2628         81139720      256.2628

MAP_STAGE_ONPATH_INT_REG_ATOMIC_RELEASE_DIST_TOTAL    1549527865       46.0389       1549527865       46.0389

MAP_STAGE_ONPATH_VEC_REG_ATOMIC_RELEASE_DIST_TOTAL     213222738      673.4193        213222738      673.4193

EXEC_STAGE_STARVED                            15986611       78.985%         15986611       78.985%
EXEC_STAGE_NOT_STARVED                         1106027        5.465%          1106027        5.465%
EXEC_STAGE_OFF_PATH                            3147507       15.551%          3147507       15.551%
                                              20240145      100.000%         20240145      100.000%
                                                  0.37         0.68              0.37         0.68

FU_BUSY_0                                      8258379                        8258379              

FU_BUSY_1                                      5913337                        5913337              

FU_BUSY_2                                      4158372                        4158372              

FU_BUSY_3                                      4162980                        4162980              

FU_BUSY_4                                      5399276                        5399276              

FU_BUSY_5                                      9117172                        9117172              

FU_BUSY_6                                      3881281                        3881281              

FU_BUSY_7                                      3880097                        3880097              

FU_BUSY_8                                      5747220                        5747220              

FU_BUSY_9                                      4160498                        4160498              

FU_BUSY_10                                           0                              0              

FU_BUSY_11                                           0                              0              

FU_BUSY_12                                           0                              0              

FU_BUSY_13                                           0                              0              

FU_BUSY_14                                           0                              0              

FU_BUSY_15                                           0                              0              

FU_BUSY_16                                           0                              0              

FU_BUSY_17                                           0                              0              

FU_BUSY_18                                           0                              0              

FU_BUSY_19                                           0                              0              

FU_BUSY_20                                           0                              0              

FU_BUSY_21                                           0                              0              

FU_BUSY_22                                           0                              0              

FU_BUSY_23                                           0                              0              

FU_BUSY_24                                           0                              0              

FU_BUSY_25                                           0                              0              

FU_BUSY_26                                           0                              0              

FU_BUSY_27                                           0                              0              

FU_BUSY_28                                           0                              0              

FU_BUSY_29                                           0                              0              

FU_BUSY_30                                           0                              0              

FU_BUSY_31                                           0                              0              

FU_REJECTED_OP_INV_NOT_SIMD                          0        0.000%                0        0.000%
FU_REJECTED_OP_NOP_NOT_SIMD                       3179        0.475%             3179        0.475%
FU_REJECTED_OP_CF_NOT_SIMD                      149636       22.363%           149636       22.363%
FU_REJECTED_OP_MOV_NOT_SIMD                      13836        2.068%            13836        2.068%
FU_REJECTED_OP_CMOV_NOT_SIMD                        68        0.010%               68        0.010%
FU_REJECTED_OP_LDA_NOT_SIMD                       5048        0.754%             5048        0.754%
FU_REJECTED_OP_IMEM_NOT_SIMD                    246202       36.795%           246202       36.795%
FU_REJECTED_OP_IADD_NOT_SIMD                    136900       20.460%           136900       20.460%
FU_REJECTED_OP_IMUL_NOT_SIMD                     27769        4.150%            27769        4.150%
FU_REJECTED_OP_IDIV_NOT_SIMD                       339        0.051%              339        0.051%
FU_REJECTED_OP_ICMP_NOT_SIMD                      4304        0.643%             4304        0.643%
FU_REJECTED_OP_LOGIC_NOT_SIMD                     8365        1.250%             8365        1.250%
FU_REJECTED_OP_SHIFT_NOT_SIMD                    12862        1.922%            12862        1.922%
FU_REJECTED_OP_FMEM_NOT_SIMD                      8409        1.257%             8409        1.257%
FU_REJECTED_OP_FCVT_NOT_SIMD                         0        0.000%                0        0.000%
FU_REJECTED_OP_FADD_NOT_SIMD                         0        0.000%                0        0.000%
FU_REJECTED_OP_FMUL_NOT_SIMD                         0        0.000%                0        0.000%
FU_REJECTED_OP_FMA_NOT_SIMD                          0        0.000%                0        0.000%
FU_REJECTED_OP_FDIV_NOT_SIMD                         0        0.000%                0        0.000%
FU_REJECTED_OP_FCMP_NOT_SIMD                         0        0.000%                0        0.000%
FU_REJECTED_OP_FCMOV_NOT_SIMD                        0        0.000%                0        0.000%
FU_REJECTED_OP_GATHER_NOT_SIMD                       0        0.000%                0        0.000%
FU_REJECTED_OP_SCATTER_NOT_SIMD                      0        0.000%                0        0.000%
FU_REJECTED_OP_PIPELINED_FAST_NOT_SIMD               0        0.000%                0        0.000%
FU_REJECTED_OP_PIPELINED_MEDIUM_NOT_SIMD             0        0.000%                0        0.000%
FU_REJECTED_OP_PIPELINED_SLOW_NOT_SIMD               0        0.000%                0        0.000%
FU_REJECTED_OP_NOTPIPELINED_MEDIUM_NOT_SIMD            69        0.010%               69        0.010%
FU_REJECTED_OP_NOTPIPELINED_SLOW_NOT_SIMD             0        0.000%                0        0.000%
FU_REJECTED_OP_NOTPIPELINED_VERY_SLOW_NOT_SIMD          2576        0.385%             2576        0.385%
FU_REJECTED_OP_INV_SIMD                              0        0.000%                0        0.000%
FU_REJECTED_OP_NOP_SIMD                              0        0.000%                0        0.000%
FU_REJECTED_OP_CF_SIMD                               0        0.000%                0        0.000%
FU_REJECTED_OP_MOV_SIMD                            419        0.063%              419        0.063%
FU_REJECTED_OP_CMOV_SIMD                             0        0.000%                0        0.000%
FU_REJECTED_OP_LDA_SIMD                              0        0.000%                0        0.000%
FU_REJECTED_OP_IMEM_SIMD                             0        0.000%                0        0.000%
FU_REJECTED_OP_IADD_SIMD                             0        0.000%                0        0.000%
FU_REJECTED_OP_IMUL_SIMD                             0        0.000%                0        0.000%
FU_REJECTED_OP_IDIV_SIMD                             0        0.000%                0        0.000%
FU_REJECTED_OP_ICMP_SIMD                             0        0.000%                0        0.000%
FU_REJECTED_OP_LOGIC_SIMD                          576        0.086%              576        0.086%
FU_REJECTED_OP_SHIFT_SIMD                          450        0.067%              450        0.067%
FU_REJECTED_OP_FMEM_SIMD                             0        0.000%                0        0.000%
FU_REJECTED_OP_FCVT_SIMD                         18320        2.738%            18320        2.738%
FU_REJECTED_OP_FADD_SIMD                         11033        1.649%            11033        1.649%
FU_REJECTED_OP_FMUL_SIMD                          3318        0.496%             3318        0.496%
FU_REJECTED_OP_FMA_SIMD                             79        0.012%               79        0.012%
FU_REJECTED_OP_FDIV_SIMD                          2056        0.307%             2056        0.307%
FU_REJECTED_OP_FCMP_SIMD                             0        0.000%                0        0.000%
FU_REJECTED_OP_FCMOV_SIMD                         7428        1.110%             7428        1.110%
FU_REJECTED_OP_GATHER_SIMD                         243        0.036%              243        0.036%
FU_REJECTED_OP_SCATTER_SIMD                          0        0.000%                0        0.000%
FU_REJECTED_OP_PIPELINED_FAST_SIMD                   0        0.000%                0        0.000%
FU_REJECTED_OP_PIPELINED_MEDIUM_SIMD                 0        0.000%                0        0.000%
FU_REJECTED_OP_PIPELINED_SLOW_SIMD                5642        0.843%             5642        0.843%
FU_REJECTED_OP_NOTPIPELINED_MEDIUM_SIMD              0        0.000%                0        0.000%
FU_REJECTED_OP_NOTPIPELINED_SLOW_SIMD                0        0.000%                0        0.000%
FU_REJECTED_OP_NOTPIPELINED_VERY_SLOW_SIMD             0        0.000%                0        0.000%
                                                669126      100.000%           669126      100.000%
                                                  8.61        10.87              8.61        10.87

LSQ_FULL_TOTAL                                   29669                          29669              

LSQ_FULL_LOAD_QUEUE                                756                            756              

LSQ_FULL_STORE_QUEUE                             28683                          28683              

OP_WAIT_0                                     31766210                       31766210              

OP_WAIT_1                                      9447316                        9447316              

OP_WAIT_2                                       942919                         942919              

OP_WAIT_3                                       357842                         357842              

OP_WAIT_4                                       201571                         201571              

OP_WAIT_5                                       139512                         139512              

OP_WAIT_6                                        89033                          89033              

OP_WAIT_7                                        65646                          65646              

OP_WAIT_8                                        55807                          55807              

OP_WAIT_9                                        42695                          42695              

OP_WAIT_10                                       28516                          28516              

OP_WAIT_11                                       19816                          19816              

OP_WAIT_12                                       14551                          14551              

OP_WAIT_13                                       13301                          13301              

OP_WAIT_14                                       10867                          10867              

OP_WAIT_15                                        8337                           8337              

OP_WAIT_16                                        7908                           7908              

OP_WAIT_17                                        9690                           9690              

OP_WAIT_18                                        4750                           4750              

OP_WAIT_19                                        3825                           3825              

OP_WAIT_20                                       46557                          46557              

OP_WAIT_21                                       10906                          10906              

OP_WAIT_22                                        4986                           4986              

OP_WAIT_23                                        3152                           3152              

OP_WAIT_24                                        5940                           5940              

OP_WAIT_25                                        3616                           3616              

OP_WAIT_26                                        6152                           6152              

OP_WAIT_27                                       19429                          19429              

OP_WAIT_28                                        7069                           7069              

OP_WAIT_29                                        4105                           4105              

OP_WAIT_30                                        7038                           7038              

OP_WAIT_31                                       39262                          39262              

ROW_SIZE_0                                     8263685                        8263685              

ROW_SIZE_1                                     2265421                        2265421              

ROW_SIZE_2                                      835623                         835623              

ROW_SIZE_3                                      550985                         550985              

ROW_SIZE_4                                     1416112                        1416112              

ROW_SIZE_5                                      422111                         422111              

ROW_SIZE_6                                      231879                         231879              

ROW_SIZE_7                                      167039                         167039              

ROW_SIZE_8                                     3432894                        3432894              

ROW_SIZE_9                                           0                              0              

ROW_SIZE_10                                          0                              0              

ROW_SIZE_11                                          0                              0              

ROW_SIZE_12                                          0                              0              

ROW_SIZE_13                                          0                              0              

ROW_SIZE_14                                          0                              0              

ROW_SIZE_15                                          0                              0              

ROW_SIZE_16                                          0                              0              

ROW_SIZE_17                                          0                              0              

ROW_SIZE_18                                          0                              0              

ROW_SIZE_19                                          0                              0              

ROW_SIZE_20                                          0                              0              

ROW_SIZE_21                                          0                              0              

ROW_SIZE_22                                          0                              0              

ROW_SIZE_23                                          0                              0              

ROW_SIZE_24                                          0                              0              

ROW_SIZE_25                                          0                              0              

ROW_SIZE_26                                          0                              0              

ROW_SIZE_27                                          0                              0              

ROW_SIZE_28                                          0                              0              

ROW_SIZE_29                                          0                              0              

ROW_SIZE_30                                          0                              0              

ROW_SIZE_31                                          0                              0              

RET_OP_EXEC_COUNT_0                                  0        0.000%                0        0.000%
RET_OP_EXEC_COUNT_1                           43388324      100.000%         43388324      100.000%
RET_OP_EXEC_COUNT_2                                  0        0.000%                0        0.000%
RET_OP_EXEC_COUNT_3                                  0        0.000%                0        0.000%
RET_OP_EXEC_COUNT_4                                  0        0.000%                0        0.000%
RET_OP_EXEC_COUNT_5                                  0        0.000%                0        0.000%
RET_OP_EXEC_COUNT_6                                  0        0.000%                0        0.000%
RET_OP_EXEC_COUNT_7                                  0        0.000%                0        0.000%
RET_OP_EXEC_COUNT_8                                  0        0.000%                0        0.000%
RET_OP_EXEC_COUNT_9                                  0        0.000%                0        0.000%
RET_OP_EXEC_COUNT_10                                 0        0.000%                0        0.000%
RET_OP_EXEC_COUNT_11                                 0        0.000%                0        0.000%
RET_OP_EXEC_COUNT_12                                 0        0.000%                0        0.000%
RET_OP_EXEC_COUNT_13                                 0        0.000%                0        0.000%
RET_OP_EXEC_COUNT_14                                 0        0.000%                0        0.000%
RET_OP_EXEC_COUNT_15                                 0        0.000%                0        0.000%
RET_OP_EXEC_COUNT_16                                 0        0.000%                0        0.000%
RET_OP_EXEC_COUNT_17                                 0        0.000%                0        0.000%
RET_OP_EXEC_COUNT_18                                 0        0.000%                0        0.000%
RET_OP_EXEC_COUNT_19                                 0        0.000%                0        0.000%
RET_OP_EXEC_COUNT_20                                 0        0.000%                0        0.000%
RET_OP_EXEC_COUNT_21                                 0        0.000%                0        0.000%
RET_OP_EXEC_COUNT_22                                 0        0.000%                0        0.000%
RET_OP_EXEC_COUNT_23                                 0        0.000%                0        0.000%
RET_OP_EXEC_COUNT_24                                 0        0.000%                0        0.000%
RET_OP_EXEC_COUNT_25                                 0        0.000%                0        0.000%
RET_OP_EXEC_COUNT_26                                 0        0.000%                0        0.000%
RET_OP_EXEC_COUNT_27                                 0        0.000%                0        0.000%
RET_OP_EXEC_COUNT_28                                 0        0.000%                0        0.000%
RET_OP_EXEC_COUNT_29                                 0        0.000%                0        0.000%
RET_OP_EXEC_COUNT_30                                 0        0.000%                0        0.000%
RET_OP_EXEC_COUNT_31                                 0        0.000%                0        0.000%
RET_OP_EXEC_COUNT_32                                 0        0.000%                0        0.000%
                                              43388324      100.000%         43388324      100.000%
                                                  1.00         0.00              1.00         0.00

RET_STALL_LENGTH_0                            43383119       99.988%         43383119       99.988%
RET_STALL_LENGTH_100                              3463        0.008%             3463        0.008%
RET_STALL_LENGTH_200                              1444        0.003%             1444        0.003%
RET_STALL_LENGTH_300                                85        0.000%               85        0.000%
RET_STALL_LENGTH_400                                65        0.000%               65        0.000%
RET_STALL_LENGTH_500                                41        0.000%               41        0.000%
RET_STALL_LENGTH_600                                15        0.000%               15        0.000%
RET_STALL_LENGTH_700                                 8        0.000%                8        0.000%
RET_STALL_LENGTH_800                                 4        0.000%                4        0.000%
RET_STALL_LENGTH_900                                 9        0.000%                9        0.000%
RET_STALL_LENGTH_1000                                6        0.000%                6        0.000%
RET_STALL_LENGTH_1100                               19        0.000%               19        0.000%
RET_STALL_LENGTH_1200                               32        0.000%               32        0.000%
RET_STALL_LENGTH_1300                               12        0.000%               12        0.000%
RET_STALL_LENGTH_1400                                0        0.000%                0        0.000%
RET_STALL_LENGTH_1500                                0        0.000%                0        0.000%
RET_STALL_LENGTH_1600                                1        0.000%                1        0.000%
RET_STALL_LENGTH_1700                                0        0.000%                0        0.000%
RET_STALL_LENGTH_1800                                0        0.000%                0        0.000%
RET_STALL_LENGTH_1900                                0        0.000%                0        0.000%
RET_STALL_LENGTH_2000                                1        0.000%                1        0.000%
RET_STALL_LENGTH_2100                                0        0.000%                0        0.000%
RET_STALL_LENGTH_2200                                0        0.000%                0        0.000%
RET_STALL_LENGTH_2300                                0        0.000%                0        0.000%
RET_STALL_LENGTH_2400                                0        0.000%                0        0.000%
RET_STALL_LENGTH_2500                                0        0.000%                0        0.000%
RET_STALL_LENGTH_2600                                0        0.000%                0        0.000%
RET_STALL_LENGTH_2700                                0        0.000%                0        0.000%
RET_STALL_LENGTH_2800                                0        0.000%                0        0.000%
RET_STALL_LENGTH_2900                                0        0.000%                0        0.000%
RET_STALL_LENGTH_3000                                0        0.000%                0        0.000%
RET_STALL_LENGTH_3100                                0        0.000%                0        0.000%
RET_STALL_LENGTH_3200                                0        0.000%                0        0.000%
RET_STALL_LENGTH_3300                                0        0.000%                0        0.000%
RET_STALL_LENGTH_3400                                0        0.000%                0        0.000%
RET_STALL_LENGTH_3500                                0        0.000%                0        0.000%
RET_STALL_LENGTH_3600                                0        0.000%                0        0.000%
RET_STALL_LENGTH_3700                                0        0.000%                0        0.000%
RET_STALL_LENGTH_3800                                0        0.000%                0        0.000%
RET_STALL_LENGTH_3900                                0        0.000%                0        0.000%
RET_STALL_LENGTH_4000                                0        0.000%                0        0.000%
RET_STALL_LENGTH_4100                                0        0.000%                0        0.000%
RET_STALL_LENGTH_4200                                0        0.000%                0        0.000%
RET_STALL_LENGTH_4300                                0        0.000%                0        0.000%
RET_STALL_LENGTH_4400                                0        0.000%                0        0.000%
RET_STALL_LENGTH_4500                                0        0.000%                0        0.000%
RET_STALL_LENGTH_4600                                0        0.000%                0        0.000%
RET_STALL_LENGTH_4700                                0        0.000%                0        0.000%
RET_STALL_LENGTH_4800                                0        0.000%                0        0.000%
RET_STALL_LENGTH_4900                                0        0.000%                0        0.000%
RET_STALL_LENGTH_5000                                0        0.000%                0        0.000%
                                              43388324      100.000%         43388324      100.000%
                                                  0.00         0.02              0.00         0.02

MEM_BLOCK_LENGTH_0                                 300       87.977%              300       87.977%
MEM_BLOCK_LENGTH_100                                22        6.452%               22        6.452%
MEM_BLOCK_LENGTH_200                                 9        2.639%                9        2.639%
MEM_BLOCK_LENGTH_300                                 3        0.880%                3        0.880%
MEM_BLOCK_LENGTH_400                                 0        0.000%                0        0.000%
MEM_BLOCK_LENGTH_500                                 2        0.587%                2        0.587%
MEM_BLOCK_LENGTH_600                                 2        0.587%                2        0.587%
MEM_BLOCK_LENGTH_700                                 0        0.000%                0        0.000%
MEM_BLOCK_LENGTH_800                                 0        0.000%                0        0.000%
MEM_BLOCK_LENGTH_900                                 0        0.000%                0        0.000%
MEM_BLOCK_LENGTH_1000                                0        0.000%                0        0.000%
MEM_BLOCK_LENGTH_1100                                0        0.000%                0        0.000%
MEM_BLOCK_LENGTH_1200                                0        0.000%                0        0.000%
MEM_BLOCK_LENGTH_1300                                0        0.000%                0        0.000%
MEM_BLOCK_LENGTH_1400                                1        0.293%                1        0.293%
MEM_BLOCK_LENGTH_1500                                0        0.000%                0        0.000%
MEM_BLOCK_LENGTH_1600                                0        0.000%                0        0.000%
MEM_BLOCK_LENGTH_1700                                1        0.293%                1        0.293%
MEM_BLOCK_LENGTH_1800                                0        0.000%                0        0.000%
MEM_BLOCK_LENGTH_1900                                0        0.000%                0        0.000%
MEM_BLOCK_LENGTH_2000                                0        0.000%                0        0.000%
MEM_BLOCK_LENGTH_2100                                0        0.000%                0        0.000%
MEM_BLOCK_LENGTH_2200                                0        0.000%                0        0.000%
MEM_BLOCK_LENGTH_2300                                1        0.293%                1        0.293%
MEM_BLOCK_LENGTH_2400                                0        0.000%                0        0.000%
MEM_BLOCK_LENGTH_2500                                0        0.000%                0        0.000%
MEM_BLOCK_LENGTH_2600                                0        0.000%                0        0.000%
MEM_BLOCK_LENGTH_2700                                0        0.000%                0        0.000%
MEM_BLOCK_LENGTH_2800                                0        0.000%                0        0.000%
MEM_BLOCK_LENGTH_2900                                0        0.000%                0        0.000%
MEM_BLOCK_LENGTH_3000                                0        0.000%                0        0.000%
MEM_BLOCK_LENGTH_3100                                0        0.000%                0        0.000%
MEM_BLOCK_LENGTH_3200                                0        0.000%                0        0.000%
MEM_BLOCK_LENGTH_3300                                0        0.000%                0        0.000%
MEM_BLOCK_LENGTH_3400                                0        0.000%                0        0.000%
MEM_BLOCK_LENGTH_3500                                0        0.000%                0        0.000%
MEM_BLOCK_LENGTH_3600                                0        0.000%                0        0.000%
MEM_BLOCK_LENGTH_3700                                0        0.000%                0        0.000%
MEM_BLOCK_LENGTH_3800                                0        0.000%                0        0.000%
MEM_BLOCK_LENGTH_3900                                0        0.000%                0        0.000%
MEM_BLOCK_LENGTH_4000                                0        0.000%                0        0.000%
MEM_BLOCK_LENGTH_4100                                0        0.000%                0        0.000%
MEM_BLOCK_LENGTH_4200                                0        0.000%                0        0.000%
MEM_BLOCK_LENGTH_4300                                0        0.000%                0        0.000%
MEM_BLOCK_LENGTH_4400                                0        0.000%                0        0.000%
MEM_BLOCK_LENGTH_4500                                0        0.000%                0        0.000%
MEM_BLOCK_LENGTH_4600                                0        0.000%                0        0.000%
MEM_BLOCK_LENGTH_4700                                0        0.000%                0        0.000%
MEM_BLOCK_LENGTH_4800                                0        0.000%                0        0.000%
MEM_BLOCK_LENGTH_4900                                0        0.000%                0        0.000%
MEM_BLOCK_LENGTH_5000                                0        0.000%                0        0.000%
                                                   341      100.000%              341      100.000%
                                                  0.37         1.83              0.37         1.83

FUS_BUSY_ON_PATH                              44525498        2.1999         44525498        2.1999

FUS_BUSY_OFF_PATH                             10153114        0.5016         10153114        0.5016

FU_BUSY_MEM_STALL                               942887        0.0466           942887        0.0466

FUS_EMPTY                                    147722838        7.2985        147722838        7.2985

FU_UNAVAILABLE                                  257747        0.0127           257747        0.0127

FU_MEM_UNAVAILABLE                              411609        0.0203           411609        0.0203

FU_OTHER_UNAVAILABLE                                 0        0.0000                0        0.0000

FU_REPLAY                                            0        0.0000                0        0.0000

FU_STARVED                                   147034708        7.2645        147034708        7.2645

CHIP_UTILIZATION                                     0        0.0000                0        0.0000

CYCLES_UNDER_MEM_REQ                                 0                              0              

CYCLES_UNDER_NO_MEM_REQ                              0                              0              

CYCLES_UNDER_CRITICAL_MEM_REQ                        0                              0              

CYCLES_UNDER_NONCRITICAL_MEM_REQ                     0                              0              

CHIP_UTILIZATION_UNDER_MEM_REQ                       0          -nan                0          -nan

CHIP_UTILIZATION_UNDER_NO_MEM_REQ                    0          -nan                0          -nan

CHIP_UTILIZATION_UNDER_CRITICAL_MEM_REQ              0          -nan                0          -nan

CHIP_UTILIZATION_UNDER_NONCRITICAL_MEM_REQ             0          -nan                0          -nan

CYCLES_NOT_WAITING_FOR_OFF_CHIP                      0        0.0000                0        0.0000

FUS_BUSY_NOT_WAITING_FOR_OFF_CHIP                    0          -nan                0          -nan

CYCLES_WAITING_FOR_OFF_CHIP                          0        0.0000                0        0.0000

FUS_BUSY_WAITING_FOR_OFF_CHIP                        0          -nan                0          -nan

TOTAL_OFF_CHIP_DELAYS_LEFT                           0                              0              

WRONG_IO_SCHED                                       0                              0              

DVFS_CONFIG_SWITCH                                   0                              0              

MAP_STAGE_RECEIVED_OPS_0                             0        0.000%                0        0.000%
MAP_STAGE_RECEIVED_OPS_1                        209598        2.400%           209598        2.400%
MAP_STAGE_RECEIVED_OPS_2                        521901        5.976%           521901        5.976%
MAP_STAGE_RECEIVED_OPS_3                        647850        7.418%           647850        7.418%
MAP_STAGE_RECEIVED_OPS_4                       1574678       18.030%          1574678       18.030%
MAP_STAGE_RECEIVED_OPS_5                        896237       10.262%           896237       10.262%
MAP_STAGE_RECEIVED_OPS_6                       4883152       55.913%          4883152       55.913%
MAP_STAGE_RECEIVED_OPS_7                             0        0.000%                0        0.000%
MAP_STAGE_RECEIVED_OPS_8                             0        0.000%                0        0.000%
MAP_STAGE_RECEIVED_OPS_MAX                           0        0.000%                0        0.000%
                                               8733416      100.000%          8733416      100.000%
                                                  4.96         1.40              4.96         1.40

MAP_STAGE_WAIT_FOR_DECODE                            0         -nan%                0         -nan%
MAP_STAGE_CONSUME_DECODE                             0         -nan%                0         -nan%
                                                     0         -nan%                0         -nan%
                                                  -nan         -nan              -nan         -nan

MAP_STAGE_WAIT_FOR_DECODE2                           0         -nan%                0         -nan%
MAP_STAGE_CONSUME_DECODE2                            0         -nan%                0         -nan%
                                                     0         -nan%                0         -nan%
                                                  -nan         -nan              -nan         -nan

FTQ_RECOVER_EXEC                                148609                         148609              

FTQ_RECOVER_DECODE                              179009                         179009              

FTQ_OFFPATH_CYCLES                            15179347                       15179347              

FTQ_CYCLES_OFFPATH                            15179347                       15179347              

FTQ_CYCLES_ONPATH                              5060798                        5060798              

FTQ_FETCHED_INS_ONPATH                        43388286                       43388286              

FTQ_FETCHED_INS_OFFPATH                      101725982                      101725982              

FTQ_BREAK_FULL_FT_ONPATH                        270235                         270235              

FTQ_BREAK_FULL_FT_OFFPATH                      2459564                        2459564              

FTQ_BREAK_PRED_BR_ONPATH                             0                              0              

FTQ_BREAK_PRED_BR_OFFPATH                            0                              0              

FTQ_BREAK_BAR_FETCH_ONPATH                           0                              0              

FTQ_BREAK_BAR_FETCH_OFFPATH                          0                              0              

FTQ_BREAK_MAX_CFS_TAKEN_ONPATH                       0                              0              

FTQ_BREAK_MAX_CFS_TAKEN_OFFPATH                      0                              0              

FTQ_BREAK_MAX_FT_ONPATH                        4790486                        4790486              

FTQ_BREAK_MAX_FT_OFFPATH                      12719783                       12719783              

DFE_GEN_ON_PATH_FT                             6896868                        6896868              

DFE_GEN_OFF_PATH_FT                           11186277                       11186277              

DFE_L0_ENABLED_PREDICTIONS                    43388324                       43388324              

DFE_L0_WRONG_MAIN_CORRECT                      1642958                        1642958              

DFE_L0_WRONG_MAIN_WRONG                         318953                         318953              

DFE_L0_CORRECT_MAIN_WRONG                         8665                           8665              

DFE_L0_CORRECT_MAIN_CORRECT                   41417748                       41417748              

DFE_L0_WRONG_MAIN_CORRECT_RECOVERY_SCHEDULED             0                              0              

FTQ_SAW_BAR_FETCH_OFFPATH                         2592                           2592              

FTQ_SAW_BAR_FETCH_ONPATH                          5789                           5789              

DFE_CONF_0_RECOVER_AT_EXEC                           0         -nan%                0         -nan%
DFE_CONF_1_RECOVER_AT_EXEC                           0         -nan%                0         -nan%
DFE_CONF_2_RECOVER_AT_EXEC                           0         -nan%                0         -nan%
DFE_CONF_3_RECOVER_AT_EXEC                           0         -nan%                0         -nan%
DFE_CONF_0_CORRECT                                   0         -nan%                0         -nan%
DFE_CONF_1_CORRECT                                   0         -nan%                0         -nan%
DFE_CONF_2_CORRECT                                   0         -nan%                0         -nan%
DFE_CONF_3_CORRECT                                   0         -nan%                0         -nan%
                                                     0         -nan%                0         -nan%
                                                  -nan         -nan              -nan         -nan

DFE_ON_CONF_ON_OPS                                   0         -nan%                0         -nan%
DFE_ON_CONF_OFF_OPS                                  0         -nan%                0         -nan%
DFE_OFF_CONF_ON_OPS                                  0         -nan%                0         -nan%
DFE_OFF_CONF_OFF_REALISTIC_OPS                       0         -nan%                0         -nan%
DFE_OFF_CONF_OFF_PERFECT_OPS                         0         -nan%                0         -nan%
                                                     0         -nan%                0         -nan%
                                                  -nan         -nan              -nan         -nan

DFE_ON_CONF_ON_FETCH_TARGETS                         0         -nan%                0         -nan%
DFE_ON_CONF_OFF_FETCH_TARGETS                        0         -nan%                0         -nan%
DFE_OFF_CONF_ON_FETCH_TARGETS                        0         -nan%                0         -nan%
DFE_OFF_CONF_OFF_REALISTIC_FETCH_TARGETS             0         -nan%                0         -nan%
DFE_OFF_CONF_OFF_PERFECT_FETCH_TARGETS               0         -nan%                0         -nan%
                                                     0         -nan%                0         -nan%
                                                  -nan         -nan              -nan         -nan

DFE_ON_CONF_ON_CYCLES                                0         -nan%                0         -nan%
DFE_ON_CONF_OFF_CYCLES                               0         -nan%                0         -nan%
DFE_OFF_CONF_ON_CYCLES                               0         -nan%                0         -nan%
DFE_OFF_CONF_OFF_REALISTIC_CYCLES                    0         -nan%                0         -nan%
DFE_OFF_CONF_OFF_PERFECT_CYCLES                      0         -nan%                0         -nan%
                                                     0         -nan%                0         -nan%
                                                  -nan         -nan              -nan         -nan

DFE_OFF_CONF_ON_NUM_EVENTS                           0                              0              

DFE_OFF_CONF_ON_NOT_IDENTIFIED_EVENTS                0         -nan%                0         -nan%
DFE_OFF_CONF_ON_IBTB_MISS_EVENTS                     0         -nan%                0         -nan%
DFE_OFF_CONF_ON_BTB_MISS_EVENTS                      0         -nan%                0         -nan%
DFE_OFF_CONF_ON_BTB_MISS_RECOVER_AT_EXEC_EVENTS             0         -nan%                0         -nan%
DFE_OFF_CONF_ON_RECOVER_AT_EXEC_EVENTS               0         -nan%                0         -nan%
DFE_OFF_CONF_ON_RECOVER_AT_DECODE_EVENTS             0         -nan%                0         -nan%
                                                     0         -nan%                0         -nan%
                                                  -nan         -nan              -nan         -nan

DFE_OFF_CONF_ON_LATE_BTB_HIT_EVENTS                  0                              0              

DFE_OFF_CONF_ON_NOT_IDENTIFIED_CYCLES                0         -nan%                0         -nan%
DFE_OFF_CONF_ON_IBTB_MISS_CYCLES                     0         -nan%                0         -nan%
DFE_OFF_CONF_ON_BTB_MISS_CYCLES                      0         -nan%                0         -nan%
DFE_OFF_CONF_ON_BTB_MISS_RECOVER_AT_EXEC_CYCLES             0         -nan%                0         -nan%
DFE_OFF_CONF_ON_RECOVER_AT_EXEC_CYCLES               0         -nan%                0         -nan%
DFE_OFF_CONF_ON_RECOVER_AT_DECODE_CYCLES             0         -nan%                0         -nan%
                                                     0         -nan%                0         -nan%
                                                  -nan         -nan              -nan         -nan

DFE_OFF_CONF_ON_LATE_BTB_HIT_CYCLES                  0                              0              

DFE_OFF_CONF_ON_NOT_IDENTIFIED_FETCH_TARGETS             0         -nan%                0         -nan%
DFE_OFF_CONF_ON_IBTB_MISS_FETCH_TARGETS              0         -nan%                0         -nan%
DFE_OFF_CONF_ON_BTB_MISS_FETCH_TARGETS               0         -nan%                0         -nan%
DFE_OFF_CONF_ON_BTB_MISS_RECOVER_AT_EXEC_FETCH_TARGETS             0         -nan%                0         -nan%
DFE_OFF_CONF_ON_RECOVER_AT_EXEC_FETCH_TARGETS             0         -nan%                0         -nan%
DFE_OFF_CONF_ON_RECOVER_AT_DECODE_FETCH_TARGETS             0         -nan%                0         -nan%
                                                     0         -nan%                0         -nan%
                                                  -nan         -nan              -nan         -nan

DFE_OFF_CONF_ON_LATE_BTB_HIT_FETCH_TARGETS             0                              0              

DFE_OFF_CONF_ON_BP_INCORRECT_0_CONF                  0         -nan%                0         -nan%
DFE_OFF_CONF_ON_BP_INCORRECT_1_CONF                  0         -nan%                0         -nan%
DFE_OFF_CONF_ON_BP_INCORRECT_2_CONF                  0         -nan%                0         -nan%
DFE_OFF_CONF_ON_BP_INCORRECT_3_CONF                  0         -nan%                0         -nan%
                                                     0         -nan%                0         -nan%
                                                  -nan         -nan              -nan         -nan

DFE_OFF_CONF_ON_BTB_MISS_CBR_0_CONF                  0         -nan%                0         -nan%
DFE_OFF_CONF_ON_BTB_MISS_CBR_1_CONF                  0         -nan%                0         -nan%
DFE_OFF_CONF_ON_BTB_MISS_CBR_2_CONF                  0         -nan%                0         -nan%
DFE_OFF_CONF_ON_BTB_MISS_CBR_3_CONF                  0         -nan%                0         -nan%
                                                     0         -nan%                0         -nan%
                                                  -nan         -nan              -nan         -nan

DFE_OFF_CONF_ON_BTB_MISS_NOT_CF                      0         -nan%                0         -nan%
DFE_OFF_CONF_ON_BTB_MISS_CF_BR                       0         -nan%                0         -nan%
DFE_OFF_CONF_ON_BTB_MISS_CF_CBR                      0         -nan%                0         -nan%
DFE_OFF_CONF_ON_BTB_MISS_CF_CALL                     0         -nan%                0         -nan%
DFE_OFF_CONF_ON_BTB_MISS_CF_IBR                      0         -nan%                0         -nan%
DFE_OFF_CONF_ON_BTB_MISS_CF_ICALL                    0         -nan%                0         -nan%
DFE_OFF_CONF_ON_BTB_MISS_CF_ICO                      0         -nan%                0         -nan%
DFE_OFF_CONF_ON_BTB_MISS_CF_RET                      0         -nan%                0         -nan%
DFE_OFF_CONF_ON_BTB_MISS_CF_SYS                      0         -nan%                0         -nan%
                                                     0         -nan%                0         -nan%
                                                  -nan         -nan              -nan         -nan

DFE_ON_CONF_OFF_NUM_EVENTS                           0                              0              

CONF_BTB_NUM_CYCLES_OFF_PATH_EVENT                   0                              0              

DFE_ON_CONF_OFF_IBTB_MISS_BP_TAKEN                   0         -nan%                0         -nan%
DFE_ON_CONF_OFF_BTB_MISS_BP_TAKEN_CONF_0             0         -nan%                0         -nan%
DFE_ON_CONF_OFF_BTB_MISS_BP_TAKEN_CONF_1             0         -nan%                0         -nan%
DFE_ON_CONF_OFF_BTB_MISS_BP_TAKEN_CONF_2             0         -nan%                0         -nan%
DFE_ON_CONF_OFF_BTB_MISS_BP_TAKEN_CONF_3             0         -nan%                0         -nan%
DFE_ON_CONF_OFF_BTB_MISS_RATE                        0         -nan%                0         -nan%
DFE_ON_CONF_OFF_IBTB_MISS_RATE                       0         -nan%                0         -nan%
DFE_ON_CONF_OFF_RECOVER_AT_DECODE_RATE               0         -nan%                0         -nan%
DFE_ON_CONF_OFF_RECOVER_AT_EXEC_RATE                 0         -nan%                0         -nan%
DFE_ON_CONF_OFF_INV_CONF_INC                         0         -nan%                0         -nan%
DFE_ON_CONF_OFF_PERFECT_CONF                         0         -nan%                0         -nan%
                                                     0         -nan%                0         -nan%
                                                  -nan         -nan              -nan         -nan

DFE_ON_CONF_OFF_IBTB_MISS_BP_TAKEN_CYCLES             0         -nan%                0         -nan%
DFE_ON_CONF_OFF_BTB_MISS_BP_TAKEN_CONF_0_CYCLES             0         -nan%                0         -nan%
DFE_ON_CONF_OFF_BTB_MISS_BP_TAKEN_CONF_1_CYCLES             0         -nan%                0         -nan%
DFE_ON_CONF_OFF_BTB_MISS_BP_TAKEN_CONF_2_CYCLES             0         -nan%                0         -nan%
DFE_ON_CONF_OFF_BTB_MISS_BP_TAKEN_CONF_3_CYCLES             0         -nan%                0         -nan%
DFE_ON_CONF_OFF_BTB_MISS_RATE_CYCLES                 0         -nan%                0         -nan%
DFE_ON_CONF_OFF_IBTB_MISS_RATE_CYCLES                0         -nan%                0         -nan%
DFE_ON_CONF_OFF_RECOVER_AT_DECODE_RATE_CYCLES             0         -nan%                0         -nan%
DFE_ON_CONF_OFF_RECOVER_AT_EXEC_RATE_CYCLES             0         -nan%                0         -nan%
DFE_ON_CONF_OFF_INV_CONF_INC_CYCLES                  0         -nan%                0         -nan%
DFE_ON_CONF_OFF_PERFECT_CONF_CYCLES                  0         -nan%                0         -nan%
                                                     0         -nan%                0         -nan%
                                                  -nan         -nan              -nan         -nan

DFE_ON_CONF_OFF_IBTB_MISS_BP_TAKEN_FETCH_TARGETS             0         -nan%                0         -nan%
DFE_ON_CONF_OFF_BTB_MISS_BP_TAKEN_CONF_0_FETCH_TARGETS             0         -nan%                0         -nan%
DFE_ON_CONF_OFF_BTB_MISS_BP_TAKEN_CONF_1_FETCH_TARGETS             0         -nan%                0         -nan%
DFE_ON_CONF_OFF_BTB_MISS_BP_TAKEN_CONF_2_FETCH_TARGETS             0         -nan%                0         -nan%
DFE_ON_CONF_OFF_BTB_MISS_BP_TAKEN_CONF_3_FETCH_TARGETS             0         -nan%                0         -nan%
DFE_ON_CONF_OFF_BTB_MISS_RATE_FETCH_TARGETS             0         -nan%                0         -nan%
DFE_ON_CONF_OFF_IBTB_MISS_RATE_FETCH_TARGETS             0         -nan%                0         -nan%
DFE_ON_CONF_OFF_RECOVER_AT_DECODE_RATE_FETCH_TARGETS             0         -nan%                0         -nan%
DFE_ON_CONF_OFF_RECOVER_AT_EXEC_RATE_FETCH_TARGETS             0         -nan%                0         -nan%
DFE_ON_CONF_OFF_INV_CONF_INC_FETCH_TARGETS             0         -nan%                0         -nan%
DFE_ON_CONF_OFF_PERFECT_CONF_FETCH_TARGETS             0         -nan%                0         -nan%
                                                     0         -nan%                0         -nan%
                                                  -nan         -nan              -nan         -nan

CONF_OFF_IBTB_MISS_BP_TAKEN                          0         -nan%                0         -nan%
CONF_OFF_BTB_MISS_BP_TAKEN_CONF_0                    0         -nan%                0         -nan%
CONF_OFF_BTB_MISS_BP_TAKEN_CONF_1                    0         -nan%                0         -nan%
CONF_OFF_BTB_MISS_BP_TAKEN_CONF_2                    0         -nan%                0         -nan%
CONF_OFF_BTB_MISS_BP_TAKEN_CONF_3                    0         -nan%                0         -nan%
CONF_OFF_BTB_MISS_RATE                               0         -nan%                0         -nan%
CONF_OFF_IBTB_MISS_RATE                              0         -nan%                0         -nan%
CONF_OFF_RECOVER_AT_DECODE_RATE                      0         -nan%                0         -nan%
CONF_OFF_RECOVER_AT_EXEC_RATE                        0         -nan%                0         -nan%
CONF_OFF_INV_CONF_INC                                0         -nan%                0         -nan%
CONF_OFF_PERFECT_CONF                                0         -nan%                0         -nan%
                                                     0         -nan%                0         -nan%
                                                  -nan         -nan              -nan         -nan

TOPDOWN_TOTAL_SLOTS                          121440870                      121440870              

TOPDOWN_ISSUED_SLOTS                          63323606                       63323606              

TOPDOWN_RETIRED_SLOTS                         43388324                       43388324              

TOPDOWN_FETCH_BUBBLES_SLOTS                   37478755                       37478755              

TOPDOWN_RECOVERY_BUBBLES_SLOTS                14318135                       14318135              

TOPDOWN_MEM_LOAD_STALLS_CYCLES                  965949                         965949              

TOPDOWN_MEM_STORE_STALLS_CYCLES                     18                             18              

TOPDOWN_EXEC_STALLS_CYCLES                     2992823                        2992823              

TOPDOWN_BACKEND_STALLS_CYCLES                   969102                         969102              

TOPDOWN_FETCH_BUBBLES_GT_MIW_CYCLES            4510272                        4510272              

TOPDOWN_BR_RECOVER_AT_EXEC_RETIRED_CYCLES        148609                         148609              

TOPDOWN_MACHINE_CLEAR_CYCLES                   1970576                        1970576              

TOPDOWN_FRONTEND_BOUND                            3086                           3086              

TOPDOWN_BACKEND_BOUND                              522                            522              

TOPDOWN_BAD_SPEC_BOUND                            2820                           2820              

TOPDOWN_RETIRING_BOUND                            3572                           3572              

TOPDOWN_FETCH_LATENCY_BOUND                       2228                           2228              

TOPDOWN_FETCH_BANDWIDTH_BOUND                      858                            858              

TOPDOWN_MEM_BOUND                                  520                            520              

TOPDOWN_CORE_BOUND                                   2                              2              

TOPDOWN_BR_RECOVER_AT_EXEC_BOUND                   197                            197              

TOPDOWN_MACHINE_CLEARS_BOUND                      2623                           2623              

H2P_SEEN_MAIN                                    27653                          27653              



