/* -*- Mode: c -*- */
####################################################################################################
Core 0
####################################################################################################
Cumulative:        Cycles: 21412692              Instructions: 20000000              IPC: 0.93403

Periodic:          Cycles: 11008319              Instructions: 9999997               IPC: 0.90840

EXECUTION_TIME                           3440099687500                  6691466250000              

SIM_HOST_WALL_SECONDS                       137.557066                     137.557066              

NODE_CYCLE                                    11008319                       21412692              

NODE_INST_COUNT                                9999997                       20000000              

NODE_INST_COUNT_FETCHED                        9999997                       20000000              

NODE_UOP_COUNT                                10593829                       21316020              

EXEC_STAGE_NO_ISSUE_STALL_CYCLE                3786719                        7245327              

EXEC_STAGE_NO_ISSUE_STALL_CYCLE_ONPATH         3687279                        7063798              

FULL_WINDOW_STALL                                17851        0.162%            35408        0.165%

FULL_WINDOW_MEM_OP                               15691      100.000%            30833       99.987%
FULL_WINDOW_FP_OP                                    0        0.000%                4        0.013%
FULL_WINDOW_OTHER_OP                                 0        0.000%                0        0.000%
                                                 15691      100.000%            30837      100.000%
                                                  0.00         0.00              0.00         0.01

RET_BLOCKED_DC_MISS                            8524778       77.439%         16652097       77.767%

RET_BLOCKED_L1_MISS                            7323395       66.526%         13922497       65.020%

RET_BLOCKED_L1_MISS_BW_PREF                     368336        3.346%          1243423        5.807%

RET_BLOCKED_L1_ACCESS                          1201539       10.915%          2729996       12.749%

RET_BLOCKED_MEM_STALL                          7328914       66.576%         13931513       65.062%

RET_BLOCKED_OFFCHIP_DEMAND                           0        0.000%                0        0.000%

OP_ISSUED                                     10755459                       21622362              

OP_RETIRED                                    10593829                       21316020              

OP_MACRO_FUSION_ONPATH                               0                              0              

OP_MACRO_FUSION_OFFPATH                              0                              0              

REPLAY_SIGNALED                                      0                              0              

REPLAY_COUNTED                                       0                              0              

OFF_CRITICAL_PATH                                    0         -nan%                0         -nan%
ON_CRITICAL_PATH                                     0         -nan%                0         -nan%
                                                     0         -nan%                0         -nan%
                                                  -nan         -nan              -nan         -nan

LD_NO_DEPENDENTS                                     2        0.000%                3        0.000%
LD_DEPENDENTS                                  1403427      100.000%          2905699      100.000%
                                               1403429      100.000%          2905702      100.000%
                                                  1.00         1.00              1.00         1.00

LD_EXEC_CYCLES_0                                     0        0.000%                0        0.000%
LD_EXEC_CYCLES_1                                     0        0.000%                0        0.000%
LD_EXEC_CYCLES_2                                     0        0.000%                0        0.000%
LD_EXEC_CYCLES_3                                  2062       54.550%             4432       53.488%
LD_EXEC_CYCLES_4                                  1718       45.450%             3854       46.512%
                                                  3780      100.000%             8286      100.000%
                                                  3.45         2.38              3.47         2.42

ICACHE_STAGE_STARVED                            100580        2.079%           185152        1.940%
ICACHE_STAGE_NOT_STARVED                       4737622       97.921%          9359540       98.060%
                                               4838202      100.000%          9544692      100.000%
                                                  0.98         0.97              0.98         0.97

ICACHE_STAGE_STALLED                           1919108       17.433%          3789936       17.699%
ICACHE_STAGE_NOT_STALLED                       2919094       26.517%          5754756       26.875%
ICACHE_STAGE_OFF_PATH                          6170118       56.050%         11868000       55.425%
                                              11008320      100.000%         21412692      100.000%
                                                  1.39         1.15              1.38         1.14

DECODE_STAGE_STARVED                          10943017       99.407%         21208223       99.046%
DECODE_STAGE_NOT_STARVED                         65272        0.593%           204278        0.954%
                                              11008289      100.000%         21412501      100.000%
                                                  0.01         0.08              0.01         0.10

DECODE_STAGE_STALLED                             21970        0.200%           378650        1.768%
DECODE_STAGE_NOT_STALLED                      10986319       99.800%         21033851       98.231%
DECODE_STAGE_OFF_PATH                               30        0.000%              191        0.001%
                                              11008319      100.000%         21412692      100.000%
                                                  1.00         0.00              0.98         0.02

UOPQ_STAGE_STARVED                             3408750       72.668%          4700113       58.031%
UOPQ_STAGE_NOT_STARVED                         1282114       27.332%          3399156       41.969%
                                               4690864      100.000%          8099269      100.000%
                                                  0.27         0.41              0.42         0.46

UOPQ_STAGE_STALLED                             1938744       17.612%          3832921       17.900%
UOPQ_STAGE_NOT_STALLED                         4690864       42.612%          8099269       37.825%
UOPQ_STAGE_OFF_PATH                            4378711       39.776%          9480502       44.275%
                                              11008319      100.000%         21412692      100.000%
                                                  1.22         0.92              1.26         0.99

RS_OP_READY_NOT_ISSUED_TOTAL                   5271045                       11949318              

RS_0_OP_READY_NOT_ISSUED                       4993994                       11305357              

RS_1_OP_READY_NOT_ISSUED                        275840                         642290              

RS_2_OP_READY_NOT_ISSUED                          1211                           1671              

RS_3_OP_READY_NOT_ISSUED                             0                              0              

RS_4_OP_READY_NOT_ISSUED                             0                              0              

RS_5_OP_READY_NOT_ISSUED                             0                              0              

RS_6_OP_READY_NOT_ISSUED                             0                              0              

RS_7_OP_READY_NOT_ISSUED                             0                              0              

RS_7_PLUS_OP_READY_NOT_ISSUED                        0                              0              

FU_IDLE_NO_READY_OPS_TOTAL                    87549034                      170568401              

FU_0_IDLE_NO_READY_OPS                         7009408                       13755231              

FU_1_IDLE_NO_READY_OPS                         7558652                       14854640              

FU_2_IDLE_NO_READY_OPS                         9574496                       18534950              

FU_3_IDLE_NO_READY_OPS                         9573311                       18533652              

FU_4_IDLE_NO_READY_OPS                         7565689                       14866414              

FU_5_IDLE_NO_READY_OPS                         7204023                       14060832              

FU_6_IDLE_NO_READY_OPS                        10850773                       21089921              

FU_7_IDLE_NO_READY_OPS                        10850101                       21088202              

FU_8_IDLE_NO_READY_OPS                         7786847                       15247870              

FU_9_IDLE_NO_READY_OPS                         9575734                       18536689              

FU_10_IDLE_NO_READY_OPS                              0                              0              

FU_11_IDLE_NO_READY_OPS                              0                              0              

FU_12_IDLE_NO_READY_OPS                              0                              0              

FU_13_IDLE_NO_READY_OPS                              0                              0              

FU_14_IDLE_NO_READY_OPS                              0                              0              

FU_15_IDLE_NO_READY_OPS                              0                              0              

FU_16_IDLE_NO_READY_OPS                              0                              0              

FU_17_IDLE_NO_READY_OPS                              0                              0              

FU_18_IDLE_NO_READY_OPS                              0                              0              

FU_19_IDLE_NO_READY_OPS                              0                              0              

FU_20_IDLE_NO_READY_OPS                              0                              0              

FU_21_IDLE_NO_READY_OPS                              0                              0              

FU_22_IDLE_NO_READY_OPS                              0                              0              

FU_23_IDLE_NO_READY_OPS                              0                              0              

FU_24_IDLE_NO_READY_OPS                              0                              0              

FU_25_IDLE_NO_READY_OPS                              0                              0              

FU_26_IDLE_NO_READY_OPS                              0                              0              

FU_27_IDLE_NO_READY_OPS                              0                              0              

FU_28_IDLE_NO_READY_OPS                              0                              0              

FU_29_IDLE_NO_READY_OPS                              0                              0              

FU_30_IDLE_NO_READY_OPS                              0                              0              

FU_31_IDLE_NO_READY_OPS                              0                              0              

FU_31_PLUS_IDLE_NO_READY_OPS                         0                              0              

MAP_STAGE_STARVED                               369917       11.649%           794008       12.628%
MAP_STAGE_NOT_STARVED                          2805500       88.351%          5493523       87.372%
                                               3175417      100.000%          6287531      100.000%
                                                  0.88         0.84              0.87         0.83

MAP_STAGE_STALLED                                    0        0.000%                0        0.000%
MAP_STAGE_NOT_STALLED                          3175417       71.418%          6287531       72.800%
MAP_STAGE_OFF_PATH                             1270841       28.582%          2349221       27.200%
                                               4446258      100.000%          8636752      100.000%
                                                  1.29         0.82              1.27         0.80

MAP_STAGE_STALL_ITSELF                         6562061       59.610%         12775940       59.665%
MAP_STAGE_NOT_STALL_ITSELF                     4446258       40.390%          8636752       40.335%
                                              11008319      100.000%         21412692      100.000%
                                                  0.40         0.46              0.40         0.46

MAP_STAGE_LATE_ALLOCATE_SEND_BACK                    0                              0              

MAP_STAGE_RENAME_OP_ONPATH                    10593594                       21316020              

MAP_STAGE_RENAME_OP_OFFPATH                    4092863                        7735569              

MAP_STAGE_RENAME_INT_REG_ONPATH                6097495                       12132732              

MAP_STAGE_RENAME_INT_REG_OFFPATH               2447322                        4647271              

MAP_STAGE_RENAME_VEC_REG_ONPATH                1314512                        2940970              

MAP_STAGE_RENAME_VEC_REG_OFFPATH                446644                         764670              

MAP_STAGE_RENAME_MOVE_ELIM_ONPATH                    0                              0              

MAP_STAGE_RENAME_MOVE_ELIM_OFFPATH                   0                              0              

MAP_STAGE_ONPATH_INT_REG_NUM_ALLOC             6097640                       12132720              

MAP_STAGE_ONPATH_VEC_REG_NUM_ALLOC             1314516                        2940967              

MAP_STAGE_ONPATH_INT_REG_NUM_SHORTLIVE         3700503                        7404029              

MAP_STAGE_ONPATH_VEC_REG_NUM_SHORTLIVE          393022                         916755              

MAP_STAGE_ONPATH_INT_REG_USE_COUNT_0             46221                          96716              

MAP_STAGE_ONPATH_VEC_REG_USE_COUNT_0            120114                         270825              

MAP_STAGE_ONPATH_INT_REG_USE_COUNT_1           4308522                        8579674              

MAP_STAGE_ONPATH_VEC_REG_USE_COUNT_1            960912                        2166598              

MAP_STAGE_ONPATH_INT_REG_USE_COUNT_2            932805                        1867365              

MAP_STAGE_ONPATH_VEC_REG_USE_COUNT_2            233490                         503544              

MAP_STAGE_ONPATH_INT_REG_USE_COUNT_3            639115                        1212305              

MAP_STAGE_ONPATH_VEC_REG_USE_COUNT_3                 0                              0              

MAP_STAGE_ONPATH_INT_REG_USE_COUNT_4            126648                         283463              

MAP_STAGE_ONPATH_VEC_REG_USE_COUNT_4                 0                              0              

MAP_STAGE_ONPATH_INT_REG_USE_COUNT_5              5524                          10729              

MAP_STAGE_ONPATH_VEC_REG_USE_COUNT_5                 0                              0              

MAP_STAGE_ONPATH_INT_REG_USE_COUNT_6              9452                          22751              

MAP_STAGE_ONPATH_VEC_REG_USE_COUNT_6                 0                              0              

MAP_STAGE_ONPATH_INT_REG_USE_COUNT_7_PLUS         29353                          59717              

MAP_STAGE_ONPATH_VEC_REG_USE_COUNT_7_PLUS             0                              0              

MAP_STAGE_ONPATH_INT_REG_CONSUME_DIST_0              0        0.0000                0        0.0000

MAP_STAGE_ONPATH_VEC_REG_CONSUME_DIST_0              0        0.0000                0        0.0000

MAP_STAGE_ONPATH_INT_REG_CONSUME_DIST_1              0        0.0000                0        0.0000

MAP_STAGE_ONPATH_VEC_REG_CONSUME_DIST_1              0        0.0000                0        0.0000

MAP_STAGE_ONPATH_INT_REG_CONSUME_DIST_2       69520286       74.5282        125162374       67.0262

MAP_STAGE_ONPATH_VEC_REG_CONSUME_DIST_2        8551562       36.6250         15872083       31.5207

MAP_STAGE_ONPATH_INT_REG_CONSUME_DIST_3       13543115       21.1904         26079167       21.5121

MAP_STAGE_ONPATH_VEC_REG_CONSUME_DIST_3              0          -nan                0          -nan

MAP_STAGE_ONPATH_INT_REG_CONSUME_DIST_4        2962506       23.3917          5086549       17.9443

MAP_STAGE_ONPATH_VEC_REG_CONSUME_DIST_4              0          -nan                0          -nan

MAP_STAGE_ONPATH_INT_REG_CONSUME_DIST_5         112397       20.3470           189312       17.6449

MAP_STAGE_ONPATH_VEC_REG_CONSUME_DIST_5              0          -nan                0          -nan

MAP_STAGE_ONPATH_INT_REG_CONSUME_DIST_6         255410       27.0218           464061       20.3974

MAP_STAGE_ONPATH_VEC_REG_CONSUME_DIST_6              0          -nan                0          -nan

MAP_STAGE_ONPATH_INT_REG_CONSUME_DIST_7_PLUS      31137359     1060.7897         36662957      613.9451

MAP_STAGE_ONPATH_VEC_REG_CONSUME_DIST_7_PLUS             0          -nan                0          -nan

MAP_STAGE_INT_REG_ISSUE_READ_TOTAL_CONSUMED      10707467        2.8276         21338081        2.9451

MAP_STAGE_VEC_REG_ISSUE_READ_TOTAL_CONSUMED       1549294        0.4091          3448318        0.4759

MAP_STAGE_INT_REG_ISSUE_READ_MULTI_CONSUMED       4625323        1.2215          9239859        1.2753

MAP_STAGE_VEC_REG_ISSUE_READ_MULTI_CONSUMED        354820        0.0937           778013        0.1074

MAP_STAGE_INT_REG_ISSUE_READ_SAME_CYCLE_CONSUMED        905597        0.2392          1944928        0.2684

MAP_STAGE_VEC_REG_ISSUE_READ_SAME_CYCLE_CONSUMED        165442        0.0437           376589        0.0520

MAP_STAGE_INT_REG_ISSUE_READ_TOTAL_CONSUMED_ONPATH      10576013        2.8682         21086120        2.9851

MAP_STAGE_VEC_REG_ISSUE_READ_TOTAL_CONSUMED_ONPATH       1548005        0.4198          3444515        0.4876

MAP_STAGE_INT_REG_ISSUE_READ_MULTI_CONSUMED_ONPATH       4524641        1.2271          9050095        1.2812

MAP_STAGE_VEC_REG_ISSUE_READ_MULTI_CONSUMED_ONPATH        353604        0.0959           774369        0.1096

MAP_STAGE_INT_REG_ISSUE_READ_SAME_CYCLE_CONSUMED_ONPATH        881220        0.2390          1897487        0.2686

MAP_STAGE_VEC_REG_ISSUE_READ_SAME_CYCLE_CONSUMED_ONPATH        165436        0.0449           376555        0.0533

MAP_STAGE_ONPATH_INT_REG_LIFECYCLE_EMPTY     824557370                     1785077958              

MAP_STAGE_ONPATH_VEC_REG_LIFECYCLE_EMPTY     512895781                      933044248              

MAP_STAGE_ONPATH_INT_REG_LIFECYCLE_IN_USE    1015295502                     2111875880              

MAP_STAGE_ONPATH_VEC_REG_LIFECYCLE_IN_USE     587154495                     1060735444              

MAP_STAGE_ONPATH_INT_REG_LIFECYCLE_SPEC_RELEASE    2142047680                     4145415237              

MAP_STAGE_ONPATH_VEC_REG_LIFECYCLE_SPEC_RELEASE     694398323                     1254648271              

MAP_STAGE_ONPATH_INT_REG_LIFECYCLE_NONSPEC_RELEASE    2142047680                     4145415237              

MAP_STAGE_ONPATH_VEC_REG_LIFECYCLE_NONSPEC_RELEASE     694398323                     1254648271              

MAP_STAGE_ONPATH_INT_REG_LIFECYCLE_TOTAL    2142047680                     4145415237              

MAP_STAGE_ONPATH_VEC_REG_LIFECYCLE_TOTAL     694398323                     1254648271              

MAP_STAGE_ONPATH_INT_REG_NUM_NONBRANCH         6097640                       12132720              

MAP_STAGE_ONPATH_VEC_REG_NUM_NONBRANCH         1314516                        2940967              

MAP_STAGE_ONPATH_INT_REG_NUM_NONEXCEPT         6097640                       12132720              

MAP_STAGE_ONPATH_VEC_REG_NUM_NONEXCEPT         1314516                        2940967              

MAP_STAGE_ONPATH_INT_REG_NUM_ATOMIC            6097640                       12132720              

MAP_STAGE_ONPATH_VEC_REG_NUM_ATOMIC            1314516                        2940967              

MAP_STAGE_ONPATH_INT_REG_ATOMIC_REDEFINED_DIST_TOTAL    2142047680      351.2913       4145415237      341.6724

MAP_STAGE_ONPATH_VEC_REG_ATOMIC_REDEFINED_DIST_TOTAL     694398323      528.2540       1254648271      426.6108

MAP_STAGE_ONPATH_INT_REG_ATOMIC_CONSUMED_DIST_TOTAL    1015295502      166.5063       2111875880      174.0645

MAP_STAGE_ONPATH_VEC_REG_ATOMIC_CONSUMED_DIST_TOTAL     587154495      446.6697       1060735444      360.6757

MAP_STAGE_ONPATH_INT_REG_ATOMIC_RELEASE_DIST_TOTAL    2142047680      351.2913       4145415237      341.6724

MAP_STAGE_ONPATH_VEC_REG_ATOMIC_RELEASE_DIST_TOTAL     694398323      528.2540       1254648271      426.6108

EXEC_STAGE_STARVED                            10405489       94.524%         20183125       94.258%
EXEC_STAGE_NOT_STARVED                          551157        5.007%          1130549        5.280%
EXEC_STAGE_OFF_PATH                              51673        0.469%            99018        0.462%
                                              11008319      100.000%         21412692      100.000%
                                                  0.06         0.25              0.06         0.25

FU_BUSY_0                                      2212224                        4382102              

FU_BUSY_1                                      1642749                        3300605              

FU_BUSY_2                                       542456                        1090539              

FU_BUSY_3                                       543083                        1091152              

FU_BUSY_4                                      1589528                        3201694              

FU_BUSY_5                                      2230933                        4443950              

FU_BUSY_6                                        61368                         122396              

FU_BUSY_7                                        61473                         123161              

FU_BUSY_8                                      1531324                        3097066              

FU_BUSY_9                                       541102                        1089222              

FU_BUSY_10                                           0                              0              

FU_BUSY_11                                           0                              0              

FU_BUSY_12                                           0                              0              

FU_BUSY_13                                           0                              0              

FU_BUSY_14                                           0                              0              

FU_BUSY_15                                           0                              0              

FU_BUSY_16                                           0                              0              

FU_BUSY_17                                           0                              0              

FU_BUSY_18                                           0                              0              

FU_BUSY_19                                           0                              0              

FU_BUSY_20                                           0                              0              

FU_BUSY_21                                           0                              0              

FU_BUSY_22                                           0                              0              

FU_BUSY_23                                           0                              0              

FU_BUSY_24                                           0                              0              

FU_BUSY_25                                           0                              0              

FU_BUSY_26                                           0                              0              

FU_BUSY_27                                           0                              0              

FU_BUSY_28                                           0                              0              

FU_BUSY_29                                           0                              0              

FU_BUSY_30                                           0                              0              

FU_BUSY_31                                           0                              0              

FU_REJECTED_OP_INV_NOT_SIMD                          0        0.000%                0        0.000%
FU_REJECTED_OP_NOP_NOT_SIMD                          0        0.000%                0        0.000%
FU_REJECTED_OP_CF_NOT_SIMD                           0        0.000%                0        0.000%
FU_REJECTED_OP_MOV_NOT_SIMD                       3374        3.383%             5134        3.114%
FU_REJECTED_OP_CMOV_NOT_SIMD                         0        0.000%                0        0.000%
FU_REJECTED_OP_LDA_NOT_SIMD                          0        0.000%                0        0.000%
FU_REJECTED_OP_IMEM_NOT_SIMD                     39561       39.665%            66695       40.457%
FU_REJECTED_OP_IADD_NOT_SIMD                         0        0.000%                0        0.000%
FU_REJECTED_OP_IMUL_NOT_SIMD                      7562        7.582%            14731        8.936%
FU_REJECTED_OP_IDIV_NOT_SIMD                         0        0.000%                0        0.000%
FU_REJECTED_OP_ICMP_NOT_SIMD                         0        0.000%                0        0.000%
FU_REJECTED_OP_LOGIC_NOT_SIMD                        0        0.000%                0        0.000%
FU_REJECTED_OP_SHIFT_NOT_SIMD                        0        0.000%                0        0.000%
FU_REJECTED_OP_FMEM_NOT_SIMD                         0        0.000%                0        0.000%
FU_REJECTED_OP_FCVT_NOT_SIMD                         0        0.000%                0        0.000%
FU_REJECTED_OP_FADD_NOT_SIMD                         0        0.000%                0        0.000%
FU_REJECTED_OP_FMUL_NOT_SIMD                         0        0.000%                0        0.000%
FU_REJECTED_OP_FMA_NOT_SIMD                          0        0.000%                0        0.000%
FU_REJECTED_OP_FDIV_NOT_SIMD                         0        0.000%                0        0.000%
FU_REJECTED_OP_FCMP_NOT_SIMD                         0        0.000%                0        0.000%
FU_REJECTED_OP_FCMOV_NOT_SIMD                        0        0.000%                0        0.000%
FU_REJECTED_OP_GATHER_NOT_SIMD                       0        0.000%                0        0.000%
FU_REJECTED_OP_SCATTER_NOT_SIMD                      0        0.000%                0        0.000%
FU_REJECTED_OP_PIPELINED_FAST_NOT_SIMD               0        0.000%                0        0.000%
FU_REJECTED_OP_PIPELINED_MEDIUM_NOT_SIMD             0        0.000%                0        0.000%
FU_REJECTED_OP_PIPELINED_SLOW_NOT_SIMD               0        0.000%                0        0.000%
FU_REJECTED_OP_NOTPIPELINED_MEDIUM_NOT_SIMD             0        0.000%                0        0.000%
FU_REJECTED_OP_NOTPIPELINED_SLOW_NOT_SIMD             0        0.000%                0        0.000%
FU_REJECTED_OP_NOTPIPELINED_VERY_SLOW_NOT_SIMD             0        0.000%                0        0.000%
FU_REJECTED_OP_INV_SIMD                              0        0.000%                0        0.000%
FU_REJECTED_OP_NOP_SIMD                              0        0.000%                0        0.000%
FU_REJECTED_OP_CF_SIMD                               0        0.000%                0        0.000%
FU_REJECTED_OP_MOV_SIMD                           1630        1.634%             2402        1.457%
FU_REJECTED_OP_CMOV_SIMD                             0        0.000%                0        0.000%
FU_REJECTED_OP_LDA_SIMD                              0        0.000%                0        0.000%
FU_REJECTED_OP_IMEM_SIMD                             0        0.000%                0        0.000%
FU_REJECTED_OP_IADD_SIMD                             0        0.000%                0        0.000%
FU_REJECTED_OP_IMUL_SIMD                           743        0.745%             1189        0.721%
FU_REJECTED_OP_IDIV_SIMD                             0        0.000%                0        0.000%
FU_REJECTED_OP_ICMP_SIMD                             0        0.000%                0        0.000%
FU_REJECTED_OP_LOGIC_SIMD                            0        0.000%                0        0.000%
FU_REJECTED_OP_SHIFT_SIMD                            0        0.000%                0        0.000%
FU_REJECTED_OP_FMEM_SIMD                             0        0.000%                0        0.000%
FU_REJECTED_OP_FCVT_SIMD                         43457       43.571%            70686       42.878%
FU_REJECTED_OP_FADD_SIMD                          2750        2.757%             2950        1.789%
FU_REJECTED_OP_FMUL_SIMD                             0        0.000%                0        0.000%
FU_REJECTED_OP_FMA_SIMD                            662        0.664%             1066        0.647%
FU_REJECTED_OP_FDIV_SIMD                             0        0.000%                0        0.000%
FU_REJECTED_OP_FCMP_SIMD                             0        0.000%                0        0.000%
FU_REJECTED_OP_FCMOV_SIMD                            0        0.000%                0        0.000%
FU_REJECTED_OP_GATHER_SIMD                           0        0.000%                0        0.000%
FU_REJECTED_OP_SCATTER_SIMD                          0        0.000%                0        0.000%
FU_REJECTED_OP_PIPELINED_FAST_SIMD                   0        0.000%                0        0.000%
FU_REJECTED_OP_PIPELINED_MEDIUM_SIMD                 0        0.000%                0        0.000%
FU_REJECTED_OP_PIPELINED_SLOW_SIMD                   0        0.000%                0        0.000%
FU_REJECTED_OP_NOTPIPELINED_MEDIUM_SIMD              0        0.000%                0        0.000%
FU_REJECTED_OP_NOTPIPELINED_SLOW_SIMD                0        0.000%                0        0.000%
FU_REJECTED_OP_NOTPIPELINED_VERY_SLOW_SIMD             0        0.000%                0        0.000%
                                                 99739      100.000%           164853      100.000%
                                                 24.14        18.35             23.49        18.29

LSQ_FULL_TOTAL                                       0                              0              

LSQ_FULL_LOAD_QUEUE                                  0                              0              

LSQ_FULL_STORE_QUEUE                                 0                              0              

OP_WAIT_0                                      7415893                       15023320              

OP_WAIT_1                                      1951047                        3503343              

OP_WAIT_2                                       211110                         426155              

OP_WAIT_3                                        88644                         199036              

OP_WAIT_4                                        67098                         147489              

OP_WAIT_5                                        49636                         110264              

OP_WAIT_6                                        35580                          75201              

OP_WAIT_7                                        24159                          50283              

OP_WAIT_8                                        16945                          37274              

OP_WAIT_9                                        16569                          35982              

OP_WAIT_10                                       15420                          31833              

OP_WAIT_11                                       12054                          24093              

OP_WAIT_12                                       11385                          20932              

OP_WAIT_13                                       10120                          18394              

OP_WAIT_14                                       10266                          18422              

OP_WAIT_15                                        7745                          14808              

OP_WAIT_16                                        6868                          14903              

OP_WAIT_17                                        6593                          13444              

OP_WAIT_18                                        6557                          12956              

OP_WAIT_19                                        6343                          12781              

OP_WAIT_20                                        6716                          13196              

OP_WAIT_21                                        7574                          14890              

OP_WAIT_22                                        6286                          12883              

OP_WAIT_23                                        6212                          13341              

OP_WAIT_24                                        5910                          13319              

OP_WAIT_25                                        5609                          12677              

OP_WAIT_26                                        5698                          13513              

OP_WAIT_27                                        5621                          12846              

OP_WAIT_28                                        5748                          13684              

OP_WAIT_29                                        5690                          14030              

OP_WAIT_30                                        5734                          13032              

OP_WAIT_31                                      556999                        1377696              

ROW_SIZE_0                                     9069776                       17645324              

ROW_SIZE_1                                      389469                         683912              

ROW_SIZE_2                                      266583                         479678              

ROW_SIZE_3                                       74012                         131790              

ROW_SIZE_4                                       27278                          48522              

ROW_SIZE_5                                       15475                          32140              

ROW_SIZE_6                                       19719                          46190              

ROW_SIZE_7                                       14155                          31650              

ROW_SIZE_8                                     1130659                        2302988              

ROW_SIZE_9                                           0                              0              

ROW_SIZE_10                                          0                              0              

ROW_SIZE_11                                          0                              0              

ROW_SIZE_12                                          0                              0              

ROW_SIZE_13                                          0                              0              

ROW_SIZE_14                                          0                              0              

ROW_SIZE_15                                          0                              0              

ROW_SIZE_16                                          0                              0              

ROW_SIZE_17                                          0                              0              

ROW_SIZE_18                                          0                              0              

ROW_SIZE_19                                          0                              0              

ROW_SIZE_20                                          0                              0              

ROW_SIZE_21                                          0                              0              

ROW_SIZE_22                                          0                              0              

ROW_SIZE_23                                          0                              0              

ROW_SIZE_24                                          0                              0              

ROW_SIZE_25                                          0                              0              

ROW_SIZE_26                                          0                              0              

ROW_SIZE_27                                          0                              0              

ROW_SIZE_28                                          0                              0              

ROW_SIZE_29                                          0                              0              

ROW_SIZE_30                                          0                              0              

ROW_SIZE_31                                          0                              0              

RET_OP_EXEC_COUNT_0                                  0        0.000%                0        0.000%
RET_OP_EXEC_COUNT_1                           10593829      100.000%         21316020      100.000%
RET_OP_EXEC_COUNT_2                                  0        0.000%                0        0.000%
RET_OP_EXEC_COUNT_3                                  0        0.000%                0        0.000%
RET_OP_EXEC_COUNT_4                                  0        0.000%                0        0.000%
RET_OP_EXEC_COUNT_5                                  0        0.000%                0        0.000%
RET_OP_EXEC_COUNT_6                                  0        0.000%                0        0.000%
RET_OP_EXEC_COUNT_7                                  0        0.000%                0        0.000%
RET_OP_EXEC_COUNT_8                                  0        0.000%                0        0.000%
RET_OP_EXEC_COUNT_9                                  0        0.000%                0        0.000%
RET_OP_EXEC_COUNT_10                                 0        0.000%                0        0.000%
RET_OP_EXEC_COUNT_11                                 0        0.000%                0        0.000%
RET_OP_EXEC_COUNT_12                                 0        0.000%                0        0.000%
RET_OP_EXEC_COUNT_13                                 0        0.000%                0        0.000%
RET_OP_EXEC_COUNT_14                                 0        0.000%                0        0.000%
RET_OP_EXEC_COUNT_15                                 0        0.000%                0        0.000%
RET_OP_EXEC_COUNT_16                                 0        0.000%                0        0.000%
RET_OP_EXEC_COUNT_17                                 0        0.000%                0        0.000%
RET_OP_EXEC_COUNT_18                                 0        0.000%                0        0.000%
RET_OP_EXEC_COUNT_19                                 0        0.000%                0        0.000%
RET_OP_EXEC_COUNT_20                                 0        0.000%                0        0.000%
RET_OP_EXEC_COUNT_21                                 0        0.000%                0        0.000%
RET_OP_EXEC_COUNT_22                                 0        0.000%                0        0.000%
RET_OP_EXEC_COUNT_23                                 0        0.000%                0        0.000%
RET_OP_EXEC_COUNT_24                                 0        0.000%                0        0.000%
RET_OP_EXEC_COUNT_25                                 0        0.000%                0        0.000%
RET_OP_EXEC_COUNT_26                                 0        0.000%                0        0.000%
RET_OP_EXEC_COUNT_27                                 0        0.000%                0        0.000%
RET_OP_EXEC_COUNT_28                                 0        0.000%                0        0.000%
RET_OP_EXEC_COUNT_29                                 0        0.000%                0        0.000%
RET_OP_EXEC_COUNT_30                                 0        0.000%                0        0.000%
RET_OP_EXEC_COUNT_31                                 0        0.000%                0        0.000%
RET_OP_EXEC_COUNT_32                                 0        0.000%                0        0.000%
                                              10593829      100.000%         21316020      100.000%
                                                  1.00         0.00              1.00         0.00

RET_STALL_LENGTH_0                            10565773       99.735%         21262779       99.750%
RET_STALL_LENGTH_100                             18025        0.170%            34006        0.160%
RET_STALL_LENGTH_200                              5451        0.051%            10425        0.049%
RET_STALL_LENGTH_300                               811        0.008%             1695        0.008%
RET_STALL_LENGTH_400                              1143        0.011%             2017        0.009%
RET_STALL_LENGTH_500                              1253        0.012%             2345        0.011%
RET_STALL_LENGTH_600                               562        0.005%             1112        0.005%
RET_STALL_LENGTH_700                               210        0.002%              424        0.002%
RET_STALL_LENGTH_800                                98        0.001%              202        0.001%
RET_STALL_LENGTH_900                                44        0.000%              117        0.001%
RET_STALL_LENGTH_1000                               29        0.000%               69        0.000%
RET_STALL_LENGTH_1100                               26        0.000%               73        0.000%
RET_STALL_LENGTH_1200                              199        0.002%              347        0.002%
RET_STALL_LENGTH_1300                               93        0.001%              173        0.001%
RET_STALL_LENGTH_1400                               24        0.000%               51        0.000%
RET_STALL_LENGTH_1500                                9        0.000%               23        0.000%
RET_STALL_LENGTH_1600                               13        0.000%               25        0.000%
RET_STALL_LENGTH_1700                               26        0.000%               54        0.000%
RET_STALL_LENGTH_1800                               23        0.000%               46        0.000%
RET_STALL_LENGTH_1900                                9        0.000%               20        0.000%
RET_STALL_LENGTH_2000                                4        0.000%                6        0.000%
RET_STALL_LENGTH_2100                                2        0.000%                5        0.000%
RET_STALL_LENGTH_2200                                1        0.000%                2        0.000%
RET_STALL_LENGTH_2300                                1        0.000%                2        0.000%
RET_STALL_LENGTH_2400                                0        0.000%                1        0.000%
RET_STALL_LENGTH_2500                                0        0.000%                0        0.000%
RET_STALL_LENGTH_2600                                0        0.000%                0        0.000%
RET_STALL_LENGTH_2700                                0        0.000%                0        0.000%
RET_STALL_LENGTH_2800                                0        0.000%                1        0.000%
RET_STALL_LENGTH_2900                                0        0.000%                0        0.000%
RET_STALL_LENGTH_3000                                0        0.000%                0        0.000%
RET_STALL_LENGTH_3100                                0        0.000%                0        0.000%
RET_STALL_LENGTH_3200                                0        0.000%                0        0.000%
RET_STALL_LENGTH_3300                                0        0.000%                0        0.000%
RET_STALL_LENGTH_3400                                0        0.000%                0        0.000%
RET_STALL_LENGTH_3500                                0        0.000%                0        0.000%
RET_STALL_LENGTH_3600                                0        0.000%                0        0.000%
RET_STALL_LENGTH_3700                                0        0.000%                0        0.000%
RET_STALL_LENGTH_3800                                0        0.000%                0        0.000%
RET_STALL_LENGTH_3900                                0        0.000%                0        0.000%
RET_STALL_LENGTH_4000                                0        0.000%                0        0.000%
RET_STALL_LENGTH_4100                                0        0.000%                0        0.000%
RET_STALL_LENGTH_4200                                0        0.000%                0        0.000%
RET_STALL_LENGTH_4300                                0        0.000%                0        0.000%
RET_STALL_LENGTH_4400                                0        0.000%                0        0.000%
RET_STALL_LENGTH_4500                                0        0.000%                0        0.000%
RET_STALL_LENGTH_4600                                0        0.000%                0        0.000%
RET_STALL_LENGTH_4700                                0        0.000%                0        0.000%
RET_STALL_LENGTH_4800                                0        0.000%                0        0.000%
RET_STALL_LENGTH_4900                                0        0.000%                0        0.000%
RET_STALL_LENGTH_5000                                0        0.000%                0        0.000%
                                              10593829      100.000%         21316020      100.000%
                                                  0.01         0.14              0.00         0.14

MEM_BLOCK_LENGTH_0                                4597       92.831%             8080       93.714%
MEM_BLOCK_LENGTH_100                               209        4.221%              330        3.827%
MEM_BLOCK_LENGTH_200                                56        1.131%               80        0.928%
MEM_BLOCK_LENGTH_300                                36        0.727%               62        0.719%
MEM_BLOCK_LENGTH_400                                35        0.707%               48        0.557%
MEM_BLOCK_LENGTH_500                                12        0.242%               14        0.162%
MEM_BLOCK_LENGTH_600                                 0        0.000%                0        0.000%
MEM_BLOCK_LENGTH_700                                 1        0.020%                1        0.012%
MEM_BLOCK_LENGTH_800                                 2        0.040%                2        0.023%
MEM_BLOCK_LENGTH_900                                 0        0.000%                0        0.000%
MEM_BLOCK_LENGTH_1000                                1        0.020%                1        0.012%
MEM_BLOCK_LENGTH_1100                                0        0.000%                0        0.000%
MEM_BLOCK_LENGTH_1200                                3        0.061%                4        0.046%
MEM_BLOCK_LENGTH_1300                                0        0.000%                0        0.000%
MEM_BLOCK_LENGTH_1400                                0        0.000%                0        0.000%
MEM_BLOCK_LENGTH_1500                                0        0.000%                0        0.000%
MEM_BLOCK_LENGTH_1600                                0        0.000%                0        0.000%
MEM_BLOCK_LENGTH_1700                                0        0.000%                0        0.000%
MEM_BLOCK_LENGTH_1800                                0        0.000%                0        0.000%
MEM_BLOCK_LENGTH_1900                                0        0.000%                0        0.000%
MEM_BLOCK_LENGTH_2000                                0        0.000%                0        0.000%
MEM_BLOCK_LENGTH_2100                                0        0.000%                0        0.000%
MEM_BLOCK_LENGTH_2200                                0        0.000%                0        0.000%
MEM_BLOCK_LENGTH_2300                                0        0.000%                0        0.000%
MEM_BLOCK_LENGTH_2400                                0        0.000%                0        0.000%
MEM_BLOCK_LENGTH_2500                                0        0.000%                0        0.000%
MEM_BLOCK_LENGTH_2600                                0        0.000%                0        0.000%
MEM_BLOCK_LENGTH_2700                                0        0.000%                0        0.000%
MEM_BLOCK_LENGTH_2800                                0        0.000%                0        0.000%
MEM_BLOCK_LENGTH_2900                                0        0.000%                0        0.000%
MEM_BLOCK_LENGTH_3000                                0        0.000%                0        0.000%
MEM_BLOCK_LENGTH_3100                                0        0.000%                0        0.000%
MEM_BLOCK_LENGTH_3200                                0        0.000%                0        0.000%
MEM_BLOCK_LENGTH_3300                                0        0.000%                0        0.000%
MEM_BLOCK_LENGTH_3400                                0        0.000%                0        0.000%
MEM_BLOCK_LENGTH_3500                                0        0.000%                0        0.000%
MEM_BLOCK_LENGTH_3600                                0        0.000%                0        0.000%
MEM_BLOCK_LENGTH_3700                                0        0.000%                0        0.000%
MEM_BLOCK_LENGTH_3800                                0        0.000%                0        0.000%
MEM_BLOCK_LENGTH_3900                                0        0.000%                0        0.000%
MEM_BLOCK_LENGTH_4000                                0        0.000%                0        0.000%
MEM_BLOCK_LENGTH_4100                                0        0.000%                0        0.000%
MEM_BLOCK_LENGTH_4200                                0        0.000%                0        0.000%
MEM_BLOCK_LENGTH_4300                                0        0.000%                0        0.000%
MEM_BLOCK_LENGTH_4400                                0        0.000%                0        0.000%
MEM_BLOCK_LENGTH_4500                                0        0.000%                0        0.000%
MEM_BLOCK_LENGTH_4600                                0        0.000%                0        0.000%
MEM_BLOCK_LENGTH_4700                                0        0.000%                0        0.000%
MEM_BLOCK_LENGTH_4800                                0        0.000%                0        0.000%
MEM_BLOCK_LENGTH_4900                                0        0.000%                0        0.000%
MEM_BLOCK_LENGTH_5000                                0        0.000%                0        0.000%
                                                  4952      100.000%             8622      100.000%
                                                  0.14         0.66              0.12         0.58

FUS_BUSY_ON_PATH                              10794131        0.9805         21634872        1.0104

FUS_BUSY_OFF_PATH                               162109        0.0147           307015        0.0143

FU_BUSY_MEM_STALL                               200781        0.0182           319525        0.0149

FUS_EMPTY                                     99126950        9.0047        192185033        8.9753

FU_UNAVAILABLE                                   14805        0.0013            26023        0.0012

FU_MEM_UNAVAILABLE                               84934        0.0077           138830        0.0065

FU_OTHER_UNAVAILABLE                                 0        0.0000                0        0.0000

FU_REPLAY                                            0        0.0000                0        0.0000

FU_STARVED                                    99034392        8.9963        192012441        8.9672

CHIP_UTILIZATION                                     0        0.0000                0        0.0000

CYCLES_UNDER_MEM_REQ                                 0                              0              

CYCLES_UNDER_NO_MEM_REQ                              0                              0              

CYCLES_UNDER_CRITICAL_MEM_REQ                        0                              0              

CYCLES_UNDER_NONCRITICAL_MEM_REQ                     0                              0              

CHIP_UTILIZATION_UNDER_MEM_REQ                       0          -nan                0          -nan

CHIP_UTILIZATION_UNDER_NO_MEM_REQ                    0          -nan                0          -nan

CHIP_UTILIZATION_UNDER_CRITICAL_MEM_REQ              0          -nan                0          -nan

CHIP_UTILIZATION_UNDER_NONCRITICAL_MEM_REQ             0          -nan                0          -nan

CYCLES_NOT_WAITING_FOR_OFF_CHIP                      0        0.0000                0        0.0000

FUS_BUSY_NOT_WAITING_FOR_OFF_CHIP                    0          -nan                0          -nan

CYCLES_WAITING_FOR_OFF_CHIP                          0        0.0000                0        0.0000

FUS_BUSY_WAITING_FOR_OFF_CHIP                        0          -nan                0          -nan

TOTAL_OFF_CHIP_DELAYS_LEFT                           0                              0              

WRONG_IO_SCHED                                       0                              0              

DVFS_CONFIG_SWITCH                                   0                              0              

MAP_STAGE_RECEIVED_OPS_0                             0        0.000%                0        0.000%
MAP_STAGE_RECEIVED_OPS_1                        471282       17.243%           869675       16.191%
MAP_STAGE_RECEIVED_OPS_2                        433467       15.860%           835777       15.559%
MAP_STAGE_RECEIVED_OPS_3                        440671       16.123%           807992       15.042%
MAP_STAGE_RECEIVED_OPS_4                          1749        0.064%            38342        0.714%
MAP_STAGE_RECEIVED_OPS_5                        460323       16.842%           840396       15.645%
MAP_STAGE_RECEIVED_OPS_6                        925655       33.868%          1979320       36.849%
MAP_STAGE_RECEIVED_OPS_7                             0        0.000%                0        0.000%
MAP_STAGE_RECEIVED_OPS_8                             0        0.000%                0        0.000%
MAP_STAGE_RECEIVED_OPS_MAX                           0        0.000%                0        0.000%
                                               2733147      100.000%          5371502      100.000%
                                                  3.85         1.96              3.95         1.96

MAP_STAGE_WAIT_FOR_DECODE                            0         -nan%                0         -nan%
MAP_STAGE_CONSUME_DECODE                             0         -nan%                0         -nan%
                                                     0         -nan%                0         -nan%
                                                  -nan         -nan              -nan         -nan

MAP_STAGE_WAIT_FOR_DECODE2                           0         -nan%                0         -nan%
MAP_STAGE_CONSUME_DECODE2                            0         -nan%                0         -nan%
                                                     0         -nan%                0         -nan%
                                                  -nan         -nan              -nan         -nan

FTQ_RECOVER_EXEC                                 72354                         122021              

FTQ_RECOVER_DECODE                                   0                              1              

FTQ_OFFPATH_CYCLES                             6792916                       13185854              

FTQ_CYCLES_OFFPATH                             6792308                       13185854              

FTQ_CYCLES_ONPATH                              4216011                        8226838              

FTQ_FETCHED_INS_ONPATH                        10593589                       21316020              

FTQ_FETCHED_INS_OFFPATH                       13130564                       24343978              

FTQ_BREAK_FULL_FT_ONPATH                       2334599                        4316073              

FTQ_BREAK_FULL_FT_OFFPATH                      3646867                        7359191              

FTQ_BREAK_PRED_BR_ONPATH                             0                              0              

FTQ_BREAK_PRED_BR_OFFPATH                            0                              0              

FTQ_BREAK_BAR_FETCH_ONPATH                           0                              0              

FTQ_BREAK_BAR_FETCH_OFFPATH                          0                              0              

FTQ_BREAK_MAX_CFS_TAKEN_ONPATH                       0                              0              

FTQ_BREAK_MAX_CFS_TAKEN_OFFPATH                      0                              0              

FTQ_BREAK_MAX_FT_ONPATH                        1880997                        3910349              

FTQ_BREAK_MAX_FT_OFFPATH                       3145440                        5826663              

DFE_GEN_ON_PATH_FT                             2741706                        5304822              

DFE_GEN_OFF_PATH_FT                            3495156                        6576779              

DFE_L0_ENABLED_PREDICTIONS                    10593594                       21316020              

DFE_L0_WRONG_MAIN_CORRECT                        31215                          73477              

DFE_L0_WRONG_MAIN_WRONG                          57921                          94916              

DFE_L0_CORRECT_MAIN_WRONG                        14432                          27106              

DFE_L0_CORRECT_MAIN_CORRECT                   10490026                       21120521              

DFE_L0_WRONG_MAIN_CORRECT_RECOVERY_SCHEDULED             0                              0              

FTQ_SAW_BAR_FETCH_OFFPATH                            0                              0              

FTQ_SAW_BAR_FETCH_ONPATH                             0                              0              

DFE_CONF_0_RECOVER_AT_EXEC                           0         -nan%                0         -nan%
DFE_CONF_1_RECOVER_AT_EXEC                           0         -nan%                0         -nan%
DFE_CONF_2_RECOVER_AT_EXEC                           0         -nan%                0         -nan%
DFE_CONF_3_RECOVER_AT_EXEC                           0         -nan%                0         -nan%
DFE_CONF_0_CORRECT                                   0         -nan%                0         -nan%
DFE_CONF_1_CORRECT                                   0         -nan%                0         -nan%
DFE_CONF_2_CORRECT                                   0         -nan%                0         -nan%
DFE_CONF_3_CORRECT                                   0         -nan%                0         -nan%
                                                     0         -nan%                0         -nan%
                                                  -nan         -nan              -nan         -nan

DFE_ON_CONF_ON_OPS                                   0         -nan%                0         -nan%
DFE_ON_CONF_OFF_OPS                                  0         -nan%                0         -nan%
DFE_OFF_CONF_ON_OPS                                  0         -nan%                0         -nan%
DFE_OFF_CONF_OFF_REALISTIC_OPS                       0         -nan%                0         -nan%
DFE_OFF_CONF_OFF_PERFECT_OPS                         0         -nan%                0         -nan%
                                                     0         -nan%                0         -nan%
                                                  -nan         -nan              -nan         -nan

DFE_ON_CONF_ON_FETCH_TARGETS                         0         -nan%                0         -nan%
DFE_ON_CONF_OFF_FETCH_TARGETS                        0         -nan%                0         -nan%
DFE_OFF_CONF_ON_FETCH_TARGETS                        0         -nan%                0         -nan%
DFE_OFF_CONF_OFF_REALISTIC_FETCH_TARGETS             0         -nan%                0         -nan%
DFE_OFF_CONF_OFF_PERFECT_FETCH_TARGETS               0         -nan%                0         -nan%
                                                     0         -nan%                0         -nan%
                                                  -nan         -nan              -nan         -nan

DFE_ON_CONF_ON_CYCLES                                0         -nan%                0         -nan%
DFE_ON_CONF_OFF_CYCLES                               0         -nan%                0         -nan%
DFE_OFF_CONF_ON_CYCLES                               0         -nan%                0         -nan%
DFE_OFF_CONF_OFF_REALISTIC_CYCLES                    0         -nan%                0         -nan%
DFE_OFF_CONF_OFF_PERFECT_CYCLES                      0         -nan%                0         -nan%
                                                     0         -nan%                0         -nan%
                                                  -nan         -nan              -nan         -nan

DFE_OFF_CONF_ON_NUM_EVENTS                           0                              0              

DFE_OFF_CONF_ON_NOT_IDENTIFIED_EVENTS                0         -nan%                0         -nan%
DFE_OFF_CONF_ON_IBTB_MISS_EVENTS                     0         -nan%                0         -nan%
DFE_OFF_CONF_ON_BTB_MISS_EVENTS                      0         -nan%                0         -nan%
DFE_OFF_CONF_ON_BTB_MISS_RECOVER_AT_EXEC_EVENTS             0         -nan%                0         -nan%
DFE_OFF_CONF_ON_RECOVER_AT_EXEC_EVENTS               0         -nan%                0         -nan%
DFE_OFF_CONF_ON_RECOVER_AT_DECODE_EVENTS             0         -nan%                0         -nan%
                                                     0         -nan%                0         -nan%
                                                  -nan         -nan              -nan         -nan

DFE_OFF_CONF_ON_LATE_BTB_HIT_EVENTS                  0                              0              

DFE_OFF_CONF_ON_NOT_IDENTIFIED_CYCLES                0         -nan%                0         -nan%
DFE_OFF_CONF_ON_IBTB_MISS_CYCLES                     0         -nan%                0         -nan%
DFE_OFF_CONF_ON_BTB_MISS_CYCLES                      0         -nan%                0         -nan%
DFE_OFF_CONF_ON_BTB_MISS_RECOVER_AT_EXEC_CYCLES             0         -nan%                0         -nan%
DFE_OFF_CONF_ON_RECOVER_AT_EXEC_CYCLES               0         -nan%                0         -nan%
DFE_OFF_CONF_ON_RECOVER_AT_DECODE_CYCLES             0         -nan%                0         -nan%
                                                     0         -nan%                0         -nan%
                                                  -nan         -nan              -nan         -nan

DFE_OFF_CONF_ON_LATE_BTB_HIT_CYCLES                  0                              0              

DFE_OFF_CONF_ON_NOT_IDENTIFIED_FETCH_TARGETS             0         -nan%                0         -nan%
DFE_OFF_CONF_ON_IBTB_MISS_FETCH_TARGETS              0         -nan%                0         -nan%
DFE_OFF_CONF_ON_BTB_MISS_FETCH_TARGETS               0         -nan%                0         -nan%
DFE_OFF_CONF_ON_BTB_MISS_RECOVER_AT_EXEC_FETCH_TARGETS             0         -nan%                0         -nan%
DFE_OFF_CONF_ON_RECOVER_AT_EXEC_FETCH_TARGETS             0         -nan%                0         -nan%
DFE_OFF_CONF_ON_RECOVER_AT_DECODE_FETCH_TARGETS             0         -nan%                0         -nan%
                                                     0         -nan%                0         -nan%
                                                  -nan         -nan              -nan         -nan

DFE_OFF_CONF_ON_LATE_BTB_HIT_FETCH_TARGETS             0                              0              

DFE_OFF_CONF_ON_BP_INCORRECT_0_CONF                  0         -nan%                0         -nan%
DFE_OFF_CONF_ON_BP_INCORRECT_1_CONF                  0         -nan%                0         -nan%
DFE_OFF_CONF_ON_BP_INCORRECT_2_CONF                  0         -nan%                0         -nan%
DFE_OFF_CONF_ON_BP_INCORRECT_3_CONF                  0         -nan%                0         -nan%
                                                     0         -nan%                0         -nan%
                                                  -nan         -nan              -nan         -nan

DFE_OFF_CONF_ON_BTB_MISS_CBR_0_CONF                  0         -nan%                0         -nan%
DFE_OFF_CONF_ON_BTB_MISS_CBR_1_CONF                  0         -nan%                0         -nan%
DFE_OFF_CONF_ON_BTB_MISS_CBR_2_CONF                  0         -nan%                0         -nan%
DFE_OFF_CONF_ON_BTB_MISS_CBR_3_CONF                  0         -nan%                0         -nan%
                                                     0         -nan%                0         -nan%
                                                  -nan         -nan              -nan         -nan

DFE_OFF_CONF_ON_BTB_MISS_NOT_CF                      0         -nan%                0         -nan%
DFE_OFF_CONF_ON_BTB_MISS_CF_BR                       0         -nan%                0         -nan%
DFE_OFF_CONF_ON_BTB_MISS_CF_CBR                      0         -nan%                0         -nan%
DFE_OFF_CONF_ON_BTB_MISS_CF_CALL                     0         -nan%                0         -nan%
DFE_OFF_CONF_ON_BTB_MISS_CF_IBR                      0         -nan%                0         -nan%
DFE_OFF_CONF_ON_BTB_MISS_CF_ICALL                    0         -nan%                0         -nan%
DFE_OFF_CONF_ON_BTB_MISS_CF_ICO                      0         -nan%                0         -nan%
DFE_OFF_CONF_ON_BTB_MISS_CF_RET                      0         -nan%                0         -nan%
DFE_OFF_CONF_ON_BTB_MISS_CF_SYS                      0         -nan%                0         -nan%
                                                     0         -nan%                0         -nan%
                                                  -nan         -nan              -nan         -nan

DFE_ON_CONF_OFF_NUM_EVENTS                           0                              0              

CONF_BTB_NUM_CYCLES_OFF_PATH_EVENT                   0                              0              

DFE_ON_CONF_OFF_IBTB_MISS_BP_TAKEN                   0         -nan%                0         -nan%
DFE_ON_CONF_OFF_BTB_MISS_BP_TAKEN_CONF_0             0         -nan%                0         -nan%
DFE_ON_CONF_OFF_BTB_MISS_BP_TAKEN_CONF_1             0         -nan%                0         -nan%
DFE_ON_CONF_OFF_BTB_MISS_BP_TAKEN_CONF_2             0         -nan%                0         -nan%
DFE_ON_CONF_OFF_BTB_MISS_BP_TAKEN_CONF_3             0         -nan%                0         -nan%
DFE_ON_CONF_OFF_BTB_MISS_RATE                        0         -nan%                0         -nan%
DFE_ON_CONF_OFF_IBTB_MISS_RATE                       0         -nan%                0         -nan%
DFE_ON_CONF_OFF_RECOVER_AT_DECODE_RATE               0         -nan%                0         -nan%
DFE_ON_CONF_OFF_RECOVER_AT_EXEC_RATE                 0         -nan%                0         -nan%
DFE_ON_CONF_OFF_INV_CONF_INC                         0         -nan%                0         -nan%
DFE_ON_CONF_OFF_PERFECT_CONF                         0         -nan%                0         -nan%
                                                     0         -nan%                0         -nan%
                                                  -nan         -nan              -nan         -nan

DFE_ON_CONF_OFF_IBTB_MISS_BP_TAKEN_CYCLES             0         -nan%                0         -nan%
DFE_ON_CONF_OFF_BTB_MISS_BP_TAKEN_CONF_0_CYCLES             0         -nan%                0         -nan%
DFE_ON_CONF_OFF_BTB_MISS_BP_TAKEN_CONF_1_CYCLES             0         -nan%                0         -nan%
DFE_ON_CONF_OFF_BTB_MISS_BP_TAKEN_CONF_2_CYCLES             0         -nan%                0         -nan%
DFE_ON_CONF_OFF_BTB_MISS_BP_TAKEN_CONF_3_CYCLES             0         -nan%                0         -nan%
DFE_ON_CONF_OFF_BTB_MISS_RATE_CYCLES                 0         -nan%                0         -nan%
DFE_ON_CONF_OFF_IBTB_MISS_RATE_CYCLES                0         -nan%                0         -nan%
DFE_ON_CONF_OFF_RECOVER_AT_DECODE_RATE_CYCLES             0         -nan%                0         -nan%
DFE_ON_CONF_OFF_RECOVER_AT_EXEC_RATE_CYCLES             0         -nan%                0         -nan%
DFE_ON_CONF_OFF_INV_CONF_INC_CYCLES                  0         -nan%                0         -nan%
DFE_ON_CONF_OFF_PERFECT_CONF_CYCLES                  0         -nan%                0         -nan%
                                                     0         -nan%                0         -nan%
                                                  -nan         -nan              -nan         -nan

DFE_ON_CONF_OFF_IBTB_MISS_BP_TAKEN_FETCH_TARGETS             0         -nan%                0         -nan%
DFE_ON_CONF_OFF_BTB_MISS_BP_TAKEN_CONF_0_FETCH_TARGETS             0         -nan%                0         -nan%
DFE_ON_CONF_OFF_BTB_MISS_BP_TAKEN_CONF_1_FETCH_TARGETS             0         -nan%                0         -nan%
DFE_ON_CONF_OFF_BTB_MISS_BP_TAKEN_CONF_2_FETCH_TARGETS             0         -nan%                0         -nan%
DFE_ON_CONF_OFF_BTB_MISS_BP_TAKEN_CONF_3_FETCH_TARGETS             0         -nan%                0         -nan%
DFE_ON_CONF_OFF_BTB_MISS_RATE_FETCH_TARGETS             0         -nan%                0         -nan%
DFE_ON_CONF_OFF_IBTB_MISS_RATE_FETCH_TARGETS             0         -nan%                0         -nan%
DFE_ON_CONF_OFF_RECOVER_AT_DECODE_RATE_FETCH_TARGETS             0         -nan%                0         -nan%
DFE_ON_CONF_OFF_RECOVER_AT_EXEC_RATE_FETCH_TARGETS             0         -nan%                0         -nan%
DFE_ON_CONF_OFF_INV_CONF_INC_FETCH_TARGETS             0         -nan%                0         -nan%
DFE_ON_CONF_OFF_PERFECT_CONF_FETCH_TARGETS             0         -nan%                0         -nan%
                                                     0         -nan%                0         -nan%
                                                  -nan         -nan              -nan         -nan

CONF_OFF_IBTB_MISS_BP_TAKEN                          0         -nan%                0         -nan%
CONF_OFF_BTB_MISS_BP_TAKEN_CONF_0                    0         -nan%                0         -nan%
CONF_OFF_BTB_MISS_BP_TAKEN_CONF_1                    0         -nan%                0         -nan%
CONF_OFF_BTB_MISS_BP_TAKEN_CONF_2                    0         -nan%                0         -nan%
CONF_OFF_BTB_MISS_BP_TAKEN_CONF_3                    0         -nan%                0         -nan%
CONF_OFF_BTB_MISS_RATE                               0         -nan%                0         -nan%
CONF_OFF_IBTB_MISS_RATE                              0         -nan%                0         -nan%
CONF_OFF_RECOVER_AT_DECODE_RATE                      0         -nan%                0         -nan%
CONF_OFF_RECOVER_AT_EXEC_RATE                        0         -nan%                0         -nan%
CONF_OFF_INV_CONF_INC                                0         -nan%                0         -nan%
CONF_OFF_PERFECT_CONF                                0         -nan%                0         -nan%
                                                     0         -nan%                0         -nan%
                                                  -nan         -nan              -nan         -nan

TOPDOWN_TOTAL_SLOTS                           66049914                      128476152              

TOPDOWN_ISSUED_SLOTS                          16197144                       31641615              

TOPDOWN_RETIRED_SLOTS                         10593594                       21316020              

TOPDOWN_FETCH_BUBBLES_SLOTS                    9519322                       18510216              

TOPDOWN_RECOVERY_BUBBLES_SLOTS                 1084473                        1896335              

TOPDOWN_MEM_LOAD_STALLS_CYCLES                 6504794                       12658801              

TOPDOWN_MEM_STORE_STALLS_CYCLES                      0                              0              

TOPDOWN_EXEC_STALLS_CYCLES                     7197434                       14114256              

TOPDOWN_BACKEND_STALLS_CYCLES                  6504794                       12658801              

TOPDOWN_FETCH_BUBBLES_GT_MIW_CYCLES             127730                         384008              

TOPDOWN_BR_RECOVER_AT_EXEC_RETIRED_CYCLES         72354                         122021              

TOPDOWN_MACHINE_CLEAR_CYCLES                    103569                         195499              

TOPDOWN_FRONTEND_BOUND                            1441                           1441              

TOPDOWN_BACKEND_BOUND                             5944                           5944              

TOPDOWN_BAD_SPEC_BOUND                            1012                           1012              

TOPDOWN_RETIRING_BOUND                            1603                           1603              

TOPDOWN_FETCH_LATENCY_BOUND                        116                            116              

TOPDOWN_FETCH_BANDWIDTH_BOUND                     1325                           1325              

TOPDOWN_MEM_BOUND                                 5944                           5944              

TOPDOWN_CORE_BOUND                                   0                              0              

TOPDOWN_BR_RECOVER_AT_EXEC_BOUND                   416                            416              

TOPDOWN_MACHINE_CLEARS_BOUND                       596                            596              

H2P_SEEN_MAIN                                   101800                         187881              



