/* -*- Mode: c -*- */
####################################################################################################
Core 0
####################################################################################################
Cumulative:        Cycles: 30416259              Instructions: 29999999              IPC: 0.98631

Periodic:          Cycles: 30416259              Instructions: 29999999              IPC: 0.98631

DCACHE_PREF_HIT                                      0                              0              

IFETCH_WB_FIRST_SCHEDULE                             0         -nan%                0         -nan%
PREFETCH_LAST_SCHEDULE                               0         -nan%                0         -nan%
DEMAND_PASS_PREF_SCHEDULE                            0         -nan%                0         -nan%
DEMAND_PASS_LOW_OP_SCHEDULE                          0         -nan%                0         -nan%
DEMAND_LAST_SCHEDULE                                 0         -nan%                0         -nan%
                                                     0         -nan%                0         -nan%
                                                  -nan         -nan              -nan         -nan

SEND_MISS_REQ_QUEUE                             354468                         354468              

L1_DATA_EVICT                                   326710                         326710              

STREAM_BUFFER_REQ                                    0                              0              

PREF_SEND_TO_MEM_REQ                                 0         -nan%                0         -nan%
PREF_SEND_TO_MEM_REQ_FAIL                            0         -nan%                0         -nan%
                                                     0         -nan%                0         -nan%
                                                  -nan         -nan              -nan         -nan

HIT_TRAIN_STREAM                                210534       89.742%           210534       89.742%
MISS_TRAIN_STREAM                                24065       10.258%            24065       10.258%
                                                234599      100.000%           234599      100.000%
                                                  0.10         0.29              0.10         0.29

STREAM_TRAIN_CREATE                              11858                          11858              

MEM_REQ_MISS_HWP_PREF_Q                              0         -nan%                0         -nan%
MEM_REQ_MISS_SW_PREF_Q                               0         -nan%                0         -nan%
MEM_REQ_MISS_IFETCH_Q                                0         -nan%                0         -nan%
MEM_REQ_MISS_DFETCH_Q                                0         -nan%                0         -nan%
MEM_REQ_MISS_DSTORE_Q                                0         -nan%                0         -nan%
MEM_REQ_MISS_DPRF_Q                                  0         -nan%                0         -nan%
MEM_REQ_MISS_WB_Q                                    0         -nan%                0         -nan%
                                                     0         -nan%                0         -nan%
                                                  -nan         -nan              -nan         -nan

PREF_HIT_BY_DEMAND_IFETCH                            0         -nan%                0         -nan%
PREF_HIT_BY_DEMAND_DFETCH                            0         -nan%                0         -nan%
PREF_HIT_BY_DEMAND_DSTORE                            0         -nan%                0         -nan%
PREF_HIT_BY_DEMAND_IPREF                             0         -nan%                0         -nan%
PREF_HIT_BY_DEMAND_DPRF                              0         -nan%                0         -nan%
PREF_HIT_BY_DEMAND_WB                                0         -nan%                0         -nan%
PREF_HIT_BY_PREF                                     0         -nan%                0         -nan%
                                                     0         -nan%                0         -nan%
                                                  -nan         -nan              -nan         -nan

PREF_HIT_DEMAND_IFETCH                               0         -nan%                0         -nan%
PREF_HIT_DEMAND_DFETCH                               0         -nan%                0         -nan%
PREF_HIT_DEMAND_DSTORE                               0         -nan%                0         -nan%
PREF_HIT_DEMAND_IPREF                                0         -nan%                0         -nan%
PREF_HIT_DEMAND_DPRF                                 0         -nan%                0         -nan%
PREF_HIT_DEMAND_WB                                   0         -nan%                0         -nan%
                                                     0         -nan%                0         -nan%
                                                  -nan         -nan              -nan         -nan

PREF_L1_FILL                                         0         -nan%                0         -nan%
DEMAND_L1_FILL                                       0         -nan%                0         -nan%
                                                     0         -nan%                0         -nan%
                                                  -nan         -nan              -nan         -nan

TOUCH_L1_REPLACE                                     0        0.000%                0        0.000%
NO_TOUCH_L1_REPLACE                             326710      100.000%           326710      100.000%
                                                326710      100.000%           326710      100.000%
                                                  1.00         1.00              1.00         1.00

PREF_REQ_QUE_FULL                                    0                              0              

STREAM_REQ_QUEUE_HIT_BY_DEMAND                       0                              0              

L2HIT_STREAM_PREF_REQ_QUE_FULL                       0                              0              

L2HIT_HIT_TRAIN_STREAM                               0         -nan%                0         -nan%
L2HIT_MISS_TRAIN_STREAM                              0         -nan%                0         -nan%
                                                     0         -nan%                0         -nan%
                                                  -nan         -nan              -nan         -nan

L2HIT_STREAM_TRAIN_CREATE                            0                              0              

L2HIT_STREAM_BUFFER_REQ                              0                              0              

L2HIT_STREAM_PREF_DCACHE_HIT                         0         -nan%                0         -nan%
L2HIT_STREAM_PREF_DCACHE_INSERT                      0         -nan%                0         -nan%
L2HIT_STREAM_L2_MISS                                 0         -nan%                0         -nan%
                                                     0         -nan%                0         -nan%
                                                  -nan         -nan              -nan         -nan

L2HIT_STREAM_DCACHE_PORT_FULL                        0                              0              

L2HIT_STREAM_PREF_L1_PORT_FULL                       0                              0              

L2HIT_TRAIN_HIT_DEMAND                               0         -nan%                0         -nan%
L2HIT_TRAIN_MISS_REQ                                 0         -nan%                0         -nan%
                                                     0         -nan%                0         -nan%
                                                  -nan         -nan              -nan         -nan

L2HIT_TRAIN_FILTER_MISS                              0         -nan%                0         -nan%
L2HIT_TRAIN_FILTER_HIT                               0         -nan%                0         -nan%
                                                     0         -nan%                0         -nan%
                                                  -nan         -nan              -nan         -nan

L2HIT_PREF_REQ_DCACHE_HIT                            0         -nan%                0         -nan%
L2HIT_PREF_REQ_DCACHE_MISS                           0         -nan%                0         -nan%
                                                     0         -nan%                0         -nan%
                                                  -nan         -nan              -nan         -nan

L2HIT_L2SEND_Q_FULL                                  0         -nan%                0         -nan%
L2HIT_L2SEND_Q_ENTER                                 0         -nan%                0         -nan%
                                                     0         -nan%                0         -nan%
                                                  -nan         -nan              -nan         -nan

L2HIT_MEM_REQ                                        0                              0              

REMOVE_REDUNDANT_STREAM_STAT                         0                              0              

REPLACE_OLD_STREAM                               11842                          11842              

REQ_SEND_QUEUE_STALL                                 0                              0              

STREAM_ENTER_RA                                      0                              0              

CORE_STREAM_LENGTH_0                               285       15.063%              285       15.063%
CORE_STREAM_LENGTH_10                              799       42.230%              799       42.230%
CORE_STREAM_LENGTH_20                              259       13.689%              259       13.689%
CORE_STREAM_LENGTH_30                              127        6.712%              127        6.712%
CORE_STREAM_LENGTH_40                               74        3.911%               74        3.911%
CORE_STREAM_LENGTH_50                               36        1.903%               36        1.903%
CORE_STREAM_LENGTH_60                               41        2.167%               41        2.167%
CORE_STREAM_LENGTH_70                               39        2.061%               39        2.061%
CORE_STREAM_LENGTH_80                               23        1.216%               23        1.216%
CORE_STREAM_LENGTH_90                               21        1.110%               21        1.110%
CORE_STREAM_LENGTH_100_P                           188        9.937%              188        9.937%
                                                  1892      100.000%             1892      100.000%
                                                  2.61         2.98              2.61         2.98

CORE_CUM_STREAM_LENGTH_0                          2195        0.840%             2195        0.840%
CORE_CUM_STREAM_LENGTH_10                        10823        4.140%            10823        4.140%
CORE_CUM_STREAM_LENGTH_20                         6160        2.356%             6160        2.356%
CORE_CUM_STREAM_LENGTH_30                         4404        1.685%             4404        1.685%
CORE_CUM_STREAM_LENGTH_40                         3287        1.257%             3287        1.257%
CORE_CUM_STREAM_LENGTH_50                         1926        0.737%             1926        0.737%
CORE_CUM_STREAM_LENGTH_60                         2655        1.016%             2655        1.016%
CORE_CUM_STREAM_LENGTH_70                         2874        1.099%             2874        1.099%
CORE_CUM_STREAM_LENGTH_80                         1910        0.731%             1910        0.731%
CORE_CUM_STREAM_LENGTH_90                         1995        0.763%             1995        0.763%
CORE_CUM_STREAM_LENGTH_100_P                    223185       85.376%           223185       85.376%
                                                261414      100.000%           261414      100.000%
                                                  9.03         8.69              9.03         8.69

CORE_STREAM_TRAIN_HITS_0                          1364       72.093%             1364       72.093%
CORE_STREAM_TRAIN_HITS_10                          264       13.953%              264       13.953%
CORE_STREAM_TRAIN_HITS_20                           71        3.753%               71        3.753%
CORE_STREAM_TRAIN_HITS_30                           37        1.956%               37        1.956%
CORE_STREAM_TRAIN_HITS_40                           25        1.321%               25        1.321%
CORE_STREAM_TRAIN_HITS_50                            6        0.317%                6        0.317%
CORE_STREAM_TRAIN_HITS_60                           11        0.581%               11        0.581%
CORE_STREAM_TRAIN_HITS_70                           20        1.057%               20        1.057%
CORE_STREAM_TRAIN_HITS_80                           16        0.846%               16        0.846%
CORE_STREAM_TRAIN_HITS_90                            3        0.159%                3        0.159%
CORE_STREAM_TRAIN_HITS_100_P                        75        3.964%               75        3.964%
                                                  1892      100.000%             1892      100.000%
                                                  0.93         2.16              0.93         2.16

CORE_CUM_STREAM_TRAIN_HITS_0                      8253        3.784%             8253        3.784%
CORE_CUM_STREAM_TRAIN_HITS_10                     3550        1.628%             3550        1.628%
CORE_CUM_STREAM_TRAIN_HITS_20                     1670        0.766%             1670        0.766%
CORE_CUM_STREAM_TRAIN_HITS_30                     1237        0.567%             1237        0.567%
CORE_CUM_STREAM_TRAIN_HITS_40                     1105        0.507%             1105        0.507%
CORE_CUM_STREAM_TRAIN_HITS_50                      311        0.143%              311        0.143%
CORE_CUM_STREAM_TRAIN_HITS_60                      704        0.323%              704        0.323%
CORE_CUM_STREAM_TRAIN_HITS_70                     1486        0.681%             1486        0.681%
CORE_CUM_STREAM_TRAIN_HITS_80                     1362        0.624%             1362        0.624%
CORE_CUM_STREAM_TRAIN_HITS_90                      275        0.126%              275        0.126%
CORE_CUM_STREAM_TRAIN_HITS_100_P                198149       90.852%           198149       90.852%
                                                218102      100.000%           218102      100.000%
                                                  9.29         8.99              9.29         8.99

CORE_STREAM_TRAIN_CREATE                         11858                          11858              



