/* -*- Mode: c -*- */
####################################################################################################
Core 0
####################################################################################################
Cumulative:        Cycles: 6221652               Instructions: 9999999               IPC: 1.60729

Periodic:          Cycles: 6221652               Instructions: 9999999               IPC: 1.60729

MISS_WAIT_TIME                             19680629736                    19680629736              

ICACHE_STAGE_MISS                                 6898                           6898              

ICACHE_CYCLE                                   6221652                        6221652              

TCACHE_CYCLE                                         0                              0              

ICACHE_SERVING_CYCLE_ON_PATH                    194470                         194470              

ICACHE_SERVING_CYCLE_OFF_PATH                   177186                         177186              

UCACHE_SERVING_CYCLE_ON_PATH                   3707134                        3707134              

UCACHE_SERVING_CYCLE_OFF_PATH                  1754232                        1754232              

ICACHE_CYCLE_ONPATH                            4190370       67.351%          4190370       67.351%
ICACHE_CYCLE_OFFPATH                           2031282       32.649%          2031282       32.649%
                                               6221652      100.000%          6221652      100.000%
                                                  0.33         0.43              0.33         0.43

FETCH_ON_PATH                                  4248723       68.289%          4248723       68.289%
FETCH_OFF_PATH                                 1972929       31.711%          1972929       31.711%
                                               6221652      100.000%          6221652      100.000%
                                                  0.32         0.42              0.32         0.42

FETCHED_OPS_ON_PATH                                  0         -nan%                0         -nan%
FETCHED_OPS_OFF_PATH                                 0         -nan%                0         -nan%
                                                     0         -nan%                0         -nan%
                                                  -nan         -nan              -nan         -nan

INST_LOST_FETCH                               17812209       41.713%         17812209       41.713%
INST_LOST_OFF_PATH                             7784083       18.229%          7784083       18.229%
INST_LOST_FULL_WINDOW                           846914        1.983%           846914        1.983%
INST_LOST_ROB_STALL_OTHER                      2176344        5.097%          2176344        5.097%
INST_LOST_ROB_STALL_WAIT_FOR_RECOVERY                0        0.000%                0        0.000%
INST_LOST_ROB_STALL_WAIT_FOR_REDIRECT                0        0.000%                0        0.000%
INST_LOST_ROB_STALL_WAIT_FOR_GAP_FILL                0        0.000%                0        0.000%
INST_LOST_ROB_STALL_WAIT_FOR_L1_MISS                 0        0.000%                0        0.000%
INST_LOST_ROB_STALL_WAIT_FOR_MEMORY             116566        0.273%           116566        0.273%
INST_LOST_ROB_STALL_WAIT_FOR_DC_MISS           2545122        5.960%          2545122        5.960%
INST_LOST_ROB_BLOCK_ISSUE_FULL                       0        0.000%                0        0.000%
INST_LOST_ROB_BLOCK_ISSUE_GAP_TOO_LARGE              0        0.000%                0        0.000%
INST_LOST_BREAK_DONT                                 0        0.000%                0        0.000%
INST_LOST_BREAK_FT_UNAVAILABLE                  572852        1.342%           572852        1.342%
INST_LOST_BREAK_ICACHE_STAGE_RESTEER             19399        0.045%            19399        0.045%
INST_LOST_BREAK_ICACHE_MISS_REQ_SUCCESS          31237        0.073%            31237        0.073%
INST_LOST_BREAK_ICACHE_MISS_REQ_FAILURE           2244        0.005%             2244        0.005%
INST_LOST_BREAK_ICACHE_WAIT_FOR_MISS           1392214        3.260%          1392214        3.260%
INST_LOST_BREAK_ICACHE_STALLED                  351617        0.823%           351617        0.823%
INST_LOST_BREAK_ICACHE_TO_UOP_CACHE_SWITCH        110423        0.259%           110423        0.259%
INST_LOST_BREAK_ICACHE_READ_LIMIT               112767        0.264%           112767        0.264%
INST_LOST_BREAK_ICACHE_ISSUE_WIDTH                   0        0.000%                0        0.000%
INST_LOST_BREAK_UOP_CACHE_STALLED               649962        1.522%           649962        1.522%
INST_LOST_BREAK_UOP_CACHE_TO_ICACHE_SWITCH        125181        0.293%           125181        0.293%
INST_LOST_BREAK_UOP_CACHE_READ_LIMIT           8053064       18.859%          8053064       18.859%
INST_LOST_BREAK_UOP_CACHE_ISSUE_WIDTH                0        0.000%                0        0.000%
                                              42702198      100.000%         42702198      100.000%
                                                  6.86         8.56              6.86         8.56

INST_LOST_TOTAL                               48271904                       48271904              

INST_LOST_WAIT_FOR_ICACHE_MISS_NOT_PREFETCHED        223026       18.054%           223026       18.054%
INST_LOST_WAIT_FOR_ICACHE_MISS_PREFETCHED_AND_EVICTED_BY_IFETCH             0        0.000%                0        0.000%
INST_LOST_WAIT_FOR_ICACHE_MISS_PREFETCHED_AND_EVICTED_BY_FDIP             0        0.000%                0        0.000%
INST_LOST_WAIT_FOR_ICACHE_MISS_MSHR_HIT_PREF_OFFPATH         15036        1.217%            15036        1.217%
INST_LOST_WAIT_FOR_ICACHE_MISS_MSHR_HIT_PREF_ONPATH        997236       80.728%           997236       80.728%
                                               1235298      100.000%          1235298      100.000%
                                                  3.27         3.01              3.27         3.01

FETCH_0_OPS                                     385023        6.188%           385023        6.188%
FETCH_1_OPS                                      50404        0.810%            50404        0.810%
FETCH_2_OPS                                      68328        1.098%            68328        1.098%
FETCH_3_OPS                                     142550        2.291%           142550        2.291%
FETCH_4_OPS                                    1618447       26.013%          1618447       26.013%
FETCH_5_OPS                                     268150        4.310%           268150        4.310%
FETCH_6_OPS                                     453422        7.288%           453422        7.288%
FETCH_7_OPS                                     181460        2.917%           181460        2.917%
FETCH_8_OPS                                    3053868       49.085%          3053868       49.085%
FETCH_9_OPS                                          0        0.000%                0        0.000%
FETCH_10_OPS                                         0        0.000%                0        0.000%
FETCH_11_OPS                                         0        0.000%                0        0.000%
FETCH_12_OPS                                         0        0.000%                0        0.000%
FETCH_13_OPS                                         0        0.000%                0        0.000%
FETCH_14_OPS                                         0        0.000%                0        0.000%
FETCH_15_OPS                                         0        0.000%                0        0.000%
FETCH_16_OPS                                         0        0.000%                0        0.000%
                                               6221652      100.000%          6221652      100.000%
                                                  5.92         1.93              5.92         1.93

ST_BREAK_DONT                                        0        0.000%                0        0.000%
ST_BREAK_FT_UNAVAILABLE                          96241        1.547%            96241        1.547%
ST_BREAK_ICACHE_STAGE_RESTEER                     4988        0.080%             4988        0.080%
ST_BREAK_ICACHE_MISS_REQ_SUCCESS                  6898        0.111%             6898        0.111%
ST_BREAK_ICACHE_MISS_REQ_FAILURE                   376        0.006%              376        0.006%
ST_BREAK_ICACHE_WAIT_FOR_MISS                   232049        3.730%           232049        3.730%
ST_BREAK_ICACHE_STALLED                          90791        1.459%            90791        1.459%
ST_BREAK_ICACHE_TO_UOP_CACHE_SWITCH              34998        0.563%            34998        0.563%
ST_BREAK_ICACHE_READ_LIMIT                       44064        0.708%            44064        0.708%
ST_BREAK_ICACHE_ISSUE_WIDTH                     247096        3.972%           247096        3.972%
ST_BREAK_UOP_CACHE_STALLED                     1462940       23.514%          1462940       23.514%
ST_BREAK_UOP_CACHE_TO_ICACHE_SWITCH              28039        0.451%            28039        0.451%
ST_BREAK_UOP_CACHE_READ_LIMIT                  2172628       34.920%          2172628       34.920%
ST_BREAK_UOP_CACHE_ISSUE_WIDTH                 1800544       28.940%          1800544       28.940%
                                               6221652      100.000%          6221652      100.000%
                                                 11.10         6.41             11.10         6.41

ORACLE_ON_PATH_INST                           17812209       69.589%         17812209       69.589%
ORACLE_OFF_PATH_INST                           7784083       30.411%          7784083       30.411%
                                              25596292      100.000%         25596292      100.000%
                                                  0.30         0.42              0.30         0.42

ORACLE_ON_PATH_INST_MEM                        5493288       21.461%          5493288       21.461%
ORACLE_ON_PATH_INST_NOTMEM                    12318921       48.128%         12318921       48.128%
ORACLE_OFF_PATH_INST_MEM                       2197530        8.585%          2197530        8.585%
ORACLE_OFF_PATH_INST_NOTMEM                    5586553       21.826%          5586553       21.826%
                                              25596292      100.000%         25596292      100.000%
                                                  1.31         1.04              1.31         1.04

ICACHE_CYCLE_NONRA_ONPATH                            0         -nan%                0         -nan%
ICACHE_CYCLE_NONRA_OFFPATH                           0         -nan%                0         -nan%
ICACHE_CYCLE_RA_ONPATH                               0         -nan%                0         -nan%
ICACHE_CYCLE_RA_OFFPATH                              0         -nan%                0         -nan%
                                                     0         -nan%                0         -nan%
                                                  -nan         -nan              -nan         -nan

ICACHE_CYCLE_ONPATH_NONRA                            0         -nan%                0         -nan%
ICACHE_CYCLE_OFFPATH_NONRA                           0         -nan%                0         -nan%
                                                     0         -nan%                0         -nan%
                                                  -nan         -nan              -nan         -nan

ICACHE_CYCLE_ONPATH_RA                               0         -nan%                0         -nan%
ICACHE_CYCLE_OFFPATH_RA                              0         -nan%                0         -nan%
                                                     0         -nan%                0         -nan%
                                                  -nan         -nan              -nan         -nan

INACCURATE_OFFPATH_CYCLES                            0        0.0000                0        0.0000

FETCH_ALL_INST                                25596292                       25596292              

EXEC_ALL_INST                                 18531702                       18531702              

RET_ALL_INST                                  17812209                       17812209              

EXEC_ON_PATH_INST                             16857095       90.964%         16857095       90.964%
EXEC_OFF_PATH_INST                             1674607        9.036%          1674607        9.036%
                                              18531702      100.000%         18531702      100.000%
                                                  0.09         0.27              0.09         0.27

EXEC_ON_PATH_INST_MEM                          4538174       24.489%          4538174       24.489%
EXEC_ON_PATH_INST_NOTMEM                      12318921       66.475%         12318921       66.475%
EXEC_OFF_PATH_INST_MEM                          568916        3.070%           568916        3.070%
EXEC_OFF_PATH_INST_NOTMEM                      1105691        5.966%          1105691        5.966%
                                              18531702      100.000%         18531702      100.000%
                                                  0.91         0.59              0.91         0.59

EXEC_RA_INST                                         0         -nan%                0         -nan%
EXEC_NONRA_INST                                      0         -nan%                0         -nan%
                                                     0         -nan%                0         -nan%
                                                  -nan         -nan              -nan         -nan

EXEC_ON_PATH_INST_RA                                 0         -nan%                0         -nan%
EXEC_OFF_PATH_INST_RA                                0         -nan%                0         -nan%
                                                     0         -nan%                0         -nan%
                                                  -nan         -nan              -nan         -nan

EXEC_ON_PATH_INST_NONRA                              0         -nan%                0         -nan%
EXEC_OFF_PATH_INST_NONRA                             0         -nan%                0         -nan%
                                                     0         -nan%                0         -nan%
                                                  -nan         -nan              -nan         -nan

EXEC_RA_ON_PATH_INST                                 0         -nan%                0         -nan%
EXEC_RA_OFF_PATH_INST                                0         -nan%                0         -nan%
EXEC_NONRA_ON_PATH_INST                              0         -nan%                0         -nan%
EXEC_NONRA_OFF_PATH_INST                             0         -nan%                0         -nan%
                                                     0         -nan%                0         -nan%
                                                  -nan         -nan              -nan         -nan

ICACHE_THROTTLE_CYCLE                                0                              0              

FETCH_ENABLE_THROTTLE_OFF_PATH                       0         -nan%                0         -nan%
FETCH_ENABLE_THROTTLE_ON_PATH                        0         -nan%                0         -nan%
                                                     0         -nan%                0         -nan%
                                                  -nan         -nan              -nan         -nan

FETCH_DISABLE_THROTTLE_OFF_PATH                      0         -nan%                0         -nan%
FETCH_DISABLE_THROTTLE_ON_PATH                       0         -nan%                0         -nan%
                                                     0         -nan%                0         -nan%
                                                  -nan         -nan              -nan         -nan

FETCH_TH_ADJUST__0                                   0         -nan%                0         -nan%
FETCH_TH_ADJUST__1                                   0         -nan%                0         -nan%
FETCH_TH_ADJUST__2                                   0         -nan%                0         -nan%
FETCH_TH_ADJUST__3                                   0         -nan%                0         -nan%
FETCH_TH_ADJUST__4                                   0         -nan%                0         -nan%
FETCH_TH_ADJUST__5                                   0         -nan%                0         -nan%
FETCH_TH_ADJUST__6                                   0         -nan%                0         -nan%
FETCH_TH_ADJUST__7                                   0         -nan%                0         -nan%
FETCH_TH_ADJUST__8                                   0         -nan%                0         -nan%
FETCH_TH_ADJUST__9                                   0         -nan%                0         -nan%
FETCH_TH_ADJUST__MAX                                 0         -nan%                0         -nan%
                                                     0         -nan%                0         -nan%
                                                  -nan         -nan              -nan         -nan

FETCH_TH_ADJUST_UP                                   0         -nan%                0         -nan%
FETCH_TH_ADJUST_DOWN                                 0         -nan%                0         -nan%
FETCH_TH_ADJUST_SAME                                 0         -nan%                0         -nan%
                                                     0         -nan%                0         -nan%
                                                  -nan         -nan              -nan         -nan

THROTTLE_ADJUST_CACHE_MISS_INFO                      0                              0              

LOW_CONF_COUNT_BP_MIS_0                              0         -nan%                0         -nan%
LOW_CONF_COUNT_BP_MIS_1                              0         -nan%                0         -nan%
LOW_CONF_COUNT_BP_MIS_2                              0         -nan%                0         -nan%
LOW_CONF_COUNT_BP_MIS_3                              0         -nan%                0         -nan%
LOW_CONF_COUNT_BP_MIS_4                              0         -nan%                0         -nan%
LOW_CONF_COUNT_BP_MIS_5                              0         -nan%                0         -nan%
LOW_CONF_COUNT_BP_MIS_6                              0         -nan%                0         -nan%
LOW_CONF_COUNT_BP_MIS_7                              0         -nan%                0         -nan%
LOW_CONF_COUNT_BP_MIS_8                              0         -nan%                0         -nan%
LOW_CONF_COUNT_BP_MIS_9                              0         -nan%                0         -nan%
LOW_CONF_COUNT_BP_MIS_10                             0         -nan%                0         -nan%
LOW_CONF_COUNT_BP_MIS_11                             0         -nan%                0         -nan%
LOW_CONF_COUNT_BP_MIS_12                             0         -nan%                0         -nan%
LOW_CONF_COUNT_BP_MIS_13                             0         -nan%                0         -nan%
LOW_CONF_COUNT_BP_MIS_14                             0         -nan%                0         -nan%
LOW_CONF_COUNT_BP_MIS_15                             0         -nan%                0         -nan%
LOW_CONF_COUNT_BP_MIS_16                             0         -nan%                0         -nan%
LOW_CONF_COUNT_BP_MIS_17                             0         -nan%                0         -nan%
LOW_CONF_COUNT_BP_MIS_18                             0         -nan%                0         -nan%
LOW_CONF_COUNT_BP_MIS_19                             0         -nan%                0         -nan%
LOW_CONF_COUNT_BP_MIS_20                             0         -nan%                0         -nan%
                                                     0         -nan%                0         -nan%
                                                  -nan         -nan              -nan         -nan

LOW_CONF_COUNT_RET_0                                 0         -nan%                0         -nan%
LOW_CONF_COUNT_RET_1                                 0         -nan%                0         -nan%
LOW_CONF_COUNT_RET_2                                 0         -nan%                0         -nan%
LOW_CONF_COUNT_RET_3                                 0         -nan%                0         -nan%
LOW_CONF_COUNT_RET_4                                 0         -nan%                0         -nan%
LOW_CONF_COUNT_RET_5                                 0         -nan%                0         -nan%
LOW_CONF_COUNT_RET_6                                 0         -nan%                0         -nan%
LOW_CONF_COUNT_RET_7                                 0         -nan%                0         -nan%
LOW_CONF_COUNT_RET_8                                 0         -nan%                0         -nan%
LOW_CONF_COUNT_RET_9                                 0         -nan%                0         -nan%
LOW_CONF_COUNT_RET_10                                0         -nan%                0         -nan%
LOW_CONF_COUNT_RET_11                                0         -nan%                0         -nan%
LOW_CONF_COUNT_RET_12                                0         -nan%                0         -nan%
LOW_CONF_COUNT_RET_13                                0         -nan%                0         -nan%
LOW_CONF_COUNT_RET_14                                0         -nan%                0         -nan%
LOW_CONF_COUNT_RET_15                                0         -nan%                0         -nan%
LOW_CONF_COUNT_RET_16                                0         -nan%                0         -nan%
LOW_CONF_COUNT_RET_17                                0         -nan%                0         -nan%
LOW_CONF_COUNT_RET_18                                0         -nan%                0         -nan%
LOW_CONF_COUNT_RET_19                                0         -nan%                0         -nan%
LOW_CONF_COUNT_RET_20                                0         -nan%                0         -nan%
                                                     0         -nan%                0         -nan%
                                                  -nan         -nan              -nan         -nan

CYCLES_RESTEER_RECOVER_AT_EXEC                       0         -nan%                0         -nan%
CYCLES_RESTEER_RECOVER_AT_DECODE                     0         -nan%                0         -nan%
CYCLES_RESTEER_BTB_MISS                              0         -nan%                0         -nan%
                                                     0         -nan%                0         -nan%
                                                  -nan         -nan              -nan         -nan

CYCLES_RESTEER_RECOVER_AT_EXEC_SAVED_UC_FETCH             0         -nan%                0         -nan%
CYCLES_RESTEER_RECOVER_AT_EXEC_COULD_BE_SAVED_UC_FETCH             0         -nan%                0         -nan%
CYCLES_RESTEER_RECOVER_AT_DECODE_SAVED_UC_FETCH             0         -nan%                0         -nan%
CYCLES_RESTEER_RECOVER_AT_DECODE_COULD_BE_SAVED_UC_FETCH             0         -nan%                0         -nan%
CYCLES_RESTEER_BTB_MISS_SAVED_UC_FETCH               0         -nan%                0         -nan%
CYCLES_RESTEER_BTB_MISS_COULD_BE_SAVED_UC_FETCH             0         -nan%                0         -nan%
                                                     0         -nan%                0         -nan%
                                                  -nan         -nan              -nan         -nan

CYCLES_UOC_IC_SWITCH                                 0                              0              



