/* -*- Mode: c -*- */
####################################################################################################
Core 0
####################################################################################################
Cumulative:        Cycles: 12843646              Instructions: 59999999              IPC: 4.67157

Periodic:          Cycles: 12843646              Instructions: 59999999              IPC: 4.67157

EXECUTION_TIME                           4013639375000                  4013639375000              

SIM_HOST_WALL_SECONDS                       338.837579                     338.837579              

NODE_CYCLE                                    12843646                       12843646              

NODE_INST_COUNT                               59999999                       59999999              

NODE_INST_COUNT_FETCHED                       59999999                       59999999              

NODE_UOP_COUNT                                68401750                       68401750              

EXEC_STAGE_NO_ISSUE_STALL_CYCLE               12565753                       12565753              

EXEC_STAGE_NO_ISSUE_STALL_CYCLE_ONPATH        12457813                       12457813              

FULL_WINDOW_STALL                                 1104        0.009%             1104        0.009%

FULL_WINDOW_MEM_OP                                1083      100.000%             1083      100.000%
FULL_WINDOW_FP_OP                                    0        0.000%                0        0.000%
FULL_WINDOW_OTHER_OP                                 0        0.000%                0        0.000%
                                                  1083      100.000%             1083      100.000%
                                                  0.00         0.00              0.00         0.00

RET_BLOCKED_DC_MISS                             157682        1.228%           157682        1.228%

RET_BLOCKED_L1_MISS                              97665        0.760%            97665        0.760%

RET_BLOCKED_L1_MISS_BW_PREF                          0        0.000%                0        0.000%

RET_BLOCKED_L1_ACCESS                            60732        0.473%            60732        0.473%

RET_BLOCKED_MEM_STALL                            97665        0.760%            97665        0.760%

RET_BLOCKED_OFFCHIP_DEMAND                           0        0.000%                0        0.000%

OP_ISSUED                                     68740864                       68740864              

OP_RETIRED                                    68401750                       68401750              

OP_MACRO_FUSION_ONPATH                        11023202                       11023202              

OP_MACRO_FUSION_OFFPATH                         106317                         106317              

REPLAY_SIGNALED                                      0                              0              

REPLAY_COUNTED                                       0                              0              

OFF_CRITICAL_PATH                                    0         -nan%                0         -nan%
ON_CRITICAL_PATH                                     0         -nan%                0         -nan%
                                                     0         -nan%                0         -nan%
                                                  -nan         -nan              -nan         -nan

LD_NO_DEPENDENTS                                800632        5.853%           800632        5.853%
LD_DEPENDENTS                                 12878290       94.147%         12878290       94.147%
                                              13678922      100.000%         13678922      100.000%
                                                  0.94         0.92              0.94         0.92

LD_EXEC_CYCLES_0                                     0        0.000%                0        0.000%
LD_EXEC_CYCLES_1                               1128528       66.745%          1128528       66.745%
LD_EXEC_CYCLES_2                                132323        7.826%           132323        7.826%
LD_EXEC_CYCLES_3                                233192       13.792%           233192       13.792%
LD_EXEC_CYCLES_4                                196750       11.637%           196750       11.637%
                                               1690793      100.000%          1690793      100.000%
                                                  1.70         1.23              1.70         1.23

ICACHE_STAGE_STARVED                            468282        3.707%           468282        3.707%
ICACHE_STAGE_NOT_STARVED                      12162638       96.293%         12162638       96.293%
                                              12630920      100.000%         12630920      100.000%
                                                  0.96         0.95              0.96         0.95

ICACHE_STAGE_STALLED                            111161        0.865%           111161        0.865%
ICACHE_STAGE_NOT_STALLED                      12519759       97.478%         12519759       97.478%
ICACHE_STAGE_OFF_PATH                           212726        1.656%           212726        1.656%
                                              12843646      100.000%         12843646      100.000%
                                                  1.01         0.18              1.01         0.18

DECODE_STAGE_STARVED                          10945644       86.391%         10945644       86.391%
DECODE_STAGE_NOT_STARVED                       1724247       13.609%          1724247       13.609%
                                              12669891      100.000%         12669891      100.000%
                                                  0.14         0.32              0.14         0.32

DECODE_STAGE_STALLED                             93618        0.729%            93618        0.729%
DECODE_STAGE_NOT_STALLED                      12576273       97.918%         12576273       97.918%
DECODE_STAGE_OFF_PATH                           173755        1.353%           173755        1.353%
                                              12843646      100.000%         12843646      100.000%
                                                  1.01         0.16              1.01         0.16

UOPQ_STAGE_STARVED                             2271881       18.093%          2271881       18.093%
UOPQ_STAGE_NOT_STARVED                        10284741       81.907%         10284741       81.907%
                                              12556622      100.000%         12556622      100.000%
                                                  0.82         0.76              0.82         0.76

UOPQ_STAGE_STALLED                              107534        0.837%           107534        0.837%
UOPQ_STAGE_NOT_STALLED                        12556622       97.765%         12556622       97.765%
UOPQ_STAGE_OFF_PATH                             179490        1.398%           179490        1.398%
                                              12843646      100.000%         12843646      100.000%
                                                  1.01         0.17              1.01         0.17

RS_OP_READY_NOT_ISSUED_TOTAL                  29409563                       29409563              

RS_0_OP_READY_NOT_ISSUED                      22335402                       22335402              

RS_1_OP_READY_NOT_ISSUED                       3041457                        3041457              

RS_2_OP_READY_NOT_ISSUED                       4032704                        4032704              

RS_3_OP_READY_NOT_ISSUED                             0                              0              

RS_4_OP_READY_NOT_ISSUED                             0                              0              

RS_5_OP_READY_NOT_ISSUED                             0                              0              

RS_6_OP_READY_NOT_ISSUED                             0                              0              

RS_7_OP_READY_NOT_ISSUED                             0                              0              

RS_7_PLUS_OP_READY_NOT_ISSUED                        0                              0              

FU_IDLE_NO_READY_OPS_TOTAL                    23780550                       23780550              

FU_0_IDLE_NO_READY_OPS                          456256                         456256              

FU_1_IDLE_NO_READY_OPS                          693495                         693495              

FU_2_IDLE_NO_READY_OPS                         3115998                        3115998              

FU_3_IDLE_NO_READY_OPS                         3116802                        3116802              

FU_4_IDLE_NO_READY_OPS                          769249                         769249              

FU_5_IDLE_NO_READY_OPS                          422180                         422180              

FU_6_IDLE_NO_READY_OPS                         5686427                        5686427              

FU_7_IDLE_NO_READY_OPS                         5692788                        5692788              

FU_8_IDLE_NO_READY_OPS                          711157                         711157              

FU_9_IDLE_NO_READY_OPS                         3116198                        3116198              

FU_10_IDLE_NO_READY_OPS                              0                              0              

FU_11_IDLE_NO_READY_OPS                              0                              0              

FU_12_IDLE_NO_READY_OPS                              0                              0              

FU_13_IDLE_NO_READY_OPS                              0                              0              

FU_14_IDLE_NO_READY_OPS                              0                              0              

FU_15_IDLE_NO_READY_OPS                              0                              0              

FU_16_IDLE_NO_READY_OPS                              0                              0              

FU_17_IDLE_NO_READY_OPS                              0                              0              

FU_18_IDLE_NO_READY_OPS                              0                              0              

FU_19_IDLE_NO_READY_OPS                              0                              0              

FU_20_IDLE_NO_READY_OPS                              0                              0              

FU_21_IDLE_NO_READY_OPS                              0                              0              

FU_22_IDLE_NO_READY_OPS                              0                              0              

FU_23_IDLE_NO_READY_OPS                              0                              0              

FU_24_IDLE_NO_READY_OPS                              0                              0              

FU_25_IDLE_NO_READY_OPS                              0                              0              

FU_26_IDLE_NO_READY_OPS                              0                              0              

FU_27_IDLE_NO_READY_OPS                              0                              0              

FU_28_IDLE_NO_READY_OPS                              0                              0              

FU_29_IDLE_NO_READY_OPS                              0                              0              

FU_30_IDLE_NO_READY_OPS                              0                              0              

FU_31_IDLE_NO_READY_OPS                              0                              0              

FU_31_PLUS_IDLE_NO_READY_OPS                         0                              0              

MAP_STAGE_STARVED                               327633        2.610%           327633        2.610%
MAP_STAGE_NOT_STARVED                         12227333       97.390%         12227333       97.390%
                                              12554966      100.000%         12554966      100.000%
                                                  0.97         0.96              0.97         0.96

MAP_STAGE_STALLED                                    0        0.000%                0        0.000%
MAP_STAGE_NOT_STALLED                         12554966       98.957%         12554966       98.957%
MAP_STAGE_OFF_PATH                              132310        1.043%           132310        1.043%
                                              12687276      100.000%         12687276      100.000%
                                                  1.01         0.14              1.01         0.14

MAP_STAGE_STALL_ITSELF                          156370        1.217%           156370        1.217%
MAP_STAGE_NOT_STALL_ITSELF                    12687276       98.783%         12687276       98.783%
                                              12843646      100.000%         12843646      100.000%
                                                  0.99         0.98              0.99         0.98

MAP_STAGE_LATE_ALLOCATE_SEND_BACK                    0                              0              

MAP_STAGE_RENAME_OP_ONPATH                    68401750                       68401750              

MAP_STAGE_RENAME_OP_OFFPATH                     683797                         683797              

MAP_STAGE_RENAME_INT_REG_ONPATH               52440910                       52440910              

MAP_STAGE_RENAME_INT_REG_OFFPATH                511492                         511492              

MAP_STAGE_RENAME_VEC_REG_ONPATH                 263276                         263276              

MAP_STAGE_RENAME_VEC_REG_OFFPATH                   386                            386              

MAP_STAGE_RENAME_MOVE_ELIM_ONPATH                    0                              0              

MAP_STAGE_RENAME_MOVE_ELIM_OFFPATH                   0                              0              

MAP_STAGE_ONPATH_INT_REG_NUM_ALLOC            57942681                       57942681              

MAP_STAGE_ONPATH_VEC_REG_NUM_ALLOC              263273                         263273              

MAP_STAGE_ONPATH_INT_REG_NUM_SHORTLIVE        19992421                       19992421              

MAP_STAGE_ONPATH_VEC_REG_NUM_SHORTLIVE          150227                         150227              

MAP_STAGE_ONPATH_INT_REG_USE_COUNT_0          13401988                       13401988              

MAP_STAGE_ONPATH_VEC_REG_USE_COUNT_0                 0                              0              

MAP_STAGE_ONPATH_INT_REG_USE_COUNT_1          30690135                       30690135              

MAP_STAGE_ONPATH_VEC_REG_USE_COUNT_1            225566                         225566              

MAP_STAGE_ONPATH_INT_REG_USE_COUNT_2           8196160                        8196160              

MAP_STAGE_ONPATH_VEC_REG_USE_COUNT_2             37571                          37571              

MAP_STAGE_ONPATH_INT_REG_USE_COUNT_3           3480528                        3480528              

MAP_STAGE_ONPATH_VEC_REG_USE_COUNT_3               136                            136              

MAP_STAGE_ONPATH_INT_REG_USE_COUNT_4           1047609                        1047609              

MAP_STAGE_ONPATH_VEC_REG_USE_COUNT_4                 0                              0              

MAP_STAGE_ONPATH_INT_REG_USE_COUNT_5            195125                         195125              

MAP_STAGE_ONPATH_VEC_REG_USE_COUNT_5                 0                              0              

MAP_STAGE_ONPATH_INT_REG_USE_COUNT_6            258885                         258885              

MAP_STAGE_ONPATH_VEC_REG_USE_COUNT_6                 0                              0              

MAP_STAGE_ONPATH_INT_REG_USE_COUNT_7_PLUS        672251                         672251              

MAP_STAGE_ONPATH_VEC_REG_USE_COUNT_7_PLUS             0                              0              

MAP_STAGE_ONPATH_INT_REG_CONSUME_DIST_0              0        0.0000                0        0.0000

MAP_STAGE_ONPATH_VEC_REG_CONSUME_DIST_0              0          -nan                0          -nan

MAP_STAGE_ONPATH_INT_REG_CONSUME_DIST_1              0        0.0000                0        0.0000

MAP_STAGE_ONPATH_VEC_REG_CONSUME_DIST_1              0        0.0000                0        0.0000

MAP_STAGE_ONPATH_INT_REG_CONSUME_DIST_2       17603333        2.1478         17603333        2.1478

MAP_STAGE_ONPATH_VEC_REG_CONSUME_DIST_2          16096        0.4284            16096        0.4284

MAP_STAGE_ONPATH_INT_REG_CONSUME_DIST_3       22347419        6.4207         22347419        6.4207

MAP_STAGE_ONPATH_VEC_REG_CONSUME_DIST_3            136        1.0000              136        1.0000

MAP_STAGE_ONPATH_INT_REG_CONSUME_DIST_4        4755811        4.5397          4755811        4.5397

MAP_STAGE_ONPATH_VEC_REG_CONSUME_DIST_4              0          -nan                0          -nan

MAP_STAGE_ONPATH_INT_REG_CONSUME_DIST_5        2582160       13.2334          2582160       13.2334

MAP_STAGE_ONPATH_VEC_REG_CONSUME_DIST_5              0          -nan                0          -nan

MAP_STAGE_ONPATH_INT_REG_CONSUME_DIST_6        3862378       14.9193          3862378       14.9193

MAP_STAGE_ONPATH_VEC_REG_CONSUME_DIST_6              0          -nan                0          -nan

MAP_STAGE_ONPATH_INT_REG_CONSUME_DIST_7_PLUS      21467358       31.9335         21467358       31.9335

MAP_STAGE_ONPATH_VEC_REG_CONSUME_DIST_7_PLUS             0          -nan                0          -nan

MAP_STAGE_INT_REG_ISSUE_READ_TOTAL_CONSUMED      77788636        6.1905         77788636        6.1905

MAP_STAGE_VEC_REG_ISSUE_READ_TOTAL_CONSUMED        301128        0.0240           301128        0.0240

MAP_STAGE_INT_REG_ISSUE_READ_MULTI_CONSUMED      33073006        2.6320         33073006        2.6320

MAP_STAGE_VEC_REG_ISSUE_READ_MULTI_CONSUMED         37845        0.0030            37845        0.0030

MAP_STAGE_INT_REG_ISSUE_READ_SAME_CYCLE_CONSUMED      16446589        1.3088         16446589        1.3088

MAP_STAGE_VEC_REG_ISSUE_READ_SAME_CYCLE_CONSUMED         21807        0.0017            21807        0.0017

MAP_STAGE_INT_REG_ISSUE_READ_TOTAL_CONSUMED_ONPATH      77432576        6.2156         77432576        6.2156

MAP_STAGE_VEC_REG_ISSUE_READ_TOTAL_CONSUMED_ONPATH        301120        0.0242           301120        0.0242

MAP_STAGE_INT_REG_ISSUE_READ_MULTI_CONSUMED_ONPATH      32891863        2.6403         32891863        2.6403

MAP_STAGE_VEC_REG_ISSUE_READ_MULTI_CONSUMED_ONPATH         37844        0.0030            37844        0.0030

MAP_STAGE_INT_REG_ISSUE_READ_SAME_CYCLE_CONSUMED_ONPATH      16369890        1.3140         16369890        1.3140

MAP_STAGE_VEC_REG_ISSUE_READ_SAME_CYCLE_CONSUMED_ONPATH         21807        0.0018            21807        0.0018

MAP_STAGE_ONPATH_INT_REG_LIFECYCLE_EMPTY    1453921910                     1453921910              

MAP_STAGE_ONPATH_VEC_REG_LIFECYCLE_EMPTY       1865349                        1865349              

MAP_STAGE_ONPATH_INT_REG_LIFECYCLE_IN_USE    1826034608                     1826034608              

MAP_STAGE_ONPATH_VEC_REG_LIFECYCLE_IN_USE       2824773                        2824773              

MAP_STAGE_ONPATH_INT_REG_LIFECYCLE_SPEC_RELEASE    2472196273                     2472196273              

MAP_STAGE_ONPATH_VEC_REG_LIFECYCLE_SPEC_RELEASE      44685134                       44685134              

MAP_STAGE_ONPATH_INT_REG_LIFECYCLE_NONSPEC_RELEASE    2472196273                     2472196273              

MAP_STAGE_ONPATH_VEC_REG_LIFECYCLE_NONSPEC_RELEASE      44685134                       44685134              

MAP_STAGE_ONPATH_INT_REG_LIFECYCLE_TOTAL    2472196273                     2472196273              

MAP_STAGE_ONPATH_VEC_REG_LIFECYCLE_TOTAL      44685134                       44685134              

MAP_STAGE_ONPATH_INT_REG_NUM_NONBRANCH        57942681                       57942681              

MAP_STAGE_ONPATH_VEC_REG_NUM_NONBRANCH          263273                         263273              

MAP_STAGE_ONPATH_INT_REG_NUM_NONEXCEPT        57942681                       57942681              

MAP_STAGE_ONPATH_VEC_REG_NUM_NONEXCEPT          263273                         263273              

MAP_STAGE_ONPATH_INT_REG_NUM_ATOMIC           57942681                       57942681              

MAP_STAGE_ONPATH_VEC_REG_NUM_ATOMIC             263273                         263273              

MAP_STAGE_ONPATH_INT_REG_ATOMIC_REDEFINED_DIST_TOTAL    2472196273       42.6662       2472196273       42.6662

MAP_STAGE_ONPATH_VEC_REG_ATOMIC_REDEFINED_DIST_TOTAL      44685134      169.7293         44685134      169.7293

MAP_STAGE_ONPATH_INT_REG_ATOMIC_CONSUMED_DIST_TOTAL    1826034608       31.5145       1826034608       31.5145

MAP_STAGE_ONPATH_VEC_REG_ATOMIC_CONSUMED_DIST_TOTAL       2824773       10.7294          2824773       10.7294

MAP_STAGE_ONPATH_INT_REG_ATOMIC_RELEASE_DIST_TOTAL    2472196273       42.6662       2472196273       42.6662

MAP_STAGE_ONPATH_VEC_REG_ATOMIC_RELEASE_DIST_TOTAL      44685134      169.7293         44685134      169.7293

EXEC_STAGE_STARVED                            11642149       90.645%         11642149       90.645%
EXEC_STAGE_NOT_STARVED                         1094845        8.524%          1094845        8.524%
EXEC_STAGE_OFF_PATH                             106652        0.830%           106652        0.830%
                                              12843646      100.000%         12843646      100.000%
                                                  0.10         0.31              0.10         0.31

FU_BUSY_0                                     10195318                       10195318              

FU_BUSY_1                                      9032184                        9032184              

FU_BUSY_2                                      4738958                        4738958              

FU_BUSY_3                                      4738836                        4738836              

FU_BUSY_4                                      8512444                        8512444              

FU_BUSY_5                                     10526453                       10526453              

FU_BUSY_6                                      3990252                        3990252              

FU_BUSY_7                                      3984607                        3984607              

FU_BUSY_8                                      8979641                        8979641              

FU_BUSY_9                                      4739834                        4739834              

FU_BUSY_10                                           0                              0              

FU_BUSY_11                                           0                              0              

FU_BUSY_12                                           0                              0              

FU_BUSY_13                                           0                              0              

FU_BUSY_14                                           0                              0              

FU_BUSY_15                                           0                              0              

FU_BUSY_16                                           0                              0              

FU_BUSY_17                                           0                              0              

FU_BUSY_18                                           0                              0              

FU_BUSY_19                                           0                              0              

FU_BUSY_20                                           0                              0              

FU_BUSY_21                                           0                              0              

FU_BUSY_22                                           0                              0              

FU_BUSY_23                                           0                              0              

FU_BUSY_24                                           0                              0              

FU_BUSY_25                                           0                              0              

FU_BUSY_26                                           0                              0              

FU_BUSY_27                                           0                              0              

FU_BUSY_28                                           0                              0              

FU_BUSY_29                                           0                              0              

FU_BUSY_30                                           0                              0              

FU_BUSY_31                                           0                              0              

FU_REJECTED_OP_INV_NOT_SIMD                          0        0.000%                0        0.000%
FU_REJECTED_OP_NOP_NOT_SIMD                          0        0.000%                0        0.000%
FU_REJECTED_OP_CF_NOT_SIMD                          12        0.003%               12        0.003%
FU_REJECTED_OP_MOV_NOT_SIMD                          1        0.000%                1        0.000%
FU_REJECTED_OP_CMOV_NOT_SIMD                         0        0.000%                0        0.000%
FU_REJECTED_OP_LDA_NOT_SIMD                          1        0.000%                1        0.000%
FU_REJECTED_OP_IMEM_NOT_SIMD                    234302       58.652%           234302       58.652%
FU_REJECTED_OP_IADD_NOT_SIMD                    149798       37.498%           149798       37.498%
FU_REJECTED_OP_IMUL_NOT_SIMD                         0        0.000%                0        0.000%
FU_REJECTED_OP_IDIV_NOT_SIMD                         0        0.000%                0        0.000%
FU_REJECTED_OP_ICMP_NOT_SIMD                         0        0.000%                0        0.000%
FU_REJECTED_OP_LOGIC_NOT_SIMD                        1        0.000%                1        0.000%
FU_REJECTED_OP_SHIFT_NOT_SIMD                        3        0.001%                3        0.001%
FU_REJECTED_OP_FMEM_NOT_SIMD                         0        0.000%                0        0.000%
FU_REJECTED_OP_FCVT_NOT_SIMD                         0        0.000%                0        0.000%
FU_REJECTED_OP_FADD_NOT_SIMD                         0        0.000%                0        0.000%
FU_REJECTED_OP_FMUL_NOT_SIMD                         0        0.000%                0        0.000%
FU_REJECTED_OP_FMA_NOT_SIMD                          0        0.000%                0        0.000%
FU_REJECTED_OP_FDIV_NOT_SIMD                         0        0.000%                0        0.000%
FU_REJECTED_OP_FCMP_NOT_SIMD                         0        0.000%                0        0.000%
FU_REJECTED_OP_FCMOV_NOT_SIMD                        0        0.000%                0        0.000%
FU_REJECTED_OP_GATHER_NOT_SIMD                       0        0.000%                0        0.000%
FU_REJECTED_OP_SCATTER_NOT_SIMD                      0        0.000%                0        0.000%
FU_REJECTED_OP_PIPELINED_FAST_NOT_SIMD               0        0.000%                0        0.000%
FU_REJECTED_OP_PIPELINED_MEDIUM_NOT_SIMD             0        0.000%                0        0.000%
FU_REJECTED_OP_PIPELINED_SLOW_NOT_SIMD               0        0.000%                0        0.000%
FU_REJECTED_OP_NOTPIPELINED_MEDIUM_NOT_SIMD             0        0.000%                0        0.000%
FU_REJECTED_OP_NOTPIPELINED_SLOW_NOT_SIMD             0        0.000%                0        0.000%
FU_REJECTED_OP_NOTPIPELINED_VERY_SLOW_NOT_SIMD             0        0.000%                0        0.000%
FU_REJECTED_OP_INV_SIMD                              0        0.000%                0        0.000%
FU_REJECTED_OP_NOP_SIMD                              0        0.000%                0        0.000%
FU_REJECTED_OP_CF_SIMD                               0        0.000%                0        0.000%
FU_REJECTED_OP_MOV_SIMD                              0        0.000%                0        0.000%
FU_REJECTED_OP_CMOV_SIMD                             0        0.000%                0        0.000%
FU_REJECTED_OP_LDA_SIMD                              0        0.000%                0        0.000%
FU_REJECTED_OP_IMEM_SIMD                             0        0.000%                0        0.000%
FU_REJECTED_OP_IADD_SIMD                             0        0.000%                0        0.000%
FU_REJECTED_OP_IMUL_SIMD                             0        0.000%                0        0.000%
FU_REJECTED_OP_IDIV_SIMD                             0        0.000%                0        0.000%
FU_REJECTED_OP_ICMP_SIMD                             0        0.000%                0        0.000%
FU_REJECTED_OP_LOGIC_SIMD                            0        0.000%                0        0.000%
FU_REJECTED_OP_SHIFT_SIMD                            0        0.000%                0        0.000%
FU_REJECTED_OP_FMEM_SIMD                             0        0.000%                0        0.000%
FU_REJECTED_OP_FCVT_SIMD                            60        0.015%               60        0.015%
FU_REJECTED_OP_FADD_SIMD                         15300        3.830%            15300        3.830%
FU_REJECTED_OP_FMUL_SIMD                             0        0.000%                0        0.000%
FU_REJECTED_OP_FMA_SIMD                              0        0.000%                0        0.000%
FU_REJECTED_OP_FDIV_SIMD                             0        0.000%                0        0.000%
FU_REJECTED_OP_FCMP_SIMD                             0        0.000%                0        0.000%
FU_REJECTED_OP_FCMOV_SIMD                            0        0.000%                0        0.000%
FU_REJECTED_OP_GATHER_SIMD                           0        0.000%                0        0.000%
FU_REJECTED_OP_SCATTER_SIMD                          0        0.000%                0        0.000%
FU_REJECTED_OP_PIPELINED_FAST_SIMD                   0        0.000%                0        0.000%
FU_REJECTED_OP_PIPELINED_MEDIUM_SIMD                 0        0.000%                0        0.000%
FU_REJECTED_OP_PIPELINED_SLOW_SIMD                   0        0.000%                0        0.000%
FU_REJECTED_OP_NOTPIPELINED_MEDIUM_SIMD              0        0.000%                0        0.000%
FU_REJECTED_OP_NOTPIPELINED_SLOW_SIMD                0        0.000%                0        0.000%
FU_REJECTED_OP_NOTPIPELINED_VERY_SLOW_SIMD             0        0.000%                0        0.000%
                                                399478      100.000%           399478      100.000%
                                                  7.84         7.25              7.84         7.25

LSQ_FULL_TOTAL                                       0                              0              

LSQ_FULL_LOAD_QUEUE                                  0                              0              

LSQ_FULL_STORE_QUEUE                                 0                              0              

OP_WAIT_0                                     45406917                       45406917              

OP_WAIT_1                                     14491307                       14491307              

OP_WAIT_2                                      3779514                        3779514              

OP_WAIT_3                                      2098991                        2098991              

OP_WAIT_4                                      1149604                        1149604              

OP_WAIT_5                                       528176                         528176              

OP_WAIT_6                                       330782                         330782              

OP_WAIT_7                                       209690                         209690              

OP_WAIT_8                                       119584                         119584              

OP_WAIT_9                                       115402                         115402              

OP_WAIT_10                                       32433                          32433              

OP_WAIT_11                                       13686                          13686              

OP_WAIT_12                                       14032                          14032              

OP_WAIT_13                                       28666                          28666              

OP_WAIT_14                                       24937                          24937              

OP_WAIT_15                                       27988                          27988              

OP_WAIT_16                                       16124                          16124              

OP_WAIT_17                                        3857                           3857              

OP_WAIT_18                                        1301                           1301              

OP_WAIT_19                                        8319                           8319              

OP_WAIT_20                                         145                            145              

OP_WAIT_21                                         143                            143              

OP_WAIT_22                                         103                            103              

OP_WAIT_23                                          46                             46              

OP_WAIT_24                                           3                              3              

OP_WAIT_25                                           0                              0              

OP_WAIT_26                                           0                              0              

OP_WAIT_27                                           0                              0              

OP_WAIT_28                                           0                              0              

OP_WAIT_29                                           0                              0              

OP_WAIT_30                                           0                              0              

OP_WAIT_31                                           0                              0              

ROW_SIZE_0                                     2432497                        2432497              

ROW_SIZE_1                                      700385                         700385              

ROW_SIZE_2                                      295984                         295984              

ROW_SIZE_3                                      891453                         891453              

ROW_SIZE_4                                      622225                         622225              

ROW_SIZE_5                                      106078                         106078              

ROW_SIZE_6                                      293554                         293554              

ROW_SIZE_7                                       51288                          51288              

ROW_SIZE_8                                     7411926                        7411926              

ROW_SIZE_9                                           0                              0              

ROW_SIZE_10                                          0                              0              

ROW_SIZE_11                                          0                              0              

ROW_SIZE_12                                          0                              0              

ROW_SIZE_13                                          0                              0              

ROW_SIZE_14                                          0                              0              

ROW_SIZE_15                                          0                              0              

ROW_SIZE_16                                          0                              0              

ROW_SIZE_17                                          0                              0              

ROW_SIZE_18                                          0                              0              

ROW_SIZE_19                                          0                              0              

ROW_SIZE_20                                          0                              0              

ROW_SIZE_21                                          0                              0              

ROW_SIZE_22                                          0                              0              

ROW_SIZE_23                                          0                              0              

ROW_SIZE_24                                          0                              0              

ROW_SIZE_25                                          0                              0              

ROW_SIZE_26                                          0                              0              

ROW_SIZE_27                                          0                              0              

ROW_SIZE_28                                          0                              0              

ROW_SIZE_29                                          0                              0              

ROW_SIZE_30                                          0                              0              

ROW_SIZE_31                                          0                              0              

RET_OP_EXEC_COUNT_0                                  0        0.000%                0        0.000%
RET_OP_EXEC_COUNT_1                           68401750      100.000%         68401750      100.000%
RET_OP_EXEC_COUNT_2                                  0        0.000%                0        0.000%
RET_OP_EXEC_COUNT_3                                  0        0.000%                0        0.000%
RET_OP_EXEC_COUNT_4                                  0        0.000%                0        0.000%
RET_OP_EXEC_COUNT_5                                  0        0.000%                0        0.000%
RET_OP_EXEC_COUNT_6                                  0        0.000%                0        0.000%
RET_OP_EXEC_COUNT_7                                  0        0.000%                0        0.000%
RET_OP_EXEC_COUNT_8                                  0        0.000%                0        0.000%
RET_OP_EXEC_COUNT_9                                  0        0.000%                0        0.000%
RET_OP_EXEC_COUNT_10                                 0        0.000%                0        0.000%
RET_OP_EXEC_COUNT_11                                 0        0.000%                0        0.000%
RET_OP_EXEC_COUNT_12                                 0        0.000%                0        0.000%
RET_OP_EXEC_COUNT_13                                 0        0.000%                0        0.000%
RET_OP_EXEC_COUNT_14                                 0        0.000%                0        0.000%
RET_OP_EXEC_COUNT_15                                 0        0.000%                0        0.000%
RET_OP_EXEC_COUNT_16                                 0        0.000%                0        0.000%
RET_OP_EXEC_COUNT_17                                 0        0.000%                0        0.000%
RET_OP_EXEC_COUNT_18                                 0        0.000%                0        0.000%
RET_OP_EXEC_COUNT_19                                 0        0.000%                0        0.000%
RET_OP_EXEC_COUNT_20                                 0        0.000%                0        0.000%
RET_OP_EXEC_COUNT_21                                 0        0.000%                0        0.000%
RET_OP_EXEC_COUNT_22                                 0        0.000%                0        0.000%
RET_OP_EXEC_COUNT_23                                 0        0.000%                0        0.000%
RET_OP_EXEC_COUNT_24                                 0        0.000%                0        0.000%
RET_OP_EXEC_COUNT_25                                 0        0.000%                0        0.000%
RET_OP_EXEC_COUNT_26                                 0        0.000%                0        0.000%
RET_OP_EXEC_COUNT_27                                 0        0.000%                0        0.000%
RET_OP_EXEC_COUNT_28                                 0        0.000%                0        0.000%
RET_OP_EXEC_COUNT_29                                 0        0.000%                0        0.000%
RET_OP_EXEC_COUNT_30                                 0        0.000%                0        0.000%
RET_OP_EXEC_COUNT_31                                 0        0.000%                0        0.000%
RET_OP_EXEC_COUNT_32                                 0        0.000%                0        0.000%
                                              68401750      100.000%         68401750      100.000%
                                                  1.00         0.00              1.00         0.00

RET_STALL_LENGTH_0                            68401092       99.999%         68401092       99.999%
RET_STALL_LENGTH_100                               607        0.001%              607        0.001%
RET_STALL_LENGTH_200                                14        0.000%               14        0.000%
RET_STALL_LENGTH_300                                 1        0.000%                1        0.000%
RET_STALL_LENGTH_400                                 7        0.000%                7        0.000%
RET_STALL_LENGTH_500                                 5        0.000%                5        0.000%
RET_STALL_LENGTH_600                                 4        0.000%                4        0.000%
RET_STALL_LENGTH_700                                 2        0.000%                2        0.000%
RET_STALL_LENGTH_800                                 3        0.000%                3        0.000%
RET_STALL_LENGTH_900                                 3        0.000%                3        0.000%
RET_STALL_LENGTH_1000                                1        0.000%                1        0.000%
RET_STALL_LENGTH_1100                                5        0.000%                5        0.000%
RET_STALL_LENGTH_1200                                6        0.000%                6        0.000%
RET_STALL_LENGTH_1300                                0        0.000%                0        0.000%
RET_STALL_LENGTH_1400                                0        0.000%                0        0.000%
RET_STALL_LENGTH_1500                                0        0.000%                0        0.000%
RET_STALL_LENGTH_1600                                0        0.000%                0        0.000%
RET_STALL_LENGTH_1700                                0        0.000%                0        0.000%
RET_STALL_LENGTH_1800                                0        0.000%                0        0.000%
RET_STALL_LENGTH_1900                                0        0.000%                0        0.000%
RET_STALL_LENGTH_2000                                0        0.000%                0        0.000%
RET_STALL_LENGTH_2100                                0        0.000%                0        0.000%
RET_STALL_LENGTH_2200                                0        0.000%                0        0.000%
RET_STALL_LENGTH_2300                                0        0.000%                0        0.000%
RET_STALL_LENGTH_2400                                0        0.000%                0        0.000%
RET_STALL_LENGTH_2500                                0        0.000%                0        0.000%
RET_STALL_LENGTH_2600                                0        0.000%                0        0.000%
RET_STALL_LENGTH_2700                                0        0.000%                0        0.000%
RET_STALL_LENGTH_2800                                0        0.000%                0        0.000%
RET_STALL_LENGTH_2900                                0        0.000%                0        0.000%
RET_STALL_LENGTH_3000                                0        0.000%                0        0.000%
RET_STALL_LENGTH_3100                                0        0.000%                0        0.000%
RET_STALL_LENGTH_3200                                0        0.000%                0        0.000%
RET_STALL_LENGTH_3300                                0        0.000%                0        0.000%
RET_STALL_LENGTH_3400                                0        0.000%                0        0.000%
RET_STALL_LENGTH_3500                                0        0.000%                0        0.000%
RET_STALL_LENGTH_3600                                0        0.000%                0        0.000%
RET_STALL_LENGTH_3700                                0        0.000%                0        0.000%
RET_STALL_LENGTH_3800                                0        0.000%                0        0.000%
RET_STALL_LENGTH_3900                                0        0.000%                0        0.000%
RET_STALL_LENGTH_4000                                0        0.000%                0        0.000%
RET_STALL_LENGTH_4100                                0        0.000%                0        0.000%
RET_STALL_LENGTH_4200                                0        0.000%                0        0.000%
RET_STALL_LENGTH_4300                                0        0.000%                0        0.000%
RET_STALL_LENGTH_4400                                0        0.000%                0        0.000%
RET_STALL_LENGTH_4500                                0        0.000%                0        0.000%
RET_STALL_LENGTH_4600                                0        0.000%                0        0.000%
RET_STALL_LENGTH_4700                                0        0.000%                0        0.000%
RET_STALL_LENGTH_4800                                0        0.000%                0        0.000%
RET_STALL_LENGTH_4900                                0        0.000%                0        0.000%
RET_STALL_LENGTH_5000                                0        0.000%                0        0.000%
                                              68401750      100.000%         68401750      100.000%
                                                  0.00         0.01              0.00         0.01

MEM_BLOCK_LENGTH_0                                   0         -nan%                0         -nan%
MEM_BLOCK_LENGTH_100                                 0         -nan%                0         -nan%
MEM_BLOCK_LENGTH_200                                 0         -nan%                0         -nan%
MEM_BLOCK_LENGTH_300                                 0         -nan%                0         -nan%
MEM_BLOCK_LENGTH_400                                 0         -nan%                0         -nan%
MEM_BLOCK_LENGTH_500                                 0         -nan%                0         -nan%
MEM_BLOCK_LENGTH_600                                 0         -nan%                0         -nan%
MEM_BLOCK_LENGTH_700                                 0         -nan%                0         -nan%
MEM_BLOCK_LENGTH_800                                 0         -nan%                0         -nan%
MEM_BLOCK_LENGTH_900                                 0         -nan%                0         -nan%
MEM_BLOCK_LENGTH_1000                                0         -nan%                0         -nan%
MEM_BLOCK_LENGTH_1100                                0         -nan%                0         -nan%
MEM_BLOCK_LENGTH_1200                                0         -nan%                0         -nan%
MEM_BLOCK_LENGTH_1300                                0         -nan%                0         -nan%
MEM_BLOCK_LENGTH_1400                                0         -nan%                0         -nan%
MEM_BLOCK_LENGTH_1500                                0         -nan%                0         -nan%
MEM_BLOCK_LENGTH_1600                                0         -nan%                0         -nan%
MEM_BLOCK_LENGTH_1700                                0         -nan%                0         -nan%
MEM_BLOCK_LENGTH_1800                                0         -nan%                0         -nan%
MEM_BLOCK_LENGTH_1900                                0         -nan%                0         -nan%
MEM_BLOCK_LENGTH_2000                                0         -nan%                0         -nan%
MEM_BLOCK_LENGTH_2100                                0         -nan%                0         -nan%
MEM_BLOCK_LENGTH_2200                                0         -nan%                0         -nan%
MEM_BLOCK_LENGTH_2300                                0         -nan%                0         -nan%
MEM_BLOCK_LENGTH_2400                                0         -nan%                0         -nan%
MEM_BLOCK_LENGTH_2500                                0         -nan%                0         -nan%
MEM_BLOCK_LENGTH_2600                                0         -nan%                0         -nan%
MEM_BLOCK_LENGTH_2700                                0         -nan%                0         -nan%
MEM_BLOCK_LENGTH_2800                                0         -nan%                0         -nan%
MEM_BLOCK_LENGTH_2900                                0         -nan%                0         -nan%
MEM_BLOCK_LENGTH_3000                                0         -nan%                0         -nan%
MEM_BLOCK_LENGTH_3100                                0         -nan%                0         -nan%
MEM_BLOCK_LENGTH_3200                                0         -nan%                0         -nan%
MEM_BLOCK_LENGTH_3300                                0         -nan%                0         -nan%
MEM_BLOCK_LENGTH_3400                                0         -nan%                0         -nan%
MEM_BLOCK_LENGTH_3500                                0         -nan%                0         -nan%
MEM_BLOCK_LENGTH_3600                                0         -nan%                0         -nan%
MEM_BLOCK_LENGTH_3700                                0         -nan%                0         -nan%
MEM_BLOCK_LENGTH_3800                                0         -nan%                0         -nan%
MEM_BLOCK_LENGTH_3900                                0         -nan%                0         -nan%
MEM_BLOCK_LENGTH_4000                                0         -nan%                0         -nan%
MEM_BLOCK_LENGTH_4100                                0         -nan%                0         -nan%
MEM_BLOCK_LENGTH_4200                                0         -nan%                0         -nan%
MEM_BLOCK_LENGTH_4300                                0         -nan%                0         -nan%
MEM_BLOCK_LENGTH_4400                                0         -nan%                0         -nan%
MEM_BLOCK_LENGTH_4500                                0         -nan%                0         -nan%
MEM_BLOCK_LENGTH_4600                                0         -nan%                0         -nan%
MEM_BLOCK_LENGTH_4700                                0         -nan%                0         -nan%
MEM_BLOCK_LENGTH_4800                                0         -nan%                0         -nan%
MEM_BLOCK_LENGTH_4900                                0         -nan%                0         -nan%
MEM_BLOCK_LENGTH_5000                                0         -nan%                0         -nan%
                                                     0         -nan%                0         -nan%
                                                  -nan         -nan              -nan         -nan

FUS_BUSY_ON_PATH                              69096206        5.3798         69096206        5.3798

FUS_BUSY_OFF_PATH                               342321        0.0267           342321        0.0267

FU_BUSY_MEM_STALL                               697663        0.0543           697663        0.0543

FUS_EMPTY                                     58997933        4.5936         58997933        4.5936

FU_UNAVAILABLE                                      19        0.0000               19        0.0000

FU_MEM_UNAVAILABLE                              399459        0.0311           399459        0.0311

FU_OTHER_UNAVAILABLE                                 0        0.0000                0        0.0000

FU_REPLAY                                            0        0.0000                0        0.0000

FU_STARVED                                    58972408        4.5916         58972408        4.5916

CHIP_UTILIZATION                                     0        0.0000                0        0.0000

CYCLES_UNDER_MEM_REQ                                 0                              0              

CYCLES_UNDER_NO_MEM_REQ                              0                              0              

CYCLES_UNDER_CRITICAL_MEM_REQ                        0                              0              

CYCLES_UNDER_NONCRITICAL_MEM_REQ                     0                              0              

CHIP_UTILIZATION_UNDER_MEM_REQ                       0          -nan                0          -nan

CHIP_UTILIZATION_UNDER_NO_MEM_REQ                    0          -nan                0          -nan

CHIP_UTILIZATION_UNDER_CRITICAL_MEM_REQ              0          -nan                0          -nan

CHIP_UTILIZATION_UNDER_NONCRITICAL_MEM_REQ             0          -nan                0          -nan

CYCLES_NOT_WAITING_FOR_OFF_CHIP                      0        0.0000                0        0.0000

FUS_BUSY_NOT_WAITING_FOR_OFF_CHIP                    0          -nan                0          -nan

CYCLES_WAITING_FOR_OFF_CHIP                          0        0.0000                0        0.0000

FUS_BUSY_WAITING_FOR_OFF_CHIP                        0          -nan                0          -nan

TOTAL_OFF_CHIP_DELAYS_LEFT                           0                              0              

WRONG_IO_SCHED                                       0                              0              

DVFS_CONFIG_SWITCH                                   0                              0              

MAP_STAGE_RECEIVED_OPS_0                             0        0.000%                0        0.000%
MAP_STAGE_RECEIVED_OPS_1                        320124        2.619%           320124        2.619%
MAP_STAGE_RECEIVED_OPS_2                        377738        3.090%           377738        3.090%
MAP_STAGE_RECEIVED_OPS_3                        164187        1.343%           164187        1.343%
MAP_STAGE_RECEIVED_OPS_4                        563607        4.611%           563607        4.611%
MAP_STAGE_RECEIVED_OPS_5                        209789        1.716%           209789        1.716%
MAP_STAGE_RECEIVED_OPS_6                      10587682       86.620%         10587682       86.620%
MAP_STAGE_RECEIVED_OPS_7                             0        0.000%                0        0.000%
MAP_STAGE_RECEIVED_OPS_8                             0        0.000%                0        0.000%
MAP_STAGE_RECEIVED_OPS_MAX                           0        0.000%                0        0.000%
                                              12223127      100.000%         12223127      100.000%
                                                  5.60         1.14              5.60         1.14

MAP_STAGE_WAIT_FOR_DECODE                            0         -nan%                0         -nan%
MAP_STAGE_CONSUME_DECODE                             0         -nan%                0         -nan%
                                                     0         -nan%                0         -nan%
                                                  -nan         -nan              -nan         -nan

MAP_STAGE_WAIT_FOR_DECODE2                           0         -nan%                0         -nan%
MAP_STAGE_CONSUME_DECODE2                            0         -nan%                0         -nan%
                                                     0         -nan%                0         -nan%
                                                  -nan         -nan              -nan         -nan

FTQ_RECOVER_EXEC                                  4190                           4190              

FTQ_RECOVER_DECODE                                  19                             19              

FTQ_OFFPATH_CYCLES                             2809668                        2809668              

FTQ_CYCLES_OFFPATH                             2809668                        2809668              

FTQ_CYCLES_ONPATH                             10033978                       10033978              

FTQ_FETCHED_INS_ONPATH                        68401733                       68401733              

FTQ_FETCHED_INS_OFFPATH                       16569767                       16569767              

FTQ_BREAK_FULL_FT_ONPATH                       2120303                        2120303              

FTQ_BREAK_FULL_FT_OFFPATH                       337272                         337272              

FTQ_BREAK_PRED_BR_ONPATH                             0                              0              

FTQ_BREAK_PRED_BR_OFFPATH                            0                              0              

FTQ_BREAK_BAR_FETCH_ONPATH                           0                              0              

FTQ_BREAK_BAR_FETCH_OFFPATH                          0                              0              

FTQ_BREAK_MAX_CFS_TAKEN_ONPATH                       0                              0              

FTQ_BREAK_MAX_CFS_TAKEN_OFFPATH                      0                              0              

FTQ_BREAK_MAX_FT_ONPATH                        7913648                        7913648              

FTQ_BREAK_MAX_FT_OFFPATH                       2472396                        2472396              

DFE_GEN_ON_PATH_FT                            10478570                       10478570              

DFE_GEN_OFF_PATH_FT                            1861414                        1861414              

DFE_L0_ENABLED_PREDICTIONS                    68401750                       68401750              

DFE_L0_WRONG_MAIN_CORRECT                       908631                         908631              

DFE_L0_WRONG_MAIN_WRONG                           3518                           3518              

DFE_L0_CORRECT_MAIN_WRONG                          691                            691              

DFE_L0_CORRECT_MAIN_CORRECT                   67488910                       67488910              

DFE_L0_WRONG_MAIN_CORRECT_RECOVERY_SCHEDULED             0                              0              

FTQ_SAW_BAR_FETCH_OFFPATH                          206                            206              

FTQ_SAW_BAR_FETCH_ONPATH                           405                            405              

DFE_CONF_0_RECOVER_AT_EXEC                           0         -nan%                0         -nan%
DFE_CONF_1_RECOVER_AT_EXEC                           0         -nan%                0         -nan%
DFE_CONF_2_RECOVER_AT_EXEC                           0         -nan%                0         -nan%
DFE_CONF_3_RECOVER_AT_EXEC                           0         -nan%                0         -nan%
DFE_CONF_0_CORRECT                                   0         -nan%                0         -nan%
DFE_CONF_1_CORRECT                                   0         -nan%                0         -nan%
DFE_CONF_2_CORRECT                                   0         -nan%                0         -nan%
DFE_CONF_3_CORRECT                                   0         -nan%                0         -nan%
                                                     0         -nan%                0         -nan%
                                                  -nan         -nan              -nan         -nan

DFE_ON_CONF_ON_OPS                                   0         -nan%                0         -nan%
DFE_ON_CONF_OFF_OPS                                  0         -nan%                0         -nan%
DFE_OFF_CONF_ON_OPS                                  0         -nan%                0         -nan%
DFE_OFF_CONF_OFF_REALISTIC_OPS                       0         -nan%                0         -nan%
DFE_OFF_CONF_OFF_PERFECT_OPS                         0         -nan%                0         -nan%
                                                     0         -nan%                0         -nan%
                                                  -nan         -nan              -nan         -nan

DFE_ON_CONF_ON_FETCH_TARGETS                         0         -nan%                0         -nan%
DFE_ON_CONF_OFF_FETCH_TARGETS                        0         -nan%                0         -nan%
DFE_OFF_CONF_ON_FETCH_TARGETS                        0         -nan%                0         -nan%
DFE_OFF_CONF_OFF_REALISTIC_FETCH_TARGETS             0         -nan%                0         -nan%
DFE_OFF_CONF_OFF_PERFECT_FETCH_TARGETS               0         -nan%                0         -nan%
                                                     0         -nan%                0         -nan%
                                                  -nan         -nan              -nan         -nan

DFE_ON_CONF_ON_CYCLES                                0         -nan%                0         -nan%
DFE_ON_CONF_OFF_CYCLES                               0         -nan%                0         -nan%
DFE_OFF_CONF_ON_CYCLES                               0         -nan%                0         -nan%
DFE_OFF_CONF_OFF_REALISTIC_CYCLES                    0         -nan%                0         -nan%
DFE_OFF_CONF_OFF_PERFECT_CYCLES                      0         -nan%                0         -nan%
                                                     0         -nan%                0         -nan%
                                                  -nan         -nan              -nan         -nan

DFE_OFF_CONF_ON_NUM_EVENTS                           0                              0              

DFE_OFF_CONF_ON_NOT_IDENTIFIED_EVENTS                0         -nan%                0         -nan%
DFE_OFF_CONF_ON_IBTB_MISS_EVENTS                     0         -nan%                0         -nan%
DFE_OFF_CONF_ON_BTB_MISS_EVENTS                      0         -nan%                0         -nan%
DFE_OFF_CONF_ON_BTB_MISS_RECOVER_AT_EXEC_EVENTS             0         -nan%                0         -nan%
DFE_OFF_CONF_ON_RECOVER_AT_EXEC_EVENTS               0         -nan%                0         -nan%
DFE_OFF_CONF_ON_RECOVER_AT_DECODE_EVENTS             0         -nan%                0         -nan%
                                                     0         -nan%                0         -nan%
                                                  -nan         -nan              -nan         -nan

DFE_OFF_CONF_ON_LATE_BTB_HIT_EVENTS                  0                              0              

DFE_OFF_CONF_ON_NOT_IDENTIFIED_CYCLES                0         -nan%                0         -nan%
DFE_OFF_CONF_ON_IBTB_MISS_CYCLES                     0         -nan%                0         -nan%
DFE_OFF_CONF_ON_BTB_MISS_CYCLES                      0         -nan%                0         -nan%
DFE_OFF_CONF_ON_BTB_MISS_RECOVER_AT_EXEC_CYCLES             0         -nan%                0         -nan%
DFE_OFF_CONF_ON_RECOVER_AT_EXEC_CYCLES               0         -nan%                0         -nan%
DFE_OFF_CONF_ON_RECOVER_AT_DECODE_CYCLES             0         -nan%                0         -nan%
                                                     0         -nan%                0         -nan%
                                                  -nan         -nan              -nan         -nan

DFE_OFF_CONF_ON_LATE_BTB_HIT_CYCLES                  0                              0              

DFE_OFF_CONF_ON_NOT_IDENTIFIED_FETCH_TARGETS             0         -nan%                0         -nan%
DFE_OFF_CONF_ON_IBTB_MISS_FETCH_TARGETS              0         -nan%                0         -nan%
DFE_OFF_CONF_ON_BTB_MISS_FETCH_TARGETS               0         -nan%                0         -nan%
DFE_OFF_CONF_ON_BTB_MISS_RECOVER_AT_EXEC_FETCH_TARGETS             0         -nan%                0         -nan%
DFE_OFF_CONF_ON_RECOVER_AT_EXEC_FETCH_TARGETS             0         -nan%                0         -nan%
DFE_OFF_CONF_ON_RECOVER_AT_DECODE_FETCH_TARGETS             0         -nan%                0         -nan%
                                                     0         -nan%                0         -nan%
                                                  -nan         -nan              -nan         -nan

DFE_OFF_CONF_ON_LATE_BTB_HIT_FETCH_TARGETS             0                              0              

DFE_OFF_CONF_ON_BP_INCORRECT_0_CONF                  0         -nan%                0         -nan%
DFE_OFF_CONF_ON_BP_INCORRECT_1_CONF                  0         -nan%                0         -nan%
DFE_OFF_CONF_ON_BP_INCORRECT_2_CONF                  0         -nan%                0         -nan%
DFE_OFF_CONF_ON_BP_INCORRECT_3_CONF                  0         -nan%                0         -nan%
                                                     0         -nan%                0         -nan%
                                                  -nan         -nan              -nan         -nan

DFE_OFF_CONF_ON_BTB_MISS_CBR_0_CONF                  0         -nan%                0         -nan%
DFE_OFF_CONF_ON_BTB_MISS_CBR_1_CONF                  0         -nan%                0         -nan%
DFE_OFF_CONF_ON_BTB_MISS_CBR_2_CONF                  0         -nan%                0         -nan%
DFE_OFF_CONF_ON_BTB_MISS_CBR_3_CONF                  0         -nan%                0         -nan%
                                                     0         -nan%                0         -nan%
                                                  -nan         -nan              -nan         -nan

DFE_OFF_CONF_ON_BTB_MISS_NOT_CF                      0         -nan%                0         -nan%
DFE_OFF_CONF_ON_BTB_MISS_CF_BR                       0         -nan%                0         -nan%
DFE_OFF_CONF_ON_BTB_MISS_CF_CBR                      0         -nan%                0         -nan%
DFE_OFF_CONF_ON_BTB_MISS_CF_CALL                     0         -nan%                0         -nan%
DFE_OFF_CONF_ON_BTB_MISS_CF_IBR                      0         -nan%                0         -nan%
DFE_OFF_CONF_ON_BTB_MISS_CF_ICALL                    0         -nan%                0         -nan%
DFE_OFF_CONF_ON_BTB_MISS_CF_ICO                      0         -nan%                0         -nan%
DFE_OFF_CONF_ON_BTB_MISS_CF_RET                      0         -nan%                0         -nan%
DFE_OFF_CONF_ON_BTB_MISS_CF_SYS                      0         -nan%                0         -nan%
                                                     0         -nan%                0         -nan%
                                                  -nan         -nan              -nan         -nan

DFE_ON_CONF_OFF_NUM_EVENTS                           0                              0              

CONF_BTB_NUM_CYCLES_OFF_PATH_EVENT                   0                              0              

DFE_ON_CONF_OFF_IBTB_MISS_BP_TAKEN                   0         -nan%                0         -nan%
DFE_ON_CONF_OFF_BTB_MISS_BP_TAKEN_CONF_0             0         -nan%                0         -nan%
DFE_ON_CONF_OFF_BTB_MISS_BP_TAKEN_CONF_1             0         -nan%                0         -nan%
DFE_ON_CONF_OFF_BTB_MISS_BP_TAKEN_CONF_2             0         -nan%                0         -nan%
DFE_ON_CONF_OFF_BTB_MISS_BP_TAKEN_CONF_3             0         -nan%                0         -nan%
DFE_ON_CONF_OFF_BTB_MISS_RATE                        0         -nan%                0         -nan%
DFE_ON_CONF_OFF_IBTB_MISS_RATE                       0         -nan%                0         -nan%
DFE_ON_CONF_OFF_RECOVER_AT_DECODE_RATE               0         -nan%                0         -nan%
DFE_ON_CONF_OFF_RECOVER_AT_EXEC_RATE                 0         -nan%                0         -nan%
DFE_ON_CONF_OFF_INV_CONF_INC                         0         -nan%                0         -nan%
DFE_ON_CONF_OFF_PERFECT_CONF                         0         -nan%                0         -nan%
                                                     0         -nan%                0         -nan%
                                                  -nan         -nan              -nan         -nan

DFE_ON_CONF_OFF_IBTB_MISS_BP_TAKEN_CYCLES             0         -nan%                0         -nan%
DFE_ON_CONF_OFF_BTB_MISS_BP_TAKEN_CONF_0_CYCLES             0         -nan%                0         -nan%
DFE_ON_CONF_OFF_BTB_MISS_BP_TAKEN_CONF_1_CYCLES             0         -nan%                0         -nan%
DFE_ON_CONF_OFF_BTB_MISS_BP_TAKEN_CONF_2_CYCLES             0         -nan%                0         -nan%
DFE_ON_CONF_OFF_BTB_MISS_BP_TAKEN_CONF_3_CYCLES             0         -nan%                0         -nan%
DFE_ON_CONF_OFF_BTB_MISS_RATE_CYCLES                 0         -nan%                0         -nan%
DFE_ON_CONF_OFF_IBTB_MISS_RATE_CYCLES                0         -nan%                0         -nan%
DFE_ON_CONF_OFF_RECOVER_AT_DECODE_RATE_CYCLES             0         -nan%                0         -nan%
DFE_ON_CONF_OFF_RECOVER_AT_EXEC_RATE_CYCLES             0         -nan%                0         -nan%
DFE_ON_CONF_OFF_INV_CONF_INC_CYCLES                  0         -nan%                0         -nan%
DFE_ON_CONF_OFF_PERFECT_CONF_CYCLES                  0         -nan%                0         -nan%
                                                     0         -nan%                0         -nan%
                                                  -nan         -nan              -nan         -nan

DFE_ON_CONF_OFF_IBTB_MISS_BP_TAKEN_FETCH_TARGETS             0         -nan%                0         -nan%
DFE_ON_CONF_OFF_BTB_MISS_BP_TAKEN_CONF_0_FETCH_TARGETS             0         -nan%                0         -nan%
DFE_ON_CONF_OFF_BTB_MISS_BP_TAKEN_CONF_1_FETCH_TARGETS             0         -nan%                0         -nan%
DFE_ON_CONF_OFF_BTB_MISS_BP_TAKEN_CONF_2_FETCH_TARGETS             0         -nan%                0         -nan%
DFE_ON_CONF_OFF_BTB_MISS_BP_TAKEN_CONF_3_FETCH_TARGETS             0         -nan%                0         -nan%
DFE_ON_CONF_OFF_BTB_MISS_RATE_FETCH_TARGETS             0         -nan%                0         -nan%
DFE_ON_CONF_OFF_IBTB_MISS_RATE_FETCH_TARGETS             0         -nan%                0         -nan%
DFE_ON_CONF_OFF_RECOVER_AT_DECODE_RATE_FETCH_TARGETS             0         -nan%                0         -nan%
DFE_ON_CONF_OFF_RECOVER_AT_EXEC_RATE_FETCH_TARGETS             0         -nan%                0         -nan%
DFE_ON_CONF_OFF_INV_CONF_INC_FETCH_TARGETS             0         -nan%                0         -nan%
DFE_ON_CONF_OFF_PERFECT_CONF_FETCH_TARGETS             0         -nan%                0         -nan%
                                                     0         -nan%                0         -nan%
                                                  -nan         -nan              -nan         -nan

CONF_OFF_IBTB_MISS_BP_TAKEN                          0         -nan%                0         -nan%
CONF_OFF_BTB_MISS_BP_TAKEN_CONF_0                    0         -nan%                0         -nan%
CONF_OFF_BTB_MISS_BP_TAKEN_CONF_1                    0         -nan%                0         -nan%
CONF_OFF_BTB_MISS_BP_TAKEN_CONF_2                    0         -nan%                0         -nan%
CONF_OFF_BTB_MISS_BP_TAKEN_CONF_3                    0         -nan%                0         -nan%
CONF_OFF_BTB_MISS_RATE                               0         -nan%                0         -nan%
CONF_OFF_IBTB_MISS_RATE                              0         -nan%                0         -nan%
CONF_OFF_RECOVER_AT_DECODE_RATE                      0         -nan%                0         -nan%
CONF_OFF_RECOVER_AT_EXEC_RATE                        0         -nan%                0         -nan%
CONF_OFF_INV_CONF_INC                                0         -nan%                0         -nan%
CONF_OFF_PERFECT_CONF                                0         -nan%                0         -nan%
                                                     0         -nan%                0         -nan%
                                                  -nan         -nan              -nan         -nan

TOPDOWN_TOTAL_SLOTS                           77061876                       77061876              

TOPDOWN_ISSUED_SLOTS                          69206336                       69206336              

TOPDOWN_RETIRED_SLOTS                         68401750                       68401750              

TOPDOWN_FETCH_BUBBLES_SLOTS                    5599090                        5599090              

TOPDOWN_RECOVERY_BUBBLES_SLOTS                 1317416                        1317416              

TOPDOWN_MEM_LOAD_STALLS_CYCLES                  144505                         144505              

TOPDOWN_MEM_STORE_STALLS_CYCLES                      0                              0              

TOPDOWN_EXEC_STALLS_CYCLES                      229982                         229982              

TOPDOWN_BACKEND_STALLS_CYCLES                   144517                         144517              

TOPDOWN_FETCH_BUBBLES_GT_MIW_CYCLES             231831                         231831              

TOPDOWN_BR_RECOVER_AT_EXEC_RETIRED_CYCLES          4190                           4190              

TOPDOWN_MACHINE_CLEAR_CYCLES                    912840                         912840              

TOPDOWN_FRONTEND_BOUND                             726                            726              

TOPDOWN_BACKEND_BOUND                              123                            123              

TOPDOWN_BAD_SPEC_BOUND                             275                            275              

TOPDOWN_RETIRING_BOUND                            8876                           8876              

TOPDOWN_FETCH_LATENCY_BOUND                        180                            180              

TOPDOWN_FETCH_BANDWIDTH_BOUND                      546                            546              

TOPDOWN_MEM_BOUND                                  122                            122              

TOPDOWN_CORE_BOUND                                   1                              1              

TOPDOWN_BR_RECOVER_AT_EXEC_BOUND                     1                              1              

TOPDOWN_MACHINE_CLEARS_BOUND                       274                            274              

H2P_SEEN_MAIN                                     5215                           5215              



