               ramulator.active_cycles_0             5456502                                      # Total active cycles for level _0
                 ramulator.busy_cycles_0             5456502                                      # (All-bank refresh only. busy cycles only include refresh time in rank level) The sum of cycles that the DRAM part is active or under refresh for level _0
            ramulator.serving_requests_0            14771497                                      # The sum of read and write requests that are served in this DRAM element per memory cycle for level _0
    ramulator.average_serving_requests_0            1.600666                                      # The average of read and write requests that are served in this DRAM element per memory cycle for level _0
             ramulator.active_cycles_0_0             5456502                                      # Total active cycles for level _0_0
               ramulator.busy_cycles_0_0             5750922                                      # (All-bank refresh only. busy cycles only include refresh time in rank level) The sum of cycles that the DRAM part is active or under refresh for level _0_0
          ramulator.serving_requests_0_0            14771497                                      # The sum of read and write requests that are served in this DRAM element per memory cycle for level _0_0
  ramulator.average_serving_requests_0_0            1.600666                                      # The average of read and write requests that are served in this DRAM element per memory cycle for level _0_0
           ramulator.active_cycles_0_0_0             1981948                                      # Total active cycles for level _0_0_0
             ramulator.busy_cycles_0_0_0             1981948                                      # (All-bank refresh only. busy cycles only include refresh time in rank level) The sum of cycles that the DRAM part is active or under refresh for level _0_0_0
        ramulator.serving_requests_0_0_0             3646871                                      # The sum of read and write requests that are served in this DRAM element per memory cycle for level _0_0_0
ramulator.average_serving_requests_0_0_0            0.395181                                      # The average of read and write requests that are served in this DRAM element per memory cycle for level _0_0_0
         ramulator.active_cycles_0_0_0_0              451329                                      # Total active cycles for level _0_0_0_0
           ramulator.busy_cycles_0_0_0_0              451329                                      # (All-bank refresh only. busy cycles only include refresh time in rank level) The sum of cycles that the DRAM part is active or under refresh for level _0_0_0_0
      ramulator.serving_requests_0_0_0_0              801925                                      # The sum of read and write requests that are served in this DRAM element per memory cycle for level _0_0_0_0
ramulator.average_serving_requests_0_0_0_0            0.086898                                      # The average of read and write requests that are served in this DRAM element per memory cycle for level _0_0_0_0
         ramulator.active_cycles_0_0_0_1              560746                                      # Total active cycles for level _0_0_0_1
           ramulator.busy_cycles_0_0_0_1              560746                                      # (All-bank refresh only. busy cycles only include refresh time in rank level) The sum of cycles that the DRAM part is active or under refresh for level _0_0_0_1
      ramulator.serving_requests_0_0_0_1              925596                                      # The sum of read and write requests that are served in this DRAM element per memory cycle for level _0_0_0_1
ramulator.average_serving_requests_0_0_0_1            0.100299                                      # The average of read and write requests that are served in this DRAM element per memory cycle for level _0_0_0_1
         ramulator.active_cycles_0_0_0_2              583736                                      # Total active cycles for level _0_0_0_2
           ramulator.busy_cycles_0_0_0_2              583736                                      # (All-bank refresh only. busy cycles only include refresh time in rank level) The sum of cycles that the DRAM part is active or under refresh for level _0_0_0_2
      ramulator.serving_requests_0_0_0_2              952962                                      # The sum of read and write requests that are served in this DRAM element per memory cycle for level _0_0_0_2
ramulator.average_serving_requests_0_0_0_2            0.103265                                      # The average of read and write requests that are served in this DRAM element per memory cycle for level _0_0_0_2
         ramulator.active_cycles_0_0_0_3              585092                                      # Total active cycles for level _0_0_0_3
           ramulator.busy_cycles_0_0_0_3              585092                                      # (All-bank refresh only. busy cycles only include refresh time in rank level) The sum of cycles that the DRAM part is active or under refresh for level _0_0_0_3
      ramulator.serving_requests_0_0_0_3              966388                                      # The sum of read and write requests that are served in this DRAM element per memory cycle for level _0_0_0_3
ramulator.average_serving_requests_0_0_0_3            0.104720                                      # The average of read and write requests that are served in this DRAM element per memory cycle for level _0_0_0_3
           ramulator.active_cycles_0_0_1             2027170                                      # Total active cycles for level _0_0_1
             ramulator.busy_cycles_0_0_1             2027170                                      # (All-bank refresh only. busy cycles only include refresh time in rank level) The sum of cycles that the DRAM part is active or under refresh for level _0_0_1
        ramulator.serving_requests_0_0_1             3792787                                      # The sum of read and write requests that are served in this DRAM element per memory cycle for level _0_0_1
ramulator.average_serving_requests_0_0_1            0.410993                                      # The average of read and write requests that are served in this DRAM element per memory cycle for level _0_0_1
         ramulator.active_cycles_0_0_1_0              575838                                      # Total active cycles for level _0_0_1_0
           ramulator.busy_cycles_0_0_1_0              575838                                      # (All-bank refresh only. busy cycles only include refresh time in rank level) The sum of cycles that the DRAM part is active or under refresh for level _0_0_1_0
      ramulator.serving_requests_0_0_1_0              941159                                      # The sum of read and write requests that are served in this DRAM element per memory cycle for level _0_0_1_0
ramulator.average_serving_requests_0_0_1_0            0.101986                                      # The average of read and write requests that are served in this DRAM element per memory cycle for level _0_0_1_0
         ramulator.active_cycles_0_0_1_1              459871                                      # Total active cycles for level _0_0_1_1
           ramulator.busy_cycles_0_0_1_1              459871                                      # (All-bank refresh only. busy cycles only include refresh time in rank level) The sum of cycles that the DRAM part is active or under refresh for level _0_0_1_1
      ramulator.serving_requests_0_0_1_1              814294                                      # The sum of read and write requests that are served in this DRAM element per memory cycle for level _0_0_1_1
ramulator.average_serving_requests_0_0_1_1            0.088238                                      # The average of read and write requests that are served in this DRAM element per memory cycle for level _0_0_1_1
         ramulator.active_cycles_0_0_1_2              668966                                      # Total active cycles for level _0_0_1_2
           ramulator.busy_cycles_0_0_1_2              668966                                      # (All-bank refresh only. busy cycles only include refresh time in rank level) The sum of cycles that the DRAM part is active or under refresh for level _0_0_1_2
      ramulator.serving_requests_0_0_1_2             1062245                                      # The sum of read and write requests that are served in this DRAM element per memory cycle for level _0_0_1_2
ramulator.average_serving_requests_0_0_1_2            0.115107                                      # The average of read and write requests that are served in this DRAM element per memory cycle for level _0_0_1_2
         ramulator.active_cycles_0_0_1_3              565511                                      # Total active cycles for level _0_0_1_3
           ramulator.busy_cycles_0_0_1_3              565511                                      # (All-bank refresh only. busy cycles only include refresh time in rank level) The sum of cycles that the DRAM part is active or under refresh for level _0_0_1_3
      ramulator.serving_requests_0_0_1_3              975089                                      # The sum of read and write requests that are served in this DRAM element per memory cycle for level _0_0_1_3
ramulator.average_serving_requests_0_0_1_3            0.105662                                      # The average of read and write requests that are served in this DRAM element per memory cycle for level _0_0_1_3
           ramulator.active_cycles_0_0_2             1953004                                      # Total active cycles for level _0_0_2
             ramulator.busy_cycles_0_0_2             1953004                                      # (All-bank refresh only. busy cycles only include refresh time in rank level) The sum of cycles that the DRAM part is active or under refresh for level _0_0_2
        ramulator.serving_requests_0_0_2             3653043                                      # The sum of read and write requests that are served in this DRAM element per memory cycle for level _0_0_2
ramulator.average_serving_requests_0_0_2            0.395850                                      # The average of read and write requests that are served in this DRAM element per memory cycle for level _0_0_2
         ramulator.active_cycles_0_0_2_0              539640                                      # Total active cycles for level _0_0_2_0
           ramulator.busy_cycles_0_0_2_0              539640                                      # (All-bank refresh only. busy cycles only include refresh time in rank level) The sum of cycles that the DRAM part is active or under refresh for level _0_0_2_0
      ramulator.serving_requests_0_0_2_0              923189                                      # The sum of read and write requests that are served in this DRAM element per memory cycle for level _0_0_2_0
ramulator.average_serving_requests_0_0_2_0            0.100038                                      # The average of read and write requests that are served in this DRAM element per memory cycle for level _0_0_2_0
         ramulator.active_cycles_0_0_2_1              518365                                      # Total active cycles for level _0_0_2_1
           ramulator.busy_cycles_0_0_2_1              518365                                      # (All-bank refresh only. busy cycles only include refresh time in rank level) The sum of cycles that the DRAM part is active or under refresh for level _0_0_2_1
      ramulator.serving_requests_0_0_2_1              884592                                      # The sum of read and write requests that are served in this DRAM element per memory cycle for level _0_0_2_1
ramulator.average_serving_requests_0_0_2_1            0.095856                                      # The average of read and write requests that are served in this DRAM element per memory cycle for level _0_0_2_1
         ramulator.active_cycles_0_0_2_2              550867                                      # Total active cycles for level _0_0_2_2
           ramulator.busy_cycles_0_0_2_2              550867                                      # (All-bank refresh only. busy cycles only include refresh time in rank level) The sum of cycles that the DRAM part is active or under refresh for level _0_0_2_2
      ramulator.serving_requests_0_0_2_2              919953                                      # The sum of read and write requests that are served in this DRAM element per memory cycle for level _0_0_2_2
ramulator.average_serving_requests_0_0_2_2            0.099688                                      # The average of read and write requests that are served in this DRAM element per memory cycle for level _0_0_2_2
         ramulator.active_cycles_0_0_2_3              544049                                      # Total active cycles for level _0_0_2_3
           ramulator.busy_cycles_0_0_2_3              544049                                      # (All-bank refresh only. busy cycles only include refresh time in rank level) The sum of cycles that the DRAM part is active or under refresh for level _0_0_2_3
      ramulator.serving_requests_0_0_2_3              925309                                      # The sum of read and write requests that are served in this DRAM element per memory cycle for level _0_0_2_3
ramulator.average_serving_requests_0_0_2_3            0.100268                                      # The average of read and write requests that are served in this DRAM element per memory cycle for level _0_0_2_3
           ramulator.active_cycles_0_0_3             1971021                                      # Total active cycles for level _0_0_3
             ramulator.busy_cycles_0_0_3             1971021                                      # (All-bank refresh only. busy cycles only include refresh time in rank level) The sum of cycles that the DRAM part is active or under refresh for level _0_0_3
        ramulator.serving_requests_0_0_3             3678796                                      # The sum of read and write requests that are served in this DRAM element per memory cycle for level _0_0_3
ramulator.average_serving_requests_0_0_3            0.398641                                      # The average of read and write requests that are served in this DRAM element per memory cycle for level _0_0_3
         ramulator.active_cycles_0_0_3_0              614694                                      # Total active cycles for level _0_0_3_0
           ramulator.busy_cycles_0_0_3_0              614694                                      # (All-bank refresh only. busy cycles only include refresh time in rank level) The sum of cycles that the DRAM part is active or under refresh for level _0_0_3_0
      ramulator.serving_requests_0_0_3_0              999531                                      # The sum of read and write requests that are served in this DRAM element per memory cycle for level _0_0_3_0
ramulator.average_serving_requests_0_0_3_0            0.108311                                      # The average of read and write requests that are served in this DRAM element per memory cycle for level _0_0_3_0
         ramulator.active_cycles_0_0_3_1              513062                                      # Total active cycles for level _0_0_3_1
           ramulator.busy_cycles_0_0_3_1              513062                                      # (All-bank refresh only. busy cycles only include refresh time in rank level) The sum of cycles that the DRAM part is active or under refresh for level _0_0_3_1
      ramulator.serving_requests_0_0_3_1              876079                                      # The sum of read and write requests that are served in this DRAM element per memory cycle for level _0_0_3_1
ramulator.average_serving_requests_0_0_3_1            0.094933                                      # The average of read and write requests that are served in this DRAM element per memory cycle for level _0_0_3_1
         ramulator.active_cycles_0_0_3_2              553257                                      # Total active cycles for level _0_0_3_2
           ramulator.busy_cycles_0_0_3_2              553257                                      # (All-bank refresh only. busy cycles only include refresh time in rank level) The sum of cycles that the DRAM part is active or under refresh for level _0_0_3_2
      ramulator.serving_requests_0_0_3_2              924000                                      # The sum of read and write requests that are served in this DRAM element per memory cycle for level _0_0_3_2
ramulator.average_serving_requests_0_0_3_2            0.100126                                      # The average of read and write requests that are served in this DRAM element per memory cycle for level _0_0_3_2
         ramulator.active_cycles_0_0_3_3              521424                                      # Total active cycles for level _0_0_3_3
           ramulator.busy_cycles_0_0_3_3              521424                                      # (All-bank refresh only. busy cycles only include refresh time in rank level) The sum of cycles that the DRAM part is active or under refresh for level _0_0_3_3
      ramulator.serving_requests_0_0_3_3              879186                                      # The sum of read and write requests that are served in this DRAM element per memory cycle for level _0_0_3_3
ramulator.average_serving_requests_0_0_3_3            0.095270                                      # The average of read and write requests that are served in this DRAM element per memory cycle for level _0_0_3_3
      ramulator.read_transaction_bytes_0            31860544                                      # The total byte of read transaction per channel
     ramulator.write_transaction_bytes_0            16869760                                      # The total byte of write transaction per channel
       ramulator.row_hits_channel_0_core              688047                                      # Number of row hits per channel per core
     ramulator.row_misses_channel_0_core               16662                                      # Number of row misses per channel per core
  ramulator.row_conflicts_channel_0_core               56702                                      # Number of row conflicts per channel per core
  ramulator.read_row_hits_channel_0_core              474658                                      # Number of row hits for read requests per channel per core
                                     [0]            474658.0                                      # 
ramulator.read_row_misses_channel_0_core                4339                                      # Number of row misses for read requests per channel per core
                                     [0]              4339.0                                      # 
ramulator.read_row_conflicts_channel_0_core               18824                                      # Number of row conflicts for read requests per channel per core
                                     [0]             18824.0                                      # 
 ramulator.write_row_hits_channel_0_core              213389                                      # Number of row hits for write requests per channel per core
                                     [0]            213389.0                                      # 
ramulator.write_row_misses_channel_0_core               12323                                      # Number of row misses for write requests per channel per core
                                     [0]             12323.0                                      # 
ramulator.write_row_conflicts_channel_0_core               37878                                      # Number of row conflicts for write requests per channel per core
                                     [0]             37878.0                                      # 
      ramulator.useless_activates_0_core                 347                                      # Number of useless activations. E.g, ACT -> PRE w/o RD or WR
            ramulator.read_latency_avg_0          122.617945                                      # The average memory latency cycles (in memory time domain) per request for all read requests in this channel
            ramulator.read_latency_sum_0            61043995                                      # The memory latency cycles (in memory time domain) sum for all read requests in this channel
        ramulator.req_queue_length_avg_0           19.455834                                      # Average of read and write queue length per memory cycle per channel.
        ramulator.req_queue_length_sum_0           179545171                                      # Sum of read and write queue length per memory cycle per channel.
   ramulator.read_req_queue_length_avg_0            6.569076                                      # Read queue length average per memory cycle per channel.
   ramulator.read_req_queue_length_sum_0            60621706                                      # Read queue length sum per memory cycle per channel.
  ramulator.write_req_queue_length_avg_0           12.886758                                      # Write queue length average per memory cycle per channel.
  ramulator.write_req_queue_length_sum_0           118923465                                      # Write queue length sum per memory cycle per channel.
              ramulator.record_read_hits                 0.0                                      # record read hit count for this core when it reaches request limit or to the end
                                     [0]                 0.0                                      # 
            ramulator.record_read_misses                 0.0                                      # record_read_miss count for this core when it reaches request limit or to the end
                                     [0]                 0.0                                      # 
         ramulator.record_read_conflicts                 0.0                                      # record read conflict count for this core when it reaches request limit or to the end
                                     [0]                 0.0                                      # 
             ramulator.record_write_hits                 0.0                                      # record write hit count for this core when it reaches request limit or to the end
                                     [0]                 0.0                                      # 
           ramulator.record_write_misses                 0.0                                      # record write miss count for this core when it reaches request limit or to the end
                                     [0]                 0.0                                      # 
        ramulator.record_write_conflicts                 0.0                                      # record write conflict for this core when it reaches request limit or to the end
                                     [0]                 0.0                                      # 
                 ramulator.dram_capacity          8589934592                                      # Number of bytes in simulated DRAM
                   ramulator.dram_cycles             9228346                                      # Number of DRAM cycles simulated
             ramulator.incoming_requests              761435                                      # Number of incoming requests to DRAM
                 ramulator.read_requests              497839                                      # Number of incoming read requests to DRAM per core
                                     [0]            497839.0                                      # 
                ramulator.write_requests              263596                                      # Number of incoming write requests to DRAM per core
                                     [0]            263596.0                                      # 
       ramulator.ramulator_active_cycles             5456516                                      # The total number of cycles that the DRAM part is active (serving R/W)
 ramulator.incoming_requests_per_channel            761435.0                                      # Number of incoming requests to each DRAM channel
                                     [0]            761435.0                                      # 
ramulator.incoming_read_reqs_per_channel            497839.0                                      # Number of incoming read requests to each DRAM channel
                                     [0]            497839.0                                      # 
     ramulator.physical_page_replacement                   0                                      # The number of times that physical page replacement happens.
             ramulator.maximum_bandwidth         19200000000                                      # The theoretical maximum bandwidth (Bps)
          ramulator.in_queue_req_num_sum           179545171                                      # Sum of read/write queue length
     ramulator.in_queue_read_req_num_sum            60621706                                      # Sum of read queue length
    ramulator.in_queue_write_req_num_sum           118923465                                      # Sum of write queue length
          ramulator.in_queue_req_num_avg           19.455834                                      # Average of read/write queue length per memory cycle
     ramulator.in_queue_read_req_num_avg            6.569076                                      # Average of read queue length per memory cycle
    ramulator.in_queue_write_req_num_avg           12.886758                                      # Average of write queue length per memory cycle
          ramulator.record_read_requests                 0.0                                      # record read requests for this core when it reaches request limit or to the end
                                     [0]                 0.0                                      # 
         ramulator.record_write_requests                 0.0                                      # record write requests for this core when it reaches request limit or to the end
                                     [0]                 0.0                                      # 
