/* -*- Mode: c -*- */
####################################################################################################
Core 0
####################################################################################################
Cumulative:        Cycles: 7585786               Instructions: 29999995              IPC: 3.95476

Periodic:          Cycles: 7585786               Instructions: 29999995              IPC: 3.95476

EXECUTION_TIME                           2370558125000                  2370558125000              

SIM_HOST_WALL_SECONDS                       124.198857                     124.198857              

NODE_CYCLE                                     7585786                        7585786              

NODE_INST_COUNT                               30000383                       30000383              

NODE_INST_COUNT_FETCHED                       29999995                       29999995              

NODE_UOP_COUNT                                35088649                       35088649              

EXEC_STAGE_NO_ISSUE_STALL_CYCLE                7123865                        7123865              

EXEC_STAGE_NO_ISSUE_STALL_CYCLE_ONPATH         7058846                        7058846              

FULL_WINDOW_STALL                                 3148        0.041%             3148        0.041%

FULL_WINDOW_MEM_OP                                2737       91.355%             2737       91.355%
FULL_WINDOW_FP_OP                                    0        0.000%                0        0.000%
FULL_WINDOW_OTHER_OP                               259        8.645%              259        8.645%
                                                  2996      100.000%             2996      100.000%
                                                  0.17         0.54              0.17         0.54

RET_BLOCKED_DC_MISS                             194699        2.567%           194699        2.567%

RET_BLOCKED_L1_MISS                             212651        2.803%           212651        2.803%

RET_BLOCKED_L1_MISS_BW_PREF                       4684        0.062%             4684        0.062%

RET_BLOCKED_L1_ACCESS                            95238        1.255%            95238        1.255%

RET_BLOCKED_MEM_STALL                           263705        3.476%           263705        3.476%

RET_BLOCKED_OFFCHIP_DEMAND                           0        0.000%                0        0.000%

OP_ISSUED                                     35271344                       35271344              

OP_RETIRED                                    35088649                       35088649              

OP_MACRO_FUSION_ONPATH                         4385027                        4385027              

OP_MACRO_FUSION_OFFPATH                          43986                          43986              

REPLAY_SIGNALED                                      0                              0              

REPLAY_COUNTED                                       0                              0              

OFF_CRITICAL_PATH                                    0         -nan%                0         -nan%
ON_CRITICAL_PATH                                     0         -nan%                0         -nan%
                                                     0         -nan%                0         -nan%
                                                  -nan         -nan              -nan         -nan

LD_NO_DEPENDENTS                                724005       12.609%           724005       12.609%
LD_DEPENDENTS                                  5018113       87.391%          5018113       87.391%
                                               5742118      100.000%          5742118      100.000%
                                                  0.87         0.83              0.87         0.83

LD_EXEC_CYCLES_0                                     0        0.000%                0        0.000%
LD_EXEC_CYCLES_1                                558536       74.065%           558536       74.065%
LD_EXEC_CYCLES_2                                 37862        5.021%            37862        5.021%
LD_EXEC_CYCLES_3                                 52069        6.905%            52069        6.905%
LD_EXEC_CYCLES_4                                105650       14.010%           105650       14.010%
                                                754117      100.000%           754117      100.000%
                                                  1.61         1.26              1.61         1.26

ICACHE_STAGE_STARVED                            107727        1.468%           107727        1.468%
ICACHE_STAGE_NOT_STARVED                       7229152       98.532%          7229152       98.532%
                                               7336879      100.000%          7336879      100.000%
                                                  0.99         0.98              0.99         0.98

ICACHE_STAGE_STALLED                           2585154       34.079%          2585154       34.079%
ICACHE_STAGE_NOT_STALLED                       4751725       62.640%          4751725       62.640%
ICACHE_STAGE_OFF_PATH                           248907        3.281%           248907        3.281%
                                               7585786      100.000%          7585786      100.000%
                                                  0.69         0.36              0.69         0.36

DECODE_STAGE_STARVED                           7412827       99.512%          7412827       99.512%
DECODE_STAGE_NOT_STARVED                         36337        0.488%            36337        0.488%
                                               7449164      100.000%          7449164      100.000%
                                                  0.00         0.07              0.00         0.07

DECODE_STAGE_STALLED                             21140        0.279%            21140        0.279%
DECODE_STAGE_NOT_STALLED                       7428024       97.920%          7428024       97.920%
DECODE_STAGE_OFF_PATH                           136622        1.801%           136622        1.801%
                                               7585786      100.000%          7585786      100.000%
                                                  1.02         0.19              1.02         0.19

UOPQ_STAGE_STARVED                              231035        4.811%           231035        4.811%
UOPQ_STAGE_NOT_STARVED                         4570691       95.189%          4570691       95.189%
                                               4801726      100.000%          4801726      100.000%
                                                  0.95         0.93              0.95         0.93

UOPQ_STAGE_STALLED                             2587979       34.116%          2587979       34.116%
UOPQ_STAGE_NOT_STALLED                         4801726       63.299%          4801726       63.299%
UOPQ_STAGE_OFF_PATH                             196081        2.585%           196081        2.585%
                                               7585786      100.000%          7585786      100.000%
                                                  0.68         0.35              0.68         0.35

RS_OP_READY_NOT_ISSUED_TOTAL                  15352670                       15352670              

RS_0_OP_READY_NOT_ISSUED                      12002188                       12002188              

RS_1_OP_READY_NOT_ISSUED                        338218                         338218              

RS_2_OP_READY_NOT_ISSUED                       3012264                        3012264              

RS_3_OP_READY_NOT_ISSUED                             0                              0              

RS_4_OP_READY_NOT_ISSUED                             0                              0              

RS_5_OP_READY_NOT_ISSUED                             0                              0              

RS_6_OP_READY_NOT_ISSUED                             0                              0              

RS_7_OP_READY_NOT_ISSUED                             0                              0              

RS_7_PLUS_OP_READY_NOT_ISSUED                        0                              0              

FU_IDLE_NO_READY_OPS_TOTAL                    19077877                       19077877              

FU_0_IDLE_NO_READY_OPS                          454140                         454140              

FU_1_IDLE_NO_READY_OPS                          668675                         668675              

FU_2_IDLE_NO_READY_OPS                         2881562                        2881562              

FU_3_IDLE_NO_READY_OPS                         2882513                        2882513              

FU_4_IDLE_NO_READY_OPS                          759525                         759525              

FU_5_IDLE_NO_READY_OPS                          428587                         428587              

FU_6_IDLE_NO_READY_OPS                         3699121                        3699121              

FU_7_IDLE_NO_READY_OPS                         3697117                        3697117              

FU_8_IDLE_NO_READY_OPS                          723162                         723162              

FU_9_IDLE_NO_READY_OPS                         2883475                        2883475              

FU_10_IDLE_NO_READY_OPS                              0                              0              

FU_11_IDLE_NO_READY_OPS                              0                              0              

FU_12_IDLE_NO_READY_OPS                              0                              0              

FU_13_IDLE_NO_READY_OPS                              0                              0              

FU_14_IDLE_NO_READY_OPS                              0                              0              

FU_15_IDLE_NO_READY_OPS                              0                              0              

FU_16_IDLE_NO_READY_OPS                              0                              0              

FU_17_IDLE_NO_READY_OPS                              0                              0              

FU_18_IDLE_NO_READY_OPS                              0                              0              

FU_19_IDLE_NO_READY_OPS                              0                              0              

FU_20_IDLE_NO_READY_OPS                              0                              0              

FU_21_IDLE_NO_READY_OPS                              0                              0              

FU_22_IDLE_NO_READY_OPS                              0                              0              

FU_23_IDLE_NO_READY_OPS                              0                              0              

FU_24_IDLE_NO_READY_OPS                              0                              0              

FU_25_IDLE_NO_READY_OPS                              0                              0              

FU_26_IDLE_NO_READY_OPS                              0                              0              

FU_27_IDLE_NO_READY_OPS                              0                              0              

FU_28_IDLE_NO_READY_OPS                              0                              0              

FU_29_IDLE_NO_READY_OPS                              0                              0              

FU_30_IDLE_NO_READY_OPS                              0                              0              

FU_31_IDLE_NO_READY_OPS                              0                              0              

FU_31_PLUS_IDLE_NO_READY_OPS                         0                              0              

MAP_STAGE_STARVED                               104101        1.745%           104101        1.745%
MAP_STAGE_NOT_STARVED                          5860023       98.255%          5860023       98.255%
                                               5964124      100.000%          5964124      100.000%
                                                  0.98         0.97              0.98         0.97

MAP_STAGE_STALLED                                   57        0.001%               57        0.001%
MAP_STAGE_NOT_STALLED                          5964067       98.423%          5964067       98.423%
MAP_STAGE_OFF_PATH                               95506        1.576%            95506        1.576%
                                               6059630      100.000%          6059630      100.000%
                                                  1.02         0.18              1.02         0.18

MAP_STAGE_STALL_ITSELF                         1526156       20.119%          1526156       20.119%
MAP_STAGE_NOT_STALL_ITSELF                     6059630       79.881%          6059630       79.881%
                                               7585786      100.000%          7585786      100.000%
                                                  0.80         0.74              0.80         0.74

MAP_STAGE_LATE_ALLOCATE_SEND_BACK                    0                              0              

MAP_STAGE_RENAME_OP_ONPATH                    35088649                       35088649              

MAP_STAGE_RENAME_OP_OFFPATH                     423635                         423635              

MAP_STAGE_RENAME_INT_REG_ONPATH               29974699                       29974699              

MAP_STAGE_RENAME_INT_REG_OFFPATH                303552                         303552              

MAP_STAGE_RENAME_VEC_REG_ONPATH                 592844                         592844              

MAP_STAGE_RENAME_VEC_REG_OFFPATH                 13206                          13206              

MAP_STAGE_RENAME_MOVE_ELIM_ONPATH                    0                              0              

MAP_STAGE_RENAME_MOVE_ELIM_OFFPATH                   0                              0              

MAP_STAGE_ONPATH_INT_REG_NUM_ALLOC            32449359                       32449359              

MAP_STAGE_ONPATH_VEC_REG_NUM_ALLOC              592834                         592834              

MAP_STAGE_ONPATH_INT_REG_NUM_SHORTLIVE        12023047                       12023047              

MAP_STAGE_ONPATH_VEC_REG_NUM_SHORTLIVE          181876                         181876              

MAP_STAGE_ONPATH_INT_REG_USE_COUNT_0           8874994                        8874994              

MAP_STAGE_ONPATH_VEC_REG_USE_COUNT_0            204593                         204593              

MAP_STAGE_ONPATH_INT_REG_USE_COUNT_1          15128699                       15128699              

MAP_STAGE_ONPATH_VEC_REG_USE_COUNT_1            362096                         362096              

MAP_STAGE_ONPATH_INT_REG_USE_COUNT_2           6034041                        6034041              

MAP_STAGE_ONPATH_VEC_REG_USE_COUNT_2               725                            725              

MAP_STAGE_ONPATH_INT_REG_USE_COUNT_3            881870                         881870              

MAP_STAGE_ONPATH_VEC_REG_USE_COUNT_3                 1                              1              

MAP_STAGE_ONPATH_INT_REG_USE_COUNT_4            519711                         519711              

MAP_STAGE_ONPATH_VEC_REG_USE_COUNT_4             25415                          25415              

MAP_STAGE_ONPATH_INT_REG_USE_COUNT_5            285912                         285912              

MAP_STAGE_ONPATH_VEC_REG_USE_COUNT_5                 1                              1              

MAP_STAGE_ONPATH_INT_REG_USE_COUNT_6            205379                         205379              

MAP_STAGE_ONPATH_VEC_REG_USE_COUNT_6                 0                              0              

MAP_STAGE_ONPATH_INT_REG_USE_COUNT_7_PLUS        518753                         518753              

MAP_STAGE_ONPATH_VEC_REG_USE_COUNT_7_PLUS             3                              3              

MAP_STAGE_ONPATH_INT_REG_CONSUME_DIST_0              0        0.0000                0        0.0000

MAP_STAGE_ONPATH_VEC_REG_CONSUME_DIST_0              0        0.0000                0        0.0000

MAP_STAGE_ONPATH_INT_REG_CONSUME_DIST_1              0        0.0000                0        0.0000

MAP_STAGE_ONPATH_VEC_REG_CONSUME_DIST_1              0        0.0000                0        0.0000

MAP_STAGE_ONPATH_INT_REG_CONSUME_DIST_2       12140387        2.0120         12140387        2.0120

MAP_STAGE_ONPATH_VEC_REG_CONSUME_DIST_2         163648      225.7214           163648      225.7214

MAP_STAGE_ONPATH_INT_REG_CONSUME_DIST_3        4360880        4.9450          4360880        4.9450

MAP_STAGE_ONPATH_VEC_REG_CONSUME_DIST_3              1        1.0000                1        1.0000

MAP_STAGE_ONPATH_INT_REG_CONSUME_DIST_4        4289022        8.2527          4289022        8.2527

MAP_STAGE_ONPATH_VEC_REG_CONSUME_DIST_4          26352        1.0369            26352        1.0369

MAP_STAGE_ONPATH_INT_REG_CONSUME_DIST_5        3244053       11.3463          3244053       11.3463

MAP_STAGE_ONPATH_VEC_REG_CONSUME_DIST_5              2        2.0000                2        2.0000

MAP_STAGE_ONPATH_INT_REG_CONSUME_DIST_6        1257956        6.1250          1257956        6.1250

MAP_STAGE_ONPATH_VEC_REG_CONSUME_DIST_6              0          -nan                0          -nan

MAP_STAGE_ONPATH_INT_REG_CONSUME_DIST_7_PLUS      16698392       32.1895         16698392       32.1895

MAP_STAGE_ONPATH_VEC_REG_CONSUME_DIST_7_PLUS           226       75.3333              226       75.3333

MAP_STAGE_INT_REG_ISSUE_READ_TOTAL_CONSUMED      40979193        5.7524         40979193        5.7524

MAP_STAGE_VEC_REG_ISSUE_READ_TOTAL_CONSUMED        468337        0.0657           468337        0.0657

MAP_STAGE_INT_REG_ISSUE_READ_MULTI_CONSUMED      17343534        2.4346         17343534        2.4346

MAP_STAGE_VEC_REG_ISSUE_READ_MULTI_CONSUMED         78072        0.0110            78072        0.0110

MAP_STAGE_INT_REG_ISSUE_READ_SAME_CYCLE_CONSUMED       8554225        1.2008          8554225        1.2008

MAP_STAGE_VEC_REG_ISSUE_READ_SAME_CYCLE_CONSUMED         50877        0.0071            50877        0.0071

MAP_STAGE_INT_REG_ISSUE_READ_TOTAL_CONSUMED_ONPATH      40845376        5.7864         40845376        5.7864

MAP_STAGE_VEC_REG_ISSUE_READ_TOTAL_CONSUMED_ONPATH        465361        0.0659           465361        0.0659

MAP_STAGE_INT_REG_ISSUE_READ_MULTI_CONSUMED_ONPATH      17270988        2.4467         17270988        2.4467

MAP_STAGE_VEC_REG_ISSUE_READ_MULTI_CONSUMED_ONPATH         77109        0.0109            77109        0.0109

MAP_STAGE_INT_REG_ISSUE_READ_SAME_CYCLE_CONSUMED_ONPATH       8520092        1.2070          8520092        1.2070

MAP_STAGE_VEC_REG_ISSUE_READ_SAME_CYCLE_CONSUMED_ONPATH         50599        0.0072            50599        0.0072

MAP_STAGE_ONPATH_INT_REG_LIFECYCLE_EMPTY    1136753673                     1136753673              

MAP_STAGE_ONPATH_VEC_REG_LIFECYCLE_EMPTY      19169422                       19169422              

MAP_STAGE_ONPATH_INT_REG_LIFECYCLE_IN_USE    1374958257                     1374958257              

MAP_STAGE_ONPATH_VEC_REG_LIFECYCLE_IN_USE      34202392                       34202392              

MAP_STAGE_ONPATH_INT_REG_LIFECYCLE_SPEC_RELEASE    1761724504                     1761724504              

MAP_STAGE_ONPATH_VEC_REG_LIFECYCLE_SPEC_RELEASE      54193312                       54193312              

MAP_STAGE_ONPATH_INT_REG_LIFECYCLE_NONSPEC_RELEASE    1761724504                     1761724504              

MAP_STAGE_ONPATH_VEC_REG_LIFECYCLE_NONSPEC_RELEASE      54193312                       54193312              

MAP_STAGE_ONPATH_INT_REG_LIFECYCLE_TOTAL    1761724504                     1761724504              

MAP_STAGE_ONPATH_VEC_REG_LIFECYCLE_TOTAL      54193312                       54193312              

MAP_STAGE_ONPATH_INT_REG_NUM_NONBRANCH        32449359                       32449359              

MAP_STAGE_ONPATH_VEC_REG_NUM_NONBRANCH          592834                         592834              

MAP_STAGE_ONPATH_INT_REG_NUM_NONEXCEPT        32449359                       32449359              

MAP_STAGE_ONPATH_VEC_REG_NUM_NONEXCEPT          592834                         592834              

MAP_STAGE_ONPATH_INT_REG_NUM_ATOMIC           32449359                       32449359              

MAP_STAGE_ONPATH_VEC_REG_NUM_ATOMIC             592834                         592834              

MAP_STAGE_ONPATH_INT_REG_ATOMIC_REDEFINED_DIST_TOTAL    1761724504       54.2915       1761724504       54.2915

MAP_STAGE_ONPATH_VEC_REG_ATOMIC_REDEFINED_DIST_TOTAL      54193312       91.4140         54193312       91.4140

MAP_STAGE_ONPATH_INT_REG_ATOMIC_CONSUMED_DIST_TOTAL    1374958257       42.3724       1374958257       42.3724

MAP_STAGE_ONPATH_VEC_REG_ATOMIC_CONSUMED_DIST_TOTAL      34202392       57.6930         34202392       57.6930

MAP_STAGE_ONPATH_INT_REG_ATOMIC_RELEASE_DIST_TOTAL    1761724504       54.2915       1761724504       54.2915

MAP_STAGE_ONPATH_VEC_REG_ATOMIC_RELEASE_DIST_TOTAL      54193312       91.4140         54193312       91.4140

EXEC_STAGE_STARVED                             5241224       69.093%          5241224       69.093%
EXEC_STAGE_NOT_STARVED                         2243403       29.574%          2243403       29.574%
EXEC_STAGE_OFF_PATH                             101159        1.334%           101159        1.334%
                                               7585786      100.000%          7585786      100.000%
                                                  0.32         0.42              0.32         0.42

FU_BUSY_0                                      5829654                        5829654              

FU_BUSY_1                                      5585903                        5585903              

FU_BUSY_2                                      2042787                        2042787              

FU_BUSY_3                                      2040388                        2040388              

FU_BUSY_4                                      4883640                        4883640              

FU_BUSY_5                                      6002855                        6002855              

FU_BUSY_6                                      2160538                        2160538              

FU_BUSY_7                                      2161914                        2161914              

FU_BUSY_8                                      5041495                        5041495              

FU_BUSY_9                                      2041251                        2041251              

FU_BUSY_10                                           0                              0              

FU_BUSY_11                                           0                              0              

FU_BUSY_12                                           0                              0              

FU_BUSY_13                                           0                              0              

FU_BUSY_14                                           0                              0              

FU_BUSY_15                                           0                              0              

FU_BUSY_16                                           0                              0              

FU_BUSY_17                                           0                              0              

FU_BUSY_18                                           0                              0              

FU_BUSY_19                                           0                              0              

FU_BUSY_20                                           0                              0              

FU_BUSY_21                                           0                              0              

FU_BUSY_22                                           0                              0              

FU_BUSY_23                                           0                              0              

FU_BUSY_24                                           0                              0              

FU_BUSY_25                                           0                              0              

FU_BUSY_26                                           0                              0              

FU_BUSY_27                                           0                              0              

FU_BUSY_28                                           0                              0              

FU_BUSY_29                                           0                              0              

FU_BUSY_30                                           0                              0              

FU_BUSY_31                                           0                              0              

FU_REJECTED_OP_INV_NOT_SIMD                          0        0.000%                0        0.000%
FU_REJECTED_OP_NOP_NOT_SIMD                      21635        1.256%            21635        1.256%
FU_REJECTED_OP_CF_NOT_SIMD                         415        0.024%              415        0.024%
FU_REJECTED_OP_MOV_NOT_SIMD                     314002       18.230%           314002       18.230%
FU_REJECTED_OP_CMOV_NOT_SIMD                       260        0.015%              260        0.015%
FU_REJECTED_OP_LDA_NOT_SIMD                     118079        6.855%           118079        6.855%
FU_REJECTED_OP_IMEM_NOT_SIMD                    104838        6.087%           104838        6.087%
FU_REJECTED_OP_IADD_NOT_SIMD                    127019        7.374%           127019        7.374%
FU_REJECTED_OP_IMUL_NOT_SIMD                    400001       23.223%           400001       23.223%
FU_REJECTED_OP_IDIV_NOT_SIMD                        27        0.002%               27        0.002%
FU_REJECTED_OP_ICMP_NOT_SIMD                         0        0.000%                0        0.000%
FU_REJECTED_OP_LOGIC_NOT_SIMD                   166398        9.661%           166398        9.661%
FU_REJECTED_OP_SHIFT_NOT_SIMD                   443269       25.735%           443269       25.735%
FU_REJECTED_OP_FMEM_NOT_SIMD                        45        0.003%               45        0.003%
FU_REJECTED_OP_FCVT_NOT_SIMD                         0        0.000%                0        0.000%
FU_REJECTED_OP_FADD_NOT_SIMD                         0        0.000%                0        0.000%
FU_REJECTED_OP_FMUL_NOT_SIMD                         0        0.000%                0        0.000%
FU_REJECTED_OP_FMA_NOT_SIMD                          0        0.000%                0        0.000%
FU_REJECTED_OP_FDIV_NOT_SIMD                         0        0.000%                0        0.000%
FU_REJECTED_OP_FCMP_NOT_SIMD                         0        0.000%                0        0.000%
FU_REJECTED_OP_FCMOV_NOT_SIMD                        0        0.000%                0        0.000%
FU_REJECTED_OP_GATHER_NOT_SIMD                       0        0.000%                0        0.000%
FU_REJECTED_OP_SCATTER_NOT_SIMD                      0        0.000%                0        0.000%
FU_REJECTED_OP_PIPELINED_FAST_NOT_SIMD               0        0.000%                0        0.000%
FU_REJECTED_OP_PIPELINED_MEDIUM_NOT_SIMD             0        0.000%                0        0.000%
FU_REJECTED_OP_PIPELINED_SLOW_NOT_SIMD               0        0.000%                0        0.000%
FU_REJECTED_OP_NOTPIPELINED_MEDIUM_NOT_SIMD             0        0.000%                0        0.000%
FU_REJECTED_OP_NOTPIPELINED_SLOW_NOT_SIMD             0        0.000%                0        0.000%
FU_REJECTED_OP_NOTPIPELINED_VERY_SLOW_NOT_SIMD            19        0.001%               19        0.001%
FU_REJECTED_OP_INV_SIMD                              0        0.000%                0        0.000%
FU_REJECTED_OP_NOP_SIMD                           2896        0.168%             2896        0.168%
FU_REJECTED_OP_CF_SIMD                               0        0.000%                0        0.000%
FU_REJECTED_OP_MOV_SIMD                              8        0.000%                8        0.000%
FU_REJECTED_OP_CMOV_SIMD                             0        0.000%                0        0.000%
FU_REJECTED_OP_LDA_SIMD                              0        0.000%                0        0.000%
FU_REJECTED_OP_IMEM_SIMD                             0        0.000%                0        0.000%
FU_REJECTED_OP_IADD_SIMD                             0        0.000%                0        0.000%
FU_REJECTED_OP_IMUL_SIMD                             1        0.000%                1        0.000%
FU_REJECTED_OP_IDIV_SIMD                             0        0.000%                0        0.000%
FU_REJECTED_OP_ICMP_SIMD                             0        0.000%                0        0.000%
FU_REJECTED_OP_LOGIC_SIMD                           10        0.001%               10        0.001%
FU_REJECTED_OP_SHIFT_SIMD                           30        0.002%               30        0.002%
FU_REJECTED_OP_FMEM_SIMD                             0        0.000%                0        0.000%
FU_REJECTED_OP_FCVT_SIMD                           360        0.021%              360        0.021%
FU_REJECTED_OP_FADD_SIMD                         23066        1.339%            23066        1.339%
FU_REJECTED_OP_FMUL_SIMD                             0        0.000%                0        0.000%
FU_REJECTED_OP_FMA_SIMD                              0        0.000%                0        0.000%
FU_REJECTED_OP_FDIV_SIMD                             0        0.000%                0        0.000%
FU_REJECTED_OP_FCMP_SIMD                             0        0.000%                0        0.000%
FU_REJECTED_OP_FCMOV_SIMD                            0        0.000%                0        0.000%
FU_REJECTED_OP_GATHER_SIMD                           0        0.000%                0        0.000%
FU_REJECTED_OP_SCATTER_SIMD                          0        0.000%                0        0.000%
FU_REJECTED_OP_PIPELINED_FAST_SIMD                   0        0.000%                0        0.000%
FU_REJECTED_OP_PIPELINED_MEDIUM_SIMD                 0        0.000%                0        0.000%
FU_REJECTED_OP_PIPELINED_SLOW_SIMD                  34        0.002%               34        0.002%
FU_REJECTED_OP_NOTPIPELINED_MEDIUM_SIMD              0        0.000%                0        0.000%
FU_REJECTED_OP_NOTPIPELINED_SLOW_SIMD                0        0.000%                0        0.000%
FU_REJECTED_OP_NOTPIPELINED_VERY_SLOW_SIMD             0        0.000%                0        0.000%
                                               1722412      100.000%          1722412      100.000%
                                                  8.45         5.42              8.45         5.42

LSQ_FULL_TOTAL                                      72                             72              

LSQ_FULL_LOAD_QUEUE                                  0                              0              

LSQ_FULL_STORE_QUEUE                                72                             72              

OP_WAIT_0                                     25169179                       25169179              

OP_WAIT_1                                      5410791                        5410791              

OP_WAIT_2                                      1573682                        1573682              

OP_WAIT_3                                       729878                         729878              

OP_WAIT_4                                       530661                         530661              

OP_WAIT_5                                       390381                         390381              

OP_WAIT_6                                       293789                         293789              

OP_WAIT_7                                       198440                         198440              

OP_WAIT_8                                       101072                         101072              

OP_WAIT_9                                        77062                          77062              

OP_WAIT_10                                      117157                         117157              

OP_WAIT_11                                       82546                          82546              

OP_WAIT_12                                       39469                          39469              

OP_WAIT_13                                       63876                          63876              

OP_WAIT_14                                       18215                          18215              

OP_WAIT_15                                       34430                          34430              

OP_WAIT_16                                       50970                          50970              

OP_WAIT_17                                       28848                          28848              

OP_WAIT_18                                       29767                          29767              

OP_WAIT_19                                       35668                          35668              

OP_WAIT_20                                       28000                          28000              

OP_WAIT_21                                       26955                          26955              

OP_WAIT_22                                       42409                          42409              

OP_WAIT_23                                        2872                           2872              

OP_WAIT_24                                         889                            889              

OP_WAIT_25                                        1220                           1220              

OP_WAIT_26                                        1342                           1342              

OP_WAIT_27                                        1278                           1278              

OP_WAIT_28                                         888                            888              

OP_WAIT_29                                         681                            681              

OP_WAIT_30                                         123                            123              

OP_WAIT_31                                        6111                           6111              

ROW_SIZE_0                                     2021574                        2021574              

ROW_SIZE_1                                      690752                         690752              

ROW_SIZE_2                                      304335                         304335              

ROW_SIZE_3                                      195244                         195244              

ROW_SIZE_4                                      168724                         168724              

ROW_SIZE_5                                       72884                          72884              

ROW_SIZE_6                                      100166                         100166              

ROW_SIZE_7                                      162913                         162913              

ROW_SIZE_8                                     3802849                        3802849              

ROW_SIZE_9                                           0                              0              

ROW_SIZE_10                                          0                              0              

ROW_SIZE_11                                          0                              0              

ROW_SIZE_12                                          0                              0              

ROW_SIZE_13                                          0                              0              

ROW_SIZE_14                                          0                              0              

ROW_SIZE_15                                          0                              0              

ROW_SIZE_16                                          0                              0              

ROW_SIZE_17                                          0                              0              

ROW_SIZE_18                                          0                              0              

ROW_SIZE_19                                          0                              0              

ROW_SIZE_20                                          0                              0              

ROW_SIZE_21                                          0                              0              

ROW_SIZE_22                                          0                              0              

ROW_SIZE_23                                          0                              0              

ROW_SIZE_24                                          0                              0              

ROW_SIZE_25                                          0                              0              

ROW_SIZE_26                                          0                              0              

ROW_SIZE_27                                          0                              0              

ROW_SIZE_28                                          0                              0              

ROW_SIZE_29                                          0                              0              

ROW_SIZE_30                                          0                              0              

ROW_SIZE_31                                          0                              0              

RET_OP_EXEC_COUNT_0                                  0        0.000%                0        0.000%
RET_OP_EXEC_COUNT_1                           35088649      100.000%         35088649      100.000%
RET_OP_EXEC_COUNT_2                                  0        0.000%                0        0.000%
RET_OP_EXEC_COUNT_3                                  0        0.000%                0        0.000%
RET_OP_EXEC_COUNT_4                                  0        0.000%                0        0.000%
RET_OP_EXEC_COUNT_5                                  0        0.000%                0        0.000%
RET_OP_EXEC_COUNT_6                                  0        0.000%                0        0.000%
RET_OP_EXEC_COUNT_7                                  0        0.000%                0        0.000%
RET_OP_EXEC_COUNT_8                                  0        0.000%                0        0.000%
RET_OP_EXEC_COUNT_9                                  0        0.000%                0        0.000%
RET_OP_EXEC_COUNT_10                                 0        0.000%                0        0.000%
RET_OP_EXEC_COUNT_11                                 0        0.000%                0        0.000%
RET_OP_EXEC_COUNT_12                                 0        0.000%                0        0.000%
RET_OP_EXEC_COUNT_13                                 0        0.000%                0        0.000%
RET_OP_EXEC_COUNT_14                                 0        0.000%                0        0.000%
RET_OP_EXEC_COUNT_15                                 0        0.000%                0        0.000%
RET_OP_EXEC_COUNT_16                                 0        0.000%                0        0.000%
RET_OP_EXEC_COUNT_17                                 0        0.000%                0        0.000%
RET_OP_EXEC_COUNT_18                                 0        0.000%                0        0.000%
RET_OP_EXEC_COUNT_19                                 0        0.000%                0        0.000%
RET_OP_EXEC_COUNT_20                                 0        0.000%                0        0.000%
RET_OP_EXEC_COUNT_21                                 0        0.000%                0        0.000%
RET_OP_EXEC_COUNT_22                                 0        0.000%                0        0.000%
RET_OP_EXEC_COUNT_23                                 0        0.000%                0        0.000%
RET_OP_EXEC_COUNT_24                                 0        0.000%                0        0.000%
RET_OP_EXEC_COUNT_25                                 0        0.000%                0        0.000%
RET_OP_EXEC_COUNT_26                                 0        0.000%                0        0.000%
RET_OP_EXEC_COUNT_27                                 0        0.000%                0        0.000%
RET_OP_EXEC_COUNT_28                                 0        0.000%                0        0.000%
RET_OP_EXEC_COUNT_29                                 0        0.000%                0        0.000%
RET_OP_EXEC_COUNT_30                                 0        0.000%                0        0.000%
RET_OP_EXEC_COUNT_31                                 0        0.000%                0        0.000%
RET_OP_EXEC_COUNT_32                                 0        0.000%                0        0.000%
                                              35088649      100.000%         35088649      100.000%
                                                  1.00         0.00              1.00         0.00

RET_STALL_LENGTH_0                            35087888       99.998%         35087888       99.998%
RET_STALL_LENGTH_100                               569        0.002%              569        0.002%
RET_STALL_LENGTH_200                                89        0.000%               89        0.000%
RET_STALL_LENGTH_300                                32        0.000%               32        0.000%
RET_STALL_LENGTH_400                                30        0.000%               30        0.000%
RET_STALL_LENGTH_500                                29        0.000%               29        0.000%
RET_STALL_LENGTH_600                                 4        0.000%                4        0.000%
RET_STALL_LENGTH_700                                 1        0.000%                1        0.000%
RET_STALL_LENGTH_800                                 0        0.000%                0        0.000%
RET_STALL_LENGTH_900                                 0        0.000%                0        0.000%
RET_STALL_LENGTH_1000                                0        0.000%                0        0.000%
RET_STALL_LENGTH_1100                                3        0.000%                3        0.000%
RET_STALL_LENGTH_1200                                2        0.000%                2        0.000%
RET_STALL_LENGTH_1300                                2        0.000%                2        0.000%
RET_STALL_LENGTH_1400                                0        0.000%                0        0.000%
RET_STALL_LENGTH_1500                                0        0.000%                0        0.000%
RET_STALL_LENGTH_1600                                0        0.000%                0        0.000%
RET_STALL_LENGTH_1700                                0        0.000%                0        0.000%
RET_STALL_LENGTH_1800                                0        0.000%                0        0.000%
RET_STALL_LENGTH_1900                                0        0.000%                0        0.000%
RET_STALL_LENGTH_2000                                0        0.000%                0        0.000%
RET_STALL_LENGTH_2100                                0        0.000%                0        0.000%
RET_STALL_LENGTH_2200                                0        0.000%                0        0.000%
RET_STALL_LENGTH_2300                                0        0.000%                0        0.000%
RET_STALL_LENGTH_2400                                0        0.000%                0        0.000%
RET_STALL_LENGTH_2500                                0        0.000%                0        0.000%
RET_STALL_LENGTH_2600                                0        0.000%                0        0.000%
RET_STALL_LENGTH_2700                                0        0.000%                0        0.000%
RET_STALL_LENGTH_2800                                0        0.000%                0        0.000%
RET_STALL_LENGTH_2900                                0        0.000%                0        0.000%
RET_STALL_LENGTH_3000                                0        0.000%                0        0.000%
RET_STALL_LENGTH_3100                                0        0.000%                0        0.000%
RET_STALL_LENGTH_3200                                0        0.000%                0        0.000%
RET_STALL_LENGTH_3300                                0        0.000%                0        0.000%
RET_STALL_LENGTH_3400                                0        0.000%                0        0.000%
RET_STALL_LENGTH_3500                                0        0.000%                0        0.000%
RET_STALL_LENGTH_3600                                0        0.000%                0        0.000%
RET_STALL_LENGTH_3700                                0        0.000%                0        0.000%
RET_STALL_LENGTH_3800                                0        0.000%                0        0.000%
RET_STALL_LENGTH_3900                                0        0.000%                0        0.000%
RET_STALL_LENGTH_4000                                0        0.000%                0        0.000%
RET_STALL_LENGTH_4100                                0        0.000%                0        0.000%
RET_STALL_LENGTH_4200                                0        0.000%                0        0.000%
RET_STALL_LENGTH_4300                                0        0.000%                0        0.000%
RET_STALL_LENGTH_4400                                0        0.000%                0        0.000%
RET_STALL_LENGTH_4500                                0        0.000%                0        0.000%
RET_STALL_LENGTH_4600                                0        0.000%                0        0.000%
RET_STALL_LENGTH_4700                                0        0.000%                0        0.000%
RET_STALL_LENGTH_4800                                0        0.000%                0        0.000%
RET_STALL_LENGTH_4900                                0        0.000%                0        0.000%
RET_STALL_LENGTH_5000                                0        0.000%                0        0.000%
                                              35088649      100.000%         35088649      100.000%
                                                  0.00         0.01              0.00         0.01

MEM_BLOCK_LENGTH_0                                 101       36.727%              101       36.727%
MEM_BLOCK_LENGTH_100                                46       16.727%               46       16.727%
MEM_BLOCK_LENGTH_200                                38       13.818%               38       13.818%
MEM_BLOCK_LENGTH_300                                18        6.545%               18        6.545%
MEM_BLOCK_LENGTH_400                                27        9.818%               27        9.818%
MEM_BLOCK_LENGTH_500                                31       11.273%               31       11.273%
MEM_BLOCK_LENGTH_600                                13        4.727%               13        4.727%
MEM_BLOCK_LENGTH_700                                 0        0.000%                0        0.000%
MEM_BLOCK_LENGTH_800                                 1        0.364%                1        0.364%
MEM_BLOCK_LENGTH_900                                 0        0.000%                0        0.000%
MEM_BLOCK_LENGTH_1000                                0        0.000%                0        0.000%
MEM_BLOCK_LENGTH_1100                                0        0.000%                0        0.000%
MEM_BLOCK_LENGTH_1200                                0        0.000%                0        0.000%
MEM_BLOCK_LENGTH_1300                                0        0.000%                0        0.000%
MEM_BLOCK_LENGTH_1400                                0        0.000%                0        0.000%
MEM_BLOCK_LENGTH_1500                                0        0.000%                0        0.000%
MEM_BLOCK_LENGTH_1600                                0        0.000%                0        0.000%
MEM_BLOCK_LENGTH_1700                                0        0.000%                0        0.000%
MEM_BLOCK_LENGTH_1800                                0        0.000%                0        0.000%
MEM_BLOCK_LENGTH_1900                                0        0.000%                0        0.000%
MEM_BLOCK_LENGTH_2000                                0        0.000%                0        0.000%
MEM_BLOCK_LENGTH_2100                                0        0.000%                0        0.000%
MEM_BLOCK_LENGTH_2200                                0        0.000%                0        0.000%
MEM_BLOCK_LENGTH_2300                                0        0.000%                0        0.000%
MEM_BLOCK_LENGTH_2400                                0        0.000%                0        0.000%
MEM_BLOCK_LENGTH_2500                                0        0.000%                0        0.000%
MEM_BLOCK_LENGTH_2600                                0        0.000%                0        0.000%
MEM_BLOCK_LENGTH_2700                                0        0.000%                0        0.000%
MEM_BLOCK_LENGTH_2800                                0        0.000%                0        0.000%
MEM_BLOCK_LENGTH_2900                                0        0.000%                0        0.000%
MEM_BLOCK_LENGTH_3000                                0        0.000%                0        0.000%
MEM_BLOCK_LENGTH_3100                                0        0.000%                0        0.000%
MEM_BLOCK_LENGTH_3200                                0        0.000%                0        0.000%
MEM_BLOCK_LENGTH_3300                                0        0.000%                0        0.000%
MEM_BLOCK_LENGTH_3400                                0        0.000%                0        0.000%
MEM_BLOCK_LENGTH_3500                                0        0.000%                0        0.000%
MEM_BLOCK_LENGTH_3600                                0        0.000%                0        0.000%
MEM_BLOCK_LENGTH_3700                                0        0.000%                0        0.000%
MEM_BLOCK_LENGTH_3800                                0        0.000%                0        0.000%
MEM_BLOCK_LENGTH_3900                                0        0.000%                0        0.000%
MEM_BLOCK_LENGTH_4000                                0        0.000%                0        0.000%
MEM_BLOCK_LENGTH_4100                                0        0.000%                0        0.000%
MEM_BLOCK_LENGTH_4200                                0        0.000%                0        0.000%
MEM_BLOCK_LENGTH_4300                                0        0.000%                0        0.000%
MEM_BLOCK_LENGTH_4400                                0        0.000%                0        0.000%
MEM_BLOCK_LENGTH_4500                                0        0.000%                0        0.000%
MEM_BLOCK_LENGTH_4600                                0        0.000%                0        0.000%
MEM_BLOCK_LENGTH_4700                                0        0.000%                0        0.000%
MEM_BLOCK_LENGTH_4800                                0        0.000%                0        0.000%
MEM_BLOCK_LENGTH_4900                                0        0.000%                0        0.000%
MEM_BLOCK_LENGTH_5000                                0        0.000%                0        0.000%
                                                   275      100.000%              275      100.000%
                                                  1.91         1.63              1.91         1.63

FUS_BUSY_ON_PATH                              37603877        4.9571         37603877        4.9571

FUS_BUSY_OFF_PATH                               186548        0.0246           186548        0.0246

FU_BUSY_MEM_STALL                               561298        0.0740           561298        0.0740

FUS_EMPTY                                     38067435        5.0183         38067435        5.0183

FU_UNAVAILABLE                                 1467605        0.1935          1467605        0.1935

FU_MEM_UNAVAILABLE                              254807        0.0336           254807        0.0336

FU_OTHER_UNAVAILABLE                                 0        0.0000                0        0.0000

FU_REPLAY                                            0        0.0000                0        0.0000

FU_STARVED                                    38053634        5.0164         38053634        5.0164

CHIP_UTILIZATION                                     0        0.0000                0        0.0000

CYCLES_UNDER_MEM_REQ                                 0                              0              

CYCLES_UNDER_NO_MEM_REQ                              0                              0              

CYCLES_UNDER_CRITICAL_MEM_REQ                        0                              0              

CYCLES_UNDER_NONCRITICAL_MEM_REQ                     0                              0              

CHIP_UTILIZATION_UNDER_MEM_REQ                       0          -nan                0          -nan

CHIP_UTILIZATION_UNDER_NO_MEM_REQ                    0          -nan                0          -nan

CHIP_UTILIZATION_UNDER_CRITICAL_MEM_REQ              0          -nan                0          -nan

CHIP_UTILIZATION_UNDER_NONCRITICAL_MEM_REQ             0          -nan                0          -nan

CYCLES_NOT_WAITING_FOR_OFF_CHIP                      0        0.0000                0        0.0000

FUS_BUSY_NOT_WAITING_FOR_OFF_CHIP                    0          -nan                0          -nan

CYCLES_WAITING_FOR_OFF_CHIP                          0        0.0000                0        0.0000

FUS_BUSY_WAITING_FOR_OFF_CHIP                        0          -nan                0          -nan

TOTAL_OFF_CHIP_DELAYS_LEFT                           0                              0              

WRONG_IO_SCHED                                       0                              0              

DVFS_CONFIG_SWITCH                                   0                              0              

MAP_STAGE_RECEIVED_OPS_0                             0        0.000%                0        0.000%
MAP_STAGE_RECEIVED_OPS_1                          2791        0.048%             2791        0.048%
MAP_STAGE_RECEIVED_OPS_2                          3271        0.056%             3271        0.056%
MAP_STAGE_RECEIVED_OPS_3                          5325        0.091%             5325        0.091%
MAP_STAGE_RECEIVED_OPS_4                          4445        0.076%             4445        0.076%
MAP_STAGE_RECEIVED_OPS_5                          3008        0.051%             3008        0.051%
MAP_STAGE_RECEIVED_OPS_6                       5837099       99.678%          5837099       99.678%
MAP_STAGE_RECEIVED_OPS_7                             0        0.000%                0        0.000%
MAP_STAGE_RECEIVED_OPS_8                             0        0.000%                0        0.000%
MAP_STAGE_RECEIVED_OPS_MAX                           0        0.000%                0        0.000%
                                               5855939      100.000%          5855939      100.000%
                                                  5.99         0.18              5.99         0.18

MAP_STAGE_WAIT_FOR_DECODE                            0         -nan%                0         -nan%
MAP_STAGE_CONSUME_DECODE                             0         -nan%                0         -nan%
                                                     0         -nan%                0         -nan%
                                                  -nan         -nan              -nan         -nan

MAP_STAGE_WAIT_FOR_DECODE2                           0         -nan%                0         -nan%
MAP_STAGE_CONSUME_DECODE2                            0         -nan%                0         -nan%
                                                     0         -nan%                0         -nan%
                                                  -nan         -nan              -nan         -nan

FTQ_RECOVER_EXEC                                  4024                           4024              

FTQ_RECOVER_DECODE                                 448                            448              

FTQ_OFFPATH_CYCLES                              916713                         916713              

FTQ_CYCLES_OFFPATH                              916713                         916713              

FTQ_CYCLES_ONPATH                              6669073                        6669073              

FTQ_FETCHED_INS_ONPATH                        35088640                       35088640              

FTQ_FETCHED_INS_OFFPATH                        5617580                        5617580              

FTQ_BREAK_FULL_FT_ONPATH                       6125208                        6125208              

FTQ_BREAK_FULL_FT_OFFPATH                       627814                         627814              

FTQ_BREAK_PRED_BR_ONPATH                             0                              0              

FTQ_BREAK_PRED_BR_OFFPATH                            0                              0              

FTQ_BREAK_BAR_FETCH_ONPATH                           0                              0              

FTQ_BREAK_BAR_FETCH_OFFPATH                          0                              0              

FTQ_BREAK_MAX_CFS_TAKEN_ONPATH                       0                              0              

FTQ_BREAK_MAX_CFS_TAKEN_OFFPATH                      0                              0              

FTQ_BREAK_MAX_FT_ONPATH                         543714                         543714              

FTQ_BREAK_MAX_FT_OFFPATH                        288899                         288899              

DFE_GEN_ON_PATH_FT                             3472257                        3472257              

DFE_GEN_OFF_PATH_FT                             463629                         463629              

DFE_L0_ENABLED_PREDICTIONS                    35088649                       35088649              

DFE_L0_WRONG_MAIN_CORRECT                       177597                         177597              

DFE_L0_WRONG_MAIN_WRONG                           4016                           4016              

DFE_L0_CORRECT_MAIN_WRONG                          456                            456              

DFE_L0_CORRECT_MAIN_CORRECT                   34906580                       34906580              

DFE_L0_WRONG_MAIN_CORRECT_RECOVERY_SCHEDULED             0                              0              

FTQ_SAW_BAR_FETCH_OFFPATH                         1148                           1148              

FTQ_SAW_BAR_FETCH_ONPATH                          2042                           2042              

DFE_CONF_0_RECOVER_AT_EXEC                           0         -nan%                0         -nan%
DFE_CONF_1_RECOVER_AT_EXEC                           0         -nan%                0         -nan%
DFE_CONF_2_RECOVER_AT_EXEC                           0         -nan%                0         -nan%
DFE_CONF_3_RECOVER_AT_EXEC                           0         -nan%                0         -nan%
DFE_CONF_0_CORRECT                                   0         -nan%                0         -nan%
DFE_CONF_1_CORRECT                                   0         -nan%                0         -nan%
DFE_CONF_2_CORRECT                                   0         -nan%                0         -nan%
DFE_CONF_3_CORRECT                                   0         -nan%                0         -nan%
                                                     0         -nan%                0         -nan%
                                                  -nan         -nan              -nan         -nan

DFE_ON_CONF_ON_OPS                                   0         -nan%                0         -nan%
DFE_ON_CONF_OFF_OPS                                  0         -nan%                0         -nan%
DFE_OFF_CONF_ON_OPS                                  0         -nan%                0         -nan%
DFE_OFF_CONF_OFF_REALISTIC_OPS                       0         -nan%                0         -nan%
DFE_OFF_CONF_OFF_PERFECT_OPS                         0         -nan%                0         -nan%
                                                     0         -nan%                0         -nan%
                                                  -nan         -nan              -nan         -nan

DFE_ON_CONF_ON_FETCH_TARGETS                         0         -nan%                0         -nan%
DFE_ON_CONF_OFF_FETCH_TARGETS                        0         -nan%                0         -nan%
DFE_OFF_CONF_ON_FETCH_TARGETS                        0         -nan%                0         -nan%
DFE_OFF_CONF_OFF_REALISTIC_FETCH_TARGETS             0         -nan%                0         -nan%
DFE_OFF_CONF_OFF_PERFECT_FETCH_TARGETS               0         -nan%                0         -nan%
                                                     0         -nan%                0         -nan%
                                                  -nan         -nan              -nan         -nan

DFE_ON_CONF_ON_CYCLES                                0         -nan%                0         -nan%
DFE_ON_CONF_OFF_CYCLES                               0         -nan%                0         -nan%
DFE_OFF_CONF_ON_CYCLES                               0         -nan%                0         -nan%
DFE_OFF_CONF_OFF_REALISTIC_CYCLES                    0         -nan%                0         -nan%
DFE_OFF_CONF_OFF_PERFECT_CYCLES                      0         -nan%                0         -nan%
                                                     0         -nan%                0         -nan%
                                                  -nan         -nan              -nan         -nan

DFE_OFF_CONF_ON_NUM_EVENTS                           0                              0              

DFE_OFF_CONF_ON_NOT_IDENTIFIED_EVENTS                0         -nan%                0         -nan%
DFE_OFF_CONF_ON_IBTB_MISS_EVENTS                     0         -nan%                0         -nan%
DFE_OFF_CONF_ON_BTB_MISS_EVENTS                      0         -nan%                0         -nan%
DFE_OFF_CONF_ON_BTB_MISS_RECOVER_AT_EXEC_EVENTS             0         -nan%                0         -nan%
DFE_OFF_CONF_ON_RECOVER_AT_EXEC_EVENTS               0         -nan%                0         -nan%
DFE_OFF_CONF_ON_RECOVER_AT_DECODE_EVENTS             0         -nan%                0         -nan%
                                                     0         -nan%                0         -nan%
                                                  -nan         -nan              -nan         -nan

DFE_OFF_CONF_ON_LATE_BTB_HIT_EVENTS                  0                              0              

DFE_OFF_CONF_ON_NOT_IDENTIFIED_CYCLES                0         -nan%                0         -nan%
DFE_OFF_CONF_ON_IBTB_MISS_CYCLES                     0         -nan%                0         -nan%
DFE_OFF_CONF_ON_BTB_MISS_CYCLES                      0         -nan%                0         -nan%
DFE_OFF_CONF_ON_BTB_MISS_RECOVER_AT_EXEC_CYCLES             0         -nan%                0         -nan%
DFE_OFF_CONF_ON_RECOVER_AT_EXEC_CYCLES               0         -nan%                0         -nan%
DFE_OFF_CONF_ON_RECOVER_AT_DECODE_CYCLES             0         -nan%                0         -nan%
                                                     0         -nan%                0         -nan%
                                                  -nan         -nan              -nan         -nan

DFE_OFF_CONF_ON_LATE_BTB_HIT_CYCLES                  0                              0              

DFE_OFF_CONF_ON_NOT_IDENTIFIED_FETCH_TARGETS             0         -nan%                0         -nan%
DFE_OFF_CONF_ON_IBTB_MISS_FETCH_TARGETS              0         -nan%                0         -nan%
DFE_OFF_CONF_ON_BTB_MISS_FETCH_TARGETS               0         -nan%                0         -nan%
DFE_OFF_CONF_ON_BTB_MISS_RECOVER_AT_EXEC_FETCH_TARGETS             0         -nan%                0         -nan%
DFE_OFF_CONF_ON_RECOVER_AT_EXEC_FETCH_TARGETS             0         -nan%                0         -nan%
DFE_OFF_CONF_ON_RECOVER_AT_DECODE_FETCH_TARGETS             0         -nan%                0         -nan%
                                                     0         -nan%                0         -nan%
                                                  -nan         -nan              -nan         -nan

DFE_OFF_CONF_ON_LATE_BTB_HIT_FETCH_TARGETS             0                              0              

DFE_OFF_CONF_ON_BP_INCORRECT_0_CONF                  0         -nan%                0         -nan%
DFE_OFF_CONF_ON_BP_INCORRECT_1_CONF                  0         -nan%                0         -nan%
DFE_OFF_CONF_ON_BP_INCORRECT_2_CONF                  0         -nan%                0         -nan%
DFE_OFF_CONF_ON_BP_INCORRECT_3_CONF                  0         -nan%                0         -nan%
                                                     0         -nan%                0         -nan%
                                                  -nan         -nan              -nan         -nan

DFE_OFF_CONF_ON_BTB_MISS_CBR_0_CONF                  0         -nan%                0         -nan%
DFE_OFF_CONF_ON_BTB_MISS_CBR_1_CONF                  0         -nan%                0         -nan%
DFE_OFF_CONF_ON_BTB_MISS_CBR_2_CONF                  0         -nan%                0         -nan%
DFE_OFF_CONF_ON_BTB_MISS_CBR_3_CONF                  0         -nan%                0         -nan%
                                                     0         -nan%                0         -nan%
                                                  -nan         -nan              -nan         -nan

DFE_OFF_CONF_ON_BTB_MISS_NOT_CF                      0         -nan%                0         -nan%
DFE_OFF_CONF_ON_BTB_MISS_CF_BR                       0         -nan%                0         -nan%
DFE_OFF_CONF_ON_BTB_MISS_CF_CBR                      0         -nan%                0         -nan%
DFE_OFF_CONF_ON_BTB_MISS_CF_CALL                     0         -nan%                0         -nan%
DFE_OFF_CONF_ON_BTB_MISS_CF_IBR                      0         -nan%                0         -nan%
DFE_OFF_CONF_ON_BTB_MISS_CF_ICALL                    0         -nan%                0         -nan%
DFE_OFF_CONF_ON_BTB_MISS_CF_ICO                      0         -nan%                0         -nan%
DFE_OFF_CONF_ON_BTB_MISS_CF_RET                      0         -nan%                0         -nan%
DFE_OFF_CONF_ON_BTB_MISS_CF_SYS                      0         -nan%                0         -nan%
                                                     0         -nan%                0         -nan%
                                                  -nan         -nan              -nan         -nan

DFE_ON_CONF_OFF_NUM_EVENTS                           0                              0              

CONF_BTB_NUM_CYCLES_OFF_PATH_EVENT                   0                              0              

DFE_ON_CONF_OFF_IBTB_MISS_BP_TAKEN                   0         -nan%                0         -nan%
DFE_ON_CONF_OFF_BTB_MISS_BP_TAKEN_CONF_0             0         -nan%                0         -nan%
DFE_ON_CONF_OFF_BTB_MISS_BP_TAKEN_CONF_1             0         -nan%                0         -nan%
DFE_ON_CONF_OFF_BTB_MISS_BP_TAKEN_CONF_2             0         -nan%                0         -nan%
DFE_ON_CONF_OFF_BTB_MISS_BP_TAKEN_CONF_3             0         -nan%                0         -nan%
DFE_ON_CONF_OFF_BTB_MISS_RATE                        0         -nan%                0         -nan%
DFE_ON_CONF_OFF_IBTB_MISS_RATE                       0         -nan%                0         -nan%
DFE_ON_CONF_OFF_RECOVER_AT_DECODE_RATE               0         -nan%                0         -nan%
DFE_ON_CONF_OFF_RECOVER_AT_EXEC_RATE                 0         -nan%                0         -nan%
DFE_ON_CONF_OFF_INV_CONF_INC                         0         -nan%                0         -nan%
DFE_ON_CONF_OFF_PERFECT_CONF                         0         -nan%                0         -nan%
                                                     0         -nan%                0         -nan%
                                                  -nan         -nan              -nan         -nan

DFE_ON_CONF_OFF_IBTB_MISS_BP_TAKEN_CYCLES             0         -nan%                0         -nan%
DFE_ON_CONF_OFF_BTB_MISS_BP_TAKEN_CONF_0_CYCLES             0         -nan%                0         -nan%
DFE_ON_CONF_OFF_BTB_MISS_BP_TAKEN_CONF_1_CYCLES             0         -nan%                0         -nan%
DFE_ON_CONF_OFF_BTB_MISS_BP_TAKEN_CONF_2_CYCLES             0         -nan%                0         -nan%
DFE_ON_CONF_OFF_BTB_MISS_BP_TAKEN_CONF_3_CYCLES             0         -nan%                0         -nan%
DFE_ON_CONF_OFF_BTB_MISS_RATE_CYCLES                 0         -nan%                0         -nan%
DFE_ON_CONF_OFF_IBTB_MISS_RATE_CYCLES                0         -nan%                0         -nan%
DFE_ON_CONF_OFF_RECOVER_AT_DECODE_RATE_CYCLES             0         -nan%                0         -nan%
DFE_ON_CONF_OFF_RECOVER_AT_EXEC_RATE_CYCLES             0         -nan%                0         -nan%
DFE_ON_CONF_OFF_INV_CONF_INC_CYCLES                  0         -nan%                0         -nan%
DFE_ON_CONF_OFF_PERFECT_CONF_CYCLES                  0         -nan%                0         -nan%
                                                     0         -nan%                0         -nan%
                                                  -nan         -nan              -nan         -nan

DFE_ON_CONF_OFF_IBTB_MISS_BP_TAKEN_FETCH_TARGETS             0         -nan%                0         -nan%
DFE_ON_CONF_OFF_BTB_MISS_BP_TAKEN_CONF_0_FETCH_TARGETS             0         -nan%                0         -nan%
DFE_ON_CONF_OFF_BTB_MISS_BP_TAKEN_CONF_1_FETCH_TARGETS             0         -nan%                0         -nan%
DFE_ON_CONF_OFF_BTB_MISS_BP_TAKEN_CONF_2_FETCH_TARGETS             0         -nan%                0         -nan%
DFE_ON_CONF_OFF_BTB_MISS_BP_TAKEN_CONF_3_FETCH_TARGETS             0         -nan%                0         -nan%
DFE_ON_CONF_OFF_BTB_MISS_RATE_FETCH_TARGETS             0         -nan%                0         -nan%
DFE_ON_CONF_OFF_IBTB_MISS_RATE_FETCH_TARGETS             0         -nan%                0         -nan%
DFE_ON_CONF_OFF_RECOVER_AT_DECODE_RATE_FETCH_TARGETS             0         -nan%                0         -nan%
DFE_ON_CONF_OFF_RECOVER_AT_EXEC_RATE_FETCH_TARGETS             0         -nan%                0         -nan%
DFE_ON_CONF_OFF_INV_CONF_INC_FETCH_TARGETS             0         -nan%                0         -nan%
DFE_ON_CONF_OFF_PERFECT_CONF_FETCH_TARGETS             0         -nan%                0         -nan%
                                                     0         -nan%                0         -nan%
                                                  -nan         -nan              -nan         -nan

CONF_OFF_IBTB_MISS_BP_TAKEN                          0         -nan%                0         -nan%
CONF_OFF_BTB_MISS_BP_TAKEN_CONF_0                    0         -nan%                0         -nan%
CONF_OFF_BTB_MISS_BP_TAKEN_CONF_1                    0         -nan%                0         -nan%
CONF_OFF_BTB_MISS_BP_TAKEN_CONF_2                    0         -nan%                0         -nan%
CONF_OFF_BTB_MISS_BP_TAKEN_CONF_3                    0         -nan%                0         -nan%
CONF_OFF_BTB_MISS_RATE                               0         -nan%                0         -nan%
CONF_OFF_IBTB_MISS_RATE                              0         -nan%                0         -nan%
CONF_OFF_RECOVER_AT_DECODE_RATE                      0         -nan%                0         -nan%
CONF_OFF_RECOVER_AT_EXEC_RATE                        0         -nan%                0         -nan%
CONF_OFF_INV_CONF_INC                                0         -nan%                0         -nan%
CONF_OFF_PERFECT_CONF                                0         -nan%                0         -nan%
                                                     0         -nan%                0         -nan%
                                                  -nan         -nan              -nan         -nan

TOPDOWN_TOTAL_SLOTS                           45514716                       45514716              

TOPDOWN_ISSUED_SLOTS                          35621395                       35621395              

TOPDOWN_RETIRED_SLOTS                         35088649                       35088649              

TOPDOWN_FETCH_BUBBLES_SLOTS                     602283                         602283              

TOPDOWN_RECOVERY_BUBBLES_SLOTS                  116569                         116569              

TOPDOWN_MEM_LOAD_STALLS_CYCLES                 1465502                        1465502              

TOPDOWN_MEM_STORE_STALLS_CYCLES                     51                             51              

TOPDOWN_EXEC_STALLS_CYCLES                      353913                         353913              

TOPDOWN_BACKEND_STALLS_CYCLES                  1466130                        1466130              

TOPDOWN_FETCH_BUBBLES_GT_MIW_CYCLES              91098                          91098              

TOPDOWN_BR_RECOVER_AT_EXEC_RETIRED_CYCLES          4024                           4024              

TOPDOWN_MACHINE_CLEAR_CYCLES                    182069                         182069              

TOPDOWN_FRONTEND_BOUND                             132                            132              

TOPDOWN_BACKEND_BOUND                             2017                           2017              

TOPDOWN_BAD_SPEC_BOUND                             142                            142              

TOPDOWN_RETIRING_BOUND                            7709                           7709              

TOPDOWN_FETCH_LATENCY_BOUND                        120                            120              

TOPDOWN_FETCH_BANDWIDTH_BOUND                       12                             12              

TOPDOWN_MEM_BOUND                                 2016                           2016              

TOPDOWN_CORE_BOUND                                   1                              1              

TOPDOWN_BR_RECOVER_AT_EXEC_BOUND                     3                              3              

TOPDOWN_MACHINE_CLEARS_BOUND                       139                            139              

H2P_SEEN_MAIN                                        0                              0              



