/* -*- Mode: c -*- */
####################################################################################################
Core 0
####################################################################################################
Cumulative:        Cycles: 7585786               Instructions: 29999995              IPC: 3.95476

Periodic:          Cycles: 7585786               Instructions: 29999995              IPC: 3.95476

MISS_WAIT_TIME                                72688133                       72688133              

ICACHE_STAGE_MISS                                  835                            835              

ICACHE_CYCLE                                   7585786                        7585786              

TCACHE_CYCLE                                         0                              0              

ICACHE_SERVING_CYCLE_ON_PATH                     37265                          37265              

ICACHE_SERVING_CYCLE_OFF_PATH                    30244                          30244              

UCACHE_SERVING_CYCLE_ON_PATH                   7188222                        7188222              

UCACHE_SERVING_CYCLE_OFF_PATH                   189670                         189670              

ICACHE_CYCLE_ONPATH                            7336879       96.719%          7336879       96.719%
ICACHE_CYCLE_OFFPATH                            248907        3.281%           248907        3.281%
                                               7585786      100.000%          7585786      100.000%
                                                  0.03         0.18              0.03         0.18

FETCH_ON_PATH                                  7347208       96.855%          7347208       96.855%
FETCH_OFF_PATH                                  238578        3.145%           238578        3.145%
                                               7585786      100.000%          7585786      100.000%
                                                  0.03         0.17              0.03         0.17

FETCHED_OPS_ON_PATH                                  0         -nan%                0         -nan%
FETCHED_OPS_OFF_PATH                                 0         -nan%                0         -nan%
                                                     0         -nan%                0         -nan%
                                                  -nan         -nan              -nan         -nan

INST_LOST_FETCH                               35088649       57.652%         35088649       57.652%
INST_LOST_OFF_PATH                              986493        1.621%           986493        1.621%
INST_LOST_FULL_WINDOW                          6649124       10.925%          6649124       10.925%
INST_LOST_ROB_STALL_OTHER                     12626198       20.745%         12626198       20.745%
INST_LOST_ROB_STALL_WAIT_FOR_RECOVERY                0        0.000%                0        0.000%
INST_LOST_ROB_STALL_WAIT_FOR_REDIRECT                0        0.000%                0        0.000%
INST_LOST_ROB_STALL_WAIT_FOR_GAP_FILL                0        0.000%                0        0.000%
INST_LOST_ROB_STALL_WAIT_FOR_L1_MISS                 0        0.000%                0        0.000%
INST_LOST_ROB_STALL_WAIT_FOR_MEMORY             554978        0.912%           554978        0.912%
INST_LOST_ROB_STALL_WAIT_FOR_DC_MISS            797694        1.311%           797694        1.311%
INST_LOST_ROB_BLOCK_ISSUE_FULL                       0        0.000%                0        0.000%
INST_LOST_ROB_BLOCK_ISSUE_GAP_TOO_LARGE              0        0.000%                0        0.000%
INST_LOST_BREAK_DONT                                 0        0.000%                0        0.000%
INST_LOST_BREAK_FT_UNAVAILABLE                  246327        0.405%           246327        0.405%
INST_LOST_BREAK_ICACHE_STAGE_RESTEER             18809        0.031%            18809        0.031%
INST_LOST_BREAK_ICACHE_MISS_REQ_SUCCESS           3497        0.006%             3497        0.006%
INST_LOST_BREAK_ICACHE_MISS_REQ_FAILURE              0        0.000%                0        0.000%
INST_LOST_BREAK_ICACHE_WAIT_FOR_MISS            298584        0.491%           298584        0.491%
INST_LOST_BREAK_ICACHE_STALLED                  234739        0.386%           234739        0.386%
INST_LOST_BREAK_ICACHE_TO_UOP_CACHE_SWITCH         34483        0.057%            34483        0.057%
INST_LOST_BREAK_ICACHE_READ_LIMIT                16540        0.027%            16540        0.027%
INST_LOST_BREAK_ICACHE_ISSUE_WIDTH                   0        0.000%                0        0.000%
INST_LOST_BREAK_UOP_CACHE_STALLED              1130787        1.858%          1130787        1.858%
INST_LOST_BREAK_UOP_CACHE_TO_ICACHE_SWITCH         40654        0.067%            40654        0.067%
INST_LOST_BREAK_UOP_CACHE_READ_LIMIT           2135151        3.508%          2135151        3.508%
INST_LOST_BREAK_UOP_CACHE_ISSUE_WIDTH                0        0.000%                0        0.000%
                                              60862707      100.000%         60862707      100.000%
                                                  2.54         5.20              2.54         5.20

INST_LOST_TOTAL                               60310528                       60310528              

INST_LOST_WAIT_FOR_ICACHE_MISS_NOT_PREFETCHED         55542       21.357%            55542       21.357%
INST_LOST_WAIT_FOR_ICACHE_MISS_PREFETCHED_AND_EVICTED_BY_IFETCH             0        0.000%                0        0.000%
INST_LOST_WAIT_FOR_ICACHE_MISS_PREFETCHED_AND_EVICTED_BY_FDIP             0        0.000%                0        0.000%
INST_LOST_WAIT_FOR_ICACHE_MISS_MSHR_HIT_PREF_OFFPATH          3252        1.250%             3252        1.250%
INST_LOST_WAIT_FOR_ICACHE_MISS_MSHR_HIT_PREF_ONPATH        201270       77.392%           201270       77.392%
                                                260064      100.000%           260064      100.000%
                                                  3.13         2.86              3.13         2.86

FETCH_0_OPS                                     126391        1.666%           126391        1.666%
FETCH_1_OPS                                       9539        0.126%             9539        0.126%
FETCH_2_OPS                                      86817        1.144%            86817        1.144%
FETCH_3_OPS                                     101028        1.332%           101028        1.332%
FETCH_4_OPS                                     111128        1.465%           111128        1.465%
FETCH_5_OPS                                     322892        4.257%           322892        4.257%
FETCH_6_OPS                                     294185        3.878%           294185        3.878%
FETCH_7_OPS                                     429830        5.666%           429830        5.666%
FETCH_8_OPS                                    6103976       80.466%          6103976       80.466%
FETCH_9_OPS                                          0        0.000%                0        0.000%
FETCH_10_OPS                                         0        0.000%                0        0.000%
FETCH_11_OPS                                         0        0.000%                0        0.000%
FETCH_12_OPS                                         0        0.000%                0        0.000%
FETCH_13_OPS                                         0        0.000%                0        0.000%
FETCH_14_OPS                                         0        0.000%                0        0.000%
FETCH_15_OPS                                         0        0.000%                0        0.000%
FETCH_16_OPS                                         0        0.000%                0        0.000%
                                               7585786      100.000%          7585786      100.000%
                                                  7.40         1.20              7.40         1.20

ST_BREAK_DONT                                        0        0.000%                0        0.000%
ST_BREAK_FT_UNAVAILABLE                          51592        0.680%            51592        0.680%
ST_BREAK_ICACHE_STAGE_RESTEER                     4167        0.055%             4167        0.055%
ST_BREAK_ICACHE_MISS_REQ_SUCCESS                   835        0.011%              835        0.011%
ST_BREAK_ICACHE_MISS_REQ_FAILURE                     0        0.000%                0        0.000%
ST_BREAK_ICACHE_WAIT_FOR_MISS                    49764        0.656%            49764        0.656%
ST_BREAK_ICACHE_STALLED                          41860        0.552%            41860        0.552%
ST_BREAK_ICACHE_TO_UOP_CACHE_SWITCH              10731        0.141%            10731        0.141%
ST_BREAK_ICACHE_READ_LIMIT                        6007        0.079%             6007        0.079%
ST_BREAK_ICACHE_ISSUE_WIDTH                      41211        0.543%            41211        0.543%
ST_BREAK_UOP_CACHE_STALLED                     2637817       34.773%          2637817       34.773%
ST_BREAK_UOP_CACHE_TO_ICACHE_SWITCH               9414        0.124%             9414        0.124%
ST_BREAK_UOP_CACHE_READ_LIMIT                   799672       10.542%           799672       10.542%
ST_BREAK_UOP_CACHE_ISSUE_WIDTH                 3932716       51.843%          3932716       51.843%
                                               7585786      100.000%          7585786      100.000%
                                                 11.63         8.57             11.63         8.57

ORACLE_ON_PATH_INST                           35088649       97.265%         35088649       97.265%
ORACLE_OFF_PATH_INST                            986493        2.735%           986493        2.735%
                                              36075142      100.000%         36075142      100.000%
                                                  0.03         0.16              0.03         0.16

ORACLE_ON_PATH_INST_MEM                        9833738       27.259%          9833738       27.259%
ORACLE_ON_PATH_INST_NOTMEM                    25254911       70.006%         25254911       70.006%
ORACLE_OFF_PATH_INST_MEM                        234772        0.651%           234772        0.651%
ORACLE_OFF_PATH_INST_NOTMEM                     751721        2.084%           751721        2.084%
                                              36075142      100.000%         36075142      100.000%
                                                  0.78         0.40              0.78         0.40

ICACHE_CYCLE_NONRA_ONPATH                            0         -nan%                0         -nan%
ICACHE_CYCLE_NONRA_OFFPATH                           0         -nan%                0         -nan%
ICACHE_CYCLE_RA_ONPATH                               0         -nan%                0         -nan%
ICACHE_CYCLE_RA_OFFPATH                              0         -nan%                0         -nan%
                                                     0         -nan%                0         -nan%
                                                  -nan         -nan              -nan         -nan

ICACHE_CYCLE_ONPATH_NONRA                            0         -nan%                0         -nan%
ICACHE_CYCLE_OFFPATH_NONRA                           0         -nan%                0         -nan%
                                                     0         -nan%                0         -nan%
                                                  -nan         -nan              -nan         -nan

ICACHE_CYCLE_ONPATH_RA                               0         -nan%                0         -nan%
ICACHE_CYCLE_OFFPATH_RA                              0         -nan%                0         -nan%
                                                     0         -nan%                0         -nan%
                                                  -nan         -nan              -nan         -nan

INACCURATE_OFFPATH_CYCLES                            0        0.0000                0        0.0000

FETCH_ALL_INST                                36075142                       36075142              

EXEC_ALL_INST                                 35271344                       35271344              

RET_ALL_INST                                  35088649                       35088649              

EXEC_ON_PATH_INST                             35088649       99.482%         35088649       99.482%
EXEC_OFF_PATH_INST                              182695        0.518%           182695        0.518%
                                              35271344      100.000%         35271344      100.000%
                                                  0.01         0.07              0.01         0.07

EXEC_ON_PATH_INST_MEM                          9833738       27.880%          9833738       27.880%
EXEC_ON_PATH_INST_NOTMEM                      25254911       71.602%         25254911       71.602%
EXEC_OFF_PATH_INST_MEM                           51842        0.147%            51842        0.147%
EXEC_OFF_PATH_INST_NOTMEM                       130853        0.371%           130853        0.371%
                                              35271344      100.000%         35271344      100.000%
                                                  0.73         0.28              0.73         0.28

EXEC_RA_INST                                         0         -nan%                0         -nan%
EXEC_NONRA_INST                                      0         -nan%                0         -nan%
                                                     0         -nan%                0         -nan%
                                                  -nan         -nan              -nan         -nan

EXEC_ON_PATH_INST_RA                                 0         -nan%                0         -nan%
EXEC_OFF_PATH_INST_RA                                0         -nan%                0         -nan%
                                                     0         -nan%                0         -nan%
                                                  -nan         -nan              -nan         -nan

EXEC_ON_PATH_INST_NONRA                              0         -nan%                0         -nan%
EXEC_OFF_PATH_INST_NONRA                             0         -nan%                0         -nan%
                                                     0         -nan%                0         -nan%
                                                  -nan         -nan              -nan         -nan

EXEC_RA_ON_PATH_INST                                 0         -nan%                0         -nan%
EXEC_RA_OFF_PATH_INST                                0         -nan%                0         -nan%
EXEC_NONRA_ON_PATH_INST                              0         -nan%                0         -nan%
EXEC_NONRA_OFF_PATH_INST                             0         -nan%                0         -nan%
                                                     0         -nan%                0         -nan%
                                                  -nan         -nan              -nan         -nan

ICACHE_THROTTLE_CYCLE                                0                              0              

FETCH_ENABLE_THROTTLE_OFF_PATH                       0         -nan%                0         -nan%
FETCH_ENABLE_THROTTLE_ON_PATH                        0         -nan%                0         -nan%
                                                     0         -nan%                0         -nan%
                                                  -nan         -nan              -nan         -nan

FETCH_DISABLE_THROTTLE_OFF_PATH                      0         -nan%                0         -nan%
FETCH_DISABLE_THROTTLE_ON_PATH                       0         -nan%                0         -nan%
                                                     0         -nan%                0         -nan%
                                                  -nan         -nan              -nan         -nan

FETCH_TH_ADJUST__0                                   0         -nan%                0         -nan%
FETCH_TH_ADJUST__1                                   0         -nan%                0         -nan%
FETCH_TH_ADJUST__2                                   0         -nan%                0         -nan%
FETCH_TH_ADJUST__3                                   0         -nan%                0         -nan%
FETCH_TH_ADJUST__4                                   0         -nan%                0         -nan%
FETCH_TH_ADJUST__5                                   0         -nan%                0         -nan%
FETCH_TH_ADJUST__6                                   0         -nan%                0         -nan%
FETCH_TH_ADJUST__7                                   0         -nan%                0         -nan%
FETCH_TH_ADJUST__8                                   0         -nan%                0         -nan%
FETCH_TH_ADJUST__9                                   0         -nan%                0         -nan%
FETCH_TH_ADJUST__MAX                                 0         -nan%                0         -nan%
                                                     0         -nan%                0         -nan%
                                                  -nan         -nan              -nan         -nan

FETCH_TH_ADJUST_UP                                   0         -nan%                0         -nan%
FETCH_TH_ADJUST_DOWN                                 0         -nan%                0         -nan%
FETCH_TH_ADJUST_SAME                                 0         -nan%                0         -nan%
                                                     0         -nan%                0         -nan%
                                                  -nan         -nan              -nan         -nan

THROTTLE_ADJUST_CACHE_MISS_INFO                      0                              0              

LOW_CONF_COUNT_BP_MIS_0                              0         -nan%                0         -nan%
LOW_CONF_COUNT_BP_MIS_1                              0         -nan%                0         -nan%
LOW_CONF_COUNT_BP_MIS_2                              0         -nan%                0         -nan%
LOW_CONF_COUNT_BP_MIS_3                              0         -nan%                0         -nan%
LOW_CONF_COUNT_BP_MIS_4                              0         -nan%                0         -nan%
LOW_CONF_COUNT_BP_MIS_5                              0         -nan%                0         -nan%
LOW_CONF_COUNT_BP_MIS_6                              0         -nan%                0         -nan%
LOW_CONF_COUNT_BP_MIS_7                              0         -nan%                0         -nan%
LOW_CONF_COUNT_BP_MIS_8                              0         -nan%                0         -nan%
LOW_CONF_COUNT_BP_MIS_9                              0         -nan%                0         -nan%
LOW_CONF_COUNT_BP_MIS_10                             0         -nan%                0         -nan%
LOW_CONF_COUNT_BP_MIS_11                             0         -nan%                0         -nan%
LOW_CONF_COUNT_BP_MIS_12                             0         -nan%                0         -nan%
LOW_CONF_COUNT_BP_MIS_13                             0         -nan%                0         -nan%
LOW_CONF_COUNT_BP_MIS_14                             0         -nan%                0         -nan%
LOW_CONF_COUNT_BP_MIS_15                             0         -nan%                0         -nan%
LOW_CONF_COUNT_BP_MIS_16                             0         -nan%                0         -nan%
LOW_CONF_COUNT_BP_MIS_17                             0         -nan%                0         -nan%
LOW_CONF_COUNT_BP_MIS_18                             0         -nan%                0         -nan%
LOW_CONF_COUNT_BP_MIS_19                             0         -nan%                0         -nan%
LOW_CONF_COUNT_BP_MIS_20                             0         -nan%                0         -nan%
                                                     0         -nan%                0         -nan%
                                                  -nan         -nan              -nan         -nan

LOW_CONF_COUNT_RET_0                                 0         -nan%                0         -nan%
LOW_CONF_COUNT_RET_1                                 0         -nan%                0         -nan%
LOW_CONF_COUNT_RET_2                                 0         -nan%                0         -nan%
LOW_CONF_COUNT_RET_3                                 0         -nan%                0         -nan%
LOW_CONF_COUNT_RET_4                                 0         -nan%                0         -nan%
LOW_CONF_COUNT_RET_5                                 0         -nan%                0         -nan%
LOW_CONF_COUNT_RET_6                                 0         -nan%                0         -nan%
LOW_CONF_COUNT_RET_7                                 0         -nan%                0         -nan%
LOW_CONF_COUNT_RET_8                                 0         -nan%                0         -nan%
LOW_CONF_COUNT_RET_9                                 0         -nan%                0         -nan%
LOW_CONF_COUNT_RET_10                                0         -nan%                0         -nan%
LOW_CONF_COUNT_RET_11                                0         -nan%                0         -nan%
LOW_CONF_COUNT_RET_12                                0         -nan%                0         -nan%
LOW_CONF_COUNT_RET_13                                0         -nan%                0         -nan%
LOW_CONF_COUNT_RET_14                                0         -nan%                0         -nan%
LOW_CONF_COUNT_RET_15                                0         -nan%                0         -nan%
LOW_CONF_COUNT_RET_16                                0         -nan%                0         -nan%
LOW_CONF_COUNT_RET_17                                0         -nan%                0         -nan%
LOW_CONF_COUNT_RET_18                                0         -nan%                0         -nan%
LOW_CONF_COUNT_RET_19                                0         -nan%                0         -nan%
LOW_CONF_COUNT_RET_20                                0         -nan%                0         -nan%
                                                     0         -nan%                0         -nan%
                                                  -nan         -nan              -nan         -nan

CYCLES_RESTEER_RECOVER_AT_EXEC                       0         -nan%                0         -nan%
CYCLES_RESTEER_RECOVER_AT_DECODE                     0         -nan%                0         -nan%
CYCLES_RESTEER_BTB_MISS                              0         -nan%                0         -nan%
                                                     0         -nan%                0         -nan%
                                                  -nan         -nan              -nan         -nan

CYCLES_RESTEER_RECOVER_AT_EXEC_SAVED_UC_FETCH             0         -nan%                0         -nan%
CYCLES_RESTEER_RECOVER_AT_EXEC_COULD_BE_SAVED_UC_FETCH             0         -nan%                0         -nan%
CYCLES_RESTEER_RECOVER_AT_DECODE_SAVED_UC_FETCH             0         -nan%                0         -nan%
CYCLES_RESTEER_RECOVER_AT_DECODE_COULD_BE_SAVED_UC_FETCH             0         -nan%                0         -nan%
CYCLES_RESTEER_BTB_MISS_SAVED_UC_FETCH               0         -nan%                0         -nan%
CYCLES_RESTEER_BTB_MISS_COULD_BE_SAVED_UC_FETCH             0         -nan%                0         -nan%
                                                     0         -nan%                0         -nan%
                                                  -nan         -nan              -nan         -nan

CYCLES_UOC_IC_SWITCH                                 0                              0              



