/* -*- Mode: c -*- */
####################################################################################################
Core 0
####################################################################################################
Cumulative:        Cycles: 13057260              Instructions: 59999999              IPC: 4.59514

Periodic:          Cycles: 13057260              Instructions: 59999999              IPC: 4.59514

APT_LIVE_LD2_PREDICTION_PEAK                       123                            123              

APT_LIVE_LD2_PREDICTION_OBSERVATIONS                 0                              0              

APT_LIVE_LD2_PREDICTION_TOTAL                        0                              0              

IFUSE_FUSED_LOADS                              4427333                        4427333              

IFUSE_MISPREDICTED_LOADS                          4762                           4762              

IFUSE_MISPREDICTION_FLUSHES                       3925                           3925              

IFUSE_MISPREDICTED_CACHE_BLOCK_ADDR                411                            411              

IFUSE_MISPREDICTED_OFFSET_DELTA                   4762                           4762              

ACI_REPLAYED_INSERTS                                 0                              0              

ACI_BACKING_ALLOC_FAILURES                           0                              0              

ACI_PREDICTION_INSERTS                         5505966                        5505966              

ACI_SAME_CACHEBLOCK_INSERTS                    1979831                        1979831              

ACI_LOOKUP_NO_MATCHES                              411                            411              

ACI_LOOKUP_MATCHES                             4431684                        4431684              

ACI_PREDICTION_INVALIDATIONS                   1074206                        1074206              

ACI_STALE_PREDICTION_REMOVALS                        0                              0              

FCT_LD2_REPLACEMENTS                                 0                              0              

TRAINING_TABLE_INSERTS                             246                            246              

TRAINING_TABLE_PROMOTIONS                          110                            110              

TRAINING_TABLE_BACKING_ALLOC_FAILURES                0                              0              



