/* -*- Mode: c -*- */
####################################################################################################
Core 0
####################################################################################################
Cumulative:        Cycles: 30937531              Instructions: 29999999              IPC: 0.96970

Periodic:          Cycles: 30937531              Instructions: 29999999              IPC: 0.96970

APT_LIVE_LD2_PREDICTION_PEAK                        97                             97              

APT_LIVE_LD2_PREDICTION_OBSERVATIONS                 0                              0              

APT_LIVE_LD2_PREDICTION_TOTAL                        0                              0              

IFUSE_FUSED_LOADS                               785406                         785406              

IFUSE_MISPREDICTED_LOADS                           124                            124              

IFUSE_MISPREDICTION_FLUSHES                         95                             95              

IFUSE_MISPREDICTED_CACHE_BLOCK_ADDR                 97                             97              

IFUSE_MISPREDICTED_OFFSET_DELTA                    124                            124              

ACI_REPLAYED_INSERTS                                 0                              0              

ACI_BACKING_ALLOC_FAILURES                           0                              0              

ACI_PREDICTION_INSERTS                          833975                         833975              

ACI_SAME_CACHEBLOCK_INSERTS                      48561                          48561              

ACI_LOOKUP_NO_MATCHES                               97                             97              

ACI_LOOKUP_MATCHES                              785433                         785433              

ACI_PREDICTION_INVALIDATIONS                     48512                          48512              

ACI_STALE_PREDICTION_REMOVALS                        0                              0              

FCT_LD2_REPLACEMENTS                                 5                              5              

FCT_DELTA_SLOT0_PREDICTIONS                     833659                         833659              

FCT_DELTA_SLOT1_PREDICTIONS                        103                            103              

FCT_DELTA_SLOT2_PREDICTIONS                        186                            186              

FCT_DELTA_SLOT3_PREDICTIONS                         27                             27              

FCT_DELTA_SLOT_REPLACEMENTS                         13                             13              

FCT_SECOND_DELTA_PROMOTIONS                         32                             32              

FCT_THIRD_DELTA_PROMOTIONS                          12                             12              

FCT_FOURTH_DELTA_PROMOTIONS                          4                              4              

FCT_OFFSET_MISPRED_KNOWN_ALT_DELTA                  52                             52              

FCT_OFFSET_MISPRED_UNTRACKED_DELTA                  57                             57              

FCT_OFFSET_MISPRED_SAME_SLOT_DELTA                  15                             15              

FCT_OFFSET_MISPRED_MULTI_DELTA_ROW                  17                             17              

FCT_OFFSET_MISPRED_SINGLE_DELTA_ROW                107                            107              

TRAINING_TABLE_INSERTS                           31607                          31607              

TRAINING_TABLE_PROMOTIONS                          481                            481              

TRAINING_TABLE_BACKING_ALLOC_FAILURES                0                              0              



