/* -*- Mode: c -*- */
####################################################################################################
Core 0
####################################################################################################
Cumulative:        Cycles: 7035541               Instructions: 29999999              IPC: 4.26406

Periodic:          Cycles: 7035541               Instructions: 29999999              IPC: 4.26406

EXECUTION_TIME                           2198606562500                  2198606562500              

SIM_HOST_WALL_SECONDS                       160.550655                     160.550655              

NODE_CYCLE                                     7035541                        7035541              

NODE_INST_COUNT                               30000387                       30000387              

NODE_INST_COUNT_FETCHED                       29999999                       29999999              

NODE_UOP_COUNT                                35926339                       35926339              

EXEC_STAGE_NO_ISSUE_STALL_CYCLE                6705063                        6705063              

EXEC_STAGE_NO_ISSUE_STALL_CYCLE_ONPATH         6610523                        6610523              

FULL_WINDOW_STALL                                 6731        0.096%             6731        0.096%

FULL_WINDOW_MEM_OP                                5621       87.350%             5621       87.350%
FULL_WINDOW_FP_OP                                    2        0.031%                2        0.031%
FULL_WINDOW_OTHER_OP                               812       12.618%              812       12.618%
                                                  6435      100.000%             6435      100.000%
                                                  0.25         0.63              0.25         0.63

RET_BLOCKED_DC_MISS                             189115        2.688%           189115        2.688%

RET_BLOCKED_L1_MISS                             148243        2.107%           148243        2.107%

RET_BLOCKED_L1_MISS_BW_PREF                       7400        0.105%             7400        0.105%

RET_BLOCKED_L1_ACCESS                            61135        0.869%            61135        0.869%

RET_BLOCKED_MEM_STALL                           148405        2.109%           148405        2.109%

RET_BLOCKED_OFFCHIP_DEMAND                           0        0.000%                0        0.000%

OP_ISSUED                                     36218547                       36218547              

OP_RETIRED                                    35926339                       35926339              

OP_MACRO_FUSION_ONPATH                         3336126                        3336126              

OP_MACRO_FUSION_OFFPATH                          73459                          73459              

REPLAY_SIGNALED                                      0                              0              

REPLAY_COUNTED                                       0                              0              

OFF_CRITICAL_PATH                                    0         -nan%                0         -nan%
ON_CRITICAL_PATH                                     0         -nan%                0         -nan%
                                                     0         -nan%                0         -nan%
                                                  -nan         -nan              -nan         -nan

LD_NO_DEPENDENTS                                192372        2.394%           192372        2.394%
LD_DEPENDENTS                                  7843172       97.606%          7843172       97.606%
                                               8035544      100.000%          8035544      100.000%
                                                  0.98         0.96              0.98         0.96

LD_EXEC_CYCLES_0                                     0        0.000%                0        0.000%
LD_EXEC_CYCLES_1                                933288       78.334%           933288       78.334%
LD_EXEC_CYCLES_2                                120657       10.127%           120657       10.127%
LD_EXEC_CYCLES_3                                 70214        5.893%            70214        5.893%
LD_EXEC_CYCLES_4                                 67268        5.646%            67268        5.646%
                                               1191427      100.000%          1191427      100.000%
                                                  1.39         0.90              1.39         0.90

ICACHE_STAGE_STARVED                            208105        3.095%           208105        3.095%
ICACHE_STAGE_NOT_STARVED                       6516823       96.905%          6516823       96.905%
                                               6724928      100.000%          6724928      100.000%
                                                  0.97         0.95              0.97         0.95

ICACHE_STAGE_STALLED                           1332431       18.939%          1332431       18.939%
ICACHE_STAGE_NOT_STALLED                       5392497       76.647%          5392497       76.647%
ICACHE_STAGE_OFF_PATH                           310613        4.415%           310613        4.415%
                                               7035541      100.000%          7035541      100.000%
                                                  0.85         0.33              0.85         0.33

DECODE_STAGE_STARVED                           6874113       99.275%          6874113       99.275%
DECODE_STAGE_NOT_STARVED                         50229        0.725%            50229        0.725%
                                               6924342      100.000%          6924342      100.000%
                                                  0.01         0.08              0.01         0.08

DECODE_STAGE_STALLED                              6400        0.091%             6400        0.091%
DECODE_STAGE_NOT_STALLED                       6917942       98.329%          6917942       98.329%
DECODE_STAGE_OFF_PATH                           111199        1.581%           111199        1.581%
                                               7035541      100.000%          7035541      100.000%
                                                  1.01         0.18              1.01         0.18

UOPQ_STAGE_STARVED                              742167       13.537%           742167       13.537%
UOPQ_STAGE_NOT_STARVED                         4740307       86.463%          4740307       86.463%
                                               5482474      100.000%          5482474      100.000%
                                                  0.86         0.81              0.86         0.81

UOPQ_STAGE_STALLED                             1340998       19.060%          1340998       19.060%
UOPQ_STAGE_NOT_STALLED                         5482474       77.925%          5482474       77.925%
UOPQ_STAGE_OFF_PATH                             212069        3.014%           212069        3.014%
                                               7035541      100.000%          7035541      100.000%
                                                  0.84         0.29              0.84         0.29

RS_OP_READY_NOT_ISSUED_TOTAL                  19473918                       19473918              

RS_0_OP_READY_NOT_ISSUED                      13629557                       13629557              

RS_1_OP_READY_NOT_ISSUED                       2019699                        2019699              

RS_2_OP_READY_NOT_ISSUED                       3824662                        3824662              

RS_3_OP_READY_NOT_ISSUED                             0                              0              

RS_4_OP_READY_NOT_ISSUED                             0                              0              

RS_5_OP_READY_NOT_ISSUED                             0                              0              

RS_6_OP_READY_NOT_ISSUED                             0                              0              

RS_7_OP_READY_NOT_ISSUED                             0                              0              

RS_7_PLUS_OP_READY_NOT_ISSUED                        0                              0              

FU_IDLE_NO_READY_OPS_TOTAL                    14627643                       14627643              

FU_0_IDLE_NO_READY_OPS                          376760                         376760              

FU_1_IDLE_NO_READY_OPS                          622451                         622451              

FU_2_IDLE_NO_READY_OPS                         1775326                        1775326              

FU_3_IDLE_NO_READY_OPS                         1776038                        1776038              

FU_4_IDLE_NO_READY_OPS                          652230                         652230              

FU_5_IDLE_NO_READY_OPS                          398056                         398056              

FU_6_IDLE_NO_READY_OPS                         3286945                        3286945              

FU_7_IDLE_NO_READY_OPS                         3286296                        3286296              

FU_8_IDLE_NO_READY_OPS                          677130                         677130              

FU_9_IDLE_NO_READY_OPS                         1776411                        1776411              

FU_10_IDLE_NO_READY_OPS                              0                              0              

FU_11_IDLE_NO_READY_OPS                              0                              0              

FU_12_IDLE_NO_READY_OPS                              0                              0              

FU_13_IDLE_NO_READY_OPS                              0                              0              

FU_14_IDLE_NO_READY_OPS                              0                              0              

FU_15_IDLE_NO_READY_OPS                              0                              0              

FU_16_IDLE_NO_READY_OPS                              0                              0              

FU_17_IDLE_NO_READY_OPS                              0                              0              

FU_18_IDLE_NO_READY_OPS                              0                              0              

FU_19_IDLE_NO_READY_OPS                              0                              0              

FU_20_IDLE_NO_READY_OPS                              0                              0              

FU_21_IDLE_NO_READY_OPS                              0                              0              

FU_22_IDLE_NO_READY_OPS                              0                              0              

FU_23_IDLE_NO_READY_OPS                              0                              0              

FU_24_IDLE_NO_READY_OPS                              0                              0              

FU_25_IDLE_NO_READY_OPS                              0                              0              

FU_26_IDLE_NO_READY_OPS                              0                              0              

FU_27_IDLE_NO_READY_OPS                              0                              0              

FU_28_IDLE_NO_READY_OPS                              0                              0              

FU_29_IDLE_NO_READY_OPS                              0                              0              

FU_30_IDLE_NO_READY_OPS                              0                              0              

FU_31_IDLE_NO_READY_OPS                              0                              0              

FU_31_PLUS_IDLE_NO_READY_OPS                         0                              0              

MAP_STAGE_STARVED                                91173        1.495%            91173        1.495%
MAP_STAGE_NOT_STARVED                          6008861       98.505%          6008861       98.505%
                                               6100034      100.000%          6100034      100.000%
                                                  0.99         0.98              0.99         0.98

MAP_STAGE_STALLED                                  101        0.002%              101        0.002%
MAP_STAGE_NOT_STALLED                          6099933       98.023%          6099933       98.023%
MAP_STAGE_OFF_PATH                              122915        1.975%           122915        1.975%
                                               6222949      100.000%          6222949      100.000%
                                                  1.02         0.20              1.02         0.20

MAP_STAGE_STALL_ITSELF                          812592       11.550%           812592       11.550%
MAP_STAGE_NOT_STALL_ITSELF                     6222949       88.450%          6222949       88.450%
                                               7035541      100.000%          7035541      100.000%
                                                  0.88         0.84              0.88         0.84

MAP_STAGE_LATE_ALLOCATE_SEND_BACK                    0                              0              

MAP_STAGE_RENAME_OP_ONPATH                    35926339                       35926339              

MAP_STAGE_RENAME_OP_OFFPATH                     564998                         564998              

MAP_STAGE_RENAME_INT_REG_ONPATH               30225900                       30225900              

MAP_STAGE_RENAME_INT_REG_OFFPATH                378470                         378470              

MAP_STAGE_RENAME_VEC_REG_ONPATH                1031596                        1031596              

MAP_STAGE_RENAME_VEC_REG_OFFPATH                  4981                           4981              

MAP_STAGE_RENAME_MOVE_ELIM_ONPATH                    0                              0              

MAP_STAGE_RENAME_MOVE_ELIM_OFFPATH                   0                              0              

MAP_STAGE_ONPATH_INT_REG_NUM_ALLOC            33354149                       33354149              

MAP_STAGE_ONPATH_VEC_REG_NUM_ALLOC             1031584                        1031584              

MAP_STAGE_ONPATH_INT_REG_NUM_SHORTLIVE         9884045                        9884045              

MAP_STAGE_ONPATH_VEC_REG_NUM_SHORTLIVE          206831                         206831              

MAP_STAGE_ONPATH_INT_REG_USE_COUNT_0           9670961                        9670961              

MAP_STAGE_ONPATH_VEC_REG_USE_COUNT_0              1248                           1248              

MAP_STAGE_ONPATH_INT_REG_USE_COUNT_1          16236075                       16236075              

MAP_STAGE_ONPATH_VEC_REG_USE_COUNT_1            860402                         860402              

MAP_STAGE_ONPATH_INT_REG_USE_COUNT_2           4734190                        4734190              

MAP_STAGE_ONPATH_VEC_REG_USE_COUNT_2            169617                         169617              

MAP_STAGE_ONPATH_INT_REG_USE_COUNT_3           1772130                        1772130              

MAP_STAGE_ONPATH_VEC_REG_USE_COUNT_3                65                             65              

MAP_STAGE_ONPATH_INT_REG_USE_COUNT_4            316605                         316605              

MAP_STAGE_ONPATH_VEC_REG_USE_COUNT_4               242                            242              

MAP_STAGE_ONPATH_INT_REG_USE_COUNT_5            414618                         414618              

MAP_STAGE_ONPATH_VEC_REG_USE_COUNT_5                 1                              1              

MAP_STAGE_ONPATH_INT_REG_USE_COUNT_6             33778                          33778              

MAP_STAGE_ONPATH_VEC_REG_USE_COUNT_6                 1                              1              

MAP_STAGE_ONPATH_INT_REG_USE_COUNT_7_PLUS        175792                         175792              

MAP_STAGE_ONPATH_VEC_REG_USE_COUNT_7_PLUS             8                              8              

MAP_STAGE_ONPATH_INT_REG_CONSUME_DIST_0              0        0.0000                0        0.0000

MAP_STAGE_ONPATH_VEC_REG_CONSUME_DIST_0              0        0.0000                0        0.0000

MAP_STAGE_ONPATH_INT_REG_CONSUME_DIST_1              0        0.0000                0        0.0000

MAP_STAGE_ONPATH_VEC_REG_CONSUME_DIST_1              0        0.0000                0        0.0000

MAP_STAGE_ONPATH_INT_REG_CONSUME_DIST_2        7919390        1.6728          7919390        1.6728

MAP_STAGE_ONPATH_VEC_REG_CONSUME_DIST_2         184603        1.0884           184603        1.0884

MAP_STAGE_ONPATH_INT_REG_CONSUME_DIST_3        9940787        5.6095          9940787        5.6095

MAP_STAGE_ONPATH_VEC_REG_CONSUME_DIST_3          16066      247.1692            16066      247.1692

MAP_STAGE_ONPATH_INT_REG_CONSUME_DIST_4        2687726        8.4892          2687726        8.4892

MAP_STAGE_ONPATH_VEC_REG_CONSUME_DIST_4            630        2.6033              630        2.6033

MAP_STAGE_ONPATH_INT_REG_CONSUME_DIST_5       13360312       32.2232         13360312       32.2232

MAP_STAGE_ONPATH_VEC_REG_CONSUME_DIST_5              3        3.0000                3        3.0000

MAP_STAGE_ONPATH_INT_REG_CONSUME_DIST_6         778429       23.0454           778429       23.0454

MAP_STAGE_ONPATH_VEC_REG_CONSUME_DIST_6           3105     3105.0000             3105     3105.0000

MAP_STAGE_ONPATH_INT_REG_CONSUME_DIST_7_PLUS      11753685       66.8613         11753685       66.8613

MAP_STAGE_ONPATH_VEC_REG_CONSUME_DIST_7_PLUS           145       18.1250              145       18.1250

MAP_STAGE_INT_REG_ISSUE_READ_TOTAL_CONSUMED      38970105        5.8120         38970105        5.8120

MAP_STAGE_VEC_REG_ISSUE_READ_TOTAL_CONSUMED       1203519        0.1795          1203519        0.1795

MAP_STAGE_INT_REG_ISSUE_READ_MULTI_CONSUMED      15167547        2.2621         15167547        2.2621

MAP_STAGE_VEC_REG_ISSUE_READ_MULTI_CONSUMED        171363        0.0256           171363        0.0256

MAP_STAGE_INT_REG_ISSUE_READ_SAME_CYCLE_CONSUMED       7519638        1.1215          7519638        1.1215

MAP_STAGE_VEC_REG_ISSUE_READ_SAME_CYCLE_CONSUMED        158122        0.0236           158122        0.0236

MAP_STAGE_INT_REG_ISSUE_READ_TOTAL_CONSUMED_ONPATH      38732282        5.8592         38732282        5.8592

MAP_STAGE_VEC_REG_ISSUE_READ_TOTAL_CONSUMED_ONPATH       1200999        0.1817          1200999        0.1817

MAP_STAGE_INT_REG_ISSUE_READ_MULTI_CONSUMED_ONPATH      15049075        2.2765         15049075        2.2765

MAP_STAGE_VEC_REG_ISSUE_READ_MULTI_CONSUMED_ONPATH        170650        0.0258           170650        0.0258

MAP_STAGE_INT_REG_ISSUE_READ_SAME_CYCLE_CONSUMED_ONPATH       7462635        1.1289          7462635        1.1289

MAP_STAGE_VEC_REG_ISSUE_READ_SAME_CYCLE_CONSUMED_ONPATH        157863        0.0239           157863        0.0239

MAP_STAGE_ONPATH_INT_REG_LIFECYCLE_EMPTY     691702911                      691702911              

MAP_STAGE_ONPATH_VEC_REG_LIFECYCLE_EMPTY      31334283                       31334283              

MAP_STAGE_ONPATH_INT_REG_LIFECYCLE_IN_USE    1024108037                     1024108037              

MAP_STAGE_ONPATH_VEC_REG_LIFECYCLE_IN_USE      35684945                       35684945              

MAP_STAGE_ONPATH_INT_REG_LIFECYCLE_SPEC_RELEASE    1567321472                     1567321472              

MAP_STAGE_ONPATH_VEC_REG_LIFECYCLE_SPEC_RELEASE      70997752                       70997752              

MAP_STAGE_ONPATH_INT_REG_LIFECYCLE_NONSPEC_RELEASE    1567321472                     1567321472              

MAP_STAGE_ONPATH_VEC_REG_LIFECYCLE_NONSPEC_RELEASE      70997752                       70997752              

MAP_STAGE_ONPATH_INT_REG_LIFECYCLE_TOTAL    1567321472                     1567321472              

MAP_STAGE_ONPATH_VEC_REG_LIFECYCLE_TOTAL      70997752                       70997752              

MAP_STAGE_ONPATH_INT_REG_NUM_NONBRANCH        33354149                       33354149              

MAP_STAGE_ONPATH_VEC_REG_NUM_NONBRANCH         1031584                        1031584              

MAP_STAGE_ONPATH_INT_REG_NUM_NONEXCEPT        33354149                       33354149              

MAP_STAGE_ONPATH_VEC_REG_NUM_NONEXCEPT         1031584                        1031584              

MAP_STAGE_ONPATH_INT_REG_NUM_ATOMIC           33354149                       33354149              

MAP_STAGE_ONPATH_VEC_REG_NUM_ATOMIC            1031584                        1031584              

MAP_STAGE_ONPATH_INT_REG_ATOMIC_REDEFINED_DIST_TOTAL    1567321472       46.9903       1567321472       46.9903

MAP_STAGE_ONPATH_VEC_REG_ATOMIC_REDEFINED_DIST_TOTAL      70997752       68.8240         70997752       68.8240

MAP_STAGE_ONPATH_INT_REG_ATOMIC_CONSUMED_DIST_TOTAL    1024108037       30.7041       1024108037       30.7041

MAP_STAGE_ONPATH_VEC_REG_ATOMIC_CONSUMED_DIST_TOTAL      35684945       34.5924         35684945       34.5924

MAP_STAGE_ONPATH_INT_REG_ATOMIC_RELEASE_DIST_TOTAL    1567321472       46.9903       1567321472       46.9903

MAP_STAGE_ONPATH_VEC_REG_ATOMIC_RELEASE_DIST_TOTAL      70997752       68.8240         70997752       68.8240

EXEC_STAGE_STARVED                             5472958       77.790%          5472958       77.790%
EXEC_STAGE_NOT_STARVED                         1423946       20.239%          1423946       20.239%
EXEC_STAGE_OFF_PATH                             138637        1.971%           138637        1.971%
                                               7035541      100.000%          7035541      100.000%
                                                  0.24         0.42              0.24         0.42

FU_BUSY_0                                      5320575                        5320575              

FU_BUSY_1                                      4570571                        4570571              

FU_BUSY_2                                      2893853                        2893853              

FU_BUSY_3                                      2893704                        2893704              

FU_BUSY_4                                      4255306                        4255306              

FU_BUSY_5                                      5491351                        5491351              

FU_BUSY_6                                      2139946                        2139946              

FU_BUSY_7                                      2140229                        2140229              

FU_BUSY_8                                      4392756                        4392756              

FU_BUSY_9                                      2893810                        2893810              

FU_BUSY_10                                           0                              0              

FU_BUSY_11                                           0                              0              

FU_BUSY_12                                           0                              0              

FU_BUSY_13                                           0                              0              

FU_BUSY_14                                           0                              0              

FU_BUSY_15                                           0                              0              

FU_BUSY_16                                           0                              0              

FU_BUSY_17                                           0                              0              

FU_BUSY_18                                           0                              0              

FU_BUSY_19                                           0                              0              

FU_BUSY_20                                           0                              0              

FU_BUSY_21                                           0                              0              

FU_BUSY_22                                           0                              0              

FU_BUSY_23                                           0                              0              

FU_BUSY_24                                           0                              0              

FU_BUSY_25                                           0                              0              

FU_BUSY_26                                           0                              0              

FU_BUSY_27                                           0                              0              

FU_BUSY_28                                           0                              0              

FU_BUSY_29                                           0                              0              

FU_BUSY_30                                           0                              0              

FU_BUSY_31                                           0                              0              

FU_REJECTED_OP_INV_NOT_SIMD                          0        0.000%                0        0.000%
FU_REJECTED_OP_NOP_NOT_SIMD                        579        0.152%              579        0.152%
FU_REJECTED_OP_CF_NOT_SIMD                         360        0.095%              360        0.095%
FU_REJECTED_OP_MOV_NOT_SIMD                        581        0.153%              581        0.153%
FU_REJECTED_OP_CMOV_NOT_SIMD                         4        0.001%                4        0.001%
FU_REJECTED_OP_LDA_NOT_SIMD                        137        0.036%              137        0.036%
FU_REJECTED_OP_IMEM_NOT_SIMD                    277303       72.795%           277303       72.795%
FU_REJECTED_OP_IADD_NOT_SIMD                     91410       23.996%            91410       23.996%
FU_REJECTED_OP_IMUL_NOT_SIMD                       699        0.183%              699        0.183%
FU_REJECTED_OP_IDIV_NOT_SIMD                        36        0.009%               36        0.009%
FU_REJECTED_OP_ICMP_NOT_SIMD                        14        0.004%               14        0.004%
FU_REJECTED_OP_LOGIC_NOT_SIMD                      256        0.067%              256        0.067%
FU_REJECTED_OP_SHIFT_NOT_SIMD                      407        0.107%              407        0.107%
FU_REJECTED_OP_FMEM_NOT_SIMD                        50        0.013%               50        0.013%
FU_REJECTED_OP_FCVT_NOT_SIMD                         0        0.000%                0        0.000%
FU_REJECTED_OP_FADD_NOT_SIMD                         0        0.000%                0        0.000%
FU_REJECTED_OP_FMUL_NOT_SIMD                         0        0.000%                0        0.000%
FU_REJECTED_OP_FMA_NOT_SIMD                          0        0.000%                0        0.000%
FU_REJECTED_OP_FDIV_NOT_SIMD                         0        0.000%                0        0.000%
FU_REJECTED_OP_FCMP_NOT_SIMD                         0        0.000%                0        0.000%
FU_REJECTED_OP_FCMOV_NOT_SIMD                        0        0.000%                0        0.000%
FU_REJECTED_OP_GATHER_NOT_SIMD                       0        0.000%                0        0.000%
FU_REJECTED_OP_SCATTER_NOT_SIMD                      0        0.000%                0        0.000%
FU_REJECTED_OP_PIPELINED_FAST_NOT_SIMD               0        0.000%                0        0.000%
FU_REJECTED_OP_PIPELINED_MEDIUM_NOT_SIMD             0        0.000%                0        0.000%
FU_REJECTED_OP_PIPELINED_SLOW_NOT_SIMD               0        0.000%                0        0.000%
FU_REJECTED_OP_NOTPIPELINED_MEDIUM_NOT_SIMD             0        0.000%                0        0.000%
FU_REJECTED_OP_NOTPIPELINED_SLOW_NOT_SIMD             0        0.000%                0        0.000%
FU_REJECTED_OP_NOTPIPELINED_VERY_SLOW_NOT_SIMD            10        0.003%               10        0.003%
FU_REJECTED_OP_INV_SIMD                              0        0.000%                0        0.000%
FU_REJECTED_OP_NOP_SIMD                           3666        0.962%             3666        0.962%
FU_REJECTED_OP_CF_SIMD                               0        0.000%                0        0.000%
FU_REJECTED_OP_MOV_SIMD                              3        0.001%                3        0.001%
FU_REJECTED_OP_CMOV_SIMD                             0        0.000%                0        0.000%
FU_REJECTED_OP_LDA_SIMD                              0        0.000%                0        0.000%
FU_REJECTED_OP_IMEM_SIMD                             0        0.000%                0        0.000%
FU_REJECTED_OP_IADD_SIMD                             0        0.000%                0        0.000%
FU_REJECTED_OP_IMUL_SIMD                             0        0.000%                0        0.000%
FU_REJECTED_OP_IDIV_SIMD                             0        0.000%                0        0.000%
FU_REJECTED_OP_ICMP_SIMD                             0        0.000%                0        0.000%
FU_REJECTED_OP_LOGIC_SIMD                            2        0.001%                2        0.001%
FU_REJECTED_OP_SHIFT_SIMD                           36        0.009%               36        0.009%
FU_REJECTED_OP_FMEM_SIMD                             5        0.001%                5        0.001%
FU_REJECTED_OP_FCVT_SIMD                           403        0.106%              403        0.106%
FU_REJECTED_OP_FADD_SIMD                          4935        1.295%             4935        1.295%
FU_REJECTED_OP_FMUL_SIMD                             0        0.000%                0        0.000%
FU_REJECTED_OP_FMA_SIMD                              0        0.000%                0        0.000%
FU_REJECTED_OP_FDIV_SIMD                             2        0.001%                2        0.001%
FU_REJECTED_OP_FCMP_SIMD                             0        0.000%                0        0.000%
FU_REJECTED_OP_FCMOV_SIMD                            0        0.000%                0        0.000%
FU_REJECTED_OP_GATHER_SIMD                           0        0.000%                0        0.000%
FU_REJECTED_OP_SCATTER_SIMD                          0        0.000%                0        0.000%
FU_REJECTED_OP_PIPELINED_FAST_SIMD                   0        0.000%                0        0.000%
FU_REJECTED_OP_PIPELINED_MEDIUM_SIMD                 0        0.000%                0        0.000%
FU_REJECTED_OP_PIPELINED_SLOW_SIMD                  41        0.011%               41        0.011%
FU_REJECTED_OP_NOTPIPELINED_MEDIUM_SIMD              0        0.000%                0        0.000%
FU_REJECTED_OP_NOTPIPELINED_SLOW_SIMD                0        0.000%                0        0.000%
FU_REJECTED_OP_NOTPIPELINED_VERY_SLOW_SIMD             0        0.000%                0        0.000%
                                                380939      100.000%           380939      100.000%
                                                  7.01         5.05              7.01         5.05

LSQ_FULL_TOTAL                                     115                            115              

LSQ_FULL_LOAD_QUEUE                                  0                              0              

LSQ_FULL_STORE_QUEUE                               115                            115              

OP_WAIT_0                                     24020968                       24020968              

OP_WAIT_1                                      6991355                        6991355              

OP_WAIT_2                                      1768869                        1768869              

OP_WAIT_3                                       849051                         849051              

OP_WAIT_4                                       486599                         486599              

OP_WAIT_5                                       320024                         320024              

OP_WAIT_6                                       260729                         260729              

OP_WAIT_7                                       209015                         209015              

OP_WAIT_8                                       173150                         173150              

OP_WAIT_9                                       145238                         145238              

OP_WAIT_10                                      120604                         120604              

OP_WAIT_11                                       92374                          92374              

OP_WAIT_12                                       61706                          61706              

OP_WAIT_13                                       64915                          64915              

OP_WAIT_14                                       57734                          57734              

OP_WAIT_15                                       47781                          47781              

OP_WAIT_16                                       43541                          43541              

OP_WAIT_17                                       48262                          48262              

OP_WAIT_18                                       37155                          37155              

OP_WAIT_19                                       24945                          24945              

OP_WAIT_20                                       17900                          17900              

OP_WAIT_21                                       19072                          19072              

OP_WAIT_22                                       20619                          20619              

OP_WAIT_23                                       14339                          14339              

OP_WAIT_24                                        9703                           9703              

OP_WAIT_25                                        7400                           7400              

OP_WAIT_26                                        6084                           6084              

OP_WAIT_27                                        3007                           3007              

OP_WAIT_28                                        1479                           1479              

OP_WAIT_29                                         813                            813              

OP_WAIT_30                                         687                            687              

OP_WAIT_31                                        1221                           1221              

ROW_SIZE_0                                     1779497                        1779497              

ROW_SIZE_1                                      403169                         403169              

ROW_SIZE_2                                      222733                         222733              

ROW_SIZE_3                                      128248                         128248              

ROW_SIZE_4                                      109089                         109089              

ROW_SIZE_5                                       53894                          53894              

ROW_SIZE_6                                       50630                          50630              

ROW_SIZE_7                                       52718                          52718              

ROW_SIZE_8                                     4164291                        4164291              

ROW_SIZE_9                                           0                              0              

ROW_SIZE_10                                          0                              0              

ROW_SIZE_11                                          0                              0              

ROW_SIZE_12                                          0                              0              

ROW_SIZE_13                                          0                              0              

ROW_SIZE_14                                          0                              0              

ROW_SIZE_15                                          0                              0              

ROW_SIZE_16                                          0                              0              

ROW_SIZE_17                                          0                              0              

ROW_SIZE_18                                          0                              0              

ROW_SIZE_19                                          0                              0              

ROW_SIZE_20                                          0                              0              

ROW_SIZE_21                                          0                              0              

ROW_SIZE_22                                          0                              0              

ROW_SIZE_23                                          0                              0              

ROW_SIZE_24                                          0                              0              

ROW_SIZE_25                                          0                              0              

ROW_SIZE_26                                          0                              0              

ROW_SIZE_27                                          0                              0              

ROW_SIZE_28                                          0                              0              

ROW_SIZE_29                                          0                              0              

ROW_SIZE_30                                          0                              0              

ROW_SIZE_31                                          0                              0              

RET_OP_EXEC_COUNT_0                                  0        0.000%                0        0.000%
RET_OP_EXEC_COUNT_1                           35926339      100.000%         35926339      100.000%
RET_OP_EXEC_COUNT_2                                  0        0.000%                0        0.000%
RET_OP_EXEC_COUNT_3                                  0        0.000%                0        0.000%
RET_OP_EXEC_COUNT_4                                  0        0.000%                0        0.000%
RET_OP_EXEC_COUNT_5                                  0        0.000%                0        0.000%
RET_OP_EXEC_COUNT_6                                  0        0.000%                0        0.000%
RET_OP_EXEC_COUNT_7                                  0        0.000%                0        0.000%
RET_OP_EXEC_COUNT_8                                  0        0.000%                0        0.000%
RET_OP_EXEC_COUNT_9                                  0        0.000%                0        0.000%
RET_OP_EXEC_COUNT_10                                 0        0.000%                0        0.000%
RET_OP_EXEC_COUNT_11                                 0        0.000%                0        0.000%
RET_OP_EXEC_COUNT_12                                 0        0.000%                0        0.000%
RET_OP_EXEC_COUNT_13                                 0        0.000%                0        0.000%
RET_OP_EXEC_COUNT_14                                 0        0.000%                0        0.000%
RET_OP_EXEC_COUNT_15                                 0        0.000%                0        0.000%
RET_OP_EXEC_COUNT_16                                 0        0.000%                0        0.000%
RET_OP_EXEC_COUNT_17                                 0        0.000%                0        0.000%
RET_OP_EXEC_COUNT_18                                 0        0.000%                0        0.000%
RET_OP_EXEC_COUNT_19                                 0        0.000%                0        0.000%
RET_OP_EXEC_COUNT_20                                 0        0.000%                0        0.000%
RET_OP_EXEC_COUNT_21                                 0        0.000%                0        0.000%
RET_OP_EXEC_COUNT_22                                 0        0.000%                0        0.000%
RET_OP_EXEC_COUNT_23                                 0        0.000%                0        0.000%
RET_OP_EXEC_COUNT_24                                 0        0.000%                0        0.000%
RET_OP_EXEC_COUNT_25                                 0        0.000%                0        0.000%
RET_OP_EXEC_COUNT_26                                 0        0.000%                0        0.000%
RET_OP_EXEC_COUNT_27                                 0        0.000%                0        0.000%
RET_OP_EXEC_COUNT_28                                 0        0.000%                0        0.000%
RET_OP_EXEC_COUNT_29                                 0        0.000%                0        0.000%
RET_OP_EXEC_COUNT_30                                 0        0.000%                0        0.000%
RET_OP_EXEC_COUNT_31                                 0        0.000%                0        0.000%
RET_OP_EXEC_COUNT_32                                 0        0.000%                0        0.000%
                                              35926339      100.000%         35926339      100.000%
                                                  1.00         0.00              1.00         0.00

RET_STALL_LENGTH_0                            35925503       99.998%         35925503       99.998%
RET_STALL_LENGTH_100                               714        0.002%              714        0.002%
RET_STALL_LENGTH_200                                89        0.000%               89        0.000%
RET_STALL_LENGTH_300                                 5        0.000%                5        0.000%
RET_STALL_LENGTH_400                                 6        0.000%                6        0.000%
RET_STALL_LENGTH_500                                 3        0.000%                3        0.000%
RET_STALL_LENGTH_600                                 1        0.000%                1        0.000%
RET_STALL_LENGTH_700                                 2        0.000%                2        0.000%
RET_STALL_LENGTH_800                                 2        0.000%                2        0.000%
RET_STALL_LENGTH_900                                 2        0.000%                2        0.000%
RET_STALL_LENGTH_1000                                3        0.000%                3        0.000%
RET_STALL_LENGTH_1100                                3        0.000%                3        0.000%
RET_STALL_LENGTH_1200                                5        0.000%                5        0.000%
RET_STALL_LENGTH_1300                                0        0.000%                0        0.000%
RET_STALL_LENGTH_1400                                0        0.000%                0        0.000%
RET_STALL_LENGTH_1500                                0        0.000%                0        0.000%
RET_STALL_LENGTH_1600                                0        0.000%                0        0.000%
RET_STALL_LENGTH_1700                                1        0.000%                1        0.000%
RET_STALL_LENGTH_1800                                0        0.000%                0        0.000%
RET_STALL_LENGTH_1900                                0        0.000%                0        0.000%
RET_STALL_LENGTH_2000                                0        0.000%                0        0.000%
RET_STALL_LENGTH_2100                                0        0.000%                0        0.000%
RET_STALL_LENGTH_2200                                0        0.000%                0        0.000%
RET_STALL_LENGTH_2300                                0        0.000%                0        0.000%
RET_STALL_LENGTH_2400                                0        0.000%                0        0.000%
RET_STALL_LENGTH_2500                                0        0.000%                0        0.000%
RET_STALL_LENGTH_2600                                0        0.000%                0        0.000%
RET_STALL_LENGTH_2700                                0        0.000%                0        0.000%
RET_STALL_LENGTH_2800                                0        0.000%                0        0.000%
RET_STALL_LENGTH_2900                                0        0.000%                0        0.000%
RET_STALL_LENGTH_3000                                0        0.000%                0        0.000%
RET_STALL_LENGTH_3100                                0        0.000%                0        0.000%
RET_STALL_LENGTH_3200                                0        0.000%                0        0.000%
RET_STALL_LENGTH_3300                                0        0.000%                0        0.000%
RET_STALL_LENGTH_3400                                0        0.000%                0        0.000%
RET_STALL_LENGTH_3500                                0        0.000%                0        0.000%
RET_STALL_LENGTH_3600                                0        0.000%                0        0.000%
RET_STALL_LENGTH_3700                                0        0.000%                0        0.000%
RET_STALL_LENGTH_3800                                0        0.000%                0        0.000%
RET_STALL_LENGTH_3900                                0        0.000%                0        0.000%
RET_STALL_LENGTH_4000                                0        0.000%                0        0.000%
RET_STALL_LENGTH_4100                                0        0.000%                0        0.000%
RET_STALL_LENGTH_4200                                0        0.000%                0        0.000%
RET_STALL_LENGTH_4300                                0        0.000%                0        0.000%
RET_STALL_LENGTH_4400                                0        0.000%                0        0.000%
RET_STALL_LENGTH_4500                                0        0.000%                0        0.000%
RET_STALL_LENGTH_4600                                0        0.000%                0        0.000%
RET_STALL_LENGTH_4700                                0        0.000%                0        0.000%
RET_STALL_LENGTH_4800                                0        0.000%                0        0.000%
RET_STALL_LENGTH_4900                                0        0.000%                0        0.000%
RET_STALL_LENGTH_5000                                0        0.000%                0        0.000%
                                              35926339      100.000%         35926339      100.000%
                                                  0.00         0.01              0.00         0.01

MEM_BLOCK_LENGTH_0                                  11       91.667%               11       91.667%
MEM_BLOCK_LENGTH_100                                 0        0.000%                0        0.000%
MEM_BLOCK_LENGTH_200                                 0        0.000%                0        0.000%
MEM_BLOCK_LENGTH_300                                 0        0.000%                0        0.000%
MEM_BLOCK_LENGTH_400                                 1        8.333%                1        8.333%
MEM_BLOCK_LENGTH_500                                 0        0.000%                0        0.000%
MEM_BLOCK_LENGTH_600                                 0        0.000%                0        0.000%
MEM_BLOCK_LENGTH_700                                 0        0.000%                0        0.000%
MEM_BLOCK_LENGTH_800                                 0        0.000%                0        0.000%
MEM_BLOCK_LENGTH_900                                 0        0.000%                0        0.000%
MEM_BLOCK_LENGTH_1000                                0        0.000%                0        0.000%
MEM_BLOCK_LENGTH_1100                                0        0.000%                0        0.000%
MEM_BLOCK_LENGTH_1200                                0        0.000%                0        0.000%
MEM_BLOCK_LENGTH_1300                                0        0.000%                0        0.000%
MEM_BLOCK_LENGTH_1400                                0        0.000%                0        0.000%
MEM_BLOCK_LENGTH_1500                                0        0.000%                0        0.000%
MEM_BLOCK_LENGTH_1600                                0        0.000%                0        0.000%
MEM_BLOCK_LENGTH_1700                                0        0.000%                0        0.000%
MEM_BLOCK_LENGTH_1800                                0        0.000%                0        0.000%
MEM_BLOCK_LENGTH_1900                                0        0.000%                0        0.000%
MEM_BLOCK_LENGTH_2000                                0        0.000%                0        0.000%
MEM_BLOCK_LENGTH_2100                                0        0.000%                0        0.000%
MEM_BLOCK_LENGTH_2200                                0        0.000%                0        0.000%
MEM_BLOCK_LENGTH_2300                                0        0.000%                0        0.000%
MEM_BLOCK_LENGTH_2400                                0        0.000%                0        0.000%
MEM_BLOCK_LENGTH_2500                                0        0.000%                0        0.000%
MEM_BLOCK_LENGTH_2600                                0        0.000%                0        0.000%
MEM_BLOCK_LENGTH_2700                                0        0.000%                0        0.000%
MEM_BLOCK_LENGTH_2800                                0        0.000%                0        0.000%
MEM_BLOCK_LENGTH_2900                                0        0.000%                0        0.000%
MEM_BLOCK_LENGTH_3000                                0        0.000%                0        0.000%
MEM_BLOCK_LENGTH_3100                                0        0.000%                0        0.000%
MEM_BLOCK_LENGTH_3200                                0        0.000%                0        0.000%
MEM_BLOCK_LENGTH_3300                                0        0.000%                0        0.000%
MEM_BLOCK_LENGTH_3400                                0        0.000%                0        0.000%
MEM_BLOCK_LENGTH_3500                                0        0.000%                0        0.000%
MEM_BLOCK_LENGTH_3600                                0        0.000%                0        0.000%
MEM_BLOCK_LENGTH_3700                                0        0.000%                0        0.000%
MEM_BLOCK_LENGTH_3800                                0        0.000%                0        0.000%
MEM_BLOCK_LENGTH_3900                                0        0.000%                0        0.000%
MEM_BLOCK_LENGTH_4000                                0        0.000%                0        0.000%
MEM_BLOCK_LENGTH_4100                                0        0.000%                0        0.000%
MEM_BLOCK_LENGTH_4200                                0        0.000%                0        0.000%
MEM_BLOCK_LENGTH_4300                                0        0.000%                0        0.000%
MEM_BLOCK_LENGTH_4400                                0        0.000%                0        0.000%
MEM_BLOCK_LENGTH_4500                                0        0.000%                0        0.000%
MEM_BLOCK_LENGTH_4600                                0        0.000%                0        0.000%
MEM_BLOCK_LENGTH_4700                                0        0.000%                0        0.000%
MEM_BLOCK_LENGTH_4800                                0        0.000%                0        0.000%
MEM_BLOCK_LENGTH_4900                                0        0.000%                0        0.000%
MEM_BLOCK_LENGTH_5000                                0        0.000%                0        0.000%
                                                    12      100.000%               12      100.000%
                                                  0.33         1.11              0.33         1.11

FUS_BUSY_ON_PATH                              36695562        5.2157         36695562        5.2157

FUS_BUSY_OFF_PATH                               296539        0.0421           296539        0.0421

FU_BUSY_MEM_STALL                               762484        0.1084           762484        0.1084

FUS_EMPTY                                     33363309        4.7421         33363309        4.7421

FU_UNAVAILABLE                                    6898        0.0010             6898        0.0010

FU_MEM_UNAVAILABLE                              374041        0.0532           374041        0.0532

FU_OTHER_UNAVAILABLE                                 0        0.0000                0        0.0000

FU_REPLAY                                            0        0.0000                0        0.0000

FU_STARVED                                    33342623        4.7392         33342623        4.7392

CHIP_UTILIZATION                                     0        0.0000                0        0.0000

CYCLES_UNDER_MEM_REQ                                 0                              0              

CYCLES_UNDER_NO_MEM_REQ                              0                              0              

CYCLES_UNDER_CRITICAL_MEM_REQ                        0                              0              

CYCLES_UNDER_NONCRITICAL_MEM_REQ                     0                              0              

CHIP_UTILIZATION_UNDER_MEM_REQ                       0          -nan                0          -nan

CHIP_UTILIZATION_UNDER_NO_MEM_REQ                    0          -nan                0          -nan

CHIP_UTILIZATION_UNDER_CRITICAL_MEM_REQ              0          -nan                0          -nan

CHIP_UTILIZATION_UNDER_NONCRITICAL_MEM_REQ             0          -nan                0          -nan

CYCLES_NOT_WAITING_FOR_OFF_CHIP                      0        0.0000                0        0.0000

FUS_BUSY_NOT_WAITING_FOR_OFF_CHIP                    0          -nan                0          -nan

CYCLES_WAITING_FOR_OFF_CHIP                          0        0.0000                0        0.0000

FUS_BUSY_WAITING_FOR_OFF_CHIP                        0          -nan                0          -nan

TOTAL_OFF_CHIP_DELAYS_LEFT                           0                              0              

WRONG_IO_SCHED                                       0                              0              

DVFS_CONFIG_SWITCH                                   0                              0              

MAP_STAGE_RECEIVED_OPS_0                             0        0.000%                0        0.000%
MAP_STAGE_RECEIVED_OPS_1                          4041        0.067%             4041        0.067%
MAP_STAGE_RECEIVED_OPS_2                          6183        0.103%             6183        0.103%
MAP_STAGE_RECEIVED_OPS_3                         14391        0.240%            14391        0.240%
MAP_STAGE_RECEIVED_OPS_4                          6384        0.106%             6384        0.106%
MAP_STAGE_RECEIVED_OPS_5                          8553        0.142%             8553        0.142%
MAP_STAGE_RECEIVED_OPS_6                       5965032       99.341%          5965032       99.341%
MAP_STAGE_RECEIVED_OPS_7                             0        0.000%                0        0.000%
MAP_STAGE_RECEIVED_OPS_8                             0        0.000%                0        0.000%
MAP_STAGE_RECEIVED_OPS_MAX                           0        0.000%                0        0.000%
                                               6004584      100.000%          6004584      100.000%
                                                  5.98         0.25              5.98         0.25

MAP_STAGE_WAIT_FOR_DECODE                            0         -nan%                0         -nan%
MAP_STAGE_CONSUME_DECODE                             0         -nan%                0         -nan%
                                                     0         -nan%                0         -nan%
                                                  -nan         -nan              -nan         -nan

MAP_STAGE_WAIT_FOR_DECODE2                           0         -nan%                0         -nan%
MAP_STAGE_CONSUME_DECODE2                            0         -nan%                0         -nan%
                                                     0         -nan%                0         -nan%
                                                  -nan         -nan              -nan         -nan

FTQ_RECOVER_EXEC                                  4070                           4070              

FTQ_RECOVER_DECODE                                 468                            468              

FTQ_OFFPATH_CYCLES                             1613442                        1613442              

FTQ_CYCLES_OFFPATH                             1613442                        1613442              

FTQ_CYCLES_ONPATH                              5422099                        5422099              

FTQ_FETCHED_INS_ONPATH                        35926224                       35926224              

FTQ_FETCHED_INS_OFFPATH                        9758907                        9758907              

FTQ_BREAK_FULL_FT_ONPATH                       2826838                        2826838              

FTQ_BREAK_FULL_FT_OFFPATH                       715329                         715329              

FTQ_BREAK_PRED_BR_ONPATH                             0                              0              

FTQ_BREAK_PRED_BR_OFFPATH                            0                              0              

FTQ_BREAK_BAR_FETCH_ONPATH                           0                              0              

FTQ_BREAK_BAR_FETCH_OFFPATH                          0                              0              

FTQ_BREAK_MAX_CFS_TAKEN_ONPATH                       0                              0              

FTQ_BREAK_MAX_CFS_TAKEN_OFFPATH                      0                              0              

FTQ_BREAK_MAX_FT_ONPATH                        2595177                        2595177              

FTQ_BREAK_MAX_FT_OFFPATH                        898113                         898113              

DFE_GEN_ON_PATH_FT                             4598610                        4598610              

DFE_GEN_OFF_PATH_FT                             963247                         963247              

DFE_L0_ENABLED_PREDICTIONS                    35926339                       35926339              

DFE_L0_WRONG_MAIN_CORRECT                       454739                         454739              

DFE_L0_WRONG_MAIN_WRONG                           3188                           3188              

DFE_L0_CORRECT_MAIN_WRONG                         1350                           1350              

DFE_L0_CORRECT_MAIN_CORRECT                   35467062                       35467062              

DFE_L0_WRONG_MAIN_CORRECT_RECOVERY_SCHEDULED             0                              0              

FTQ_SAW_BAR_FETCH_OFFPATH                          424                            424              

FTQ_SAW_BAR_FETCH_ONPATH                           221                            221              

DFE_CONF_0_RECOVER_AT_EXEC                           0         -nan%                0         -nan%
DFE_CONF_1_RECOVER_AT_EXEC                           0         -nan%                0         -nan%
DFE_CONF_2_RECOVER_AT_EXEC                           0         -nan%                0         -nan%
DFE_CONF_3_RECOVER_AT_EXEC                           0         -nan%                0         -nan%
DFE_CONF_0_CORRECT                                   0         -nan%                0         -nan%
DFE_CONF_1_CORRECT                                   0         -nan%                0         -nan%
DFE_CONF_2_CORRECT                                   0         -nan%                0         -nan%
DFE_CONF_3_CORRECT                                   0         -nan%                0         -nan%
                                                     0         -nan%                0         -nan%
                                                  -nan         -nan              -nan         -nan

DFE_ON_CONF_ON_OPS                                   0         -nan%                0         -nan%
DFE_ON_CONF_OFF_OPS                                  0         -nan%                0         -nan%
DFE_OFF_CONF_ON_OPS                                  0         -nan%                0         -nan%
DFE_OFF_CONF_OFF_REALISTIC_OPS                       0         -nan%                0         -nan%
DFE_OFF_CONF_OFF_PERFECT_OPS                         0         -nan%                0         -nan%
                                                     0         -nan%                0         -nan%
                                                  -nan         -nan              -nan         -nan

DFE_ON_CONF_ON_FETCH_TARGETS                         0         -nan%                0         -nan%
DFE_ON_CONF_OFF_FETCH_TARGETS                        0         -nan%                0         -nan%
DFE_OFF_CONF_ON_FETCH_TARGETS                        0         -nan%                0         -nan%
DFE_OFF_CONF_OFF_REALISTIC_FETCH_TARGETS             0         -nan%                0         -nan%
DFE_OFF_CONF_OFF_PERFECT_FETCH_TARGETS               0         -nan%                0         -nan%
                                                     0         -nan%                0         -nan%
                                                  -nan         -nan              -nan         -nan

DFE_ON_CONF_ON_CYCLES                                0         -nan%                0         -nan%
DFE_ON_CONF_OFF_CYCLES                               0         -nan%                0         -nan%
DFE_OFF_CONF_ON_CYCLES                               0         -nan%                0         -nan%
DFE_OFF_CONF_OFF_REALISTIC_CYCLES                    0         -nan%                0         -nan%
DFE_OFF_CONF_OFF_PERFECT_CYCLES                      0         -nan%                0         -nan%
                                                     0         -nan%                0         -nan%
                                                  -nan         -nan              -nan         -nan

DFE_OFF_CONF_ON_NUM_EVENTS                           0                              0              

DFE_OFF_CONF_ON_NOT_IDENTIFIED_EVENTS                0         -nan%                0         -nan%
DFE_OFF_CONF_ON_IBTB_MISS_EVENTS                     0         -nan%                0         -nan%
DFE_OFF_CONF_ON_BTB_MISS_EVENTS                      0         -nan%                0         -nan%
DFE_OFF_CONF_ON_BTB_MISS_RECOVER_AT_EXEC_EVENTS             0         -nan%                0         -nan%
DFE_OFF_CONF_ON_RECOVER_AT_EXEC_EVENTS               0         -nan%                0         -nan%
DFE_OFF_CONF_ON_RECOVER_AT_DECODE_EVENTS             0         -nan%                0         -nan%
                                                     0         -nan%                0         -nan%
                                                  -nan         -nan              -nan         -nan

DFE_OFF_CONF_ON_LATE_BTB_HIT_EVENTS                  0                              0              

DFE_OFF_CONF_ON_NOT_IDENTIFIED_CYCLES                0         -nan%                0         -nan%
DFE_OFF_CONF_ON_IBTB_MISS_CYCLES                     0         -nan%                0         -nan%
DFE_OFF_CONF_ON_BTB_MISS_CYCLES                      0         -nan%                0         -nan%
DFE_OFF_CONF_ON_BTB_MISS_RECOVER_AT_EXEC_CYCLES             0         -nan%                0         -nan%
DFE_OFF_CONF_ON_RECOVER_AT_EXEC_CYCLES               0         -nan%                0         -nan%
DFE_OFF_CONF_ON_RECOVER_AT_DECODE_CYCLES             0         -nan%                0         -nan%
                                                     0         -nan%                0         -nan%
                                                  -nan         -nan              -nan         -nan

DFE_OFF_CONF_ON_LATE_BTB_HIT_CYCLES                  0                              0              

DFE_OFF_CONF_ON_NOT_IDENTIFIED_FETCH_TARGETS             0         -nan%                0         -nan%
DFE_OFF_CONF_ON_IBTB_MISS_FETCH_TARGETS              0         -nan%                0         -nan%
DFE_OFF_CONF_ON_BTB_MISS_FETCH_TARGETS               0         -nan%                0         -nan%
DFE_OFF_CONF_ON_BTB_MISS_RECOVER_AT_EXEC_FETCH_TARGETS             0         -nan%                0         -nan%
DFE_OFF_CONF_ON_RECOVER_AT_EXEC_FETCH_TARGETS             0         -nan%                0         -nan%
DFE_OFF_CONF_ON_RECOVER_AT_DECODE_FETCH_TARGETS             0         -nan%                0         -nan%
                                                     0         -nan%                0         -nan%
                                                  -nan         -nan              -nan         -nan

DFE_OFF_CONF_ON_LATE_BTB_HIT_FETCH_TARGETS             0                              0              

DFE_OFF_CONF_ON_BP_INCORRECT_0_CONF                  0         -nan%                0         -nan%
DFE_OFF_CONF_ON_BP_INCORRECT_1_CONF                  0         -nan%                0         -nan%
DFE_OFF_CONF_ON_BP_INCORRECT_2_CONF                  0         -nan%                0         -nan%
DFE_OFF_CONF_ON_BP_INCORRECT_3_CONF                  0         -nan%                0         -nan%
                                                     0         -nan%                0         -nan%
                                                  -nan         -nan              -nan         -nan

DFE_OFF_CONF_ON_BTB_MISS_CBR_0_CONF                  0         -nan%                0         -nan%
DFE_OFF_CONF_ON_BTB_MISS_CBR_1_CONF                  0         -nan%                0         -nan%
DFE_OFF_CONF_ON_BTB_MISS_CBR_2_CONF                  0         -nan%                0         -nan%
DFE_OFF_CONF_ON_BTB_MISS_CBR_3_CONF                  0         -nan%                0         -nan%
                                                     0         -nan%                0         -nan%
                                                  -nan         -nan              -nan         -nan

DFE_OFF_CONF_ON_BTB_MISS_NOT_CF                      0         -nan%                0         -nan%
DFE_OFF_CONF_ON_BTB_MISS_CF_BR                       0         -nan%                0         -nan%
DFE_OFF_CONF_ON_BTB_MISS_CF_CBR                      0         -nan%                0         -nan%
DFE_OFF_CONF_ON_BTB_MISS_CF_CALL                     0         -nan%                0         -nan%
DFE_OFF_CONF_ON_BTB_MISS_CF_IBR                      0         -nan%                0         -nan%
DFE_OFF_CONF_ON_BTB_MISS_CF_ICALL                    0         -nan%                0         -nan%
DFE_OFF_CONF_ON_BTB_MISS_CF_ICO                      0         -nan%                0         -nan%
DFE_OFF_CONF_ON_BTB_MISS_CF_RET                      0         -nan%                0         -nan%
DFE_OFF_CONF_ON_BTB_MISS_CF_SYS                      0         -nan%                0         -nan%
                                                     0         -nan%                0         -nan%
                                                  -nan         -nan              -nan         -nan

DFE_ON_CONF_OFF_NUM_EVENTS                           0                              0              

CONF_BTB_NUM_CYCLES_OFF_PATH_EVENT                   0                              0              

DFE_ON_CONF_OFF_IBTB_MISS_BP_TAKEN                   0         -nan%                0         -nan%
DFE_ON_CONF_OFF_BTB_MISS_BP_TAKEN_CONF_0             0         -nan%                0         -nan%
DFE_ON_CONF_OFF_BTB_MISS_BP_TAKEN_CONF_1             0         -nan%                0         -nan%
DFE_ON_CONF_OFF_BTB_MISS_BP_TAKEN_CONF_2             0         -nan%                0         -nan%
DFE_ON_CONF_OFF_BTB_MISS_BP_TAKEN_CONF_3             0         -nan%                0         -nan%
DFE_ON_CONF_OFF_BTB_MISS_RATE                        0         -nan%                0         -nan%
DFE_ON_CONF_OFF_IBTB_MISS_RATE                       0         -nan%                0         -nan%
DFE_ON_CONF_OFF_RECOVER_AT_DECODE_RATE               0         -nan%                0         -nan%
DFE_ON_CONF_OFF_RECOVER_AT_EXEC_RATE                 0         -nan%                0         -nan%
DFE_ON_CONF_OFF_INV_CONF_INC                         0         -nan%                0         -nan%
DFE_ON_CONF_OFF_PERFECT_CONF                         0         -nan%                0         -nan%
                                                     0         -nan%                0         -nan%
                                                  -nan         -nan              -nan         -nan

DFE_ON_CONF_OFF_IBTB_MISS_BP_TAKEN_CYCLES             0         -nan%                0         -nan%
DFE_ON_CONF_OFF_BTB_MISS_BP_TAKEN_CONF_0_CYCLES             0         -nan%                0         -nan%
DFE_ON_CONF_OFF_BTB_MISS_BP_TAKEN_CONF_1_CYCLES             0         -nan%                0         -nan%
DFE_ON_CONF_OFF_BTB_MISS_BP_TAKEN_CONF_2_CYCLES             0         -nan%                0         -nan%
DFE_ON_CONF_OFF_BTB_MISS_BP_TAKEN_CONF_3_CYCLES             0         -nan%                0         -nan%
DFE_ON_CONF_OFF_BTB_MISS_RATE_CYCLES                 0         -nan%                0         -nan%
DFE_ON_CONF_OFF_IBTB_MISS_RATE_CYCLES                0         -nan%                0         -nan%
DFE_ON_CONF_OFF_RECOVER_AT_DECODE_RATE_CYCLES             0         -nan%                0         -nan%
DFE_ON_CONF_OFF_RECOVER_AT_EXEC_RATE_CYCLES             0         -nan%                0         -nan%
DFE_ON_CONF_OFF_INV_CONF_INC_CYCLES                  0         -nan%                0         -nan%
DFE_ON_CONF_OFF_PERFECT_CONF_CYCLES                  0         -nan%                0         -nan%
                                                     0         -nan%                0         -nan%
                                                  -nan         -nan              -nan         -nan

DFE_ON_CONF_OFF_IBTB_MISS_BP_TAKEN_FETCH_TARGETS             0         -nan%                0         -nan%
DFE_ON_CONF_OFF_BTB_MISS_BP_TAKEN_CONF_0_FETCH_TARGETS             0         -nan%                0         -nan%
DFE_ON_CONF_OFF_BTB_MISS_BP_TAKEN_CONF_1_FETCH_TARGETS             0         -nan%                0         -nan%
DFE_ON_CONF_OFF_BTB_MISS_BP_TAKEN_CONF_2_FETCH_TARGETS             0         -nan%                0         -nan%
DFE_ON_CONF_OFF_BTB_MISS_BP_TAKEN_CONF_3_FETCH_TARGETS             0         -nan%                0         -nan%
DFE_ON_CONF_OFF_BTB_MISS_RATE_FETCH_TARGETS             0         -nan%                0         -nan%
DFE_ON_CONF_OFF_IBTB_MISS_RATE_FETCH_TARGETS             0         -nan%                0         -nan%
DFE_ON_CONF_OFF_RECOVER_AT_DECODE_RATE_FETCH_TARGETS             0         -nan%                0         -nan%
DFE_ON_CONF_OFF_RECOVER_AT_EXEC_RATE_FETCH_TARGETS             0         -nan%                0         -nan%
DFE_ON_CONF_OFF_INV_CONF_INC_FETCH_TARGETS             0         -nan%                0         -nan%
DFE_ON_CONF_OFF_PERFECT_CONF_FETCH_TARGETS             0         -nan%                0         -nan%
                                                     0         -nan%                0         -nan%
                                                  -nan         -nan              -nan         -nan

CONF_OFF_IBTB_MISS_BP_TAKEN                          0         -nan%                0         -nan%
CONF_OFF_BTB_MISS_BP_TAKEN_CONF_0                    0         -nan%                0         -nan%
CONF_OFF_BTB_MISS_BP_TAKEN_CONF_1                    0         -nan%                0         -nan%
CONF_OFF_BTB_MISS_BP_TAKEN_CONF_2                    0         -nan%                0         -nan%
CONF_OFF_BTB_MISS_BP_TAKEN_CONF_3                    0         -nan%                0         -nan%
CONF_OFF_BTB_MISS_RATE                               0         -nan%                0         -nan%
CONF_OFF_IBTB_MISS_RATE                              0         -nan%                0         -nan%
CONF_OFF_RECOVER_AT_DECODE_RATE                      0         -nan%                0         -nan%
CONF_OFF_RECOVER_AT_EXEC_RATE                        0         -nan%                0         -nan%
CONF_OFF_INV_CONF_INC                                0         -nan%                0         -nan%
CONF_OFF_PERFECT_CONF                                0         -nan%                0         -nan%
                                                     0         -nan%                0         -nan%
                                                  -nan         -nan              -nan         -nan

TOPDOWN_TOTAL_SLOTS                           42213246                       42213246              

TOPDOWN_ISSUED_SLOTS                          36609696                       36609696              

TOPDOWN_RETIRED_SLOTS                         35926339                       35926339              

TOPDOWN_FETCH_BUBBLES_SLOTS                     594947                         594947              

TOPDOWN_RECOVERY_BUBBLES_SLOTS                   98236                          98236              

TOPDOWN_MEM_LOAD_STALLS_CYCLES                  797487                         797487              

TOPDOWN_MEM_STORE_STALLS_CYCLES                     86                             86              

TOPDOWN_EXEC_STALLS_CYCLES                      246208                         246208              

TOPDOWN_BACKEND_STALLS_CYCLES                   797801                         797801              

TOPDOWN_FETCH_BUBBLES_GT_MIW_CYCLES              83423                          83423              

TOPDOWN_BR_RECOVER_AT_EXEC_RETIRED_CYCLES          4070                           4070              

TOPDOWN_MACHINE_CLEAR_CYCLES                    459277                         459277              

TOPDOWN_FRONTEND_BOUND                             140                            140              

TOPDOWN_BACKEND_BOUND                             1165                           1165              

TOPDOWN_BAD_SPEC_BOUND                             185                            185              

TOPDOWN_RETIRING_BOUND                            8510                           8510              

TOPDOWN_FETCH_LATENCY_BOUND                        118                            118              

TOPDOWN_FETCH_BANDWIDTH_BOUND                       22                             22              

TOPDOWN_MEM_BOUND                                 1164                           1164              

TOPDOWN_CORE_BOUND                                   1                              1              

TOPDOWN_BR_RECOVER_AT_EXEC_BOUND                     1                              1              

TOPDOWN_MACHINE_CLEARS_BOUND                       184                            184              

H2P_SEEN_MAIN                                    21245                          21245              



