               ramulator.active_cycles_0            39161447                                      # Total active cycles for level _0
                 ramulator.busy_cycles_0            39161447                                      # (All-bank refresh only. busy cycles only include refresh time in rank level) The sum of cycles that the DRAM part is active or under refresh for level _0
            ramulator.serving_requests_0           132543295                                      # The sum of read and write requests that are served in this DRAM element per memory cycle for level _0
    ramulator.average_serving_requests_0            3.157045                                      # The average of read and write requests that are served in this DRAM element per memory cycle for level _0
             ramulator.active_cycles_0_0            39161447                                      # Total active cycles for level _0_0
               ramulator.busy_cycles_0_0            39520967                                      # (All-bank refresh only. busy cycles only include refresh time in rank level) The sum of cycles that the DRAM part is active or under refresh for level _0_0
          ramulator.serving_requests_0_0           132543295                                      # The sum of read and write requests that are served in this DRAM element per memory cycle for level _0_0
  ramulator.average_serving_requests_0_0            3.157045                                      # The average of read and write requests that are served in this DRAM element per memory cycle for level _0_0
           ramulator.active_cycles_0_0_0            22917395                                      # Total active cycles for level _0_0_0
             ramulator.busy_cycles_0_0_0            22917395                                      # (All-bank refresh only. busy cycles only include refresh time in rank level) The sum of cycles that the DRAM part is active or under refresh for level _0_0_0
        ramulator.serving_requests_0_0_0            35746939                                      # The sum of read and write requests that are served in this DRAM element per memory cycle for level _0_0_0
ramulator.average_serving_requests_0_0_0            0.851455                                      # The average of read and write requests that are served in this DRAM element per memory cycle for level _0_0_0
         ramulator.active_cycles_0_0_0_0             8085968                                      # Total active cycles for level _0_0_0_0
           ramulator.busy_cycles_0_0_0_0             8085968                                      # (All-bank refresh only. busy cycles only include refresh time in rank level) The sum of cycles that the DRAM part is active or under refresh for level _0_0_0_0
      ramulator.serving_requests_0_0_0_0             8982126                                      # The sum of read and write requests that are served in this DRAM element per memory cycle for level _0_0_0_0
ramulator.average_serving_requests_0_0_0_0            0.213945                                      # The average of read and write requests that are served in this DRAM element per memory cycle for level _0_0_0_0
         ramulator.active_cycles_0_0_0_1             8749905                                      # Total active cycles for level _0_0_0_1
           ramulator.busy_cycles_0_0_0_1             8749905                                      # (All-bank refresh only. busy cycles only include refresh time in rank level) The sum of cycles that the DRAM part is active or under refresh for level _0_0_0_1
      ramulator.serving_requests_0_0_0_1             9733642                                      # The sum of read and write requests that are served in this DRAM element per memory cycle for level _0_0_0_1
ramulator.average_serving_requests_0_0_0_1            0.231845                                      # The average of read and write requests that are served in this DRAM element per memory cycle for level _0_0_0_1
         ramulator.active_cycles_0_0_0_2             7878865                                      # Total active cycles for level _0_0_0_2
           ramulator.busy_cycles_0_0_0_2             7878865                                      # (All-bank refresh only. busy cycles only include refresh time in rank level) The sum of cycles that the DRAM part is active or under refresh for level _0_0_0_2
      ramulator.serving_requests_0_0_0_2             8720607                                      # The sum of read and write requests that are served in this DRAM element per memory cycle for level _0_0_0_2
ramulator.average_serving_requests_0_0_0_2            0.207716                                      # The average of read and write requests that are served in this DRAM element per memory cycle for level _0_0_0_2
         ramulator.active_cycles_0_0_0_3             7497657                                      # Total active cycles for level _0_0_0_3
           ramulator.busy_cycles_0_0_0_3             7497657                                      # (All-bank refresh only. busy cycles only include refresh time in rank level) The sum of cycles that the DRAM part is active or under refresh for level _0_0_0_3
      ramulator.serving_requests_0_0_0_3             8310245                                      # The sum of read and write requests that are served in this DRAM element per memory cycle for level _0_0_0_3
ramulator.average_serving_requests_0_0_0_3            0.197942                                      # The average of read and write requests that are served in this DRAM element per memory cycle for level _0_0_0_3
           ramulator.active_cycles_0_0_1            21974209                                      # Total active cycles for level _0_0_1
             ramulator.busy_cycles_0_0_1            21974209                                      # (All-bank refresh only. busy cycles only include refresh time in rank level) The sum of cycles that the DRAM part is active or under refresh for level _0_0_1
        ramulator.serving_requests_0_0_1            33781319                                      # The sum of read and write requests that are served in this DRAM element per memory cycle for level _0_0_1
ramulator.average_serving_requests_0_0_1            0.804636                                      # The average of read and write requests that are served in this DRAM element per memory cycle for level _0_0_1
         ramulator.active_cycles_0_0_1_0             6733875                                      # Total active cycles for level _0_0_1_0
           ramulator.busy_cycles_0_0_1_0             6733875                                      # (All-bank refresh only. busy cycles only include refresh time in rank level) The sum of cycles that the DRAM part is active or under refresh for level _0_0_1_0
      ramulator.serving_requests_0_0_1_0             7429573                                      # The sum of read and write requests that are served in this DRAM element per memory cycle for level _0_0_1_0
ramulator.average_serving_requests_0_0_1_0            0.176965                                      # The average of read and write requests that are served in this DRAM element per memory cycle for level _0_0_1_0
         ramulator.active_cycles_0_0_1_1             7828204                                      # Total active cycles for level _0_0_1_1
           ramulator.busy_cycles_0_0_1_1             7828204                                      # (All-bank refresh only. busy cycles only include refresh time in rank level) The sum of cycles that the DRAM part is active or under refresh for level _0_0_1_1
      ramulator.serving_requests_0_0_1_1             8657519                                      # The sum of read and write requests that are served in this DRAM element per memory cycle for level _0_0_1_1
ramulator.average_serving_requests_0_0_1_1            0.206213                                      # The average of read and write requests that are served in this DRAM element per memory cycle for level _0_0_1_1
         ramulator.active_cycles_0_0_1_2             7367141                                      # Total active cycles for level _0_0_1_2
           ramulator.busy_cycles_0_0_1_2             7367141                                      # (All-bank refresh only. busy cycles only include refresh time in rank level) The sum of cycles that the DRAM part is active or under refresh for level _0_0_1_2
      ramulator.serving_requests_0_0_1_2             8163960                                      # The sum of read and write requests that are served in this DRAM element per memory cycle for level _0_0_1_2
ramulator.average_serving_requests_0_0_1_2            0.194457                                      # The average of read and write requests that are served in this DRAM element per memory cycle for level _0_0_1_2
         ramulator.active_cycles_0_0_1_3             8569929                                      # Total active cycles for level _0_0_1_3
           ramulator.busy_cycles_0_0_1_3             8569929                                      # (All-bank refresh only. busy cycles only include refresh time in rank level) The sum of cycles that the DRAM part is active or under refresh for level _0_0_1_3
      ramulator.serving_requests_0_0_1_3             9530267                                      # The sum of read and write requests that are served in this DRAM element per memory cycle for level _0_0_1_3
ramulator.average_serving_requests_0_0_1_3            0.227001                                      # The average of read and write requests that are served in this DRAM element per memory cycle for level _0_0_1_3
           ramulator.active_cycles_0_0_2            20009085                                      # Total active cycles for level _0_0_2
             ramulator.busy_cycles_0_0_2            20009085                                      # (All-bank refresh only. busy cycles only include refresh time in rank level) The sum of cycles that the DRAM part is active or under refresh for level _0_0_2
        ramulator.serving_requests_0_0_2            29970715                                      # The sum of read and write requests that are served in this DRAM element per memory cycle for level _0_0_2
ramulator.average_serving_requests_0_0_2            0.713872                                      # The average of read and write requests that are served in this DRAM element per memory cycle for level _0_0_2
         ramulator.active_cycles_0_0_2_0             5907833                                      # Total active cycles for level _0_0_2_0
           ramulator.busy_cycles_0_0_2_0             5907833                                      # (All-bank refresh only. busy cycles only include refresh time in rank level) The sum of cycles that the DRAM part is active or under refresh for level _0_0_2_0
      ramulator.serving_requests_0_0_2_0             6538786                                      # The sum of read and write requests that are served in this DRAM element per memory cycle for level _0_0_2_0
ramulator.average_serving_requests_0_0_2_0            0.155747                                      # The average of read and write requests that are served in this DRAM element per memory cycle for level _0_0_2_0
         ramulator.active_cycles_0_0_2_1             7164393                                      # Total active cycles for level _0_0_2_1
           ramulator.busy_cycles_0_0_2_1             7164393                                      # (All-bank refresh only. busy cycles only include refresh time in rank level) The sum of cycles that the DRAM part is active or under refresh for level _0_0_2_1
      ramulator.serving_requests_0_0_2_1             7952832                                      # The sum of read and write requests that are served in this DRAM element per memory cycle for level _0_0_2_1
ramulator.average_serving_requests_0_0_2_1            0.189428                                      # The average of read and write requests that are served in this DRAM element per memory cycle for level _0_0_2_1
         ramulator.active_cycles_0_0_2_2             6520174                                      # Total active cycles for level _0_0_2_2
           ramulator.busy_cycles_0_0_2_2             6520174                                      # (All-bank refresh only. busy cycles only include refresh time in rank level) The sum of cycles that the DRAM part is active or under refresh for level _0_0_2_2
      ramulator.serving_requests_0_0_2_2             7197624                                      # The sum of read and write requests that are served in this DRAM element per memory cycle for level _0_0_2_2
ramulator.average_serving_requests_0_0_2_2            0.171440                                      # The average of read and write requests that are served in this DRAM element per memory cycle for level _0_0_2_2
         ramulator.active_cycles_0_0_2_3             7513335                                      # Total active cycles for level _0_0_2_3
           ramulator.busy_cycles_0_0_2_3             7513335                                      # (All-bank refresh only. busy cycles only include refresh time in rank level) The sum of cycles that the DRAM part is active or under refresh for level _0_0_2_3
      ramulator.serving_requests_0_0_2_3             8281473                                      # The sum of read and write requests that are served in this DRAM element per memory cycle for level _0_0_2_3
ramulator.average_serving_requests_0_0_2_3            0.197256                                      # The average of read and write requests that are served in this DRAM element per memory cycle for level _0_0_2_3
           ramulator.active_cycles_0_0_3            21554997                                      # Total active cycles for level _0_0_3
             ramulator.busy_cycles_0_0_3            21554997                                      # (All-bank refresh only. busy cycles only include refresh time in rank level) The sum of cycles that the DRAM part is active or under refresh for level _0_0_3
        ramulator.serving_requests_0_0_3            33044322                                      # The sum of read and write requests that are served in this DRAM element per memory cycle for level _0_0_3
ramulator.average_serving_requests_0_0_3            0.787082                                      # The average of read and write requests that are served in this DRAM element per memory cycle for level _0_0_3
         ramulator.active_cycles_0_0_3_0             6621506                                      # Total active cycles for level _0_0_3_0
           ramulator.busy_cycles_0_0_3_0             6621506                                      # (All-bank refresh only. busy cycles only include refresh time in rank level) The sum of cycles that the DRAM part is active or under refresh for level _0_0_3_0
      ramulator.serving_requests_0_0_3_0             7292278                                      # The sum of read and write requests that are served in this DRAM element per memory cycle for level _0_0_3_0
ramulator.average_serving_requests_0_0_3_0            0.173695                                      # The average of read and write requests that are served in this DRAM element per memory cycle for level _0_0_3_0
         ramulator.active_cycles_0_0_3_1             6872548                                      # Total active cycles for level _0_0_3_1
           ramulator.busy_cycles_0_0_3_1             6872548                                      # (All-bank refresh only. busy cycles only include refresh time in rank level) The sum of cycles that the DRAM part is active or under refresh for level _0_0_3_1
      ramulator.serving_requests_0_0_3_1             7588626                                      # The sum of read and write requests that are served in this DRAM element per memory cycle for level _0_0_3_1
ramulator.average_serving_requests_0_0_3_1            0.180753                                      # The average of read and write requests that are served in this DRAM element per memory cycle for level _0_0_3_1
         ramulator.active_cycles_0_0_3_2             8042658                                      # Total active cycles for level _0_0_3_2
           ramulator.busy_cycles_0_0_3_2             8042658                                      # (All-bank refresh only. busy cycles only include refresh time in rank level) The sum of cycles that the DRAM part is active or under refresh for level _0_0_3_2
      ramulator.serving_requests_0_0_3_2             8933437                                      # The sum of read and write requests that are served in this DRAM element per memory cycle for level _0_0_3_2
ramulator.average_serving_requests_0_0_3_2            0.212785                                      # The average of read and write requests that are served in this DRAM element per memory cycle for level _0_0_3_2
         ramulator.active_cycles_0_0_3_3             8287530                                      # Total active cycles for level _0_0_3_3
           ramulator.busy_cycles_0_0_3_3             8287530                                      # (All-bank refresh only. busy cycles only include refresh time in rank level) The sum of cycles that the DRAM part is active or under refresh for level _0_0_3_3
      ramulator.serving_requests_0_0_3_3             9229981                                      # The sum of read and write requests that are served in this DRAM element per memory cycle for level _0_0_3_3
ramulator.average_serving_requests_0_0_3_3            0.219849                                      # The average of read and write requests that are served in this DRAM element per memory cycle for level _0_0_3_3
      ramulator.read_transaction_bytes_0           120956160                                      # The total byte of read transaction per channel
     ramulator.write_transaction_bytes_0            32271808                                      # The total byte of write transaction per channel
       ramulator.row_hits_channel_0_core             1004270                                      # Number of row hits per channel per core
     ramulator.row_misses_channel_0_core               93446                                      # Number of row misses per channel per core
  ramulator.row_conflicts_channel_0_core             1296471                                      # Number of row conflicts per channel per core
  ramulator.read_row_hits_channel_0_core              952332                                      # Number of row hits for read requests per channel per core
                                     [0]            952332.0                                      # 
ramulator.read_row_misses_channel_0_core               65940                                      # Number of row misses for read requests per channel per core
                                     [0]             65940.0                                      # 
ramulator.read_row_conflicts_channel_0_core              871668                                      # Number of row conflicts for read requests per channel per core
                                     [0]            871668.0                                      # 
 ramulator.write_row_hits_channel_0_core               51938                                      # Number of row hits for write requests per channel per core
                                     [0]             51938.0                                      # 
ramulator.write_row_misses_channel_0_core               27506                                      # Number of row misses for write requests per channel per core
                                     [0]             27506.0                                      # 
ramulator.write_row_conflicts_channel_0_core              424803                                      # Number of row conflicts for write requests per channel per core
                                     [0]            424803.0                                      # 
      ramulator.useless_activates_0_core                 883                                      # Number of useless activations. E.g, ACT -> PRE w/o RD or WR
            ramulator.read_latency_avg_0           79.374221                                      # The average memory latency cycles (in memory time domain) per request for all read requests in this channel
            ramulator.read_latency_sum_0           150050774                                      # The memory latency cycles (in memory time domain) sum for all read requests in this channel
        ramulator.req_queue_length_avg_0           17.939745                                      # Average of read and write queue length per memory cycle per channel.
        ramulator.req_queue_length_sum_0           753170366                                      # Sum of read and write queue length per memory cycle per channel.
   ramulator.read_req_queue_length_avg_0            3.207858                                      # Read queue length average per memory cycle per channel.
   ramulator.read_req_queue_length_sum_0           134676571                                      # Read queue length sum per memory cycle per channel.
  ramulator.write_req_queue_length_avg_0           14.731887                                      # Write queue length average per memory cycle per channel.
  ramulator.write_req_queue_length_sum_0           618493795                                      # Write queue length sum per memory cycle per channel.
              ramulator.record_read_hits                 0.0                                      # record read hit count for this core when it reaches request limit or to the end
                                     [0]                 0.0                                      # 
            ramulator.record_read_misses                 0.0                                      # record_read_miss count for this core when it reaches request limit or to the end
                                     [0]                 0.0                                      # 
         ramulator.record_read_conflicts                 0.0                                      # record read conflict count for this core when it reaches request limit or to the end
                                     [0]                 0.0                                      # 
             ramulator.record_write_hits                 0.0                                      # record write hit count for this core when it reaches request limit or to the end
                                     [0]                 0.0                                      # 
           ramulator.record_write_misses                 0.0                                      # record write miss count for this core when it reaches request limit or to the end
                                     [0]                 0.0                                      # 
        ramulator.record_write_conflicts                 0.0                                      # record write conflict for this core when it reaches request limit or to the end
                                     [0]                 0.0                                      # 
                 ramulator.dram_capacity          8589934592                                      # Number of bytes in simulated DRAM
                   ramulator.dram_cycles            41983338                                      # Number of DRAM cycles simulated
             ramulator.incoming_requests             2394691                                      # Number of incoming requests to DRAM
                 ramulator.read_requests             1890422                                      # Number of incoming read requests to DRAM per core
                                     [0]           1890422.0                                      # 
                ramulator.write_requests              504269                                      # Number of incoming write requests to DRAM per core
                                     [0]            504269.0                                      # 
       ramulator.ramulator_active_cycles            39161449                                      # The total number of cycles that the DRAM part is active (serving R/W)
 ramulator.incoming_requests_per_channel           2394691.0                                      # Number of incoming requests to each DRAM channel
                                     [0]           2394691.0                                      # 
ramulator.incoming_read_reqs_per_channel           1890422.0                                      # Number of incoming read requests to each DRAM channel
                                     [0]           1890422.0                                      # 
     ramulator.physical_page_replacement                   0                                      # The number of times that physical page replacement happens.
             ramulator.maximum_bandwidth         19200000000                                      # The theoretical maximum bandwidth (Bps)
          ramulator.in_queue_req_num_sum           753170366                                      # Sum of read/write queue length
     ramulator.in_queue_read_req_num_sum           134676571                                      # Sum of read queue length
    ramulator.in_queue_write_req_num_sum           618493795                                      # Sum of write queue length
          ramulator.in_queue_req_num_avg           17.939745                                      # Average of read/write queue length per memory cycle
     ramulator.in_queue_read_req_num_avg            3.207858                                      # Average of read queue length per memory cycle
    ramulator.in_queue_write_req_num_avg           14.731887                                      # Average of write queue length per memory cycle
          ramulator.record_read_requests                 0.0                                      # record read requests for this core when it reaches request limit or to the end
                                     [0]                 0.0                                      # 
         ramulator.record_write_requests                 0.0                                      # record write requests for this core when it reaches request limit or to the end
                                     [0]                 0.0                                      # 
