Scarab gitrev: f12d32f0
Warning: Scarab expects the trace file type to include OFFLINE_FILE_TYPE_ARCH_REGDEPS (0x20000), but got type: 0xe40
Scarab started at Sun Jun 21 19:13:50 2026

Initialized Ramulator. 
Ideal fusion pass 2: loaded 2584169 candidate pair(s) from '/dev/shm/baseline/ideal-fusion-candidates/cd/43.csv' (distance < 512, skipped 0)
** Heartbeat:   1% -- { 1000001 } -- 0.00 KIPS (62.50 KIPS)
** Heartbeat:   2% -- { 2000002 } -- 100.00 KIPS (76.92 KIPS)
** Heartbeat:   3% -- { 3000002 } -- 100.00 KIPS (83.33 KIPS)
** Heartbeat:   4% -- { 4000002 } -- 100.00 KIPS (86.96 KIPS)
** Heartbeat:   5% -- { 5000003 } -- 100.00 KIPS (89.29 KIPS)
** Heartbeat:   6% -- { 6000007 } -- 100.00 KIPS (90.91 KIPS)
** Heartbeat:   7% -- { 7000007 } -- 100.00 KIPS (92.11 KIPS)
** Heartbeat:   8% -- { 8000007 } -- 100.00 KIPS (93.02 KIPS)
** Heartbeat:   9% -- { 9000007 } -- 111.11 KIPS (94.74 KIPS)
Patching gap in trace by injecting a Jmp, prior PC: 7eff1101abee next PC: 7eff1457f7e0
** Heartbeat:  10% -- { 10000009 } -- 100.00 KIPS (95.24 KIPS)
** Heartbeat:  11% -- { 11000014 } -- 125.00 KIPS (97.35 KIPS)
** Heartbeat:  12% -- { 12000014 } -- 142.86 KIPS (100.00 KIPS)
** Heartbeat:  13% -- { 13000020 } -- 111.11 KIPS (100.78 KIPS)
** Heartbeat:  14% -- { 14000027 } -- 125.00 KIPS (102.19 KIPS)
** Heartbeat:  15% -- { 15000029 } -- 111.11 KIPS (102.74 KIPS)
** Heartbeat:  16% -- { 16000034 } -- 111.11 KIPS (103.23 KIPS)
** Heartbeat:  17% -- { 17000038 } -- 100.00 KIPS (103.03 KIPS)
** Heartbeat:  18% -- { 18000040 } -- 100.00 KIPS (102.86 KIPS)
** Heartbeat:  19% -- { 19000040 } -- 125.00 KIPS (103.83 KIPS)
** Heartbeat:  20% -- { 20000045 } -- 125.00 KIPS (104.71 KIPS)
** Heartbeat:  21% -- { 21000049 } -- 125.00 KIPS (105.53 KIPS)
** Heartbeat:  22% -- { 22000055 } -- 125.00 KIPS (106.28 KIPS)
** Heartbeat:  23% -- { 23000055 } -- 125.00 KIPS (106.98 KIPS)
** Heartbeat:  24% -- { 24000062 } -- 142.86 KIPS (108.11 KIPS)
** Heartbeat:  25% -- { 25000066 } -- 166.67 KIPS (109.65 KIPS)
** Heartbeat:  26% -- { 26000069 } -- 142.86 KIPS (110.64 KIPS)
** Heartbeat:  27% -- { 27000071 } -- 125.00 KIPS (111.11 KIPS)
** Heartbeat:  28% -- { 28000077 } -- 125.00 KIPS (111.55 KIPS)
** Heartbeat:  29% -- { 29000083 } -- 125.00 KIPS (111.97 KIPS)
Reached end of trace (last_inst) pc=0x7eff145dbdeb
** Core 0 Finished:    insts:29999999    cycles:6418866     time:2005895625000       -- 4.67 IPC (4.67 IPC) --  N/A  KIPS (111.94 KIPS)
Scarab finished at Sun Jun 21 19:18:18 2026

