/* -*- Mode: c -*- */
####################################################################################################
Core 0
####################################################################################################
Cumulative:        Cycles: 50806204              Instructions: 59999999              IPC: 1.18096

Periodic:          Cycles: 50806204              Instructions: 59999999              IPC: 1.18096

MISS_WAIT_TIME                              2110668453                     2110668453              

ICACHE_STAGE_MISS                                  781                            781              

ICACHE_CYCLE                                  50806204                       50806204              

TCACHE_CYCLE                                         0                              0              

ICACHE_SERVING_CYCLE_ON_PATH                      2038                           2038              

ICACHE_SERVING_CYCLE_OFF_PATH                    16591                          16591              

UCACHE_SERVING_CYCLE_ON_PATH                  50490870                       50490870              

UCACHE_SERVING_CYCLE_OFF_PATH                   140020                         140020              

ICACHE_CYCLE_ONPATH                           50624777       99.643%         50624777       99.643%
ICACHE_CYCLE_OFFPATH                            181427        0.357%           181427        0.357%
                                              50806204      100.000%         50806204      100.000%
                                                  0.00         0.06              0.00         0.06

FETCH_ON_PATH                                 50634622       99.662%         50634622       99.662%
FETCH_OFF_PATH                                  171582        0.338%           171582        0.338%
                                              50806204      100.000%         50806204      100.000%
                                                  0.00         0.06              0.00         0.06

FETCHED_OPS_ON_PATH                                  0         -nan%                0         -nan%
FETCHED_OPS_OFF_PATH                                 0         -nan%                0         -nan%
                                                     0         -nan%                0         -nan%
                                                  -nan         -nan              -nan         -nan

INST_LOST_FETCH                               76725992       18.828%         76725992       18.828%
INST_LOST_OFF_PATH                              821190        0.202%           821190        0.202%
INST_LOST_FULL_WINDOW                         11937172        2.929%         11937172        2.929%
INST_LOST_ROB_STALL_OTHER                    100850030       24.748%        100850030       24.748%
INST_LOST_ROB_STALL_WAIT_FOR_RECOVERY                0        0.000%                0        0.000%
INST_LOST_ROB_STALL_WAIT_FOR_REDIRECT                0        0.000%                0        0.000%
INST_LOST_ROB_STALL_WAIT_FOR_GAP_FILL                0        0.000%                0        0.000%
INST_LOST_ROB_STALL_WAIT_FOR_L1_MISS                 0        0.000%                0        0.000%
INST_LOST_ROB_STALL_WAIT_FOR_MEMORY            2510632        0.616%          2510632        0.616%
INST_LOST_ROB_STALL_WAIT_FOR_DC_MISS         203863850       50.027%        203863850       50.027%
INST_LOST_ROB_BLOCK_ISSUE_FULL                       0        0.000%                0        0.000%
INST_LOST_ROB_BLOCK_ISSUE_GAP_TOO_LARGE              0        0.000%                0        0.000%
INST_LOST_BREAK_DONT                                 0        0.000%                0        0.000%
INST_LOST_BREAK_FT_UNAVAILABLE                  615799        0.151%           615799        0.151%
INST_LOST_BREAK_ICACHE_STAGE_RESTEER             13751        0.003%            13751        0.003%
INST_LOST_BREAK_ICACHE_MISS_REQ_SUCCESS           3029        0.001%             3029        0.001%
INST_LOST_BREAK_ICACHE_MISS_REQ_FAILURE            252        0.000%              252        0.000%
INST_LOST_BREAK_ICACHE_WAIT_FOR_MISS            291372        0.072%           291372        0.072%
INST_LOST_BREAK_ICACHE_STALLED                   30271        0.007%            30271        0.007%
INST_LOST_BREAK_ICACHE_TO_UOP_CACHE_SWITCH          1094        0.000%             1094        0.000%
INST_LOST_BREAK_ICACHE_READ_LIMIT                 2548        0.001%             2548        0.001%
INST_LOST_BREAK_ICACHE_ISSUE_WIDTH                   0        0.000%                0        0.000%
INST_LOST_BREAK_UOP_CACHE_STALLED              1648784        0.405%          1648784        0.405%
INST_LOST_BREAK_UOP_CACHE_TO_ICACHE_SWITCH          1069        0.000%             1069        0.000%
INST_LOST_BREAK_UOP_CACHE_READ_LIMIT           8191772        2.010%          8191772        2.010%
INST_LOST_BREAK_UOP_CACHE_ISSUE_WIDTH                0        0.000%                0        0.000%
                                             407508607      100.000%        407508607      100.000%
                                                  5.96         3.88              5.96         3.88

INST_LOST_TOTAL                              406099138                      406099138              

INST_LOST_WAIT_FOR_ICACHE_MISS_NOT_PREFETCHED         71334       32.709%            71334       32.709%
INST_LOST_WAIT_FOR_ICACHE_MISS_PREFETCHED_AND_EVICTED_BY_IFETCH             0        0.000%                0        0.000%
INST_LOST_WAIT_FOR_ICACHE_MISS_PREFETCHED_AND_EVICTED_BY_FDIP             0        0.000%                0        0.000%
INST_LOST_WAIT_FOR_ICACHE_MISS_MSHR_HIT_PREF_OFFPATH           396        0.182%              396        0.182%
INST_LOST_WAIT_FOR_ICACHE_MISS_MSHR_HIT_PREF_ONPATH        146358       67.110%           146358       67.110%
                                                218088      100.000%           218088      100.000%
                                                  2.69         2.45              2.69         2.45

FETCH_0_OPS                                     155934        0.307%           155934        0.307%
FETCH_1_OPS                                      18386        0.036%            18386        0.036%
FETCH_2_OPS                                     193959        0.382%           193959        0.382%
FETCH_3_OPS                                     173311        0.341%           173311        0.341%
FETCH_4_OPS                                    1296378        2.552%          1296378        2.552%
FETCH_5_OPS                                      68677        0.135%            68677        0.135%
FETCH_6_OPS                                     843160        1.660%           843160        1.660%
FETCH_7_OPS                                     665889        1.311%           665889        1.311%
FETCH_8_OPS                                   47390510       93.277%         47390510       93.277%
FETCH_9_OPS                                          0        0.000%                0        0.000%
FETCH_10_OPS                                         0        0.000%                0        0.000%
FETCH_11_OPS                                         0        0.000%                0        0.000%
FETCH_12_OPS                                         0        0.000%                0        0.000%
FETCH_13_OPS                                         0        0.000%                0        0.000%
FETCH_14_OPS                                         0        0.000%                0        0.000%
FETCH_15_OPS                                         0        0.000%                0        0.000%
FETCH_16_OPS                                         0        0.000%                0        0.000%
                                              50806204      100.000%         50806204      100.000%
                                                  7.78         0.84              7.78         0.84

ST_BREAK_DONT                                        0        0.000%                0        0.000%
ST_BREAK_FT_UNAVAILABLE                         102869        0.202%           102869        0.202%
ST_BREAK_ICACHE_STAGE_RESTEER                     2304        0.005%             2304        0.005%
ST_BREAK_ICACHE_MISS_REQ_SUCCESS                   781        0.002%              781        0.002%
ST_BREAK_ICACHE_MISS_REQ_FAILURE                    42        0.000%               42        0.000%
ST_BREAK_ICACHE_WAIT_FOR_MISS                    48562        0.096%            48562        0.096%
ST_BREAK_ICACHE_STALLED                           9515        0.019%             9515        0.019%
ST_BREAK_ICACHE_TO_UOP_CACHE_SWITCH                336        0.001%              336        0.001%
ST_BREAK_ICACHE_READ_LIMIT                         928        0.002%              928        0.002%
ST_BREAK_ICACHE_ISSUE_WIDTH                      12325        0.024%            12325        0.024%
ST_BREAK_UOP_CACHE_STALLED                    39921433       78.576%         39921433       78.576%
ST_BREAK_UOP_CACHE_TO_ICACHE_SWITCH                271        0.001%              271        0.001%
ST_BREAK_UOP_CACHE_READ_LIMIT                  2304620        4.536%          2304620        4.536%
ST_BREAK_UOP_CACHE_ISSUE_WIDTH                 8402218       16.538%          8402218       16.538%
                                              50806204      100.000%         50806204      100.000%
                                                 10.56         4.47             10.56         4.47

ORACLE_ON_PATH_INST                           76725992       98.941%         76725992       98.941%
ORACLE_OFF_PATH_INST                            821190        1.059%           821190        1.059%
                                              77547182      100.000%         77547182      100.000%
                                                  0.01         0.10              0.01         0.10

ORACLE_ON_PATH_INST_MEM                       28815616       37.159%         28815616       37.159%
ORACLE_ON_PATH_INST_NOTMEM                    47910376       61.782%         47910376       61.782%
ORACLE_OFF_PATH_INST_MEM                        283506        0.366%           283506        0.366%
ORACLE_OFF_PATH_INST_NOTMEM                     537684        0.693%           537684        0.693%
                                              77547182      100.000%         77547182      100.000%
                                                  0.65         0.35              0.65         0.35

ICACHE_CYCLE_NONRA_ONPATH                            0         -nan%                0         -nan%
ICACHE_CYCLE_NONRA_OFFPATH                           0         -nan%                0         -nan%
ICACHE_CYCLE_RA_ONPATH                               0         -nan%                0         -nan%
ICACHE_CYCLE_RA_OFFPATH                              0         -nan%                0         -nan%
                                                     0         -nan%                0         -nan%
                                                  -nan         -nan              -nan         -nan

ICACHE_CYCLE_ONPATH_NONRA                            0         -nan%                0         -nan%
ICACHE_CYCLE_OFFPATH_NONRA                           0         -nan%                0         -nan%
                                                     0         -nan%                0         -nan%
                                                  -nan         -nan              -nan         -nan

ICACHE_CYCLE_ONPATH_RA                               0         -nan%                0         -nan%
ICACHE_CYCLE_OFFPATH_RA                              0         -nan%                0         -nan%
                                                     0         -nan%                0         -nan%
                                                  -nan         -nan              -nan         -nan

INACCURATE_OFFPATH_CYCLES                            0        0.0000                0        0.0000

FETCH_ALL_INST                                77547182                       77547182              

EXEC_ALL_INST                                 76905052                       76905052              

RET_ALL_INST                                  76725992                       76725992              

EXEC_ON_PATH_INST                             76725992       99.767%         76725992       99.767%
EXEC_OFF_PATH_INST                              179060        0.233%           179060        0.233%
                                              76905052      100.000%         76905052      100.000%
                                                  0.00         0.05              0.00         0.05

EXEC_ON_PATH_INST_MEM                         28815616       37.469%         28815616       37.469%
EXEC_ON_PATH_INST_NOTMEM                      47910376       62.298%         47910376       62.298%
EXEC_OFF_PATH_INST_MEM                           71132        0.092%            71132        0.092%
EXEC_OFF_PATH_INST_NOTMEM                       107928        0.140%           107928        0.140%
                                              76905052      100.000%         76905052      100.000%
                                                  0.63         0.31              0.63         0.31

EXEC_RA_INST                                         0         -nan%                0         -nan%
EXEC_NONRA_INST                                      0         -nan%                0         -nan%
                                                     0         -nan%                0         -nan%
                                                  -nan         -nan              -nan         -nan

EXEC_ON_PATH_INST_RA                                 0         -nan%                0         -nan%
EXEC_OFF_PATH_INST_RA                                0         -nan%                0         -nan%
                                                     0         -nan%                0         -nan%
                                                  -nan         -nan              -nan         -nan

EXEC_ON_PATH_INST_NONRA                              0         -nan%                0         -nan%
EXEC_OFF_PATH_INST_NONRA                             0         -nan%                0         -nan%
                                                     0         -nan%                0         -nan%
                                                  -nan         -nan              -nan         -nan

EXEC_RA_ON_PATH_INST                                 0         -nan%                0         -nan%
EXEC_RA_OFF_PATH_INST                                0         -nan%                0         -nan%
EXEC_NONRA_ON_PATH_INST                              0         -nan%                0         -nan%
EXEC_NONRA_OFF_PATH_INST                             0         -nan%                0         -nan%
                                                     0         -nan%                0         -nan%
                                                  -nan         -nan              -nan         -nan

ICACHE_THROTTLE_CYCLE                                0                              0              

FETCH_ENABLE_THROTTLE_OFF_PATH                       0         -nan%                0         -nan%
FETCH_ENABLE_THROTTLE_ON_PATH                        0         -nan%                0         -nan%
                                                     0         -nan%                0         -nan%
                                                  -nan         -nan              -nan         -nan

FETCH_DISABLE_THROTTLE_OFF_PATH                      0         -nan%                0         -nan%
FETCH_DISABLE_THROTTLE_ON_PATH                       0         -nan%                0         -nan%
                                                     0         -nan%                0         -nan%
                                                  -nan         -nan              -nan         -nan

FETCH_TH_ADJUST__0                                   0         -nan%                0         -nan%
FETCH_TH_ADJUST__1                                   0         -nan%                0         -nan%
FETCH_TH_ADJUST__2                                   0         -nan%                0         -nan%
FETCH_TH_ADJUST__3                                   0         -nan%                0         -nan%
FETCH_TH_ADJUST__4                                   0         -nan%                0         -nan%
FETCH_TH_ADJUST__5                                   0         -nan%                0         -nan%
FETCH_TH_ADJUST__6                                   0         -nan%                0         -nan%
FETCH_TH_ADJUST__7                                   0         -nan%                0         -nan%
FETCH_TH_ADJUST__8                                   0         -nan%                0         -nan%
FETCH_TH_ADJUST__9                                   0         -nan%                0         -nan%
FETCH_TH_ADJUST__MAX                                 0         -nan%                0         -nan%
                                                     0         -nan%                0         -nan%
                                                  -nan         -nan              -nan         -nan

FETCH_TH_ADJUST_UP                                   0         -nan%                0         -nan%
FETCH_TH_ADJUST_DOWN                                 0         -nan%                0         -nan%
FETCH_TH_ADJUST_SAME                                 0         -nan%                0         -nan%
                                                     0         -nan%                0         -nan%
                                                  -nan         -nan              -nan         -nan

THROTTLE_ADJUST_CACHE_MISS_INFO                      0                              0              

LOW_CONF_COUNT_BP_MIS_0                              0         -nan%                0         -nan%
LOW_CONF_COUNT_BP_MIS_1                              0         -nan%                0         -nan%
LOW_CONF_COUNT_BP_MIS_2                              0         -nan%                0         -nan%
LOW_CONF_COUNT_BP_MIS_3                              0         -nan%                0         -nan%
LOW_CONF_COUNT_BP_MIS_4                              0         -nan%                0         -nan%
LOW_CONF_COUNT_BP_MIS_5                              0         -nan%                0         -nan%
LOW_CONF_COUNT_BP_MIS_6                              0         -nan%                0         -nan%
LOW_CONF_COUNT_BP_MIS_7                              0         -nan%                0         -nan%
LOW_CONF_COUNT_BP_MIS_8                              0         -nan%                0         -nan%
LOW_CONF_COUNT_BP_MIS_9                              0         -nan%                0         -nan%
LOW_CONF_COUNT_BP_MIS_10                             0         -nan%                0         -nan%
LOW_CONF_COUNT_BP_MIS_11                             0         -nan%                0         -nan%
LOW_CONF_COUNT_BP_MIS_12                             0         -nan%                0         -nan%
LOW_CONF_COUNT_BP_MIS_13                             0         -nan%                0         -nan%
LOW_CONF_COUNT_BP_MIS_14                             0         -nan%                0         -nan%
LOW_CONF_COUNT_BP_MIS_15                             0         -nan%                0         -nan%
LOW_CONF_COUNT_BP_MIS_16                             0         -nan%                0         -nan%
LOW_CONF_COUNT_BP_MIS_17                             0         -nan%                0         -nan%
LOW_CONF_COUNT_BP_MIS_18                             0         -nan%                0         -nan%
LOW_CONF_COUNT_BP_MIS_19                             0         -nan%                0         -nan%
LOW_CONF_COUNT_BP_MIS_20                             0         -nan%                0         -nan%
                                                     0         -nan%                0         -nan%
                                                  -nan         -nan              -nan         -nan

LOW_CONF_COUNT_RET_0                                 0         -nan%                0         -nan%
LOW_CONF_COUNT_RET_1                                 0         -nan%                0         -nan%
LOW_CONF_COUNT_RET_2                                 0         -nan%                0         -nan%
LOW_CONF_COUNT_RET_3                                 0         -nan%                0         -nan%
LOW_CONF_COUNT_RET_4                                 0         -nan%                0         -nan%
LOW_CONF_COUNT_RET_5                                 0         -nan%                0         -nan%
LOW_CONF_COUNT_RET_6                                 0         -nan%                0         -nan%
LOW_CONF_COUNT_RET_7                                 0         -nan%                0         -nan%
LOW_CONF_COUNT_RET_8                                 0         -nan%                0         -nan%
LOW_CONF_COUNT_RET_9                                 0         -nan%                0         -nan%
LOW_CONF_COUNT_RET_10                                0         -nan%                0         -nan%
LOW_CONF_COUNT_RET_11                                0         -nan%                0         -nan%
LOW_CONF_COUNT_RET_12                                0         -nan%                0         -nan%
LOW_CONF_COUNT_RET_13                                0         -nan%                0         -nan%
LOW_CONF_COUNT_RET_14                                0         -nan%                0         -nan%
LOW_CONF_COUNT_RET_15                                0         -nan%                0         -nan%
LOW_CONF_COUNT_RET_16                                0         -nan%                0         -nan%
LOW_CONF_COUNT_RET_17                                0         -nan%                0         -nan%
LOW_CONF_COUNT_RET_18                                0         -nan%                0         -nan%
LOW_CONF_COUNT_RET_19                                0         -nan%                0         -nan%
LOW_CONF_COUNT_RET_20                                0         -nan%                0         -nan%
                                                     0         -nan%                0         -nan%
                                                  -nan         -nan              -nan         -nan

CYCLES_RESTEER_RECOVER_AT_EXEC                       0         -nan%                0         -nan%
CYCLES_RESTEER_RECOVER_AT_DECODE                     0         -nan%                0         -nan%
CYCLES_RESTEER_BTB_MISS                              0         -nan%                0         -nan%
                                                     0         -nan%                0         -nan%
                                                  -nan         -nan              -nan         -nan

CYCLES_RESTEER_RECOVER_AT_EXEC_SAVED_UC_FETCH             0         -nan%                0         -nan%
CYCLES_RESTEER_RECOVER_AT_EXEC_COULD_BE_SAVED_UC_FETCH             0         -nan%                0         -nan%
CYCLES_RESTEER_RECOVER_AT_DECODE_SAVED_UC_FETCH             0         -nan%                0         -nan%
CYCLES_RESTEER_RECOVER_AT_DECODE_COULD_BE_SAVED_UC_FETCH             0         -nan%                0         -nan%
CYCLES_RESTEER_BTB_MISS_SAVED_UC_FETCH               0         -nan%                0         -nan%
CYCLES_RESTEER_BTB_MISS_COULD_BE_SAVED_UC_FETCH             0         -nan%                0         -nan%
                                                     0         -nan%                0         -nan%
                                                  -nan         -nan              -nan         -nan

CYCLES_UOC_IC_SWITCH                                 0                              0              



