Scarab gitrev: c5ce847
Warning: Scarab expects the trace file type to include OFFLINE_FILE_TYPE_ARCH_REGDEPS (0x20000), but got type: 0xe40
Scarab started at Sun Jun  7 05:41:42 2026

Initialized Ramulator. 
** Heartbeat:   1% -- { 1000001 } -- 0.00 KIPS (76.92 KIPS)
** Heartbeat:   2% -- { 2000002 } -- 125.00 KIPS (95.24 KIPS)
** Heartbeat:   3% -- { 3000003 } -- 142.86 KIPS (107.14 KIPS)
** Heartbeat:   4% -- { 4000006 } -- 111.11 KIPS (108.11 KIPS)
** Heartbeat:   5% -- { 5000013 } -- 100.00 KIPS (106.38 KIPS)
** Heartbeat:   6% -- { 6000014 } -- 111.11 KIPS (107.14 KIPS)
** Heartbeat:   7% -- { 7000014 } -- 90.91 KIPS (104.48 KIPS)
** Heartbeat:   8% -- { 8000017 } -- 111.11 KIPS (105.26 KIPS)
** Heartbeat:   9% -- { 9000018 } -- 100.00 KIPS (104.65 KIPS)
** Heartbeat:  10% -- { 10000022 } -- 125.00 KIPS (106.38 KIPS)
** Heartbeat:  11% -- { 11000022 } -- 111.11 KIPS (106.80 KIPS)
** Heartbeat:  12% -- { 12000025 } -- 100.00 KIPS (106.19 KIPS)
** Heartbeat:  13% -- { 13000025 } -- 111.11 KIPS (106.56 KIPS)
** Heartbeat:  14% -- { 14000029 } -- 90.91 KIPS (105.26 KIPS)
** Heartbeat:  15% -- { 15000034 } -- 100.00 KIPS (104.90 KIPS)
** Heartbeat:  16% -- { 16000034 } -- 100.00 KIPS (104.58 KIPS)
** Heartbeat:  17% -- { 17000035 } -- 100.00 KIPS (104.29 KIPS)
** Heartbeat:  18% -- { 18000035 } -- 100.00 KIPS (104.05 KIPS)
** Heartbeat:  19% -- { 19000037 } -- 100.00 KIPS (103.83 KIPS)
** Heartbeat:  20% -- { 20000039 } -- 100.00 KIPS (103.63 KIPS)
** Heartbeat:  21% -- { 21000039 } -- 100.00 KIPS (103.45 KIPS)
** Heartbeat:  22% -- { 22000044 } -- 90.91 KIPS (102.80 KIPS)
** Heartbeat:  23% -- { 23000045 } -- 111.11 KIPS (103.14 KIPS)
** Heartbeat:  24% -- { 24000045 } -- 100.00 KIPS (103.00 KIPS)
** Heartbeat:  25% -- { 25000045 } -- 111.11 KIPS (103.31 KIPS)
** Heartbeat:  26% -- { 26000049 } -- 100.00 KIPS (103.17 KIPS)
** Heartbeat:  27% -- { 27000049 } -- 100.00 KIPS (103.05 KIPS)
** Heartbeat:  28% -- { 28000051 } -- 100.00 KIPS (102.94 KIPS)
** Heartbeat:  29% -- { 29000055 } -- 111.11 KIPS (103.20 KIPS)
Reached end of trace (last_inst) pc=0x7eff1459bfe0
** Core 0 Finished:    insts:29999999    cycles:6125035     time:1914073437500       -- 4.90 IPC (4.90 IPC) --  N/A  KIPS (103.09 KIPS)
Scarab finished at Sun Jun  7 05:46:33 2026

