/* -*- Mode: c -*- */
####################################################################################################
Core 0
####################################################################################################
Cumulative:        Cycles: 105722084             Instructions: 59999999              IPC: 0.56753

Periodic:          Cycles: 105722084             Instructions: 59999999              IPC: 0.56753

MISS_WAIT_TIME                              3744682247                     3744682247              

ICACHE_STAGE_MISS                                  151                            151              

ICACHE_CYCLE                                 105722084                      105722084              

TCACHE_CYCLE                                         0                              0              

ICACHE_SERVING_CYCLE_ON_PATH                    573933                         573933              

ICACHE_SERVING_CYCLE_OFF_PATH                   257623                         257623              

UCACHE_SERVING_CYCLE_ON_PATH                  35691509                       35691509              

UCACHE_SERVING_CYCLE_OFF_PATH                 68527324                       68527324              

ICACHE_CYCLE_ONPATH                           36316973       34.351%         36316973       34.351%
ICACHE_CYCLE_OFFPATH                          69405111       65.649%         69405111       65.649%
                                             105722084      100.000%        105722084      100.000%
                                                  0.66         0.60              0.66         0.60

FETCH_ON_PATH                                 36933756       34.935%         36933756       34.935%
FETCH_OFF_PATH                                68788328       65.065%         68788328       65.065%
                                             105722084      100.000%        105722084      100.000%
                                                  0.65         0.60              0.65         0.60

FETCHED_OPS_ON_PATH                                  0         -nan%                0         -nan%
FETCHED_OPS_OFF_PATH                                 0         -nan%                0         -nan%
                                                     0         -nan%                0         -nan%
                                                  -nan         -nan              -nan         -nan

INST_LOST_FETCH                               67783892       10.474%         67783892       10.474%
INST_LOST_OFF_PATH                            97268200       15.029%         97268200       15.029%
INST_LOST_FULL_WINDOW                           996146        0.154%           996146        0.154%
INST_LOST_ROB_STALL_OTHER                     37299310        5.763%         37299310        5.763%
INST_LOST_ROB_STALL_WAIT_FOR_RECOVERY                0        0.000%                0        0.000%
INST_LOST_ROB_STALL_WAIT_FOR_REDIRECT                0        0.000%                0        0.000%
INST_LOST_ROB_STALL_WAIT_FOR_GAP_FILL                0        0.000%                0        0.000%
INST_LOST_ROB_STALL_WAIT_FOR_L1_MISS                 0        0.000%                0        0.000%
INST_LOST_ROB_STALL_WAIT_FOR_MEMORY               6318        0.001%             6318        0.001%
INST_LOST_ROB_STALL_WAIT_FOR_DC_MISS         114135188       17.636%        114135188       17.636%
INST_LOST_ROB_BLOCK_ISSUE_FULL                       0        0.000%                0        0.000%
INST_LOST_ROB_BLOCK_ISSUE_GAP_TOO_LARGE              0        0.000%                0        0.000%
INST_LOST_BREAK_DONT                                 0        0.000%                0        0.000%
INST_LOST_BREAK_FT_UNAVAILABLE                 3950729        0.610%          3950729        0.610%
INST_LOST_BREAK_ICACHE_STAGE_RESTEER             47229        0.007%            47229        0.007%
INST_LOST_BREAK_ICACHE_MISS_REQ_SUCCESS            568        0.000%              568        0.000%
INST_LOST_BREAK_ICACHE_MISS_REQ_FAILURE              6        0.000%                6        0.000%
INST_LOST_BREAK_ICACHE_WAIT_FOR_MISS             75006        0.012%            75006        0.012%
INST_LOST_BREAK_ICACHE_STALLED                  113774        0.018%           113774        0.018%
INST_LOST_BREAK_ICACHE_TO_UOP_CACHE_SWITCH        631181        0.098%           631181        0.098%
INST_LOST_BREAK_ICACHE_READ_LIMIT                21460        0.003%            21460        0.003%
INST_LOST_BREAK_ICACHE_ISSUE_WIDTH                   0        0.000%                0        0.000%
INST_LOST_BREAK_UOP_CACHE_STALLED            177823888       27.477%        177823888       27.477%
INST_LOST_BREAK_UOP_CACHE_TO_ICACHE_SWITCH        149672        0.023%           149672        0.023%
INST_LOST_BREAK_UOP_CACHE_READ_LIMIT         146879640       22.695%        146879640       22.695%
INST_LOST_BREAK_UOP_CACHE_ISSUE_WIDTH                0        0.000%                0        0.000%
                                             647182207      100.000%        647182207      100.000%
                                                 13.52         8.86             13.52         8.86

INST_LOST_TOTAL                              843128598                      843128598              

INST_LOST_WAIT_FOR_ICACHE_MISS_NOT_PREFETCHED         22890       41.776%            22890       41.776%
INST_LOST_WAIT_FOR_ICACHE_MISS_PREFETCHED_AND_EVICTED_BY_IFETCH             0        0.000%                0        0.000%
INST_LOST_WAIT_FOR_ICACHE_MISS_PREFETCHED_AND_EVICTED_BY_FDIP             0        0.000%                0        0.000%
INST_LOST_WAIT_FOR_ICACHE_MISS_MSHR_HIT_PREF_OFFPATH           144        0.263%              144        0.263%
INST_LOST_WAIT_FOR_ICACHE_MISS_MSHR_HIT_PREF_ONPATH         31758       57.961%            31758       57.961%
                                                 54792      100.000%            54792      100.000%
                                                  2.33         2.18              2.33         2.18

FETCH_0_OPS                                     670167        0.634%           670167        0.634%
FETCH_1_OPS                                   12131994       11.475%         12131994       11.475%
FETCH_2_OPS                                   22255976       21.051%         22255976       21.051%
FETCH_3_OPS                                    9398382        8.890%          9398382        8.890%
FETCH_4_OPS                                    3030274        2.866%          3030274        2.866%
FETCH_5_OPS                                   14861540       14.057%         14861540       14.057%
FETCH_6_OPS                                    1094175        1.035%          1094175        1.035%
FETCH_7_OPS                                    2634101        2.492%          2634101        2.492%
FETCH_8_OPS                                   39645475       37.500%         39645475       37.500%
FETCH_9_OPS                                          0        0.000%                0        0.000%
FETCH_10_OPS                                         0        0.000%                0        0.000%
FETCH_11_OPS                                         0        0.000%                0        0.000%
FETCH_12_OPS                                         0        0.000%                0        0.000%
FETCH_13_OPS                                         0        0.000%                0        0.000%
FETCH_14_OPS                                         0        0.000%                0        0.000%
FETCH_15_OPS                                         0        0.000%                0        0.000%
FETCH_16_OPS                                         0        0.000%                0        0.000%
                                             105722084      100.000%        105722084      100.000%
                                                  4.86         2.75              4.86         2.75

ST_BREAK_DONT                                        0        0.000%                0        0.000%
ST_BREAK_FT_UNAVAILABLE                         658859        0.623%           658859        0.623%
ST_BREAK_ICACHE_STAGE_RESTEER                     8517        0.008%             8517        0.008%
ST_BREAK_ICACHE_MISS_REQ_SUCCESS                   151        0.000%              151        0.000%
ST_BREAK_ICACHE_MISS_REQ_FAILURE                     1        0.000%                1        0.000%
ST_BREAK_ICACHE_WAIT_FOR_MISS                    12501        0.012%            12501        0.012%
ST_BREAK_ICACHE_STALLED                          41276        0.039%            41276        0.039%
ST_BREAK_ICACHE_TO_UOP_CACHE_SWITCH             168735        0.160%           168735        0.160%
ST_BREAK_ICACHE_READ_LIMIT                       11289        0.011%            11289        0.011%
ST_BREAK_ICACHE_ISSUE_WIDTH                     432420        0.409%           432420        0.409%
ST_BREAK_UOP_CACHE_STALLED                    65758486       62.199%         65758486       62.199%
ST_BREAK_UOP_CACHE_TO_ICACHE_SWITCH              31201        0.030%            31201        0.030%
ST_BREAK_UOP_CACHE_READ_LIMIT                 28959731       27.392%         28959731       27.392%
ST_BREAK_UOP_CACHE_ISSUE_WIDTH                 9638917        9.117%          9638917        9.117%
                                             105722084      100.000%        105722084      100.000%
                                                 10.75         3.53             10.75         3.53

ORACLE_ON_PATH_INST                           67783892       41.068%         67783892       41.068%
ORACLE_OFF_PATH_INST                          97268200       58.932%         97268200       58.932%
                                             165052092      100.000%        165052092      100.000%
                                                  0.59         0.55              0.59         0.55

ORACLE_ON_PATH_INST_MEM                       13284950        8.049%         13284950        8.049%
ORACLE_ON_PATH_INST_NOTMEM                    54498942       33.019%         54498942       33.019%
ORACLE_OFF_PATH_INST_MEM                      20074042       12.162%         20074042       12.162%
ORACLE_OFF_PATH_INST_NOTMEM                   77194158       46.770%         77194158       46.770%
                                             165052092      100.000%        165052092      100.000%
                                                  1.98         1.62              1.98         1.62

ICACHE_CYCLE_NONRA_ONPATH                            0         -nan%                0         -nan%
ICACHE_CYCLE_NONRA_OFFPATH                           0         -nan%                0         -nan%
ICACHE_CYCLE_RA_ONPATH                               0         -nan%                0         -nan%
ICACHE_CYCLE_RA_OFFPATH                              0         -nan%                0         -nan%
                                                     0         -nan%                0         -nan%
                                                  -nan         -nan              -nan         -nan

ICACHE_CYCLE_ONPATH_NONRA                            0         -nan%                0         -nan%
ICACHE_CYCLE_OFFPATH_NONRA                           0         -nan%                0         -nan%
                                                     0         -nan%                0         -nan%
                                                  -nan         -nan              -nan         -nan

ICACHE_CYCLE_ONPATH_RA                               0         -nan%                0         -nan%
ICACHE_CYCLE_OFFPATH_RA                              0         -nan%                0         -nan%
                                                     0         -nan%                0         -nan%
                                                  -nan         -nan              -nan         -nan

INACCURATE_OFFPATH_CYCLES                            0        0.0000                0        0.0000

FETCH_ALL_INST                               165052092                      165052092              

EXEC_ALL_INST                                 79096055                       79096055              

RET_ALL_INST                                  67783892                       67783892              

EXEC_ON_PATH_INST                             64395316       81.414%         64395316       81.414%
EXEC_OFF_PATH_INST                            14700739       18.586%         14700739       18.586%
                                              79096055      100.000%         79096055      100.000%
                                                  0.19         0.36              0.19         0.36

EXEC_ON_PATH_INST_MEM                          9896374       12.512%          9896374       12.512%
EXEC_ON_PATH_INST_NOTMEM                      54498942       68.902%         54498942       68.902%
EXEC_OFF_PATH_INST_MEM                         3937983        4.979%          3937983        4.979%
EXEC_OFF_PATH_INST_NOTMEM                     10762756       13.607%         10762756       13.607%
                                              79096055      100.000%         79096055      100.000%
                                                  1.20         0.83              1.20         0.83

EXEC_RA_INST                                         0         -nan%                0         -nan%
EXEC_NONRA_INST                                      0         -nan%                0         -nan%
                                                     0         -nan%                0         -nan%
                                                  -nan         -nan              -nan         -nan

EXEC_ON_PATH_INST_RA                                 0         -nan%                0         -nan%
EXEC_OFF_PATH_INST_RA                                0         -nan%                0         -nan%
                                                     0         -nan%                0         -nan%
                                                  -nan         -nan              -nan         -nan

EXEC_ON_PATH_INST_NONRA                              0         -nan%                0         -nan%
EXEC_OFF_PATH_INST_NONRA                             0         -nan%                0         -nan%
                                                     0         -nan%                0         -nan%
                                                  -nan         -nan              -nan         -nan

EXEC_RA_ON_PATH_INST                                 0         -nan%                0         -nan%
EXEC_RA_OFF_PATH_INST                                0         -nan%                0         -nan%
EXEC_NONRA_ON_PATH_INST                              0         -nan%                0         -nan%
EXEC_NONRA_OFF_PATH_INST                             0         -nan%                0         -nan%
                                                     0         -nan%                0         -nan%
                                                  -nan         -nan              -nan         -nan

ICACHE_THROTTLE_CYCLE                                0                              0              

FETCH_ENABLE_THROTTLE_OFF_PATH                       0         -nan%                0         -nan%
FETCH_ENABLE_THROTTLE_ON_PATH                        0         -nan%                0         -nan%
                                                     0         -nan%                0         -nan%
                                                  -nan         -nan              -nan         -nan

FETCH_DISABLE_THROTTLE_OFF_PATH                      0         -nan%                0         -nan%
FETCH_DISABLE_THROTTLE_ON_PATH                       0         -nan%                0         -nan%
                                                     0         -nan%                0         -nan%
                                                  -nan         -nan              -nan         -nan

FETCH_TH_ADJUST__0                                   0         -nan%                0         -nan%
FETCH_TH_ADJUST__1                                   0         -nan%                0         -nan%
FETCH_TH_ADJUST__2                                   0         -nan%                0         -nan%
FETCH_TH_ADJUST__3                                   0         -nan%                0         -nan%
FETCH_TH_ADJUST__4                                   0         -nan%                0         -nan%
FETCH_TH_ADJUST__5                                   0         -nan%                0         -nan%
FETCH_TH_ADJUST__6                                   0         -nan%                0         -nan%
FETCH_TH_ADJUST__7                                   0         -nan%                0         -nan%
FETCH_TH_ADJUST__8                                   0         -nan%                0         -nan%
FETCH_TH_ADJUST__9                                   0         -nan%                0         -nan%
FETCH_TH_ADJUST__MAX                                 0         -nan%                0         -nan%
                                                     0         -nan%                0         -nan%
                                                  -nan         -nan              -nan         -nan

FETCH_TH_ADJUST_UP                                   0         -nan%                0         -nan%
FETCH_TH_ADJUST_DOWN                                 0         -nan%                0         -nan%
FETCH_TH_ADJUST_SAME                                 0         -nan%                0         -nan%
                                                     0         -nan%                0         -nan%
                                                  -nan         -nan              -nan         -nan

THROTTLE_ADJUST_CACHE_MISS_INFO                      0                              0              

LOW_CONF_COUNT_BP_MIS_0                              0         -nan%                0         -nan%
LOW_CONF_COUNT_BP_MIS_1                              0         -nan%                0         -nan%
LOW_CONF_COUNT_BP_MIS_2                              0         -nan%                0         -nan%
LOW_CONF_COUNT_BP_MIS_3                              0         -nan%                0         -nan%
LOW_CONF_COUNT_BP_MIS_4                              0         -nan%                0         -nan%
LOW_CONF_COUNT_BP_MIS_5                              0         -nan%                0         -nan%
LOW_CONF_COUNT_BP_MIS_6                              0         -nan%                0         -nan%
LOW_CONF_COUNT_BP_MIS_7                              0         -nan%                0         -nan%
LOW_CONF_COUNT_BP_MIS_8                              0         -nan%                0         -nan%
LOW_CONF_COUNT_BP_MIS_9                              0         -nan%                0         -nan%
LOW_CONF_COUNT_BP_MIS_10                             0         -nan%                0         -nan%
LOW_CONF_COUNT_BP_MIS_11                             0         -nan%                0         -nan%
LOW_CONF_COUNT_BP_MIS_12                             0         -nan%                0         -nan%
LOW_CONF_COUNT_BP_MIS_13                             0         -nan%                0         -nan%
LOW_CONF_COUNT_BP_MIS_14                             0         -nan%                0         -nan%
LOW_CONF_COUNT_BP_MIS_15                             0         -nan%                0         -nan%
LOW_CONF_COUNT_BP_MIS_16                             0         -nan%                0         -nan%
LOW_CONF_COUNT_BP_MIS_17                             0         -nan%                0         -nan%
LOW_CONF_COUNT_BP_MIS_18                             0         -nan%                0         -nan%
LOW_CONF_COUNT_BP_MIS_19                             0         -nan%                0         -nan%
LOW_CONF_COUNT_BP_MIS_20                             0         -nan%                0         -nan%
                                                     0         -nan%                0         -nan%
                                                  -nan         -nan              -nan         -nan

LOW_CONF_COUNT_RET_0                                 0         -nan%                0         -nan%
LOW_CONF_COUNT_RET_1                                 0         -nan%                0         -nan%
LOW_CONF_COUNT_RET_2                                 0         -nan%                0         -nan%
LOW_CONF_COUNT_RET_3                                 0         -nan%                0         -nan%
LOW_CONF_COUNT_RET_4                                 0         -nan%                0         -nan%
LOW_CONF_COUNT_RET_5                                 0         -nan%                0         -nan%
LOW_CONF_COUNT_RET_6                                 0         -nan%                0         -nan%
LOW_CONF_COUNT_RET_7                                 0         -nan%                0         -nan%
LOW_CONF_COUNT_RET_8                                 0         -nan%                0         -nan%
LOW_CONF_COUNT_RET_9                                 0         -nan%                0         -nan%
LOW_CONF_COUNT_RET_10                                0         -nan%                0         -nan%
LOW_CONF_COUNT_RET_11                                0         -nan%                0         -nan%
LOW_CONF_COUNT_RET_12                                0         -nan%                0         -nan%
LOW_CONF_COUNT_RET_13                                0         -nan%                0         -nan%
LOW_CONF_COUNT_RET_14                                0         -nan%                0         -nan%
LOW_CONF_COUNT_RET_15                                0         -nan%                0         -nan%
LOW_CONF_COUNT_RET_16                                0         -nan%                0         -nan%
LOW_CONF_COUNT_RET_17                                0         -nan%                0         -nan%
LOW_CONF_COUNT_RET_18                                0         -nan%                0         -nan%
LOW_CONF_COUNT_RET_19                                0         -nan%                0         -nan%
LOW_CONF_COUNT_RET_20                                0         -nan%                0         -nan%
                                                     0         -nan%                0         -nan%
                                                  -nan         -nan              -nan         -nan

CYCLES_RESTEER_RECOVER_AT_EXEC                       0         -nan%                0         -nan%
CYCLES_RESTEER_RECOVER_AT_DECODE                     0         -nan%                0         -nan%
CYCLES_RESTEER_BTB_MISS                              0         -nan%                0         -nan%
                                                     0         -nan%                0         -nan%
                                                  -nan         -nan              -nan         -nan

CYCLES_RESTEER_RECOVER_AT_EXEC_SAVED_UC_FETCH             0         -nan%                0         -nan%
CYCLES_RESTEER_RECOVER_AT_EXEC_COULD_BE_SAVED_UC_FETCH             0         -nan%                0         -nan%
CYCLES_RESTEER_RECOVER_AT_DECODE_SAVED_UC_FETCH             0         -nan%                0         -nan%
CYCLES_RESTEER_RECOVER_AT_DECODE_COULD_BE_SAVED_UC_FETCH             0         -nan%                0         -nan%
CYCLES_RESTEER_BTB_MISS_SAVED_UC_FETCH               0         -nan%                0         -nan%
CYCLES_RESTEER_BTB_MISS_COULD_BE_SAVED_UC_FETCH             0         -nan%                0         -nan%
                                                     0         -nan%                0         -nan%
                                                  -nan         -nan              -nan         -nan

CYCLES_UOC_IC_SWITCH                                 0                              0              



