/* -*- Mode: c -*- */
####################################################################################################
Core 0
####################################################################################################
Cumulative:        Cycles: 7918903               Instructions: 29999999              IPC: 3.78840

Periodic:          Cycles: 7918903               Instructions: 29999999              IPC: 3.78840

EXECUTION_TIME                           2474657187500                  2474657187500              

SIM_HOST_WALL_SECONDS                       370.770965                     370.770965              

NODE_CYCLE                                     7918903                        7918903              

NODE_INST_COUNT                               30501065                       30501065              

NODE_INST_COUNT_FETCHED                       29999999                       29999999              

NODE_UOP_COUNT                                36689176                       36689176              

EXEC_STAGE_NO_ISSUE_STALL_CYCLE                7253965                        7253965              

EXEC_STAGE_NO_ISSUE_STALL_CYCLE_ONPATH         6599501                        6599501              

FULL_WINDOW_STALL                                 8461        0.107%             8461        0.107%

FULL_WINDOW_MEM_OP                                7319       89.859%             7319       89.859%
FULL_WINDOW_FP_OP                                    0        0.000%                0        0.000%
FULL_WINDOW_OTHER_OP                               826       10.141%              826       10.141%
                                                  8145      100.000%             8145      100.000%
                                                  0.20         0.58              0.20         0.58

RET_BLOCKED_DC_MISS                             439629        5.552%           439629        5.552%

RET_BLOCKED_L1_MISS                              85560        1.080%            85560        1.080%

RET_BLOCKED_L1_MISS_BW_PREF                       4962        0.063%             4962        0.063%

RET_BLOCKED_L1_ACCESS                           355371        4.488%           355371        4.488%

RET_BLOCKED_MEM_STALL                           148163        1.871%           148163        1.871%

RET_BLOCKED_OFFCHIP_DEMAND                           0        0.000%                0        0.000%

OP_ISSUED                                     37704850                       37704850              

OP_RETIRED                                    36689176                       36689176              

OP_MACRO_FUSION_ONPATH                         4737693                        4737693              

OP_MACRO_FUSION_OFFPATH                         651989                         651989              

REPLAY_SIGNALED                                      0                              0              

REPLAY_COUNTED                                       0                              0              

OFF_CRITICAL_PATH                                    0         -nan%                0         -nan%
ON_CRITICAL_PATH                                     0         -nan%                0         -nan%
                                                     0         -nan%                0         -nan%
                                                  -nan         -nan              -nan         -nan

LD_NO_DEPENDENTS                                380059        5.727%           380059        5.727%
LD_DEPENDENTS                                  6256494       94.273%          6256494       94.273%
                                               6636553      100.000%          6636553      100.000%
                                                  0.94         0.92              0.94         0.92

LD_EXEC_CYCLES_0                                     0        0.000%                0        0.000%
LD_EXEC_CYCLES_1                                     0        0.000%                0        0.000%
LD_EXEC_CYCLES_2                                     0        0.000%                0        0.000%
LD_EXEC_CYCLES_3                                     6       42.857%                6       42.857%
LD_EXEC_CYCLES_4                                     8       57.143%                8       57.143%
                                                    14      100.000%               14      100.000%
                                                  3.57         2.85              3.57         2.85

ICACHE_STAGE_STARVED                            369172        5.639%           369172        5.639%
ICACHE_STAGE_NOT_STARVED                       6177938       94.361%          6177938       94.361%
                                               6547110      100.000%          6547110      100.000%
                                                  0.94         0.92              0.94         0.92

ICACHE_STAGE_STALLED                            331234        4.183%           331234        4.183%
ICACHE_STAGE_NOT_STALLED                       6215876       78.494%          6215876       78.494%
ICACHE_STAGE_OFF_PATH                          1371793       17.323%          1371793       17.323%
                                               7918903      100.000%          7918903      100.000%
                                                  1.13         0.60              1.13         0.60

DECODE_STAGE_STARVED                           7636158       98.424%          7636158       98.424%
DECODE_STAGE_NOT_STARVED                        122295        1.576%           122295        1.576%
                                               7758453      100.000%          7758453      100.000%
                                                  0.02         0.12              0.02         0.12

DECODE_STAGE_STALLED                             21118        0.267%            21118        0.267%
DECODE_STAGE_NOT_STALLED                       7737335       97.707%          7737335       97.707%
DECODE_STAGE_OFF_PATH                           160450        2.026%           160450        2.026%
                                               7918903      100.000%          7918903      100.000%
                                                  1.02         0.20              1.02         0.20

UOPQ_STAGE_STARVED                             1923622       28.041%          1923622       28.041%
UOPQ_STAGE_NOT_STARVED                         4936337       71.959%          4936337       71.959%
                                               6859959      100.000%          6859959      100.000%
                                                  0.72         0.66              0.72         0.66

UOPQ_STAGE_STALLED                              346237        4.372%           346237        4.372%
UOPQ_STAGE_NOT_STALLED                         6859959       86.628%          6859959       86.628%
UOPQ_STAGE_OFF_PATH                             712707        9.000%           712707        9.000%
                                               7918903      100.000%          7918903      100.000%
                                                  1.05         0.43              1.05         0.43

RS_OP_READY_NOT_ISSUED_TOTAL                  29492869                       29492869              

RS_0_OP_READY_NOT_ISSUED                      22613367                       22613367              

RS_1_OP_READY_NOT_ISSUED                       1109947                        1109947              

RS_2_OP_READY_NOT_ISSUED                       5769555                        5769555              

RS_3_OP_READY_NOT_ISSUED                             0                              0              

RS_4_OP_READY_NOT_ISSUED                             0                              0              

RS_5_OP_READY_NOT_ISSUED                             0                              0              

RS_6_OP_READY_NOT_ISSUED                             0                              0              

RS_7_OP_READY_NOT_ISSUED                             0                              0              

RS_7_PLUS_OP_READY_NOT_ISSUED                        0                              0              

FU_IDLE_NO_READY_OPS_TOTAL                    20691549                       20691549              

FU_0_IDLE_NO_READY_OPS                          651260                         651260              

FU_1_IDLE_NO_READY_OPS                          855642                         855642              

FU_2_IDLE_NO_READY_OPS                         3250922                        3250922              

FU_3_IDLE_NO_READY_OPS                         3252749                        3252749              

FU_4_IDLE_NO_READY_OPS                          876657                         876657              

FU_5_IDLE_NO_READY_OPS                          628302                         628302              

FU_6_IDLE_NO_READY_OPS                         3531114                        3531114              

FU_7_IDLE_NO_READY_OPS                         3529962                        3529962              

FU_8_IDLE_NO_READY_OPS                          863119                         863119              

FU_9_IDLE_NO_READY_OPS                         3251822                        3251822              

FU_10_IDLE_NO_READY_OPS                              0                              0              

FU_11_IDLE_NO_READY_OPS                              0                              0              

FU_12_IDLE_NO_READY_OPS                              0                              0              

FU_13_IDLE_NO_READY_OPS                              0                              0              

FU_14_IDLE_NO_READY_OPS                              0                              0              

FU_15_IDLE_NO_READY_OPS                              0                              0              

FU_16_IDLE_NO_READY_OPS                              0                              0              

FU_17_IDLE_NO_READY_OPS                              0                              0              

FU_18_IDLE_NO_READY_OPS                              0                              0              

FU_19_IDLE_NO_READY_OPS                              0                              0              

FU_20_IDLE_NO_READY_OPS                              0                              0              

FU_21_IDLE_NO_READY_OPS                              0                              0              

FU_22_IDLE_NO_READY_OPS                              0                              0              

FU_23_IDLE_NO_READY_OPS                              0                              0              

FU_24_IDLE_NO_READY_OPS                              0                              0              

FU_25_IDLE_NO_READY_OPS                              0                              0              

FU_26_IDLE_NO_READY_OPS                              0                              0              

FU_27_IDLE_NO_READY_OPS                              0                              0              

FU_28_IDLE_NO_READY_OPS                              0                              0              

FU_29_IDLE_NO_READY_OPS                              0                              0              

FU_30_IDLE_NO_READY_OPS                              0                              0              

FU_31_IDLE_NO_READY_OPS                              0                              0              

FU_31_PLUS_IDLE_NO_READY_OPS                         0                              0              

MAP_STAGE_STARVED                               265936        3.943%           265936        3.943%
MAP_STAGE_NOT_STARVED                          6479388       96.057%          6479388       96.057%
                                               6745324      100.000%          6745324      100.000%
                                                  0.96         0.94              0.96         0.94

MAP_STAGE_STALLED                               105643        1.399%           105643        1.399%
MAP_STAGE_NOT_STALLED                          6639681       87.955%          6639681       87.955%
MAP_STAGE_OFF_PATH                              803653       10.646%           803653       10.646%
                                               7548977      100.000%          7548977      100.000%
                                                  1.09         0.47              1.09         0.47

MAP_STAGE_STALL_ITSELF                          369926        4.671%           369926        4.671%
MAP_STAGE_NOT_STALL_ITSELF                     7548977       95.329%          7548977       95.329%
                                               7918903      100.000%          7918903      100.000%
                                                  0.95         0.93              0.95         0.93

MAP_STAGE_LATE_ALLOCATE_SEND_BACK                    0                              0              

MAP_STAGE_RENAME_OP_ONPATH                    36689176                       36689176              

MAP_STAGE_RENAME_OP_OFFPATH                    4092760                        4092760              

MAP_STAGE_RENAME_INT_REG_ONPATH               28087777                       28087777              

MAP_STAGE_RENAME_INT_REG_OFFPATH               2983238                        2983238              

MAP_STAGE_RENAME_VEC_REG_ONPATH                 279868                         279868              

MAP_STAGE_RENAME_VEC_REG_OFFPATH                 33287                          33287              

MAP_STAGE_RENAME_MOVE_ELIM_ONPATH                    0                              0              

MAP_STAGE_RENAME_MOVE_ELIM_OFFPATH                   0                              0              

MAP_STAGE_ONPATH_INT_REG_NUM_ALLOC            28087758                       28087758              

MAP_STAGE_ONPATH_VEC_REG_NUM_ALLOC              279856                         279856              

MAP_STAGE_ONPATH_INT_REG_NUM_SHORTLIVE        10931598                       10931598              

MAP_STAGE_ONPATH_VEC_REG_NUM_SHORTLIVE          110140                         110140              

MAP_STAGE_ONPATH_INT_REG_USE_COUNT_0           4631767                        4631767              

MAP_STAGE_ONPATH_VEC_REG_USE_COUNT_0               316                            316              

MAP_STAGE_ONPATH_INT_REG_USE_COUNT_1          15622438                       15622438              

MAP_STAGE_ONPATH_VEC_REG_USE_COUNT_1            174418                         174418              

MAP_STAGE_ONPATH_INT_REG_USE_COUNT_2           5168288                        5168288              

MAP_STAGE_ONPATH_VEC_REG_USE_COUNT_2             88633                          88633              

MAP_STAGE_ONPATH_INT_REG_USE_COUNT_3           1635141                        1635141              

MAP_STAGE_ONPATH_VEC_REG_USE_COUNT_3             16468                          16468              

MAP_STAGE_ONPATH_INT_REG_USE_COUNT_4            424439                         424439              

MAP_STAGE_ONPATH_VEC_REG_USE_COUNT_4                 8                              8              

MAP_STAGE_ONPATH_INT_REG_USE_COUNT_5            266152                         266152              

MAP_STAGE_ONPATH_VEC_REG_USE_COUNT_5                 2                              2              

MAP_STAGE_ONPATH_INT_REG_USE_COUNT_6             87447                          87447              

MAP_STAGE_ONPATH_VEC_REG_USE_COUNT_6                 2                              2              

MAP_STAGE_ONPATH_INT_REG_USE_COUNT_7_PLUS        252086                         252086              

MAP_STAGE_ONPATH_VEC_REG_USE_COUNT_7_PLUS             9                              9              

MAP_STAGE_ONPATH_INT_REG_CONSUME_DIST_0              0        0.0000                0        0.0000

MAP_STAGE_ONPATH_VEC_REG_CONSUME_DIST_0              0        0.0000                0        0.0000

MAP_STAGE_ONPATH_INT_REG_CONSUME_DIST_1              0        0.0000                0        0.0000

MAP_STAGE_ONPATH_VEC_REG_CONSUME_DIST_1              0        0.0000                0        0.0000

MAP_STAGE_ONPATH_INT_REG_CONSUME_DIST_2       17139491        3.3163         17139491        3.3163

MAP_STAGE_ONPATH_VEC_REG_CONSUME_DIST_2        6278919       70.8418          6278919       70.8418

MAP_STAGE_ONPATH_INT_REG_CONSUME_DIST_3       13537044        8.2788         13537044        8.2788

MAP_STAGE_ONPATH_VEC_REG_CONSUME_DIST_3         786339       47.7495           786339       47.7495

MAP_STAGE_ONPATH_INT_REG_CONSUME_DIST_4        2451528        5.7759          2451528        5.7759

MAP_STAGE_ONPATH_VEC_REG_CONSUME_DIST_4            195       24.3750              195       24.3750

MAP_STAGE_ONPATH_INT_REG_CONSUME_DIST_5        4105678       15.4261          4105678       15.4261

MAP_STAGE_ONPATH_VEC_REG_CONSUME_DIST_5            101       50.5000              101       50.5000

MAP_STAGE_ONPATH_INT_REG_CONSUME_DIST_6        2266186       25.9150          2266186       25.9150

MAP_STAGE_ONPATH_VEC_REG_CONSUME_DIST_6          14357     7178.5000            14357     7178.5000

MAP_STAGE_ONPATH_INT_REG_CONSUME_DIST_7_PLUS       7851870       31.1476          7851870       31.1476

MAP_STAGE_ONPATH_VEC_REG_CONSUME_DIST_7_PLUS           250       27.7778              250       27.7778

MAP_STAGE_INT_REG_ISSUE_READ_TOTAL_CONSUMED      42940085        5.9195         42940085        5.9195

MAP_STAGE_VEC_REG_ISSUE_READ_TOTAL_CONSUMED        468054        0.0645           468054        0.0645

MAP_STAGE_INT_REG_ISSUE_READ_MULTI_CONSUMED      18142507        2.5010         18142507        2.5010

MAP_STAGE_VEC_REG_ISSUE_READ_MULTI_CONSUMED        164221        0.0226           164221        0.0226

MAP_STAGE_INT_REG_ISSUE_READ_SAME_CYCLE_CONSUMED       9533896        1.3143          9533896        1.3143

MAP_STAGE_VEC_REG_ISSUE_READ_SAME_CYCLE_CONSUMED         31872        0.0044            31872        0.0044

MAP_STAGE_INT_REG_ISSUE_READ_TOTAL_CONSUMED_ONPATH      40282310        6.1038         40282310        6.1038

MAP_STAGE_VEC_REG_ISSUE_READ_TOTAL_CONSUMED_ONPATH        416991        0.0632           416991        0.0632

MAP_STAGE_INT_REG_ISSUE_READ_MULTI_CONSUMED_ONPATH      16826302        2.5496         16826302        2.5496

MAP_STAGE_VEC_REG_ISSUE_READ_MULTI_CONSUMED_ONPATH        137437        0.0208           137437        0.0208

MAP_STAGE_INT_REG_ISSUE_READ_SAME_CYCLE_CONSUMED_ONPATH       8983953        1.3613          8983953        1.3613

MAP_STAGE_VEC_REG_ISSUE_READ_SAME_CYCLE_CONSUMED_ONPATH         27495        0.0042            27495        0.0042

MAP_STAGE_ONPATH_INT_REG_LIFECYCLE_EMPTY     542948024                      542948024              

MAP_STAGE_ONPATH_VEC_REG_LIFECYCLE_EMPTY      12213579                       12213579              

MAP_STAGE_ONPATH_INT_REG_LIFECYCLE_IN_USE     789798226                      789798226              

MAP_STAGE_ONPATH_VEC_REG_LIFECYCLE_IN_USE      28455901                       28455901              

MAP_STAGE_ONPATH_INT_REG_LIFECYCLE_SPEC_RELEASE    1226449058                     1226449058              

MAP_STAGE_ONPATH_VEC_REG_LIFECYCLE_SPEC_RELEASE     101375634                      101375634              

MAP_STAGE_ONPATH_INT_REG_LIFECYCLE_NONSPEC_RELEASE    1226449058                     1226449058              

MAP_STAGE_ONPATH_VEC_REG_LIFECYCLE_NONSPEC_RELEASE     101375634                      101375634              

MAP_STAGE_ONPATH_INT_REG_LIFECYCLE_TOTAL    1226449058                     1226449058              

MAP_STAGE_ONPATH_VEC_REG_LIFECYCLE_TOTAL     101375634                      101375634              

MAP_STAGE_ONPATH_INT_REG_NUM_NONBRANCH        28087758                       28087758              

MAP_STAGE_ONPATH_VEC_REG_NUM_NONBRANCH          279856                         279856              

MAP_STAGE_ONPATH_INT_REG_NUM_NONEXCEPT        28087758                       28087758              

MAP_STAGE_ONPATH_VEC_REG_NUM_NONEXCEPT          279856                         279856              

MAP_STAGE_ONPATH_INT_REG_NUM_ATOMIC           28087758                       28087758              

MAP_STAGE_ONPATH_VEC_REG_NUM_ATOMIC             279856                         279856              

MAP_STAGE_ONPATH_INT_REG_ATOMIC_REDEFINED_DIST_TOTAL    1226449058       43.6649       1226449058       43.6649

MAP_STAGE_ONPATH_VEC_REG_ATOMIC_REDEFINED_DIST_TOTAL     101375634      362.2421        101375634      362.2421

MAP_STAGE_ONPATH_INT_REG_ATOMIC_CONSUMED_DIST_TOTAL     789798226       28.1189        789798226       28.1189

MAP_STAGE_ONPATH_VEC_REG_ATOMIC_CONSUMED_DIST_TOTAL      28455901      101.6805         28455901      101.6805

MAP_STAGE_ONPATH_INT_REG_ATOMIC_RELEASE_DIST_TOTAL    1226449058       43.6649       1226449058       43.6649

MAP_STAGE_ONPATH_VEC_REG_ATOMIC_RELEASE_DIST_TOTAL     101375634      362.2421        101375634      362.2421

EXEC_STAGE_STARVED                             6328166       79.912%          6328166       79.912%
EXEC_STAGE_NOT_STARVED                          874658       11.045%           874658       11.045%
EXEC_STAGE_OFF_PATH                             716079        9.043%           716079        9.043%
                                               7918903      100.000%          7918903      100.000%
                                                  0.29         0.57              0.29         0.57

FU_BUSY_0                                      5870662                        5870662              

FU_BUSY_1                                      5174471                        5174471              

FU_BUSY_2                                      2101810                        2101810              

FU_BUSY_3                                      2105056                        2105056              

FU_BUSY_4                                      4977809                        4977809              

FU_BUSY_5                                      6118801                        6118801              

FU_BUSY_6                                      2594402                        2594402              

FU_BUSY_7                                      2596770                        2596770              

FU_BUSY_8                                      5124250                        5124250              

FU_BUSY_9                                      2105430                        2105430              

FU_BUSY_10                                           0                              0              

FU_BUSY_11                                           0                              0              

FU_BUSY_12                                           0                              0              

FU_BUSY_13                                           0                              0              

FU_BUSY_14                                           0                              0              

FU_BUSY_15                                           0                              0              

FU_BUSY_16                                           0                              0              

FU_BUSY_17                                           0                              0              

FU_BUSY_18                                           0                              0              

FU_BUSY_19                                           0                              0              

FU_BUSY_20                                           0                              0              

FU_BUSY_21                                           0                              0              

FU_BUSY_22                                           0                              0              

FU_BUSY_23                                           0                              0              

FU_BUSY_24                                           0                              0              

FU_BUSY_25                                           0                              0              

FU_BUSY_26                                           0                              0              

FU_BUSY_27                                           0                              0              

FU_BUSY_28                                           0                              0              

FU_BUSY_29                                           0                              0              

FU_BUSY_30                                           0                              0              

FU_BUSY_31                                           0                              0              

FU_REJECTED_OP_INV_NOT_SIMD                          0        0.000%                0        0.000%
FU_REJECTED_OP_NOP_NOT_SIMD                        666        0.104%              666        0.104%
FU_REJECTED_OP_CF_NOT_SIMD                       92127       14.363%            92127       14.363%
FU_REJECTED_OP_MOV_NOT_SIMD                       2912        0.454%             2912        0.454%
FU_REJECTED_OP_CMOV_NOT_SIMD                         5        0.001%                5        0.001%
FU_REJECTED_OP_LDA_NOT_SIMD                        181        0.028%              181        0.028%
FU_REJECTED_OP_IMEM_NOT_SIMD                    220567       34.388%           220567       34.388%
FU_REJECTED_OP_IADD_NOT_SIMD                    121945       19.012%           121945       19.012%
FU_REJECTED_OP_IMUL_NOT_SIMD                     11637        1.814%            11637        1.814%
FU_REJECTED_OP_IDIV_NOT_SIMD                        37        0.006%               37        0.006%
FU_REJECTED_OP_ICMP_NOT_SIMD                        14        0.002%               14        0.002%
FU_REJECTED_OP_LOGIC_NOT_SIMD                     5141        0.802%             5141        0.802%
FU_REJECTED_OP_SHIFT_NOT_SIMD                     3964        0.618%             3964        0.618%
FU_REJECTED_OP_FMEM_NOT_SIMD                        73        0.011%               73        0.011%
FU_REJECTED_OP_FCVT_NOT_SIMD                         0        0.000%                0        0.000%
FU_REJECTED_OP_FADD_NOT_SIMD                         0        0.000%                0        0.000%
FU_REJECTED_OP_FMUL_NOT_SIMD                         0        0.000%                0        0.000%
FU_REJECTED_OP_FMA_NOT_SIMD                          0        0.000%                0        0.000%
FU_REJECTED_OP_FDIV_NOT_SIMD                         0        0.000%                0        0.000%
FU_REJECTED_OP_FCMP_NOT_SIMD                         0        0.000%                0        0.000%
FU_REJECTED_OP_FCMOV_NOT_SIMD                        0        0.000%                0        0.000%
FU_REJECTED_OP_GATHER_NOT_SIMD                       0        0.000%                0        0.000%
FU_REJECTED_OP_SCATTER_NOT_SIMD                      0        0.000%                0        0.000%
FU_REJECTED_OP_PIPELINED_FAST_NOT_SIMD               0        0.000%                0        0.000%
FU_REJECTED_OP_PIPELINED_MEDIUM_NOT_SIMD             0        0.000%                0        0.000%
FU_REJECTED_OP_PIPELINED_SLOW_NOT_SIMD               0        0.000%                0        0.000%
FU_REJECTED_OP_NOTPIPELINED_MEDIUM_NOT_SIMD             0        0.000%                0        0.000%
FU_REJECTED_OP_NOTPIPELINED_SLOW_NOT_SIMD             0        0.000%                0        0.000%
FU_REJECTED_OP_NOTPIPELINED_VERY_SLOW_NOT_SIMD            22        0.003%               22        0.003%
FU_REJECTED_OP_INV_SIMD                              0        0.000%                0        0.000%
FU_REJECTED_OP_NOP_SIMD                           3662        0.571%             3662        0.571%
FU_REJECTED_OP_CF_SIMD                               0        0.000%                0        0.000%
FU_REJECTED_OP_MOV_SIMD                              6        0.001%                6        0.001%
FU_REJECTED_OP_CMOV_SIMD                             0        0.000%                0        0.000%
FU_REJECTED_OP_LDA_SIMD                              0        0.000%                0        0.000%
FU_REJECTED_OP_IMEM_SIMD                             0        0.000%                0        0.000%
FU_REJECTED_OP_IADD_SIMD                             0        0.000%                0        0.000%
FU_REJECTED_OP_IMUL_SIMD                             0        0.000%                0        0.000%
FU_REJECTED_OP_IDIV_SIMD                             0        0.000%                0        0.000%
FU_REJECTED_OP_ICMP_SIMD                             0        0.000%                0        0.000%
FU_REJECTED_OP_LOGIC_SIMD                            6        0.001%                6        0.001%
FU_REJECTED_OP_SHIFT_SIMD                           29        0.005%               29        0.005%
FU_REJECTED_OP_FMEM_SIMD                             1        0.000%                1        0.000%
FU_REJECTED_OP_FCVT_SIMD                          1015        0.158%             1015        0.158%
FU_REJECTED_OP_FADD_SIMD                        177362       27.652%           177362       27.652%
FU_REJECTED_OP_FMUL_SIMD                             0        0.000%                0        0.000%
FU_REJECTED_OP_FMA_SIMD                              0        0.000%                0        0.000%
FU_REJECTED_OP_FDIV_SIMD                             0        0.000%                0        0.000%
FU_REJECTED_OP_FCMP_SIMD                             0        0.000%                0        0.000%
FU_REJECTED_OP_FCMOV_SIMD                            0        0.000%                0        0.000%
FU_REJECTED_OP_GATHER_SIMD                           0        0.000%                0        0.000%
FU_REJECTED_OP_SCATTER_SIMD                          0        0.000%                0        0.000%
FU_REJECTED_OP_PIPELINED_FAST_SIMD                   0        0.000%                0        0.000%
FU_REJECTED_OP_PIPELINED_MEDIUM_SIMD                 0        0.000%                0        0.000%
FU_REJECTED_OP_PIPELINED_SLOW_SIMD                  41        0.006%               41        0.006%
FU_REJECTED_OP_NOTPIPELINED_MEDIUM_SIMD              0        0.000%                0        0.000%
FU_REJECTED_OP_NOTPIPELINED_SLOW_SIMD                0        0.000%                0        0.000%
FU_REJECTED_OP_NOTPIPELINED_VERY_SLOW_SIMD             0        0.000%                0        0.000%
                                                641413      100.000%           641413      100.000%
                                                 16.42        17.30             16.42        17.30

LSQ_FULL_TOTAL                                  106405                         106405              

LSQ_FULL_LOAD_QUEUE                                  0                              0              

LSQ_FULL_STORE_QUEUE                            106405                         106405              

OP_WAIT_0                                     24199276                       24199276              

OP_WAIT_1                                      5374345                        5374345              

OP_WAIT_2                                      1605319                        1605319              

OP_WAIT_3                                       838170                         838170              

OP_WAIT_4                                       501721                         501721              

OP_WAIT_5                                       348366                         348366              

OP_WAIT_6                                       313150                         313150              

OP_WAIT_7                                       293858                         293858              

OP_WAIT_8                                       192343                         192343              

OP_WAIT_9                                       245375                         245375              

OP_WAIT_10                                      222689                         222689              

OP_WAIT_11                                      132328                         132328              

OP_WAIT_12                                      107916                         107916              

OP_WAIT_13                                       66598                          66598              

OP_WAIT_14                                       52019                          52019              

OP_WAIT_15                                       40381                          40381              

OP_WAIT_16                                       64161                          64161              

OP_WAIT_17                                       58754                          58754              

OP_WAIT_18                                       71905                          71905              

OP_WAIT_19                                       64677                          64677              

OP_WAIT_20                                       50394                          50394              

OP_WAIT_21                                       42845                          42845              

OP_WAIT_22                                       35599                          35599              

OP_WAIT_23                                       32149                          32149              

OP_WAIT_24                                       27759                          27759              

OP_WAIT_25                                       21710                          21710              

OP_WAIT_26                                       20182                          20182              

OP_WAIT_27                                       22907                          22907              

OP_WAIT_28                                       20136                          20136              

OP_WAIT_29                                       14091                          14091              

OP_WAIT_30                                        3971                           3971              

OP_WAIT_31                                     1604082                        1604082              

ROW_SIZE_0                                     2189596                        2189596              

ROW_SIZE_1                                      419761                         419761              

ROW_SIZE_2                                      166569                         166569              

ROW_SIZE_3                                       95408                          95408              

ROW_SIZE_4                                      589819                         589819              

ROW_SIZE_5                                       52657                          52657              

ROW_SIZE_6                                      172487                         172487              

ROW_SIZE_7                                       62054                          62054              

ROW_SIZE_8                                     3944774                        3944774              

ROW_SIZE_9                                           0                              0              

ROW_SIZE_10                                          0                              0              

ROW_SIZE_11                                          0                              0              

ROW_SIZE_12                                          0                              0              

ROW_SIZE_13                                          0                              0              

ROW_SIZE_14                                          0                              0              

ROW_SIZE_15                                          0                              0              

ROW_SIZE_16                                          0                              0              

ROW_SIZE_17                                          0                              0              

ROW_SIZE_18                                          0                              0              

ROW_SIZE_19                                          0                              0              

ROW_SIZE_20                                          0                              0              

ROW_SIZE_21                                          0                              0              

ROW_SIZE_22                                          0                              0              

ROW_SIZE_23                                          0                              0              

ROW_SIZE_24                                          0                              0              

ROW_SIZE_25                                          0                              0              

ROW_SIZE_26                                          0                              0              

ROW_SIZE_27                                          0                              0              

ROW_SIZE_28                                          0                              0              

ROW_SIZE_29                                          0                              0              

ROW_SIZE_30                                          0                              0              

ROW_SIZE_31                                          0                              0              

RET_OP_EXEC_COUNT_0                            1558350        4.247%          1558350        4.247%
RET_OP_EXEC_COUNT_1                           35130826       95.753%         35130826       95.753%
RET_OP_EXEC_COUNT_2                                  0        0.000%                0        0.000%
RET_OP_EXEC_COUNT_3                                  0        0.000%                0        0.000%
RET_OP_EXEC_COUNT_4                                  0        0.000%                0        0.000%
RET_OP_EXEC_COUNT_5                                  0        0.000%                0        0.000%
RET_OP_EXEC_COUNT_6                                  0        0.000%                0        0.000%
RET_OP_EXEC_COUNT_7                                  0        0.000%                0        0.000%
RET_OP_EXEC_COUNT_8                                  0        0.000%                0        0.000%
RET_OP_EXEC_COUNT_9                                  0        0.000%                0        0.000%
RET_OP_EXEC_COUNT_10                                 0        0.000%                0        0.000%
RET_OP_EXEC_COUNT_11                                 0        0.000%                0        0.000%
RET_OP_EXEC_COUNT_12                                 0        0.000%                0        0.000%
RET_OP_EXEC_COUNT_13                                 0        0.000%                0        0.000%
RET_OP_EXEC_COUNT_14                                 0        0.000%                0        0.000%
RET_OP_EXEC_COUNT_15                                 0        0.000%                0        0.000%
RET_OP_EXEC_COUNT_16                                 0        0.000%                0        0.000%
RET_OP_EXEC_COUNT_17                                 0        0.000%                0        0.000%
RET_OP_EXEC_COUNT_18                                 0        0.000%                0        0.000%
RET_OP_EXEC_COUNT_19                                 0        0.000%                0        0.000%
RET_OP_EXEC_COUNT_20                                 0        0.000%                0        0.000%
RET_OP_EXEC_COUNT_21                                 0        0.000%                0        0.000%
RET_OP_EXEC_COUNT_22                                 0        0.000%                0        0.000%
RET_OP_EXEC_COUNT_23                                 0        0.000%                0        0.000%
RET_OP_EXEC_COUNT_24                                 0        0.000%                0        0.000%
RET_OP_EXEC_COUNT_25                                 0        0.000%                0        0.000%
RET_OP_EXEC_COUNT_26                                 0        0.000%                0        0.000%
RET_OP_EXEC_COUNT_27                                 0        0.000%                0        0.000%
RET_OP_EXEC_COUNT_28                                 0        0.000%                0        0.000%
RET_OP_EXEC_COUNT_29                                 0        0.000%                0        0.000%
RET_OP_EXEC_COUNT_30                                 0        0.000%                0        0.000%
RET_OP_EXEC_COUNT_31                                 0        0.000%                0        0.000%
RET_OP_EXEC_COUNT_32                                 0        0.000%                0        0.000%
                                              36689176      100.000%         36689176      100.000%
                                                  0.96         0.04              0.96         0.04

RET_STALL_LENGTH_0                            36688502       99.998%         36688502       99.998%
RET_STALL_LENGTH_100                               453        0.001%              453        0.001%
RET_STALL_LENGTH_200                                96        0.000%               96        0.000%
RET_STALL_LENGTH_300                                20        0.000%               20        0.000%
RET_STALL_LENGTH_400                                38        0.000%               38        0.000%
RET_STALL_LENGTH_500                                31        0.000%               31        0.000%
RET_STALL_LENGTH_600                                13        0.000%               13        0.000%
RET_STALL_LENGTH_700                                 9        0.000%                9        0.000%
RET_STALL_LENGTH_800                                 2        0.000%                2        0.000%
RET_STALL_LENGTH_900                                 1        0.000%                1        0.000%
RET_STALL_LENGTH_1000                                1        0.000%                1        0.000%
RET_STALL_LENGTH_1100                                4        0.000%                4        0.000%
RET_STALL_LENGTH_1200                                6        0.000%                6        0.000%
RET_STALL_LENGTH_1300                                0        0.000%                0        0.000%
RET_STALL_LENGTH_1400                                0        0.000%                0        0.000%
RET_STALL_LENGTH_1500                                0        0.000%                0        0.000%
RET_STALL_LENGTH_1600                                0        0.000%                0        0.000%
RET_STALL_LENGTH_1700                                0        0.000%                0        0.000%
RET_STALL_LENGTH_1800                                0        0.000%                0        0.000%
RET_STALL_LENGTH_1900                                0        0.000%                0        0.000%
RET_STALL_LENGTH_2000                                0        0.000%                0        0.000%
RET_STALL_LENGTH_2100                                0        0.000%                0        0.000%
RET_STALL_LENGTH_2200                                0        0.000%                0        0.000%
RET_STALL_LENGTH_2300                                0        0.000%                0        0.000%
RET_STALL_LENGTH_2400                                0        0.000%                0        0.000%
RET_STALL_LENGTH_2500                                0        0.000%                0        0.000%
RET_STALL_LENGTH_2600                                0        0.000%                0        0.000%
RET_STALL_LENGTH_2700                                0        0.000%                0        0.000%
RET_STALL_LENGTH_2800                                0        0.000%                0        0.000%
RET_STALL_LENGTH_2900                                0        0.000%                0        0.000%
RET_STALL_LENGTH_3000                                0        0.000%                0        0.000%
RET_STALL_LENGTH_3100                                0        0.000%                0        0.000%
RET_STALL_LENGTH_3200                                0        0.000%                0        0.000%
RET_STALL_LENGTH_3300                                0        0.000%                0        0.000%
RET_STALL_LENGTH_3400                                0        0.000%                0        0.000%
RET_STALL_LENGTH_3500                                0        0.000%                0        0.000%
RET_STALL_LENGTH_3600                                0        0.000%                0        0.000%
RET_STALL_LENGTH_3700                                0        0.000%                0        0.000%
RET_STALL_LENGTH_3800                                0        0.000%                0        0.000%
RET_STALL_LENGTH_3900                                0        0.000%                0        0.000%
RET_STALL_LENGTH_4000                                0        0.000%                0        0.000%
RET_STALL_LENGTH_4100                                0        0.000%                0        0.000%
RET_STALL_LENGTH_4200                                0        0.000%                0        0.000%
RET_STALL_LENGTH_4300                                0        0.000%                0        0.000%
RET_STALL_LENGTH_4400                                0        0.000%                0        0.000%
RET_STALL_LENGTH_4500                                0        0.000%                0        0.000%
RET_STALL_LENGTH_4600                                0        0.000%                0        0.000%
RET_STALL_LENGTH_4700                                0        0.000%                0        0.000%
RET_STALL_LENGTH_4800                                0        0.000%                0        0.000%
RET_STALL_LENGTH_4900                                0        0.000%                0        0.000%
RET_STALL_LENGTH_5000                                0        0.000%                0        0.000%
                                              36689176      100.000%         36689176      100.000%
                                                  0.00         0.01              0.00         0.01

MEM_BLOCK_LENGTH_0                                 145       45.741%              145       45.741%
MEM_BLOCK_LENGTH_100                                35       11.041%               35       11.041%
MEM_BLOCK_LENGTH_200                                13        4.101%               13        4.101%
MEM_BLOCK_LENGTH_300                                14        4.416%               14        4.416%
MEM_BLOCK_LENGTH_400                                 9        2.839%                9        2.839%
MEM_BLOCK_LENGTH_500                                23        7.256%               23        7.256%
MEM_BLOCK_LENGTH_600                                21        6.625%               21        6.625%
MEM_BLOCK_LENGTH_700                                20        6.309%               20        6.309%
MEM_BLOCK_LENGTH_800                                 5        1.577%                5        1.577%
MEM_BLOCK_LENGTH_900                                 8        2.524%                8        2.524%
MEM_BLOCK_LENGTH_1000                                3        0.946%                3        0.946%
MEM_BLOCK_LENGTH_1100                                7        2.208%                7        2.208%
MEM_BLOCK_LENGTH_1200                                4        1.262%                4        1.262%
MEM_BLOCK_LENGTH_1300                                2        0.631%                2        0.631%
MEM_BLOCK_LENGTH_1400                                4        1.262%                4        1.262%
MEM_BLOCK_LENGTH_1500                                1        0.315%                1        0.315%
MEM_BLOCK_LENGTH_1600                                0        0.000%                0        0.000%
MEM_BLOCK_LENGTH_1700                                0        0.000%                0        0.000%
MEM_BLOCK_LENGTH_1800                                0        0.000%                0        0.000%
MEM_BLOCK_LENGTH_1900                                1        0.315%                1        0.315%
MEM_BLOCK_LENGTH_2000                                0        0.000%                0        0.000%
MEM_BLOCK_LENGTH_2100                                2        0.631%                2        0.631%
MEM_BLOCK_LENGTH_2200                                0        0.000%                0        0.000%
MEM_BLOCK_LENGTH_2300                                0        0.000%                0        0.000%
MEM_BLOCK_LENGTH_2400                                0        0.000%                0        0.000%
MEM_BLOCK_LENGTH_2500                                0        0.000%                0        0.000%
MEM_BLOCK_LENGTH_2600                                0        0.000%                0        0.000%
MEM_BLOCK_LENGTH_2700                                0        0.000%                0        0.000%
MEM_BLOCK_LENGTH_2800                                0        0.000%                0        0.000%
MEM_BLOCK_LENGTH_2900                                0        0.000%                0        0.000%
MEM_BLOCK_LENGTH_3000                                0        0.000%                0        0.000%
MEM_BLOCK_LENGTH_3100                                0        0.000%                0        0.000%
MEM_BLOCK_LENGTH_3200                                0        0.000%                0        0.000%
MEM_BLOCK_LENGTH_3300                                0        0.000%                0        0.000%
MEM_BLOCK_LENGTH_3400                                0        0.000%                0        0.000%
MEM_BLOCK_LENGTH_3500                                0        0.000%                0        0.000%
MEM_BLOCK_LENGTH_3600                                0        0.000%                0        0.000%
MEM_BLOCK_LENGTH_3700                                0        0.000%                0        0.000%
MEM_BLOCK_LENGTH_3800                                0        0.000%                0        0.000%
MEM_BLOCK_LENGTH_3900                                0        0.000%                0        0.000%
MEM_BLOCK_LENGTH_4000                                0        0.000%                0        0.000%
MEM_BLOCK_LENGTH_4100                                0        0.000%                0        0.000%
MEM_BLOCK_LENGTH_4200                                0        0.000%                0        0.000%
MEM_BLOCK_LENGTH_4300                                0        0.000%                0        0.000%
MEM_BLOCK_LENGTH_4400                                0        0.000%                0        0.000%
MEM_BLOCK_LENGTH_4500                                0        0.000%                0        0.000%
MEM_BLOCK_LENGTH_4600                                0        0.000%                0        0.000%
MEM_BLOCK_LENGTH_4700                                0        0.000%                0        0.000%
MEM_BLOCK_LENGTH_4800                                0        0.000%                0        0.000%
MEM_BLOCK_LENGTH_4900                                0        0.000%                0        0.000%
MEM_BLOCK_LENGTH_5000                                0        0.000%                0        0.000%
                                                   317      100.000%              317      100.000%
                                                  2.98         3.49              2.98         3.49

FUS_BUSY_ON_PATH                              36013047        4.5477         36013047        4.5477

FUS_BUSY_OFF_PATH                              2756414        0.3481          2756414        0.3481

FU_BUSY_MEM_STALL                               943717        0.1192           943717        0.1192

FUS_EMPTY                                     40419569        5.1042         40419569        5.1042

FU_UNAVAILABLE                                  120585        0.0152           120585        0.0152

FU_MEM_UNAVAILABLE                              520828        0.0658           520828        0.0658

FU_OTHER_UNAVAILABLE                                 0        0.0000                0        0.0000

FU_REPLAY                                            0        0.0000                0        0.0000

FU_STARVED                                    40245471        5.0822         40245471        5.0822

CHIP_UTILIZATION                                     0        0.0000                0        0.0000

CYCLES_UNDER_MEM_REQ                                 0                              0              

CYCLES_UNDER_NO_MEM_REQ                              0                              0              

CYCLES_UNDER_CRITICAL_MEM_REQ                        0                              0              

CYCLES_UNDER_NONCRITICAL_MEM_REQ                     0                              0              

CHIP_UTILIZATION_UNDER_MEM_REQ                       0          -nan                0          -nan

CHIP_UTILIZATION_UNDER_NO_MEM_REQ                    0          -nan                0          -nan

CHIP_UTILIZATION_UNDER_CRITICAL_MEM_REQ              0          -nan                0          -nan

CHIP_UTILIZATION_UNDER_NONCRITICAL_MEM_REQ             0          -nan                0          -nan

CYCLES_NOT_WAITING_FOR_OFF_CHIP                      0        0.0000                0        0.0000

FUS_BUSY_NOT_WAITING_FOR_OFF_CHIP                    0          -nan                0          -nan

CYCLES_WAITING_FOR_OFF_CHIP                          0        0.0000                0        0.0000

FUS_BUSY_WAITING_FOR_OFF_CHIP                        0          -nan                0          -nan

TOTAL_OFF_CHIP_DELAYS_LEFT                           0                              0              

WRONG_IO_SCHED                                       0                              0              

DVFS_CONFIG_SWITCH                                   0                              0              

MAP_STAGE_RECEIVED_OPS_0                             0        0.000%                0        0.000%
MAP_STAGE_RECEIVED_OPS_1                         16132        0.254%            16132        0.254%
MAP_STAGE_RECEIVED_OPS_2                         40285        0.635%            40285        0.635%
MAP_STAGE_RECEIVED_OPS_3                         23919        0.377%            23919        0.377%
MAP_STAGE_RECEIVED_OPS_4                        549017        8.653%           549017        8.653%
MAP_STAGE_RECEIVED_OPS_5                         31844        0.502%            31844        0.502%
MAP_STAGE_RECEIVED_OPS_6                       5683481       89.579%          5683481       89.579%
MAP_STAGE_RECEIVED_OPS_7                             0        0.000%                0        0.000%
MAP_STAGE_RECEIVED_OPS_8                             0        0.000%                0        0.000%
MAP_STAGE_RECEIVED_OPS_MAX                           0        0.000%                0        0.000%
                                               6344678      100.000%          6344678      100.000%
                                                  5.77         0.71              5.77         0.71

MAP_STAGE_WAIT_FOR_DECODE                            0         -nan%                0         -nan%
MAP_STAGE_CONSUME_DECODE                             0         -nan%                0         -nan%
                                                     0         -nan%                0         -nan%
                                                  -nan         -nan              -nan         -nan

MAP_STAGE_WAIT_FOR_DECODE2                           0         -nan%                0         -nan%
MAP_STAGE_CONSUME_DECODE2                            0         -nan%                0         -nan%
                                                     0         -nan%                0         -nan%
                                                  -nan         -nan              -nan         -nan

FTQ_RECOVER_EXEC                                 29228                          29228              

FTQ_RECOVER_DECODE                                 553                            553              

FTQ_OFFPATH_CYCLES                             3130418                        3130418              

FTQ_CYCLES_OFFPATH                             3130418                        3130418              

FTQ_CYCLES_ONPATH                              4788485                        4788485              

FTQ_FETCHED_INS_ONPATH                        36689176                       36689176              

FTQ_FETCHED_INS_OFFPATH                       25370835                       25370835              

FTQ_BREAK_FULL_FT_ONPATH                        478767                         478767              

FTQ_BREAK_FULL_FT_OFFPATH                       425489                         425489              

FTQ_BREAK_PRED_BR_ONPATH                             0                              0              

FTQ_BREAK_PRED_BR_OFFPATH                            0                              0              

FTQ_BREAK_BAR_FETCH_ONPATH                           0                              0              

FTQ_BREAK_BAR_FETCH_OFFPATH                          0                              0              

FTQ_BREAK_MAX_CFS_TAKEN_ONPATH                       0                              0              

FTQ_BREAK_MAX_CFS_TAKEN_OFFPATH                      0                              0              

FTQ_BREAK_MAX_FT_ONPATH                        4309656                        4309656              

FTQ_BREAK_MAX_FT_OFFPATH                       2704929                        2704929              

DFE_GEN_ON_PATH_FT                             5238096                        5238096              

DFE_GEN_OFF_PATH_FT                            2245745                        2245745              

DFE_L0_ENABLED_PREDICTIONS                    36689176                       36689176              

DFE_L0_WRONG_MAIN_CORRECT                       614581                         614581              

DFE_L0_WRONG_MAIN_WRONG                          21909                          21909              

DFE_L0_CORRECT_MAIN_WRONG                         7872                           7872              

DFE_L0_CORRECT_MAIN_CORRECT                   36044814                       36044814              

DFE_L0_WRONG_MAIN_CORRECT_RECOVERY_SCHEDULED             0                              0              

FTQ_SAW_BAR_FETCH_OFFPATH                         4318                           4318              

FTQ_SAW_BAR_FETCH_ONPATH                           343                            343              

DFE_CONF_0_RECOVER_AT_EXEC                           0         -nan%                0         -nan%
DFE_CONF_1_RECOVER_AT_EXEC                           0         -nan%                0         -nan%
DFE_CONF_2_RECOVER_AT_EXEC                           0         -nan%                0         -nan%
DFE_CONF_3_RECOVER_AT_EXEC                           0         -nan%                0         -nan%
DFE_CONF_0_CORRECT                                   0         -nan%                0         -nan%
DFE_CONF_1_CORRECT                                   0         -nan%                0         -nan%
DFE_CONF_2_CORRECT                                   0         -nan%                0         -nan%
DFE_CONF_3_CORRECT                                   0         -nan%                0         -nan%
                                                     0         -nan%                0         -nan%
                                                  -nan         -nan              -nan         -nan

DFE_ON_CONF_ON_OPS                                   0         -nan%                0         -nan%
DFE_ON_CONF_OFF_OPS                                  0         -nan%                0         -nan%
DFE_OFF_CONF_ON_OPS                                  0         -nan%                0         -nan%
DFE_OFF_CONF_OFF_REALISTIC_OPS                       0         -nan%                0         -nan%
DFE_OFF_CONF_OFF_PERFECT_OPS                         0         -nan%                0         -nan%
                                                     0         -nan%                0         -nan%
                                                  -nan         -nan              -nan         -nan

DFE_ON_CONF_ON_FETCH_TARGETS                         0         -nan%                0         -nan%
DFE_ON_CONF_OFF_FETCH_TARGETS                        0         -nan%                0         -nan%
DFE_OFF_CONF_ON_FETCH_TARGETS                        0         -nan%                0         -nan%
DFE_OFF_CONF_OFF_REALISTIC_FETCH_TARGETS             0         -nan%                0         -nan%
DFE_OFF_CONF_OFF_PERFECT_FETCH_TARGETS               0         -nan%                0         -nan%
                                                     0         -nan%                0         -nan%
                                                  -nan         -nan              -nan         -nan

DFE_ON_CONF_ON_CYCLES                                0         -nan%                0         -nan%
DFE_ON_CONF_OFF_CYCLES                               0         -nan%                0         -nan%
DFE_OFF_CONF_ON_CYCLES                               0         -nan%                0         -nan%
DFE_OFF_CONF_OFF_REALISTIC_CYCLES                    0         -nan%                0         -nan%
DFE_OFF_CONF_OFF_PERFECT_CYCLES                      0         -nan%                0         -nan%
                                                     0         -nan%                0         -nan%
                                                  -nan         -nan              -nan         -nan

DFE_OFF_CONF_ON_NUM_EVENTS                           0                              0              

DFE_OFF_CONF_ON_NOT_IDENTIFIED_EVENTS                0         -nan%                0         -nan%
DFE_OFF_CONF_ON_IBTB_MISS_EVENTS                     0         -nan%                0         -nan%
DFE_OFF_CONF_ON_BTB_MISS_EVENTS                      0         -nan%                0         -nan%
DFE_OFF_CONF_ON_BTB_MISS_RECOVER_AT_EXEC_EVENTS             0         -nan%                0         -nan%
DFE_OFF_CONF_ON_RECOVER_AT_EXEC_EVENTS               0         -nan%                0         -nan%
DFE_OFF_CONF_ON_RECOVER_AT_DECODE_EVENTS             0         -nan%                0         -nan%
                                                     0         -nan%                0         -nan%
                                                  -nan         -nan              -nan         -nan

DFE_OFF_CONF_ON_LATE_BTB_HIT_EVENTS                  0                              0              

DFE_OFF_CONF_ON_NOT_IDENTIFIED_CYCLES                0         -nan%                0         -nan%
DFE_OFF_CONF_ON_IBTB_MISS_CYCLES                     0         -nan%                0         -nan%
DFE_OFF_CONF_ON_BTB_MISS_CYCLES                      0         -nan%                0         -nan%
DFE_OFF_CONF_ON_BTB_MISS_RECOVER_AT_EXEC_CYCLES             0         -nan%                0         -nan%
DFE_OFF_CONF_ON_RECOVER_AT_EXEC_CYCLES               0         -nan%                0         -nan%
DFE_OFF_CONF_ON_RECOVER_AT_DECODE_CYCLES             0         -nan%                0         -nan%
                                                     0         -nan%                0         -nan%
                                                  -nan         -nan              -nan         -nan

DFE_OFF_CONF_ON_LATE_BTB_HIT_CYCLES                  0                              0              

DFE_OFF_CONF_ON_NOT_IDENTIFIED_FETCH_TARGETS             0         -nan%                0         -nan%
DFE_OFF_CONF_ON_IBTB_MISS_FETCH_TARGETS              0         -nan%                0         -nan%
DFE_OFF_CONF_ON_BTB_MISS_FETCH_TARGETS               0         -nan%                0         -nan%
DFE_OFF_CONF_ON_BTB_MISS_RECOVER_AT_EXEC_FETCH_TARGETS             0         -nan%                0         -nan%
DFE_OFF_CONF_ON_RECOVER_AT_EXEC_FETCH_TARGETS             0         -nan%                0         -nan%
DFE_OFF_CONF_ON_RECOVER_AT_DECODE_FETCH_TARGETS             0         -nan%                0         -nan%
                                                     0         -nan%                0         -nan%
                                                  -nan         -nan              -nan         -nan

DFE_OFF_CONF_ON_LATE_BTB_HIT_FETCH_TARGETS             0                              0              

DFE_OFF_CONF_ON_BP_INCORRECT_0_CONF                  0         -nan%                0         -nan%
DFE_OFF_CONF_ON_BP_INCORRECT_1_CONF                  0         -nan%                0         -nan%
DFE_OFF_CONF_ON_BP_INCORRECT_2_CONF                  0         -nan%                0         -nan%
DFE_OFF_CONF_ON_BP_INCORRECT_3_CONF                  0         -nan%                0         -nan%
                                                     0         -nan%                0         -nan%
                                                  -nan         -nan              -nan         -nan

DFE_OFF_CONF_ON_BTB_MISS_CBR_0_CONF                  0         -nan%                0         -nan%
DFE_OFF_CONF_ON_BTB_MISS_CBR_1_CONF                  0         -nan%                0         -nan%
DFE_OFF_CONF_ON_BTB_MISS_CBR_2_CONF                  0         -nan%                0         -nan%
DFE_OFF_CONF_ON_BTB_MISS_CBR_3_CONF                  0         -nan%                0         -nan%
                                                     0         -nan%                0         -nan%
                                                  -nan         -nan              -nan         -nan

DFE_OFF_CONF_ON_BTB_MISS_NOT_CF                      0         -nan%                0         -nan%
DFE_OFF_CONF_ON_BTB_MISS_CF_BR                       0         -nan%                0         -nan%
DFE_OFF_CONF_ON_BTB_MISS_CF_CBR                      0         -nan%                0         -nan%
DFE_OFF_CONF_ON_BTB_MISS_CF_CALL                     0         -nan%                0         -nan%
DFE_OFF_CONF_ON_BTB_MISS_CF_IBR                      0         -nan%                0         -nan%
DFE_OFF_CONF_ON_BTB_MISS_CF_ICALL                    0         -nan%                0         -nan%
DFE_OFF_CONF_ON_BTB_MISS_CF_ICO                      0         -nan%                0         -nan%
DFE_OFF_CONF_ON_BTB_MISS_CF_RET                      0         -nan%                0         -nan%
DFE_OFF_CONF_ON_BTB_MISS_CF_SYS                      0         -nan%                0         -nan%
                                                     0         -nan%                0         -nan%
                                                  -nan         -nan              -nan         -nan

DFE_ON_CONF_OFF_NUM_EVENTS                           0                              0              

CONF_BTB_NUM_CYCLES_OFF_PATH_EVENT                   0                              0              

DFE_ON_CONF_OFF_IBTB_MISS_BP_TAKEN                   0         -nan%                0         -nan%
DFE_ON_CONF_OFF_BTB_MISS_BP_TAKEN_CONF_0             0         -nan%                0         -nan%
DFE_ON_CONF_OFF_BTB_MISS_BP_TAKEN_CONF_1             0         -nan%                0         -nan%
DFE_ON_CONF_OFF_BTB_MISS_BP_TAKEN_CONF_2             0         -nan%                0         -nan%
DFE_ON_CONF_OFF_BTB_MISS_BP_TAKEN_CONF_3             0         -nan%                0         -nan%
DFE_ON_CONF_OFF_BTB_MISS_RATE                        0         -nan%                0         -nan%
DFE_ON_CONF_OFF_IBTB_MISS_RATE                       0         -nan%                0         -nan%
DFE_ON_CONF_OFF_RECOVER_AT_DECODE_RATE               0         -nan%                0         -nan%
DFE_ON_CONF_OFF_RECOVER_AT_EXEC_RATE                 0         -nan%                0         -nan%
DFE_ON_CONF_OFF_INV_CONF_INC                         0         -nan%                0         -nan%
DFE_ON_CONF_OFF_PERFECT_CONF                         0         -nan%                0         -nan%
                                                     0         -nan%                0         -nan%
                                                  -nan         -nan              -nan         -nan

DFE_ON_CONF_OFF_IBTB_MISS_BP_TAKEN_CYCLES             0         -nan%                0         -nan%
DFE_ON_CONF_OFF_BTB_MISS_BP_TAKEN_CONF_0_CYCLES             0         -nan%                0         -nan%
DFE_ON_CONF_OFF_BTB_MISS_BP_TAKEN_CONF_1_CYCLES             0         -nan%                0         -nan%
DFE_ON_CONF_OFF_BTB_MISS_BP_TAKEN_CONF_2_CYCLES             0         -nan%                0         -nan%
DFE_ON_CONF_OFF_BTB_MISS_BP_TAKEN_CONF_3_CYCLES             0         -nan%                0         -nan%
DFE_ON_CONF_OFF_BTB_MISS_RATE_CYCLES                 0         -nan%                0         -nan%
DFE_ON_CONF_OFF_IBTB_MISS_RATE_CYCLES                0         -nan%                0         -nan%
DFE_ON_CONF_OFF_RECOVER_AT_DECODE_RATE_CYCLES             0         -nan%                0         -nan%
DFE_ON_CONF_OFF_RECOVER_AT_EXEC_RATE_CYCLES             0         -nan%                0         -nan%
DFE_ON_CONF_OFF_INV_CONF_INC_CYCLES                  0         -nan%                0         -nan%
DFE_ON_CONF_OFF_PERFECT_CONF_CYCLES                  0         -nan%                0         -nan%
                                                     0         -nan%                0         -nan%
                                                  -nan         -nan              -nan         -nan

DFE_ON_CONF_OFF_IBTB_MISS_BP_TAKEN_FETCH_TARGETS             0         -nan%                0         -nan%
DFE_ON_CONF_OFF_BTB_MISS_BP_TAKEN_CONF_0_FETCH_TARGETS             0         -nan%                0         -nan%
DFE_ON_CONF_OFF_BTB_MISS_BP_TAKEN_CONF_1_FETCH_TARGETS             0         -nan%                0         -nan%
DFE_ON_CONF_OFF_BTB_MISS_BP_TAKEN_CONF_2_FETCH_TARGETS             0         -nan%                0         -nan%
DFE_ON_CONF_OFF_BTB_MISS_BP_TAKEN_CONF_3_FETCH_TARGETS             0         -nan%                0         -nan%
DFE_ON_CONF_OFF_BTB_MISS_RATE_FETCH_TARGETS             0         -nan%                0         -nan%
DFE_ON_CONF_OFF_IBTB_MISS_RATE_FETCH_TARGETS             0         -nan%                0         -nan%
DFE_ON_CONF_OFF_RECOVER_AT_DECODE_RATE_FETCH_TARGETS             0         -nan%                0         -nan%
DFE_ON_CONF_OFF_RECOVER_AT_EXEC_RATE_FETCH_TARGETS             0         -nan%                0         -nan%
DFE_ON_CONF_OFF_INV_CONF_INC_FETCH_TARGETS             0         -nan%                0         -nan%
DFE_ON_CONF_OFF_PERFECT_CONF_FETCH_TARGETS             0         -nan%                0         -nan%
                                                     0         -nan%                0         -nan%
                                                  -nan         -nan              -nan         -nan

CONF_OFF_IBTB_MISS_BP_TAKEN                          0         -nan%                0         -nan%
CONF_OFF_BTB_MISS_BP_TAKEN_CONF_0                    0         -nan%                0         -nan%
CONF_OFF_BTB_MISS_BP_TAKEN_CONF_1                    0         -nan%                0         -nan%
CONF_OFF_BTB_MISS_BP_TAKEN_CONF_2                    0         -nan%                0         -nan%
CONF_OFF_BTB_MISS_BP_TAKEN_CONF_3                    0         -nan%                0         -nan%
CONF_OFF_BTB_MISS_RATE                               0         -nan%                0         -nan%
CONF_OFF_IBTB_MISS_RATE                              0         -nan%                0         -nan%
CONF_OFF_RECOVER_AT_DECODE_RATE                      0         -nan%                0         -nan%
CONF_OFF_RECOVER_AT_EXEC_RATE                        0         -nan%                0         -nan%
CONF_OFF_INV_CONF_INC                                0         -nan%                0         -nan%
CONF_OFF_PERFECT_CONF                                0         -nan%                0         -nan%
                                                     0         -nan%                0         -nan%
                                                  -nan         -nan              -nan         -nan

TOPDOWN_TOTAL_SLOTS                           47513418                       47513418              

TOPDOWN_ISSUED_SLOTS                          41644445                       41644445              

TOPDOWN_RETIRED_SLOTS                         36689176                       36689176              

TOPDOWN_FETCH_BUBBLES_SLOTS                    2349351                        2349351              

TOPDOWN_RECOVERY_BUBBLES_SLOTS                  624326                         624326              

TOPDOWN_MEM_LOAD_STALLS_CYCLES                  384952                         384952              

TOPDOWN_MEM_STORE_STALLS_CYCLES                  69215                          69215              

TOPDOWN_EXEC_STALLS_CYCLES                      381141                         381141              

TOPDOWN_BACKEND_STALLS_CYCLES                   457311                         457311              

TOPDOWN_FETCH_BUBBLES_GT_MIW_CYCLES             162368                         162368              

TOPDOWN_BR_RECOVER_AT_EXEC_RETIRED_CYCLES         29228                          29228              

TOPDOWN_MACHINE_CLEAR_CYCLES                    644362                         644362              

TOPDOWN_FRONTEND_BOUND                             494                            494              

TOPDOWN_BACKEND_BOUND                              611                            611              

TOPDOWN_BAD_SPEC_BOUND                            1174                           1174              

TOPDOWN_RETIRING_BOUND                            7721                           7721              

TOPDOWN_FETCH_LATENCY_BOUND                        205                            205              

TOPDOWN_FETCH_BANDWIDTH_BOUND                      289                            289              

TOPDOWN_MEM_BOUND                                  606                            606              

TOPDOWN_CORE_BOUND                                   5                              5              

TOPDOWN_BR_RECOVER_AT_EXEC_BOUND                    50                             50              

TOPDOWN_MACHINE_CLEARS_BOUND                      1124                           1124              

H2P_SEEN_MAIN                                    59883                          59883              



