/* -*- Mode: c -*- */
####################################################################################################
Core 0
####################################################################################################
Cumulative:        Cycles: 9287908               Instructions: 29999995              IPC: 3.23001

Periodic:          Cycles: 9287908               Instructions: 29999995              IPC: 3.23001

APT_LIVE_LD2_PREDICTION_PEAK                       160                            160              

APT_LIVE_LD2_PREDICTION_OBSERVATIONS                 0                              0              

APT_LIVE_LD2_PREDICTION_TOTAL                        0                              0              

IFUSE_FUSED_LOADS                              4385946                        4385946              

IFUSE_LD2_PRF_ALLOC_SUCCESSES                  4548811                        4548811              

IFUSE_LD2_PRF_ALLOC_FAILURES                         0                              0              

IFUSE_LD2_PRF_APT_STORE_FAILURES                     0                              0              

IFUSE_LD2_PRF_HANDOFF_SUCCESSES                4385946                        4385946              

IFUSE_LD2_PRF_HANDOFF_FAILURES                       0                              0              

IFUSE_MISPREDICTED_LOADS                          2580                           2580              

IFUSE_MISPREDICTION_FLUSHES                       2373                           2373              

IFUSE_MISPREDICTED_CACHE_BLOCK_ADDR               2556                           2556              

IFUSE_MISPREDICTED_OFFSET_DELTA                   2580                           2580              

ACI_REPLAYED_INSERTS                                 0                              0              

ACI_BACKING_ALLOC_FAILURES                           0                              0              

ACI_PREDICTION_INSERTS                         4548811                        4548811              

ACI_SAME_CACHEBLOCK_INSERTS                     269559                         269559              

ACI_LOOKUP_NO_MATCHES                             2556                           2556              

ACI_LOOKUP_MATCHES                             4385970                        4385970              

ACI_PREDICTION_INVALIDATIONS                    162839                         162839              

ACI_STALE_PREDICTION_REMOVALS                        0                              0              

FCT_LD2_REPLACEMENTS                                 0                              0              

TRAINING_TABLE_INSERTS                            1937                           1937              

TRAINING_TABLE_PROMOTIONS                          707                            707              

TRAINING_TABLE_BACKING_ALLOC_FAILURES                0                              0              



