/* -*- Mode: c -*- */
####################################################################################################
Core 0
####################################################################################################
Cumulative:        Cycles: 20642081              Instructions: 89999999              IPC: 4.36003

Periodic:          Cycles: 20642081              Instructions: 89999999              IPC: 4.36003

EXECUTION_TIME                           6450650312500                  6450650312500              

SIM_HOST_WALL_SECONDS                       545.365939                     545.365939              

NODE_CYCLE                                    20642081                       20642081              

NODE_INST_COUNT                               90000077                       90000077              

NODE_INST_COUNT_FETCHED                       89999999                       89999999              

NODE_UOP_COUNT                               103588011                      103588011              

EXEC_STAGE_NO_ISSUE_STALL_CYCLE               19144600                       19144600              

EXEC_STAGE_NO_ISSUE_STALL_CYCLE_ONPATH        18841990                       18841990              

FULL_WINDOW_STALL                                 2793        0.014%             2793        0.014%

FULL_WINDOW_MEM_OP                                2162       79.985%             2162       79.985%
FULL_WINDOW_FP_OP                                    0        0.000%                0        0.000%
FULL_WINDOW_OTHER_OP                               541       20.015%              541       20.015%
                                                  2703      100.000%             2703      100.000%
                                                  0.40         0.74              0.40         0.74

RET_BLOCKED_DC_MISS                            1767903        8.565%          1767903        8.565%

RET_BLOCKED_L1_MISS                              62384        0.302%            62384        0.302%

RET_BLOCKED_L1_MISS_BW_PREF                       6881        0.033%             6881        0.033%

RET_BLOCKED_L1_ACCESS                          1710825        8.288%          1710825        8.288%

RET_BLOCKED_MEM_STALL                            78970        0.383%            78970        0.383%

RET_BLOCKED_OFFCHIP_DEMAND                           0        0.000%                0        0.000%

OP_ISSUED                                    104420478                      104420478              

OP_RETIRED                                   103588011                      103588011              

OP_MACRO_FUSION_ONPATH                        15038019                       15038019              

OP_MACRO_FUSION_OFFPATH                         345656                         345656              

REPLAY_SIGNALED                                      0                              0              

REPLAY_COUNTED                                       0                              0              

OFF_CRITICAL_PATH                                    0         -nan%                0         -nan%
ON_CRITICAL_PATH                                     0         -nan%                0         -nan%
                                                     0         -nan%                0         -nan%
                                                  -nan         -nan              -nan         -nan

LD_NO_DEPENDENTS                               1369570        7.008%          1369570        7.008%
LD_DEPENDENTS                                 18173476       92.992%         18173476       92.992%
                                              19543046      100.000%         19543046      100.000%
                                                  0.93         0.90              0.93         0.90

LD_EXEC_CYCLES_0                                     0        0.000%                0        0.000%
LD_EXEC_CYCLES_1                               1906785       77.868%          1906785       77.868%
LD_EXEC_CYCLES_2                                 97472        3.980%            97472        3.980%
LD_EXEC_CYCLES_3                                118159        4.825%           118159        4.825%
LD_EXEC_CYCLES_4                                326326       13.326%           326326       13.326%
                                               2448742      100.000%          2448742      100.000%
                                                  1.54         1.21              1.54         1.21

ICACHE_STAGE_STARVED                            358974        1.811%           358974        1.811%
ICACHE_STAGE_NOT_STARVED                      19461640       98.189%         19461640       98.189%
                                              19820614      100.000%         19820614      100.000%
                                                  0.98         0.97              0.98         0.97

ICACHE_STAGE_STALLED                           3490186       16.908%          3490186       16.908%
ICACHE_STAGE_NOT_STALLED                      16330428       79.112%         16330428       79.112%
ICACHE_STAGE_OFF_PATH                           821467        3.980%           821467        3.980%
                                              20642081      100.000%         20642081      100.000%
                                                  0.87         0.31              0.87         0.31

DECODE_STAGE_STARVED                          20137674       98.047%         20137674       98.047%
DECODE_STAGE_NOT_STARVED                        401195        1.953%           401195        1.953%
                                              20538869      100.000%         20538869      100.000%
                                                  0.02         0.14              0.02         0.14

DECODE_STAGE_STALLED                             27895        0.135%            27895        0.135%
DECODE_STAGE_NOT_STALLED                      20510974       99.365%         20510974       99.365%
DECODE_STAGE_OFF_PATH                           103212        0.500%           103212        0.500%
                                              20642081      100.000%         20642081      100.000%
                                                  1.00         0.10              1.00         0.10

UOPQ_STAGE_STARVED                             1436053        8.739%          1436053        8.739%
UOPQ_STAGE_NOT_STARVED                        14997454       91.261%         14997454       91.261%
                                              16433507      100.000%         16433507      100.000%
                                                  0.91         0.88              0.91         0.88

UOPQ_STAGE_STALLED                             3515389       17.030%          3515389       17.030%
UOPQ_STAGE_NOT_STALLED                        16433507       79.612%         16433507       79.612%
UOPQ_STAGE_OFF_PATH                             693185        3.358%           693185        3.358%
                                              20642081      100.000%         20642081      100.000%
                                                  0.86         0.29              0.86         0.29

RS_OP_READY_NOT_ISSUED_TOTAL                  79566012                       79566012              

RS_0_OP_READY_NOT_ISSUED                      54884825                       54884825              

RS_1_OP_READY_NOT_ISSUED                       8263131                        8263131              

RS_2_OP_READY_NOT_ISSUED                      16418056                       16418056              

RS_3_OP_READY_NOT_ISSUED                             0                              0              

RS_4_OP_READY_NOT_ISSUED                             0                              0              

RS_5_OP_READY_NOT_ISSUED                             0                              0              

RS_6_OP_READY_NOT_ISSUED                             0                              0              

RS_7_OP_READY_NOT_ISSUED                             0                              0              

RS_7_PLUS_OP_READY_NOT_ISSUED                        0                              0              

FU_IDLE_NO_READY_OPS_TOTAL                    49663814                       49663814              

FU_0_IDLE_NO_READY_OPS                         1485921                        1485921              

FU_1_IDLE_NO_READY_OPS                         2281288                        2281288              

FU_2_IDLE_NO_READY_OPS                         6796452                        6796452              

FU_3_IDLE_NO_READY_OPS                         6805679                        6805679              

FU_4_IDLE_NO_READY_OPS                         2436224                        2436224              

FU_5_IDLE_NO_READY_OPS                         1479648                        1479648              

FU_6_IDLE_NO_READY_OPS                         9608113                        9608113              

FU_7_IDLE_NO_READY_OPS                         9617047                        9617047              

FU_8_IDLE_NO_READY_OPS                         2344001                        2344001              

FU_9_IDLE_NO_READY_OPS                         6809441                        6809441              

FU_10_IDLE_NO_READY_OPS                              0                              0              

FU_11_IDLE_NO_READY_OPS                              0                              0              

FU_12_IDLE_NO_READY_OPS                              0                              0              

FU_13_IDLE_NO_READY_OPS                              0                              0              

FU_14_IDLE_NO_READY_OPS                              0                              0              

FU_15_IDLE_NO_READY_OPS                              0                              0              

FU_16_IDLE_NO_READY_OPS                              0                              0              

FU_17_IDLE_NO_READY_OPS                              0                              0              

FU_18_IDLE_NO_READY_OPS                              0                              0              

FU_19_IDLE_NO_READY_OPS                              0                              0              

FU_20_IDLE_NO_READY_OPS                              0                              0              

FU_21_IDLE_NO_READY_OPS                              0                              0              

FU_22_IDLE_NO_READY_OPS                              0                              0              

FU_23_IDLE_NO_READY_OPS                              0                              0              

FU_24_IDLE_NO_READY_OPS                              0                              0              

FU_25_IDLE_NO_READY_OPS                              0                              0              

FU_26_IDLE_NO_READY_OPS                              0                              0              

FU_27_IDLE_NO_READY_OPS                              0                              0              

FU_28_IDLE_NO_READY_OPS                              0                              0              

FU_29_IDLE_NO_READY_OPS                              0                              0              

FU_30_IDLE_NO_READY_OPS                              0                              0              

FU_31_IDLE_NO_READY_OPS                              0                              0              

FU_31_PLUS_IDLE_NO_READY_OPS                         0                              0              

MAP_STAGE_STARVED                               167646        0.956%           167646        0.956%
MAP_STAGE_NOT_STARVED                         17360762       99.044%         17360762       99.044%
                                              17528408      100.000%         17528408      100.000%
                                                  0.99         0.99              0.99         0.99

MAP_STAGE_STALLED                                 6316        0.035%             6316        0.035%
MAP_STAGE_NOT_STALLED                         17522092       97.634%         17522092       97.634%
MAP_STAGE_OFF_PATH                              418253        2.331%           418253        2.331%
                                              17946661      100.000%         17946661      100.000%
                                                  1.02         0.22              1.02         0.22

MAP_STAGE_STALL_ITSELF                         2695420       13.058%          2695420       13.058%
MAP_STAGE_NOT_STALL_ITSELF                    17946661       86.942%         17946661       86.942%
                                              20642081      100.000%         20642081      100.000%
                                                  0.87         0.82              0.87         0.82

MAP_STAGE_LATE_ALLOCATE_SEND_BACK                    0                              0              

MAP_STAGE_RENAME_OP_ONPATH                   103588011                      103588011              

MAP_STAGE_RENAME_OP_OFFPATH                    2106402                        2106402              

MAP_STAGE_RENAME_INT_REG_ONPATH               82103340                       82103340              

MAP_STAGE_RENAME_INT_REG_OFFPATH               1618152                        1618152              

MAP_STAGE_RENAME_VEC_REG_ONPATH                 924587                         924587              

MAP_STAGE_RENAME_VEC_REG_OFFPATH                  3578                           3578              

MAP_STAGE_RENAME_MOVE_ELIM_ONPATH                    0                              0              

MAP_STAGE_RENAME_MOVE_ELIM_OFFPATH                   0                              0              

MAP_STAGE_ONPATH_INT_REG_NUM_ALLOC            90124909                       90124909              

MAP_STAGE_ONPATH_VEC_REG_NUM_ALLOC              924576                         924576              

MAP_STAGE_ONPATH_INT_REG_NUM_SHORTLIVE        32052869                       32052869              

MAP_STAGE_ONPATH_VEC_REG_NUM_SHORTLIVE          378154                         378154              

MAP_STAGE_ONPATH_INT_REG_USE_COUNT_0          22133371                       22133371              

MAP_STAGE_ONPATH_VEC_REG_USE_COUNT_0            225374                         225374              

MAP_STAGE_ONPATH_INT_REG_USE_COUNT_1          45697704                       45697704              

MAP_STAGE_ONPATH_VEC_REG_USE_COUNT_1            612148                         612148              

MAP_STAGE_ONPATH_INT_REG_USE_COUNT_2          14414129                       14414129              

MAP_STAGE_ONPATH_VEC_REG_USE_COUNT_2             41843                          41843              

MAP_STAGE_ONPATH_INT_REG_USE_COUNT_3           3943952                        3943952              

MAP_STAGE_ONPATH_VEC_REG_USE_COUNT_3               246                            246              

MAP_STAGE_ONPATH_INT_REG_USE_COUNT_4           1745413                        1745413              

MAP_STAGE_ONPATH_VEC_REG_USE_COUNT_4             44962                          44962              

MAP_STAGE_ONPATH_INT_REG_USE_COUNT_5            592614                         592614              

MAP_STAGE_ONPATH_VEC_REG_USE_COUNT_5                 1                              1              

MAP_STAGE_ONPATH_INT_REG_USE_COUNT_6            604104                         604104              

MAP_STAGE_ONPATH_VEC_REG_USE_COUNT_6                 0                              0              

MAP_STAGE_ONPATH_INT_REG_USE_COUNT_7_PLUS        993622                         993622              

MAP_STAGE_ONPATH_VEC_REG_USE_COUNT_7_PLUS             2                              2              

MAP_STAGE_ONPATH_INT_REG_CONSUME_DIST_0              0        0.0000                0        0.0000

MAP_STAGE_ONPATH_VEC_REG_CONSUME_DIST_0              0        0.0000                0        0.0000

MAP_STAGE_ONPATH_INT_REG_CONSUME_DIST_1              0        0.0000                0        0.0000

MAP_STAGE_ONPATH_VEC_REG_CONSUME_DIST_1              0        0.0000                0        0.0000

MAP_STAGE_ONPATH_INT_REG_CONSUME_DIST_2       37594270        2.6082         37594270        2.6082

MAP_STAGE_ONPATH_VEC_REG_CONSUME_DIST_2          55140        1.3178            55140        1.3178

MAP_STAGE_ONPATH_INT_REG_CONSUME_DIST_3       19253133        4.8817         19253133        4.8817

MAP_STAGE_ONPATH_VEC_REG_CONSUME_DIST_3            246        1.0000              246        1.0000

MAP_STAGE_ONPATH_INT_REG_CONSUME_DIST_4       12081150        6.9217         12081150        6.9217

MAP_STAGE_ONPATH_VEC_REG_CONSUME_DIST_4          44982        1.0004            44982        1.0004

MAP_STAGE_ONPATH_INT_REG_CONSUME_DIST_5        8513448       14.3659          8513448       14.3659

MAP_STAGE_ONPATH_VEC_REG_CONSUME_DIST_5              2        2.0000                2        2.0000

MAP_STAGE_ONPATH_INT_REG_CONSUME_DIST_6       13767200       22.7895         13767200       22.7895

MAP_STAGE_ONPATH_VEC_REG_CONSUME_DIST_6              0          -nan                0          -nan

MAP_STAGE_ONPATH_INT_REG_CONSUME_DIST_7_PLUS      37472203       37.7127         37472203       37.7127

MAP_STAGE_ONPATH_VEC_REG_CONSUME_DIST_7_PLUS          6667     3333.5000             6667     3333.5000

MAP_STAGE_INT_REG_ISSUE_READ_TOTAL_CONSUMED     119216164        6.2271        119216164        6.2271

MAP_STAGE_VEC_REG_ISSUE_READ_TOTAL_CONSUMED        876891        0.0458           876891        0.0458

MAP_STAGE_INT_REG_ISSUE_READ_MULTI_CONSUMED      50824330        2.6548         50824330        2.6548

MAP_STAGE_VEC_REG_ISSUE_READ_MULTI_CONSUMED        177300        0.0093           177300        0.0093

MAP_STAGE_INT_REG_ISSUE_READ_SAME_CYCLE_CONSUMED      25595520        1.3370         25595520        1.3370

MAP_STAGE_VEC_REG_ISSUE_READ_SAME_CYCLE_CONSUMED        103129        0.0054           103129        0.0054

MAP_STAGE_INT_REG_ISSUE_READ_TOTAL_CONSUMED_ONPATH     118378928        6.2827        118378928        6.2827

MAP_STAGE_VEC_REG_ISSUE_READ_TOTAL_CONSUMED_ONPATH        876488        0.0465           876488        0.0465

MAP_STAGE_INT_REG_ISSUE_READ_MULTI_CONSUMED_ONPATH      50387365        2.6742         50387365        2.6742

MAP_STAGE_VEC_REG_ISSUE_READ_MULTI_CONSUMED_ONPATH        177275        0.0094           177275        0.0094

MAP_STAGE_INT_REG_ISSUE_READ_SAME_CYCLE_CONSUMED_ONPATH      25399109        1.3480         25399109        1.3480

MAP_STAGE_VEC_REG_ISSUE_READ_SAME_CYCLE_CONSUMED_ONPATH        103121        0.0055           103121        0.0055

MAP_STAGE_ONPATH_INT_REG_LIFECYCLE_EMPTY    2798624017                     2798624017              

MAP_STAGE_ONPATH_VEC_REG_LIFECYCLE_EMPTY      37094538                       37094538              

MAP_STAGE_ONPATH_INT_REG_LIFECYCLE_IN_USE    3472954969                     3472954969              

MAP_STAGE_ONPATH_VEC_REG_LIFECYCLE_IN_USE      58954586                       58954586              

MAP_STAGE_ONPATH_INT_REG_LIFECYCLE_SPEC_RELEASE    4618191244                     4618191244              

MAP_STAGE_ONPATH_VEC_REG_LIFECYCLE_SPEC_RELEASE     134164722                      134164722              

MAP_STAGE_ONPATH_INT_REG_LIFECYCLE_NONSPEC_RELEASE    4618191244                     4618191244              

MAP_STAGE_ONPATH_VEC_REG_LIFECYCLE_NONSPEC_RELEASE     134164722                      134164722              

MAP_STAGE_ONPATH_INT_REG_LIFECYCLE_TOTAL    4618191244                     4618191244              

MAP_STAGE_ONPATH_VEC_REG_LIFECYCLE_TOTAL     134164722                      134164722              

MAP_STAGE_ONPATH_INT_REG_NUM_NONBRANCH        90124909                       90124909              

MAP_STAGE_ONPATH_VEC_REG_NUM_NONBRANCH          924576                         924576              

MAP_STAGE_ONPATH_INT_REG_NUM_NONEXCEPT        90124909                       90124909              

MAP_STAGE_ONPATH_VEC_REG_NUM_NONEXCEPT          924576                         924576              

MAP_STAGE_ONPATH_INT_REG_NUM_ATOMIC           90124909                       90124909              

MAP_STAGE_ONPATH_VEC_REG_NUM_ATOMIC             924576                         924576              

MAP_STAGE_ONPATH_INT_REG_ATOMIC_REDEFINED_DIST_TOTAL    4618191244       51.2421       4618191244       51.2421

MAP_STAGE_ONPATH_VEC_REG_ATOMIC_REDEFINED_DIST_TOTAL     134164722      145.1095        134164722      145.1095

MAP_STAGE_ONPATH_INT_REG_ATOMIC_CONSUMED_DIST_TOTAL    3472954969       38.5349       3472954969       38.5349

MAP_STAGE_ONPATH_VEC_REG_ATOMIC_CONSUMED_DIST_TOTAL      58954586       63.7639         58954586       63.7639

MAP_STAGE_ONPATH_INT_REG_ATOMIC_RELEASE_DIST_TOTAL    4618191244       51.2421       4618191244       51.2421

MAP_STAGE_ONPATH_VEC_REG_ATOMIC_RELEASE_DIST_TOTAL     134164722      145.1095        134164722      145.1095

EXEC_STAGE_STARVED                            16731672       81.056%         16731672       81.056%
EXEC_STAGE_NOT_STARVED                         3608356       17.481%          3608356       17.481%
EXEC_STAGE_OFF_PATH                             302053        1.463%           302053        1.463%
                                              20642081      100.000%         20642081      100.000%
                                                  0.20         0.40              0.20         0.40

FU_BUSY_0                                     15862691                       15862691              

FU_BUSY_1                                     14422009                       14422009              

FU_BUSY_2                                      6964684                        6964684              

FU_BUSY_3                                      6959743                        6959743              

FU_BUSY_4                                     13517329                       13517329              

FU_BUSY_5                                     16182152                       16182152              

FU_BUSY_6                                      6555880                        6555880              

FU_BUSY_7                                      6548577                        6548577              

FU_BUSY_8                                     13969111                       13969111              

FU_BUSY_9                                      6949015                        6949015              

FU_BUSY_10                                           0                              0              

FU_BUSY_11                                           0                              0              

FU_BUSY_12                                           0                              0              

FU_BUSY_13                                           0                              0              

FU_BUSY_14                                           0                              0              

FU_BUSY_15                                           0                              0              

FU_BUSY_16                                           0                              0              

FU_BUSY_17                                           0                              0              

FU_BUSY_18                                           0                              0              

FU_BUSY_19                                           0                              0              

FU_BUSY_20                                           0                              0              

FU_BUSY_21                                           0                              0              

FU_BUSY_22                                           0                              0              

FU_BUSY_23                                           0                              0              

FU_BUSY_24                                           0                              0              

FU_BUSY_25                                           0                              0              

FU_BUSY_26                                           0                              0              

FU_BUSY_27                                           0                              0              

FU_BUSY_28                                           0                              0              

FU_BUSY_29                                           0                              0              

FU_BUSY_30                                           0                              0              

FU_BUSY_31                                           0                              0              

FU_REJECTED_OP_INV_NOT_SIMD                          0        0.000%                0        0.000%
FU_REJECTED_OP_NOP_NOT_SIMD                       6589        0.270%             6589        0.270%
FU_REJECTED_OP_CF_NOT_SIMD                         169        0.007%              169        0.007%
FU_REJECTED_OP_MOV_NOT_SIMD                     174304        7.136%           174304        7.136%
FU_REJECTED_OP_CMOV_NOT_SIMD                         0        0.000%                0        0.000%
FU_REJECTED_OP_LDA_NOT_SIMD                     171856        7.036%           171856        7.036%
FU_REJECTED_OP_IMEM_NOT_SIMD                    572807       23.450%           572807       23.450%
FU_REJECTED_OP_IADD_NOT_SIMD                    399228       16.344%           399228       16.344%
FU_REJECTED_OP_IMUL_NOT_SIMD                    418763       17.144%           418763       17.144%
FU_REJECTED_OP_IDIV_NOT_SIMD                        44        0.002%               44        0.002%
FU_REJECTED_OP_ICMP_NOT_SIMD                        12        0.000%               12        0.000%
FU_REJECTED_OP_LOGIC_NOT_SIMD                   158734        6.498%           158734        6.498%
FU_REJECTED_OP_SHIFT_NOT_SIMD                   472540       19.345%           472540       19.345%
FU_REJECTED_OP_FMEM_NOT_SIMD                       312        0.013%              312        0.013%
FU_REJECTED_OP_FCVT_NOT_SIMD                         0        0.000%                0        0.000%
FU_REJECTED_OP_FADD_NOT_SIMD                         0        0.000%                0        0.000%
FU_REJECTED_OP_FMUL_NOT_SIMD                         0        0.000%                0        0.000%
FU_REJECTED_OP_FMA_NOT_SIMD                          0        0.000%                0        0.000%
FU_REJECTED_OP_FDIV_NOT_SIMD                         0        0.000%                0        0.000%
FU_REJECTED_OP_FCMP_NOT_SIMD                         0        0.000%                0        0.000%
FU_REJECTED_OP_FCMOV_NOT_SIMD                        0        0.000%                0        0.000%
FU_REJECTED_OP_GATHER_NOT_SIMD                       0        0.000%                0        0.000%
FU_REJECTED_OP_SCATTER_NOT_SIMD                      0        0.000%                0        0.000%
FU_REJECTED_OP_PIPELINED_FAST_NOT_SIMD               0        0.000%                0        0.000%
FU_REJECTED_OP_PIPELINED_MEDIUM_NOT_SIMD             0        0.000%                0        0.000%
FU_REJECTED_OP_PIPELINED_SLOW_NOT_SIMD               0        0.000%                0        0.000%
FU_REJECTED_OP_NOTPIPELINED_MEDIUM_NOT_SIMD             0        0.000%                0        0.000%
FU_REJECTED_OP_NOTPIPELINED_SLOW_NOT_SIMD             0        0.000%                0        0.000%
FU_REJECTED_OP_NOTPIPELINED_VERY_SLOW_NOT_SIMD             1        0.000%                1        0.000%
FU_REJECTED_OP_INV_SIMD                              0        0.000%                0        0.000%
FU_REJECTED_OP_NOP_SIMD                           3391        0.139%             3391        0.139%
FU_REJECTED_OP_CF_SIMD                               0        0.000%                0        0.000%
FU_REJECTED_OP_MOV_SIMD                             29        0.001%               29        0.001%
FU_REJECTED_OP_CMOV_SIMD                             0        0.000%                0        0.000%
FU_REJECTED_OP_LDA_SIMD                              0        0.000%                0        0.000%
FU_REJECTED_OP_IMEM_SIMD                             0        0.000%                0        0.000%
FU_REJECTED_OP_IADD_SIMD                             0        0.000%                0        0.000%
FU_REJECTED_OP_IMUL_SIMD                             0        0.000%                0        0.000%
FU_REJECTED_OP_IDIV_SIMD                             0        0.000%                0        0.000%
FU_REJECTED_OP_ICMP_SIMD                             0        0.000%                0        0.000%
FU_REJECTED_OP_LOGIC_SIMD                            0        0.000%                0        0.000%
FU_REJECTED_OP_SHIFT_SIMD                            0        0.000%                0        0.000%
FU_REJECTED_OP_FMEM_SIMD                             0        0.000%                0        0.000%
FU_REJECTED_OP_FCVT_SIMD                            43        0.002%               43        0.002%
FU_REJECTED_OP_FADD_SIMD                         63852        2.614%            63852        2.614%
FU_REJECTED_OP_FMUL_SIMD                             0        0.000%                0        0.000%
FU_REJECTED_OP_FMA_SIMD                              0        0.000%                0        0.000%
FU_REJECTED_OP_FDIV_SIMD                             0        0.000%                0        0.000%
FU_REJECTED_OP_FCMP_SIMD                             0        0.000%                0        0.000%
FU_REJECTED_OP_FCMOV_SIMD                            0        0.000%                0        0.000%
FU_REJECTED_OP_GATHER_SIMD                           0        0.000%                0        0.000%
FU_REJECTED_OP_SCATTER_SIMD                          0        0.000%                0        0.000%
FU_REJECTED_OP_PIPELINED_FAST_SIMD                   0        0.000%                0        0.000%
FU_REJECTED_OP_PIPELINED_MEDIUM_SIMD                 0        0.000%                0        0.000%
FU_REJECTED_OP_PIPELINED_SLOW_SIMD                   0        0.000%                0        0.000%
FU_REJECTED_OP_NOTPIPELINED_MEDIUM_SIMD              0        0.000%                0        0.000%
FU_REJECTED_OP_NOTPIPELINED_SLOW_SIMD                0        0.000%                0        0.000%
FU_REJECTED_OP_NOTPIPELINED_VERY_SLOW_SIMD             0        0.000%                0        0.000%
                                               2442674      100.000%          2442674      100.000%
                                                  8.72         6.43              8.72         6.43

LSQ_FULL_TOTAL                                    6353                           6353              

LSQ_FULL_LOAD_QUEUE                                  0                              0              

LSQ_FULL_STORE_QUEUE                              6353                           6353              

OP_WAIT_0                                     70472350                       70472350              

OP_WAIT_1                                     13782470                       13782470              

OP_WAIT_2                                      5106784                        5106784              

OP_WAIT_3                                      3255138                        3255138              

OP_WAIT_4                                      2471429                        2471429              

OP_WAIT_5                                      1669462                        1669462              

OP_WAIT_6                                      1364974                        1364974              

OP_WAIT_7                                      1006630                        1006630              

OP_WAIT_8                                       828705                         828705              

OP_WAIT_9                                       642283                         642283              

OP_WAIT_10                                      465694                         465694              

OP_WAIT_11                                      384506                         384506              

OP_WAIT_12                                      298488                         298488              

OP_WAIT_13                                      241250                         241250              

OP_WAIT_14                                      228360                         228360              

OP_WAIT_15                                      180521                         180521              

OP_WAIT_16                                      153821                         153821              

OP_WAIT_17                                      118949                         118949              

OP_WAIT_18                                       92253                          92253              

OP_WAIT_19                                       82136                          82136              

OP_WAIT_20                                      101732                         101732              

OP_WAIT_21                                       99452                          99452              

OP_WAIT_22                                       69759                          69759              

OP_WAIT_23                                      105683                         105683              

OP_WAIT_24                                       69755                          69755              

OP_WAIT_25                                       82189                          82189              

OP_WAIT_26                                       31622                          31622              

OP_WAIT_27                                       18329                          18329              

OP_WAIT_28                                       23103                          23103              

OP_WAIT_29                                         982                            982              

OP_WAIT_30                                         738                            738              

OP_WAIT_31                                      138464                         138464              

ROW_SIZE_0                                     4938653                        4938653              

ROW_SIZE_1                                     1657845                        1657845              

ROW_SIZE_2                                      570040                         570040              

ROW_SIZE_3                                      437948                         437948              

ROW_SIZE_4                                      508140                         508140              

ROW_SIZE_5                                      282031                         282031              

ROW_SIZE_6                                      413630                         413630              

ROW_SIZE_7                                      298237                         298237              

ROW_SIZE_8                                    11433011                       11433011              

ROW_SIZE_9                                           0                              0              

ROW_SIZE_10                                          0                              0              

ROW_SIZE_11                                          0                              0              

ROW_SIZE_12                                          0                              0              

ROW_SIZE_13                                          0                              0              

ROW_SIZE_14                                          0                              0              

ROW_SIZE_15                                          0                              0              

ROW_SIZE_16                                          0                              0              

ROW_SIZE_17                                          0                              0              

ROW_SIZE_18                                          0                              0              

ROW_SIZE_19                                          0                              0              

ROW_SIZE_20                                          0                              0              

ROW_SIZE_21                                          0                              0              

ROW_SIZE_22                                          0                              0              

ROW_SIZE_23                                          0                              0              

ROW_SIZE_24                                          0                              0              

ROW_SIZE_25                                          0                              0              

ROW_SIZE_26                                          0                              0              

ROW_SIZE_27                                          0                              0              

ROW_SIZE_28                                          0                              0              

ROW_SIZE_29                                          0                              0              

ROW_SIZE_30                                          0                              0              

ROW_SIZE_31                                          0                              0              

RET_OP_EXEC_COUNT_0                                  0        0.000%                0        0.000%
RET_OP_EXEC_COUNT_1                          103588011      100.000%        103588011      100.000%
RET_OP_EXEC_COUNT_2                                  0        0.000%                0        0.000%
RET_OP_EXEC_COUNT_3                                  0        0.000%                0        0.000%
RET_OP_EXEC_COUNT_4                                  0        0.000%                0        0.000%
RET_OP_EXEC_COUNT_5                                  0        0.000%                0        0.000%
RET_OP_EXEC_COUNT_6                                  0        0.000%                0        0.000%
RET_OP_EXEC_COUNT_7                                  0        0.000%                0        0.000%
RET_OP_EXEC_COUNT_8                                  0        0.000%                0        0.000%
RET_OP_EXEC_COUNT_9                                  0        0.000%                0        0.000%
RET_OP_EXEC_COUNT_10                                 0        0.000%                0        0.000%
RET_OP_EXEC_COUNT_11                                 0        0.000%                0        0.000%
RET_OP_EXEC_COUNT_12                                 0        0.000%                0        0.000%
RET_OP_EXEC_COUNT_13                                 0        0.000%                0        0.000%
RET_OP_EXEC_COUNT_14                                 0        0.000%                0        0.000%
RET_OP_EXEC_COUNT_15                                 0        0.000%                0        0.000%
RET_OP_EXEC_COUNT_16                                 0        0.000%                0        0.000%
RET_OP_EXEC_COUNT_17                                 0        0.000%                0        0.000%
RET_OP_EXEC_COUNT_18                                 0        0.000%                0        0.000%
RET_OP_EXEC_COUNT_19                                 0        0.000%                0        0.000%
RET_OP_EXEC_COUNT_20                                 0        0.000%                0        0.000%
RET_OP_EXEC_COUNT_21                                 0        0.000%                0        0.000%
RET_OP_EXEC_COUNT_22                                 0        0.000%                0        0.000%
RET_OP_EXEC_COUNT_23                                 0        0.000%                0        0.000%
RET_OP_EXEC_COUNT_24                                 0        0.000%                0        0.000%
RET_OP_EXEC_COUNT_25                                 0        0.000%                0        0.000%
RET_OP_EXEC_COUNT_26                                 0        0.000%                0        0.000%
RET_OP_EXEC_COUNT_27                                 0        0.000%                0        0.000%
RET_OP_EXEC_COUNT_28                                 0        0.000%                0        0.000%
RET_OP_EXEC_COUNT_29                                 0        0.000%                0        0.000%
RET_OP_EXEC_COUNT_30                                 0        0.000%                0        0.000%
RET_OP_EXEC_COUNT_31                                 0        0.000%                0        0.000%
RET_OP_EXEC_COUNT_32                                 0        0.000%                0        0.000%
                                             103588011      100.000%        103588011      100.000%
                                                  1.00         0.00              1.00         0.00

RET_STALL_LENGTH_0                           103587595      100.000%        103587595      100.000%
RET_STALL_LENGTH_100                               338        0.000%              338        0.000%
RET_STALL_LENGTH_200                                31        0.000%               31        0.000%
RET_STALL_LENGTH_300                                10        0.000%               10        0.000%
RET_STALL_LENGTH_400                                12        0.000%               12        0.000%
RET_STALL_LENGTH_500                                10        0.000%               10        0.000%
RET_STALL_LENGTH_600                                 7        0.000%                7        0.000%
RET_STALL_LENGTH_700                                 3        0.000%                3        0.000%
RET_STALL_LENGTH_800                                 1        0.000%                1        0.000%
RET_STALL_LENGTH_900                                 2        0.000%                2        0.000%
RET_STALL_LENGTH_1000                                0        0.000%                0        0.000%
RET_STALL_LENGTH_1100                                0        0.000%                0        0.000%
RET_STALL_LENGTH_1200                                1        0.000%                1        0.000%
RET_STALL_LENGTH_1300                                0        0.000%                0        0.000%
RET_STALL_LENGTH_1400                                0        0.000%                0        0.000%
RET_STALL_LENGTH_1500                                0        0.000%                0        0.000%
RET_STALL_LENGTH_1600                                1        0.000%                1        0.000%
RET_STALL_LENGTH_1700                                0        0.000%                0        0.000%
RET_STALL_LENGTH_1800                                0        0.000%                0        0.000%
RET_STALL_LENGTH_1900                                0        0.000%                0        0.000%
RET_STALL_LENGTH_2000                                0        0.000%                0        0.000%
RET_STALL_LENGTH_2100                                0        0.000%                0        0.000%
RET_STALL_LENGTH_2200                                0        0.000%                0        0.000%
RET_STALL_LENGTH_2300                                0        0.000%                0        0.000%
RET_STALL_LENGTH_2400                                0        0.000%                0        0.000%
RET_STALL_LENGTH_2500                                0        0.000%                0        0.000%
RET_STALL_LENGTH_2600                                0        0.000%                0        0.000%
RET_STALL_LENGTH_2700                                0        0.000%                0        0.000%
RET_STALL_LENGTH_2800                                0        0.000%                0        0.000%
RET_STALL_LENGTH_2900                                0        0.000%                0        0.000%
RET_STALL_LENGTH_3000                                0        0.000%                0        0.000%
RET_STALL_LENGTH_3100                                0        0.000%                0        0.000%
RET_STALL_LENGTH_3200                                0        0.000%                0        0.000%
RET_STALL_LENGTH_3300                                0        0.000%                0        0.000%
RET_STALL_LENGTH_3400                                0        0.000%                0        0.000%
RET_STALL_LENGTH_3500                                0        0.000%                0        0.000%
RET_STALL_LENGTH_3600                                0        0.000%                0        0.000%
RET_STALL_LENGTH_3700                                0        0.000%                0        0.000%
RET_STALL_LENGTH_3800                                0        0.000%                0        0.000%
RET_STALL_LENGTH_3900                                0        0.000%                0        0.000%
RET_STALL_LENGTH_4000                                0        0.000%                0        0.000%
RET_STALL_LENGTH_4100                                0        0.000%                0        0.000%
RET_STALL_LENGTH_4200                                0        0.000%                0        0.000%
RET_STALL_LENGTH_4300                                0        0.000%                0        0.000%
RET_STALL_LENGTH_4400                                0        0.000%                0        0.000%
RET_STALL_LENGTH_4500                                0        0.000%                0        0.000%
RET_STALL_LENGTH_4600                                0        0.000%                0        0.000%
RET_STALL_LENGTH_4700                                0        0.000%                0        0.000%
RET_STALL_LENGTH_4800                                0        0.000%                0        0.000%
RET_STALL_LENGTH_4900                                0        0.000%                0        0.000%
RET_STALL_LENGTH_5000                                0        0.000%                0        0.000%
                                             103588011      100.000%        103588011      100.000%
                                                  0.00         0.00              0.00         0.00

MEM_BLOCK_LENGTH_0                                 483       87.342%              483       87.342%
MEM_BLOCK_LENGTH_100                                33        5.967%               33        5.967%
MEM_BLOCK_LENGTH_200                                13        2.351%               13        2.351%
MEM_BLOCK_LENGTH_300                                 7        1.266%                7        1.266%
MEM_BLOCK_LENGTH_400                                 8        1.447%                8        1.447%
MEM_BLOCK_LENGTH_500                                 5        0.904%                5        0.904%
MEM_BLOCK_LENGTH_600                                 1        0.181%                1        0.181%
MEM_BLOCK_LENGTH_700                                 2        0.362%                2        0.362%
MEM_BLOCK_LENGTH_800                                 1        0.181%                1        0.181%
MEM_BLOCK_LENGTH_900                                 0        0.000%                0        0.000%
MEM_BLOCK_LENGTH_1000                                0        0.000%                0        0.000%
MEM_BLOCK_LENGTH_1100                                0        0.000%                0        0.000%
MEM_BLOCK_LENGTH_1200                                0        0.000%                0        0.000%
MEM_BLOCK_LENGTH_1300                                0        0.000%                0        0.000%
MEM_BLOCK_LENGTH_1400                                0        0.000%                0        0.000%
MEM_BLOCK_LENGTH_1500                                0        0.000%                0        0.000%
MEM_BLOCK_LENGTH_1600                                0        0.000%                0        0.000%
MEM_BLOCK_LENGTH_1700                                0        0.000%                0        0.000%
MEM_BLOCK_LENGTH_1800                                0        0.000%                0        0.000%
MEM_BLOCK_LENGTH_1900                                0        0.000%                0        0.000%
MEM_BLOCK_LENGTH_2000                                0        0.000%                0        0.000%
MEM_BLOCK_LENGTH_2100                                0        0.000%                0        0.000%
MEM_BLOCK_LENGTH_2200                                0        0.000%                0        0.000%
MEM_BLOCK_LENGTH_2300                                0        0.000%                0        0.000%
MEM_BLOCK_LENGTH_2400                                0        0.000%                0        0.000%
MEM_BLOCK_LENGTH_2500                                0        0.000%                0        0.000%
MEM_BLOCK_LENGTH_2600                                0        0.000%                0        0.000%
MEM_BLOCK_LENGTH_2700                                0        0.000%                0        0.000%
MEM_BLOCK_LENGTH_2800                                0        0.000%                0        0.000%
MEM_BLOCK_LENGTH_2900                                0        0.000%                0        0.000%
MEM_BLOCK_LENGTH_3000                                0        0.000%                0        0.000%
MEM_BLOCK_LENGTH_3100                                0        0.000%                0        0.000%
MEM_BLOCK_LENGTH_3200                                0        0.000%                0        0.000%
MEM_BLOCK_LENGTH_3300                                0        0.000%                0        0.000%
MEM_BLOCK_LENGTH_3400                                0        0.000%                0        0.000%
MEM_BLOCK_LENGTH_3500                                0        0.000%                0        0.000%
MEM_BLOCK_LENGTH_3600                                0        0.000%                0        0.000%
MEM_BLOCK_LENGTH_3700                                0        0.000%                0        0.000%
MEM_BLOCK_LENGTH_3800                                0        0.000%                0        0.000%
MEM_BLOCK_LENGTH_3900                                0        0.000%                0        0.000%
MEM_BLOCK_LENGTH_4000                                0        0.000%                0        0.000%
MEM_BLOCK_LENGTH_4100                                0        0.000%                0        0.000%
MEM_BLOCK_LENGTH_4200                                0        0.000%                0        0.000%
MEM_BLOCK_LENGTH_4300                                0        0.000%                0        0.000%
MEM_BLOCK_LENGTH_4400                                0        0.000%                0        0.000%
MEM_BLOCK_LENGTH_4500                                0        0.000%                0        0.000%
MEM_BLOCK_LENGTH_4600                                0        0.000%                0        0.000%
MEM_BLOCK_LENGTH_4700                                0        0.000%                0        0.000%
MEM_BLOCK_LENGTH_4800                                0        0.000%                0        0.000%
MEM_BLOCK_LENGTH_4900                                0        0.000%                0        0.000%
MEM_BLOCK_LENGTH_5000                                0        0.000%                0        0.000%
                                                   553      100.000%              553      100.000%
                                                  0.30         0.96              0.30         0.96

FUS_BUSY_ON_PATH                             107080869        5.1875        107080869        5.1875

FUS_BUSY_OFF_PATH                               850322        0.0412           850322        0.0412

FU_BUSY_MEM_STALL                              1779085        0.0862          1779085        0.0862

FUS_EMPTY                                     98489619        4.7713         98489619        4.7713

FU_UNAVAILABLE                                 1406871        0.0682          1406871        0.0682

FU_MEM_UNAVAILABLE                             1035803        0.0502          1035803        0.0502

FU_OTHER_UNAVAILABLE                                 0        0.0000                0        0.0000

FU_REPLAY                                            0        0.0000                0        0.0000

FU_STARVED                                    98417056        4.7678         98417056        4.7678

CHIP_UTILIZATION                                     0        0.0000                0        0.0000

CYCLES_UNDER_MEM_REQ                                 0                              0              

CYCLES_UNDER_NO_MEM_REQ                              0                              0              

CYCLES_UNDER_CRITICAL_MEM_REQ                        0                              0              

CYCLES_UNDER_NONCRITICAL_MEM_REQ                     0                              0              

CHIP_UTILIZATION_UNDER_MEM_REQ                       0          -nan                0          -nan

CHIP_UTILIZATION_UNDER_NO_MEM_REQ                    0          -nan                0          -nan

CHIP_UTILIZATION_UNDER_CRITICAL_MEM_REQ              0          -nan                0          -nan

CHIP_UTILIZATION_UNDER_NONCRITICAL_MEM_REQ             0          -nan                0          -nan

CYCLES_NOT_WAITING_FOR_OFF_CHIP                      0        0.0000                0        0.0000

FUS_BUSY_NOT_WAITING_FOR_OFF_CHIP                    0          -nan                0          -nan

CYCLES_WAITING_FOR_OFF_CHIP                          0        0.0000                0        0.0000

FUS_BUSY_WAITING_FOR_OFF_CHIP                        0          -nan                0          -nan

TOTAL_OFF_CHIP_DELAYS_LEFT                           0                              0              

WRONG_IO_SCHED                                       0                              0              

DVFS_CONFIG_SWITCH                                   0                              0              

MAP_STAGE_RECEIVED_OPS_0                             0        0.000%                0        0.000%
MAP_STAGE_RECEIVED_OPS_1                         39280        0.227%            39280        0.227%
MAP_STAGE_RECEIVED_OPS_2                         37051        0.214%            37051        0.214%
MAP_STAGE_RECEIVED_OPS_3                         15524        0.090%            15524        0.090%
MAP_STAGE_RECEIVED_OPS_4                         35324        0.204%            35324        0.204%
MAP_STAGE_RECEIVED_OPS_5                         20115        0.116%            20115        0.116%
MAP_STAGE_RECEIVED_OPS_6                      17191338       99.150%         17191338       99.150%
MAP_STAGE_RECEIVED_OPS_7                             0        0.000%                0        0.000%
MAP_STAGE_RECEIVED_OPS_8                             0        0.000%                0        0.000%
MAP_STAGE_RECEIVED_OPS_MAX                           0        0.000%                0        0.000%
                                              17338632      100.000%         17338632      100.000%
                                                  5.97         0.33              5.97         0.33

MAP_STAGE_WAIT_FOR_DECODE                            0         -nan%                0         -nan%
MAP_STAGE_CONSUME_DECODE                             0         -nan%                0         -nan%
                                                     0         -nan%                0         -nan%
                                                  -nan         -nan              -nan         -nan

MAP_STAGE_WAIT_FOR_DECODE2                           0         -nan%                0         -nan%
MAP_STAGE_CONSUME_DECODE2                            0         -nan%                0         -nan%
                                                     0         -nan%                0         -nan%
                                                  -nan         -nan              -nan         -nan

FTQ_RECOVER_EXEC                                 10063                          10063              

FTQ_RECOVER_DECODE                                 255                            255              

FTQ_OFFPATH_CYCLES                             3008670                        3008670              

FTQ_CYCLES_OFFPATH                             3008670                        3008670              

FTQ_CYCLES_ONPATH                             17633411                       17633411              

FTQ_FETCHED_INS_ONPATH                       103582257                      103582257              

FTQ_FETCHED_INS_OFFPATH                       17796371                       17796371              

FTQ_BREAK_FULL_FT_ONPATH                      10863062                       10863062              

FTQ_BREAK_FULL_FT_OFFPATH                      1196096                        1196096              

FTQ_BREAK_PRED_BR_ONPATH                             0                              0              

FTQ_BREAK_PRED_BR_OFFPATH                            0                              0              

FTQ_BREAK_BAR_FETCH_ONPATH                           0                              0              

FTQ_BREAK_BAR_FETCH_OFFPATH                          0                              0              

FTQ_BREAK_MAX_CFS_TAKEN_ONPATH                       0                              0              

FTQ_BREAK_MAX_CFS_TAKEN_OFFPATH                      0                              0              

FTQ_BREAK_MAX_FT_ONPATH                        6770282                        6770282              

FTQ_BREAK_MAX_FT_OFFPATH                       1812574                        1812574              

DFE_GEN_ON_PATH_FT                            13355310                       13355310              

DFE_GEN_OFF_PATH_FT                            2017296                        2017296              

DFE_L0_ENABLED_PREDICTIONS                   103588011                      103588011              

DFE_L0_WRONG_MAIN_CORRECT                       631555                         631555              

DFE_L0_WRONG_MAIN_WRONG                           7395                           7395              

DFE_L0_CORRECT_MAIN_WRONG                         2923                           2923              

DFE_L0_CORRECT_MAIN_CORRECT                  102946138                      102946138              

DFE_L0_WRONG_MAIN_CORRECT_RECOVERY_SCHEDULED             0                              0              

FTQ_SAW_BAR_FETCH_OFFPATH                          346                            346              

FTQ_SAW_BAR_FETCH_ONPATH                           624                            624              

DFE_CONF_0_RECOVER_AT_EXEC                           0         -nan%                0         -nan%
DFE_CONF_1_RECOVER_AT_EXEC                           0         -nan%                0         -nan%
DFE_CONF_2_RECOVER_AT_EXEC                           0         -nan%                0         -nan%
DFE_CONF_3_RECOVER_AT_EXEC                           0         -nan%                0         -nan%
DFE_CONF_0_CORRECT                                   0         -nan%                0         -nan%
DFE_CONF_1_CORRECT                                   0         -nan%                0         -nan%
DFE_CONF_2_CORRECT                                   0         -nan%                0         -nan%
DFE_CONF_3_CORRECT                                   0         -nan%                0         -nan%
                                                     0         -nan%                0         -nan%
                                                  -nan         -nan              -nan         -nan

DFE_ON_CONF_ON_OPS                                   0         -nan%                0         -nan%
DFE_ON_CONF_OFF_OPS                                  0         -nan%                0         -nan%
DFE_OFF_CONF_ON_OPS                                  0         -nan%                0         -nan%
DFE_OFF_CONF_OFF_REALISTIC_OPS                       0         -nan%                0         -nan%
DFE_OFF_CONF_OFF_PERFECT_OPS                         0         -nan%                0         -nan%
                                                     0         -nan%                0         -nan%
                                                  -nan         -nan              -nan         -nan

DFE_ON_CONF_ON_FETCH_TARGETS                         0         -nan%                0         -nan%
DFE_ON_CONF_OFF_FETCH_TARGETS                        0         -nan%                0         -nan%
DFE_OFF_CONF_ON_FETCH_TARGETS                        0         -nan%                0         -nan%
DFE_OFF_CONF_OFF_REALISTIC_FETCH_TARGETS             0         -nan%                0         -nan%
DFE_OFF_CONF_OFF_PERFECT_FETCH_TARGETS               0         -nan%                0         -nan%
                                                     0         -nan%                0         -nan%
                                                  -nan         -nan              -nan         -nan

DFE_ON_CONF_ON_CYCLES                                0         -nan%                0         -nan%
DFE_ON_CONF_OFF_CYCLES                               0         -nan%                0         -nan%
DFE_OFF_CONF_ON_CYCLES                               0         -nan%                0         -nan%
DFE_OFF_CONF_OFF_REALISTIC_CYCLES                    0         -nan%                0         -nan%
DFE_OFF_CONF_OFF_PERFECT_CYCLES                      0         -nan%                0         -nan%
                                                     0         -nan%                0         -nan%
                                                  -nan         -nan              -nan         -nan

DFE_OFF_CONF_ON_NUM_EVENTS                           0                              0              

DFE_OFF_CONF_ON_NOT_IDENTIFIED_EVENTS                0         -nan%                0         -nan%
DFE_OFF_CONF_ON_IBTB_MISS_EVENTS                     0         -nan%                0         -nan%
DFE_OFF_CONF_ON_BTB_MISS_EVENTS                      0         -nan%                0         -nan%
DFE_OFF_CONF_ON_BTB_MISS_RECOVER_AT_EXEC_EVENTS             0         -nan%                0         -nan%
DFE_OFF_CONF_ON_RECOVER_AT_EXEC_EVENTS               0         -nan%                0         -nan%
DFE_OFF_CONF_ON_RECOVER_AT_DECODE_EVENTS             0         -nan%                0         -nan%
                                                     0         -nan%                0         -nan%
                                                  -nan         -nan              -nan         -nan

DFE_OFF_CONF_ON_LATE_BTB_HIT_EVENTS                  0                              0              

DFE_OFF_CONF_ON_NOT_IDENTIFIED_CYCLES                0         -nan%                0         -nan%
DFE_OFF_CONF_ON_IBTB_MISS_CYCLES                     0         -nan%                0         -nan%
DFE_OFF_CONF_ON_BTB_MISS_CYCLES                      0         -nan%                0         -nan%
DFE_OFF_CONF_ON_BTB_MISS_RECOVER_AT_EXEC_CYCLES             0         -nan%                0         -nan%
DFE_OFF_CONF_ON_RECOVER_AT_EXEC_CYCLES               0         -nan%                0         -nan%
DFE_OFF_CONF_ON_RECOVER_AT_DECODE_CYCLES             0         -nan%                0         -nan%
                                                     0         -nan%                0         -nan%
                                                  -nan         -nan              -nan         -nan

DFE_OFF_CONF_ON_LATE_BTB_HIT_CYCLES                  0                              0              

DFE_OFF_CONF_ON_NOT_IDENTIFIED_FETCH_TARGETS             0         -nan%                0         -nan%
DFE_OFF_CONF_ON_IBTB_MISS_FETCH_TARGETS              0         -nan%                0         -nan%
DFE_OFF_CONF_ON_BTB_MISS_FETCH_TARGETS               0         -nan%                0         -nan%
DFE_OFF_CONF_ON_BTB_MISS_RECOVER_AT_EXEC_FETCH_TARGETS             0         -nan%                0         -nan%
DFE_OFF_CONF_ON_RECOVER_AT_EXEC_FETCH_TARGETS             0         -nan%                0         -nan%
DFE_OFF_CONF_ON_RECOVER_AT_DECODE_FETCH_TARGETS             0         -nan%                0         -nan%
                                                     0         -nan%                0         -nan%
                                                  -nan         -nan              -nan         -nan

DFE_OFF_CONF_ON_LATE_BTB_HIT_FETCH_TARGETS             0                              0              

DFE_OFF_CONF_ON_BP_INCORRECT_0_CONF                  0         -nan%                0         -nan%
DFE_OFF_CONF_ON_BP_INCORRECT_1_CONF                  0         -nan%                0         -nan%
DFE_OFF_CONF_ON_BP_INCORRECT_2_CONF                  0         -nan%                0         -nan%
DFE_OFF_CONF_ON_BP_INCORRECT_3_CONF                  0         -nan%                0         -nan%
                                                     0         -nan%                0         -nan%
                                                  -nan         -nan              -nan         -nan

DFE_OFF_CONF_ON_BTB_MISS_CBR_0_CONF                  0         -nan%                0         -nan%
DFE_OFF_CONF_ON_BTB_MISS_CBR_1_CONF                  0         -nan%                0         -nan%
DFE_OFF_CONF_ON_BTB_MISS_CBR_2_CONF                  0         -nan%                0         -nan%
DFE_OFF_CONF_ON_BTB_MISS_CBR_3_CONF                  0         -nan%                0         -nan%
                                                     0         -nan%                0         -nan%
                                                  -nan         -nan              -nan         -nan

DFE_OFF_CONF_ON_BTB_MISS_NOT_CF                      0         -nan%                0         -nan%
DFE_OFF_CONF_ON_BTB_MISS_CF_BR                       0         -nan%                0         -nan%
DFE_OFF_CONF_ON_BTB_MISS_CF_CBR                      0         -nan%                0         -nan%
DFE_OFF_CONF_ON_BTB_MISS_CF_CALL                     0         -nan%                0         -nan%
DFE_OFF_CONF_ON_BTB_MISS_CF_IBR                      0         -nan%                0         -nan%
DFE_OFF_CONF_ON_BTB_MISS_CF_ICALL                    0         -nan%                0         -nan%
DFE_OFF_CONF_ON_BTB_MISS_CF_ICO                      0         -nan%                0         -nan%
DFE_OFF_CONF_ON_BTB_MISS_CF_RET                      0         -nan%                0         -nan%
DFE_OFF_CONF_ON_BTB_MISS_CF_SYS                      0         -nan%                0         -nan%
                                                     0         -nan%                0         -nan%
                                                  -nan         -nan              -nan         -nan

DFE_ON_CONF_OFF_NUM_EVENTS                           0                              0              

CONF_BTB_NUM_CYCLES_OFF_PATH_EVENT                   0                              0              

DFE_ON_CONF_OFF_IBTB_MISS_BP_TAKEN                   0         -nan%                0         -nan%
DFE_ON_CONF_OFF_BTB_MISS_BP_TAKEN_CONF_0             0         -nan%                0         -nan%
DFE_ON_CONF_OFF_BTB_MISS_BP_TAKEN_CONF_1             0         -nan%                0         -nan%
DFE_ON_CONF_OFF_BTB_MISS_BP_TAKEN_CONF_2             0         -nan%                0         -nan%
DFE_ON_CONF_OFF_BTB_MISS_BP_TAKEN_CONF_3             0         -nan%                0         -nan%
DFE_ON_CONF_OFF_BTB_MISS_RATE                        0         -nan%                0         -nan%
DFE_ON_CONF_OFF_IBTB_MISS_RATE                       0         -nan%                0         -nan%
DFE_ON_CONF_OFF_RECOVER_AT_DECODE_RATE               0         -nan%                0         -nan%
DFE_ON_CONF_OFF_RECOVER_AT_EXEC_RATE                 0         -nan%                0         -nan%
DFE_ON_CONF_OFF_INV_CONF_INC                         0         -nan%                0         -nan%
DFE_ON_CONF_OFF_PERFECT_CONF                         0         -nan%                0         -nan%
                                                     0         -nan%                0         -nan%
                                                  -nan         -nan              -nan         -nan

DFE_ON_CONF_OFF_IBTB_MISS_BP_TAKEN_CYCLES             0         -nan%                0         -nan%
DFE_ON_CONF_OFF_BTB_MISS_BP_TAKEN_CONF_0_CYCLES             0         -nan%                0         -nan%
DFE_ON_CONF_OFF_BTB_MISS_BP_TAKEN_CONF_1_CYCLES             0         -nan%                0         -nan%
DFE_ON_CONF_OFF_BTB_MISS_BP_TAKEN_CONF_2_CYCLES             0         -nan%                0         -nan%
DFE_ON_CONF_OFF_BTB_MISS_BP_TAKEN_CONF_3_CYCLES             0         -nan%                0         -nan%
DFE_ON_CONF_OFF_BTB_MISS_RATE_CYCLES                 0         -nan%                0         -nan%
DFE_ON_CONF_OFF_IBTB_MISS_RATE_CYCLES                0         -nan%                0         -nan%
DFE_ON_CONF_OFF_RECOVER_AT_DECODE_RATE_CYCLES             0         -nan%                0         -nan%
DFE_ON_CONF_OFF_RECOVER_AT_EXEC_RATE_CYCLES             0         -nan%                0         -nan%
DFE_ON_CONF_OFF_INV_CONF_INC_CYCLES                  0         -nan%                0         -nan%
DFE_ON_CONF_OFF_PERFECT_CONF_CYCLES                  0         -nan%                0         -nan%
                                                     0         -nan%                0         -nan%
                                                  -nan         -nan              -nan         -nan

DFE_ON_CONF_OFF_IBTB_MISS_BP_TAKEN_FETCH_TARGETS             0         -nan%                0         -nan%
DFE_ON_CONF_OFF_BTB_MISS_BP_TAKEN_CONF_0_FETCH_TARGETS             0         -nan%                0         -nan%
DFE_ON_CONF_OFF_BTB_MISS_BP_TAKEN_CONF_1_FETCH_TARGETS             0         -nan%                0         -nan%
DFE_ON_CONF_OFF_BTB_MISS_BP_TAKEN_CONF_2_FETCH_TARGETS             0         -nan%                0         -nan%
DFE_ON_CONF_OFF_BTB_MISS_BP_TAKEN_CONF_3_FETCH_TARGETS             0         -nan%                0         -nan%
DFE_ON_CONF_OFF_BTB_MISS_RATE_FETCH_TARGETS             0         -nan%                0         -nan%
DFE_ON_CONF_OFF_IBTB_MISS_RATE_FETCH_TARGETS             0         -nan%                0         -nan%
DFE_ON_CONF_OFF_RECOVER_AT_DECODE_RATE_FETCH_TARGETS             0         -nan%                0         -nan%
DFE_ON_CONF_OFF_RECOVER_AT_EXEC_RATE_FETCH_TARGETS             0         -nan%                0         -nan%
DFE_ON_CONF_OFF_INV_CONF_INC_FETCH_TARGETS             0         -nan%                0         -nan%
DFE_ON_CONF_OFF_PERFECT_CONF_FETCH_TARGETS             0         -nan%                0         -nan%
                                                     0         -nan%                0         -nan%
                                                  -nan         -nan              -nan         -nan

CONF_OFF_IBTB_MISS_BP_TAKEN                          0         -nan%                0         -nan%
CONF_OFF_BTB_MISS_BP_TAKEN_CONF_0                    0         -nan%                0         -nan%
CONF_OFF_BTB_MISS_BP_TAKEN_CONF_1                    0         -nan%                0         -nan%
CONF_OFF_BTB_MISS_BP_TAKEN_CONF_2                    0         -nan%                0         -nan%
CONF_OFF_BTB_MISS_BP_TAKEN_CONF_3                    0         -nan%                0         -nan%
CONF_OFF_BTB_MISS_RATE                               0         -nan%                0         -nan%
CONF_OFF_IBTB_MISS_RATE                              0         -nan%                0         -nan%
CONF_OFF_RECOVER_AT_DECODE_RATE                      0         -nan%                0         -nan%
CONF_OFF_RECOVER_AT_EXEC_RATE                        0         -nan%                0         -nan%
CONF_OFF_INV_CONF_INC                                0         -nan%                0         -nan%
CONF_OFF_PERFECT_CONF                                0         -nan%                0         -nan%
                                                     0         -nan%                0         -nan%
                                                  -nan         -nan              -nan         -nan

TOPDOWN_TOTAL_SLOTS                          123852486                      123852486              

TOPDOWN_ISSUED_SLOTS                         106155519                      106155519              

TOPDOWN_RETIRED_SLOTS                        103588011                      103588011              

TOPDOWN_FETCH_BUBBLES_SLOTS                    1183400                        1183400              

TOPDOWN_RECOVERY_BUBBLES_SLOTS                  287520                         287520              

TOPDOWN_MEM_LOAD_STALLS_CYCLES                 2629594                        2629594              

TOPDOWN_MEM_STORE_STALLS_CYCLES                     12                             12              

TOPDOWN_EXEC_STALLS_CYCLES                     1363963                        1363963              

TOPDOWN_BACKEND_STALLS_CYCLES                  2630459                        2630459              

TOPDOWN_FETCH_BUBBLES_GT_MIW_CYCLES             121459                         121459              

TOPDOWN_BR_RECOVER_AT_EXEC_RETIRED_CYCLES         10063                          10063              

TOPDOWN_MACHINE_CLEAR_CYCLES                    641873                         641873              

TOPDOWN_FRONTEND_BOUND                              95                             95              

TOPDOWN_BACKEND_BOUND                             1312                           1312              

TOPDOWN_BAD_SPEC_BOUND                             230                            230              

TOPDOWN_RETIRING_BOUND                            8363                           8363              

TOPDOWN_FETCH_LATENCY_BOUND                         58                             58              

TOPDOWN_FETCH_BANDWIDTH_BOUND                       37                             37              

TOPDOWN_MEM_BOUND                                 1311                           1311              

TOPDOWN_CORE_BOUND                                   1                              1              

TOPDOWN_BR_RECOVER_AT_EXEC_BOUND                     3                              3              

TOPDOWN_MACHINE_CLEARS_BOUND                       227                            227              

H2P_SEEN_MAIN                                    81367                          81367              



