/* -*- Mode: c -*- */
####################################################################################################
Core 0
####################################################################################################
Cumulative:        Cycles: 110706789             Instructions: 59999999              IPC: 0.54197

Periodic:          Cycles: 110706789             Instructions: 59999999              IPC: 0.54197

DCACHE_PREF_HIT                                      0                              0              

IFETCH_WB_FIRST_SCHEDULE                             0         -nan%                0         -nan%
PREFETCH_LAST_SCHEDULE                               0         -nan%                0         -nan%
DEMAND_PASS_PREF_SCHEDULE                            0         -nan%                0         -nan%
DEMAND_PASS_LOW_OP_SCHEDULE                          0         -nan%                0         -nan%
DEMAND_LAST_SCHEDULE                                 0         -nan%                0         -nan%
                                                     0         -nan%                0         -nan%
                                                  -nan         -nan              -nan         -nan

SEND_MISS_REQ_QUEUE                            1883147                        1883147              

L1_DATA_EVICT                                  1947684                        1947684              

STREAM_BUFFER_REQ                                    0                              0              

PREF_SEND_TO_MEM_REQ                                 0         -nan%                0         -nan%
PREF_SEND_TO_MEM_REQ_FAIL                            0         -nan%                0         -nan%
                                                     0         -nan%                0         -nan%
                                                  -nan         -nan              -nan         -nan

HIT_TRAIN_STREAM                                474353       30.777%           474353       30.777%
MISS_TRAIN_STREAM                              1066926       69.223%          1066926       69.223%
                                               1541279      100.000%          1541279      100.000%
                                                  0.69         0.63              0.69         0.63

STREAM_TRAIN_CREATE                             793627                         793627              

MEM_REQ_MISS_HWP_PREF_Q                              0         -nan%                0         -nan%
MEM_REQ_MISS_SW_PREF_Q                               0         -nan%                0         -nan%
MEM_REQ_MISS_IFETCH_Q                                0         -nan%                0         -nan%
MEM_REQ_MISS_DFETCH_Q                                0         -nan%                0         -nan%
MEM_REQ_MISS_DSTORE_Q                                0         -nan%                0         -nan%
MEM_REQ_MISS_DPRF_Q                                  0         -nan%                0         -nan%
MEM_REQ_MISS_WB_Q                                    0         -nan%                0         -nan%
                                                     0         -nan%                0         -nan%
                                                  -nan         -nan              -nan         -nan

PREF_HIT_BY_DEMAND_IFETCH                            0         -nan%                0         -nan%
PREF_HIT_BY_DEMAND_DFETCH                            0         -nan%                0         -nan%
PREF_HIT_BY_DEMAND_DSTORE                            0         -nan%                0         -nan%
PREF_HIT_BY_DEMAND_IPREF                             0         -nan%                0         -nan%
PREF_HIT_BY_DEMAND_DPRF                              0         -nan%                0         -nan%
PREF_HIT_BY_DEMAND_WB                                0         -nan%                0         -nan%
PREF_HIT_BY_PREF                                     0         -nan%                0         -nan%
                                                     0         -nan%                0         -nan%
                                                  -nan         -nan              -nan         -nan

PREF_HIT_DEMAND_IFETCH                               0         -nan%                0         -nan%
PREF_HIT_DEMAND_DFETCH                               0         -nan%                0         -nan%
PREF_HIT_DEMAND_DSTORE                               0         -nan%                0         -nan%
PREF_HIT_DEMAND_IPREF                                0         -nan%                0         -nan%
PREF_HIT_DEMAND_DPRF                                 0         -nan%                0         -nan%
PREF_HIT_DEMAND_WB                                   0         -nan%                0         -nan%
                                                     0         -nan%                0         -nan%
                                                  -nan         -nan              -nan         -nan

PREF_L1_FILL                                         0         -nan%                0         -nan%
DEMAND_L1_FILL                                       0         -nan%                0         -nan%
                                                     0         -nan%                0         -nan%
                                                  -nan         -nan              -nan         -nan

TOUCH_L1_REPLACE                                     0        0.000%                0        0.000%
NO_TOUCH_L1_REPLACE                            1947684      100.000%          1947684      100.000%
                                               1947684      100.000%          1947684      100.000%
                                                  1.00         1.00              1.00         1.00

PREF_REQ_QUE_FULL                                    0                              0              

STREAM_REQ_QUEUE_HIT_BY_DEMAND                       0                              0              

L2HIT_STREAM_PREF_REQ_QUE_FULL                       0                              0              

L2HIT_HIT_TRAIN_STREAM                               0         -nan%                0         -nan%
L2HIT_MISS_TRAIN_STREAM                              0         -nan%                0         -nan%
                                                     0         -nan%                0         -nan%
                                                  -nan         -nan              -nan         -nan

L2HIT_STREAM_TRAIN_CREATE                            0                              0              

L2HIT_STREAM_BUFFER_REQ                              0                              0              

L2HIT_STREAM_PREF_DCACHE_HIT                         0         -nan%                0         -nan%
L2HIT_STREAM_PREF_DCACHE_INSERT                      0         -nan%                0         -nan%
L2HIT_STREAM_L2_MISS                                 0         -nan%                0         -nan%
                                                     0         -nan%                0         -nan%
                                                  -nan         -nan              -nan         -nan

L2HIT_STREAM_DCACHE_PORT_FULL                        0                              0              

L2HIT_STREAM_PREF_L1_PORT_FULL                       0                              0              

L2HIT_TRAIN_HIT_DEMAND                               0         -nan%                0         -nan%
L2HIT_TRAIN_MISS_REQ                                 0         -nan%                0         -nan%
                                                     0         -nan%                0         -nan%
                                                  -nan         -nan              -nan         -nan

L2HIT_TRAIN_FILTER_MISS                              0         -nan%                0         -nan%
L2HIT_TRAIN_FILTER_HIT                               0         -nan%                0         -nan%
                                                     0         -nan%                0         -nan%
                                                  -nan         -nan              -nan         -nan

L2HIT_PREF_REQ_DCACHE_HIT                            0         -nan%                0         -nan%
L2HIT_PREF_REQ_DCACHE_MISS                           0         -nan%                0         -nan%
                                                     0         -nan%                0         -nan%
                                                  -nan         -nan              -nan         -nan

L2HIT_L2SEND_Q_FULL                                  0         -nan%                0         -nan%
L2HIT_L2SEND_Q_ENTER                                 0         -nan%                0         -nan%
                                                     0         -nan%                0         -nan%
                                                  -nan         -nan              -nan         -nan

L2HIT_MEM_REQ                                        0                              0              

REMOVE_REDUNDANT_STREAM_STAT                         0                              0              

REPLACE_OLD_STREAM                              793611                         793611              

REQ_SEND_QUEUE_STALL                                 0                              0              

STREAM_ENTER_RA                                      0                              0              

CORE_STREAM_LENGTH_0                              1541        8.076%             1541        8.076%
CORE_STREAM_LENGTH_10                            11225       58.828%            11225       58.828%
CORE_STREAM_LENGTH_20                             3398       17.808%             3398       17.808%
CORE_STREAM_LENGTH_30                              778        4.077%              778        4.077%
CORE_STREAM_LENGTH_40                              401        2.102%              401        2.102%
CORE_STREAM_LENGTH_50                              279        1.462%              279        1.462%
CORE_STREAM_LENGTH_60                              163        0.854%              163        0.854%
CORE_STREAM_LENGTH_70                              175        0.917%              175        0.917%
CORE_STREAM_LENGTH_80                               95        0.498%               95        0.498%
CORE_STREAM_LENGTH_90                              104        0.545%              104        0.545%
CORE_STREAM_LENGTH_100_P                           922        4.832%              922        4.832%
                                                 19081      100.000%            19081      100.000%
                                                  1.91         2.22              1.91         2.22

CORE_CUM_STREAM_LENGTH_0                         12395        1.080%            12395        1.080%
CORE_CUM_STREAM_LENGTH_10                       163467       14.243%           163467       14.243%
CORE_CUM_STREAM_LENGTH_20                        76885        6.699%            76885        6.699%
CORE_CUM_STREAM_LENGTH_30                        26021        2.267%            26021        2.267%
CORE_CUM_STREAM_LENGTH_40                        17581        1.532%            17581        1.532%
CORE_CUM_STREAM_LENGTH_50                        15053        1.312%            15053        1.312%
CORE_CUM_STREAM_LENGTH_60                        10374        0.904%            10374        0.904%
CORE_CUM_STREAM_LENGTH_70                        13087        1.140%            13087        1.140%
CORE_CUM_STREAM_LENGTH_80                         7990        0.696%             7990        0.696%
CORE_CUM_STREAM_LENGTH_90                         9798        0.854%             9798        0.854%
CORE_CUM_STREAM_LENGTH_100_P                    795030       69.273%           795030       69.273%
                                               1147681      100.000%          1147681      100.000%
                                                  7.67         7.33              7.67         7.33

CORE_STREAM_TRAIN_HITS_0                         15997       83.837%            15997       83.837%
CORE_STREAM_TRAIN_HITS_10                         1631        8.548%             1631        8.548%
CORE_STREAM_TRAIN_HITS_20                          464        2.432%              464        2.432%
CORE_STREAM_TRAIN_HITS_30                          205        1.074%              205        1.074%
CORE_STREAM_TRAIN_HITS_40                          172        0.901%              172        0.901%
CORE_STREAM_TRAIN_HITS_50                           85        0.445%               85        0.445%
CORE_STREAM_TRAIN_HITS_60                           40        0.210%               40        0.210%
CORE_STREAM_TRAIN_HITS_70                           35        0.183%               35        0.183%
CORE_STREAM_TRAIN_HITS_80                           22        0.115%               22        0.115%
CORE_STREAM_TRAIN_HITS_90                           19        0.100%               19        0.100%
CORE_STREAM_TRAIN_HITS_100_P                       411        2.154%              411        2.154%
                                                 19081      100.000%            19081      100.000%
                                                  0.48         1.61              0.48         1.61

CORE_CUM_STREAM_TRAIN_HITS_0                     93843       17.041%            93843       17.041%
CORE_CUM_STREAM_TRAIN_HITS_10                    21054        3.823%            21054        3.823%
CORE_CUM_STREAM_TRAIN_HITS_20                    11020        2.001%            11020        2.001%
CORE_CUM_STREAM_TRAIN_HITS_30                     6981        1.268%             6981        1.268%
CORE_CUM_STREAM_TRAIN_HITS_40                     7620        1.384%             7620        1.384%
CORE_CUM_STREAM_TRAIN_HITS_50                     4626        0.840%             4626        0.840%
CORE_CUM_STREAM_TRAIN_HITS_60                     2548        0.463%             2548        0.463%
CORE_CUM_STREAM_TRAIN_HITS_70                     2600        0.472%             2600        0.472%
CORE_CUM_STREAM_TRAIN_HITS_80                     1864        0.338%             1864        0.338%
CORE_CUM_STREAM_TRAIN_HITS_90                     1781        0.323%             1781        0.323%
CORE_CUM_STREAM_TRAIN_HITS_100_P                396740       72.046%           396740       72.046%
                                                550677      100.000%           550677      100.000%
                                                  7.54         6.93              7.54         6.93

CORE_STREAM_TRAIN_CREATE                        793627                         793627              



