/* -*- Mode: c -*- */
####################################################################################################
Core 0
####################################################################################################
Cumulative:        Cycles: 11811936              Instructions: 29999999              IPC: 2.53980

Periodic:          Cycles: 11811936              Instructions: 29999999              IPC: 2.53980

EXECUTION_TIME                           3691230000000                  3691230000000              

SIM_HOST_WALL_SECONDS                       477.847007                     477.847007              

NODE_CYCLE                                    11811936                       11811936              

NODE_INST_COUNT                               30164789                       30164789              

NODE_INST_COUNT_FETCHED                       29999999                       29999999              

NODE_UOP_COUNT                                38683000                       38683000              

EXEC_STAGE_NO_ISSUE_STALL_CYCLE                9377519                        9377519              

EXEC_STAGE_NO_ISSUE_STALL_CYCLE_ONPATH         8871915                        8871915              

FULL_WINDOW_STALL                                29504        0.250%            29504        0.250%

FULL_WINDOW_MEM_OP                               28726       99.951%            28726       99.951%
FULL_WINDOW_FP_OP                                    1        0.003%                1        0.003%
FULL_WINDOW_OTHER_OP                                13        0.045%               13        0.045%
                                                 28740      100.000%            28740      100.000%
                                                  0.00         0.04              0.00         0.04

RET_BLOCKED_DC_MISS                            2132323       18.052%          2132323       18.052%

RET_BLOCKED_L1_MISS                             852266        7.215%           852266        7.215%

RET_BLOCKED_L1_MISS_BW_PREF                      21578        0.183%            21578        0.183%

RET_BLOCKED_L1_ACCESS                          1281464       10.849%          1281464       10.849%

RET_BLOCKED_MEM_STALL                           852347        7.216%           852347        7.216%

RET_BLOCKED_OFFCHIP_DEMAND                           0        0.000%                0        0.000%

OP_ISSUED                                     37452320                       37452320              

OP_RETIRED                                    38683000                       38683000              

OP_MACRO_FUSION_ONPATH                         2455388                        2455388              

OP_MACRO_FUSION_OFFPATH                         210670                         210670              

REPLAY_SIGNALED                                      0                              0              

REPLAY_COUNTED                                       0                              0              

OFF_CRITICAL_PATH                                    0         -nan%                0         -nan%
ON_CRITICAL_PATH                                     0         -nan%                0         -nan%
                                                     0         -nan%                0         -nan%
                                                  -nan         -nan              -nan         -nan

LD_NO_DEPENDENTS                                692737        9.176%           692737        9.176%
LD_DEPENDENTS                                  6856858       90.824%          6856858       90.824%
                                               7549595      100.000%          7549595      100.000%
                                                  0.91         0.87              0.91         0.87

LD_EXEC_CYCLES_0                                     0        0.000%                0        0.000%
LD_EXEC_CYCLES_1                                     0        0.000%                0        0.000%
LD_EXEC_CYCLES_2                                     0        0.000%                0        0.000%
LD_EXEC_CYCLES_3                                   509       35.372%              509       35.372%
LD_EXEC_CYCLES_4                                   930       64.628%              930       64.628%
                                                  1439      100.000%             1439      100.000%
                                                  3.65         2.97              3.65         2.97

ICACHE_STAGE_STARVED                           1969300       19.962%          1969300       19.962%
ICACHE_STAGE_NOT_STARVED                       7896141       80.038%          7896141       80.038%
                                               9865441      100.000%          9865441      100.000%
                                                  0.80         0.74              0.80         0.74

ICACHE_STAGE_STALLED                           1697192       14.368%          1697192       14.368%
ICACHE_STAGE_NOT_STALLED                       8168249       69.152%          8168249       69.152%
ICACHE_STAGE_OFF_PATH                          1946495       16.479%          1946495       16.479%
                                              11811936      100.000%         11811936      100.000%
                                                  1.02         0.57              1.02         0.57

DECODE_STAGE_STARVED                           7301977       67.805%          7301977       67.805%
DECODE_STAGE_NOT_STARVED                       3467063       32.195%          3467063       32.195%
                                              10769040      100.000%         10769040      100.000%
                                                  0.32         0.43              0.32         0.43

DECODE_STAGE_STALLED                            686685        5.813%           686685        5.813%
DECODE_STAGE_NOT_STALLED                      10082355       85.357%         10082355       85.357%
DECODE_STAGE_OFF_PATH                          1042896        8.829%          1042896        8.829%
                                              11811936      100.000%         11811936      100.000%
                                                  1.03         0.42              1.03         0.42

UOPQ_STAGE_STARVED                             6000940       64.038%          6000940       64.038%
UOPQ_STAGE_NOT_STARVED                         3369997       35.962%          3369997       35.962%
                                               9370937      100.000%          9370937      100.000%
                                                  0.36         0.44              0.36         0.44

UOPQ_STAGE_STALLED                             1186510       10.045%          1186510       10.045%
UOPQ_STAGE_NOT_STALLED                         9370937       79.334%          9370937       79.334%
UOPQ_STAGE_OFF_PATH                            1254489       10.621%          1254489       10.621%
                                              11811936      100.000%         11811936      100.000%
                                                  1.01         0.46              1.01         0.46

RS_OP_READY_NOT_ISSUED_TOTAL                  13516415                       13516415              

RS_0_OP_READY_NOT_ISSUED                      11064909                       11064909              

RS_1_OP_READY_NOT_ISSUED                        176294                         176294              

RS_2_OP_READY_NOT_ISSUED                       2275212                        2275212              

RS_3_OP_READY_NOT_ISSUED                             0                              0              

RS_4_OP_READY_NOT_ISSUED                             0                              0              

RS_5_OP_READY_NOT_ISSUED                             0                              0              

RS_6_OP_READY_NOT_ISSUED                             0                              0              

RS_7_OP_READY_NOT_ISSUED                             0                              0              

RS_7_PLUS_OP_READY_NOT_ISSUED                        0                              0              

FU_IDLE_NO_READY_OPS_TOTAL                    47887592                       47887592              

FU_0_IDLE_NO_READY_OPS                         2428729                        2428729              

FU_1_IDLE_NO_READY_OPS                         2712742                        2712742              

FU_2_IDLE_NO_READY_OPS                         6941691                        6941691              

FU_3_IDLE_NO_READY_OPS                         6942957                        6942957              

FU_4_IDLE_NO_READY_OPS                         2760244                        2760244              

FU_5_IDLE_NO_READY_OPS                         2346337                        2346337              

FU_6_IDLE_NO_READY_OPS                         7027987                        7027987              

FU_7_IDLE_NO_READY_OPS                         7037769                        7037769              

FU_8_IDLE_NO_READY_OPS                         2746590                        2746590              

FU_9_IDLE_NO_READY_OPS                         6942546                        6942546              

FU_10_IDLE_NO_READY_OPS                              0                              0              

FU_11_IDLE_NO_READY_OPS                              0                              0              

FU_12_IDLE_NO_READY_OPS                              0                              0              

FU_13_IDLE_NO_READY_OPS                              0                              0              

FU_14_IDLE_NO_READY_OPS                              0                              0              

FU_15_IDLE_NO_READY_OPS                              0                              0              

FU_16_IDLE_NO_READY_OPS                              0                              0              

FU_17_IDLE_NO_READY_OPS                              0                              0              

FU_18_IDLE_NO_READY_OPS                              0                              0              

FU_19_IDLE_NO_READY_OPS                              0                              0              

FU_20_IDLE_NO_READY_OPS                              0                              0              

FU_21_IDLE_NO_READY_OPS                              0                              0              

FU_22_IDLE_NO_READY_OPS                              0                              0              

FU_23_IDLE_NO_READY_OPS                              0                              0              

FU_24_IDLE_NO_READY_OPS                              0                              0              

FU_25_IDLE_NO_READY_OPS                              0                              0              

FU_26_IDLE_NO_READY_OPS                              0                              0              

FU_27_IDLE_NO_READY_OPS                              0                              0              

FU_28_IDLE_NO_READY_OPS                              0                              0              

FU_29_IDLE_NO_READY_OPS                              0                              0              

FU_30_IDLE_NO_READY_OPS                              0                              0              

FU_31_IDLE_NO_READY_OPS                              0                              0              

FU_31_PLUS_IDLE_NO_READY_OPS                         0                              0              

MAP_STAGE_STARVED                              2245079       24.237%          2245079       24.237%
MAP_STAGE_NOT_STARVED                          7018021       75.763%          7018021       75.763%
                                               9263100      100.000%          9263100      100.000%
                                                  0.76         0.69              0.76         0.69

MAP_STAGE_STALLED                                 3526        0.035%             3526        0.035%
MAP_STAGE_NOT_STALLED                          9259574       92.890%          9259574       92.890%
MAP_STAGE_OFF_PATH                              705170        7.074%           705170        7.074%
                                               9968270      100.000%          9968270      100.000%
                                                  1.07         0.38              1.07         0.38

MAP_STAGE_STALL_ITSELF                         1843666       15.608%          1843666       15.608%
MAP_STAGE_NOT_STALL_ITSELF                     9968270       84.392%          9968270       84.392%
                                              11811936      100.000%         11811936      100.000%
                                                  0.84         0.79              0.84         0.79

MAP_STAGE_LATE_ALLOCATE_SEND_BACK                    0                              0              

MAP_STAGE_RENAME_OP_ONPATH                    38683000                       38683000              

MAP_STAGE_RENAME_OP_OFFPATH                    3083755                        3083755              

MAP_STAGE_RENAME_INT_REG_ONPATH               35066311                       35066311              

MAP_STAGE_RENAME_INT_REG_OFFPATH               2095188                        2095188              

MAP_STAGE_RENAME_VEC_REG_ONPATH                 809973                         809973              

MAP_STAGE_RENAME_VEC_REG_OFFPATH                 14659                          14659              

MAP_STAGE_RENAME_MOVE_ELIM_ONPATH                    0                              0              

MAP_STAGE_RENAME_MOVE_ELIM_OFFPATH                   0                              0              

MAP_STAGE_ONPATH_INT_REG_NUM_ALLOC            35066291                       35066291              

MAP_STAGE_ONPATH_VEC_REG_NUM_ALLOC              809957                         809957              

MAP_STAGE_ONPATH_INT_REG_NUM_SHORTLIVE        14173578                       14173578              

MAP_STAGE_ONPATH_VEC_REG_NUM_SHORTLIVE          264460                         264460              

MAP_STAGE_ONPATH_INT_REG_USE_COUNT_0           5358595                        5358595              

MAP_STAGE_ONPATH_VEC_REG_USE_COUNT_0             14590                          14590              

MAP_STAGE_ONPATH_INT_REG_USE_COUNT_1          21423038                       21423038              

MAP_STAGE_ONPATH_VEC_REG_USE_COUNT_1            659639                         659639              

MAP_STAGE_ONPATH_INT_REG_USE_COUNT_2           5461112                        5461112              

MAP_STAGE_ONPATH_VEC_REG_USE_COUNT_2             86809                          86809              

MAP_STAGE_ONPATH_INT_REG_USE_COUNT_3           1770727                        1770727              

MAP_STAGE_ONPATH_VEC_REG_USE_COUNT_3             18643                          18643              

MAP_STAGE_ONPATH_INT_REG_USE_COUNT_4            453244                         453244              

MAP_STAGE_ONPATH_VEC_REG_USE_COUNT_4             14889                          14889              

MAP_STAGE_ONPATH_INT_REG_USE_COUNT_5            166356                         166356              

MAP_STAGE_ONPATH_VEC_REG_USE_COUNT_5              3612                           3612              

MAP_STAGE_ONPATH_INT_REG_USE_COUNT_6             93199                          93199              

MAP_STAGE_ONPATH_VEC_REG_USE_COUNT_6              1120                           1120              

MAP_STAGE_ONPATH_INT_REG_USE_COUNT_7_PLUS        340020                         340020              

MAP_STAGE_ONPATH_VEC_REG_USE_COUNT_7_PLUS         10655                          10655              

MAP_STAGE_ONPATH_INT_REG_CONSUME_DIST_0              0        0.0000                0        0.0000

MAP_STAGE_ONPATH_VEC_REG_CONSUME_DIST_0              0        0.0000                0        0.0000

MAP_STAGE_ONPATH_INT_REG_CONSUME_DIST_1              0        0.0000                0        0.0000

MAP_STAGE_ONPATH_VEC_REG_CONSUME_DIST_1              0        0.0000                0        0.0000

MAP_STAGE_ONPATH_INT_REG_CONSUME_DIST_2       21952730        4.0198         21952730        4.0198

MAP_STAGE_ONPATH_VEC_REG_CONSUME_DIST_2       15358725      176.9255         15358725      176.9255

MAP_STAGE_ONPATH_INT_REG_CONSUME_DIST_3       12438163        7.0243         12438163        7.0243

MAP_STAGE_ONPATH_VEC_REG_CONSUME_DIST_3         731849       39.2560           731849       39.2560

MAP_STAGE_ONPATH_INT_REG_CONSUME_DIST_4        5759781       12.7079          5759781       12.7079

MAP_STAGE_ONPATH_VEC_REG_CONSUME_DIST_4         147859        9.9308           147859        9.9308

MAP_STAGE_ONPATH_INT_REG_CONSUME_DIST_5        2529291       15.2041          2529291       15.2041

MAP_STAGE_ONPATH_VEC_REG_CONSUME_DIST_5         398813      110.4133           398813      110.4133

MAP_STAGE_ONPATH_INT_REG_CONSUME_DIST_6        1565187       16.7940          1565187       16.7940

MAP_STAGE_ONPATH_VEC_REG_CONSUME_DIST_6         109655       97.9062           109655       97.9062

MAP_STAGE_ONPATH_INT_REG_CONSUME_DIST_7_PLUS      13129855       38.6149         13129855       38.6149

MAP_STAGE_ONPATH_VEC_REG_CONSUME_DIST_7_PLUS       5774506      541.9527          5774506      541.9527

MAP_STAGE_INT_REG_ISSUE_READ_TOTAL_CONSUMED      46806448        4.9913         46806448        4.9913

MAP_STAGE_VEC_REG_ISSUE_READ_TOTAL_CONSUMED       1102280        0.1175          1102280        0.1175

MAP_STAGE_INT_REG_ISSUE_READ_MULTI_CONSUMED      16484656        1.7579         16484656        1.7579

MAP_STAGE_VEC_REG_ISSUE_READ_MULTI_CONSUMED        304554        0.0325           304554        0.0325

MAP_STAGE_INT_REG_ISSUE_READ_SAME_CYCLE_CONSUMED       7995329        0.8526          7995329        0.8526

MAP_STAGE_VEC_REG_ISSUE_READ_SAME_CYCLE_CONSUMED         75709        0.0081            75709        0.0081

MAP_STAGE_INT_REG_ISSUE_READ_TOTAL_CONSUMED_ONPATH      45633655        5.1436         45633655        5.1436

MAP_STAGE_VEC_REG_ISSUE_READ_TOTAL_CONSUMED_ONPATH       1097140        0.1237          1097140        0.1237

MAP_STAGE_INT_REG_ISSUE_READ_MULTI_CONSUMED_ONPATH      15925931        1.7951         15925931        1.7951

MAP_STAGE_VEC_REG_ISSUE_READ_MULTI_CONSUMED_ONPATH        301755        0.0340           301755        0.0340

MAP_STAGE_INT_REG_ISSUE_READ_SAME_CYCLE_CONSUMED_ONPATH       7696673        0.8675          7696673        0.8675

MAP_STAGE_VEC_REG_ISSUE_READ_SAME_CYCLE_CONSUMED_ONPATH         75465        0.0085            75465        0.0085

MAP_STAGE_ONPATH_INT_REG_LIFECYCLE_EMPTY     626802453                      626802453              

MAP_STAGE_ONPATH_VEC_REG_LIFECYCLE_EMPTY      26469144                       26469144              

MAP_STAGE_ONPATH_INT_REG_LIFECYCLE_IN_USE     995504210                      995504210              

MAP_STAGE_ONPATH_VEC_REG_LIFECYCLE_IN_USE      59885318                       59885318              

MAP_STAGE_ONPATH_INT_REG_LIFECYCLE_SPEC_RELEASE    1650211067                     1650211067              

MAP_STAGE_ONPATH_VEC_REG_LIFECYCLE_SPEC_RELEASE     240394081                      240394081              

MAP_STAGE_ONPATH_INT_REG_LIFECYCLE_NONSPEC_RELEASE    1650211067                     1650211067              

MAP_STAGE_ONPATH_VEC_REG_LIFECYCLE_NONSPEC_RELEASE     240394081                      240394081              

MAP_STAGE_ONPATH_INT_REG_LIFECYCLE_TOTAL    1650211067                     1650211067              

MAP_STAGE_ONPATH_VEC_REG_LIFECYCLE_TOTAL     240394081                      240394081              

MAP_STAGE_ONPATH_INT_REG_NUM_NONBRANCH        35066291                       35066291              

MAP_STAGE_ONPATH_VEC_REG_NUM_NONBRANCH          809957                         809957              

MAP_STAGE_ONPATH_INT_REG_NUM_NONEXCEPT        35066291                       35066291              

MAP_STAGE_ONPATH_VEC_REG_NUM_NONEXCEPT          809957                         809957              

MAP_STAGE_ONPATH_INT_REG_NUM_ATOMIC           35066291                       35066291              

MAP_STAGE_ONPATH_VEC_REG_NUM_ATOMIC             809957                         809957              

MAP_STAGE_ONPATH_INT_REG_ATOMIC_REDEFINED_DIST_TOTAL    1650211067       47.0598       1650211067       47.0598

MAP_STAGE_ONPATH_VEC_REG_ATOMIC_REDEFINED_DIST_TOTAL     240394081      296.7986        240394081      296.7986

MAP_STAGE_ONPATH_INT_REG_ATOMIC_CONSUMED_DIST_TOTAL     995504210       28.3892        995504210       28.3892

MAP_STAGE_ONPATH_VEC_REG_ATOMIC_CONSUMED_DIST_TOTAL      59885318       73.9364         59885318       73.9364

MAP_STAGE_ONPATH_INT_REG_ATOMIC_RELEASE_DIST_TOTAL    1650211067       47.0598       1650211067       47.0598

MAP_STAGE_ONPATH_VEC_REG_ATOMIC_RELEASE_DIST_TOTAL     240394081      296.7986        240394081      296.7986

EXEC_STAGE_STARVED                             9675617       81.914%          9675617       81.914%
EXEC_STAGE_NOT_STARVED                         1356450       11.484%          1356450       11.484%
EXEC_STAGE_OFF_PATH                             779869        6.602%           779869        6.602%
                                              11811936      100.000%         11811936      100.000%
                                                  0.25         0.52              0.25         0.52

FU_BUSY_0                                      5827277                        5827277              

FU_BUSY_1                                      5487445                        5487445              

FU_BUSY_2                                      1745114                        1745114              

FU_BUSY_3                                      1743775                        1743775              

FU_BUSY_4                                      5082378                        5082378              

FU_BUSY_5                                      6321043                        6321043              

FU_BUSY_6                                      2584915                        2584915              

FU_BUSY_7                                      2575532                        2575532              

FU_BUSY_8                                      4903200                        4903200              

FU_BUSY_9                                      1745368                        1745368              

FU_BUSY_10                                           0                              0              

FU_BUSY_11                                           0                              0              

FU_BUSY_12                                           0                              0              

FU_BUSY_13                                           0                              0              

FU_BUSY_14                                           0                              0              

FU_BUSY_15                                           0                              0              

FU_BUSY_16                                           0                              0              

FU_BUSY_17                                           0                              0              

FU_BUSY_18                                           0                              0              

FU_BUSY_19                                           0                              0              

FU_BUSY_20                                           0                              0              

FU_BUSY_21                                           0                              0              

FU_BUSY_22                                           0                              0              

FU_BUSY_23                                           0                              0              

FU_BUSY_24                                           0                              0              

FU_BUSY_25                                           0                              0              

FU_BUSY_26                                           0                              0              

FU_BUSY_27                                           0                              0              

FU_BUSY_28                                           0                              0              

FU_BUSY_29                                           0                              0              

FU_BUSY_30                                           0                              0              

FU_BUSY_31                                           0                              0              

FU_REJECTED_OP_INV_NOT_SIMD                          0        0.000%                0        0.000%
FU_REJECTED_OP_NOP_NOT_SIMD                       3370        1.159%             3370        1.159%
FU_REJECTED_OP_CF_NOT_SIMD                       28413        9.768%            28413        9.768%
FU_REJECTED_OP_MOV_NOT_SIMD                      10563        3.631%            10563        3.631%
FU_REJECTED_OP_CMOV_NOT_SIMD                        36        0.012%               36        0.012%
FU_REJECTED_OP_LDA_NOT_SIMD                       4069        1.399%             4069        1.399%
FU_REJECTED_OP_IMEM_NOT_SIMD                     55880       19.211%            55880       19.211%
FU_REJECTED_OP_IADD_NOT_SIMD                     85449       29.376%            85449       29.376%
FU_REJECTED_OP_IMUL_NOT_SIMD                     16733        5.753%            16733        5.753%
FU_REJECTED_OP_IDIV_NOT_SIMD                         8        0.003%                8        0.003%
FU_REJECTED_OP_ICMP_NOT_SIMD                         7        0.002%                7        0.002%
FU_REJECTED_OP_LOGIC_NOT_SIMD                     4281        1.472%             4281        1.472%
FU_REJECTED_OP_SHIFT_NOT_SIMD                     7327        2.519%             7327        2.519%
FU_REJECTED_OP_FMEM_NOT_SIMD                       883        0.304%              883        0.304%
FU_REJECTED_OP_FCVT_NOT_SIMD                         0        0.000%                0        0.000%
FU_REJECTED_OP_FADD_NOT_SIMD                         0        0.000%                0        0.000%
FU_REJECTED_OP_FMUL_NOT_SIMD                         0        0.000%                0        0.000%
FU_REJECTED_OP_FMA_NOT_SIMD                          0        0.000%                0        0.000%
FU_REJECTED_OP_FDIV_NOT_SIMD                         0        0.000%                0        0.000%
FU_REJECTED_OP_FCMP_NOT_SIMD                         0        0.000%                0        0.000%
FU_REJECTED_OP_FCMOV_NOT_SIMD                        0        0.000%                0        0.000%
FU_REJECTED_OP_GATHER_NOT_SIMD                       0        0.000%                0        0.000%
FU_REJECTED_OP_SCATTER_NOT_SIMD                      0        0.000%                0        0.000%
FU_REJECTED_OP_PIPELINED_FAST_NOT_SIMD               0        0.000%                0        0.000%
FU_REJECTED_OP_PIPELINED_MEDIUM_NOT_SIMD             0        0.000%                0        0.000%
FU_REJECTED_OP_PIPELINED_SLOW_NOT_SIMD               0        0.000%                0        0.000%
FU_REJECTED_OP_NOTPIPELINED_MEDIUM_NOT_SIMD             0        0.000%                0        0.000%
FU_REJECTED_OP_NOTPIPELINED_SLOW_NOT_SIMD             0        0.000%                0        0.000%
FU_REJECTED_OP_NOTPIPELINED_VERY_SLOW_NOT_SIMD             0        0.000%                0        0.000%
FU_REJECTED_OP_INV_SIMD                              0        0.000%                0        0.000%
FU_REJECTED_OP_NOP_SIMD                              4        0.001%                4        0.001%
FU_REJECTED_OP_CF_SIMD                               0        0.000%                0        0.000%
FU_REJECTED_OP_MOV_SIMD                             39        0.013%               39        0.013%
FU_REJECTED_OP_CMOV_SIMD                             0        0.000%                0        0.000%
FU_REJECTED_OP_LDA_SIMD                              0        0.000%                0        0.000%
FU_REJECTED_OP_IMEM_SIMD                             0        0.000%                0        0.000%
FU_REJECTED_OP_IADD_SIMD                             0        0.000%                0        0.000%
FU_REJECTED_OP_IMUL_SIMD                             0        0.000%                0        0.000%
FU_REJECTED_OP_IDIV_SIMD                             0        0.000%                0        0.000%
FU_REJECTED_OP_ICMP_SIMD                             0        0.000%                0        0.000%
FU_REJECTED_OP_LOGIC_SIMD                           33        0.011%               33        0.011%
FU_REJECTED_OP_SHIFT_SIMD                           42        0.014%               42        0.014%
FU_REJECTED_OP_FMEM_SIMD                             1        0.000%                1        0.000%
FU_REJECTED_OP_FCVT_SIMD                         68898       23.686%            68898       23.686%
FU_REJECTED_OP_FADD_SIMD                          4724        1.624%             4724        1.624%
FU_REJECTED_OP_FMUL_SIMD                             0        0.000%                0        0.000%
FU_REJECTED_OP_FMA_SIMD                              0        0.000%                0        0.000%
FU_REJECTED_OP_FDIV_SIMD                             0        0.000%                0        0.000%
FU_REJECTED_OP_FCMP_SIMD                             0        0.000%                0        0.000%
FU_REJECTED_OP_FCMOV_SIMD                            0        0.000%                0        0.000%
FU_REJECTED_OP_GATHER_SIMD                           0        0.000%                0        0.000%
FU_REJECTED_OP_SCATTER_SIMD                          0        0.000%                0        0.000%
FU_REJECTED_OP_PIPELINED_FAST_SIMD                   0        0.000%                0        0.000%
FU_REJECTED_OP_PIPELINED_MEDIUM_SIMD                 0        0.000%                0        0.000%
FU_REJECTED_OP_PIPELINED_SLOW_SIMD                  55        0.019%               55        0.019%
FU_REJECTED_OP_NOTPIPELINED_MEDIUM_SIMD             62        0.021%               62        0.021%
FU_REJECTED_OP_NOTPIPELINED_SLOW_SIMD                0        0.000%                0        0.000%
FU_REJECTED_OP_NOTPIPELINED_VERY_SLOW_SIMD             0        0.000%                0        0.000%
                                                290877      100.000%           290877      100.000%
                                                 15.50        16.22             15.50        16.22

LSQ_FULL_TOTAL                                    5167                           5167              

LSQ_FULL_LOAD_QUEUE                                  4                              4              

LSQ_FULL_STORE_QUEUE                              5163                           5163              

OP_WAIT_0                                     26070844                       26070844              

OP_WAIT_1                                      6438528                        6438528              

OP_WAIT_2                                      1158595                        1158595              

OP_WAIT_3                                       617859                         617859              

OP_WAIT_4                                       362009                         362009              

OP_WAIT_5                                       252293                         252293              

OP_WAIT_6                                       171398                         171398              

OP_WAIT_7                                       124615                         124615              

OP_WAIT_8                                       104625                         104625              

OP_WAIT_9                                        74505                          74505              

OP_WAIT_10                                       86783                          86783              

OP_WAIT_11                                       78199                          78199              

OP_WAIT_12                                       47999                          47999              

OP_WAIT_13                                       29119                          29119              

OP_WAIT_14                                       22074                          22074              

OP_WAIT_15                                       18863                          18863              

OP_WAIT_16                                       16358                          16358              

OP_WAIT_17                                       13182                          13182              

OP_WAIT_18                                       14199                          14199              

OP_WAIT_19                                       15557                          15557              

OP_WAIT_20                                       14109                          14109              

OP_WAIT_21                                       11235                          11235              

OP_WAIT_22                                       11829                          11829              

OP_WAIT_23                                        8650                           8650              

OP_WAIT_24                                        5568                           5568              

OP_WAIT_25                                        4753                           4753              

OP_WAIT_26                                        4933                           4933              

OP_WAIT_27                                        5285                           5285              

OP_WAIT_28                                        5060                           5060              

OP_WAIT_29                                        3850                           3850              

OP_WAIT_30                                        3592                           3592              

OP_WAIT_31                                     2886532                        2886532              

ROW_SIZE_0                                     4212260                        4212260              

ROW_SIZE_1                                     1144161                        1144161              

ROW_SIZE_2                                      428405                         428405              

ROW_SIZE_3                                      487653                         487653              

ROW_SIZE_4                                      550024                         550024              

ROW_SIZE_5                                      207526                         207526              

ROW_SIZE_6                                      183899                         183899              

ROW_SIZE_7                                      195530                         195530              

ROW_SIZE_8                                     3688655                        3688655              

ROW_SIZE_9                                           0                              0              

ROW_SIZE_10                                          0                              0              

ROW_SIZE_11                                          0                              0              

ROW_SIZE_12                                          0                              0              

ROW_SIZE_13                                          0                              0              

ROW_SIZE_14                                          0                              0              

ROW_SIZE_15                                          0                              0              

ROW_SIZE_16                                          0                              0              

ROW_SIZE_17                                          0                              0              

ROW_SIZE_18                                          0                              0              

ROW_SIZE_19                                          0                              0              

ROW_SIZE_20                                          0                              0              

ROW_SIZE_21                                          0                              0              

ROW_SIZE_22                                          0                              0              

ROW_SIZE_23                                          0                              0              

ROW_SIZE_24                                          0                              0              

ROW_SIZE_25                                          0                              0              

ROW_SIZE_26                                          0                              0              

ROW_SIZE_27                                          0                              0              

ROW_SIZE_28                                          0                              0              

ROW_SIZE_29                                          0                              0              

ROW_SIZE_30                                          0                              0              

ROW_SIZE_31                                          0                              0              

RET_OP_EXEC_COUNT_0                            2847511        7.361%          2847511        7.361%
RET_OP_EXEC_COUNT_1                           35835489       92.639%         35835489       92.639%
RET_OP_EXEC_COUNT_2                                  0        0.000%                0        0.000%
RET_OP_EXEC_COUNT_3                                  0        0.000%                0        0.000%
RET_OP_EXEC_COUNT_4                                  0        0.000%                0        0.000%
RET_OP_EXEC_COUNT_5                                  0        0.000%                0        0.000%
RET_OP_EXEC_COUNT_6                                  0        0.000%                0        0.000%
RET_OP_EXEC_COUNT_7                                  0        0.000%                0        0.000%
RET_OP_EXEC_COUNT_8                                  0        0.000%                0        0.000%
RET_OP_EXEC_COUNT_9                                  0        0.000%                0        0.000%
RET_OP_EXEC_COUNT_10                                 0        0.000%                0        0.000%
RET_OP_EXEC_COUNT_11                                 0        0.000%                0        0.000%
RET_OP_EXEC_COUNT_12                                 0        0.000%                0        0.000%
RET_OP_EXEC_COUNT_13                                 0        0.000%                0        0.000%
RET_OP_EXEC_COUNT_14                                 0        0.000%                0        0.000%
RET_OP_EXEC_COUNT_15                                 0        0.000%                0        0.000%
RET_OP_EXEC_COUNT_16                                 0        0.000%                0        0.000%
RET_OP_EXEC_COUNT_17                                 0        0.000%                0        0.000%
RET_OP_EXEC_COUNT_18                                 0        0.000%                0        0.000%
RET_OP_EXEC_COUNT_19                                 0        0.000%                0        0.000%
RET_OP_EXEC_COUNT_20                                 0        0.000%                0        0.000%
RET_OP_EXEC_COUNT_21                                 0        0.000%                0        0.000%
RET_OP_EXEC_COUNT_22                                 0        0.000%                0        0.000%
RET_OP_EXEC_COUNT_23                                 0        0.000%                0        0.000%
RET_OP_EXEC_COUNT_24                                 0        0.000%                0        0.000%
RET_OP_EXEC_COUNT_25                                 0        0.000%                0        0.000%
RET_OP_EXEC_COUNT_26                                 0        0.000%                0        0.000%
RET_OP_EXEC_COUNT_27                                 0        0.000%                0        0.000%
RET_OP_EXEC_COUNT_28                                 0        0.000%                0        0.000%
RET_OP_EXEC_COUNT_29                                 0        0.000%                0        0.000%
RET_OP_EXEC_COUNT_30                                 0        0.000%                0        0.000%
RET_OP_EXEC_COUNT_31                                 0        0.000%                0        0.000%
RET_OP_EXEC_COUNT_32                                 0        0.000%                0        0.000%
                                              38683000      100.000%         38683000      100.000%
                                                  0.93         0.07              0.93         0.07

RET_STALL_LENGTH_0                            38676813       99.984%         38676813       99.984%
RET_STALL_LENGTH_100                              5453        0.014%             5453        0.014%
RET_STALL_LENGTH_200                               491        0.001%              491        0.001%
RET_STALL_LENGTH_300                                27        0.000%               27        0.000%
RET_STALL_LENGTH_400                                24        0.000%               24        0.000%
RET_STALL_LENGTH_500                                 6        0.000%                6        0.000%
RET_STALL_LENGTH_600                                10        0.000%               10        0.000%
RET_STALL_LENGTH_700                                19        0.000%               19        0.000%
RET_STALL_LENGTH_800                                11        0.000%               11        0.000%
RET_STALL_LENGTH_900                                14        0.000%               14        0.000%
RET_STALL_LENGTH_1000                               19        0.000%               19        0.000%
RET_STALL_LENGTH_1100                               21        0.000%               21        0.000%
RET_STALL_LENGTH_1200                               69        0.000%               69        0.000%
RET_STALL_LENGTH_1300                               20        0.000%               20        0.000%
RET_STALL_LENGTH_1400                                2        0.000%                2        0.000%
RET_STALL_LENGTH_1500                                0        0.000%                0        0.000%
RET_STALL_LENGTH_1600                                0        0.000%                0        0.000%
RET_STALL_LENGTH_1700                                0        0.000%                0        0.000%
RET_STALL_LENGTH_1800                                0        0.000%                0        0.000%
RET_STALL_LENGTH_1900                                1        0.000%                1        0.000%
RET_STALL_LENGTH_2000                                0        0.000%                0        0.000%
RET_STALL_LENGTH_2100                                0        0.000%                0        0.000%
RET_STALL_LENGTH_2200                                0        0.000%                0        0.000%
RET_STALL_LENGTH_2300                                0        0.000%                0        0.000%
RET_STALL_LENGTH_2400                                0        0.000%                0        0.000%
RET_STALL_LENGTH_2500                                0        0.000%                0        0.000%
RET_STALL_LENGTH_2600                                0        0.000%                0        0.000%
RET_STALL_LENGTH_2700                                0        0.000%                0        0.000%
RET_STALL_LENGTH_2800                                0        0.000%                0        0.000%
RET_STALL_LENGTH_2900                                0        0.000%                0        0.000%
RET_STALL_LENGTH_3000                                0        0.000%                0        0.000%
RET_STALL_LENGTH_3100                                0        0.000%                0        0.000%
RET_STALL_LENGTH_3200                                0        0.000%                0        0.000%
RET_STALL_LENGTH_3300                                0        0.000%                0        0.000%
RET_STALL_LENGTH_3400                                0        0.000%                0        0.000%
RET_STALL_LENGTH_3500                                0        0.000%                0        0.000%
RET_STALL_LENGTH_3600                                0        0.000%                0        0.000%
RET_STALL_LENGTH_3700                                0        0.000%                0        0.000%
RET_STALL_LENGTH_3800                                0        0.000%                0        0.000%
RET_STALL_LENGTH_3900                                0        0.000%                0        0.000%
RET_STALL_LENGTH_4000                                0        0.000%                0        0.000%
RET_STALL_LENGTH_4100                                0        0.000%                0        0.000%
RET_STALL_LENGTH_4200                                0        0.000%                0        0.000%
RET_STALL_LENGTH_4300                                0        0.000%                0        0.000%
RET_STALL_LENGTH_4400                                0        0.000%                0        0.000%
RET_STALL_LENGTH_4500                                0        0.000%                0        0.000%
RET_STALL_LENGTH_4600                                0        0.000%                0        0.000%
RET_STALL_LENGTH_4700                                0        0.000%                0        0.000%
RET_STALL_LENGTH_4800                                0        0.000%                0        0.000%
RET_STALL_LENGTH_4900                                0        0.000%                0        0.000%
RET_STALL_LENGTH_5000                                0        0.000%                0        0.000%
                                              38683000      100.000%         38683000      100.000%
                                                  0.00         0.03              0.00         0.03

MEM_BLOCK_LENGTH_0                                  20       86.957%               20       86.957%
MEM_BLOCK_LENGTH_100                                 2        8.696%                2        8.696%
MEM_BLOCK_LENGTH_200                                 0        0.000%                0        0.000%
MEM_BLOCK_LENGTH_300                                 0        0.000%                0        0.000%
MEM_BLOCK_LENGTH_400                                 0        0.000%                0        0.000%
MEM_BLOCK_LENGTH_500                                 1        4.348%                1        4.348%
MEM_BLOCK_LENGTH_600                                 0        0.000%                0        0.000%
MEM_BLOCK_LENGTH_700                                 0        0.000%                0        0.000%
MEM_BLOCK_LENGTH_800                                 0        0.000%                0        0.000%
MEM_BLOCK_LENGTH_900                                 0        0.000%                0        0.000%
MEM_BLOCK_LENGTH_1000                                0        0.000%                0        0.000%
MEM_BLOCK_LENGTH_1100                                0        0.000%                0        0.000%
MEM_BLOCK_LENGTH_1200                                0        0.000%                0        0.000%
MEM_BLOCK_LENGTH_1300                                0        0.000%                0        0.000%
MEM_BLOCK_LENGTH_1400                                0        0.000%                0        0.000%
MEM_BLOCK_LENGTH_1500                                0        0.000%                0        0.000%
MEM_BLOCK_LENGTH_1600                                0        0.000%                0        0.000%
MEM_BLOCK_LENGTH_1700                                0        0.000%                0        0.000%
MEM_BLOCK_LENGTH_1800                                0        0.000%                0        0.000%
MEM_BLOCK_LENGTH_1900                                0        0.000%                0        0.000%
MEM_BLOCK_LENGTH_2000                                0        0.000%                0        0.000%
MEM_BLOCK_LENGTH_2100                                0        0.000%                0        0.000%
MEM_BLOCK_LENGTH_2200                                0        0.000%                0        0.000%
MEM_BLOCK_LENGTH_2300                                0        0.000%                0        0.000%
MEM_BLOCK_LENGTH_2400                                0        0.000%                0        0.000%
MEM_BLOCK_LENGTH_2500                                0        0.000%                0        0.000%
MEM_BLOCK_LENGTH_2600                                0        0.000%                0        0.000%
MEM_BLOCK_LENGTH_2700                                0        0.000%                0        0.000%
MEM_BLOCK_LENGTH_2800                                0        0.000%                0        0.000%
MEM_BLOCK_LENGTH_2900                                0        0.000%                0        0.000%
MEM_BLOCK_LENGTH_3000                                0        0.000%                0        0.000%
MEM_BLOCK_LENGTH_3100                                0        0.000%                0        0.000%
MEM_BLOCK_LENGTH_3200                                0        0.000%                0        0.000%
MEM_BLOCK_LENGTH_3300                                0        0.000%                0        0.000%
MEM_BLOCK_LENGTH_3400                                0        0.000%                0        0.000%
MEM_BLOCK_LENGTH_3500                                0        0.000%                0        0.000%
MEM_BLOCK_LENGTH_3600                                0        0.000%                0        0.000%
MEM_BLOCK_LENGTH_3700                                0        0.000%                0        0.000%
MEM_BLOCK_LENGTH_3800                                0        0.000%                0        0.000%
MEM_BLOCK_LENGTH_3900                                0        0.000%                0        0.000%
MEM_BLOCK_LENGTH_4000                                0        0.000%                0        0.000%
MEM_BLOCK_LENGTH_4100                                0        0.000%                0        0.000%
MEM_BLOCK_LENGTH_4200                                0        0.000%                0        0.000%
MEM_BLOCK_LENGTH_4300                                0        0.000%                0        0.000%
MEM_BLOCK_LENGTH_4400                                0        0.000%                0        0.000%
MEM_BLOCK_LENGTH_4500                                0        0.000%                0        0.000%
MEM_BLOCK_LENGTH_4600                                0        0.000%                0        0.000%
MEM_BLOCK_LENGTH_4700                                0        0.000%                0        0.000%
MEM_BLOCK_LENGTH_4800                                0        0.000%                0        0.000%
MEM_BLOCK_LENGTH_4900                                0        0.000%                0        0.000%
MEM_BLOCK_LENGTH_5000                                0        0.000%                0        0.000%
                                                    23      100.000%               23      100.000%
                                                  0.30         1.02              0.30         1.02

FUS_BUSY_ON_PATH                              36375318        3.0795         36375318        3.0795

FUS_BUSY_OFF_PATH                              1640729        0.1389          1640729        0.1389

FU_BUSY_MEM_STALL                               393807        0.0333           393807        0.0333

FUS_EMPTY                                     80103313        6.7816         80103313        6.7816

FU_UNAVAILABLE                                   76612        0.0065            76612        0.0065

FU_MEM_UNAVAILABLE                              214265        0.0181           214265        0.0181

FU_OTHER_UNAVAILABLE                                 0        0.0000                0        0.0000

FU_REPLAY                                            0        0.0000                0        0.0000

FU_STARVED                                    79983476        6.7714         79983476        6.7714

CHIP_UTILIZATION                                     0        0.0000                0        0.0000

CYCLES_UNDER_MEM_REQ                                 0                              0              

CYCLES_UNDER_NO_MEM_REQ                              0                              0              

CYCLES_UNDER_CRITICAL_MEM_REQ                        0                              0              

CYCLES_UNDER_NONCRITICAL_MEM_REQ                     0                              0              

CHIP_UTILIZATION_UNDER_MEM_REQ                       0          -nan                0          -nan

CHIP_UTILIZATION_UNDER_NO_MEM_REQ                    0          -nan                0          -nan

CHIP_UTILIZATION_UNDER_CRITICAL_MEM_REQ              0          -nan                0          -nan

CHIP_UTILIZATION_UNDER_NONCRITICAL_MEM_REQ             0          -nan                0          -nan

CYCLES_NOT_WAITING_FOR_OFF_CHIP                      0        0.0000                0        0.0000

FUS_BUSY_NOT_WAITING_FOR_OFF_CHIP                    0          -nan                0          -nan

CYCLES_WAITING_FOR_OFF_CHIP                          0        0.0000                0        0.0000

FUS_BUSY_WAITING_FOR_OFF_CHIP                        0          -nan                0          -nan

TOTAL_OFF_CHIP_DELAYS_LEFT                           0                              0              

WRONG_IO_SCHED                                       0                              0              

DVFS_CONFIG_SWITCH                                   0                              0              

MAP_STAGE_RECEIVED_OPS_0                             0        0.000%                0        0.000%
MAP_STAGE_RECEIVED_OPS_1                        122838        1.759%           122838        1.759%
MAP_STAGE_RECEIVED_OPS_2                        191557        2.742%           191557        2.742%
MAP_STAGE_RECEIVED_OPS_3                        223127        3.194%           223127        3.194%
MAP_STAGE_RECEIVED_OPS_4                        489301        7.005%           489301        7.005%
MAP_STAGE_RECEIVED_OPS_5                        247508        3.543%           247508        3.543%
MAP_STAGE_RECEIVED_OPS_6                       5710956       81.757%          5710956       81.757%
MAP_STAGE_RECEIVED_OPS_7                             0        0.000%                0        0.000%
MAP_STAGE_RECEIVED_OPS_8                             0        0.000%                0        0.000%
MAP_STAGE_RECEIVED_OPS_MAX                           0        0.000%                0        0.000%
                                               6985287      100.000%          6985287      100.000%
                                                  5.53         1.12              5.53         1.12

MAP_STAGE_WAIT_FOR_DECODE                            0         -nan%                0         -nan%
MAP_STAGE_CONSUME_DECODE                             0         -nan%                0         -nan%
                                                     0         -nan%                0         -nan%
                                                  -nan         -nan              -nan         -nan

MAP_STAGE_WAIT_FOR_DECODE2                           0         -nan%                0         -nan%
MAP_STAGE_CONSUME_DECODE2                            0         -nan%                0         -nan%
                                                     0         -nan%                0         -nan%
                                                  -nan         -nan              -nan         -nan

FTQ_RECOVER_EXEC                                 29919                          29919              

FTQ_RECOVER_DECODE                               35058                          35058              

FTQ_OFFPATH_CYCLES                             7066055                        7066055              

FTQ_CYCLES_OFFPATH                             7066055                        7066055              

FTQ_CYCLES_ONPATH                              4745881                        4745881              

FTQ_FETCHED_INS_ONPATH                        38683000                       38683000              

FTQ_FETCHED_INS_OFFPATH                       55982550                       55982550              

FTQ_BREAK_FULL_FT_ONPATH                       2422085                        2422085              

FTQ_BREAK_FULL_FT_OFFPATH                      1469292                        1469292              

FTQ_BREAK_PRED_BR_ONPATH                             0                              0              

FTQ_BREAK_PRED_BR_OFFPATH                            0                              0              

FTQ_BREAK_BAR_FETCH_ONPATH                           0                              0              

FTQ_BREAK_BAR_FETCH_OFFPATH                          0                              0              

FTQ_BREAK_MAX_CFS_TAKEN_ONPATH                       0                              0              

FTQ_BREAK_MAX_CFS_TAKEN_OFFPATH                      0                              0              

FTQ_BREAK_MAX_FT_ONPATH                        2323746                        2323746              

FTQ_BREAK_MAX_FT_OFFPATH                       5596763                        5596763              

DFE_GEN_ON_PATH_FT                             4859064                        4859064              

DFE_GEN_OFF_PATH_FT                            4332126                        4332126              

DFE_L0_ENABLED_PREDICTIONS                    38683000                       38683000              

DFE_L0_WRONG_MAIN_CORRECT                      1645532                        1645532              

DFE_L0_WRONG_MAIN_WRONG                          60814                          60814              

DFE_L0_CORRECT_MAIN_WRONG                         4163                           4163              

DFE_L0_CORRECT_MAIN_CORRECT                   36972491                       36972491              

DFE_L0_WRONG_MAIN_CORRECT_RECOVERY_SCHEDULED             0                              0              

FTQ_SAW_BAR_FETCH_OFFPATH                          298                            298              

FTQ_SAW_BAR_FETCH_ONPATH                          7431                           7431              

DFE_CONF_0_RECOVER_AT_EXEC                           0         -nan%                0         -nan%
DFE_CONF_1_RECOVER_AT_EXEC                           0         -nan%                0         -nan%
DFE_CONF_2_RECOVER_AT_EXEC                           0         -nan%                0         -nan%
DFE_CONF_3_RECOVER_AT_EXEC                           0         -nan%                0         -nan%
DFE_CONF_0_CORRECT                                   0         -nan%                0         -nan%
DFE_CONF_1_CORRECT                                   0         -nan%                0         -nan%
DFE_CONF_2_CORRECT                                   0         -nan%                0         -nan%
DFE_CONF_3_CORRECT                                   0         -nan%                0         -nan%
                                                     0         -nan%                0         -nan%
                                                  -nan         -nan              -nan         -nan

DFE_ON_CONF_ON_OPS                                   0         -nan%                0         -nan%
DFE_ON_CONF_OFF_OPS                                  0         -nan%                0         -nan%
DFE_OFF_CONF_ON_OPS                                  0         -nan%                0         -nan%
DFE_OFF_CONF_OFF_REALISTIC_OPS                       0         -nan%                0         -nan%
DFE_OFF_CONF_OFF_PERFECT_OPS                         0         -nan%                0         -nan%
                                                     0         -nan%                0         -nan%
                                                  -nan         -nan              -nan         -nan

DFE_ON_CONF_ON_FETCH_TARGETS                         0         -nan%                0         -nan%
DFE_ON_CONF_OFF_FETCH_TARGETS                        0         -nan%                0         -nan%
DFE_OFF_CONF_ON_FETCH_TARGETS                        0         -nan%                0         -nan%
DFE_OFF_CONF_OFF_REALISTIC_FETCH_TARGETS             0         -nan%                0         -nan%
DFE_OFF_CONF_OFF_PERFECT_FETCH_TARGETS               0         -nan%                0         -nan%
                                                     0         -nan%                0         -nan%
                                                  -nan         -nan              -nan         -nan

DFE_ON_CONF_ON_CYCLES                                0         -nan%                0         -nan%
DFE_ON_CONF_OFF_CYCLES                               0         -nan%                0         -nan%
DFE_OFF_CONF_ON_CYCLES                               0         -nan%                0         -nan%
DFE_OFF_CONF_OFF_REALISTIC_CYCLES                    0         -nan%                0         -nan%
DFE_OFF_CONF_OFF_PERFECT_CYCLES                      0         -nan%                0         -nan%
                                                     0         -nan%                0         -nan%
                                                  -nan         -nan              -nan         -nan

DFE_OFF_CONF_ON_NUM_EVENTS                           0                              0              

DFE_OFF_CONF_ON_NOT_IDENTIFIED_EVENTS                0         -nan%                0         -nan%
DFE_OFF_CONF_ON_IBTB_MISS_EVENTS                     0         -nan%                0         -nan%
DFE_OFF_CONF_ON_BTB_MISS_EVENTS                      0         -nan%                0         -nan%
DFE_OFF_CONF_ON_BTB_MISS_RECOVER_AT_EXEC_EVENTS             0         -nan%                0         -nan%
DFE_OFF_CONF_ON_RECOVER_AT_EXEC_EVENTS               0         -nan%                0         -nan%
DFE_OFF_CONF_ON_RECOVER_AT_DECODE_EVENTS             0         -nan%                0         -nan%
                                                     0         -nan%                0         -nan%
                                                  -nan         -nan              -nan         -nan

DFE_OFF_CONF_ON_LATE_BTB_HIT_EVENTS                  0                              0              

DFE_OFF_CONF_ON_NOT_IDENTIFIED_CYCLES                0         -nan%                0         -nan%
DFE_OFF_CONF_ON_IBTB_MISS_CYCLES                     0         -nan%                0         -nan%
DFE_OFF_CONF_ON_BTB_MISS_CYCLES                      0         -nan%                0         -nan%
DFE_OFF_CONF_ON_BTB_MISS_RECOVER_AT_EXEC_CYCLES             0         -nan%                0         -nan%
DFE_OFF_CONF_ON_RECOVER_AT_EXEC_CYCLES               0         -nan%                0         -nan%
DFE_OFF_CONF_ON_RECOVER_AT_DECODE_CYCLES             0         -nan%                0         -nan%
                                                     0         -nan%                0         -nan%
                                                  -nan         -nan              -nan         -nan

DFE_OFF_CONF_ON_LATE_BTB_HIT_CYCLES                  0                              0              

DFE_OFF_CONF_ON_NOT_IDENTIFIED_FETCH_TARGETS             0         -nan%                0         -nan%
DFE_OFF_CONF_ON_IBTB_MISS_FETCH_TARGETS              0         -nan%                0         -nan%
DFE_OFF_CONF_ON_BTB_MISS_FETCH_TARGETS               0         -nan%                0         -nan%
DFE_OFF_CONF_ON_BTB_MISS_RECOVER_AT_EXEC_FETCH_TARGETS             0         -nan%                0         -nan%
DFE_OFF_CONF_ON_RECOVER_AT_EXEC_FETCH_TARGETS             0         -nan%                0         -nan%
DFE_OFF_CONF_ON_RECOVER_AT_DECODE_FETCH_TARGETS             0         -nan%                0         -nan%
                                                     0         -nan%                0         -nan%
                                                  -nan         -nan              -nan         -nan

DFE_OFF_CONF_ON_LATE_BTB_HIT_FETCH_TARGETS             0                              0              

DFE_OFF_CONF_ON_BP_INCORRECT_0_CONF                  0         -nan%                0         -nan%
DFE_OFF_CONF_ON_BP_INCORRECT_1_CONF                  0         -nan%                0         -nan%
DFE_OFF_CONF_ON_BP_INCORRECT_2_CONF                  0         -nan%                0         -nan%
DFE_OFF_CONF_ON_BP_INCORRECT_3_CONF                  0         -nan%                0         -nan%
                                                     0         -nan%                0         -nan%
                                                  -nan         -nan              -nan         -nan

DFE_OFF_CONF_ON_BTB_MISS_CBR_0_CONF                  0         -nan%                0         -nan%
DFE_OFF_CONF_ON_BTB_MISS_CBR_1_CONF                  0         -nan%                0         -nan%
DFE_OFF_CONF_ON_BTB_MISS_CBR_2_CONF                  0         -nan%                0         -nan%
DFE_OFF_CONF_ON_BTB_MISS_CBR_3_CONF                  0         -nan%                0         -nan%
                                                     0         -nan%                0         -nan%
                                                  -nan         -nan              -nan         -nan

DFE_OFF_CONF_ON_BTB_MISS_NOT_CF                      0         -nan%                0         -nan%
DFE_OFF_CONF_ON_BTB_MISS_CF_BR                       0         -nan%                0         -nan%
DFE_OFF_CONF_ON_BTB_MISS_CF_CBR                      0         -nan%                0         -nan%
DFE_OFF_CONF_ON_BTB_MISS_CF_CALL                     0         -nan%                0         -nan%
DFE_OFF_CONF_ON_BTB_MISS_CF_IBR                      0         -nan%                0         -nan%
DFE_OFF_CONF_ON_BTB_MISS_CF_ICALL                    0         -nan%                0         -nan%
DFE_OFF_CONF_ON_BTB_MISS_CF_ICO                      0         -nan%                0         -nan%
DFE_OFF_CONF_ON_BTB_MISS_CF_RET                      0         -nan%                0         -nan%
DFE_OFF_CONF_ON_BTB_MISS_CF_SYS                      0         -nan%                0         -nan%
                                                     0         -nan%                0         -nan%
                                                  -nan         -nan              -nan         -nan

DFE_ON_CONF_OFF_NUM_EVENTS                           0                              0              

CONF_BTB_NUM_CYCLES_OFF_PATH_EVENT                   0                              0              

DFE_ON_CONF_OFF_IBTB_MISS_BP_TAKEN                   0         -nan%                0         -nan%
DFE_ON_CONF_OFF_BTB_MISS_BP_TAKEN_CONF_0             0         -nan%                0         -nan%
DFE_ON_CONF_OFF_BTB_MISS_BP_TAKEN_CONF_1             0         -nan%                0         -nan%
DFE_ON_CONF_OFF_BTB_MISS_BP_TAKEN_CONF_2             0         -nan%                0         -nan%
DFE_ON_CONF_OFF_BTB_MISS_BP_TAKEN_CONF_3             0         -nan%                0         -nan%
DFE_ON_CONF_OFF_BTB_MISS_RATE                        0         -nan%                0         -nan%
DFE_ON_CONF_OFF_IBTB_MISS_RATE                       0         -nan%                0         -nan%
DFE_ON_CONF_OFF_RECOVER_AT_DECODE_RATE               0         -nan%                0         -nan%
DFE_ON_CONF_OFF_RECOVER_AT_EXEC_RATE                 0         -nan%                0         -nan%
DFE_ON_CONF_OFF_INV_CONF_INC                         0         -nan%                0         -nan%
DFE_ON_CONF_OFF_PERFECT_CONF                         0         -nan%                0         -nan%
                                                     0         -nan%                0         -nan%
                                                  -nan         -nan              -nan         -nan

DFE_ON_CONF_OFF_IBTB_MISS_BP_TAKEN_CYCLES             0         -nan%                0         -nan%
DFE_ON_CONF_OFF_BTB_MISS_BP_TAKEN_CONF_0_CYCLES             0         -nan%                0         -nan%
DFE_ON_CONF_OFF_BTB_MISS_BP_TAKEN_CONF_1_CYCLES             0         -nan%                0         -nan%
DFE_ON_CONF_OFF_BTB_MISS_BP_TAKEN_CONF_2_CYCLES             0         -nan%                0         -nan%
DFE_ON_CONF_OFF_BTB_MISS_BP_TAKEN_CONF_3_CYCLES             0         -nan%                0         -nan%
DFE_ON_CONF_OFF_BTB_MISS_RATE_CYCLES                 0         -nan%                0         -nan%
DFE_ON_CONF_OFF_IBTB_MISS_RATE_CYCLES                0         -nan%                0         -nan%
DFE_ON_CONF_OFF_RECOVER_AT_DECODE_RATE_CYCLES             0         -nan%                0         -nan%
DFE_ON_CONF_OFF_RECOVER_AT_EXEC_RATE_CYCLES             0         -nan%                0         -nan%
DFE_ON_CONF_OFF_INV_CONF_INC_CYCLES                  0         -nan%                0         -nan%
DFE_ON_CONF_OFF_PERFECT_CONF_CYCLES                  0         -nan%                0         -nan%
                                                     0         -nan%                0         -nan%
                                                  -nan         -nan              -nan         -nan

DFE_ON_CONF_OFF_IBTB_MISS_BP_TAKEN_FETCH_TARGETS             0         -nan%                0         -nan%
DFE_ON_CONF_OFF_BTB_MISS_BP_TAKEN_CONF_0_FETCH_TARGETS             0         -nan%                0         -nan%
DFE_ON_CONF_OFF_BTB_MISS_BP_TAKEN_CONF_1_FETCH_TARGETS             0         -nan%                0         -nan%
DFE_ON_CONF_OFF_BTB_MISS_BP_TAKEN_CONF_2_FETCH_TARGETS             0         -nan%                0         -nan%
DFE_ON_CONF_OFF_BTB_MISS_BP_TAKEN_CONF_3_FETCH_TARGETS             0         -nan%                0         -nan%
DFE_ON_CONF_OFF_BTB_MISS_RATE_FETCH_TARGETS             0         -nan%                0         -nan%
DFE_ON_CONF_OFF_IBTB_MISS_RATE_FETCH_TARGETS             0         -nan%                0         -nan%
DFE_ON_CONF_OFF_RECOVER_AT_DECODE_RATE_FETCH_TARGETS             0         -nan%                0         -nan%
DFE_ON_CONF_OFF_RECOVER_AT_EXEC_RATE_FETCH_TARGETS             0         -nan%                0         -nan%
DFE_ON_CONF_OFF_INV_CONF_INC_FETCH_TARGETS             0         -nan%                0         -nan%
DFE_ON_CONF_OFF_PERFECT_CONF_FETCH_TARGETS             0         -nan%                0         -nan%
                                                     0         -nan%                0         -nan%
                                                  -nan         -nan              -nan         -nan

CONF_OFF_IBTB_MISS_BP_TAKEN                          0         -nan%                0         -nan%
CONF_OFF_BTB_MISS_BP_TAKEN_CONF_0                    0         -nan%                0         -nan%
CONF_OFF_BTB_MISS_BP_TAKEN_CONF_1                    0         -nan%                0         -nan%
CONF_OFF_BTB_MISS_BP_TAKEN_CONF_2                    0         -nan%                0         -nan%
CONF_OFF_BTB_MISS_BP_TAKEN_CONF_3                    0         -nan%                0         -nan%
CONF_OFF_BTB_MISS_RATE                               0         -nan%                0         -nan%
CONF_OFF_IBTB_MISS_RATE                              0         -nan%                0         -nan%
CONF_OFF_RECOVER_AT_DECODE_RATE                      0         -nan%                0         -nan%
CONF_OFF_RECOVER_AT_EXEC_RATE                        0         -nan%                0         -nan%
CONF_OFF_INV_CONF_INC                                0         -nan%                0         -nan%
CONF_OFF_PERFECT_CONF                                0         -nan%                0         -nan%
                                                     0         -nan%                0         -nan%
                                                  -nan         -nan              -nan         -nan

TOPDOWN_TOTAL_SLOTS                           70871616                       70871616              

TOPDOWN_ISSUED_SLOTS                          42602299                       42602299              

TOPDOWN_RETIRED_SLOTS                         38683000                       38683000              

TOPDOWN_FETCH_BUBBLES_SLOTS                   10218240                       10218240              

TOPDOWN_RECOVERY_BUBBLES_SLOTS                 6819076                        6819076              

TOPDOWN_MEM_LOAD_STALLS_CYCLES                 1664645                        1664645              

TOPDOWN_MEM_STORE_STALLS_CYCLES                     14                             14              

TOPDOWN_EXEC_STALLS_CYCLES                     1582083                        1582083              

TOPDOWN_BACKEND_STALLS_CYCLES                  1665050                        1665050              

TOPDOWN_FETCH_BUBBLES_GT_MIW_CYCLES            1353547                        1353547              

TOPDOWN_BR_RECOVER_AT_EXEC_RETIRED_CYCLES         29919                          29919              

TOPDOWN_MACHINE_CLEAR_CYCLES                   1710509                        1710509              

TOPDOWN_FRONTEND_BOUND                            1441                           1441              

TOPDOWN_BACKEND_BOUND                             1586                           1586              

TOPDOWN_BAD_SPEC_BOUND                            1515                           1515              

TOPDOWN_RETIRING_BOUND                            5458                           5458              

TOPDOWN_FETCH_LATENCY_BOUND                       1145                           1145              

TOPDOWN_FETCH_BANDWIDTH_BOUND                      296                            296              

TOPDOWN_MEM_BOUND                                 1585                           1585              

TOPDOWN_CORE_BOUND                                   1                              1              

TOPDOWN_BR_RECOVER_AT_EXEC_BOUND                    26                             26              

TOPDOWN_MACHINE_CLEARS_BOUND                      1489                           1489              

H2P_SEEN_MAIN                                      326                            326              



