/* -*- Mode: c -*- */
####################################################################################################
Core 0
####################################################################################################
Cumulative:        Cycles: 11855048              Instructions: 29999999              IPC: 2.53057

Periodic:          Cycles: 11855048              Instructions: 29999999              IPC: 2.53057

MISS_WAIT_TIME                           1132505653523                  1132505653523              

ICACHE_STAGE_MISS                               160061                         160061              

ICACHE_CYCLE                                  11855048                       11855048              

TCACHE_CYCLE                                         0                              0              

ICACHE_SERVING_CYCLE_ON_PATH                   3421491                        3421491              

ICACHE_SERVING_CYCLE_OFF_PATH                   570322                         570322              

UCACHE_SERVING_CYCLE_ON_PATH                   4646809                        4646809              

UCACHE_SERVING_CYCLE_OFF_PATH                  1128742                        1128742              

ICACHE_CYCLE_ONPATH                            9884846       83.381%          9884846       83.381%
ICACHE_CYCLE_OFFPATH                           1970202       16.619%          1970202       16.619%
                                              11855048      100.000%         11855048      100.000%
                                                  0.17         0.35              0.17         0.35

FETCH_ON_PATH                                 10064153       84.893%         10064153       84.893%
FETCH_OFF_PATH                                 1790895       15.107%          1790895       15.107%
                                              11855048      100.000%         11855048      100.000%
                                                  0.15         0.34              0.15         0.34

FETCHED_OPS_ON_PATH                                  0         -nan%                0         -nan%
FETCHED_OPS_OFF_PATH                                 0         -nan%                0         -nan%
                                                     0         -nan%                0         -nan%
                                                  -nan         -nan              -nan         -nan

INST_LOST_FETCH                               38680535       47.471%         38680535       47.471%
INST_LOST_OFF_PATH                             8328364       10.221%          8328364       10.221%
INST_LOST_FULL_WINDOW                          2474768        3.037%          2474768        3.037%
INST_LOST_ROB_STALL_OTHER                      5994570        7.357%          5994570        7.357%
INST_LOST_ROB_STALL_WAIT_FOR_RECOVERY                0        0.000%                0        0.000%
INST_LOST_ROB_STALL_WAIT_FOR_REDIRECT                0        0.000%                0        0.000%
INST_LOST_ROB_STALL_WAIT_FOR_GAP_FILL                0        0.000%                0        0.000%
INST_LOST_ROB_STALL_WAIT_FOR_L1_MISS                 0        0.000%                0        0.000%
INST_LOST_ROB_STALL_WAIT_FOR_MEMORY                  0        0.000%                0        0.000%
INST_LOST_ROB_STALL_WAIT_FOR_DC_MISS           4048156        4.968%          4048156        4.968%
INST_LOST_ROB_BLOCK_ISSUE_FULL                       0        0.000%                0        0.000%
INST_LOST_ROB_BLOCK_ISSUE_GAP_TOO_LARGE              0        0.000%                0        0.000%
INST_LOST_BREAK_DONT                                 0        0.000%                0        0.000%
INST_LOST_BREAK_FT_UNAVAILABLE                 3680394        4.517%          3680394        4.517%
INST_LOST_BREAK_ICACHE_STAGE_RESTEER             83359        0.102%            83359        0.102%
INST_LOST_BREAK_ICACHE_MISS_REQ_SUCCESS         737100        0.905%           737100        0.905%
INST_LOST_BREAK_ICACHE_MISS_REQ_FAILURE           1406        0.002%             1406        0.002%
INST_LOST_BREAK_ICACHE_WAIT_FOR_MISS           7199855        8.836%          7199855        8.836%
INST_LOST_BREAK_ICACHE_STALLED                 1518555        1.864%          1518555        1.864%
INST_LOST_BREAK_ICACHE_TO_UOP_CACHE_SWITCH        739804        0.908%           739804        0.908%
INST_LOST_BREAK_ICACHE_READ_LIMIT              1456682        1.788%          1456682        1.788%
INST_LOST_BREAK_ICACHE_ISSUE_WIDTH                   0        0.000%                0        0.000%
INST_LOST_BREAK_UOP_CACHE_STALLED               819528        1.006%           819528        1.006%
INST_LOST_BREAK_UOP_CACHE_TO_ICACHE_SWITCH        961546        1.180%           961546        1.180%
INST_LOST_BREAK_UOP_CACHE_READ_LIMIT           4758383        5.840%          4758383        5.840%
INST_LOST_BREAK_UOP_CACHE_ISSUE_WIDTH                0        0.000%                0        0.000%
                                              81483005      100.000%         81483005      100.000%
                                                  5.83         7.17              5.83         7.17

INST_LOST_TOTAL                               82670682                       82670682              

INST_LOST_WAIT_FOR_ICACHE_MISS_NOT_PREFETCHED        371838        5.474%           371838        5.474%
INST_LOST_WAIT_FOR_ICACHE_MISS_PREFETCHED_AND_EVICTED_BY_IFETCH             0        0.000%                0        0.000%
INST_LOST_WAIT_FOR_ICACHE_MISS_PREFETCHED_AND_EVICTED_BY_FDIP             0        0.000%                0        0.000%
INST_LOST_WAIT_FOR_ICACHE_MISS_MSHR_HIT_PREF_OFFPATH         78984        1.163%            78984        1.163%
INST_LOST_WAIT_FOR_ICACHE_MISS_MSHR_HIT_PREF_ONPATH       6341688       93.363%          6341688       93.363%
                                               6792510      100.000%          6792510      100.000%
                                                  3.77         3.65              3.77         3.65

FETCH_0_OPS                                    2083358       17.574%          2083358       17.574%
FETCH_1_OPS                                     237005        1.999%           237005        1.999%
FETCH_2_OPS                                     383550        3.235%           383550        3.235%
FETCH_3_OPS                                     464564        3.919%           464564        3.919%
FETCH_4_OPS                                     738637        6.231%           738637        6.231%
FETCH_5_OPS                                     487816        4.115%           487816        4.115%
FETCH_6_OPS                                    3230844       27.253%          3230844       27.253%
FETCH_7_OPS                                     296611        2.502%           296611        2.502%
FETCH_8_OPS                                    3932663       33.173%          3932663       33.173%
FETCH_9_OPS                                          0        0.000%                0        0.000%
FETCH_10_OPS                                         0        0.000%                0        0.000%
FETCH_11_OPS                                         0        0.000%                0        0.000%
FETCH_12_OPS                                         0        0.000%                0        0.000%
FETCH_13_OPS                                         0        0.000%                0        0.000%
FETCH_14_OPS                                         0        0.000%                0        0.000%
FETCH_15_OPS                                         0        0.000%                0        0.000%
FETCH_16_OPS                                         0        0.000%                0        0.000%
                                              11855048      100.000%         11855048      100.000%
                                                  5.12         1.99              5.12         1.99

ST_BREAK_DONT                                        0        0.000%                0        0.000%
ST_BREAK_FT_UNAVAILABLE                         616536        5.201%           616536        5.201%
ST_BREAK_ICACHE_STAGE_RESTEER                    23356        0.197%            23356        0.197%
ST_BREAK_ICACHE_MISS_REQ_SUCCESS                160061        1.350%           160061        1.350%
ST_BREAK_ICACHE_MISS_REQ_FAILURE                   236        0.002%              236        0.002%
ST_BREAK_ICACHE_WAIT_FOR_MISS                  1200072       10.123%          1200072       10.123%
ST_BREAK_ICACHE_STALLED                         578605        4.881%           578605        4.881%
ST_BREAK_ICACHE_TO_UOP_CACHE_SWITCH             225714        1.904%           225714        1.904%
ST_BREAK_ICACHE_READ_LIMIT                      586139        4.944%           586139        4.944%
ST_BREAK_ICACHE_ISSUE_WIDTH                    2703218       22.802%          2703218       22.802%
ST_BREAK_UOP_CACHE_STALLED                     1569976       13.243%          1569976       13.243%
ST_BREAK_UOP_CACHE_TO_ICACHE_SWITCH             215028        1.814%           215028        1.814%
ST_BREAK_UOP_CACHE_READ_LIMIT                  1352933       11.412%          1352933       11.412%
ST_BREAK_UOP_CACHE_ISSUE_WIDTH                 2623174       22.127%          2623174       22.127%
                                              11855048      100.000%         11855048      100.000%
                                                  9.25         5.45              9.25         5.45

ORACLE_ON_PATH_INST                           38680535       82.283%         38680535       82.283%
ORACLE_OFF_PATH_INST                           8328364       17.717%          8328364       17.717%
                                              47008899      100.000%         47008899      100.000%
                                                  0.18         0.35              0.18         0.35

ORACLE_ON_PATH_INST_MEM                       12437966       26.459%         12437966       26.459%
ORACLE_ON_PATH_INST_NOTMEM                    26242569       55.825%         26242569       55.825%
ORACLE_OFF_PATH_INST_MEM                       2100628        4.469%          2100628        4.469%
ORACLE_OFF_PATH_INST_NOTMEM                    6227736       13.248%          6227736       13.248%
                                              47008899      100.000%         47008899      100.000%
                                                  1.05         0.83              1.05         0.83

ICACHE_CYCLE_NONRA_ONPATH                            0         -nan%                0         -nan%
ICACHE_CYCLE_NONRA_OFFPATH                           0         -nan%                0         -nan%
ICACHE_CYCLE_RA_ONPATH                               0         -nan%                0         -nan%
ICACHE_CYCLE_RA_OFFPATH                              0         -nan%                0         -nan%
                                                     0         -nan%                0         -nan%
                                                  -nan         -nan              -nan         -nan

ICACHE_CYCLE_ONPATH_NONRA                            0         -nan%                0         -nan%
ICACHE_CYCLE_OFFPATH_NONRA                           0         -nan%                0         -nan%
                                                     0         -nan%                0         -nan%
                                                  -nan         -nan              -nan         -nan

ICACHE_CYCLE_ONPATH_RA                               0         -nan%                0         -nan%
ICACHE_CYCLE_OFFPATH_RA                              0         -nan%                0         -nan%
                                                     0         -nan%                0         -nan%
                                                  -nan         -nan              -nan         -nan

INACCURATE_OFFPATH_CYCLES                            0        0.0000                0        0.0000

FETCH_ALL_INST                                47008899                       47008899              

EXEC_ALL_INST                                 37929338                       37929338              

RET_ALL_INST                                  38680535                       38680535              

EXEC_ON_PATH_INST                             36254155       95.583%         36254155       95.583%
EXEC_OFF_PATH_INST                             1675183        4.417%          1675183        4.417%
                                              37929338      100.000%         37929338      100.000%
                                                  0.04         0.20              0.04         0.20

EXEC_ON_PATH_INST_MEM                         10011586       26.395%         10011586       26.395%
EXEC_ON_PATH_INST_NOTMEM                      26242569       69.188%         26242569       69.188%
EXEC_OFF_PATH_INST_MEM                          420037        1.107%           420037        1.107%
EXEC_OFF_PATH_INST_NOTMEM                      1255146        3.309%          1255146        3.309%
                                              37929338      100.000%         37929338      100.000%
                                                  0.81         0.47              0.81         0.47

EXEC_RA_INST                                         0         -nan%                0         -nan%
EXEC_NONRA_INST                                      0         -nan%                0         -nan%
                                                     0         -nan%                0         -nan%
                                                  -nan         -nan              -nan         -nan

EXEC_ON_PATH_INST_RA                                 0         -nan%                0         -nan%
EXEC_OFF_PATH_INST_RA                                0         -nan%                0         -nan%
                                                     0         -nan%                0         -nan%
                                                  -nan         -nan              -nan         -nan

EXEC_ON_PATH_INST_NONRA                              0         -nan%                0         -nan%
EXEC_OFF_PATH_INST_NONRA                             0         -nan%                0         -nan%
                                                     0         -nan%                0         -nan%
                                                  -nan         -nan              -nan         -nan

EXEC_RA_ON_PATH_INST                                 0         -nan%                0         -nan%
EXEC_RA_OFF_PATH_INST                                0         -nan%                0         -nan%
EXEC_NONRA_ON_PATH_INST                              0         -nan%                0         -nan%
EXEC_NONRA_OFF_PATH_INST                             0         -nan%                0         -nan%
                                                     0         -nan%                0         -nan%
                                                  -nan         -nan              -nan         -nan

ICACHE_THROTTLE_CYCLE                                0                              0              

FETCH_ENABLE_THROTTLE_OFF_PATH                       0         -nan%                0         -nan%
FETCH_ENABLE_THROTTLE_ON_PATH                        0         -nan%                0         -nan%
                                                     0         -nan%                0         -nan%
                                                  -nan         -nan              -nan         -nan

FETCH_DISABLE_THROTTLE_OFF_PATH                      0         -nan%                0         -nan%
FETCH_DISABLE_THROTTLE_ON_PATH                       0         -nan%                0         -nan%
                                                     0         -nan%                0         -nan%
                                                  -nan         -nan              -nan         -nan

FETCH_TH_ADJUST__0                                   0         -nan%                0         -nan%
FETCH_TH_ADJUST__1                                   0         -nan%                0         -nan%
FETCH_TH_ADJUST__2                                   0         -nan%                0         -nan%
FETCH_TH_ADJUST__3                                   0         -nan%                0         -nan%
FETCH_TH_ADJUST__4                                   0         -nan%                0         -nan%
FETCH_TH_ADJUST__5                                   0         -nan%                0         -nan%
FETCH_TH_ADJUST__6                                   0         -nan%                0         -nan%
FETCH_TH_ADJUST__7                                   0         -nan%                0         -nan%
FETCH_TH_ADJUST__8                                   0         -nan%                0         -nan%
FETCH_TH_ADJUST__9                                   0         -nan%                0         -nan%
FETCH_TH_ADJUST__MAX                                 0         -nan%                0         -nan%
                                                     0         -nan%                0         -nan%
                                                  -nan         -nan              -nan         -nan

FETCH_TH_ADJUST_UP                                   0         -nan%                0         -nan%
FETCH_TH_ADJUST_DOWN                                 0         -nan%                0         -nan%
FETCH_TH_ADJUST_SAME                                 0         -nan%                0         -nan%
                                                     0         -nan%                0         -nan%
                                                  -nan         -nan              -nan         -nan

THROTTLE_ADJUST_CACHE_MISS_INFO                      0                              0              

LOW_CONF_COUNT_BP_MIS_0                              0         -nan%                0         -nan%
LOW_CONF_COUNT_BP_MIS_1                              0         -nan%                0         -nan%
LOW_CONF_COUNT_BP_MIS_2                              0         -nan%                0         -nan%
LOW_CONF_COUNT_BP_MIS_3                              0         -nan%                0         -nan%
LOW_CONF_COUNT_BP_MIS_4                              0         -nan%                0         -nan%
LOW_CONF_COUNT_BP_MIS_5                              0         -nan%                0         -nan%
LOW_CONF_COUNT_BP_MIS_6                              0         -nan%                0         -nan%
LOW_CONF_COUNT_BP_MIS_7                              0         -nan%                0         -nan%
LOW_CONF_COUNT_BP_MIS_8                              0         -nan%                0         -nan%
LOW_CONF_COUNT_BP_MIS_9                              0         -nan%                0         -nan%
LOW_CONF_COUNT_BP_MIS_10                             0         -nan%                0         -nan%
LOW_CONF_COUNT_BP_MIS_11                             0         -nan%                0         -nan%
LOW_CONF_COUNT_BP_MIS_12                             0         -nan%                0         -nan%
LOW_CONF_COUNT_BP_MIS_13                             0         -nan%                0         -nan%
LOW_CONF_COUNT_BP_MIS_14                             0         -nan%                0         -nan%
LOW_CONF_COUNT_BP_MIS_15                             0         -nan%                0         -nan%
LOW_CONF_COUNT_BP_MIS_16                             0         -nan%                0         -nan%
LOW_CONF_COUNT_BP_MIS_17                             0         -nan%                0         -nan%
LOW_CONF_COUNT_BP_MIS_18                             0         -nan%                0         -nan%
LOW_CONF_COUNT_BP_MIS_19                             0         -nan%                0         -nan%
LOW_CONF_COUNT_BP_MIS_20                             0         -nan%                0         -nan%
                                                     0         -nan%                0         -nan%
                                                  -nan         -nan              -nan         -nan

LOW_CONF_COUNT_RET_0                                 0         -nan%                0         -nan%
LOW_CONF_COUNT_RET_1                                 0         -nan%                0         -nan%
LOW_CONF_COUNT_RET_2                                 0         -nan%                0         -nan%
LOW_CONF_COUNT_RET_3                                 0         -nan%                0         -nan%
LOW_CONF_COUNT_RET_4                                 0         -nan%                0         -nan%
LOW_CONF_COUNT_RET_5                                 0         -nan%                0         -nan%
LOW_CONF_COUNT_RET_6                                 0         -nan%                0         -nan%
LOW_CONF_COUNT_RET_7                                 0         -nan%                0         -nan%
LOW_CONF_COUNT_RET_8                                 0         -nan%                0         -nan%
LOW_CONF_COUNT_RET_9                                 0         -nan%                0         -nan%
LOW_CONF_COUNT_RET_10                                0         -nan%                0         -nan%
LOW_CONF_COUNT_RET_11                                0         -nan%                0         -nan%
LOW_CONF_COUNT_RET_12                                0         -nan%                0         -nan%
LOW_CONF_COUNT_RET_13                                0         -nan%                0         -nan%
LOW_CONF_COUNT_RET_14                                0         -nan%                0         -nan%
LOW_CONF_COUNT_RET_15                                0         -nan%                0         -nan%
LOW_CONF_COUNT_RET_16                                0         -nan%                0         -nan%
LOW_CONF_COUNT_RET_17                                0         -nan%                0         -nan%
LOW_CONF_COUNT_RET_18                                0         -nan%                0         -nan%
LOW_CONF_COUNT_RET_19                                0         -nan%                0         -nan%
LOW_CONF_COUNT_RET_20                                0         -nan%                0         -nan%
                                                     0         -nan%                0         -nan%
                                                  -nan         -nan              -nan         -nan

CYCLES_RESTEER_RECOVER_AT_EXEC                       0         -nan%                0         -nan%
CYCLES_RESTEER_RECOVER_AT_DECODE                     0         -nan%                0         -nan%
CYCLES_RESTEER_BTB_MISS                              0         -nan%                0         -nan%
                                                     0         -nan%                0         -nan%
                                                  -nan         -nan              -nan         -nan

CYCLES_RESTEER_RECOVER_AT_EXEC_SAVED_UC_FETCH             0         -nan%                0         -nan%
CYCLES_RESTEER_RECOVER_AT_EXEC_COULD_BE_SAVED_UC_FETCH             0         -nan%                0         -nan%
CYCLES_RESTEER_RECOVER_AT_DECODE_SAVED_UC_FETCH             0         -nan%                0         -nan%
CYCLES_RESTEER_RECOVER_AT_DECODE_COULD_BE_SAVED_UC_FETCH             0         -nan%                0         -nan%
CYCLES_RESTEER_BTB_MISS_SAVED_UC_FETCH               0         -nan%                0         -nan%
CYCLES_RESTEER_BTB_MISS_COULD_BE_SAVED_UC_FETCH             0         -nan%                0         -nan%
                                                     0         -nan%                0         -nan%
                                                  -nan         -nan              -nan         -nan

CYCLES_UOC_IC_SWITCH                                 0                              0              



