Scarab gitrev: f73edcd
Warning: Scarab expects the trace file type to include OFFLINE_FILE_TYPE_ARCH_REGDEPS (0x20000), but got type: 0xe40
Scarab started at Sun Jun  7 02:43:06 2026

Initialized Ramulator. 
** Heartbeat:   1% -- { 1000001 } -- 0.00 KIPS (29.41 KIPS)
** Heartbeat:   2% -- { 2000003 } -- 50.00 KIPS (37.04 KIPS)
** Heartbeat:   3% -- { 3000006 } -- 34.48 KIPS (36.14 KIPS)
** Heartbeat:   4% -- { 4000008 } -- 41.67 KIPS (37.38 KIPS)
** Heartbeat:   5% -- { 5000008 } -- 62.50 KIPS (40.65 KIPS)
** Heartbeat:   6% -- { 6000011 } -- 66.67 KIPS (43.48 KIPS)
** Heartbeat:   7% -- { 7000013 } -- 58.82 KIPS (45.16 KIPS)
** Heartbeat:   8% -- { 8000018 } -- 50.00 KIPS (45.71 KIPS)
** Heartbeat:   9% -- { 9000023 } -- 45.45 KIPS (45.69 KIPS)
Patching gap in trace by injecting a Jmp, prior PC: 7f9c12c15130 next PC: 7f9c0e377207
** Heartbeat:  10% -- { 10000023 } -- 58.82 KIPS (46.73 KIPS)
** Heartbeat:  11% -- { 11000023 } -- 41.67 KIPS (46.22 KIPS)
** Heartbeat:  12% -- { 12000028 } -- 45.45 KIPS (46.15 KIPS)
** Heartbeat:  13% -- { 13000030 } -- 45.45 KIPS (46.10 KIPS)
** Heartbeat:  14% -- { 14000032 } -- 58.82 KIPS (46.82 KIPS)
** Heartbeat:  15% -- { 15000032 } -- 55.56 KIPS (47.32 KIPS)
** Heartbeat:  16% -- { 16000037 } -- 62.50 KIPS (48.05 KIPS)
** Heartbeat:  17% -- { 17000040 } -- 58.82 KIPS (48.57 KIPS)
** Heartbeat:  18% -- { 18000044 } -- 58.82 KIPS (49.05 KIPS)
** Heartbeat:  19% -- { 19000046 } -- 58.82 KIPS (49.48 KIPS)
** Heartbeat:  20% -- { 20000047 } -- 62.50 KIPS (50.00 KIPS)
** Heartbeat:  21% -- { 21000047 } -- 62.50 KIPS (50.48 KIPS)
** Heartbeat:  22% -- { 22000048 } -- 58.82 KIPS (50.81 KIPS)
** Heartbeat:  23% -- { 23000051 } -- 62.50 KIPS (51.23 KIPS)
** Heartbeat:  24% -- { 24000053 } -- 62.50 KIPS (51.61 KIPS)
** Heartbeat:  25% -- { 25000057 } -- 62.50 KIPS (51.98 KIPS)
** Heartbeat:  26% -- { 26000059 } -- 62.50 KIPS (52.31 KIPS)
** Heartbeat:  27% -- { 27000064 } -- 62.50 KIPS (52.63 KIPS)
** Heartbeat:  28% -- { 28000064 } -- 62.50 KIPS (52.93 KIPS)
** Heartbeat:  29% -- { 29000064 } -- 62.50 KIPS (53.21 KIPS)
Reached end of trace (last_inst) pc=0x7f9c0dd6341e
** Core 0 Finished:    insts:29999999    cycles:19355439    time:6048574687500       -- 1.55 IPC (1.55 IPC) --  N/A  KIPS (53.48 KIPS)
Scarab finished at Sun Jun  7 02:52:27 2026

