               ramulator.active_cycles_0            42095201                                      # Total active cycles for level _0
                 ramulator.busy_cycles_0            42095201                                      # (All-bank refresh only. busy cycles only include refresh time in rank level) The sum of cycles that the DRAM part is active or under refresh for level _0
            ramulator.serving_requests_0           138425514                                      # The sum of read and write requests that are served in this DRAM element per memory cycle for level _0
    ramulator.average_serving_requests_0            2.029871                                      # The average of read and write requests that are served in this DRAM element per memory cycle for level _0
             ramulator.active_cycles_0_0            42095201                                      # Total active cycles for level _0_0
               ramulator.busy_cycles_0_0            44600501                                      # (All-bank refresh only. busy cycles only include refresh time in rank level) The sum of cycles that the DRAM part is active or under refresh for level _0_0
          ramulator.serving_requests_0_0           138425514                                      # The sum of read and write requests that are served in this DRAM element per memory cycle for level _0_0
  ramulator.average_serving_requests_0_0            2.029871                                      # The average of read and write requests that are served in this DRAM element per memory cycle for level _0_0
           ramulator.active_cycles_0_0_0            16246114                                      # Total active cycles for level _0_0_0
             ramulator.busy_cycles_0_0_0            16246114                                      # (All-bank refresh only. busy cycles only include refresh time in rank level) The sum of cycles that the DRAM part is active or under refresh for level _0_0_0
        ramulator.serving_requests_0_0_0            34166192                                      # The sum of read and write requests that are served in this DRAM element per memory cycle for level _0_0_0
ramulator.average_serving_requests_0_0_0            0.501013                                      # The average of read and write requests that are served in this DRAM element per memory cycle for level _0_0_0
         ramulator.active_cycles_0_0_0_0             4539146                                      # Total active cycles for level _0_0_0_0
           ramulator.busy_cycles_0_0_0_0             4539146                                      # (All-bank refresh only. busy cycles only include refresh time in rank level) The sum of cycles that the DRAM part is active or under refresh for level _0_0_0_0
      ramulator.serving_requests_0_0_0_0             8555562                                      # The sum of read and write requests that are served in this DRAM element per memory cycle for level _0_0_0_0
ramulator.average_serving_requests_0_0_0_0            0.125459                                      # The average of read and write requests that are served in this DRAM element per memory cycle for level _0_0_0_0
         ramulator.active_cycles_0_0_0_1             4544119                                      # Total active cycles for level _0_0_0_1
           ramulator.busy_cycles_0_0_0_1             4544119                                      # (All-bank refresh only. busy cycles only include refresh time in rank level) The sum of cycles that the DRAM part is active or under refresh for level _0_0_0_1
      ramulator.serving_requests_0_0_0_1             8590139                                      # The sum of read and write requests that are served in this DRAM element per memory cycle for level _0_0_0_1
ramulator.average_serving_requests_0_0_0_1            0.125966                                      # The average of read and write requests that are served in this DRAM element per memory cycle for level _0_0_0_1
         ramulator.active_cycles_0_0_0_2             4342378                                      # Total active cycles for level _0_0_0_2
           ramulator.busy_cycles_0_0_0_2             4342378                                      # (All-bank refresh only. busy cycles only include refresh time in rank level) The sum of cycles that the DRAM part is active or under refresh for level _0_0_0_2
      ramulator.serving_requests_0_0_0_2             8249193                                      # The sum of read and write requests that are served in this DRAM element per memory cycle for level _0_0_0_2
ramulator.average_serving_requests_0_0_0_2            0.120966                                      # The average of read and write requests that are served in this DRAM element per memory cycle for level _0_0_0_2
         ramulator.active_cycles_0_0_0_3             4623909                                      # Total active cycles for level _0_0_0_3
           ramulator.busy_cycles_0_0_0_3             4623909                                      # (All-bank refresh only. busy cycles only include refresh time in rank level) The sum of cycles that the DRAM part is active or under refresh for level _0_0_0_3
      ramulator.serving_requests_0_0_0_3             8771298                                      # The sum of read and write requests that are served in this DRAM element per memory cycle for level _0_0_0_3
ramulator.average_serving_requests_0_0_0_3            0.128622                                      # The average of read and write requests that are served in this DRAM element per memory cycle for level _0_0_0_3
           ramulator.active_cycles_0_0_1            16617094                                      # Total active cycles for level _0_0_1
             ramulator.busy_cycles_0_0_1            16617094                                      # (All-bank refresh only. busy cycles only include refresh time in rank level) The sum of cycles that the DRAM part is active or under refresh for level _0_0_1
        ramulator.serving_requests_0_0_1            35010644                                      # The sum of read and write requests that are served in this DRAM element per memory cycle for level _0_0_1
ramulator.average_serving_requests_0_0_1            0.513396                                      # The average of read and write requests that are served in this DRAM element per memory cycle for level _0_0_1
         ramulator.active_cycles_0_0_1_0             4583934                                      # Total active cycles for level _0_0_1_0
           ramulator.busy_cycles_0_0_1_0             4583934                                      # (All-bank refresh only. busy cycles only include refresh time in rank level) The sum of cycles that the DRAM part is active or under refresh for level _0_0_1_0
      ramulator.serving_requests_0_0_1_0             8697778                                      # The sum of read and write requests that are served in this DRAM element per memory cycle for level _0_0_1_0
ramulator.average_serving_requests_0_0_1_0            0.127544                                      # The average of read and write requests that are served in this DRAM element per memory cycle for level _0_0_1_0
         ramulator.active_cycles_0_0_1_1             4516544                                      # Total active cycles for level _0_0_1_1
           ramulator.busy_cycles_0_0_1_1             4516544                                      # (All-bank refresh only. busy cycles only include refresh time in rank level) The sum of cycles that the DRAM part is active or under refresh for level _0_0_1_1
      ramulator.serving_requests_0_0_1_1             8520961                                      # The sum of read and write requests that are served in this DRAM element per memory cycle for level _0_0_1_1
ramulator.average_serving_requests_0_0_1_1            0.124951                                      # The average of read and write requests that are served in this DRAM element per memory cycle for level _0_0_1_1
         ramulator.active_cycles_0_0_1_2             4700518                                      # Total active cycles for level _0_0_1_2
           ramulator.busy_cycles_0_0_1_2             4700518                                      # (All-bank refresh only. busy cycles only include refresh time in rank level) The sum of cycles that the DRAM part is active or under refresh for level _0_0_1_2
      ramulator.serving_requests_0_0_1_2             8842025                                      # The sum of read and write requests that are served in this DRAM element per memory cycle for level _0_0_1_2
ramulator.average_serving_requests_0_0_1_2            0.129659                                      # The average of read and write requests that are served in this DRAM element per memory cycle for level _0_0_1_2
         ramulator.active_cycles_0_0_1_3             4723581                                      # Total active cycles for level _0_0_1_3
           ramulator.busy_cycles_0_0_1_3             4723581                                      # (All-bank refresh only. busy cycles only include refresh time in rank level) The sum of cycles that the DRAM part is active or under refresh for level _0_0_1_3
      ramulator.serving_requests_0_0_1_3             8949880                                      # The sum of read and write requests that are served in this DRAM element per memory cycle for level _0_0_1_3
ramulator.average_serving_requests_0_0_1_3            0.131241                                      # The average of read and write requests that are served in this DRAM element per memory cycle for level _0_0_1_3
           ramulator.active_cycles_0_0_2            16478541                                      # Total active cycles for level _0_0_2
             ramulator.busy_cycles_0_0_2            16478541                                      # (All-bank refresh only. busy cycles only include refresh time in rank level) The sum of cycles that the DRAM part is active or under refresh for level _0_0_2
        ramulator.serving_requests_0_0_2            34676346                                      # The sum of read and write requests that are served in this DRAM element per memory cycle for level _0_0_2
ramulator.average_serving_requests_0_0_2            0.508494                                      # The average of read and write requests that are served in this DRAM element per memory cycle for level _0_0_2
         ramulator.active_cycles_0_0_2_0             4207760                                      # Total active cycles for level _0_0_2_0
           ramulator.busy_cycles_0_0_2_0             4207760                                      # (All-bank refresh only. busy cycles only include refresh time in rank level) The sum of cycles that the DRAM part is active or under refresh for level _0_0_2_0
      ramulator.serving_requests_0_0_2_0             7947126                                      # The sum of read and write requests that are served in this DRAM element per memory cycle for level _0_0_2_0
ramulator.average_serving_requests_0_0_2_0            0.116537                                      # The average of read and write requests that are served in this DRAM element per memory cycle for level _0_0_2_0
         ramulator.active_cycles_0_0_2_1             4715724                                      # Total active cycles for level _0_0_2_1
           ramulator.busy_cycles_0_0_2_1             4715724                                      # (All-bank refresh only. busy cycles only include refresh time in rank level) The sum of cycles that the DRAM part is active or under refresh for level _0_0_2_1
      ramulator.serving_requests_0_0_2_1             8919364                                      # The sum of read and write requests that are served in this DRAM element per memory cycle for level _0_0_2_1
ramulator.average_serving_requests_0_0_2_1            0.130794                                      # The average of read and write requests that are served in this DRAM element per memory cycle for level _0_0_2_1
         ramulator.active_cycles_0_0_2_2             4631558                                      # Total active cycles for level _0_0_2_2
           ramulator.busy_cycles_0_0_2_2             4631558                                      # (All-bank refresh only. busy cycles only include refresh time in rank level) The sum of cycles that the DRAM part is active or under refresh for level _0_0_2_2
      ramulator.serving_requests_0_0_2_2             8716027                                      # The sum of read and write requests that are served in this DRAM element per memory cycle for level _0_0_2_2
ramulator.average_serving_requests_0_0_2_2            0.127812                                      # The average of read and write requests that are served in this DRAM element per memory cycle for level _0_0_2_2
         ramulator.active_cycles_0_0_2_3             4796213                                      # Total active cycles for level _0_0_2_3
           ramulator.busy_cycles_0_0_2_3             4796213                                      # (All-bank refresh only. busy cycles only include refresh time in rank level) The sum of cycles that the DRAM part is active or under refresh for level _0_0_2_3
      ramulator.serving_requests_0_0_2_3             9093829                                      # The sum of read and write requests that are served in this DRAM element per memory cycle for level _0_0_2_3
ramulator.average_serving_requests_0_0_2_3            0.133352                                      # The average of read and write requests that are served in this DRAM element per memory cycle for level _0_0_2_3
           ramulator.active_cycles_0_0_3            16467071                                      # Total active cycles for level _0_0_3
             ramulator.busy_cycles_0_0_3            16467071                                      # (All-bank refresh only. busy cycles only include refresh time in rank level) The sum of cycles that the DRAM part is active or under refresh for level _0_0_3
        ramulator.serving_requests_0_0_3            34572332                                      # The sum of read and write requests that are served in this DRAM element per memory cycle for level _0_0_3
ramulator.average_serving_requests_0_0_3            0.506969                                      # The average of read and write requests that are served in this DRAM element per memory cycle for level _0_0_3
         ramulator.active_cycles_0_0_3_0             4682738                                      # Total active cycles for level _0_0_3_0
           ramulator.busy_cycles_0_0_3_0             4682738                                      # (All-bank refresh only. busy cycles only include refresh time in rank level) The sum of cycles that the DRAM part is active or under refresh for level _0_0_3_0
      ramulator.serving_requests_0_0_3_0             8868591                                      # The sum of read and write requests that are served in this DRAM element per memory cycle for level _0_0_3_0
ramulator.average_serving_requests_0_0_3_0            0.130049                                      # The average of read and write requests that are served in this DRAM element per memory cycle for level _0_0_3_0
         ramulator.active_cycles_0_0_3_1             4705917                                      # Total active cycles for level _0_0_3_1
           ramulator.busy_cycles_0_0_3_1             4705917                                      # (All-bank refresh only. busy cycles only include refresh time in rank level) The sum of cycles that the DRAM part is active or under refresh for level _0_0_3_1
      ramulator.serving_requests_0_0_3_1             8868845                                      # The sum of read and write requests that are served in this DRAM element per memory cycle for level _0_0_3_1
ramulator.average_serving_requests_0_0_3_1            0.130053                                      # The average of read and write requests that are served in this DRAM element per memory cycle for level _0_0_3_1
         ramulator.active_cycles_0_0_3_2             4401159                                      # Total active cycles for level _0_0_3_2
           ramulator.busy_cycles_0_0_3_2             4401159                                      # (All-bank refresh only. busy cycles only include refresh time in rank level) The sum of cycles that the DRAM part is active or under refresh for level _0_0_3_2
      ramulator.serving_requests_0_0_3_2             8321730                                      # The sum of read and write requests that are served in this DRAM element per memory cycle for level _0_0_3_2
ramulator.average_serving_requests_0_0_3_2            0.122030                                      # The average of read and write requests that are served in this DRAM element per memory cycle for level _0_0_3_2
         ramulator.active_cycles_0_0_3_3             4501661                                      # Total active cycles for level _0_0_3_3
           ramulator.busy_cycles_0_0_3_3             4501661                                      # (All-bank refresh only. busy cycles only include refresh time in rank level) The sum of cycles that the DRAM part is active or under refresh for level _0_0_3_3
      ramulator.serving_requests_0_0_3_3             8513166                                      # The sum of read and write requests that are served in this DRAM element per memory cycle for level _0_0_3_3
ramulator.average_serving_requests_0_0_3_3            0.124837                                      # The average of read and write requests that are served in this DRAM element per memory cycle for level _0_0_3_3
      ramulator.read_transaction_bytes_0           375501760                                      # The total byte of read transaction per channel
     ramulator.write_transaction_bytes_0           373362944                                      # The total byte of write transaction per channel
       ramulator.row_hits_channel_0_core            11258385                                      # Number of row hits per channel per core
     ramulator.row_misses_channel_0_core              138225                                      # Number of row misses per channel per core
  ramulator.row_conflicts_channel_0_core              304401                                      # Number of row conflicts per channel per core
  ramulator.read_row_hits_channel_0_core             5656483                                      # Number of row hits for read requests per channel per core
                                     [0]           5656483.0                                      # 
ramulator.read_row_misses_channel_0_core               66981                                      # Number of row misses for read requests per channel per core
                                     [0]             66981.0                                      # 
ramulator.read_row_conflicts_channel_0_core              143751                                      # Number of row conflicts for read requests per channel per core
                                     [0]            143751.0                                      # 
 ramulator.write_row_hits_channel_0_core             5601902                                      # Number of row hits for write requests per channel per core
                                     [0]           5601902.0                                      # 
ramulator.write_row_misses_channel_0_core               71244                                      # Number of row misses for write requests per channel per core
                                     [0]             71244.0                                      # 
ramulator.write_row_conflicts_channel_0_core              160650                                      # Number of row conflicts for write requests per channel per core
                                     [0]            160650.0                                      # 
      ramulator.useless_activates_0_core                1599                                      # Number of useless activations. E.g, ACT -> PRE w/o RD or WR
            ramulator.read_latency_avg_0          303.994996                                      # The average memory latency cycles (in memory time domain) per request for all read requests in this channel
            ramulator.read_latency_sum_0          1783607651                                      # The memory latency cycles (in memory time domain) sum for all read requests in this channel
        ramulator.req_queue_length_avg_0           41.266071                                      # Average of read and write queue length per memory cycle per channel.
        ramulator.req_queue_length_sum_0          2814108253                                      # Sum of read and write queue length per memory cycle per channel.
   ramulator.read_req_queue_length_avg_0           26.092473                                      # Read queue length average per memory cycle per channel.
   ramulator.read_req_queue_length_sum_0          1779356265                                      # Read queue length sum per memory cycle per channel.
  ramulator.write_req_queue_length_avg_0           15.173599                                      # Write queue length average per memory cycle per channel.
  ramulator.write_req_queue_length_sum_0          1034751988                                      # Write queue length sum per memory cycle per channel.
              ramulator.record_read_hits                 0.0                                      # record read hit count for this core when it reaches request limit or to the end
                                     [0]                 0.0                                      # 
            ramulator.record_read_misses                 0.0                                      # record_read_miss count for this core when it reaches request limit or to the end
                                     [0]                 0.0                                      # 
         ramulator.record_read_conflicts                 0.0                                      # record read conflict count for this core when it reaches request limit or to the end
                                     [0]                 0.0                                      # 
             ramulator.record_write_hits                 0.0                                      # record write hit count for this core when it reaches request limit or to the end
                                     [0]                 0.0                                      # 
           ramulator.record_write_misses                 0.0                                      # record write miss count for this core when it reaches request limit or to the end
                                     [0]                 0.0                                      # 
        ramulator.record_write_conflicts                 0.0                                      # record write conflict for this core when it reaches request limit or to the end
                                     [0]                 0.0                                      # 
                 ramulator.dram_capacity          8589934592                                      # Number of bytes in simulated DRAM
                   ramulator.dram_cycles            68194237                                      # Number of DRAM cycles simulated
             ramulator.incoming_requests            11701041                                      # Number of incoming requests to DRAM
                 ramulator.read_requests             5867227                                      # Number of incoming read requests to DRAM per core
                                     [0]           5867227.0                                      # 
                ramulator.write_requests             5833814                                      # Number of incoming write requests to DRAM per core
                                     [0]           5833814.0                                      # 
       ramulator.ramulator_active_cycles            42095202                                      # The total number of cycles that the DRAM part is active (serving R/W)
 ramulator.incoming_requests_per_channel          11701041.0                                      # Number of incoming requests to each DRAM channel
                                     [0]          11701041.0                                      # 
ramulator.incoming_read_reqs_per_channel           5867227.0                                      # Number of incoming read requests to each DRAM channel
                                     [0]           5867227.0                                      # 
     ramulator.physical_page_replacement                   0                                      # The number of times that physical page replacement happens.
             ramulator.maximum_bandwidth         19200000000                                      # The theoretical maximum bandwidth (Bps)
          ramulator.in_queue_req_num_sum          2814108253                                      # Sum of read/write queue length
     ramulator.in_queue_read_req_num_sum          1779356265                                      # Sum of read queue length
    ramulator.in_queue_write_req_num_sum          1034751988                                      # Sum of write queue length
          ramulator.in_queue_req_num_avg           41.266071                                      # Average of read/write queue length per memory cycle
     ramulator.in_queue_read_req_num_avg           26.092473                                      # Average of read queue length per memory cycle
    ramulator.in_queue_write_req_num_avg           15.173599                                      # Average of write queue length per memory cycle
          ramulator.record_read_requests                 0.0                                      # record read requests for this core when it reaches request limit or to the end
                                     [0]                 0.0                                      # 
         ramulator.record_write_requests                 0.0                                      # record write requests for this core when it reaches request limit or to the end
                                     [0]                 0.0                                      # 
