/* -*- Mode: c -*- */
####################################################################################################
Core 0
####################################################################################################
Cumulative:        Cycles: 24421586              Instructions: 100000002             IPC: 4.09474

Periodic:          Cycles: 24421586              Instructions: 100000002             IPC: 4.09474

EXECUTION_TIME                           7631745625000                  7631745625000              

NODE_CYCLE                                    24421586                       24421586              

NODE_INST_COUNT                              100000002                      100000002              

NODE_INST_COUNT_FETCHED                      100000002                      100000002              

NODE_UOP_COUNT                               116998431                      116998431              

FULL_WINDOW_STALL                               461883        1.891%           461883        1.891%

FULL_WINDOW_ROB_MEM_OP                          211931       45.884%           211931       45.884%
FULL_WINDOW_ROB_FP_OP                                0        0.000%                0        0.000%
FULL_WINDOW_ROB_OTHER_OP                          2669        0.578%             2669        0.578%
FULL_WINDOW_LQ_FULL                                  0        0.000%                0        0.000%
FULL_WINDOW_SQ_FULL                                  0        0.000%                0        0.000%
FULL_WINDOW_WAITING_ON_RET                      247283       53.538%           247283       53.538%
                                                461883      100.000%           461883      100.000%
                                                  2.69         2.59              2.69         2.59

FULL_WINDOW_MEM_OP                                   0         -nan%                0         -nan%
FULL_WINDOW_FP_OP                                    0         -nan%                0         -nan%
FULL_WINDOW_OTHER_OP                                 0         -nan%                0         -nan%
                                                     0         -nan%                0         -nan%
                                                  -nan         -nan              -nan         -nan

RET_BLOCKED_DC_MISS                            1198653        4.908%          1198653        4.908%

RET_BLOCKED_L1_MISS                              51653        0.212%            51653        0.212%

RET_BLOCKED_L1_MISS_BW_PREF                      30274        0.124%            30274        0.124%

RET_BLOCKED_L1_ACCESS                          1157944        4.741%          1157944        4.741%

RET_BLOCKED_MEM_STALL                            52649        0.216%            52649        0.216%

RET_BLOCKED_OFFCHIP_DEMAND                           0        0.000%                0        0.000%

OP_ISSUED                                    117219932                      117219932              

OP_RETIRED                                   116998431                      116998431              

REPLAY_SIGNALED                                      0                              0              

REPLAY_COUNTED                                       0                              0              

OFF_CRITICAL_PATH                                    0         -nan%                0         -nan%
ON_CRITICAL_PATH                                     0         -nan%                0         -nan%
                                                     0         -nan%                0         -nan%
                                                  -nan         -nan              -nan         -nan

LD_NO_DEPENDENTS                               9394049       47.674%          9394049       47.674%
LD_DEPENDENTS                                 10310890       52.326%         10310890       52.326%
                                              19704939      100.000%         19704939      100.000%
                                                  0.52         0.51              0.52         0.51

LD_EXEC_CYCLES_0                                     0        0.000%                0        0.000%
LD_EXEC_CYCLES_1                               8643812       99.972%          8643812       99.972%
LD_EXEC_CYCLES_2                                     0        0.000%                0        0.000%
LD_EXEC_CYCLES_3                                   222        0.003%              222        0.003%
LD_EXEC_CYCLES_4                                  2159        0.025%             2159        0.025%
                                               8646193      100.000%          8646193      100.000%
                                                  1.00         0.05              1.00         0.05

ICACHE_STAGE_STARVED                             26986        0.113%            26986        0.113%
ICACHE_STAGE_NOT_STARVED                      23866298       99.887%         23866298       99.887%
                                              23893284      100.000%         23893284      100.000%
                                                  1.00         1.00              1.00         1.00

ICACHE_STAGE_STALLED                            460571        1.886%           460571        1.886%
ICACHE_STAGE_NOT_STALLED                      23888298       97.816%         23888298       97.816%
ICACHE_STAGE_OFF_PATH                            72717        0.298%            72717        0.298%
                                              24421586      100.000%         24421586      100.000%
                                                  0.98         0.08              0.98         0.08

DECODE_STAGE_STARVED                             23826        0.098%            23826        0.098%
DECODE_STAGE_NOT_STARVED                      24329364       99.902%         24329364       99.902%
                                              24353190      100.000%         24353190      100.000%
                                                  1.00         1.00              1.00         1.00

DECODE_STAGE_STALLED                            460571        1.886%           460571        1.886%
DECODE_STAGE_NOT_STALLED                      23892619       97.834%         23892619       97.834%
DECODE_STAGE_OFF_PATH                            68396        0.280%            68396        0.280%
                                              24421586      100.000%         24421586      100.000%
                                                  0.98         0.08              0.98         0.08

UOPQ_STAGE_STARVED                            24421586      100.000%         24421586      100.000%
UOPQ_STAGE_NOT_STARVED                               0        0.000%                0        0.000%
                                              24421586      100.000%         24421586      100.000%
                                                  0.00         0.00              0.00         0.00

UOPQ_STAGE_STALLED                                   0        0.000%                0        0.000%
UOPQ_STAGE_NOT_STALLED                        24421586      100.000%         24421586      100.000%
UOPQ_STAGE_OFF_PATH                                  0        0.000%                0        0.000%
                                              24421586      100.000%         24421586      100.000%
                                                  1.00         0.00              1.00         0.00

MAP_STAGE_STARVED                                36585        0.150%            36585        0.150%
MAP_STAGE_NOT_STARVED                         24329394       99.850%         24329394       99.850%
                                              24365979      100.000%         24365979      100.000%
                                                  1.00         1.00              1.00         1.00

MAP_STAGE_STALLED                               460610        1.886%           460610        1.886%
MAP_STAGE_NOT_STALLED                         23905369       97.886%         23905369       97.886%
MAP_STAGE_OFF_PATH                               55607        0.228%            55607        0.228%
                                              24421586      100.000%         24421586      100.000%
                                                  0.98         0.07              0.98         0.07

EXEC_STAGE_STARVED                            15525179       63.572%         15525179       63.572%
EXEC_STAGE_NOT_STARVED                         8866376       36.305%          8866376       36.305%
EXEC_STAGE_OFF_PATH                              30031        0.123%            30031        0.123%
                                              24421586      100.000%         24421586      100.000%
                                                  0.37         0.39              0.37         0.39

FU_BUSY_0                                     23960288                       23960288              

FU_BUSY_1                                     23115776                       23115776              

FU_BUSY_2                                     10180274                       10180274              

FU_BUSY_3                                      9555126                        9555126              

FU_BUSY_4                                     21169262                       21169262              

FU_BUSY_5                                     21407934                       21407934              

FU_BUSY_6                                      8072843                        8072843              

FU_BUSY_7                                      8696483                        8696483              

FU_BUSY_8                                            0                              0              

FU_BUSY_9                                            0                              0              

FU_BUSY_10                                           0                              0              

FU_BUSY_11                                           0                              0              

FU_BUSY_12                                           0                              0              

FU_BUSY_13                                           0                              0              

FU_BUSY_14                                           0                              0              

FU_BUSY_15                                           0                              0              

FU_BUSY_16                                           0                              0              

FU_BUSY_17                                           0                              0              

FU_BUSY_18                                           0                              0              

FU_BUSY_19                                           0                              0              

FU_BUSY_20                                           0                              0              

FU_BUSY_21                                           0                              0              

FU_BUSY_22                                           0                              0              

FU_BUSY_23                                           0                              0              

FU_BUSY_24                                           0                              0              

FU_BUSY_25                                           0                              0              

FU_BUSY_26                                           0                              0              

FU_BUSY_27                                           0                              0              

FU_BUSY_28                                           0                              0              

FU_BUSY_29                                           0                              0              

FU_BUSY_30                                           0                              0              

FU_BUSY_31                                           0                              0              

FU_REJECTED_OP_INV_NOT_SIMD                          0        0.000%                0        0.000%
FU_REJECTED_OP_NOP_NOT_SIMD                         23        0.000%               23        0.000%
FU_REJECTED_OP_CF_NOT_SIMD                           4        0.000%                4        0.000%
FU_REJECTED_OP_MOV_NOT_SIMD                     583132        7.307%           583132        7.307%
FU_REJECTED_OP_CMOV_NOT_SIMD                         0        0.000%                0        0.000%
FU_REJECTED_OP_LDA_NOT_SIMD                     385315        4.828%           385315        4.828%
FU_REJECTED_OP_IMEM_NOT_SIMD                       976        0.012%              976        0.012%
FU_REJECTED_OP_IADD_NOT_SIMD                   2357396       29.538%          2357396       29.538%
FU_REJECTED_OP_IMUL_NOT_SIMD                   2127537       26.658%          2127537       26.658%
FU_REJECTED_OP_IDIV_NOT_SIMD                         0        0.000%                0        0.000%
FU_REJECTED_OP_ICMP_NOT_SIMD                         9        0.000%                9        0.000%
FU_REJECTED_OP_LOGIC_NOT_SIMD                   730186        9.149%           730186        9.149%
FU_REJECTED_OP_SHIFT_NOT_SIMD                  1716528       21.508%          1716528       21.508%
FU_REJECTED_OP_FMEM_NOT_SIMD                         0        0.000%                0        0.000%
FU_REJECTED_OP_FCVT_NOT_SIMD                         0        0.000%                0        0.000%
FU_REJECTED_OP_FADD_NOT_SIMD                         0        0.000%                0        0.000%
FU_REJECTED_OP_FMUL_NOT_SIMD                         0        0.000%                0        0.000%
FU_REJECTED_OP_FMA_NOT_SIMD                          0        0.000%                0        0.000%
FU_REJECTED_OP_FDIV_NOT_SIMD                         0        0.000%                0        0.000%
FU_REJECTED_OP_FCMP_NOT_SIMD                         0        0.000%                0        0.000%
FU_REJECTED_OP_FCMOV_NOT_SIMD                        0        0.000%                0        0.000%
FU_REJECTED_OP_GATHER_NOT_SIMD                       0        0.000%                0        0.000%
FU_REJECTED_OP_SCATTER_NOT_SIMD                      0        0.000%                0        0.000%
FU_REJECTED_OP_PIPELINED_FAST_NOT_SIMD               0        0.000%                0        0.000%
FU_REJECTED_OP_PIPELINED_MEDIUM_NOT_SIMD             0        0.000%                0        0.000%
FU_REJECTED_OP_PIPELINED_SLOW_NOT_SIMD               0        0.000%                0        0.000%
FU_REJECTED_OP_NOTPIPELINED_MEDIUM_NOT_SIMD             0        0.000%                0        0.000%
FU_REJECTED_OP_NOTPIPELINED_SLOW_NOT_SIMD             0        0.000%                0        0.000%
FU_REJECTED_OP_NOTPIPELINED_VERY_SLOW_NOT_SIMD             0        0.000%                0        0.000%
FU_REJECTED_OP_INV_SIMD                              0        0.000%                0        0.000%
FU_REJECTED_OP_NOP_SIMD                              0        0.000%                0        0.000%
FU_REJECTED_OP_CF_SIMD                               0        0.000%                0        0.000%
FU_REJECTED_OP_MOV_SIMD                              1        0.000%                1        0.000%
FU_REJECTED_OP_CMOV_SIMD                             0        0.000%                0        0.000%
FU_REJECTED_OP_LDA_SIMD                              0        0.000%                0        0.000%
FU_REJECTED_OP_IMEM_SIMD                             0        0.000%                0        0.000%
FU_REJECTED_OP_IADD_SIMD                             0        0.000%                0        0.000%
FU_REJECTED_OP_IMUL_SIMD                             0        0.000%                0        0.000%
FU_REJECTED_OP_IDIV_SIMD                             0        0.000%                0        0.000%
FU_REJECTED_OP_ICMP_SIMD                             0        0.000%                0        0.000%
FU_REJECTED_OP_LOGIC_SIMD                            0        0.000%                0        0.000%
FU_REJECTED_OP_SHIFT_SIMD                            0        0.000%                0        0.000%
FU_REJECTED_OP_FMEM_SIMD                             0        0.000%                0        0.000%
FU_REJECTED_OP_FCVT_SIMD                             0        0.000%                0        0.000%
FU_REJECTED_OP_FADD_SIMD                         79657        0.998%            79657        0.998%
FU_REJECTED_OP_FMUL_SIMD                             0        0.000%                0        0.000%
FU_REJECTED_OP_FMA_SIMD                              0        0.000%                0        0.000%
FU_REJECTED_OP_FDIV_SIMD                             0        0.000%                0        0.000%
FU_REJECTED_OP_FCMP_SIMD                             0        0.000%                0        0.000%
FU_REJECTED_OP_FCMOV_SIMD                            0        0.000%                0        0.000%
FU_REJECTED_OP_GATHER_SIMD                           0        0.000%                0        0.000%
FU_REJECTED_OP_SCATTER_SIMD                          0        0.000%                0        0.000%
FU_REJECTED_OP_PIPELINED_FAST_SIMD                   0        0.000%                0        0.000%
FU_REJECTED_OP_PIPELINED_MEDIUM_SIMD                 0        0.000%                0        0.000%
FU_REJECTED_OP_PIPELINED_SLOW_SIMD                   0        0.000%                0        0.000%
FU_REJECTED_OP_NOTPIPELINED_MEDIUM_SIMD              0        0.000%                0        0.000%
FU_REJECTED_OP_NOTPIPELINED_SLOW_SIMD                0        0.000%                0        0.000%
FU_REJECTED_OP_NOTPIPELINED_VERY_SLOW_SIMD             0        0.000%                0        0.000%
                                               7980764      100.000%          7980764      100.000%
                                                  8.69         4.39              8.69         4.39

OP_WAIT_0                                     72612346                       72612346              

OP_WAIT_1                                     12493692                       12493692              

OP_WAIT_2                                      5526031                        5526031              

OP_WAIT_3                                      3403214                        3403214              

OP_WAIT_4                                      2456392                        2456392              

OP_WAIT_5                                      2084575                        2084575              

OP_WAIT_6                                      1776353                        1776353              

OP_WAIT_7                                      1618550                        1618550              

OP_WAIT_8                                      1484523                        1484523              

OP_WAIT_9                                      1203483                        1203483              

OP_WAIT_10                                     1115001                        1115001              

OP_WAIT_11                                      915206                         915206              

OP_WAIT_12                                      719937                         719937              

OP_WAIT_13                                      712649                         712649              

OP_WAIT_14                                      601420                         601420              

OP_WAIT_15                                      529702                         529702              

OP_WAIT_16                                      427700                         427700              

OP_WAIT_17                                      396733                         396733              

OP_WAIT_18                                      352471                         352471              

OP_WAIT_19                                      354300                         354300              

OP_WAIT_20                                      400094                         400094              

OP_WAIT_21                                      380123                         380123              

OP_WAIT_22                                      397125                         397125              

OP_WAIT_23                                      411082                         411082              

OP_WAIT_24                                      402900                         402900              

OP_WAIT_25                                      580601                         580601              

OP_WAIT_26                                      484993                         484993              

OP_WAIT_27                                      513468                         513468              

OP_WAIT_28                                      472263                         472263              

OP_WAIT_29                                      560528                         560528              

OP_WAIT_30                                      364809                         364809              

OP_WAIT_31                                     1246167                        1246167              

ROW_SIZE_0                                     2765805                        2765805              

ROW_SIZE_1                                     1890672                        1890672              

ROW_SIZE_2                                      350737                         350737              

ROW_SIZE_3                                      440061                         440061              

ROW_SIZE_4                                      261089                         261089              

ROW_SIZE_5                                      137164                         137164              

ROW_SIZE_6                                    18559321                       18559321              

ROW_SIZE_7                                           0                              0              

ROW_SIZE_8                                           0                              0              

ROW_SIZE_9                                           0                              0              

ROW_SIZE_10                                          0                              0              

ROW_SIZE_11                                          0                              0              

ROW_SIZE_12                                          0                              0              

ROW_SIZE_13                                          0                              0              

ROW_SIZE_14                                          0                              0              

ROW_SIZE_15                                          0                              0              

ROW_SIZE_16                                          0                              0              

ROW_SIZE_17                                          0                              0              

ROW_SIZE_18                                          0                              0              

ROW_SIZE_19                                          0                              0              

ROW_SIZE_20                                          0                              0              

ROW_SIZE_21                                          0                              0              

ROW_SIZE_22                                          0                              0              

ROW_SIZE_23                                          0                              0              

ROW_SIZE_24                                          0                              0              

ROW_SIZE_25                                          0                              0              

ROW_SIZE_26                                          0                              0              

ROW_SIZE_27                                          0                              0              

ROW_SIZE_28                                          0                              0              

ROW_SIZE_29                                          0                              0              

ROW_SIZE_30                                          0                              0              

ROW_SIZE_31                                          0                              0              

RET_OP_EXEC_COUNT_0                                  0        0.000%                0        0.000%
RET_OP_EXEC_COUNT_1                          116998431      100.000%        116998431      100.000%
RET_OP_EXEC_COUNT_2                                  0        0.000%                0        0.000%
RET_OP_EXEC_COUNT_3                                  0        0.000%                0        0.000%
RET_OP_EXEC_COUNT_4                                  0        0.000%                0        0.000%
RET_OP_EXEC_COUNT_5                                  0        0.000%                0        0.000%
RET_OP_EXEC_COUNT_6                                  0        0.000%                0        0.000%
RET_OP_EXEC_COUNT_7                                  0        0.000%                0        0.000%
RET_OP_EXEC_COUNT_8                                  0        0.000%                0        0.000%
RET_OP_EXEC_COUNT_9                                  0        0.000%                0        0.000%
RET_OP_EXEC_COUNT_10                                 0        0.000%                0        0.000%
RET_OP_EXEC_COUNT_11                                 0        0.000%                0        0.000%
RET_OP_EXEC_COUNT_12                                 0        0.000%                0        0.000%
RET_OP_EXEC_COUNT_13                                 0        0.000%                0        0.000%
RET_OP_EXEC_COUNT_14                                 0        0.000%                0        0.000%
RET_OP_EXEC_COUNT_15                                 0        0.000%                0        0.000%
RET_OP_EXEC_COUNT_16                                 0        0.000%                0        0.000%
RET_OP_EXEC_COUNT_17                                 0        0.000%                0        0.000%
RET_OP_EXEC_COUNT_18                                 0        0.000%                0        0.000%
RET_OP_EXEC_COUNT_19                                 0        0.000%                0        0.000%
RET_OP_EXEC_COUNT_20                                 0        0.000%                0        0.000%
RET_OP_EXEC_COUNT_21                                 0        0.000%                0        0.000%
RET_OP_EXEC_COUNT_22                                 0        0.000%                0        0.000%
RET_OP_EXEC_COUNT_23                                 0        0.000%                0        0.000%
RET_OP_EXEC_COUNT_24                                 0        0.000%                0        0.000%
RET_OP_EXEC_COUNT_25                                 0        0.000%                0        0.000%
RET_OP_EXEC_COUNT_26                                 0        0.000%                0        0.000%
RET_OP_EXEC_COUNT_27                                 0        0.000%                0        0.000%
RET_OP_EXEC_COUNT_28                                 0        0.000%                0        0.000%
RET_OP_EXEC_COUNT_29                                 0        0.000%                0        0.000%
RET_OP_EXEC_COUNT_30                                 0        0.000%                0        0.000%
RET_OP_EXEC_COUNT_31                                 0        0.000%                0        0.000%
RET_OP_EXEC_COUNT_32                                 0        0.000%                0        0.000%
                                             116998431      100.000%        116998431      100.000%
                                                  1.00         0.00              1.00         0.00

RET_STALL_LENGTH_0                           116998338      100.000%        116998338      100.000%
RET_STALL_LENGTH_100                                27        0.000%               27        0.000%
RET_STALL_LENGTH_200                                14        0.000%               14        0.000%
RET_STALL_LENGTH_300                                 7        0.000%                7        0.000%
RET_STALL_LENGTH_400                                17        0.000%               17        0.000%
RET_STALL_LENGTH_500                                 3        0.000%                3        0.000%
RET_STALL_LENGTH_600                                10        0.000%               10        0.000%
RET_STALL_LENGTH_700                                 6        0.000%                6        0.000%
RET_STALL_LENGTH_800                                 2        0.000%                2        0.000%
RET_STALL_LENGTH_900                                 0        0.000%                0        0.000%
RET_STALL_LENGTH_1000                                3        0.000%                3        0.000%
RET_STALL_LENGTH_1100                                2        0.000%                2        0.000%
RET_STALL_LENGTH_1200                                2        0.000%                2        0.000%
RET_STALL_LENGTH_1300                                0        0.000%                0        0.000%
RET_STALL_LENGTH_1400                                0        0.000%                0        0.000%
RET_STALL_LENGTH_1500                                0        0.000%                0        0.000%
RET_STALL_LENGTH_1600                                0        0.000%                0        0.000%
RET_STALL_LENGTH_1700                                0        0.000%                0        0.000%
RET_STALL_LENGTH_1800                                0        0.000%                0        0.000%
RET_STALL_LENGTH_1900                                0        0.000%                0        0.000%
RET_STALL_LENGTH_2000                                0        0.000%                0        0.000%
RET_STALL_LENGTH_2100                                0        0.000%                0        0.000%
RET_STALL_LENGTH_2200                                0        0.000%                0        0.000%
RET_STALL_LENGTH_2300                                0        0.000%                0        0.000%
RET_STALL_LENGTH_2400                                0        0.000%                0        0.000%
RET_STALL_LENGTH_2500                                0        0.000%                0        0.000%
RET_STALL_LENGTH_2600                                0        0.000%                0        0.000%
RET_STALL_LENGTH_2700                                0        0.000%                0        0.000%
RET_STALL_LENGTH_2800                                0        0.000%                0        0.000%
RET_STALL_LENGTH_2900                                0        0.000%                0        0.000%
RET_STALL_LENGTH_3000                                0        0.000%                0        0.000%
RET_STALL_LENGTH_3100                                0        0.000%                0        0.000%
RET_STALL_LENGTH_3200                                0        0.000%                0        0.000%
RET_STALL_LENGTH_3300                                0        0.000%                0        0.000%
RET_STALL_LENGTH_3400                                0        0.000%                0        0.000%
RET_STALL_LENGTH_3500                                0        0.000%                0        0.000%
RET_STALL_LENGTH_3600                                0        0.000%                0        0.000%
RET_STALL_LENGTH_3700                                0        0.000%                0        0.000%
RET_STALL_LENGTH_3800                                0        0.000%                0        0.000%
RET_STALL_LENGTH_3900                                0        0.000%                0        0.000%
RET_STALL_LENGTH_4000                                0        0.000%                0        0.000%
RET_STALL_LENGTH_4100                                0        0.000%                0        0.000%
RET_STALL_LENGTH_4200                                0        0.000%                0        0.000%
RET_STALL_LENGTH_4300                                0        0.000%                0        0.000%
RET_STALL_LENGTH_4400                                0        0.000%                0        0.000%
RET_STALL_LENGTH_4500                                0        0.000%                0        0.000%
RET_STALL_LENGTH_4600                                0        0.000%                0        0.000%
RET_STALL_LENGTH_4700                                0        0.000%                0        0.000%
RET_STALL_LENGTH_4800                                0        0.000%                0        0.000%
RET_STALL_LENGTH_4900                                0        0.000%                0        0.000%
RET_STALL_LENGTH_5000                                0        0.000%                0        0.000%
                                             116998431      100.000%        116998431      100.000%
                                                  0.00         0.00              0.00         0.00

MEM_BLOCK_LENGTH_0                                 506       99.022%              506       99.022%
MEM_BLOCK_LENGTH_100                                 3        0.587%                3        0.587%
MEM_BLOCK_LENGTH_200                                 0        0.000%                0        0.000%
MEM_BLOCK_LENGTH_300                                 0        0.000%                0        0.000%
MEM_BLOCK_LENGTH_400                                 2        0.391%                2        0.391%
MEM_BLOCK_LENGTH_500                                 0        0.000%                0        0.000%
MEM_BLOCK_LENGTH_600                                 0        0.000%                0        0.000%
MEM_BLOCK_LENGTH_700                                 0        0.000%                0        0.000%
MEM_BLOCK_LENGTH_800                                 0        0.000%                0        0.000%
MEM_BLOCK_LENGTH_900                                 0        0.000%                0        0.000%
MEM_BLOCK_LENGTH_1000                                0        0.000%                0        0.000%
MEM_BLOCK_LENGTH_1100                                0        0.000%                0        0.000%
MEM_BLOCK_LENGTH_1200                                0        0.000%                0        0.000%
MEM_BLOCK_LENGTH_1300                                0        0.000%                0        0.000%
MEM_BLOCK_LENGTH_1400                                0        0.000%                0        0.000%
MEM_BLOCK_LENGTH_1500                                0        0.000%                0        0.000%
MEM_BLOCK_LENGTH_1600                                0        0.000%                0        0.000%
MEM_BLOCK_LENGTH_1700                                0        0.000%                0        0.000%
MEM_BLOCK_LENGTH_1800                                0        0.000%                0        0.000%
MEM_BLOCK_LENGTH_1900                                0        0.000%                0        0.000%
MEM_BLOCK_LENGTH_2000                                0        0.000%                0        0.000%
MEM_BLOCK_LENGTH_2100                                0        0.000%                0        0.000%
MEM_BLOCK_LENGTH_2200                                0        0.000%                0        0.000%
MEM_BLOCK_LENGTH_2300                                0        0.000%                0        0.000%
MEM_BLOCK_LENGTH_2400                                0        0.000%                0        0.000%
MEM_BLOCK_LENGTH_2500                                0        0.000%                0        0.000%
MEM_BLOCK_LENGTH_2600                                0        0.000%                0        0.000%
MEM_BLOCK_LENGTH_2700                                0        0.000%                0        0.000%
MEM_BLOCK_LENGTH_2800                                0        0.000%                0        0.000%
MEM_BLOCK_LENGTH_2900                                0        0.000%                0        0.000%
MEM_BLOCK_LENGTH_3000                                0        0.000%                0        0.000%
MEM_BLOCK_LENGTH_3100                                0        0.000%                0        0.000%
MEM_BLOCK_LENGTH_3200                                0        0.000%                0        0.000%
MEM_BLOCK_LENGTH_3300                                0        0.000%                0        0.000%
MEM_BLOCK_LENGTH_3400                                0        0.000%                0        0.000%
MEM_BLOCK_LENGTH_3500                                0        0.000%                0        0.000%
MEM_BLOCK_LENGTH_3600                                0        0.000%                0        0.000%
MEM_BLOCK_LENGTH_3700                                0        0.000%                0        0.000%
MEM_BLOCK_LENGTH_3800                                0        0.000%                0        0.000%
MEM_BLOCK_LENGTH_3900                                0        0.000%                0        0.000%
MEM_BLOCK_LENGTH_4000                                0        0.000%                0        0.000%
MEM_BLOCK_LENGTH_4100                                0        0.000%                0        0.000%
MEM_BLOCK_LENGTH_4200                                0        0.000%                0        0.000%
MEM_BLOCK_LENGTH_4300                                0        0.000%                0        0.000%
MEM_BLOCK_LENGTH_4400                                0        0.000%                0        0.000%
MEM_BLOCK_LENGTH_4500                                0        0.000%                0        0.000%
MEM_BLOCK_LENGTH_4600                                0        0.000%                0        0.000%
MEM_BLOCK_LENGTH_4700                                0        0.000%                0        0.000%
MEM_BLOCK_LENGTH_4800                                0        0.000%                0        0.000%
MEM_BLOCK_LENGTH_4900                                0        0.000%                0        0.000%
MEM_BLOCK_LENGTH_5000                                0        0.000%                0        0.000%
                                                   511      100.000%              511      100.000%
                                                  0.02         0.26              0.02         0.26

FUS_BUSY_ON_PATH                             126079207        5.1626        126079207        5.1626

FUS_BUSY_OFF_PATH                                78779        0.0032            78779        0.0032

FU_BUSY_MEM_STALL                              3377106        0.1383          3377106        0.1383

FUS_EMPTY                                     69214702        2.8342         69214702        2.8342

FU_UNAVAILABLE                                 5542949        0.2270          5542949        0.2270

FU_MEM_UNAVAILABLE                             2437815        0.0998          2437815        0.0998

FU_REPLAY                                            0        0.0000                0        0.0000

FU_STARVED                                    69207773        2.8339         69207773        2.8339

CHIP_UTILIZATION                                     0        0.0000                0        0.0000

CYCLES_UNDER_MEM_REQ                                 0                              0              

CYCLES_UNDER_NO_MEM_REQ                              0                              0              

CYCLES_UNDER_CRITICAL_MEM_REQ                        0                              0              

CYCLES_UNDER_NONCRITICAL_MEM_REQ                     0                              0              

CHIP_UTILIZATION_UNDER_MEM_REQ                       0          -nan                0          -nan

CHIP_UTILIZATION_UNDER_NO_MEM_REQ                    0          -nan                0          -nan

CHIP_UTILIZATION_UNDER_CRITICAL_MEM_REQ              0          -nan                0          -nan

CHIP_UTILIZATION_UNDER_NONCRITICAL_MEM_REQ             0          -nan                0          -nan

CYCLES_NOT_WAITING_FOR_OFF_CHIP                      0        0.0000                0        0.0000

FUS_BUSY_NOT_WAITING_FOR_OFF_CHIP                    0          -nan                0          -nan

CYCLES_WAITING_FOR_OFF_CHIP                          0        0.0000                0        0.0000

FUS_BUSY_WAITING_FOR_OFF_CHIP                        0          -nan                0          -nan

TOTAL_OFF_CHIP_DELAYS_LEFT                           0                              0              

WRONG_IO_SCHED                                       0                              0              

DVFS_CONFIG_SWITCH                                   0                              0              

MAP_STAGE_RECEIVED_OPS_0                             0        0.000%                0        0.000%
MAP_STAGE_RECEIVED_OPS_1                           650        0.003%              650        0.003%
MAP_STAGE_RECEIVED_OPS_2                          1089        0.005%             1089        0.005%
MAP_STAGE_RECEIVED_OPS_3                        902029        3.779%           902029        3.779%
MAP_STAGE_RECEIVED_OPS_4                        528917        2.216%           528917        2.216%
MAP_STAGE_RECEIVED_OPS_5                      22434297       93.997%         22434297       93.997%
MAP_STAGE_RECEIVED_OPS_6                             0        0.000%                0        0.000%
MAP_STAGE_RECEIVED_OPS_7                             0        0.000%                0        0.000%
MAP_STAGE_RECEIVED_OPS_8                             0        0.000%                0        0.000%
MAP_STAGE_RECEIVED_OPS_MAX                           0        0.000%                0        0.000%
                                              23866982      100.000%         23866982      100.000%
                                                  4.90         0.41              4.90         0.41

MAP_STAGE_WAIT_FOR_DECODE                            0         -nan%                0         -nan%
MAP_STAGE_CONSUME_DECODE                             0         -nan%                0         -nan%
                                                     0         -nan%                0         -nan%
                                                  -nan         -nan              -nan         -nan

MAP_STAGE_WAIT_FOR_DECODE2                           0         -nan%                0         -nan%
MAP_STAGE_CONSUME_DECODE2                            0         -nan%                0         -nan%
                                                     0         -nan%                0         -nan%
                                                  -nan         -nan              -nan         -nan

FTQ_RECOVER_EXEC                                  1802                           1802              

FTQ_RECOVER_DECODE                                  23                             23              

FTQ_OFFPATH_CYCLES                               89146                          89146              

FTQ_CYCLES_OFFPATH                              150608                         150608              

FTQ_CYCLES_ONPATH                             24270978                       24270978              

FTQ_FETCHED_INS_OFFPATH                         886514                         886514              

FTQ_FETCHED_INS_ONPATH                       116997239                      116997239              

FTQ_BREAK_FULL_FT_ONPATH                      24216539       99.783%         24216539       99.783%
FTQ_BREAK_MAX_CFS_TAKEN_ONPATH                   12680        0.052%            12680        0.052%
FTQ_BREAK_MAX_BYTES_ONPATH                        7109        0.029%             7109        0.029%
FTQ_BREAK_PRED_BR_ONPATH                             0        0.000%                0        0.000%
FTQ_BREAK_BAR_FETCH_ONPATH                       32825        0.135%            32825        0.135%
                                              24269153      100.000%         24269153      100.000%
                                                  0.01         0.15              0.01         0.15

FTQ_BREAK_FULL_FT_OFFPATH                       143662       94.246%           143662       94.246%
FTQ_BREAK_MAX_CFS_TAKEN_OFFPATH                   7620        4.999%             7620        4.999%
FTQ_BREAK_MAX_BYTES_OFFPATH                        885        0.581%              885        0.581%
FTQ_BREAK_PRED_BR_OFFPATH                            0        0.000%                0        0.000%
FTQ_BREAK_BAR_FETCH_OFFPATH                        266        0.175%              266        0.175%
                                                152433      100.000%           152433      100.000%
                                                  0.07         0.30              0.07         0.30



