/* -*- Mode: c -*- */
####################################################################################################
Core 0
####################################################################################################
Cumulative:        Cycles: 87897109              Instructions: 59999999              IPC: 0.68262

Periodic:          Cycles: 87897109              Instructions: 59999999              IPC: 0.68262

DCACHE_PREF_HIT                                      0                              0              

IFETCH_WB_FIRST_SCHEDULE                             0         -nan%                0         -nan%
PREFETCH_LAST_SCHEDULE                               0         -nan%                0         -nan%
DEMAND_PASS_PREF_SCHEDULE                            0         -nan%                0         -nan%
DEMAND_PASS_LOW_OP_SCHEDULE                          0         -nan%                0         -nan%
DEMAND_LAST_SCHEDULE                                 0         -nan%                0         -nan%
                                                     0         -nan%                0         -nan%
                                                  -nan         -nan              -nan         -nan

SEND_MISS_REQ_QUEUE                            1663663                        1663663              

L1_DATA_EVICT                                  1673583                        1673583              

STREAM_BUFFER_REQ                                    0                              0              

PREF_SEND_TO_MEM_REQ                                 0         -nan%                0         -nan%
PREF_SEND_TO_MEM_REQ_FAIL                            0         -nan%                0         -nan%
                                                     0         -nan%                0         -nan%
                                                  -nan         -nan              -nan         -nan

HIT_TRAIN_STREAM                                340677       25.680%           340677       25.680%
MISS_TRAIN_STREAM                               985972       74.320%           985972       74.320%
                                               1326649      100.000%          1326649      100.000%
                                                  0.74         0.68              0.74         0.68

STREAM_TRAIN_CREATE                             757944                         757944              

MEM_REQ_MISS_HWP_PREF_Q                              0         -nan%                0         -nan%
MEM_REQ_MISS_SW_PREF_Q                               0         -nan%                0         -nan%
MEM_REQ_MISS_IFETCH_Q                                0         -nan%                0         -nan%
MEM_REQ_MISS_DFETCH_Q                                0         -nan%                0         -nan%
MEM_REQ_MISS_DSTORE_Q                                0         -nan%                0         -nan%
MEM_REQ_MISS_DPRF_Q                                  0         -nan%                0         -nan%
MEM_REQ_MISS_WB_Q                                    0         -nan%                0         -nan%
                                                     0         -nan%                0         -nan%
                                                  -nan         -nan              -nan         -nan

PREF_HIT_BY_DEMAND_IFETCH                            0         -nan%                0         -nan%
PREF_HIT_BY_DEMAND_DFETCH                            0         -nan%                0         -nan%
PREF_HIT_BY_DEMAND_DSTORE                            0         -nan%                0         -nan%
PREF_HIT_BY_DEMAND_IPREF                             0         -nan%                0         -nan%
PREF_HIT_BY_DEMAND_DPRF                              0         -nan%                0         -nan%
PREF_HIT_BY_DEMAND_WB                                0         -nan%                0         -nan%
PREF_HIT_BY_PREF                                     0         -nan%                0         -nan%
                                                     0         -nan%                0         -nan%
                                                  -nan         -nan              -nan         -nan

PREF_HIT_DEMAND_IFETCH                               0         -nan%                0         -nan%
PREF_HIT_DEMAND_DFETCH                               0         -nan%                0         -nan%
PREF_HIT_DEMAND_DSTORE                               0         -nan%                0         -nan%
PREF_HIT_DEMAND_IPREF                                0         -nan%                0         -nan%
PREF_HIT_DEMAND_DPRF                                 0         -nan%                0         -nan%
PREF_HIT_DEMAND_WB                                   0         -nan%                0         -nan%
                                                     0         -nan%                0         -nan%
                                                  -nan         -nan              -nan         -nan

PREF_L1_FILL                                         0         -nan%                0         -nan%
DEMAND_L1_FILL                                       0         -nan%                0         -nan%
                                                     0         -nan%                0         -nan%
                                                  -nan         -nan              -nan         -nan

TOUCH_L1_REPLACE                                     0        0.000%                0        0.000%
NO_TOUCH_L1_REPLACE                            1673583      100.000%          1673583      100.000%
                                               1673583      100.000%          1673583      100.000%
                                                  1.00         1.00              1.00         1.00

PREF_REQ_QUE_FULL                                    0                              0              

STREAM_REQ_QUEUE_HIT_BY_DEMAND                       0                              0              

L2HIT_STREAM_PREF_REQ_QUE_FULL                       0                              0              

L2HIT_HIT_TRAIN_STREAM                               0         -nan%                0         -nan%
L2HIT_MISS_TRAIN_STREAM                              0         -nan%                0         -nan%
                                                     0         -nan%                0         -nan%
                                                  -nan         -nan              -nan         -nan

L2HIT_STREAM_TRAIN_CREATE                            0                              0              

L2HIT_STREAM_BUFFER_REQ                              0                              0              

L2HIT_STREAM_PREF_DCACHE_HIT                         0         -nan%                0         -nan%
L2HIT_STREAM_PREF_DCACHE_INSERT                      0         -nan%                0         -nan%
L2HIT_STREAM_L2_MISS                                 0         -nan%                0         -nan%
                                                     0         -nan%                0         -nan%
                                                  -nan         -nan              -nan         -nan

L2HIT_STREAM_DCACHE_PORT_FULL                        0                              0              

L2HIT_STREAM_PREF_L1_PORT_FULL                       0                              0              

L2HIT_TRAIN_HIT_DEMAND                               0         -nan%                0         -nan%
L2HIT_TRAIN_MISS_REQ                                 0         -nan%                0         -nan%
                                                     0         -nan%                0         -nan%
                                                  -nan         -nan              -nan         -nan

L2HIT_TRAIN_FILTER_MISS                              0         -nan%                0         -nan%
L2HIT_TRAIN_FILTER_HIT                               0         -nan%                0         -nan%
                                                     0         -nan%                0         -nan%
                                                  -nan         -nan              -nan         -nan

L2HIT_PREF_REQ_DCACHE_HIT                            0         -nan%                0         -nan%
L2HIT_PREF_REQ_DCACHE_MISS                           0         -nan%                0         -nan%
                                                     0         -nan%                0         -nan%
                                                  -nan         -nan              -nan         -nan

L2HIT_L2SEND_Q_FULL                                  0         -nan%                0         -nan%
L2HIT_L2SEND_Q_ENTER                                 0         -nan%                0         -nan%
                                                     0         -nan%                0         -nan%
                                                  -nan         -nan              -nan         -nan

L2HIT_MEM_REQ                                        0                              0              

REMOVE_REDUNDANT_STREAM_STAT                         0                              0              

REPLACE_OLD_STREAM                              757928                         757928              

REQ_SEND_QUEUE_STALL                                 0                              0              

STREAM_ENTER_RA                                      0                              0              

CORE_STREAM_LENGTH_0                              1008        4.591%             1008        4.591%
CORE_STREAM_LENGTH_10                            12163       55.395%            12163       55.395%
CORE_STREAM_LENGTH_20                             4782       21.779%             4782       21.779%
CORE_STREAM_LENGTH_30                             1100        5.010%             1100        5.010%
CORE_STREAM_LENGTH_40                              531        2.418%              531        2.418%
CORE_STREAM_LENGTH_50                              342        1.558%              342        1.558%
CORE_STREAM_LENGTH_60                              236        1.075%              236        1.075%
CORE_STREAM_LENGTH_70                              213        0.970%              213        0.970%
CORE_STREAM_LENGTH_80                              180        0.820%              180        0.820%
CORE_STREAM_LENGTH_90                              162        0.738%              162        0.738%
CORE_STREAM_LENGTH_100_P                          1240        5.647%             1240        5.647%
                                                 21957      100.000%            21957      100.000%
                                                  2.14         2.40              2.14         2.40

CORE_CUM_STREAM_LENGTH_0                          8470        0.809%             8470        0.809%
CORE_CUM_STREAM_LENGTH_10                       180239       17.211%           180239       17.211%
CORE_CUM_STREAM_LENGTH_20                       109076       10.416%           109076       10.416%
CORE_CUM_STREAM_LENGTH_30                        37148        3.547%            37148        3.547%
CORE_CUM_STREAM_LENGTH_40                        23437        2.238%            23437        2.238%
CORE_CUM_STREAM_LENGTH_50                        18460        1.763%            18460        1.763%
CORE_CUM_STREAM_LENGTH_60                        15149        1.447%            15149        1.447%
CORE_CUM_STREAM_LENGTH_70                        15871        1.516%            15871        1.516%
CORE_CUM_STREAM_LENGTH_80                        15243        1.456%            15243        1.456%
CORE_CUM_STREAM_LENGTH_90                        15224        1.454%            15224        1.454%
CORE_CUM_STREAM_LENGTH_100_P                    608886       58.144%           608886       58.144%
                                               1047203      100.000%          1047203      100.000%
                                                  6.92         6.54              6.92         6.54

CORE_STREAM_TRAIN_HITS_0                         17524       79.811%            17524       79.811%
CORE_STREAM_TRAIN_HITS_10                         2525       11.500%             2525       11.500%
CORE_STREAM_TRAIN_HITS_20                          714        3.252%              714        3.252%
CORE_STREAM_TRAIN_HITS_30                          292        1.330%              292        1.330%
CORE_STREAM_TRAIN_HITS_40                          188        0.856%              188        0.856%
CORE_STREAM_TRAIN_HITS_50                          113        0.515%              113        0.515%
CORE_STREAM_TRAIN_HITS_60                           98        0.446%               98        0.446%
CORE_STREAM_TRAIN_HITS_70                           66        0.301%               66        0.301%
CORE_STREAM_TRAIN_HITS_80                           56        0.255%               56        0.255%
CORE_STREAM_TRAIN_HITS_90                           48        0.219%               48        0.219%
CORE_STREAM_TRAIN_HITS_100_P                       333        1.517%              333        1.517%
                                                 21957      100.000%            21957      100.000%
                                                  0.52         1.52              0.52         1.52

CORE_CUM_STREAM_TRAIN_HITS_0                    105466       24.613%           105466       24.613%
CORE_CUM_STREAM_TRAIN_HITS_10                    32540        7.594%            32540        7.594%
CORE_CUM_STREAM_TRAIN_HITS_20                    16958        3.957%            16958        3.957%
CORE_CUM_STREAM_TRAIN_HITS_30                     9892        2.308%             9892        2.308%
CORE_CUM_STREAM_TRAIN_HITS_40                     8230        1.921%             8230        1.921%
CORE_CUM_STREAM_TRAIN_HITS_50                     6174        1.441%             6174        1.441%
CORE_CUM_STREAM_TRAIN_HITS_60                     6287        1.467%             6287        1.467%
CORE_CUM_STREAM_TRAIN_HITS_70                     4931        1.151%             4931        1.151%
CORE_CUM_STREAM_TRAIN_HITS_80                     4721        1.102%             4721        1.102%
CORE_CUM_STREAM_TRAIN_HITS_90                     4543        1.060%             4543        1.060%
CORE_CUM_STREAM_TRAIN_HITS_100_P                228763       53.386%           228763       53.386%
                                                428505      100.000%           428505      100.000%
                                                  6.06         5.56              6.06         5.56

CORE_STREAM_TRAIN_CREATE                        757944                         757944              



