/* -*- Mode: c -*- */
####################################################################################################
Core 0
####################################################################################################
Cumulative:        Cycles: 11908090              Instructions: 29999999              IPC: 2.51930

Periodic:          Cycles: 11908090              Instructions: 29999999              IPC: 2.51930

DCACHE_PREF_HIT                                      0                              0              

IFETCH_WB_FIRST_SCHEDULE                             0         -nan%                0         -nan%
PREFETCH_LAST_SCHEDULE                               0         -nan%                0         -nan%
DEMAND_PASS_PREF_SCHEDULE                            0         -nan%                0         -nan%
DEMAND_PASS_LOW_OP_SCHEDULE                          0         -nan%                0         -nan%
DEMAND_LAST_SCHEDULE                                 0         -nan%                0         -nan%
                                                     0         -nan%                0         -nan%
                                                  -nan         -nan              -nan         -nan

SEND_MISS_REQ_QUEUE                              32871                          32871              

L1_DATA_EVICT                                     3277                           3277              

STREAM_BUFFER_REQ                                    0                              0              

PREF_SEND_TO_MEM_REQ                                 0         -nan%                0         -nan%
PREF_SEND_TO_MEM_REQ_FAIL                            0         -nan%                0         -nan%
                                                     0         -nan%                0         -nan%
                                                  -nan         -nan              -nan         -nan

HIT_TRAIN_STREAM                                  4038       32.496%             4038       32.496%
MISS_TRAIN_STREAM                                 8388       67.504%             8388       67.504%
                                                 12426      100.000%            12426      100.000%
                                                  0.68         0.62              0.68         0.62

STREAM_TRAIN_CREATE                               4283                           4283              

MEM_REQ_MISS_HWP_PREF_Q                              0         -nan%                0         -nan%
MEM_REQ_MISS_SW_PREF_Q                               0         -nan%                0         -nan%
MEM_REQ_MISS_IFETCH_Q                                0         -nan%                0         -nan%
MEM_REQ_MISS_DFETCH_Q                                0         -nan%                0         -nan%
MEM_REQ_MISS_DSTORE_Q                                0         -nan%                0         -nan%
MEM_REQ_MISS_DPRF_Q                                  0         -nan%                0         -nan%
MEM_REQ_MISS_WB_Q                                    0         -nan%                0         -nan%
                                                     0         -nan%                0         -nan%
                                                  -nan         -nan              -nan         -nan

PREF_HIT_BY_DEMAND_IFETCH                            0         -nan%                0         -nan%
PREF_HIT_BY_DEMAND_DFETCH                            0         -nan%                0         -nan%
PREF_HIT_BY_DEMAND_DSTORE                            0         -nan%                0         -nan%
PREF_HIT_BY_DEMAND_IPREF                             0         -nan%                0         -nan%
PREF_HIT_BY_DEMAND_DPRF                              0         -nan%                0         -nan%
PREF_HIT_BY_DEMAND_WB                                0         -nan%                0         -nan%
PREF_HIT_BY_PREF                                     0         -nan%                0         -nan%
                                                     0         -nan%                0         -nan%
                                                  -nan         -nan              -nan         -nan

PREF_HIT_DEMAND_IFETCH                               0         -nan%                0         -nan%
PREF_HIT_DEMAND_DFETCH                               0         -nan%                0         -nan%
PREF_HIT_DEMAND_DSTORE                               0         -nan%                0         -nan%
PREF_HIT_DEMAND_IPREF                                0         -nan%                0         -nan%
PREF_HIT_DEMAND_DPRF                                 0         -nan%                0         -nan%
PREF_HIT_DEMAND_WB                                   0         -nan%                0         -nan%
                                                     0         -nan%                0         -nan%
                                                  -nan         -nan              -nan         -nan

PREF_L1_FILL                                         0         -nan%                0         -nan%
DEMAND_L1_FILL                                       0         -nan%                0         -nan%
                                                     0         -nan%                0         -nan%
                                                  -nan         -nan              -nan         -nan

TOUCH_L1_REPLACE                                     0        0.000%                0        0.000%
NO_TOUCH_L1_REPLACE                               3277      100.000%             3277      100.000%
                                                  3277      100.000%             3277      100.000%
                                                  1.00         1.00              1.00         1.00

PREF_REQ_QUE_FULL                                    0                              0              

STREAM_REQ_QUEUE_HIT_BY_DEMAND                       0                              0              

L2HIT_STREAM_PREF_REQ_QUE_FULL                       0                              0              

L2HIT_HIT_TRAIN_STREAM                               0         -nan%                0         -nan%
L2HIT_MISS_TRAIN_STREAM                              0         -nan%                0         -nan%
                                                     0         -nan%                0         -nan%
                                                  -nan         -nan              -nan         -nan

L2HIT_STREAM_TRAIN_CREATE                            0                              0              

L2HIT_STREAM_BUFFER_REQ                              0                              0              

L2HIT_STREAM_PREF_DCACHE_HIT                         0         -nan%                0         -nan%
L2HIT_STREAM_PREF_DCACHE_INSERT                      0         -nan%                0         -nan%
L2HIT_STREAM_L2_MISS                                 0         -nan%                0         -nan%
                                                     0         -nan%                0         -nan%
                                                  -nan         -nan              -nan         -nan

L2HIT_STREAM_DCACHE_PORT_FULL                        0                              0              

L2HIT_STREAM_PREF_L1_PORT_FULL                       0                              0              

L2HIT_TRAIN_HIT_DEMAND                               0         -nan%                0         -nan%
L2HIT_TRAIN_MISS_REQ                                 0         -nan%                0         -nan%
                                                     0         -nan%                0         -nan%
                                                  -nan         -nan              -nan         -nan

L2HIT_TRAIN_FILTER_MISS                              0         -nan%                0         -nan%
L2HIT_TRAIN_FILTER_HIT                               0         -nan%                0         -nan%
                                                     0         -nan%                0         -nan%
                                                  -nan         -nan              -nan         -nan

L2HIT_PREF_REQ_DCACHE_HIT                            0         -nan%                0         -nan%
L2HIT_PREF_REQ_DCACHE_MISS                           0         -nan%                0         -nan%
                                                     0         -nan%                0         -nan%
                                                  -nan         -nan              -nan         -nan

L2HIT_L2SEND_Q_FULL                                  0         -nan%                0         -nan%
L2HIT_L2SEND_Q_ENTER                                 0         -nan%                0         -nan%
                                                     0         -nan%                0         -nan%
                                                  -nan         -nan              -nan         -nan

L2HIT_MEM_REQ                                        0                              0              

REMOVE_REDUNDANT_STREAM_STAT                         0                              0              

REPLACE_OLD_STREAM                                4267                           4267              

REQ_SEND_QUEUE_STALL                                 0                              0              

STREAM_ENTER_RA                                      0                              0              

CORE_STREAM_LENGTH_0                               150       29.940%              150       29.940%
CORE_STREAM_LENGTH_10                              308       61.477%              308       61.477%
CORE_STREAM_LENGTH_20                               19        3.792%               19        3.792%
CORE_STREAM_LENGTH_30                               16        3.194%               16        3.194%
CORE_STREAM_LENGTH_40                                1        0.200%                1        0.200%
CORE_STREAM_LENGTH_50                                1        0.200%                1        0.200%
CORE_STREAM_LENGTH_60                                0        0.000%                0        0.000%
CORE_STREAM_LENGTH_70                                0        0.000%                0        0.000%
CORE_STREAM_LENGTH_80                                1        0.200%                1        0.200%
CORE_STREAM_LENGTH_90                                0        0.000%                0        0.000%
CORE_STREAM_LENGTH_100_P                             5        0.998%                5        0.998%
                                                   501      100.000%              501      100.000%
                                                  0.92         1.08              0.92         1.08

CORE_CUM_STREAM_LENGTH_0                          1059       11.059%             1059       11.059%
CORE_CUM_STREAM_LENGTH_10                         4301       44.914%             4301       44.914%
CORE_CUM_STREAM_LENGTH_20                          432        4.511%              432        4.511%
CORE_CUM_STREAM_LENGTH_30                          555        5.796%              555        5.796%
CORE_CUM_STREAM_LENGTH_40                           40        0.418%               40        0.418%
CORE_CUM_STREAM_LENGTH_50                           59        0.616%               59        0.616%
CORE_CUM_STREAM_LENGTH_60                            0        0.000%                0        0.000%
CORE_CUM_STREAM_LENGTH_70                            0        0.000%                0        0.000%
CORE_CUM_STREAM_LENGTH_80                           83        0.867%               83        0.867%
CORE_CUM_STREAM_LENGTH_90                            0        0.000%                0        0.000%
CORE_CUM_STREAM_LENGTH_100_P                      3047       31.819%             3047       31.819%
                                                  9576      100.000%             9576      100.000%
                                                  4.01         4.58              4.01         4.58

CORE_STREAM_TRAIN_HITS_0                           460       91.816%              460       91.816%
CORE_STREAM_TRAIN_HITS_10                           24        4.790%               24        4.790%
CORE_STREAM_TRAIN_HITS_20                           10        1.996%               10        1.996%
CORE_STREAM_TRAIN_HITS_30                            1        0.200%                1        0.200%
CORE_STREAM_TRAIN_HITS_40                            1        0.200%                1        0.200%
CORE_STREAM_TRAIN_HITS_50                            0        0.000%                0        0.000%
CORE_STREAM_TRAIN_HITS_60                            0        0.000%                0        0.000%
CORE_STREAM_TRAIN_HITS_70                            0        0.000%                0        0.000%
CORE_STREAM_TRAIN_HITS_80                            0        0.000%                0        0.000%
CORE_STREAM_TRAIN_HITS_90                            1        0.200%                1        0.200%
CORE_STREAM_TRAIN_HITS_100_P                         4        0.798%                4        0.798%
                                                   501      100.000%              501      100.000%
                                                  0.20         1.03              0.20         1.03

CORE_CUM_STREAM_TRAIN_HITS_0                      2526       41.807%             2526       41.807%
CORE_CUM_STREAM_TRAIN_HITS_10                      298        4.932%              298        4.932%
CORE_CUM_STREAM_TRAIN_HITS_20                      208        3.443%              208        3.443%
CORE_CUM_STREAM_TRAIN_HITS_30                       35        0.579%               35        0.579%
CORE_CUM_STREAM_TRAIN_HITS_40                       47        0.778%               47        0.778%
CORE_CUM_STREAM_TRAIN_HITS_50                        0        0.000%                0        0.000%
CORE_CUM_STREAM_TRAIN_HITS_60                        0        0.000%                0        0.000%
CORE_CUM_STREAM_TRAIN_HITS_70                        0        0.000%                0        0.000%
CORE_CUM_STREAM_TRAIN_HITS_80                        0        0.000%                0        0.000%
CORE_CUM_STREAM_TRAIN_HITS_90                       93        1.539%               93        1.539%
CORE_CUM_STREAM_TRAIN_HITS_100_P                  2835       46.922%             2835       46.922%
                                                  6042      100.000%             6042      100.000%
                                                  5.00         4.98              5.00         4.98

CORE_STREAM_TRAIN_CREATE                          4283                           4283              



