/* -*- Mode: c -*- */
####################################################################################################
Core 0
####################################################################################################
Cumulative:        Cycles: 11920597              Instructions: 29999999              IPC: 2.51665

Periodic:          Cycles: 11920597              Instructions: 29999999              IPC: 2.51665

MISS_WAIT_TIME                           1263945254059                  1263945254059              

ICACHE_STAGE_MISS                               173520                         173520              

ICACHE_CYCLE                                  11920597                       11920597              

TCACHE_CYCLE                                         0                              0              

ICACHE_SERVING_CYCLE_ON_PATH                   3431431                        3431431              

ICACHE_SERVING_CYCLE_OFF_PATH                   571693                         571693              

UCACHE_SERVING_CYCLE_ON_PATH                   4683298                        4683298              

UCACHE_SERVING_CYCLE_OFF_PATH                  1137483                        1137483              

ICACHE_CYCLE_ONPATH                            9954131       83.504%          9954131       83.504%
ICACHE_CYCLE_OFFPATH                           1966466       16.496%          1966466       16.496%
                                              11920597      100.000%         11920597      100.000%
                                                  0.16         0.35              0.16         0.35

FETCH_ON_PATH                                 10126649       84.951%         10126649       84.951%
FETCH_OFF_PATH                                 1793948       15.049%          1793948       15.049%
                                              11920597      100.000%         11920597      100.000%
                                                  0.15         0.33              0.15         0.33

FETCHED_OPS_ON_PATH                                  0         -nan%                0         -nan%
FETCHED_OPS_OFF_PATH                                 0         -nan%                0         -nan%
                                                     0         -nan%                0         -nan%
                                                  -nan         -nan              -nan         -nan

INST_LOST_FETCH                               38673400       47.200%         38673400       47.200%
INST_LOST_OFF_PATH                             8029472        9.800%          8029472        9.800%
INST_LOST_FULL_WINDOW                          2461578        3.004%          2461578        3.004%
INST_LOST_ROB_STALL_OTHER                      6319152        7.712%          6319152        7.712%
INST_LOST_ROB_STALL_WAIT_FOR_RECOVERY                0        0.000%                0        0.000%
INST_LOST_ROB_STALL_WAIT_FOR_REDIRECT                0        0.000%                0        0.000%
INST_LOST_ROB_STALL_WAIT_FOR_GAP_FILL                0        0.000%                0        0.000%
INST_LOST_ROB_STALL_WAIT_FOR_L1_MISS                 0        0.000%                0        0.000%
INST_LOST_ROB_STALL_WAIT_FOR_MEMORY                  0        0.000%                0        0.000%
INST_LOST_ROB_STALL_WAIT_FOR_DC_MISS           4281232        5.225%          4281232        5.225%
INST_LOST_ROB_BLOCK_ISSUE_FULL                       0        0.000%                0        0.000%
INST_LOST_ROB_BLOCK_ISSUE_GAP_TOO_LARGE              0        0.000%                0        0.000%
INST_LOST_BREAK_DONT                                 0        0.000%                0        0.000%
INST_LOST_BREAK_FT_UNAVAILABLE                 3638145        4.440%          3638145        4.440%
INST_LOST_BREAK_ICACHE_STAGE_RESTEER             70103        0.086%            70103        0.086%
INST_LOST_BREAK_ICACHE_MISS_REQ_SUCCESS         799106        0.975%           799106        0.975%
INST_LOST_BREAK_ICACHE_MISS_REQ_FAILURE           1410        0.002%             1410        0.002%
INST_LOST_BREAK_ICACHE_WAIT_FOR_MISS           7297025        8.906%          7297025        8.906%
INST_LOST_BREAK_ICACHE_STALLED                 1336686        1.631%          1336686        1.631%
INST_LOST_BREAK_ICACHE_TO_UOP_CACHE_SWITCH        719923        0.879%           719923        0.879%
INST_LOST_BREAK_ICACHE_READ_LIMIT              1633600        1.994%          1633600        1.994%
INST_LOST_BREAK_ICACHE_ISSUE_WIDTH                   0        0.000%                0        0.000%
INST_LOST_BREAK_UOP_CACHE_STALLED               911132        1.112%           911132        1.112%
INST_LOST_BREAK_UOP_CACHE_TO_ICACHE_SWITCH        911188        1.112%           911188        1.112%
INST_LOST_BREAK_UOP_CACHE_READ_LIMIT           4852762        5.923%          4852762        5.923%
INST_LOST_BREAK_UOP_CACHE_ISSUE_WIDTH                0        0.000%                0        0.000%
                                              81935914      100.000%         81935914      100.000%
                                                  5.89         7.18              5.89         7.18

INST_LOST_TOTAL                               83292552                       83292552              

INST_LOST_WAIT_FOR_ICACHE_MISS_NOT_PREFETCHED        397602        5.756%           397602        5.756%
INST_LOST_WAIT_FOR_ICACHE_MISS_PREFETCHED_AND_EVICTED_BY_IFETCH             0        0.000%                0        0.000%
INST_LOST_WAIT_FOR_ICACHE_MISS_PREFETCHED_AND_EVICTED_BY_FDIP             0        0.000%                0        0.000%
INST_LOST_WAIT_FOR_ICACHE_MISS_MSHR_HIT_PREF_OFFPATH         67434        0.976%            67434        0.976%
INST_LOST_WAIT_FOR_ICACHE_MISS_MSHR_HIT_PREF_ONPATH       6442974       93.268%          6442974       93.268%
                                               6908010      100.000%          6908010      100.000%
                                                  3.76         3.64              3.76         3.64

FETCH_0_OPS                                    2092749       17.556%          2092749       17.556%
FETCH_1_OPS                                     258866        2.172%           258866        2.172%
FETCH_2_OPS                                     386260        3.240%           386260        3.240%
FETCH_3_OPS                                     462083        3.876%           462083        3.876%
FETCH_4_OPS                                     723670        6.071%           723670        6.071%
FETCH_5_OPS                                     497471        4.173%           497471        4.173%
FETCH_6_OPS                                    3161702       26.523%          3161702       26.523%
FETCH_7_OPS                                     350778        2.943%           350778        2.943%
FETCH_8_OPS                                    3987018       33.446%          3987018       33.446%
FETCH_9_OPS                                          0        0.000%                0        0.000%
FETCH_10_OPS                                         0        0.000%                0        0.000%
FETCH_11_OPS                                         0        0.000%                0        0.000%
FETCH_12_OPS                                         0        0.000%                0        0.000%
FETCH_13_OPS                                         0        0.000%                0        0.000%
FETCH_14_OPS                                         0        0.000%                0        0.000%
FETCH_15_OPS                                         0        0.000%                0        0.000%
FETCH_16_OPS                                         0        0.000%                0        0.000%
                                              11920597      100.000%         11920597      100.000%
                                                  5.13         2.00              5.13         2.00

ST_BREAK_DONT                                        0        0.000%                0        0.000%
ST_BREAK_FT_UNAVAILABLE                         609183        5.110%           609183        5.110%
ST_BREAK_ICACHE_STAGE_RESTEER                    19259        0.162%            19259        0.162%
ST_BREAK_ICACHE_MISS_REQ_SUCCESS                173520        1.456%           173520        1.456%
ST_BREAK_ICACHE_MISS_REQ_FAILURE                   236        0.002%              236        0.002%
ST_BREAK_ICACHE_WAIT_FOR_MISS                  1216208       10.203%          1216208       10.203%
ST_BREAK_ICACHE_STALLED                         554316        4.650%           554316        4.650%
ST_BREAK_ICACHE_TO_UOP_CACHE_SWITCH             222257        1.864%           222257        1.864%
ST_BREAK_ICACHE_READ_LIMIT                      646227        5.421%           646227        5.421%
ST_BREAK_ICACHE_ISSUE_WIDTH                    2604541       21.849%          2604541       21.849%
ST_BREAK_UOP_CACHE_STALLED                     1666399       13.979%          1666399       13.979%
ST_BREAK_UOP_CACHE_TO_ICACHE_SWITCH             203889        1.710%           203889        1.710%
ST_BREAK_UOP_CACHE_READ_LIMIT                  1384504       11.614%          1384504       11.614%
ST_BREAK_UOP_CACHE_ISSUE_WIDTH                 2620058       21.979%          2620058       21.979%
                                              11920597      100.000%         11920597      100.000%
                                                  9.25         5.44              9.25         5.44

ORACLE_ON_PATH_INST                           38673400       82.807%         38673400       82.807%
ORACLE_OFF_PATH_INST                           8029472       17.193%          8029472       17.193%
                                              46702872      100.000%         46702872      100.000%
                                                  0.17         0.35              0.17         0.35

ORACLE_ON_PATH_INST_MEM                       12435897       26.628%         12435897       26.628%
ORACLE_ON_PATH_INST_NOTMEM                    26237503       56.180%         26237503       56.180%
ORACLE_OFF_PATH_INST_MEM                       2058046        4.407%          2058046        4.407%
ORACLE_OFF_PATH_INST_NOTMEM                    5971426       12.786%          5971426       12.786%
                                              46702872      100.000%         46702872      100.000%
                                                  1.03         0.82              1.03         0.82

ICACHE_CYCLE_NONRA_ONPATH                            0         -nan%                0         -nan%
ICACHE_CYCLE_NONRA_OFFPATH                           0         -nan%                0         -nan%
ICACHE_CYCLE_RA_ONPATH                               0         -nan%                0         -nan%
ICACHE_CYCLE_RA_OFFPATH                              0         -nan%                0         -nan%
                                                     0         -nan%                0         -nan%
                                                  -nan         -nan              -nan         -nan

ICACHE_CYCLE_ONPATH_NONRA                            0         -nan%                0         -nan%
ICACHE_CYCLE_OFFPATH_NONRA                           0         -nan%                0         -nan%
                                                     0         -nan%                0         -nan%
                                                  -nan         -nan              -nan         -nan

ICACHE_CYCLE_ONPATH_RA                               0         -nan%                0         -nan%
ICACHE_CYCLE_OFFPATH_RA                              0         -nan%                0         -nan%
                                                     0         -nan%                0         -nan%
                                                  -nan         -nan              -nan         -nan

INACCURATE_OFFPATH_CYCLES                            0        0.0000                0        0.0000

FETCH_ALL_INST                                46702872                       46702872              

EXEC_ALL_INST                                 40291585                       40291585              

RET_ALL_INST                                  38673400                       38673400              

EXEC_ON_PATH_INST                             38673400       95.984%         38673400       95.984%
EXEC_OFF_PATH_INST                             1618185        4.016%          1618185        4.016%
                                              40291585      100.000%         40291585      100.000%
                                                  0.04         0.19              0.04         0.19

EXEC_ON_PATH_INST_MEM                         12435897       30.865%         12435897       30.865%
EXEC_ON_PATH_INST_NOTMEM                      26237503       65.119%         26237503       65.119%
EXEC_OFF_PATH_INST_MEM                          413694        1.027%           413694        1.027%
EXEC_OFF_PATH_INST_NOTMEM                      1204491        2.989%          1204491        2.989%
                                              40291585      100.000%         40291585      100.000%
                                                  0.76         0.47              0.76         0.47

EXEC_RA_INST                                         0         -nan%                0         -nan%
EXEC_NONRA_INST                                      0         -nan%                0         -nan%
                                                     0         -nan%                0         -nan%
                                                  -nan         -nan              -nan         -nan

EXEC_ON_PATH_INST_RA                                 0         -nan%                0         -nan%
EXEC_OFF_PATH_INST_RA                                0         -nan%                0         -nan%
                                                     0         -nan%                0         -nan%
                                                  -nan         -nan              -nan         -nan

EXEC_ON_PATH_INST_NONRA                              0         -nan%                0         -nan%
EXEC_OFF_PATH_INST_NONRA                             0         -nan%                0         -nan%
                                                     0         -nan%                0         -nan%
                                                  -nan         -nan              -nan         -nan

EXEC_RA_ON_PATH_INST                                 0         -nan%                0         -nan%
EXEC_RA_OFF_PATH_INST                                0         -nan%                0         -nan%
EXEC_NONRA_ON_PATH_INST                              0         -nan%                0         -nan%
EXEC_NONRA_OFF_PATH_INST                             0         -nan%                0         -nan%
                                                     0         -nan%                0         -nan%
                                                  -nan         -nan              -nan         -nan

ICACHE_THROTTLE_CYCLE                                0                              0              

FETCH_ENABLE_THROTTLE_OFF_PATH                       0         -nan%                0         -nan%
FETCH_ENABLE_THROTTLE_ON_PATH                        0         -nan%                0         -nan%
                                                     0         -nan%                0         -nan%
                                                  -nan         -nan              -nan         -nan

FETCH_DISABLE_THROTTLE_OFF_PATH                      0         -nan%                0         -nan%
FETCH_DISABLE_THROTTLE_ON_PATH                       0         -nan%                0         -nan%
                                                     0         -nan%                0         -nan%
                                                  -nan         -nan              -nan         -nan

FETCH_TH_ADJUST__0                                   0         -nan%                0         -nan%
FETCH_TH_ADJUST__1                                   0         -nan%                0         -nan%
FETCH_TH_ADJUST__2                                   0         -nan%                0         -nan%
FETCH_TH_ADJUST__3                                   0         -nan%                0         -nan%
FETCH_TH_ADJUST__4                                   0         -nan%                0         -nan%
FETCH_TH_ADJUST__5                                   0         -nan%                0         -nan%
FETCH_TH_ADJUST__6                                   0         -nan%                0         -nan%
FETCH_TH_ADJUST__7                                   0         -nan%                0         -nan%
FETCH_TH_ADJUST__8                                   0         -nan%                0         -nan%
FETCH_TH_ADJUST__9                                   0         -nan%                0         -nan%
FETCH_TH_ADJUST__MAX                                 0         -nan%                0         -nan%
                                                     0         -nan%                0         -nan%
                                                  -nan         -nan              -nan         -nan

FETCH_TH_ADJUST_UP                                   0         -nan%                0         -nan%
FETCH_TH_ADJUST_DOWN                                 0         -nan%                0         -nan%
FETCH_TH_ADJUST_SAME                                 0         -nan%                0         -nan%
                                                     0         -nan%                0         -nan%
                                                  -nan         -nan              -nan         -nan

THROTTLE_ADJUST_CACHE_MISS_INFO                      0                              0              

LOW_CONF_COUNT_BP_MIS_0                              0         -nan%                0         -nan%
LOW_CONF_COUNT_BP_MIS_1                              0         -nan%                0         -nan%
LOW_CONF_COUNT_BP_MIS_2                              0         -nan%                0         -nan%
LOW_CONF_COUNT_BP_MIS_3                              0         -nan%                0         -nan%
LOW_CONF_COUNT_BP_MIS_4                              0         -nan%                0         -nan%
LOW_CONF_COUNT_BP_MIS_5                              0         -nan%                0         -nan%
LOW_CONF_COUNT_BP_MIS_6                              0         -nan%                0         -nan%
LOW_CONF_COUNT_BP_MIS_7                              0         -nan%                0         -nan%
LOW_CONF_COUNT_BP_MIS_8                              0         -nan%                0         -nan%
LOW_CONF_COUNT_BP_MIS_9                              0         -nan%                0         -nan%
LOW_CONF_COUNT_BP_MIS_10                             0         -nan%                0         -nan%
LOW_CONF_COUNT_BP_MIS_11                             0         -nan%                0         -nan%
LOW_CONF_COUNT_BP_MIS_12                             0         -nan%                0         -nan%
LOW_CONF_COUNT_BP_MIS_13                             0         -nan%                0         -nan%
LOW_CONF_COUNT_BP_MIS_14                             0         -nan%                0         -nan%
LOW_CONF_COUNT_BP_MIS_15                             0         -nan%                0         -nan%
LOW_CONF_COUNT_BP_MIS_16                             0         -nan%                0         -nan%
LOW_CONF_COUNT_BP_MIS_17                             0         -nan%                0         -nan%
LOW_CONF_COUNT_BP_MIS_18                             0         -nan%                0         -nan%
LOW_CONF_COUNT_BP_MIS_19                             0         -nan%                0         -nan%
LOW_CONF_COUNT_BP_MIS_20                             0         -nan%                0         -nan%
                                                     0         -nan%                0         -nan%
                                                  -nan         -nan              -nan         -nan

LOW_CONF_COUNT_RET_0                                 0         -nan%                0         -nan%
LOW_CONF_COUNT_RET_1                                 0         -nan%                0         -nan%
LOW_CONF_COUNT_RET_2                                 0         -nan%                0         -nan%
LOW_CONF_COUNT_RET_3                                 0         -nan%                0         -nan%
LOW_CONF_COUNT_RET_4                                 0         -nan%                0         -nan%
LOW_CONF_COUNT_RET_5                                 0         -nan%                0         -nan%
LOW_CONF_COUNT_RET_6                                 0         -nan%                0         -nan%
LOW_CONF_COUNT_RET_7                                 0         -nan%                0         -nan%
LOW_CONF_COUNT_RET_8                                 0         -nan%                0         -nan%
LOW_CONF_COUNT_RET_9                                 0         -nan%                0         -nan%
LOW_CONF_COUNT_RET_10                                0         -nan%                0         -nan%
LOW_CONF_COUNT_RET_11                                0         -nan%                0         -nan%
LOW_CONF_COUNT_RET_12                                0         -nan%                0         -nan%
LOW_CONF_COUNT_RET_13                                0         -nan%                0         -nan%
LOW_CONF_COUNT_RET_14                                0         -nan%                0         -nan%
LOW_CONF_COUNT_RET_15                                0         -nan%                0         -nan%
LOW_CONF_COUNT_RET_16                                0         -nan%                0         -nan%
LOW_CONF_COUNT_RET_17                                0         -nan%                0         -nan%
LOW_CONF_COUNT_RET_18                                0         -nan%                0         -nan%
LOW_CONF_COUNT_RET_19                                0         -nan%                0         -nan%
LOW_CONF_COUNT_RET_20                                0         -nan%                0         -nan%
                                                     0         -nan%                0         -nan%
                                                  -nan         -nan              -nan         -nan

CYCLES_RESTEER_RECOVER_AT_EXEC                       0         -nan%                0         -nan%
CYCLES_RESTEER_RECOVER_AT_DECODE                     0         -nan%                0         -nan%
CYCLES_RESTEER_BTB_MISS                              0         -nan%                0         -nan%
                                                     0         -nan%                0         -nan%
                                                  -nan         -nan              -nan         -nan

CYCLES_RESTEER_RECOVER_AT_EXEC_SAVED_UC_FETCH             0         -nan%                0         -nan%
CYCLES_RESTEER_RECOVER_AT_EXEC_COULD_BE_SAVED_UC_FETCH             0         -nan%                0         -nan%
CYCLES_RESTEER_RECOVER_AT_DECODE_SAVED_UC_FETCH             0         -nan%                0         -nan%
CYCLES_RESTEER_RECOVER_AT_DECODE_COULD_BE_SAVED_UC_FETCH             0         -nan%                0         -nan%
CYCLES_RESTEER_BTB_MISS_SAVED_UC_FETCH               0         -nan%                0         -nan%
CYCLES_RESTEER_BTB_MISS_COULD_BE_SAVED_UC_FETCH             0         -nan%                0         -nan%
                                                     0         -nan%                0         -nan%
                                                  -nan         -nan              -nan         -nan

CYCLES_UOC_IC_SWITCH                                 0                              0              



