/* -*- Mode: c -*- */
####################################################################################################
Core 0
####################################################################################################
Cumulative:        Cycles: 13917597              Instructions: 39999999              IPC: 2.87406

Periodic:          Cycles: 13917597              Instructions: 39999999              IPC: 2.87406

EXECUTION_TIME                           4349249062500                  4349249062500              

SIM_HOST_WALL_SECONDS                       453.601210                     453.601210              

NODE_CYCLE                                    13917597                       13917597              

NODE_INST_COUNT                               39999999                       39999999              

NODE_INST_COUNT_FETCHED                       39999999                       39999999              

NODE_UOP_COUNT                                54240089                       54240089              

EXEC_STAGE_NO_ISSUE_STALL_CYCLE               11607357                       11607357              

EXEC_STAGE_NO_ISSUE_STALL_CYCLE_ONPATH        11544224                       11544224              

FULL_WINDOW_STALL                                 1496        0.011%             1496        0.011%

FULL_WINDOW_MEM_OP                                1432      100.000%             1432      100.000%
FULL_WINDOW_FP_OP                                    0        0.000%                0        0.000%
FULL_WINDOW_OTHER_OP                                 0        0.000%                0        0.000%
                                                  1432      100.000%             1432      100.000%
                                                  0.00         0.00              0.00         0.00

RET_BLOCKED_DC_MISS                            7000094       50.297%          7000094       50.297%

RET_BLOCKED_L1_MISS                             156336        1.123%           156336        1.123%

RET_BLOCKED_L1_MISS_BW_PREF                       3973        0.029%             3973        0.029%

RET_BLOCKED_L1_ACCESS                          6843758       49.173%          6843758       49.173%

RET_BLOCKED_MEM_STALL                           156336        1.123%           156336        1.123%

RET_BLOCKED_OFFCHIP_DEMAND                           0        0.000%                0        0.000%

OP_ISSUED                                     54450300                       54450300              

OP_RETIRED                                    54240089                       54240089              

OP_MACRO_FUSION_ONPATH                         5623713                        5623713              

OP_MACRO_FUSION_OFFPATH                          33118                          33118              

REPLAY_SIGNALED                                      0                              0              

REPLAY_COUNTED                                       0                              0              

OFF_CRITICAL_PATH                                    0         -nan%                0         -nan%
ON_CRITICAL_PATH                                     0         -nan%                0         -nan%
                                                     0         -nan%                0         -nan%
                                                  -nan         -nan              -nan         -nan

LD_NO_DEPENDENTS                                810070        6.701%           810070        6.701%
LD_DEPENDENTS                                 11278007       93.299%         11278007       93.299%
                                              12088077      100.000%         12088077      100.000%
                                                  0.93         0.90              0.93         0.90

LD_EXEC_CYCLES_0                                     0        0.000%                0        0.000%
LD_EXEC_CYCLES_1                               1556884       91.812%          1556884       91.812%
LD_EXEC_CYCLES_2                                119086        7.023%           119086        7.023%
LD_EXEC_CYCLES_3                                  1393        0.082%             1393        0.082%
LD_EXEC_CYCLES_4                                 18367        1.083%            18367        1.083%
                                               1695730      100.000%          1695730      100.000%
                                                  1.10         0.42              1.10         0.42

ICACHE_STAGE_STARVED                             17578        0.128%            17578        0.128%
ICACHE_STAGE_NOT_STARVED                      13686891       99.872%         13686891       99.872%
                                              13704469      100.000%         13704469      100.000%
                                                  1.00         1.00              1.00         1.00

ICACHE_STAGE_STALLED                           6247446       44.889%          6247446       44.889%
ICACHE_STAGE_NOT_STALLED                       7457023       53.580%          7457023       53.580%
ICACHE_STAGE_OFF_PATH                           213128        1.531%           213128        1.531%
                                              13917597      100.000%         13917597      100.000%
                                                  0.57         0.37              0.57         0.37

DECODE_STAGE_STARVED                          13793451       99.869%         13793451       99.869%
DECODE_STAGE_NOT_STARVED                         18059        0.131%            18059        0.131%
                                              13811510      100.000%         13811510      100.000%
                                                  0.00         0.04              0.00         0.04

DECODE_STAGE_STALLED                             44890        0.323%            44890        0.323%
DECODE_STAGE_NOT_STALLED                      13766620       98.915%         13766620       98.915%
DECODE_STAGE_OFF_PATH                           106087        0.762%           106087        0.762%
                                              13917597      100.000%         13917597      100.000%
                                                  1.00         0.12              1.00         0.12

UOPQ_STAGE_STARVED                              176468        2.346%           176468        2.346%
UOPQ_STAGE_NOT_STARVED                         7344343       97.654%          7344343       97.654%
                                               7520811      100.000%          7520811      100.000%
                                                  0.98         0.97              0.98         0.97

UOPQ_STAGE_STALLED                             6248740       44.898%          6248740       44.898%
UOPQ_STAGE_NOT_STALLED                         7520811       54.038%          7520811       54.038%
UOPQ_STAGE_OFF_PATH                             148046        1.064%           148046        1.064%
                                              13917597      100.000%         13917597      100.000%
                                                  0.56         0.36              0.56         0.36

RS_OP_READY_NOT_ISSUED_TOTAL                  10173154                       10173154              

RS_0_OP_READY_NOT_ISSUED                       9043688                        9043688              

RS_1_OP_READY_NOT_ISSUED                        268311                         268311              

RS_2_OP_READY_NOT_ISSUED                        861155                         861155              

RS_3_OP_READY_NOT_ISSUED                             0                              0              

RS_4_OP_READY_NOT_ISSUED                             0                              0              

RS_5_OP_READY_NOT_ISSUED                             0                              0              

RS_6_OP_READY_NOT_ISSUED                             0                              0              

RS_7_OP_READY_NOT_ISSUED                             0                              0              

RS_7_PLUS_OP_READY_NOT_ISSUED                        0                              0              

FU_IDLE_NO_READY_OPS_TOTAL                    41438623                       41438623              

FU_0_IDLE_NO_READY_OPS                         2280609                        2280609              

FU_1_IDLE_NO_READY_OPS                         2735130                        2735130              

FU_2_IDLE_NO_READY_OPS                         4983883                        4983883              

FU_3_IDLE_NO_READY_OPS                         4983440                        4983440              

FU_4_IDLE_NO_READY_OPS                         2744264                        2744264              

FU_5_IDLE_NO_READY_OPS                         2211883                        2211883              

FU_6_IDLE_NO_READY_OPS                         6887765                        6887765              

FU_7_IDLE_NO_READY_OPS                         6884944                        6884944              

FU_8_IDLE_NO_READY_OPS                         2742902                        2742902              

FU_9_IDLE_NO_READY_OPS                         4983803                        4983803              

FU_10_IDLE_NO_READY_OPS                              0                              0              

FU_11_IDLE_NO_READY_OPS                              0                              0              

FU_12_IDLE_NO_READY_OPS                              0                              0              

FU_13_IDLE_NO_READY_OPS                              0                              0              

FU_14_IDLE_NO_READY_OPS                              0                              0              

FU_15_IDLE_NO_READY_OPS                              0                              0              

FU_16_IDLE_NO_READY_OPS                              0                              0              

FU_17_IDLE_NO_READY_OPS                              0                              0              

FU_18_IDLE_NO_READY_OPS                              0                              0              

FU_19_IDLE_NO_READY_OPS                              0                              0              

FU_20_IDLE_NO_READY_OPS                              0                              0              

FU_21_IDLE_NO_READY_OPS                              0                              0              

FU_22_IDLE_NO_READY_OPS                              0                              0              

FU_23_IDLE_NO_READY_OPS                              0                              0              

FU_24_IDLE_NO_READY_OPS                              0                              0              

FU_25_IDLE_NO_READY_OPS                              0                              0              

FU_26_IDLE_NO_READY_OPS                              0                              0              

FU_27_IDLE_NO_READY_OPS                              0                              0              

FU_28_IDLE_NO_READY_OPS                              0                              0              

FU_29_IDLE_NO_READY_OPS                              0                              0              

FU_30_IDLE_NO_READY_OPS                              0                              0              

FU_31_IDLE_NO_READY_OPS                              0                              0              

FU_31_PLUS_IDLE_NO_READY_OPS                         0                              0              

MAP_STAGE_STARVED                                40588        0.447%            40588        0.447%
MAP_STAGE_NOT_STARVED                          9048937       99.553%          9048937       99.553%
                                               9089525      100.000%          9089525      100.000%
                                                  1.00         0.99              1.00         0.99

MAP_STAGE_STALLED                                    0        0.000%                0        0.000%
MAP_STAGE_NOT_STALLED                          9089525       99.052%          9089525       99.052%
MAP_STAGE_OFF_PATH                               86999        0.948%            86999        0.948%
                                               9176524      100.000%          9176524      100.000%
                                                  1.01         0.14              1.01         0.14

MAP_STAGE_STALL_ITSELF                         4741073       34.065%          4741073       34.065%
MAP_STAGE_NOT_STALL_ITSELF                     9176524       65.935%          9176524       65.935%
                                              13917597      100.000%         13917597      100.000%
                                                  0.66         0.60              0.66         0.60

MAP_STAGE_LATE_ALLOCATE_SEND_BACK                    0                              0              

MAP_STAGE_RENAME_OP_ONPATH                    54240089                       54240089              

MAP_STAGE_RENAME_OP_OFFPATH                     384841                         384841              

MAP_STAGE_RENAME_INT_REG_ONPATH               41116475                       41116475              

MAP_STAGE_RENAME_INT_REG_OFFPATH                268293                         268293              

MAP_STAGE_RENAME_VEC_REG_ONPATH                      4                              4              

MAP_STAGE_RENAME_VEC_REG_OFFPATH                     5                              5              

MAP_STAGE_RENAME_MOVE_ELIM_ONPATH                    0                              0              

MAP_STAGE_RENAME_MOVE_ELIM_OFFPATH                   0                              0              

MAP_STAGE_ONPATH_INT_REG_NUM_ALLOC            46042946                       46042946              

MAP_STAGE_ONPATH_VEC_REG_NUM_ALLOC                   2                              2              

MAP_STAGE_ONPATH_INT_REG_NUM_SHORTLIVE        16913999                       16913999              

MAP_STAGE_ONPATH_VEC_REG_NUM_SHORTLIVE               2                              2              

MAP_STAGE_ONPATH_INT_REG_USE_COUNT_0          10573031                       10573031              

MAP_STAGE_ONPATH_VEC_REG_USE_COUNT_0                 0                              0              

MAP_STAGE_ONPATH_INT_REG_USE_COUNT_1          19120024                       19120024              

MAP_STAGE_ONPATH_VEC_REG_USE_COUNT_1                 2                              2              

MAP_STAGE_ONPATH_INT_REG_USE_COUNT_2          12864363                       12864363              

MAP_STAGE_ONPATH_VEC_REG_USE_COUNT_2                 0                              0              

MAP_STAGE_ONPATH_INT_REG_USE_COUNT_3           1080510                        1080510              

MAP_STAGE_ONPATH_VEC_REG_USE_COUNT_3                 0                              0              

MAP_STAGE_ONPATH_INT_REG_USE_COUNT_4           1333506                        1333506              

MAP_STAGE_ONPATH_VEC_REG_USE_COUNT_4                 0                              0              

MAP_STAGE_ONPATH_INT_REG_USE_COUNT_5            268916                         268916              

MAP_STAGE_ONPATH_VEC_REG_USE_COUNT_5                 0                              0              

MAP_STAGE_ONPATH_INT_REG_USE_COUNT_6            799133                         799133              

MAP_STAGE_ONPATH_VEC_REG_USE_COUNT_6                 0                              0              

MAP_STAGE_ONPATH_INT_REG_USE_COUNT_7_PLUS          3463                           3463              

MAP_STAGE_ONPATH_VEC_REG_USE_COUNT_7_PLUS             0                              0              

MAP_STAGE_ONPATH_INT_REG_CONSUME_DIST_0              0        0.0000                0        0.0000

MAP_STAGE_ONPATH_VEC_REG_CONSUME_DIST_0              0          -nan                0          -nan

MAP_STAGE_ONPATH_INT_REG_CONSUME_DIST_1              0        0.0000                0        0.0000

MAP_STAGE_ONPATH_VEC_REG_CONSUME_DIST_1              0        0.0000                0        0.0000

MAP_STAGE_ONPATH_INT_REG_CONSUME_DIST_2       25363030        1.9716         25363030        1.9716

MAP_STAGE_ONPATH_VEC_REG_CONSUME_DIST_2              0          -nan                0          -nan

MAP_STAGE_ONPATH_INT_REG_CONSUME_DIST_3        4899314        4.5343          4899314        4.5343

MAP_STAGE_ONPATH_VEC_REG_CONSUME_DIST_3              0          -nan                0          -nan

MAP_STAGE_ONPATH_INT_REG_CONSUME_DIST_4       11340411        8.5042         11340411        8.5042

MAP_STAGE_ONPATH_VEC_REG_CONSUME_DIST_4              0          -nan                0          -nan

MAP_STAGE_ONPATH_INT_REG_CONSUME_DIST_5         506201        1.8824           506201        1.8824

MAP_STAGE_ONPATH_VEC_REG_CONSUME_DIST_5              0          -nan                0          -nan

MAP_STAGE_ONPATH_INT_REG_CONSUME_DIST_6        7504308        9.3906          7504308        9.3906

MAP_STAGE_ONPATH_VEC_REG_CONSUME_DIST_6              0          -nan                0          -nan

MAP_STAGE_ONPATH_INT_REG_CONSUME_DIST_7_PLUS         38199       11.0306            38199       11.0306

MAP_STAGE_ONPATH_VEC_REG_CONSUME_DIST_7_PLUS             0          -nan                0          -nan

MAP_STAGE_INT_REG_ISSUE_READ_TOTAL_CONSUMED      59804861        5.1523         59804861        5.1523

MAP_STAGE_VEC_REG_ISSUE_READ_TOTAL_CONSUMED             8        0.0000                8        0.0000

MAP_STAGE_INT_REG_ISSUE_READ_MULTI_CONSUMED      24225214        2.0871         24225214        2.0871

MAP_STAGE_VEC_REG_ISSUE_READ_MULTI_CONSUMED             0        0.0000                0        0.0000

MAP_STAGE_INT_REG_ISSUE_READ_SAME_CYCLE_CONSUMED      15595024        1.3435         15595024        1.3435

MAP_STAGE_VEC_REG_ISSUE_READ_SAME_CYCLE_CONSUMED             0        0.0000                0        0.0000

MAP_STAGE_INT_REG_ISSUE_READ_TOTAL_CONSUMED_ONPATH      59599028        5.1627         59599028        5.1627

MAP_STAGE_VEC_REG_ISSUE_READ_TOTAL_CONSUMED_ONPATH             4        0.0000                4        0.0000

MAP_STAGE_INT_REG_ISSUE_READ_MULTI_CONSUMED_ONPATH      24129095        2.0901         24129095        2.0901

MAP_STAGE_VEC_REG_ISSUE_READ_MULTI_CONSUMED_ONPATH             0        0.0000                0        0.0000

MAP_STAGE_INT_REG_ISSUE_READ_SAME_CYCLE_CONSUMED_ONPATH      15533780        1.3456         15533780        1.3456

MAP_STAGE_VEC_REG_ISSUE_READ_SAME_CYCLE_CONSUMED_ONPATH             0        0.0000                0        0.0000

MAP_STAGE_ONPATH_INT_REG_LIFECYCLE_EMPTY     873523842                      873523842              

MAP_STAGE_ONPATH_VEC_REG_LIFECYCLE_EMPTY            10                             10              

MAP_STAGE_ONPATH_INT_REG_LIFECYCLE_IN_USE    1371527087                     1371527087              

MAP_STAGE_ONPATH_VEC_REG_LIFECYCLE_IN_USE            12                             12              

MAP_STAGE_ONPATH_INT_REG_LIFECYCLE_SPEC_RELEASE    3175361882                     3175361882              

MAP_STAGE_ONPATH_VEC_REG_LIFECYCLE_SPEC_RELEASE           309                            309              

MAP_STAGE_ONPATH_INT_REG_LIFECYCLE_NONSPEC_RELEASE    3175361882                     3175361882              

MAP_STAGE_ONPATH_VEC_REG_LIFECYCLE_NONSPEC_RELEASE           309                            309              

MAP_STAGE_ONPATH_INT_REG_LIFECYCLE_TOTAL    3175361882                     3175361882              

MAP_STAGE_ONPATH_VEC_REG_LIFECYCLE_TOTAL           309                            309              

MAP_STAGE_ONPATH_INT_REG_NUM_NONBRANCH        46042946                       46042946              

MAP_STAGE_ONPATH_VEC_REG_NUM_NONBRANCH               2                              2              

MAP_STAGE_ONPATH_INT_REG_NUM_NONEXCEPT        46042946                       46042946              

MAP_STAGE_ONPATH_VEC_REG_NUM_NONEXCEPT               2                              2              

MAP_STAGE_ONPATH_INT_REG_NUM_ATOMIC           46042946                       46042946              

MAP_STAGE_ONPATH_VEC_REG_NUM_ATOMIC                  2                              2              

MAP_STAGE_ONPATH_INT_REG_ATOMIC_REDEFINED_DIST_TOTAL    3175361882       68.9652       3175361882       68.9652

MAP_STAGE_ONPATH_VEC_REG_ATOMIC_REDEFINED_DIST_TOTAL           309      154.5000              309      154.5000

MAP_STAGE_ONPATH_INT_REG_ATOMIC_CONSUMED_DIST_TOTAL    1371527087       29.7880       1371527087       29.7880

MAP_STAGE_ONPATH_VEC_REG_ATOMIC_CONSUMED_DIST_TOTAL            12        6.0000               12        6.0000

MAP_STAGE_ONPATH_INT_REG_ATOMIC_RELEASE_DIST_TOTAL    3175361882       68.9652       3175361882       68.9652

MAP_STAGE_ONPATH_VEC_REG_ATOMIC_RELEASE_DIST_TOTAL           309      154.5000              309      154.5000

EXEC_STAGE_STARVED                            12858422       92.390%         12858422       92.390%
EXEC_STAGE_NOT_STARVED                          955558        6.866%           955558        6.866%
EXEC_STAGE_OFF_PATH                             103617        0.745%           103617        0.745%
                                              13917597      100.000%         13917597      100.000%
                                                  0.08         0.29              0.08         0.29

FU_BUSY_0                                      7922317                        7922317              

FU_BUSY_1                                      6301254                        6301254              

FU_BUSY_2                                      4228820                        4228820              

FU_BUSY_3                                      4230074                        4230074              

FU_BUSY_4                                      5787187                        5787187              

FU_BUSY_5                                      8372040                        8372040              

FU_BUSY_6                                      4096889                        4096889              

FU_BUSY_7                                      4099255                        4099255              

FU_BUSY_8                                      6138522                        6138522              

FU_BUSY_9                                      4234278                        4234278              

FU_BUSY_10                                           0                              0              

FU_BUSY_11                                           0                              0              

FU_BUSY_12                                           0                              0              

FU_BUSY_13                                           0                              0              

FU_BUSY_14                                           0                              0              

FU_BUSY_15                                           0                              0              

FU_BUSY_16                                           0                              0              

FU_BUSY_17                                           0                              0              

FU_BUSY_18                                           0                              0              

FU_BUSY_19                                           0                              0              

FU_BUSY_20                                           0                              0              

FU_BUSY_21                                           0                              0              

FU_BUSY_22                                           0                              0              

FU_BUSY_23                                           0                              0              

FU_BUSY_24                                           0                              0              

FU_BUSY_25                                           0                              0              

FU_BUSY_26                                           0                              0              

FU_BUSY_27                                           0                              0              

FU_BUSY_28                                           0                              0              

FU_BUSY_29                                           0                              0              

FU_BUSY_30                                           0                              0              

FU_BUSY_31                                           0                              0              

FU_REJECTED_OP_INV_NOT_SIMD                          0        0.000%                0        0.000%
FU_REJECTED_OP_NOP_NOT_SIMD                          0        0.000%                0        0.000%
FU_REJECTED_OP_CF_NOT_SIMD                         103        0.033%              103        0.033%
FU_REJECTED_OP_MOV_NOT_SIMD                          5        0.002%                5        0.002%
FU_REJECTED_OP_CMOV_NOT_SIMD                         0        0.000%                0        0.000%
FU_REJECTED_OP_LDA_NOT_SIMD                          0        0.000%                0        0.000%
FU_REJECTED_OP_IMEM_NOT_SIMD                    309259       99.578%           309259       99.578%
FU_REJECTED_OP_IADD_NOT_SIMD                      1197        0.385%             1197        0.385%
FU_REJECTED_OP_IMUL_NOT_SIMD                         4        0.001%                4        0.001%
FU_REJECTED_OP_IDIV_NOT_SIMD                         0        0.000%                0        0.000%
FU_REJECTED_OP_ICMP_NOT_SIMD                         0        0.000%                0        0.000%
FU_REJECTED_OP_LOGIC_NOT_SIMD                        2        0.001%                2        0.001%
FU_REJECTED_OP_SHIFT_NOT_SIMD                        0        0.000%                0        0.000%
FU_REJECTED_OP_FMEM_NOT_SIMD                         0        0.000%                0        0.000%
FU_REJECTED_OP_FCVT_NOT_SIMD                         0        0.000%                0        0.000%
FU_REJECTED_OP_FADD_NOT_SIMD                         0        0.000%                0        0.000%
FU_REJECTED_OP_FMUL_NOT_SIMD                         0        0.000%                0        0.000%
FU_REJECTED_OP_FMA_NOT_SIMD                          0        0.000%                0        0.000%
FU_REJECTED_OP_FDIV_NOT_SIMD                         0        0.000%                0        0.000%
FU_REJECTED_OP_FCMP_NOT_SIMD                         0        0.000%                0        0.000%
FU_REJECTED_OP_FCMOV_NOT_SIMD                        0        0.000%                0        0.000%
FU_REJECTED_OP_GATHER_NOT_SIMD                       0        0.000%                0        0.000%
FU_REJECTED_OP_SCATTER_NOT_SIMD                      0        0.000%                0        0.000%
FU_REJECTED_OP_PIPELINED_FAST_NOT_SIMD               0        0.000%                0        0.000%
FU_REJECTED_OP_PIPELINED_MEDIUM_NOT_SIMD             0        0.000%                0        0.000%
FU_REJECTED_OP_PIPELINED_SLOW_NOT_SIMD               0        0.000%                0        0.000%
FU_REJECTED_OP_NOTPIPELINED_MEDIUM_NOT_SIMD             0        0.000%                0        0.000%
FU_REJECTED_OP_NOTPIPELINED_SLOW_NOT_SIMD             0        0.000%                0        0.000%
FU_REJECTED_OP_NOTPIPELINED_VERY_SLOW_NOT_SIMD             0        0.000%                0        0.000%
FU_REJECTED_OP_INV_SIMD                              0        0.000%                0        0.000%
FU_REJECTED_OP_NOP_SIMD                              0        0.000%                0        0.000%
FU_REJECTED_OP_CF_SIMD                               0        0.000%                0        0.000%
FU_REJECTED_OP_MOV_SIMD                              0        0.000%                0        0.000%
FU_REJECTED_OP_CMOV_SIMD                             0        0.000%                0        0.000%
FU_REJECTED_OP_LDA_SIMD                              0        0.000%                0        0.000%
FU_REJECTED_OP_IMEM_SIMD                             0        0.000%                0        0.000%
FU_REJECTED_OP_IADD_SIMD                             0        0.000%                0        0.000%
FU_REJECTED_OP_IMUL_SIMD                             0        0.000%                0        0.000%
FU_REJECTED_OP_IDIV_SIMD                             0        0.000%                0        0.000%
FU_REJECTED_OP_ICMP_SIMD                             0        0.000%                0        0.000%
FU_REJECTED_OP_LOGIC_SIMD                            0        0.000%                0        0.000%
FU_REJECTED_OP_SHIFT_SIMD                            0        0.000%                0        0.000%
FU_REJECTED_OP_FMEM_SIMD                             0        0.000%                0        0.000%
FU_REJECTED_OP_FCVT_SIMD                             0        0.000%                0        0.000%
FU_REJECTED_OP_FADD_SIMD                             0        0.000%                0        0.000%
FU_REJECTED_OP_FMUL_SIMD                             0        0.000%                0        0.000%
FU_REJECTED_OP_FMA_SIMD                              0        0.000%                0        0.000%
FU_REJECTED_OP_FDIV_SIMD                             0        0.000%                0        0.000%
FU_REJECTED_OP_FCMP_SIMD                             0        0.000%                0        0.000%
FU_REJECTED_OP_FCMOV_SIMD                            0        0.000%                0        0.000%
FU_REJECTED_OP_GATHER_SIMD                           0        0.000%                0        0.000%
FU_REJECTED_OP_SCATTER_SIMD                          0        0.000%                0        0.000%
FU_REJECTED_OP_PIPELINED_FAST_SIMD                   0        0.000%                0        0.000%
FU_REJECTED_OP_PIPELINED_MEDIUM_SIMD                 0        0.000%                0        0.000%
FU_REJECTED_OP_PIPELINED_SLOW_SIMD                   0        0.000%                0        0.000%
FU_REJECTED_OP_NOTPIPELINED_MEDIUM_SIMD              0        0.000%                0        0.000%
FU_REJECTED_OP_NOTPIPELINED_SLOW_SIMD                0        0.000%                0        0.000%
FU_REJECTED_OP_NOTPIPELINED_VERY_SLOW_SIMD             0        0.000%                0        0.000%
                                                310570      100.000%           310570      100.000%
                                                  6.00         0.10              6.00         0.10

LSQ_FULL_TOTAL                                       0                              0              

LSQ_FULL_LOAD_QUEUE                                  0                              0              

LSQ_FULL_STORE_QUEUE                                 0                              0              

OP_WAIT_0                                     42000279                       42000279              

OP_WAIT_1                                      8225934                        8225934              

OP_WAIT_2                                      2279741                        2279741              

OP_WAIT_3                                      1121185                        1121185              

OP_WAIT_4                                       408239                         408239              

OP_WAIT_5                                       177484                         177484              

OP_WAIT_6                                        19571                          19571              

OP_WAIT_7                                         5647                           5647              

OP_WAIT_8                                         1111                           1111              

OP_WAIT_9                                          502                            502              

OP_WAIT_10                                         289                            289              

OP_WAIT_11                                          58                             58              

OP_WAIT_12                                          49                             49              

OP_WAIT_13                                           0                              0              

OP_WAIT_14                                           0                              0              

OP_WAIT_15                                           0                              0              

OP_WAIT_16                                           0                              0              

OP_WAIT_17                                           0                              0              

OP_WAIT_18                                           0                              0              

OP_WAIT_19                                           0                              0              

OP_WAIT_20                                           0                              0              

OP_WAIT_21                                           0                              0              

OP_WAIT_22                                           0                              0              

OP_WAIT_23                                           0                              0              

OP_WAIT_24                                           0                              0              

OP_WAIT_25                                           0                              0              

OP_WAIT_26                                           0                              0              

OP_WAIT_27                                           0                              0              

OP_WAIT_28                                           0                              0              

OP_WAIT_29                                           0                              0              

OP_WAIT_30                                           0                              0              

OP_WAIT_31                                           0                              0              

ROW_SIZE_0                                     7010728                        7010728              

ROW_SIZE_1                                       13383                          13383              

ROW_SIZE_2                                       27268                          27268              

ROW_SIZE_3                                        6808                           6808              

ROW_SIZE_4                                      141503                         141503              

ROW_SIZE_5                                        2079                           2079              

ROW_SIZE_6                                       25007                          25007              

ROW_SIZE_7                                         983                            983              

ROW_SIZE_8                                     6677302                        6677302              

ROW_SIZE_9                                           0                              0              

ROW_SIZE_10                                          0                              0              

ROW_SIZE_11                                          0                              0              

ROW_SIZE_12                                          0                              0              

ROW_SIZE_13                                          0                              0              

ROW_SIZE_14                                          0                              0              

ROW_SIZE_15                                          0                              0              

ROW_SIZE_16                                          0                              0              

ROW_SIZE_17                                          0                              0              

ROW_SIZE_18                                          0                              0              

ROW_SIZE_19                                          0                              0              

ROW_SIZE_20                                          0                              0              

ROW_SIZE_21                                          0                              0              

ROW_SIZE_22                                          0                              0              

ROW_SIZE_23                                          0                              0              

ROW_SIZE_24                                          0                              0              

ROW_SIZE_25                                          0                              0              

ROW_SIZE_26                                          0                              0              

ROW_SIZE_27                                          0                              0              

ROW_SIZE_28                                          0                              0              

ROW_SIZE_29                                          0                              0              

ROW_SIZE_30                                          0                              0              

ROW_SIZE_31                                          0                              0              

RET_OP_EXEC_COUNT_0                                  0        0.000%                0        0.000%
RET_OP_EXEC_COUNT_1                           54240089      100.000%         54240089      100.000%
RET_OP_EXEC_COUNT_2                                  0        0.000%                0        0.000%
RET_OP_EXEC_COUNT_3                                  0        0.000%                0        0.000%
RET_OP_EXEC_COUNT_4                                  0        0.000%                0        0.000%
RET_OP_EXEC_COUNT_5                                  0        0.000%                0        0.000%
RET_OP_EXEC_COUNT_6                                  0        0.000%                0        0.000%
RET_OP_EXEC_COUNT_7                                  0        0.000%                0        0.000%
RET_OP_EXEC_COUNT_8                                  0        0.000%                0        0.000%
RET_OP_EXEC_COUNT_9                                  0        0.000%                0        0.000%
RET_OP_EXEC_COUNT_10                                 0        0.000%                0        0.000%
RET_OP_EXEC_COUNT_11                                 0        0.000%                0        0.000%
RET_OP_EXEC_COUNT_12                                 0        0.000%                0        0.000%
RET_OP_EXEC_COUNT_13                                 0        0.000%                0        0.000%
RET_OP_EXEC_COUNT_14                                 0        0.000%                0        0.000%
RET_OP_EXEC_COUNT_15                                 0        0.000%                0        0.000%
RET_OP_EXEC_COUNT_16                                 0        0.000%                0        0.000%
RET_OP_EXEC_COUNT_17                                 0        0.000%                0        0.000%
RET_OP_EXEC_COUNT_18                                 0        0.000%                0        0.000%
RET_OP_EXEC_COUNT_19                                 0        0.000%                0        0.000%
RET_OP_EXEC_COUNT_20                                 0        0.000%                0        0.000%
RET_OP_EXEC_COUNT_21                                 0        0.000%                0        0.000%
RET_OP_EXEC_COUNT_22                                 0        0.000%                0        0.000%
RET_OP_EXEC_COUNT_23                                 0        0.000%                0        0.000%
RET_OP_EXEC_COUNT_24                                 0        0.000%                0        0.000%
RET_OP_EXEC_COUNT_25                                 0        0.000%                0        0.000%
RET_OP_EXEC_COUNT_26                                 0        0.000%                0        0.000%
RET_OP_EXEC_COUNT_27                                 0        0.000%                0        0.000%
RET_OP_EXEC_COUNT_28                                 0        0.000%                0        0.000%
RET_OP_EXEC_COUNT_29                                 0        0.000%                0        0.000%
RET_OP_EXEC_COUNT_30                                 0        0.000%                0        0.000%
RET_OP_EXEC_COUNT_31                                 0        0.000%                0        0.000%
RET_OP_EXEC_COUNT_32                                 0        0.000%                0        0.000%
                                              54240089      100.000%         54240089      100.000%
                                                  1.00         0.00              1.00         0.00

RET_STALL_LENGTH_0                            54238979       99.998%         54238979       99.998%
RET_STALL_LENGTH_100                              1025        0.002%             1025        0.002%
RET_STALL_LENGTH_200                                35        0.000%               35        0.000%
RET_STALL_LENGTH_300                                 7        0.000%                7        0.000%
RET_STALL_LENGTH_400                                 8        0.000%                8        0.000%
RET_STALL_LENGTH_500                                 5        0.000%                5        0.000%
RET_STALL_LENGTH_600                                 3        0.000%                3        0.000%
RET_STALL_LENGTH_700                                 2        0.000%                2        0.000%
RET_STALL_LENGTH_800                                 2        0.000%                2        0.000%
RET_STALL_LENGTH_900                                 3        0.000%                3        0.000%
RET_STALL_LENGTH_1000                                2        0.000%                2        0.000%
RET_STALL_LENGTH_1100                               12        0.000%               12        0.000%
RET_STALL_LENGTH_1200                                5        0.000%                5        0.000%
RET_STALL_LENGTH_1300                                1        0.000%                1        0.000%
RET_STALL_LENGTH_1400                                0        0.000%                0        0.000%
RET_STALL_LENGTH_1500                                0        0.000%                0        0.000%
RET_STALL_LENGTH_1600                                0        0.000%                0        0.000%
RET_STALL_LENGTH_1700                                0        0.000%                0        0.000%
RET_STALL_LENGTH_1800                                0        0.000%                0        0.000%
RET_STALL_LENGTH_1900                                0        0.000%                0        0.000%
RET_STALL_LENGTH_2000                                0        0.000%                0        0.000%
RET_STALL_LENGTH_2100                                0        0.000%                0        0.000%
RET_STALL_LENGTH_2200                                0        0.000%                0        0.000%
RET_STALL_LENGTH_2300                                0        0.000%                0        0.000%
RET_STALL_LENGTH_2400                                0        0.000%                0        0.000%
RET_STALL_LENGTH_2500                                0        0.000%                0        0.000%
RET_STALL_LENGTH_2600                                0        0.000%                0        0.000%
RET_STALL_LENGTH_2700                                0        0.000%                0        0.000%
RET_STALL_LENGTH_2800                                0        0.000%                0        0.000%
RET_STALL_LENGTH_2900                                0        0.000%                0        0.000%
RET_STALL_LENGTH_3000                                0        0.000%                0        0.000%
RET_STALL_LENGTH_3100                                0        0.000%                0        0.000%
RET_STALL_LENGTH_3200                                0        0.000%                0        0.000%
RET_STALL_LENGTH_3300                                0        0.000%                0        0.000%
RET_STALL_LENGTH_3400                                0        0.000%                0        0.000%
RET_STALL_LENGTH_3500                                0        0.000%                0        0.000%
RET_STALL_LENGTH_3600                                0        0.000%                0        0.000%
RET_STALL_LENGTH_3700                                0        0.000%                0        0.000%
RET_STALL_LENGTH_3800                                0        0.000%                0        0.000%
RET_STALL_LENGTH_3900                                0        0.000%                0        0.000%
RET_STALL_LENGTH_4000                                0        0.000%                0        0.000%
RET_STALL_LENGTH_4100                                0        0.000%                0        0.000%
RET_STALL_LENGTH_4200                                0        0.000%                0        0.000%
RET_STALL_LENGTH_4300                                0        0.000%                0        0.000%
RET_STALL_LENGTH_4400                                0        0.000%                0        0.000%
RET_STALL_LENGTH_4500                                0        0.000%                0        0.000%
RET_STALL_LENGTH_4600                                0        0.000%                0        0.000%
RET_STALL_LENGTH_4700                                0        0.000%                0        0.000%
RET_STALL_LENGTH_4800                                0        0.000%                0        0.000%
RET_STALL_LENGTH_4900                                0        0.000%                0        0.000%
RET_STALL_LENGTH_5000                                0        0.000%                0        0.000%
                                              54240089      100.000%         54240089      100.000%
                                                  0.00         0.01              0.00         0.01

MEM_BLOCK_LENGTH_0                                   0         -nan%                0         -nan%
MEM_BLOCK_LENGTH_100                                 0         -nan%                0         -nan%
MEM_BLOCK_LENGTH_200                                 0         -nan%                0         -nan%
MEM_BLOCK_LENGTH_300                                 0         -nan%                0         -nan%
MEM_BLOCK_LENGTH_400                                 0         -nan%                0         -nan%
MEM_BLOCK_LENGTH_500                                 0         -nan%                0         -nan%
MEM_BLOCK_LENGTH_600                                 0         -nan%                0         -nan%
MEM_BLOCK_LENGTH_700                                 0         -nan%                0         -nan%
MEM_BLOCK_LENGTH_800                                 0         -nan%                0         -nan%
MEM_BLOCK_LENGTH_900                                 0         -nan%                0         -nan%
MEM_BLOCK_LENGTH_1000                                0         -nan%                0         -nan%
MEM_BLOCK_LENGTH_1100                                0         -nan%                0         -nan%
MEM_BLOCK_LENGTH_1200                                0         -nan%                0         -nan%
MEM_BLOCK_LENGTH_1300                                0         -nan%                0         -nan%
MEM_BLOCK_LENGTH_1400                                0         -nan%                0         -nan%
MEM_BLOCK_LENGTH_1500                                0         -nan%                0         -nan%
MEM_BLOCK_LENGTH_1600                                0         -nan%                0         -nan%
MEM_BLOCK_LENGTH_1700                                0         -nan%                0         -nan%
MEM_BLOCK_LENGTH_1800                                0         -nan%                0         -nan%
MEM_BLOCK_LENGTH_1900                                0         -nan%                0         -nan%
MEM_BLOCK_LENGTH_2000                                0         -nan%                0         -nan%
MEM_BLOCK_LENGTH_2100                                0         -nan%                0         -nan%
MEM_BLOCK_LENGTH_2200                                0         -nan%                0         -nan%
MEM_BLOCK_LENGTH_2300                                0         -nan%                0         -nan%
MEM_BLOCK_LENGTH_2400                                0         -nan%                0         -nan%
MEM_BLOCK_LENGTH_2500                                0         -nan%                0         -nan%
MEM_BLOCK_LENGTH_2600                                0         -nan%                0         -nan%
MEM_BLOCK_LENGTH_2700                                0         -nan%                0         -nan%
MEM_BLOCK_LENGTH_2800                                0         -nan%                0         -nan%
MEM_BLOCK_LENGTH_2900                                0         -nan%                0         -nan%
MEM_BLOCK_LENGTH_3000                                0         -nan%                0         -nan%
MEM_BLOCK_LENGTH_3100                                0         -nan%                0         -nan%
MEM_BLOCK_LENGTH_3200                                0         -nan%                0         -nan%
MEM_BLOCK_LENGTH_3300                                0         -nan%                0         -nan%
MEM_BLOCK_LENGTH_3400                                0         -nan%                0         -nan%
MEM_BLOCK_LENGTH_3500                                0         -nan%                0         -nan%
MEM_BLOCK_LENGTH_3600                                0         -nan%                0         -nan%
MEM_BLOCK_LENGTH_3700                                0         -nan%                0         -nan%
MEM_BLOCK_LENGTH_3800                                0         -nan%                0         -nan%
MEM_BLOCK_LENGTH_3900                                0         -nan%                0         -nan%
MEM_BLOCK_LENGTH_4000                                0         -nan%                0         -nan%
MEM_BLOCK_LENGTH_4100                                0         -nan%                0         -nan%
MEM_BLOCK_LENGTH_4200                                0         -nan%                0         -nan%
MEM_BLOCK_LENGTH_4300                                0         -nan%                0         -nan%
MEM_BLOCK_LENGTH_4400                                0         -nan%                0         -nan%
MEM_BLOCK_LENGTH_4500                                0         -nan%                0         -nan%
MEM_BLOCK_LENGTH_4600                                0         -nan%                0         -nan%
MEM_BLOCK_LENGTH_4700                                0         -nan%                0         -nan%
MEM_BLOCK_LENGTH_4800                                0         -nan%                0         -nan%
MEM_BLOCK_LENGTH_4900                                0         -nan%                0         -nan%
MEM_BLOCK_LENGTH_5000                                0         -nan%                0         -nan%
                                                     0         -nan%                0         -nan%
                                                  -nan         -nan              -nan         -nan

FUS_BUSY_ON_PATH                              55197801        3.9660         55197801        3.9660

FUS_BUSY_OFF_PATH                               212835        0.0153           212835        0.0153

FU_BUSY_MEM_STALL                               960336        0.0690           960336        0.0690

FUS_EMPTY                                     83765334        6.0187         83765334        6.0187

FU_UNAVAILABLE                                     114        0.0000              114        0.0000

FU_MEM_UNAVAILABLE                              310456        0.0223           310456        0.0223

FU_OTHER_UNAVAILABLE                                 0        0.0000                0        0.0000

FU_REPLAY                                            0        0.0000                0        0.0000

FU_STARVED                                    83749736        6.0175         83749736        6.0175

CHIP_UTILIZATION                                     0        0.0000                0        0.0000

CYCLES_UNDER_MEM_REQ                                 0                              0              

CYCLES_UNDER_NO_MEM_REQ                              0                              0              

CYCLES_UNDER_CRITICAL_MEM_REQ                        0                              0              

CYCLES_UNDER_NONCRITICAL_MEM_REQ                     0                              0              

CHIP_UTILIZATION_UNDER_MEM_REQ                       0          -nan                0          -nan

CHIP_UTILIZATION_UNDER_NO_MEM_REQ                    0          -nan                0          -nan

CHIP_UTILIZATION_UNDER_CRITICAL_MEM_REQ              0          -nan                0          -nan

CHIP_UTILIZATION_UNDER_NONCRITICAL_MEM_REQ             0          -nan                0          -nan

CYCLES_NOT_WAITING_FOR_OFF_CHIP                      0        0.0000                0        0.0000

FUS_BUSY_NOT_WAITING_FOR_OFF_CHIP                    0          -nan                0          -nan

CYCLES_WAITING_FOR_OFF_CHIP                          0        0.0000                0        0.0000

FUS_BUSY_WAITING_FOR_OFF_CHIP                        0          -nan                0          -nan

TOTAL_OFF_CHIP_DELAYS_LEFT                           0                              0              

WRONG_IO_SCHED                                       0                              0              

DVFS_CONFIG_SWITCH                                   0                              0              

MAP_STAGE_RECEIVED_OPS_0                             0        0.000%                0        0.000%
MAP_STAGE_RECEIVED_OPS_1                          1038        0.011%             1038        0.011%
MAP_STAGE_RECEIVED_OPS_2                          3644        0.040%             3644        0.040%
MAP_STAGE_RECEIVED_OPS_3                          1505        0.017%             1505        0.017%
MAP_STAGE_RECEIVED_OPS_4                          2834        0.031%             2834        0.031%
MAP_STAGE_RECEIVED_OPS_5                          2484        0.027%             2484        0.027%
MAP_STAGE_RECEIVED_OPS_6                       9032417       99.873%          9032417       99.873%
MAP_STAGE_RECEIVED_OPS_7                             0        0.000%                0        0.000%
MAP_STAGE_RECEIVED_OPS_8                             0        0.000%                0        0.000%
MAP_STAGE_RECEIVED_OPS_MAX                           0        0.000%                0        0.000%
                                               9043922      100.000%          9043922      100.000%
                                                  6.00         0.11              6.00         0.11

MAP_STAGE_WAIT_FOR_DECODE                            0         -nan%                0         -nan%
MAP_STAGE_CONSUME_DECODE                             0         -nan%                0         -nan%
                                                     0         -nan%                0         -nan%
                                                  -nan         -nan              -nan         -nan

MAP_STAGE_WAIT_FOR_DECODE2                           0         -nan%                0         -nan%
MAP_STAGE_CONSUME_DECODE2                            0         -nan%                0         -nan%
                                                     0         -nan%                0         -nan%
                                                  -nan         -nan              -nan         -nan

FTQ_RECOVER_EXEC                                  1555                           1555              

FTQ_RECOVER_DECODE                                  19                             19              

FTQ_OFFPATH_CYCLES                             1127797                        1127797              

FTQ_CYCLES_OFFPATH                             1127797                        1127797              

FTQ_CYCLES_ONPATH                             12789800                       12789800              

FTQ_FETCHED_INS_ONPATH                        54236629                       54236629              

FTQ_FETCHED_INS_OFFPATH                        3521780                        3521780              

FTQ_BREAK_FULL_FT_ONPATH                      12468783                       12468783              

FTQ_BREAK_FULL_FT_OFFPATH                       961855                         961855              

FTQ_BREAK_PRED_BR_ONPATH                             0                              0              

FTQ_BREAK_PRED_BR_OFFPATH                            0                              0              

FTQ_BREAK_BAR_FETCH_ONPATH                           0                              0              

FTQ_BREAK_BAR_FETCH_OFFPATH                          0                              0              

FTQ_BREAK_MAX_CFS_TAKEN_ONPATH                       0                              0              

FTQ_BREAK_MAX_CFS_TAKEN_OFFPATH                      0                              0              

FTQ_BREAK_MAX_FT_ONPATH                         320875                         320875              

FTQ_BREAK_MAX_FT_OFFPATH                        165942                         165942              

DFE_GEN_ON_PATH_FT                             6450602                        6450602              

DFE_GEN_OFF_PATH_FT                             478734                         478734              

DFE_L0_ENABLED_PREDICTIONS                    54240089                       54240089              

DFE_L0_WRONG_MAIN_CORRECT                       279800                         279800              

DFE_L0_WRONG_MAIN_WRONG                           1554                           1554              

DFE_L0_CORRECT_MAIN_WRONG                           20                             20              

DFE_L0_CORRECT_MAIN_CORRECT                   53958715                       53958715              

DFE_L0_WRONG_MAIN_CORRECT_RECOVERY_SCHEDULED             0                              0              

FTQ_SAW_BAR_FETCH_OFFPATH                            0                              0              

FTQ_SAW_BAR_FETCH_ONPATH                             0                              0              

DFE_CONF_0_RECOVER_AT_EXEC                           0         -nan%                0         -nan%
DFE_CONF_1_RECOVER_AT_EXEC                           0         -nan%                0         -nan%
DFE_CONF_2_RECOVER_AT_EXEC                           0         -nan%                0         -nan%
DFE_CONF_3_RECOVER_AT_EXEC                           0         -nan%                0         -nan%
DFE_CONF_0_CORRECT                                   0         -nan%                0         -nan%
DFE_CONF_1_CORRECT                                   0         -nan%                0         -nan%
DFE_CONF_2_CORRECT                                   0         -nan%                0         -nan%
DFE_CONF_3_CORRECT                                   0         -nan%                0         -nan%
                                                     0         -nan%                0         -nan%
                                                  -nan         -nan              -nan         -nan

DFE_ON_CONF_ON_OPS                                   0         -nan%                0         -nan%
DFE_ON_CONF_OFF_OPS                                  0         -nan%                0         -nan%
DFE_OFF_CONF_ON_OPS                                  0         -nan%                0         -nan%
DFE_OFF_CONF_OFF_REALISTIC_OPS                       0         -nan%                0         -nan%
DFE_OFF_CONF_OFF_PERFECT_OPS                         0         -nan%                0         -nan%
                                                     0         -nan%                0         -nan%
                                                  -nan         -nan              -nan         -nan

DFE_ON_CONF_ON_FETCH_TARGETS                         0         -nan%                0         -nan%
DFE_ON_CONF_OFF_FETCH_TARGETS                        0         -nan%                0         -nan%
DFE_OFF_CONF_ON_FETCH_TARGETS                        0         -nan%                0         -nan%
DFE_OFF_CONF_OFF_REALISTIC_FETCH_TARGETS             0         -nan%                0         -nan%
DFE_OFF_CONF_OFF_PERFECT_FETCH_TARGETS               0         -nan%                0         -nan%
                                                     0         -nan%                0         -nan%
                                                  -nan         -nan              -nan         -nan

DFE_ON_CONF_ON_CYCLES                                0         -nan%                0         -nan%
DFE_ON_CONF_OFF_CYCLES                               0         -nan%                0         -nan%
DFE_OFF_CONF_ON_CYCLES                               0         -nan%                0         -nan%
DFE_OFF_CONF_OFF_REALISTIC_CYCLES                    0         -nan%                0         -nan%
DFE_OFF_CONF_OFF_PERFECT_CYCLES                      0         -nan%                0         -nan%
                                                     0         -nan%                0         -nan%
                                                  -nan         -nan              -nan         -nan

DFE_OFF_CONF_ON_NUM_EVENTS                           0                              0              

DFE_OFF_CONF_ON_NOT_IDENTIFIED_EVENTS                0         -nan%                0         -nan%
DFE_OFF_CONF_ON_IBTB_MISS_EVENTS                     0         -nan%                0         -nan%
DFE_OFF_CONF_ON_BTB_MISS_EVENTS                      0         -nan%                0         -nan%
DFE_OFF_CONF_ON_BTB_MISS_RECOVER_AT_EXEC_EVENTS             0         -nan%                0         -nan%
DFE_OFF_CONF_ON_RECOVER_AT_EXEC_EVENTS               0         -nan%                0         -nan%
DFE_OFF_CONF_ON_RECOVER_AT_DECODE_EVENTS             0         -nan%                0         -nan%
                                                     0         -nan%                0         -nan%
                                                  -nan         -nan              -nan         -nan

DFE_OFF_CONF_ON_LATE_BTB_HIT_EVENTS                  0                              0              

DFE_OFF_CONF_ON_NOT_IDENTIFIED_CYCLES                0         -nan%                0         -nan%
DFE_OFF_CONF_ON_IBTB_MISS_CYCLES                     0         -nan%                0         -nan%
DFE_OFF_CONF_ON_BTB_MISS_CYCLES                      0         -nan%                0         -nan%
DFE_OFF_CONF_ON_BTB_MISS_RECOVER_AT_EXEC_CYCLES             0         -nan%                0         -nan%
DFE_OFF_CONF_ON_RECOVER_AT_EXEC_CYCLES               0         -nan%                0         -nan%
DFE_OFF_CONF_ON_RECOVER_AT_DECODE_CYCLES             0         -nan%                0         -nan%
                                                     0         -nan%                0         -nan%
                                                  -nan         -nan              -nan         -nan

DFE_OFF_CONF_ON_LATE_BTB_HIT_CYCLES                  0                              0              

DFE_OFF_CONF_ON_NOT_IDENTIFIED_FETCH_TARGETS             0         -nan%                0         -nan%
DFE_OFF_CONF_ON_IBTB_MISS_FETCH_TARGETS              0         -nan%                0         -nan%
DFE_OFF_CONF_ON_BTB_MISS_FETCH_TARGETS               0         -nan%                0         -nan%
DFE_OFF_CONF_ON_BTB_MISS_RECOVER_AT_EXEC_FETCH_TARGETS             0         -nan%                0         -nan%
DFE_OFF_CONF_ON_RECOVER_AT_EXEC_FETCH_TARGETS             0         -nan%                0         -nan%
DFE_OFF_CONF_ON_RECOVER_AT_DECODE_FETCH_TARGETS             0         -nan%                0         -nan%
                                                     0         -nan%                0         -nan%
                                                  -nan         -nan              -nan         -nan

DFE_OFF_CONF_ON_LATE_BTB_HIT_FETCH_TARGETS             0                              0              

DFE_OFF_CONF_ON_BP_INCORRECT_0_CONF                  0         -nan%                0         -nan%
DFE_OFF_CONF_ON_BP_INCORRECT_1_CONF                  0         -nan%                0         -nan%
DFE_OFF_CONF_ON_BP_INCORRECT_2_CONF                  0         -nan%                0         -nan%
DFE_OFF_CONF_ON_BP_INCORRECT_3_CONF                  0         -nan%                0         -nan%
                                                     0         -nan%                0         -nan%
                                                  -nan         -nan              -nan         -nan

DFE_OFF_CONF_ON_BTB_MISS_CBR_0_CONF                  0         -nan%                0         -nan%
DFE_OFF_CONF_ON_BTB_MISS_CBR_1_CONF                  0         -nan%                0         -nan%
DFE_OFF_CONF_ON_BTB_MISS_CBR_2_CONF                  0         -nan%                0         -nan%
DFE_OFF_CONF_ON_BTB_MISS_CBR_3_CONF                  0         -nan%                0         -nan%
                                                     0         -nan%                0         -nan%
                                                  -nan         -nan              -nan         -nan

DFE_OFF_CONF_ON_BTB_MISS_NOT_CF                      0         -nan%                0         -nan%
DFE_OFF_CONF_ON_BTB_MISS_CF_BR                       0         -nan%                0         -nan%
DFE_OFF_CONF_ON_BTB_MISS_CF_CBR                      0         -nan%                0         -nan%
DFE_OFF_CONF_ON_BTB_MISS_CF_CALL                     0         -nan%                0         -nan%
DFE_OFF_CONF_ON_BTB_MISS_CF_IBR                      0         -nan%                0         -nan%
DFE_OFF_CONF_ON_BTB_MISS_CF_ICALL                    0         -nan%                0         -nan%
DFE_OFF_CONF_ON_BTB_MISS_CF_ICO                      0         -nan%                0         -nan%
DFE_OFF_CONF_ON_BTB_MISS_CF_RET                      0         -nan%                0         -nan%
DFE_OFF_CONF_ON_BTB_MISS_CF_SYS                      0         -nan%                0         -nan%
                                                     0         -nan%                0         -nan%
                                                  -nan         -nan              -nan         -nan

DFE_ON_CONF_OFF_NUM_EVENTS                           0                              0              

CONF_BTB_NUM_CYCLES_OFF_PATH_EVENT                   0                              0              

DFE_ON_CONF_OFF_IBTB_MISS_BP_TAKEN                   0         -nan%                0         -nan%
DFE_ON_CONF_OFF_BTB_MISS_BP_TAKEN_CONF_0             0         -nan%                0         -nan%
DFE_ON_CONF_OFF_BTB_MISS_BP_TAKEN_CONF_1             0         -nan%                0         -nan%
DFE_ON_CONF_OFF_BTB_MISS_BP_TAKEN_CONF_2             0         -nan%                0         -nan%
DFE_ON_CONF_OFF_BTB_MISS_BP_TAKEN_CONF_3             0         -nan%                0         -nan%
DFE_ON_CONF_OFF_BTB_MISS_RATE                        0         -nan%                0         -nan%
DFE_ON_CONF_OFF_IBTB_MISS_RATE                       0         -nan%                0         -nan%
DFE_ON_CONF_OFF_RECOVER_AT_DECODE_RATE               0         -nan%                0         -nan%
DFE_ON_CONF_OFF_RECOVER_AT_EXEC_RATE                 0         -nan%                0         -nan%
DFE_ON_CONF_OFF_INV_CONF_INC                         0         -nan%                0         -nan%
DFE_ON_CONF_OFF_PERFECT_CONF                         0         -nan%                0         -nan%
                                                     0         -nan%                0         -nan%
                                                  -nan         -nan              -nan         -nan

DFE_ON_CONF_OFF_IBTB_MISS_BP_TAKEN_CYCLES             0         -nan%                0         -nan%
DFE_ON_CONF_OFF_BTB_MISS_BP_TAKEN_CONF_0_CYCLES             0         -nan%                0         -nan%
DFE_ON_CONF_OFF_BTB_MISS_BP_TAKEN_CONF_1_CYCLES             0         -nan%                0         -nan%
DFE_ON_CONF_OFF_BTB_MISS_BP_TAKEN_CONF_2_CYCLES             0         -nan%                0         -nan%
DFE_ON_CONF_OFF_BTB_MISS_BP_TAKEN_CONF_3_CYCLES             0         -nan%                0         -nan%
DFE_ON_CONF_OFF_BTB_MISS_RATE_CYCLES                 0         -nan%                0         -nan%
DFE_ON_CONF_OFF_IBTB_MISS_RATE_CYCLES                0         -nan%                0         -nan%
DFE_ON_CONF_OFF_RECOVER_AT_DECODE_RATE_CYCLES             0         -nan%                0         -nan%
DFE_ON_CONF_OFF_RECOVER_AT_EXEC_RATE_CYCLES             0         -nan%                0         -nan%
DFE_ON_CONF_OFF_INV_CONF_INC_CYCLES                  0         -nan%                0         -nan%
DFE_ON_CONF_OFF_PERFECT_CONF_CYCLES                  0         -nan%                0         -nan%
                                                     0         -nan%                0         -nan%
                                                  -nan         -nan              -nan         -nan

DFE_ON_CONF_OFF_IBTB_MISS_BP_TAKEN_FETCH_TARGETS             0         -nan%                0         -nan%
DFE_ON_CONF_OFF_BTB_MISS_BP_TAKEN_CONF_0_FETCH_TARGETS             0         -nan%                0         -nan%
DFE_ON_CONF_OFF_BTB_MISS_BP_TAKEN_CONF_1_FETCH_TARGETS             0         -nan%                0         -nan%
DFE_ON_CONF_OFF_BTB_MISS_BP_TAKEN_CONF_2_FETCH_TARGETS             0         -nan%                0         -nan%
DFE_ON_CONF_OFF_BTB_MISS_BP_TAKEN_CONF_3_FETCH_TARGETS             0         -nan%                0         -nan%
DFE_ON_CONF_OFF_BTB_MISS_RATE_FETCH_TARGETS             0         -nan%                0         -nan%
DFE_ON_CONF_OFF_IBTB_MISS_RATE_FETCH_TARGETS             0         -nan%                0         -nan%
DFE_ON_CONF_OFF_RECOVER_AT_DECODE_RATE_FETCH_TARGETS             0         -nan%                0         -nan%
DFE_ON_CONF_OFF_RECOVER_AT_EXEC_RATE_FETCH_TARGETS             0         -nan%                0         -nan%
DFE_ON_CONF_OFF_INV_CONF_INC_FETCH_TARGETS             0         -nan%                0         -nan%
DFE_ON_CONF_OFF_PERFECT_CONF_FETCH_TARGETS             0         -nan%                0         -nan%
                                                     0         -nan%                0         -nan%
                                                  -nan         -nan              -nan         -nan

CONF_OFF_IBTB_MISS_BP_TAKEN                          0         -nan%                0         -nan%
CONF_OFF_BTB_MISS_BP_TAKEN_CONF_0                    0         -nan%                0         -nan%
CONF_OFF_BTB_MISS_BP_TAKEN_CONF_1                    0         -nan%                0         -nan%
CONF_OFF_BTB_MISS_BP_TAKEN_CONF_2                    0         -nan%                0         -nan%
CONF_OFF_BTB_MISS_BP_TAKEN_CONF_3                    0         -nan%                0         -nan%
CONF_OFF_BTB_MISS_RATE                               0         -nan%                0         -nan%
CONF_OFF_IBTB_MISS_RATE                              0         -nan%                0         -nan%
CONF_OFF_RECOVER_AT_DECODE_RATE                      0         -nan%                0         -nan%
CONF_OFF_RECOVER_AT_EXEC_RATE                        0         -nan%                0         -nan%
CONF_OFF_INV_CONF_INC                                0         -nan%                0         -nan%
CONF_OFF_PERFECT_CONF                                0         -nan%                0         -nan%
                                                     0         -nan%                0         -nan%
                                                  -nan         -nan              -nan         -nan

TOPDOWN_TOTAL_SLOTS                           83505582                       83505582              

TOPDOWN_ISSUED_SLOTS                          54769010                       54769010              

TOPDOWN_RETIRED_SLOTS                         54240089                       54240089              

TOPDOWN_FETCH_BUBBLES_SLOTS                     241755                         241755              

TOPDOWN_RECOVERY_BUBBLES_SLOTS                   43827                          43827              

TOPDOWN_MEM_LOAD_STALLS_CYCLES                 4731969                        4731969              

TOPDOWN_MEM_STORE_STALLS_CYCLES                      0                              0              

TOPDOWN_EXEC_STALLS_CYCLES                     2292101                        2292101              

TOPDOWN_BACKEND_STALLS_CYCLES                  4731983                        4731983              

TOPDOWN_FETCH_BUBBLES_GT_MIW_CYCLES              33747                          33747              

TOPDOWN_BR_RECOVER_AT_EXEC_RETIRED_CYCLES          1555                           1555              

TOPDOWN_MACHINE_CLEAR_CYCLES                    281374                         281374              

TOPDOWN_FRONTEND_BOUND                              28                             28              

TOPDOWN_BACKEND_BOUND                             3409                           3409              

TOPDOWN_BAD_SPEC_BOUND                              68                             68              

TOPDOWN_RETIRING_BOUND                            6495                           6495              

TOPDOWN_FETCH_LATENCY_BOUND                         24                             24              

TOPDOWN_FETCH_BANDWIDTH_BOUND                        4                              4              

TOPDOWN_MEM_BOUND                                 3408                           3408              

TOPDOWN_CORE_BOUND                                   1                              1              

TOPDOWN_BR_RECOVER_AT_EXEC_BOUND                     0                              0              

TOPDOWN_MACHINE_CLEARS_BOUND                        68                             68              

H2P_SEEN_MAIN                                        0                              0              



