/* -*- Mode: c -*- */
####################################################################################################
Core 0
####################################################################################################
Cumulative:        Cycles: 7926552               Instructions: 29999999              IPC: 3.78475

Periodic:          Cycles: 7926552               Instructions: 29999999              IPC: 3.78475

EXECUTION_TIME                           2477047500000                  2477047500000              

SIM_HOST_WALL_SECONDS                       194.352938                     194.352938              

NODE_CYCLE                                     7926552                        7926552              

NODE_INST_COUNT                               30501065                       30501065              

NODE_INST_COUNT_FETCHED                       29999999                       29999999              

NODE_UOP_COUNT                                36689176                       36689176              

EXEC_STAGE_NO_ISSUE_STALL_CYCLE                7253321                        7253321              

EXEC_STAGE_NO_ISSUE_STALL_CYCLE_ONPATH         6619830                        6619830              

FULL_WINDOW_STALL                                 8852        0.112%             8852        0.112%

FULL_WINDOW_MEM_OP                                7732       90.496%             7732       90.496%
FULL_WINDOW_FP_OP                                    0        0.000%                0        0.000%
FULL_WINDOW_OTHER_OP                               812        9.504%              812        9.504%
                                                  8544      100.000%             8544      100.000%
                                                  0.19         0.56              0.19         0.56

RET_BLOCKED_DC_MISS                             443173        5.591%           443173        5.591%

RET_BLOCKED_L1_MISS                              90473        1.141%            90473        1.141%

RET_BLOCKED_L1_MISS_BW_PREF                       9496        0.120%             9496        0.120%

RET_BLOCKED_L1_ACCESS                           357688        4.513%           357688        4.513%

RET_BLOCKED_MEM_STALL                           156491        1.974%           156491        1.974%

RET_BLOCKED_OFFCHIP_DEMAND                           0        0.000%                0        0.000%

OP_ISSUED                                     39266392                       39266392              

OP_RETIRED                                    36689176                       36689176              

OP_MACRO_FUSION_ONPATH                         4737695                        4737695              

OP_MACRO_FUSION_OFFPATH                         531223                         531223              

REPLAY_SIGNALED                                      0                              0              

REPLAY_COUNTED                                       0                              0              

OFF_CRITICAL_PATH                                    0         -nan%                0         -nan%
ON_CRITICAL_PATH                                     0         -nan%                0         -nan%
                                                     0         -nan%                0         -nan%
                                                  -nan         -nan              -nan         -nan

LD_NO_DEPENDENTS                                375721        5.661%           375721        5.661%
LD_DEPENDENTS                                  6260832       94.339%          6260832       94.339%
                                               6636553      100.000%          6636553      100.000%
                                                  0.94         0.92              0.94         0.92

LD_EXEC_CYCLES_0                                     0        0.000%                0        0.000%
LD_EXEC_CYCLES_1                                558674       68.922%           558674       68.922%
LD_EXEC_CYCLES_2                                 61722        7.614%            61722        7.614%
LD_EXEC_CYCLES_3                                 57710        7.120%            57710        7.120%
LD_EXEC_CYCLES_4                                132483       16.344%           132483       16.344%
                                                810589      100.000%           810589      100.000%
                                                  1.71         1.34              1.71         1.34

ICACHE_STAGE_STARVED                            370819        5.684%           370819        5.684%
ICACHE_STAGE_NOT_STARVED                       6153007       94.316%          6153007       94.316%
                                               6523826      100.000%          6523826      100.000%
                                                  0.94         0.92              0.94         0.92

ICACHE_STAGE_STALLED                            309996        3.911%           309996        3.911%
ICACHE_STAGE_NOT_STALLED                       6213830       78.393%          6213830       78.393%
ICACHE_STAGE_OFF_PATH                          1402726       17.697%          1402726       17.697%
                                               7926552      100.000%          7926552      100.000%
                                                  1.14         0.61              1.14         0.61

DECODE_STAGE_STARVED                           7536021       98.819%          7536021       98.819%
DECODE_STAGE_NOT_STARVED                         90051        1.181%            90051        1.181%
                                               7626072      100.000%          7626072      100.000%
                                                  0.01         0.11              0.01         0.11

DECODE_STAGE_STALLED                              3693        0.047%             3693        0.047%
DECODE_STAGE_NOT_STALLED                       7622379       96.163%          7622379       96.163%
DECODE_STAGE_OFF_PATH                           300480        3.791%           300480        3.791%
                                               7926552      100.000%          7926552      100.000%
                                                  1.04         0.28              1.04         0.28

UOPQ_STAGE_STARVED                             2661578       38.888%          2661578       38.888%
UOPQ_STAGE_NOT_STARVED                         4182608       61.112%          4182608       61.112%
                                               6844186      100.000%          6844186      100.000%
                                                  0.61         0.57              0.61         0.57

UOPQ_STAGE_STALLED                              324974        4.100%           324974        4.100%
UOPQ_STAGE_NOT_STALLED                         6844186       86.345%          6844186       86.345%
UOPQ_STAGE_OFF_PATH                             757392        9.555%           757392        9.555%
                                               7926552      100.000%          7926552      100.000%
                                                  1.05         0.44              1.05         0.44

RS_OP_READY_NOT_ISSUED_TOTAL                  29508663                       29508663              

RS_0_OP_READY_NOT_ISSUED                      20484448                       20484448              

RS_1_OP_READY_NOT_ISSUED                       3059958                        3059958              

RS_2_OP_READY_NOT_ISSUED                       5964257                        5964257              

RS_3_OP_READY_NOT_ISSUED                             0                              0              

RS_4_OP_READY_NOT_ISSUED                             0                              0              

RS_5_OP_READY_NOT_ISSUED                             0                              0              

RS_6_OP_READY_NOT_ISSUED                             0                              0              

RS_7_OP_READY_NOT_ISSUED                             0                              0              

RS_7_PLUS_OP_READY_NOT_ISSUED                        0                              0              

FU_IDLE_NO_READY_OPS_TOTAL                    19549281                       19549281              

FU_0_IDLE_NO_READY_OPS                          669100                         669100              

FU_1_IDLE_NO_READY_OPS                          871861                         871861              

FU_2_IDLE_NO_READY_OPS                         2892732                        2892732              

FU_3_IDLE_NO_READY_OPS                         2892119                        2892119              

FU_4_IDLE_NO_READY_OPS                          895640                         895640              

FU_5_IDLE_NO_READY_OPS                          645618                         645618              

FU_6_IDLE_NO_READY_OPS                         3449961                        3449961              

FU_7_IDLE_NO_READY_OPS                         3450146                        3450146              

FU_8_IDLE_NO_READY_OPS                          890085                         890085              

FU_9_IDLE_NO_READY_OPS                         2892019                        2892019              

FU_10_IDLE_NO_READY_OPS                              0                              0              

FU_11_IDLE_NO_READY_OPS                              0                              0              

FU_12_IDLE_NO_READY_OPS                              0                              0              

FU_13_IDLE_NO_READY_OPS                              0                              0              

FU_14_IDLE_NO_READY_OPS                              0                              0              

FU_15_IDLE_NO_READY_OPS                              0                              0              

FU_16_IDLE_NO_READY_OPS                              0                              0              

FU_17_IDLE_NO_READY_OPS                              0                              0              

FU_18_IDLE_NO_READY_OPS                              0                              0              

FU_19_IDLE_NO_READY_OPS                              0                              0              

FU_20_IDLE_NO_READY_OPS                              0                              0              

FU_21_IDLE_NO_READY_OPS                              0                              0              

FU_22_IDLE_NO_READY_OPS                              0                              0              

FU_23_IDLE_NO_READY_OPS                              0                              0              

FU_24_IDLE_NO_READY_OPS                              0                              0              

FU_25_IDLE_NO_READY_OPS                              0                              0              

FU_26_IDLE_NO_READY_OPS                              0                              0              

FU_27_IDLE_NO_READY_OPS                              0                              0              

FU_28_IDLE_NO_READY_OPS                              0                              0              

FU_29_IDLE_NO_READY_OPS                              0                              0              

FU_30_IDLE_NO_READY_OPS                              0                              0              

FU_31_IDLE_NO_READY_OPS                              0                              0              

FU_31_PLUS_IDLE_NO_READY_OPS                         0                              0              

MAP_STAGE_STARVED                               292491        4.338%           292491        4.338%
MAP_STAGE_NOT_STARVED                          6449743       95.662%          6449743       95.662%
                                               6742234      100.000%          6742234      100.000%
                                                  0.96         0.94              0.96         0.94

MAP_STAGE_STALLED                                71768        0.954%            71768        0.954%
MAP_STAGE_NOT_STALLED                          6670466       88.642%          6670466       88.642%
MAP_STAGE_OFF_PATH                              782966       10.405%           782966       10.405%
                                               7525200      100.000%          7525200      100.000%
                                                  1.09         0.47              1.09         0.47

MAP_STAGE_STALL_ITSELF                          401352        5.063%           401352        5.063%
MAP_STAGE_NOT_STALL_ITSELF                     7525200       94.937%          7525200       94.937%
                                               7926552      100.000%          7926552      100.000%
                                                  0.95         0.93              0.95         0.93

MAP_STAGE_LATE_ALLOCATE_SEND_BACK                    0                              0              

MAP_STAGE_RENAME_OP_ONPATH                    36689176                       36689176              

MAP_STAGE_RENAME_OP_OFFPATH                    3885503                        3885503              

MAP_STAGE_RENAME_INT_REG_ONPATH               28087777                       28087777              

MAP_STAGE_RENAME_INT_REG_OFFPATH               2951905                        2951905              

MAP_STAGE_RENAME_VEC_REG_ONPATH                 279868                         279868              

MAP_STAGE_RENAME_VEC_REG_OFFPATH                 43566                          43566              

MAP_STAGE_RENAME_MOVE_ELIM_ONPATH                    0                              0              

MAP_STAGE_RENAME_MOVE_ELIM_OFFPATH                   0                              0              

MAP_STAGE_ONPATH_INT_REG_NUM_ALLOC            30479828                       30479828              

MAP_STAGE_ONPATH_VEC_REG_NUM_ALLOC              279856                         279856              

MAP_STAGE_ONPATH_INT_REG_NUM_SHORTLIVE        10882412                       10882412              

MAP_STAGE_ONPATH_VEC_REG_NUM_SHORTLIVE          114259                         114259              

MAP_STAGE_ONPATH_INT_REG_USE_COUNT_0           7023739                        7023739              

MAP_STAGE_ONPATH_VEC_REG_USE_COUNT_0               316                            316              

MAP_STAGE_ONPATH_INT_REG_USE_COUNT_1          15164539                       15164539              

MAP_STAGE_ONPATH_VEC_REG_USE_COUNT_1            174418                         174418              

MAP_STAGE_ONPATH_INT_REG_USE_COUNT_2           5485407                        5485407              

MAP_STAGE_ONPATH_VEC_REG_USE_COUNT_2             88633                          88633              

MAP_STAGE_ONPATH_INT_REG_USE_COUNT_3           1696049                        1696049              

MAP_STAGE_ONPATH_VEC_REG_USE_COUNT_3             16468                          16468              

MAP_STAGE_ONPATH_INT_REG_USE_COUNT_4            488294                         488294              

MAP_STAGE_ONPATH_VEC_REG_USE_COUNT_4                 8                              8              

MAP_STAGE_ONPATH_INT_REG_USE_COUNT_5            278120                         278120              

MAP_STAGE_ONPATH_VEC_REG_USE_COUNT_5                 2                              2              

MAP_STAGE_ONPATH_INT_REG_USE_COUNT_6             88010                          88010              

MAP_STAGE_ONPATH_VEC_REG_USE_COUNT_6                 2                              2              

MAP_STAGE_ONPATH_INT_REG_USE_COUNT_7_PLUS        255670                         255670              

MAP_STAGE_ONPATH_VEC_REG_USE_COUNT_7_PLUS             9                              9              

MAP_STAGE_ONPATH_INT_REG_CONSUME_DIST_0              0        0.0000                0        0.0000

MAP_STAGE_ONPATH_VEC_REG_CONSUME_DIST_0              0        0.0000                0        0.0000

MAP_STAGE_ONPATH_INT_REG_CONSUME_DIST_1              0        0.0000                0        0.0000

MAP_STAGE_ONPATH_VEC_REG_CONSUME_DIST_1              0        0.0000                0        0.0000

MAP_STAGE_ONPATH_INT_REG_CONSUME_DIST_2       16373631        2.9849         16373631        2.9849

MAP_STAGE_ONPATH_VEC_REG_CONSUME_DIST_2        6308523       71.1758          6308523       71.1758

MAP_STAGE_ONPATH_INT_REG_CONSUME_DIST_3       13519557        7.9712         13519557        7.9712

MAP_STAGE_ONPATH_VEC_REG_CONSUME_DIST_3         837303       50.8442           837303       50.8442

MAP_STAGE_ONPATH_INT_REG_CONSUME_DIST_4        3863523        7.9123          3863523        7.9123

MAP_STAGE_ONPATH_VEC_REG_CONSUME_DIST_4            387       48.3750              387       48.3750

MAP_STAGE_ONPATH_INT_REG_CONSUME_DIST_5        4130185       14.8504          4130185       14.8504

MAP_STAGE_ONPATH_VEC_REG_CONSUME_DIST_5              5        2.5000                5        2.5000

MAP_STAGE_ONPATH_INT_REG_CONSUME_DIST_6        2317390       26.3310          2317390       26.3310

MAP_STAGE_ONPATH_VEC_REG_CONSUME_DIST_6          14126     7063.0000            14126     7063.0000

MAP_STAGE_ONPATH_INT_REG_CONSUME_DIST_7_PLUS       8039654       31.4454          8039654       31.4454

MAP_STAGE_ONPATH_VEC_REG_CONSUME_DIST_7_PLUS           167       18.5556              167       18.5556

MAP_STAGE_INT_REG_ISSUE_READ_TOTAL_CONSUMED      44439051        6.1267         44439051        6.1267

MAP_STAGE_VEC_REG_ISSUE_READ_TOTAL_CONSUMED        487415        0.0672           487415        0.0672

MAP_STAGE_INT_REG_ISSUE_READ_MULTI_CONSUMED      19643025        2.7081         19643025        2.7081

MAP_STAGE_VEC_REG_ISSUE_READ_MULTI_CONSUMED        178590        0.0246           178590        0.0246

MAP_STAGE_INT_REG_ISSUE_READ_SAME_CYCLE_CONSUMED      10283026        1.4177         10283026        1.4177

MAP_STAGE_VEC_REG_ISSUE_READ_SAME_CYCLE_CONSUMED         35917        0.0050            35917        0.0050

MAP_STAGE_INT_REG_ISSUE_READ_TOTAL_CONSUMED_ONPATH      41824586        6.3181         41824586        6.3181

MAP_STAGE_VEC_REG_ISSUE_READ_TOTAL_CONSUMED_ONPATH        416991        0.0630           416991        0.0630

MAP_STAGE_INT_REG_ISSUE_READ_MULTI_CONSUMED_ONPATH      18368480        2.7748         18368480        2.7748

MAP_STAGE_VEC_REG_ISSUE_READ_MULTI_CONSUMED_ONPATH        137437        0.0208           137437        0.0208

MAP_STAGE_INT_REG_ISSUE_READ_SAME_CYCLE_CONSUMED_ONPATH       9700205        1.4653          9700205        1.4653

MAP_STAGE_VEC_REG_ISSUE_READ_SAME_CYCLE_CONSUMED_ONPATH         32018        0.0048            32018        0.0048

MAP_STAGE_ONPATH_INT_REG_LIFECYCLE_EMPTY     684933632                      684933632              

MAP_STAGE_ONPATH_VEC_REG_LIFECYCLE_EMPTY      11423945                       11423945              

MAP_STAGE_ONPATH_INT_REG_LIFECYCLE_IN_USE     922503883                      922503883              

MAP_STAGE_ONPATH_VEC_REG_LIFECYCLE_IN_USE      27615386                       27615386              

MAP_STAGE_ONPATH_INT_REG_LIFECYCLE_SPEC_RELEASE    1317543218                     1317543218              

MAP_STAGE_ONPATH_VEC_REG_LIFECYCLE_SPEC_RELEASE     100124603                      100124603              

MAP_STAGE_ONPATH_INT_REG_LIFECYCLE_NONSPEC_RELEASE    1317543218                     1317543218              

MAP_STAGE_ONPATH_VEC_REG_LIFECYCLE_NONSPEC_RELEASE     100124603                      100124603              

MAP_STAGE_ONPATH_INT_REG_LIFECYCLE_TOTAL    1317543218                     1317543218              

MAP_STAGE_ONPATH_VEC_REG_LIFECYCLE_TOTAL     100124603                      100124603              

MAP_STAGE_ONPATH_INT_REG_NUM_NONBRANCH        30479828                       30479828              

MAP_STAGE_ONPATH_VEC_REG_NUM_NONBRANCH          279856                         279856              

MAP_STAGE_ONPATH_INT_REG_NUM_NONEXCEPT        30479828                       30479828              

MAP_STAGE_ONPATH_VEC_REG_NUM_NONEXCEPT          279856                         279856              

MAP_STAGE_ONPATH_INT_REG_NUM_ATOMIC           30479828                       30479828              

MAP_STAGE_ONPATH_VEC_REG_NUM_ATOMIC             279856                         279856              

MAP_STAGE_ONPATH_INT_REG_ATOMIC_REDEFINED_DIST_TOTAL    1317543218       43.2267       1317543218       43.2267

MAP_STAGE_ONPATH_VEC_REG_ATOMIC_REDEFINED_DIST_TOTAL     100124603      357.7719        100124603      357.7719

MAP_STAGE_ONPATH_INT_REG_ATOMIC_CONSUMED_DIST_TOTAL     922503883       30.2660        922503883       30.2660

MAP_STAGE_ONPATH_VEC_REG_ATOMIC_CONSUMED_DIST_TOTAL      27615386       98.6771         27615386       98.6771

MAP_STAGE_ONPATH_INT_REG_ATOMIC_RELEASE_DIST_TOTAL    1317543218       43.2267       1317543218       43.2267

MAP_STAGE_ONPATH_VEC_REG_ATOMIC_RELEASE_DIST_TOTAL     100124603      357.7719        100124603      357.7719

EXEC_STAGE_STARVED                             6414529       80.925%          6414529       80.925%
EXEC_STAGE_NOT_STARVED                          808059       10.194%           808059       10.194%
EXEC_STAGE_OFF_PATH                             703964        8.881%           703964        8.881%
                                               7926552      100.000%          7926552      100.000%
                                                  0.28         0.57              0.28         0.57

FU_BUSY_0                                      5880190                        5880190              

FU_BUSY_1                                      5189090                        5189090              

FU_BUSY_2                                      2548432                        2548432              

FU_BUSY_3                                      2549477                        2549477              

FU_BUSY_4                                      4965085                        4965085              

FU_BUSY_5                                      6120352                        6120352              

FU_BUSY_6                                      2627139                        2627139              

FU_BUSY_7                                      2626536                        2626536              

FU_BUSY_8                                      5101916                        5101916              

FU_BUSY_9                                      2549980                        2549980              

FU_BUSY_10                                           0                              0              

FU_BUSY_11                                           0                              0              

FU_BUSY_12                                           0                              0              

FU_BUSY_13                                           0                              0              

FU_BUSY_14                                           0                              0              

FU_BUSY_15                                           0                              0              

FU_BUSY_16                                           0                              0              

FU_BUSY_17                                           0                              0              

FU_BUSY_18                                           0                              0              

FU_BUSY_19                                           0                              0              

FU_BUSY_20                                           0                              0              

FU_BUSY_21                                           0                              0              

FU_BUSY_22                                           0                              0              

FU_BUSY_23                                           0                              0              

FU_BUSY_24                                           0                              0              

FU_BUSY_25                                           0                              0              

FU_BUSY_26                                           0                              0              

FU_BUSY_27                                           0                              0              

FU_BUSY_28                                           0                              0              

FU_BUSY_29                                           0                              0              

FU_BUSY_30                                           0                              0              

FU_BUSY_31                                           0                              0              

FU_REJECTED_OP_INV_NOT_SIMD                          0        0.000%                0        0.000%
FU_REJECTED_OP_NOP_NOT_SIMD                        682        0.101%              682        0.101%
FU_REJECTED_OP_CF_NOT_SIMD                       78354       11.637%            78354       11.637%
FU_REJECTED_OP_MOV_NOT_SIMD                       6366        0.945%             6366        0.945%
FU_REJECTED_OP_CMOV_NOT_SIMD                         5        0.001%                5        0.001%
FU_REJECTED_OP_LDA_NOT_SIMD                        167        0.025%              167        0.025%
FU_REJECTED_OP_IMEM_NOT_SIMD                    258183       38.345%           258183       38.345%
FU_REJECTED_OP_IADD_NOT_SIMD                    128709       19.116%           128709       19.116%
FU_REJECTED_OP_IMUL_NOT_SIMD                     15062        2.237%            15062        2.237%
FU_REJECTED_OP_IDIV_NOT_SIMD                        37        0.005%               37        0.005%
FU_REJECTED_OP_ICMP_NOT_SIMD                        14        0.002%               14        0.002%
FU_REJECTED_OP_LOGIC_NOT_SIMD                     3709        0.551%             3709        0.551%
FU_REJECTED_OP_SHIFT_NOT_SIMD                     5509        0.818%             5509        0.818%
FU_REJECTED_OP_FMEM_NOT_SIMD                        67        0.010%               67        0.010%
FU_REJECTED_OP_FCVT_NOT_SIMD                         0        0.000%                0        0.000%
FU_REJECTED_OP_FADD_NOT_SIMD                         0        0.000%                0        0.000%
FU_REJECTED_OP_FMUL_NOT_SIMD                         0        0.000%                0        0.000%
FU_REJECTED_OP_FMA_NOT_SIMD                          0        0.000%                0        0.000%
FU_REJECTED_OP_FDIV_NOT_SIMD                         0        0.000%                0        0.000%
FU_REJECTED_OP_FCMP_NOT_SIMD                         0        0.000%                0        0.000%
FU_REJECTED_OP_FCMOV_NOT_SIMD                        0        0.000%                0        0.000%
FU_REJECTED_OP_GATHER_NOT_SIMD                       0        0.000%                0        0.000%
FU_REJECTED_OP_SCATTER_NOT_SIMD                      0        0.000%                0        0.000%
FU_REJECTED_OP_PIPELINED_FAST_NOT_SIMD               0        0.000%                0        0.000%
FU_REJECTED_OP_PIPELINED_MEDIUM_NOT_SIMD             0        0.000%                0        0.000%
FU_REJECTED_OP_PIPELINED_SLOW_NOT_SIMD               0        0.000%                0        0.000%
FU_REJECTED_OP_NOTPIPELINED_MEDIUM_NOT_SIMD             0        0.000%                0        0.000%
FU_REJECTED_OP_NOTPIPELINED_SLOW_NOT_SIMD             0        0.000%                0        0.000%
FU_REJECTED_OP_NOTPIPELINED_VERY_SLOW_NOT_SIMD            10        0.001%               10        0.001%
FU_REJECTED_OP_INV_SIMD                              0        0.000%                0        0.000%
FU_REJECTED_OP_NOP_SIMD                           3666        0.544%             3666        0.544%
FU_REJECTED_OP_CF_SIMD                               0        0.000%                0        0.000%
FU_REJECTED_OP_MOV_SIMD                              8        0.001%                8        0.001%
FU_REJECTED_OP_CMOV_SIMD                             0        0.000%                0        0.000%
FU_REJECTED_OP_LDA_SIMD                              0        0.000%                0        0.000%
FU_REJECTED_OP_IMEM_SIMD                             0        0.000%                0        0.000%
FU_REJECTED_OP_IADD_SIMD                             0        0.000%                0        0.000%
FU_REJECTED_OP_IMUL_SIMD                             0        0.000%                0        0.000%
FU_REJECTED_OP_IDIV_SIMD                             0        0.000%                0        0.000%
FU_REJECTED_OP_ICMP_SIMD                             0        0.000%                0        0.000%
FU_REJECTED_OP_LOGIC_SIMD                            2        0.000%                2        0.000%
FU_REJECTED_OP_SHIFT_SIMD                           43        0.006%               43        0.006%
FU_REJECTED_OP_FMEM_SIMD                             5        0.001%                5        0.001%
FU_REJECTED_OP_FCVT_SIMD                           369        0.055%              369        0.055%
FU_REJECTED_OP_FADD_SIMD                        172303       25.590%           172303       25.590%
FU_REJECTED_OP_FMUL_SIMD                             0        0.000%                0        0.000%
FU_REJECTED_OP_FMA_SIMD                              0        0.000%                0        0.000%
FU_REJECTED_OP_FDIV_SIMD                             0        0.000%                0        0.000%
FU_REJECTED_OP_FCMP_SIMD                             0        0.000%                0        0.000%
FU_REJECTED_OP_FCMOV_SIMD                            0        0.000%                0        0.000%
FU_REJECTED_OP_GATHER_SIMD                           0        0.000%                0        0.000%
FU_REJECTED_OP_SCATTER_SIMD                          0        0.000%                0        0.000%
FU_REJECTED_OP_PIPELINED_FAST_SIMD                   0        0.000%                0        0.000%
FU_REJECTED_OP_PIPELINED_MEDIUM_SIMD                 0        0.000%                0        0.000%
FU_REJECTED_OP_PIPELINED_SLOW_SIMD                  41        0.006%               41        0.006%
FU_REJECTED_OP_NOTPIPELINED_MEDIUM_SIMD              0        0.000%                0        0.000%
FU_REJECTED_OP_NOTPIPELINED_SLOW_SIMD                0        0.000%                0        0.000%
FU_REJECTED_OP_NOTPIPELINED_VERY_SLOW_SIMD             0        0.000%                0        0.000%
                                                673311      100.000%           673311      100.000%
                                                 15.70        16.80             15.70        16.80

LSQ_FULL_TOTAL                                   71841                          71841              

LSQ_FULL_LOAD_QUEUE                                  0                              0              

LSQ_FULL_STORE_QUEUE                             71841                          71841              

OP_WAIT_0                                     24271307                       24271307              

OP_WAIT_1                                      6156894                        6156894              

OP_WAIT_2                                      1697400                        1697400              

OP_WAIT_3                                      1082605                        1082605              

OP_WAIT_4                                       699630                         699630              

OP_WAIT_5                                       514589                         514589              

OP_WAIT_6                                       413534                         413534              

OP_WAIT_7                                       348415                         348415              

OP_WAIT_8                                       270270                         270270              

OP_WAIT_9                                       253306                         253306              

OP_WAIT_10                                      176577                         176577              

OP_WAIT_11                                      127521                         127521              

OP_WAIT_12                                       87026                          87026              

OP_WAIT_13                                       60830                          60830              

OP_WAIT_14                                       58445                          58445              

OP_WAIT_15                                       75421                          75421              

OP_WAIT_16                                       81749                          81749              

OP_WAIT_17                                       72964                          72964              

OP_WAIT_18                                       49220                          49220              

OP_WAIT_19                                       32475                          32475              

OP_WAIT_20                                       20158                          20158              

OP_WAIT_21                                       19991                          19991              

OP_WAIT_22                                       22251                          22251              

OP_WAIT_23                                       17394                          17394              

OP_WAIT_24                                       14342                          14342              

OP_WAIT_25                                       13465                          13465              

OP_WAIT_26                                       12248                          12248              

OP_WAIT_27                                        9338                           9338              

OP_WAIT_28                                        6005                           6005              

OP_WAIT_29                                        4010                           4010              

OP_WAIT_30                                        2371                           2371              

OP_WAIT_31                                       17425                          17425              

ROW_SIZE_0                                     2071480                        2071480              

ROW_SIZE_1                                      385604                         385604              

ROW_SIZE_2                                      260596                         260596              

ROW_SIZE_3                                       92777                          92777              

ROW_SIZE_4                                      658430                         658430              

ROW_SIZE_5                                       96237                          96237              

ROW_SIZE_6                                      143450                         143450              

ROW_SIZE_7                                       65524                          65524              

ROW_SIZE_8                                     3883722                        3883722              

ROW_SIZE_9                                           0                              0              

ROW_SIZE_10                                          0                              0              

ROW_SIZE_11                                          0                              0              

ROW_SIZE_12                                          0                              0              

ROW_SIZE_13                                          0                              0              

ROW_SIZE_14                                          0                              0              

ROW_SIZE_15                                          0                              0              

ROW_SIZE_16                                          0                              0              

ROW_SIZE_17                                          0                              0              

ROW_SIZE_18                                          0                              0              

ROW_SIZE_19                                          0                              0              

ROW_SIZE_20                                          0                              0              

ROW_SIZE_21                                          0                              0              

ROW_SIZE_22                                          0                              0              

ROW_SIZE_23                                          0                              0              

ROW_SIZE_24                                          0                              0              

ROW_SIZE_25                                          0                              0              

ROW_SIZE_26                                          0                              0              

ROW_SIZE_27                                          0                              0              

ROW_SIZE_28                                          0                              0              

ROW_SIZE_29                                          0                              0              

ROW_SIZE_30                                          0                              0              

ROW_SIZE_31                                          0                              0              

RET_OP_EXEC_COUNT_0                                  0        0.000%                0        0.000%
RET_OP_EXEC_COUNT_1                           36689176      100.000%         36689176      100.000%
RET_OP_EXEC_COUNT_2                                  0        0.000%                0        0.000%
RET_OP_EXEC_COUNT_3                                  0        0.000%                0        0.000%
RET_OP_EXEC_COUNT_4                                  0        0.000%                0        0.000%
RET_OP_EXEC_COUNT_5                                  0        0.000%                0        0.000%
RET_OP_EXEC_COUNT_6                                  0        0.000%                0        0.000%
RET_OP_EXEC_COUNT_7                                  0        0.000%                0        0.000%
RET_OP_EXEC_COUNT_8                                  0        0.000%                0        0.000%
RET_OP_EXEC_COUNT_9                                  0        0.000%                0        0.000%
RET_OP_EXEC_COUNT_10                                 0        0.000%                0        0.000%
RET_OP_EXEC_COUNT_11                                 0        0.000%                0        0.000%
RET_OP_EXEC_COUNT_12                                 0        0.000%                0        0.000%
RET_OP_EXEC_COUNT_13                                 0        0.000%                0        0.000%
RET_OP_EXEC_COUNT_14                                 0        0.000%                0        0.000%
RET_OP_EXEC_COUNT_15                                 0        0.000%                0        0.000%
RET_OP_EXEC_COUNT_16                                 0        0.000%                0        0.000%
RET_OP_EXEC_COUNT_17                                 0        0.000%                0        0.000%
RET_OP_EXEC_COUNT_18                                 0        0.000%                0        0.000%
RET_OP_EXEC_COUNT_19                                 0        0.000%                0        0.000%
RET_OP_EXEC_COUNT_20                                 0        0.000%                0        0.000%
RET_OP_EXEC_COUNT_21                                 0        0.000%                0        0.000%
RET_OP_EXEC_COUNT_22                                 0        0.000%                0        0.000%
RET_OP_EXEC_COUNT_23                                 0        0.000%                0        0.000%
RET_OP_EXEC_COUNT_24                                 0        0.000%                0        0.000%
RET_OP_EXEC_COUNT_25                                 0        0.000%                0        0.000%
RET_OP_EXEC_COUNT_26                                 0        0.000%                0        0.000%
RET_OP_EXEC_COUNT_27                                 0        0.000%                0        0.000%
RET_OP_EXEC_COUNT_28                                 0        0.000%                0        0.000%
RET_OP_EXEC_COUNT_29                                 0        0.000%                0        0.000%
RET_OP_EXEC_COUNT_30                                 0        0.000%                0        0.000%
RET_OP_EXEC_COUNT_31                                 0        0.000%                0        0.000%
RET_OP_EXEC_COUNT_32                                 0        0.000%                0        0.000%
                                              36689176      100.000%         36689176      100.000%
                                                  1.00         0.00              1.00         0.00

RET_STALL_LENGTH_0                            36688505       99.998%         36688505       99.998%
RET_STALL_LENGTH_100                               450        0.001%              450        0.001%
RET_STALL_LENGTH_200                                99        0.000%               99        0.000%
RET_STALL_LENGTH_300                                18        0.000%               18        0.000%
RET_STALL_LENGTH_400                                43        0.000%               43        0.000%
RET_STALL_LENGTH_500                                30        0.000%               30        0.000%
RET_STALL_LENGTH_600                                11        0.000%               11        0.000%
RET_STALL_LENGTH_700                                 7        0.000%                7        0.000%
RET_STALL_LENGTH_800                                 1        0.000%                1        0.000%
RET_STALL_LENGTH_900                                 1        0.000%                1        0.000%
RET_STALL_LENGTH_1000                                0        0.000%                0        0.000%
RET_STALL_LENGTH_1100                                2        0.000%                2        0.000%
RET_STALL_LENGTH_1200                                6        0.000%                6        0.000%
RET_STALL_LENGTH_1300                                0        0.000%                0        0.000%
RET_STALL_LENGTH_1400                                1        0.000%                1        0.000%
RET_STALL_LENGTH_1500                                0        0.000%                0        0.000%
RET_STALL_LENGTH_1600                                0        0.000%                0        0.000%
RET_STALL_LENGTH_1700                                2        0.000%                2        0.000%
RET_STALL_LENGTH_1800                                0        0.000%                0        0.000%
RET_STALL_LENGTH_1900                                0        0.000%                0        0.000%
RET_STALL_LENGTH_2000                                0        0.000%                0        0.000%
RET_STALL_LENGTH_2100                                0        0.000%                0        0.000%
RET_STALL_LENGTH_2200                                0        0.000%                0        0.000%
RET_STALL_LENGTH_2300                                0        0.000%                0        0.000%
RET_STALL_LENGTH_2400                                0        0.000%                0        0.000%
RET_STALL_LENGTH_2500                                0        0.000%                0        0.000%
RET_STALL_LENGTH_2600                                0        0.000%                0        0.000%
RET_STALL_LENGTH_2700                                0        0.000%                0        0.000%
RET_STALL_LENGTH_2800                                0        0.000%                0        0.000%
RET_STALL_LENGTH_2900                                0        0.000%                0        0.000%
RET_STALL_LENGTH_3000                                0        0.000%                0        0.000%
RET_STALL_LENGTH_3100                                0        0.000%                0        0.000%
RET_STALL_LENGTH_3200                                0        0.000%                0        0.000%
RET_STALL_LENGTH_3300                                0        0.000%                0        0.000%
RET_STALL_LENGTH_3400                                0        0.000%                0        0.000%
RET_STALL_LENGTH_3500                                0        0.000%                0        0.000%
RET_STALL_LENGTH_3600                                0        0.000%                0        0.000%
RET_STALL_LENGTH_3700                                0        0.000%                0        0.000%
RET_STALL_LENGTH_3800                                0        0.000%                0        0.000%
RET_STALL_LENGTH_3900                                0        0.000%                0        0.000%
RET_STALL_LENGTH_4000                                0        0.000%                0        0.000%
RET_STALL_LENGTH_4100                                0        0.000%                0        0.000%
RET_STALL_LENGTH_4200                                0        0.000%                0        0.000%
RET_STALL_LENGTH_4300                                0        0.000%                0        0.000%
RET_STALL_LENGTH_4400                                0        0.000%                0        0.000%
RET_STALL_LENGTH_4500                                0        0.000%                0        0.000%
RET_STALL_LENGTH_4600                                0        0.000%                0        0.000%
RET_STALL_LENGTH_4700                                0        0.000%                0        0.000%
RET_STALL_LENGTH_4800                                0        0.000%                0        0.000%
RET_STALL_LENGTH_4900                                0        0.000%                0        0.000%
RET_STALL_LENGTH_5000                                0        0.000%                0        0.000%
                                              36689176      100.000%         36689176      100.000%
                                                  0.00         0.01              0.00         0.01

MEM_BLOCK_LENGTH_0                                 109       38.929%              109       38.929%
MEM_BLOCK_LENGTH_100                                30       10.714%               30       10.714%
MEM_BLOCK_LENGTH_200                                16        5.714%               16        5.714%
MEM_BLOCK_LENGTH_300                                16        5.714%               16        5.714%
MEM_BLOCK_LENGTH_400                                14        5.000%               14        5.000%
MEM_BLOCK_LENGTH_500                                20        7.143%               20        7.143%
MEM_BLOCK_LENGTH_600                                24        8.571%               24        8.571%
MEM_BLOCK_LENGTH_700                                12        4.286%               12        4.286%
MEM_BLOCK_LENGTH_800                                 7        2.500%                7        2.500%
MEM_BLOCK_LENGTH_900                                 8        2.857%                8        2.857%
MEM_BLOCK_LENGTH_1000                                7        2.500%                7        2.500%
MEM_BLOCK_LENGTH_1100                                4        1.429%                4        1.429%
MEM_BLOCK_LENGTH_1200                                4        1.429%                4        1.429%
MEM_BLOCK_LENGTH_1300                                3        1.071%                3        1.071%
MEM_BLOCK_LENGTH_1400                                0        0.000%                0        0.000%
MEM_BLOCK_LENGTH_1500                                1        0.357%                1        0.357%
MEM_BLOCK_LENGTH_1600                                1        0.357%                1        0.357%
MEM_BLOCK_LENGTH_1700                                0        0.000%                0        0.000%
MEM_BLOCK_LENGTH_1800                                0        0.000%                0        0.000%
MEM_BLOCK_LENGTH_1900                                0        0.000%                0        0.000%
MEM_BLOCK_LENGTH_2000                                2        0.714%                2        0.714%
MEM_BLOCK_LENGTH_2100                                1        0.357%                1        0.357%
MEM_BLOCK_LENGTH_2200                                0        0.000%                0        0.000%
MEM_BLOCK_LENGTH_2300                                1        0.357%                1        0.357%
MEM_BLOCK_LENGTH_2400                                0        0.000%                0        0.000%
MEM_BLOCK_LENGTH_2500                                0        0.000%                0        0.000%
MEM_BLOCK_LENGTH_2600                                0        0.000%                0        0.000%
MEM_BLOCK_LENGTH_2700                                0        0.000%                0        0.000%
MEM_BLOCK_LENGTH_2800                                0        0.000%                0        0.000%
MEM_BLOCK_LENGTH_2900                                0        0.000%                0        0.000%
MEM_BLOCK_LENGTH_3000                                0        0.000%                0        0.000%
MEM_BLOCK_LENGTH_3100                                0        0.000%                0        0.000%
MEM_BLOCK_LENGTH_3200                                0        0.000%                0        0.000%
MEM_BLOCK_LENGTH_3300                                0        0.000%                0        0.000%
MEM_BLOCK_LENGTH_3400                                0        0.000%                0        0.000%
MEM_BLOCK_LENGTH_3500                                0        0.000%                0        0.000%
MEM_BLOCK_LENGTH_3600                                0        0.000%                0        0.000%
MEM_BLOCK_LENGTH_3700                                0        0.000%                0        0.000%
MEM_BLOCK_LENGTH_3800                                0        0.000%                0        0.000%
MEM_BLOCK_LENGTH_3900                                0        0.000%                0        0.000%
MEM_BLOCK_LENGTH_4000                                0        0.000%                0        0.000%
MEM_BLOCK_LENGTH_4100                                0        0.000%                0        0.000%
MEM_BLOCK_LENGTH_4200                                0        0.000%                0        0.000%
MEM_BLOCK_LENGTH_4300                                0        0.000%                0        0.000%
MEM_BLOCK_LENGTH_4400                                0        0.000%                0        0.000%
MEM_BLOCK_LENGTH_4500                                0        0.000%                0        0.000%
MEM_BLOCK_LENGTH_4600                                0        0.000%                0        0.000%
MEM_BLOCK_LENGTH_4700                                0        0.000%                0        0.000%
MEM_BLOCK_LENGTH_4800                                0        0.000%                0        0.000%
MEM_BLOCK_LENGTH_4900                                0        0.000%                0        0.000%
MEM_BLOCK_LENGTH_5000                                0        0.000%                0        0.000%
                                                   280      100.000%              280      100.000%
                                                  3.35         3.62              3.35         3.62

FUS_BUSY_ON_PATH                              37455403        4.7253         37455403        4.7253

FUS_BUSY_OFF_PATH                              2702794        0.3410          2702794        0.3410

FU_BUSY_MEM_STALL                               772376        0.0974           772376        0.0974

FUS_EMPTY                                     39107323        4.9337         39107323        4.9337

FU_UNAVAILABLE                                  113975        0.0144           113975        0.0144

FU_MEM_UNAVAILABLE                              559336        0.0706           559336        0.0706

FU_OTHER_UNAVAILABLE                                 0        0.0000                0        0.0000

FU_REPLAY                                            0        0.0000                0        0.0000

FU_STARVED                                    38940788        4.9127         38940788        4.9127

CHIP_UTILIZATION                                     0        0.0000                0        0.0000

CYCLES_UNDER_MEM_REQ                                 0                              0              

CYCLES_UNDER_NO_MEM_REQ                              0                              0              

CYCLES_UNDER_CRITICAL_MEM_REQ                        0                              0              

CYCLES_UNDER_NONCRITICAL_MEM_REQ                     0                              0              

CHIP_UTILIZATION_UNDER_MEM_REQ                       0          -nan                0          -nan

CHIP_UTILIZATION_UNDER_NO_MEM_REQ                    0          -nan                0          -nan

CHIP_UTILIZATION_UNDER_CRITICAL_MEM_REQ              0          -nan                0          -nan

CHIP_UTILIZATION_UNDER_NONCRITICAL_MEM_REQ             0          -nan                0          -nan

CYCLES_NOT_WAITING_FOR_OFF_CHIP                      0        0.0000                0        0.0000

FUS_BUSY_NOT_WAITING_FOR_OFF_CHIP                    0          -nan                0          -nan

CYCLES_WAITING_FOR_OFF_CHIP                          0        0.0000                0        0.0000

FUS_BUSY_WAITING_FOR_OFF_CHIP                        0          -nan                0          -nan

TOTAL_OFF_CHIP_DELAYS_LEFT                           0                              0              

WRONG_IO_SCHED                                       0                              0              

DVFS_CONFIG_SWITCH                                   0                              0              

MAP_STAGE_RECEIVED_OPS_0                             0        0.000%                0        0.000%
MAP_STAGE_RECEIVED_OPS_1                         16149        0.254%            16149        0.254%
MAP_STAGE_RECEIVED_OPS_2                         50028        0.788%            50028        0.788%
MAP_STAGE_RECEIVED_OPS_3                         23498        0.370%            23498        0.370%
MAP_STAGE_RECEIVED_OPS_4                        538148        8.477%           538148        8.477%
MAP_STAGE_RECEIVED_OPS_5                         28442        0.448%            28442        0.448%
MAP_STAGE_RECEIVED_OPS_6                       5692272       89.663%          5692272       89.663%
MAP_STAGE_RECEIVED_OPS_7                             0        0.000%                0        0.000%
MAP_STAGE_RECEIVED_OPS_8                             0        0.000%                0        0.000%
MAP_STAGE_RECEIVED_OPS_MAX                           0        0.000%                0        0.000%
                                               6348537      100.000%          6348537      100.000%
                                                  5.77         0.72              5.77         0.72

MAP_STAGE_WAIT_FOR_DECODE                            0         -nan%                0         -nan%
MAP_STAGE_CONSUME_DECODE                             0         -nan%                0         -nan%
                                                     0         -nan%                0         -nan%
                                                  -nan         -nan              -nan         -nan

MAP_STAGE_WAIT_FOR_DECODE2                           0         -nan%                0         -nan%
MAP_STAGE_CONSUME_DECODE2                            0         -nan%                0         -nan%
                                                     0         -nan%                0         -nan%
                                                  -nan         -nan              -nan         -nan

FTQ_RECOVER_EXEC                                 29387                          29387              

FTQ_RECOVER_DECODE                                 550                            550              

FTQ_OFFPATH_CYCLES                             3152174                        3152174              

FTQ_CYCLES_OFFPATH                             3152174                        3152174              

FTQ_CYCLES_ONPATH                              4774378                        4774378              

FTQ_FETCHED_INS_ONPATH                        36689112                       36689112              

FTQ_FETCHED_INS_OFFPATH                       21372194                       21372194              

FTQ_BREAK_FULL_FT_ONPATH                        558035                         558035              

FTQ_BREAK_FULL_FT_OFFPATH                       430005                         430005              

FTQ_BREAK_PRED_BR_ONPATH                             0                              0              

FTQ_BREAK_PRED_BR_OFFPATH                            0                              0              

FTQ_BREAK_BAR_FETCH_ONPATH                           0                              0              

FTQ_BREAK_BAR_FETCH_OFFPATH                          0                              0              

FTQ_BREAK_MAX_CFS_TAKEN_ONPATH                       0                              0              

FTQ_BREAK_MAX_CFS_TAKEN_OFFPATH                      0                              0              

FTQ_BREAK_MAX_FT_ONPATH                        4216287                        4216287              

FTQ_BREAK_MAX_FT_OFFPATH                       2722169                        2722169              

DFE_GEN_ON_PATH_FT                             5238171                        5238171              

DFE_GEN_OFF_PATH_FT                            2307248                        2307248              

DFE_L0_ENABLED_PREDICTIONS                    36689176                       36689176              

DFE_L0_WRONG_MAIN_CORRECT                       609939                         609939              

DFE_L0_WRONG_MAIN_WRONG                          21919                          21919              

DFE_L0_CORRECT_MAIN_WRONG                         8018                           8018              

DFE_L0_CORRECT_MAIN_CORRECT                   36049300                       36049300              

DFE_L0_WRONG_MAIN_CORRECT_RECOVERY_SCHEDULED             0                              0              

FTQ_SAW_BAR_FETCH_OFFPATH                         5102                           5102              

FTQ_SAW_BAR_FETCH_ONPATH                           343                            343              

DFE_CONF_0_RECOVER_AT_EXEC                           0         -nan%                0         -nan%
DFE_CONF_1_RECOVER_AT_EXEC                           0         -nan%                0         -nan%
DFE_CONF_2_RECOVER_AT_EXEC                           0         -nan%                0         -nan%
DFE_CONF_3_RECOVER_AT_EXEC                           0         -nan%                0         -nan%
DFE_CONF_0_CORRECT                                   0         -nan%                0         -nan%
DFE_CONF_1_CORRECT                                   0         -nan%                0         -nan%
DFE_CONF_2_CORRECT                                   0         -nan%                0         -nan%
DFE_CONF_3_CORRECT                                   0         -nan%                0         -nan%
                                                     0         -nan%                0         -nan%
                                                  -nan         -nan              -nan         -nan

DFE_ON_CONF_ON_OPS                                   0         -nan%                0         -nan%
DFE_ON_CONF_OFF_OPS                                  0         -nan%                0         -nan%
DFE_OFF_CONF_ON_OPS                                  0         -nan%                0         -nan%
DFE_OFF_CONF_OFF_REALISTIC_OPS                       0         -nan%                0         -nan%
DFE_OFF_CONF_OFF_PERFECT_OPS                         0         -nan%                0         -nan%
                                                     0         -nan%                0         -nan%
                                                  -nan         -nan              -nan         -nan

DFE_ON_CONF_ON_FETCH_TARGETS                         0         -nan%                0         -nan%
DFE_ON_CONF_OFF_FETCH_TARGETS                        0         -nan%                0         -nan%
DFE_OFF_CONF_ON_FETCH_TARGETS                        0         -nan%                0         -nan%
DFE_OFF_CONF_OFF_REALISTIC_FETCH_TARGETS             0         -nan%                0         -nan%
DFE_OFF_CONF_OFF_PERFECT_FETCH_TARGETS               0         -nan%                0         -nan%
                                                     0         -nan%                0         -nan%
                                                  -nan         -nan              -nan         -nan

DFE_ON_CONF_ON_CYCLES                                0         -nan%                0         -nan%
DFE_ON_CONF_OFF_CYCLES                               0         -nan%                0         -nan%
DFE_OFF_CONF_ON_CYCLES                               0         -nan%                0         -nan%
DFE_OFF_CONF_OFF_REALISTIC_CYCLES                    0         -nan%                0         -nan%
DFE_OFF_CONF_OFF_PERFECT_CYCLES                      0         -nan%                0         -nan%
                                                     0         -nan%                0         -nan%
                                                  -nan         -nan              -nan         -nan

DFE_OFF_CONF_ON_NUM_EVENTS                           0                              0              

DFE_OFF_CONF_ON_NOT_IDENTIFIED_EVENTS                0         -nan%                0         -nan%
DFE_OFF_CONF_ON_IBTB_MISS_EVENTS                     0         -nan%                0         -nan%
DFE_OFF_CONF_ON_BTB_MISS_EVENTS                      0         -nan%                0         -nan%
DFE_OFF_CONF_ON_BTB_MISS_RECOVER_AT_EXEC_EVENTS             0         -nan%                0         -nan%
DFE_OFF_CONF_ON_RECOVER_AT_EXEC_EVENTS               0         -nan%                0         -nan%
DFE_OFF_CONF_ON_RECOVER_AT_DECODE_EVENTS             0         -nan%                0         -nan%
                                                     0         -nan%                0         -nan%
                                                  -nan         -nan              -nan         -nan

DFE_OFF_CONF_ON_LATE_BTB_HIT_EVENTS                  0                              0              

DFE_OFF_CONF_ON_NOT_IDENTIFIED_CYCLES                0         -nan%                0         -nan%
DFE_OFF_CONF_ON_IBTB_MISS_CYCLES                     0         -nan%                0         -nan%
DFE_OFF_CONF_ON_BTB_MISS_CYCLES                      0         -nan%                0         -nan%
DFE_OFF_CONF_ON_BTB_MISS_RECOVER_AT_EXEC_CYCLES             0         -nan%                0         -nan%
DFE_OFF_CONF_ON_RECOVER_AT_EXEC_CYCLES               0         -nan%                0         -nan%
DFE_OFF_CONF_ON_RECOVER_AT_DECODE_CYCLES             0         -nan%                0         -nan%
                                                     0         -nan%                0         -nan%
                                                  -nan         -nan              -nan         -nan

DFE_OFF_CONF_ON_LATE_BTB_HIT_CYCLES                  0                              0              

DFE_OFF_CONF_ON_NOT_IDENTIFIED_FETCH_TARGETS             0         -nan%                0         -nan%
DFE_OFF_CONF_ON_IBTB_MISS_FETCH_TARGETS              0         -nan%                0         -nan%
DFE_OFF_CONF_ON_BTB_MISS_FETCH_TARGETS               0         -nan%                0         -nan%
DFE_OFF_CONF_ON_BTB_MISS_RECOVER_AT_EXEC_FETCH_TARGETS             0         -nan%                0         -nan%
DFE_OFF_CONF_ON_RECOVER_AT_EXEC_FETCH_TARGETS             0         -nan%                0         -nan%
DFE_OFF_CONF_ON_RECOVER_AT_DECODE_FETCH_TARGETS             0         -nan%                0         -nan%
                                                     0         -nan%                0         -nan%
                                                  -nan         -nan              -nan         -nan

DFE_OFF_CONF_ON_LATE_BTB_HIT_FETCH_TARGETS             0                              0              

DFE_OFF_CONF_ON_BP_INCORRECT_0_CONF                  0         -nan%                0         -nan%
DFE_OFF_CONF_ON_BP_INCORRECT_1_CONF                  0         -nan%                0         -nan%
DFE_OFF_CONF_ON_BP_INCORRECT_2_CONF                  0         -nan%                0         -nan%
DFE_OFF_CONF_ON_BP_INCORRECT_3_CONF                  0         -nan%                0         -nan%
                                                     0         -nan%                0         -nan%
                                                  -nan         -nan              -nan         -nan

DFE_OFF_CONF_ON_BTB_MISS_CBR_0_CONF                  0         -nan%                0         -nan%
DFE_OFF_CONF_ON_BTB_MISS_CBR_1_CONF                  0         -nan%                0         -nan%
DFE_OFF_CONF_ON_BTB_MISS_CBR_2_CONF                  0         -nan%                0         -nan%
DFE_OFF_CONF_ON_BTB_MISS_CBR_3_CONF                  0         -nan%                0         -nan%
                                                     0         -nan%                0         -nan%
                                                  -nan         -nan              -nan         -nan

DFE_OFF_CONF_ON_BTB_MISS_NOT_CF                      0         -nan%                0         -nan%
DFE_OFF_CONF_ON_BTB_MISS_CF_BR                       0         -nan%                0         -nan%
DFE_OFF_CONF_ON_BTB_MISS_CF_CBR                      0         -nan%                0         -nan%
DFE_OFF_CONF_ON_BTB_MISS_CF_CALL                     0         -nan%                0         -nan%
DFE_OFF_CONF_ON_BTB_MISS_CF_IBR                      0         -nan%                0         -nan%
DFE_OFF_CONF_ON_BTB_MISS_CF_ICALL                    0         -nan%                0         -nan%
DFE_OFF_CONF_ON_BTB_MISS_CF_ICO                      0         -nan%                0         -nan%
DFE_OFF_CONF_ON_BTB_MISS_CF_RET                      0         -nan%                0         -nan%
DFE_OFF_CONF_ON_BTB_MISS_CF_SYS                      0         -nan%                0         -nan%
                                                     0         -nan%                0         -nan%
                                                  -nan         -nan              -nan         -nan

DFE_ON_CONF_OFF_NUM_EVENTS                           0                              0              

CONF_BTB_NUM_CYCLES_OFF_PATH_EVENT                   0                              0              

DFE_ON_CONF_OFF_IBTB_MISS_BP_TAKEN                   0         -nan%                0         -nan%
DFE_ON_CONF_OFF_BTB_MISS_BP_TAKEN_CONF_0             0         -nan%                0         -nan%
DFE_ON_CONF_OFF_BTB_MISS_BP_TAKEN_CONF_1             0         -nan%                0         -nan%
DFE_ON_CONF_OFF_BTB_MISS_BP_TAKEN_CONF_2             0         -nan%                0         -nan%
DFE_ON_CONF_OFF_BTB_MISS_BP_TAKEN_CONF_3             0         -nan%                0         -nan%
DFE_ON_CONF_OFF_BTB_MISS_RATE                        0         -nan%                0         -nan%
DFE_ON_CONF_OFF_IBTB_MISS_RATE                       0         -nan%                0         -nan%
DFE_ON_CONF_OFF_RECOVER_AT_DECODE_RATE               0         -nan%                0         -nan%
DFE_ON_CONF_OFF_RECOVER_AT_EXEC_RATE                 0         -nan%                0         -nan%
DFE_ON_CONF_OFF_INV_CONF_INC                         0         -nan%                0         -nan%
DFE_ON_CONF_OFF_PERFECT_CONF                         0         -nan%                0         -nan%
                                                     0         -nan%                0         -nan%
                                                  -nan         -nan              -nan         -nan

DFE_ON_CONF_OFF_IBTB_MISS_BP_TAKEN_CYCLES             0         -nan%                0         -nan%
DFE_ON_CONF_OFF_BTB_MISS_BP_TAKEN_CONF_0_CYCLES             0         -nan%                0         -nan%
DFE_ON_CONF_OFF_BTB_MISS_BP_TAKEN_CONF_1_CYCLES             0         -nan%                0         -nan%
DFE_ON_CONF_OFF_BTB_MISS_BP_TAKEN_CONF_2_CYCLES             0         -nan%                0         -nan%
DFE_ON_CONF_OFF_BTB_MISS_BP_TAKEN_CONF_3_CYCLES             0         -nan%                0         -nan%
DFE_ON_CONF_OFF_BTB_MISS_RATE_CYCLES                 0         -nan%                0         -nan%
DFE_ON_CONF_OFF_IBTB_MISS_RATE_CYCLES                0         -nan%                0         -nan%
DFE_ON_CONF_OFF_RECOVER_AT_DECODE_RATE_CYCLES             0         -nan%                0         -nan%
DFE_ON_CONF_OFF_RECOVER_AT_EXEC_RATE_CYCLES             0         -nan%                0         -nan%
DFE_ON_CONF_OFF_INV_CONF_INC_CYCLES                  0         -nan%                0         -nan%
DFE_ON_CONF_OFF_PERFECT_CONF_CYCLES                  0         -nan%                0         -nan%
                                                     0         -nan%                0         -nan%
                                                  -nan         -nan              -nan         -nan

DFE_ON_CONF_OFF_IBTB_MISS_BP_TAKEN_FETCH_TARGETS             0         -nan%                0         -nan%
DFE_ON_CONF_OFF_BTB_MISS_BP_TAKEN_CONF_0_FETCH_TARGETS             0         -nan%                0         -nan%
DFE_ON_CONF_OFF_BTB_MISS_BP_TAKEN_CONF_1_FETCH_TARGETS             0         -nan%                0         -nan%
DFE_ON_CONF_OFF_BTB_MISS_BP_TAKEN_CONF_2_FETCH_TARGETS             0         -nan%                0         -nan%
DFE_ON_CONF_OFF_BTB_MISS_BP_TAKEN_CONF_3_FETCH_TARGETS             0         -nan%                0         -nan%
DFE_ON_CONF_OFF_BTB_MISS_RATE_FETCH_TARGETS             0         -nan%                0         -nan%
DFE_ON_CONF_OFF_IBTB_MISS_RATE_FETCH_TARGETS             0         -nan%                0         -nan%
DFE_ON_CONF_OFF_RECOVER_AT_DECODE_RATE_FETCH_TARGETS             0         -nan%                0         -nan%
DFE_ON_CONF_OFF_RECOVER_AT_EXEC_RATE_FETCH_TARGETS             0         -nan%                0         -nan%
DFE_ON_CONF_OFF_INV_CONF_INC_FETCH_TARGETS             0         -nan%                0         -nan%
DFE_ON_CONF_OFF_PERFECT_CONF_FETCH_TARGETS             0         -nan%                0         -nan%
                                                     0         -nan%                0         -nan%
                                                  -nan         -nan              -nan         -nan

CONF_OFF_IBTB_MISS_BP_TAKEN                          0         -nan%                0         -nan%
CONF_OFF_BTB_MISS_BP_TAKEN_CONF_0                    0         -nan%                0         -nan%
CONF_OFF_BTB_MISS_BP_TAKEN_CONF_1                    0         -nan%                0         -nan%
CONF_OFF_BTB_MISS_BP_TAKEN_CONF_2                    0         -nan%                0         -nan%
CONF_OFF_BTB_MISS_BP_TAKEN_CONF_3                    0         -nan%                0         -nan%
CONF_OFF_BTB_MISS_RATE                               0         -nan%                0         -nan%
CONF_OFF_IBTB_MISS_RATE                              0         -nan%                0         -nan%
CONF_OFF_RECOVER_AT_DECODE_RATE                      0         -nan%                0         -nan%
CONF_OFF_RECOVER_AT_EXEC_RATE                        0         -nan%                0         -nan%
CONF_OFF_INV_CONF_INC                                0         -nan%                0         -nan%
CONF_OFF_PERFECT_CONF                                0         -nan%                0         -nan%
                                                     0         -nan%                0         -nan%
                                                  -nan         -nan              -nan         -nan

TOPDOWN_TOTAL_SLOTS                           47559312                       47559312              

TOPDOWN_ISSUED_SLOTS                          41396009                       41396009              

TOPDOWN_RETIRED_SLOTS                         36689176                       36689176              

TOPDOWN_FETCH_BUBBLES_SLOTS                    2680263                        2680263              

TOPDOWN_RECOVERY_BUBBLES_SLOTS                  601386                         601386              

TOPDOWN_MEM_LOAD_STALLS_CYCLES                  377383                         377383              

TOPDOWN_MEM_STORE_STALLS_CYCLES                  68914                          68914              

TOPDOWN_EXEC_STALLS_CYCLES                      343501                         343501              

TOPDOWN_BACKEND_STALLS_CYCLES                   449466                         449466              

TOPDOWN_FETCH_BUBBLES_GT_MIW_CYCLES             208389                         208389              

TOPDOWN_BR_RECOVER_AT_EXEC_RETIRED_CYCLES         29387                          29387              

TOPDOWN_MACHINE_CLEAR_CYCLES                    639876                         639876              

TOPDOWN_FRONTEND_BOUND                             563                            563              

TOPDOWN_BACKEND_BOUND                              607                            607              

TOPDOWN_BAD_SPEC_BOUND                            1116                           1116              

TOPDOWN_RETIRING_BOUND                            7714                           7714              

TOPDOWN_FETCH_LATENCY_BOUND                        262                            262              

TOPDOWN_FETCH_BANDWIDTH_BOUND                      301                            301              

TOPDOWN_MEM_BOUND                                  602                            602              

TOPDOWN_CORE_BOUND                                   5                              5              

TOPDOWN_BR_RECOVER_AT_EXEC_BOUND                    49                             49              

TOPDOWN_MACHINE_CLEARS_BOUND                      1067                           1067              

H2P_SEEN_MAIN                                    59974                          59974              



