/* -*- Mode: c -*- */
####################################################################################################
Core 0
####################################################################################################
Cumulative:        Cycles: 8459736               Instructions: 29999995              IPC: 3.54621

Periodic:          Cycles: 8459736               Instructions: 29999995              IPC: 3.54621

EXECUTION_TIME                           2643667500000                  2643667500000              

SIM_HOST_WALL_SECONDS                       244.636332                     244.636332              

NODE_CYCLE                                     8459736                        8459736              

NODE_INST_COUNT                               30000383                       30000383              

NODE_INST_COUNT_FETCHED                       29999995                       29999995              

NODE_UOP_COUNT                                34193232                       34193232              

EXEC_STAGE_NO_ISSUE_STALL_CYCLE                6382382                        6382382              

EXEC_STAGE_NO_ISSUE_STALL_CYCLE_ONPATH         6335476                        6335476              

FULL_WINDOW_STALL                                 3408        0.040%             3408        0.040%

FULL_WINDOW_MEM_OP                                2991       91.777%             2991       91.777%
FULL_WINDOW_FP_OP                                    0        0.000%                0        0.000%
FULL_WINDOW_OTHER_OP                               268        8.223%              268        8.223%
                                                  3259      100.000%             3259      100.000%
                                                  0.16         0.53              0.16         0.53

RET_BLOCKED_DC_MISS                            3163862       37.399%          3163862       37.399%

RET_BLOCKED_L1_MISS                             617851        7.303%           617851        7.303%

RET_BLOCKED_L1_MISS_BW_PREF                     494066        5.840%           494066        5.840%

RET_BLOCKED_L1_ACCESS                          2568643       30.363%          2568643       30.363%

RET_BLOCKED_MEM_STALL                           640280        7.569%           640280        7.569%

RET_BLOCKED_OFFCHIP_DEMAND                           0        0.000%                0        0.000%

OP_ISSUED                                     29785807                       29785807              

OP_RETIRED                                    34193232                       34193232              

OP_MACRO_FUSION_ONPATH                         6461973                        6461973              

OP_MACRO_FUSION_OFFPATH                          28417                          28417              

REPLAY_SIGNALED                                      0                              0              

REPLAY_COUNTED                                       0                              0              

OFF_CRITICAL_PATH                                    0         -nan%                0         -nan%
ON_CRITICAL_PATH                                     0         -nan%                0         -nan%
                                                     0         -nan%                0         -nan%
                                                  -nan         -nan              -nan         -nan

LD_NO_DEPENDENTS                                241175        2.561%           241175        2.561%
LD_DEPENDENTS                                  9176354       97.439%          9176354       97.439%
                                               9417529      100.000%          9417529      100.000%
                                                  0.97         0.96              0.97         0.96

LD_EXEC_CYCLES_0                                     0        0.000%                0        0.000%
LD_EXEC_CYCLES_1                                     0        0.000%                0        0.000%
LD_EXEC_CYCLES_2                                     0        0.000%                0        0.000%
LD_EXEC_CYCLES_3                                    79        1.909%               79        1.909%
LD_EXEC_CYCLES_4                                  4059       98.091%             4059       98.091%
                                                  4138      100.000%             4138      100.000%
                                                  3.98         3.95              3.98         3.95

ICACHE_STAGE_STARVED                             67581        0.817%            67581        0.817%
ICACHE_STAGE_NOT_STARVED                       8208963       99.183%          8208963       99.183%
                                               8276544      100.000%          8276544      100.000%
                                                  0.99         0.99              0.99         0.99

ICACHE_STAGE_STALLED                           3842586       45.422%          3842586       45.422%
ICACHE_STAGE_NOT_STALLED                       4433958       52.412%          4433958       52.412%
ICACHE_STAGE_OFF_PATH                           183192        2.165%           183192        2.165%
                                               8459736      100.000%          8459736      100.000%
                                                  0.57         0.39              0.57         0.39

DECODE_STAGE_STARVED                           8347996       99.790%          8347996       99.790%
DECODE_STAGE_NOT_STARVED                         17528        0.210%            17528        0.210%
                                               8365524      100.000%          8365524      100.000%
                                                  0.00         0.05              0.00         0.05

DECODE_STAGE_STALLED                              8430        0.100%             8430        0.100%
DECODE_STAGE_NOT_STALLED                       8357094       98.787%          8357094       98.787%
DECODE_STAGE_OFF_PATH                            94212        1.114%            94212        1.114%
                                               8459736      100.000%          8459736      100.000%
                                                  1.01         0.15              1.01         0.15

UOPQ_STAGE_STARVED                              119938        2.684%           119938        2.684%
UOPQ_STAGE_NOT_STARVED                         4348466       97.316%          4348466       97.316%
                                               4468404      100.000%          4468404      100.000%
                                                  0.97         0.96              0.97         0.96

UOPQ_STAGE_STALLED                             3845770       45.460%          3845770       45.460%
UOPQ_STAGE_NOT_STALLED                         4468404       52.820%          4468404       52.820%
UOPQ_STAGE_OFF_PATH                             145562        1.721%           145562        1.721%
                                               8459736      100.000%          8459736      100.000%
                                                  0.56         0.38              0.56         0.38

RS_OP_READY_NOT_ISSUED_TOTAL                  22205119                       22205119              

RS_0_OP_READY_NOT_ISSUED                      20956479                       20956479              

RS_1_OP_READY_NOT_ISSUED                         28687                          28687              

RS_2_OP_READY_NOT_ISSUED                       1219953                        1219953              

RS_3_OP_READY_NOT_ISSUED                             0                              0              

RS_4_OP_READY_NOT_ISSUED                             0                              0              

RS_5_OP_READY_NOT_ISSUED                             0                              0              

RS_6_OP_READY_NOT_ISSUED                             0                              0              

RS_7_OP_READY_NOT_ISSUED                             0                              0              

RS_7_PLUS_OP_READY_NOT_ISSUED                        0                              0              

FU_IDLE_NO_READY_OPS_TOTAL                    35884821                       35884821              

FU_0_IDLE_NO_READY_OPS                         1770414                        1770414              

FU_1_IDLE_NO_READY_OPS                         2202708                        2202708              

FU_2_IDLE_NO_READY_OPS                         3771250                        3771250              

FU_3_IDLE_NO_READY_OPS                         3756472                        3756472              

FU_4_IDLE_NO_READY_OPS                         2272084                        2272084              

FU_5_IDLE_NO_READY_OPS                         1752838                        1752838              

FU_6_IDLE_NO_READY_OPS                         7175482                        7175482              

FU_7_IDLE_NO_READY_OPS                         7175883                        7175883              

FU_8_IDLE_NO_READY_OPS                         2252439                        2252439              

FU_9_IDLE_NO_READY_OPS                         3755251                        3755251              

FU_10_IDLE_NO_READY_OPS                              0                              0              

FU_11_IDLE_NO_READY_OPS                              0                              0              

FU_12_IDLE_NO_READY_OPS                              0                              0              

FU_13_IDLE_NO_READY_OPS                              0                              0              

FU_14_IDLE_NO_READY_OPS                              0                              0              

FU_15_IDLE_NO_READY_OPS                              0                              0              

FU_16_IDLE_NO_READY_OPS                              0                              0              

FU_17_IDLE_NO_READY_OPS                              0                              0              

FU_18_IDLE_NO_READY_OPS                              0                              0              

FU_19_IDLE_NO_READY_OPS                              0                              0              

FU_20_IDLE_NO_READY_OPS                              0                              0              

FU_21_IDLE_NO_READY_OPS                              0                              0              

FU_22_IDLE_NO_READY_OPS                              0                              0              

FU_23_IDLE_NO_READY_OPS                              0                              0              

FU_24_IDLE_NO_READY_OPS                              0                              0              

FU_25_IDLE_NO_READY_OPS                              0                              0              

FU_26_IDLE_NO_READY_OPS                              0                              0              

FU_27_IDLE_NO_READY_OPS                              0                              0              

FU_28_IDLE_NO_READY_OPS                              0                              0              

FU_29_IDLE_NO_READY_OPS                              0                              0              

FU_30_IDLE_NO_READY_OPS                              0                              0              

FU_31_IDLE_NO_READY_OPS                              0                              0              

FU_31_PLUS_IDLE_NO_READY_OPS                         0                              0              

MAP_STAGE_STARVED                                81536        1.409%            81536        1.409%
MAP_STAGE_NOT_STARVED                          5705045       98.591%          5705045       98.591%
                                               5786581      100.000%          5786581      100.000%
                                                  0.99         0.98              0.99         0.98

MAP_STAGE_STALLED                                   51        0.001%               51        0.001%
MAP_STAGE_NOT_STALLED                          5786530       98.821%          5786530       98.821%
MAP_STAGE_OFF_PATH                               68991        1.178%            68991        1.178%
                                               5855572      100.000%          5855572      100.000%
                                                  1.01         0.15              1.01         0.15

MAP_STAGE_STALL_ITSELF                         2604164       30.783%          2604164       30.783%
MAP_STAGE_NOT_STALL_ITSELF                     5855572       69.217%          5855572       69.217%
                                               8459736      100.000%          8459736      100.000%
                                                  0.69         0.63              0.69         0.63

MAP_STAGE_LATE_ALLOCATE_SEND_BACK                    0                              0              

MAP_STAGE_RENAME_OP_ONPATH                    34193232                       34193232              

MAP_STAGE_RENAME_OP_OFFPATH                     286250                         286250              

MAP_STAGE_RENAME_INT_REG_ONPATH               29993982                       29993982              

MAP_STAGE_RENAME_INT_REG_OFFPATH                196209                         196209              

MAP_STAGE_RENAME_VEC_REG_ONPATH                 197574                         197574              

MAP_STAGE_RENAME_VEC_REG_OFFPATH                  7800                           7800              

MAP_STAGE_RENAME_MOVE_ELIM_ONPATH                    0                              0              

MAP_STAGE_RENAME_MOVE_ELIM_OFFPATH                   0                              0              

MAP_STAGE_ONPATH_INT_REG_NUM_ALLOC            29993963                       29993963              

MAP_STAGE_ONPATH_VEC_REG_NUM_ALLOC              197564                         197564              

MAP_STAGE_ONPATH_INT_REG_NUM_SHORTLIVE         7027236                        7027236              

MAP_STAGE_ONPATH_VEC_REG_NUM_SHORTLIVE           69087                          69087              

MAP_STAGE_ONPATH_INT_REG_USE_COUNT_0           8442382                        8442382              

MAP_STAGE_ONPATH_VEC_REG_USE_COUNT_0             67827                          67827              

MAP_STAGE_ONPATH_INT_REG_USE_COUNT_1          16556393                       16556393              

MAP_STAGE_ONPATH_VEC_REG_USE_COUNT_1            120575                         120575              

MAP_STAGE_ONPATH_INT_REG_USE_COUNT_2           1694158                        1694158              

MAP_STAGE_ONPATH_VEC_REG_USE_COUNT_2               734                            734              

MAP_STAGE_ONPATH_INT_REG_USE_COUNT_3           1574315                        1574315              

MAP_STAGE_ONPATH_VEC_REG_USE_COUNT_3                 0                              0              

MAP_STAGE_ONPATH_INT_REG_USE_COUNT_4           1410319                        1410319              

MAP_STAGE_ONPATH_VEC_REG_USE_COUNT_4              8424                           8424              

MAP_STAGE_ONPATH_INT_REG_USE_COUNT_5             85262                          85262              

MAP_STAGE_ONPATH_VEC_REG_USE_COUNT_5                 1                              1              

MAP_STAGE_ONPATH_INT_REG_USE_COUNT_6            101611                         101611              

MAP_STAGE_ONPATH_VEC_REG_USE_COUNT_6                 0                              0              

MAP_STAGE_ONPATH_INT_REG_USE_COUNT_7_PLUS        129523                         129523              

MAP_STAGE_ONPATH_VEC_REG_USE_COUNT_7_PLUS             3                              3              

MAP_STAGE_ONPATH_INT_REG_CONSUME_DIST_0              0        0.0000                0        0.0000

MAP_STAGE_ONPATH_VEC_REG_CONSUME_DIST_0              0        0.0000                0        0.0000

MAP_STAGE_ONPATH_INT_REG_CONSUME_DIST_1              0        0.0000                0        0.0000

MAP_STAGE_ONPATH_VEC_REG_CONSUME_DIST_1              0        0.0000                0        0.0000

MAP_STAGE_ONPATH_INT_REG_CONSUME_DIST_2        9050802        5.3424          9050802        5.3424

MAP_STAGE_ONPATH_VEC_REG_CONSUME_DIST_2         258879      352.6962           258879      352.6962

MAP_STAGE_ONPATH_INT_REG_CONSUME_DIST_3        6672839        4.2386          6672839        4.2386

MAP_STAGE_ONPATH_VEC_REG_CONSUME_DIST_3              0          -nan                0          -nan

MAP_STAGE_ONPATH_INT_REG_CONSUME_DIST_4        6164248        4.3708          6164248        4.3708

MAP_STAGE_ONPATH_VEC_REG_CONSUME_DIST_4        3785707      449.3954          3785707      449.3954

MAP_STAGE_ONPATH_INT_REG_CONSUME_DIST_5        1028478       12.0626          1028478       12.0626

MAP_STAGE_ONPATH_VEC_REG_CONSUME_DIST_5              2        2.0000                2        2.0000

MAP_STAGE_ONPATH_INT_REG_CONSUME_DIST_6        1133721       11.1575          1133721       11.1575

MAP_STAGE_ONPATH_VEC_REG_CONSUME_DIST_6              0          -nan                0          -nan

MAP_STAGE_ONPATH_INT_REG_CONSUME_DIST_7_PLUS      16743912      129.2737         16743912      129.2737

MAP_STAGE_ONPATH_VEC_REG_CONSUME_DIST_7_PLUS           201       67.0000              201       67.0000

MAP_STAGE_INT_REG_ISSUE_READ_TOTAL_CONSUMED      34285937        5.3720         34285937        5.3720

MAP_STAGE_VEC_REG_ISSUE_READ_TOTAL_CONSUMED        158642        0.0249           158642        0.0249

MAP_STAGE_INT_REG_ISSUE_READ_MULTI_CONSUMED      12687150        1.9878         12687150        1.9878

MAP_STAGE_VEC_REG_ISSUE_READ_MULTI_CONSUMED         26988        0.0042            26988        0.0042

MAP_STAGE_INT_REG_ISSUE_READ_SAME_CYCLE_CONSUMED       5409490        0.8476          5409490        0.8476

MAP_STAGE_VEC_REG_ISSUE_READ_SAME_CYCLE_CONSUMED         17399        0.0027            17399        0.0027

MAP_STAGE_INT_REG_ISSUE_READ_TOTAL_CONSUMED_ONPATH      34189780        5.3966         34189780        5.3966

MAP_STAGE_VEC_REG_ISSUE_READ_TOTAL_CONSUMED_ONPATH        155893        0.0246           155893        0.0246

MAP_STAGE_INT_REG_ISSUE_READ_MULTI_CONSUMED_ONPATH      12638180        1.9948         12638180        1.9948

MAP_STAGE_VEC_REG_ISSUE_READ_MULTI_CONSUMED_ONPATH         26145        0.0041            26145        0.0041

MAP_STAGE_INT_REG_ISSUE_READ_SAME_CYCLE_CONSUMED_ONPATH       5385498        0.8501          5385498        0.8501

MAP_STAGE_VEC_REG_ISSUE_READ_SAME_CYCLE_CONSUMED_ONPATH         17151        0.0027            17151        0.0027

MAP_STAGE_ONPATH_INT_REG_LIFECYCLE_EMPTY     625307878                      625307878              

MAP_STAGE_ONPATH_VEC_REG_LIFECYCLE_EMPTY       9699040                        9699040              

MAP_STAGE_ONPATH_INT_REG_LIFECYCLE_IN_USE    1205762070                     1205762070              

MAP_STAGE_ONPATH_VEC_REG_LIFECYCLE_IN_USE      22445148                       22445148              

MAP_STAGE_ONPATH_INT_REG_LIFECYCLE_SPEC_RELEASE    1943727814                     1943727814              

MAP_STAGE_ONPATH_VEC_REG_LIFECYCLE_SPEC_RELEASE      33364573                       33364573              

MAP_STAGE_ONPATH_INT_REG_LIFECYCLE_NONSPEC_RELEASE    1943727814                     1943727814              

MAP_STAGE_ONPATH_VEC_REG_LIFECYCLE_NONSPEC_RELEASE      33364573                       33364573              

MAP_STAGE_ONPATH_INT_REG_LIFECYCLE_TOTAL    1943727814                     1943727814              

MAP_STAGE_ONPATH_VEC_REG_LIFECYCLE_TOTAL      33364573                       33364573              

MAP_STAGE_ONPATH_INT_REG_NUM_NONBRANCH        29993963                       29993963              

MAP_STAGE_ONPATH_VEC_REG_NUM_NONBRANCH          197564                         197564              

MAP_STAGE_ONPATH_INT_REG_NUM_NONEXCEPT        29993963                       29993963              

MAP_STAGE_ONPATH_VEC_REG_NUM_NONEXCEPT          197564                         197564              

MAP_STAGE_ONPATH_INT_REG_NUM_ATOMIC           29993963                       29993963              

MAP_STAGE_ONPATH_VEC_REG_NUM_ATOMIC             197564                         197564              

MAP_STAGE_ONPATH_INT_REG_ATOMIC_REDEFINED_DIST_TOTAL    1943727814       64.8040       1943727814       64.8040

MAP_STAGE_ONPATH_VEC_REG_ATOMIC_REDEFINED_DIST_TOTAL      33364573      168.8798         33364573      168.8798

MAP_STAGE_ONPATH_INT_REG_ATOMIC_CONSUMED_DIST_TOTAL    1205762070       40.2002       1205762070       40.2002

MAP_STAGE_ONPATH_VEC_REG_ATOMIC_CONSUMED_DIST_TOTAL      22445148      113.6095         22445148      113.6095

MAP_STAGE_ONPATH_INT_REG_ATOMIC_RELEASE_DIST_TOTAL    1943727814       64.8040       1943727814       64.8040

MAP_STAGE_ONPATH_VEC_REG_ATOMIC_RELEASE_DIST_TOTAL      33364573      168.8798         33364573      168.8798

EXEC_STAGE_STARVED                             7648205       90.407%          7648205       90.407%
EXEC_STAGE_NOT_STARVED                          726476        8.587%           726476        8.587%
EXEC_STAGE_OFF_PATH                              85055        1.005%            85055        1.005%
                                               8459736      100.000%          8459736      100.000%
                                                  0.11         0.32              0.11         0.32

FU_BUSY_0                                      5459903                        5459903              

FU_BUSY_1                                      4587549                        4587549              

FU_BUSY_2                                      1658912                        1658912              

FU_BUSY_3                                      1657447                        1657447              

FU_BUSY_4                                      4278173                        4278173              

FU_BUSY_5                                      5485605                        5485605              

FU_BUSY_6                                       727936                         727936              

FU_BUSY_7                                       728323                         728323              

FU_BUSY_8                                      4364957                        4364957              

FU_BUSY_9                                      1659017                        1659017              

FU_BUSY_10                                           0                              0              

FU_BUSY_11                                           0                              0              

FU_BUSY_12                                           0                              0              

FU_BUSY_13                                           0                              0              

FU_BUSY_14                                           0                              0              

FU_BUSY_15                                           0                              0              

FU_BUSY_16                                           0                              0              

FU_BUSY_17                                           0                              0              

FU_BUSY_18                                           0                              0              

FU_BUSY_19                                           0                              0              

FU_BUSY_20                                           0                              0              

FU_BUSY_21                                           0                              0              

FU_BUSY_22                                           0                              0              

FU_BUSY_23                                           0                              0              

FU_BUSY_24                                           0                              0              

FU_BUSY_25                                           0                              0              

FU_BUSY_26                                           0                              0              

FU_BUSY_27                                           0                              0              

FU_BUSY_28                                           0                              0              

FU_BUSY_29                                           0                              0              

FU_BUSY_30                                           0                              0              

FU_BUSY_31                                           0                              0              

FU_REJECTED_OP_INV_NOT_SIMD                          0        0.000%                0        0.000%
FU_REJECTED_OP_NOP_NOT_SIMD                       7879        1.147%             7879        1.147%
FU_REJECTED_OP_CF_NOT_SIMD                         471        0.069%              471        0.069%
FU_REJECTED_OP_MOV_NOT_SIMD                     122423       17.818%           122423       17.818%
FU_REJECTED_OP_CMOV_NOT_SIMD                       443        0.064%              443        0.064%
FU_REJECTED_OP_LDA_NOT_SIMD                      62619        9.114%            62619        9.114%
FU_REJECTED_OP_IMEM_NOT_SIMD                     33543        4.882%            33543        4.882%
FU_REJECTED_OP_IADD_NOT_SIMD                     65366        9.514%            65366        9.514%
FU_REJECTED_OP_IMUL_NOT_SIMD                    159305       23.187%           159305       23.187%
FU_REJECTED_OP_IDIV_NOT_SIMD                        40        0.006%               40        0.006%
FU_REJECTED_OP_ICMP_NOT_SIMD                         0        0.000%                0        0.000%
FU_REJECTED_OP_LOGIC_NOT_SIMD                    76897       11.192%            76897       11.192%
FU_REJECTED_OP_SHIFT_NOT_SIMD                   151032       21.982%           151032       21.982%
FU_REJECTED_OP_FMEM_NOT_SIMD                        43        0.006%               43        0.006%
FU_REJECTED_OP_FCVT_NOT_SIMD                         0        0.000%                0        0.000%
FU_REJECTED_OP_FADD_NOT_SIMD                         0        0.000%                0        0.000%
FU_REJECTED_OP_FMUL_NOT_SIMD                         0        0.000%                0        0.000%
FU_REJECTED_OP_FMA_NOT_SIMD                          0        0.000%                0        0.000%
FU_REJECTED_OP_FDIV_NOT_SIMD                         0        0.000%                0        0.000%
FU_REJECTED_OP_FCMP_NOT_SIMD                         0        0.000%                0        0.000%
FU_REJECTED_OP_FCMOV_NOT_SIMD                        0        0.000%                0        0.000%
FU_REJECTED_OP_GATHER_NOT_SIMD                       0        0.000%                0        0.000%
FU_REJECTED_OP_SCATTER_NOT_SIMD                      0        0.000%                0        0.000%
FU_REJECTED_OP_PIPELINED_FAST_NOT_SIMD               0        0.000%                0        0.000%
FU_REJECTED_OP_PIPELINED_MEDIUM_NOT_SIMD             0        0.000%                0        0.000%
FU_REJECTED_OP_PIPELINED_SLOW_NOT_SIMD               0        0.000%                0        0.000%
FU_REJECTED_OP_NOTPIPELINED_MEDIUM_NOT_SIMD             0        0.000%                0        0.000%
FU_REJECTED_OP_NOTPIPELINED_SLOW_NOT_SIMD             0        0.000%                0        0.000%
FU_REJECTED_OP_NOTPIPELINED_VERY_SLOW_NOT_SIMD            15        0.002%               15        0.002%
FU_REJECTED_OP_INV_SIMD                              0        0.000%                0        0.000%
FU_REJECTED_OP_NOP_SIMD                           2909        0.423%             2909        0.423%
FU_REJECTED_OP_CF_SIMD                               0        0.000%                0        0.000%
FU_REJECTED_OP_MOV_SIMD                             24        0.003%               24        0.003%
FU_REJECTED_OP_CMOV_SIMD                             0        0.000%                0        0.000%
FU_REJECTED_OP_LDA_SIMD                              0        0.000%                0        0.000%
FU_REJECTED_OP_IMEM_SIMD                             0        0.000%                0        0.000%
FU_REJECTED_OP_IADD_SIMD                             0        0.000%                0        0.000%
FU_REJECTED_OP_IMUL_SIMD                             1        0.000%                1        0.000%
FU_REJECTED_OP_IDIV_SIMD                             0        0.000%                0        0.000%
FU_REJECTED_OP_ICMP_SIMD                             0        0.000%                0        0.000%
FU_REJECTED_OP_LOGIC_SIMD                           10        0.001%               10        0.001%
FU_REJECTED_OP_SHIFT_SIMD                           29        0.004%               29        0.004%
FU_REJECTED_OP_FMEM_SIMD                             3        0.000%                3        0.000%
FU_REJECTED_OP_FCVT_SIMD                            57        0.008%               57        0.008%
FU_REJECTED_OP_FADD_SIMD                          3911        0.569%             3911        0.569%
FU_REJECTED_OP_FMUL_SIMD                             1        0.000%                1        0.000%
FU_REJECTED_OP_FMA_SIMD                              1        0.000%                1        0.000%
FU_REJECTED_OP_FDIV_SIMD                             2        0.000%                2        0.000%
FU_REJECTED_OP_FCMP_SIMD                             0        0.000%                0        0.000%
FU_REJECTED_OP_FCMOV_SIMD                            0        0.000%                0        0.000%
FU_REJECTED_OP_GATHER_SIMD                           0        0.000%                0        0.000%
FU_REJECTED_OP_SCATTER_SIMD                          0        0.000%                0        0.000%
FU_REJECTED_OP_PIPELINED_FAST_SIMD                   0        0.000%                0        0.000%
FU_REJECTED_OP_PIPELINED_MEDIUM_SIMD                 0        0.000%                0        0.000%
FU_REJECTED_OP_PIPELINED_SLOW_SIMD                  33        0.005%               33        0.005%
FU_REJECTED_OP_NOTPIPELINED_MEDIUM_SIMD              0        0.000%                0        0.000%
FU_REJECTED_OP_NOTPIPELINED_SLOW_SIMD                0        0.000%                0        0.000%
FU_REJECTED_OP_NOTPIPELINED_VERY_SLOW_SIMD             0        0.000%                0        0.000%
                                                687057      100.000%           687057      100.000%
                                                  8.08         4.52              8.08         4.52

LSQ_FULL_TOTAL                                      66                             66              

LSQ_FULL_LOAD_QUEUE                                  0                              0              

LSQ_FULL_STORE_QUEUE                                66                             66              

OP_WAIT_0                                     17715966                       17715966              

OP_WAIT_1                                      5990268                        5990268              

OP_WAIT_2                                      2105286                        2105286              

OP_WAIT_3                                      1718082                        1718082              

OP_WAIT_4                                       747384                         747384              

OP_WAIT_5                                       290793                         290793              

OP_WAIT_6                                       245301                         245301              

OP_WAIT_7                                       106623                         106623              

OP_WAIT_8                                        71451                          71451              

OP_WAIT_9                                       112317                         112317              

OP_WAIT_10                                       53249                          53249              

OP_WAIT_11                                       49392                          49392              

OP_WAIT_12                                       55111                          55111              

OP_WAIT_13                                       76776                          76776              

OP_WAIT_14                                       53443                          53443              

OP_WAIT_15                                       40467                          40467              

OP_WAIT_16                                       29658                          29658              

OP_WAIT_17                                       41774                          41774              

OP_WAIT_18                                       19291                          19291              

OP_WAIT_19                                       16404                          16404              

OP_WAIT_20                                       21727                          21727              

OP_WAIT_21                                       18697                          18697              

OP_WAIT_22                                        6529                           6529              

OP_WAIT_23                                        6114                           6114              

OP_WAIT_24                                       10719                          10719              

OP_WAIT_25                                        6322                           6322              

OP_WAIT_26                                         359                            359              

OP_WAIT_27                                        1160                           1160              

OP_WAIT_28                                         414                            414              

OP_WAIT_29                                        1009                           1009              

OP_WAIT_30                                         219                            219              

OP_WAIT_31                                     4580927                        4580927              

ROW_SIZE_0                                     3475878                        3475878              

ROW_SIZE_1                                      556224                         556224              

ROW_SIZE_2                                       78642                          78642              

ROW_SIZE_3                                       49343                          49343              

ROW_SIZE_4                                       38071                          38071              

ROW_SIZE_5                                       18026                          18026              

ROW_SIZE_6                                      172652                         172652              

ROW_SIZE_7                                       32607                          32607              

ROW_SIZE_8                                     3978140                        3978140              

ROW_SIZE_9                                           0                              0              

ROW_SIZE_10                                          0                              0              

ROW_SIZE_11                                          0                              0              

ROW_SIZE_12                                          0                              0              

ROW_SIZE_13                                          0                              0              

ROW_SIZE_14                                          0                              0              

ROW_SIZE_15                                          0                              0              

ROW_SIZE_16                                          0                              0              

ROW_SIZE_17                                          0                              0              

ROW_SIZE_18                                          0                              0              

ROW_SIZE_19                                          0                              0              

ROW_SIZE_20                                          0                              0              

ROW_SIZE_21                                          0                              0              

ROW_SIZE_22                                          0                              0              

ROW_SIZE_23                                          0                              0              

ROW_SIZE_24                                          0                              0              

ROW_SIZE_25                                          0                              0              

ROW_SIZE_26                                          0                              0              

ROW_SIZE_27                                          0                              0              

ROW_SIZE_28                                          0                              0              

ROW_SIZE_29                                          0                              0              

ROW_SIZE_30                                          0                              0              

ROW_SIZE_31                                          0                              0              

RET_OP_EXEC_COUNT_0                            4547992       13.301%          4547992       13.301%
RET_OP_EXEC_COUNT_1                           29645240       86.699%         29645240       86.699%
RET_OP_EXEC_COUNT_2                                  0        0.000%                0        0.000%
RET_OP_EXEC_COUNT_3                                  0        0.000%                0        0.000%
RET_OP_EXEC_COUNT_4                                  0        0.000%                0        0.000%
RET_OP_EXEC_COUNT_5                                  0        0.000%                0        0.000%
RET_OP_EXEC_COUNT_6                                  0        0.000%                0        0.000%
RET_OP_EXEC_COUNT_7                                  0        0.000%                0        0.000%
RET_OP_EXEC_COUNT_8                                  0        0.000%                0        0.000%
RET_OP_EXEC_COUNT_9                                  0        0.000%                0        0.000%
RET_OP_EXEC_COUNT_10                                 0        0.000%                0        0.000%
RET_OP_EXEC_COUNT_11                                 0        0.000%                0        0.000%
RET_OP_EXEC_COUNT_12                                 0        0.000%                0        0.000%
RET_OP_EXEC_COUNT_13                                 0        0.000%                0        0.000%
RET_OP_EXEC_COUNT_14                                 0        0.000%                0        0.000%
RET_OP_EXEC_COUNT_15                                 0        0.000%                0        0.000%
RET_OP_EXEC_COUNT_16                                 0        0.000%                0        0.000%
RET_OP_EXEC_COUNT_17                                 0        0.000%                0        0.000%
RET_OP_EXEC_COUNT_18                                 0        0.000%                0        0.000%
RET_OP_EXEC_COUNT_19                                 0        0.000%                0        0.000%
RET_OP_EXEC_COUNT_20                                 0        0.000%                0        0.000%
RET_OP_EXEC_COUNT_21                                 0        0.000%                0        0.000%
RET_OP_EXEC_COUNT_22                                 0        0.000%                0        0.000%
RET_OP_EXEC_COUNT_23                                 0        0.000%                0        0.000%
RET_OP_EXEC_COUNT_24                                 0        0.000%                0        0.000%
RET_OP_EXEC_COUNT_25                                 0        0.000%                0        0.000%
RET_OP_EXEC_COUNT_26                                 0        0.000%                0        0.000%
RET_OP_EXEC_COUNT_27                                 0        0.000%                0        0.000%
RET_OP_EXEC_COUNT_28                                 0        0.000%                0        0.000%
RET_OP_EXEC_COUNT_29                                 0        0.000%                0        0.000%
RET_OP_EXEC_COUNT_30                                 0        0.000%                0        0.000%
RET_OP_EXEC_COUNT_31                                 0        0.000%                0        0.000%
RET_OP_EXEC_COUNT_32                                 0        0.000%                0        0.000%
                                              34193232      100.000%         34193232      100.000%
                                                  0.87         0.12              0.87         0.12

RET_STALL_LENGTH_0                            34192025       99.996%         34192025       99.996%
RET_STALL_LENGTH_100                               451        0.001%              451        0.001%
RET_STALL_LENGTH_200                                88        0.000%               88        0.000%
RET_STALL_LENGTH_300                               117        0.000%              117        0.000%
RET_STALL_LENGTH_400                               323        0.001%              323        0.001%
RET_STALL_LENGTH_500                               143        0.000%              143        0.000%
RET_STALL_LENGTH_600                                25        0.000%               25        0.000%
RET_STALL_LENGTH_700                                11        0.000%               11        0.000%
RET_STALL_LENGTH_800                                 4        0.000%                4        0.000%
RET_STALL_LENGTH_900                                 0        0.000%                0        0.000%
RET_STALL_LENGTH_1000                                5        0.000%                5        0.000%
RET_STALL_LENGTH_1100                                3        0.000%                3        0.000%
RET_STALL_LENGTH_1200                               24        0.000%               24        0.000%
RET_STALL_LENGTH_1300                                1        0.000%                1        0.000%
RET_STALL_LENGTH_1400                                0        0.000%                0        0.000%
RET_STALL_LENGTH_1500                                0        0.000%                0        0.000%
RET_STALL_LENGTH_1600                                7        0.000%                7        0.000%
RET_STALL_LENGTH_1700                                2        0.000%                2        0.000%
RET_STALL_LENGTH_1800                                3        0.000%                3        0.000%
RET_STALL_LENGTH_1900                                0        0.000%                0        0.000%
RET_STALL_LENGTH_2000                                0        0.000%                0        0.000%
RET_STALL_LENGTH_2100                                0        0.000%                0        0.000%
RET_STALL_LENGTH_2200                                0        0.000%                0        0.000%
RET_STALL_LENGTH_2300                                0        0.000%                0        0.000%
RET_STALL_LENGTH_2400                                0        0.000%                0        0.000%
RET_STALL_LENGTH_2500                                0        0.000%                0        0.000%
RET_STALL_LENGTH_2600                                0        0.000%                0        0.000%
RET_STALL_LENGTH_2700                                0        0.000%                0        0.000%
RET_STALL_LENGTH_2800                                0        0.000%                0        0.000%
RET_STALL_LENGTH_2900                                0        0.000%                0        0.000%
RET_STALL_LENGTH_3000                                0        0.000%                0        0.000%
RET_STALL_LENGTH_3100                                0        0.000%                0        0.000%
RET_STALL_LENGTH_3200                                0        0.000%                0        0.000%
RET_STALL_LENGTH_3300                                0        0.000%                0        0.000%
RET_STALL_LENGTH_3400                                0        0.000%                0        0.000%
RET_STALL_LENGTH_3500                                0        0.000%                0        0.000%
RET_STALL_LENGTH_3600                                0        0.000%                0        0.000%
RET_STALL_LENGTH_3700                                0        0.000%                0        0.000%
RET_STALL_LENGTH_3800                                0        0.000%                0        0.000%
RET_STALL_LENGTH_3900                                0        0.000%                0        0.000%
RET_STALL_LENGTH_4000                                0        0.000%                0        0.000%
RET_STALL_LENGTH_4100                                0        0.000%                0        0.000%
RET_STALL_LENGTH_4200                                0        0.000%                0        0.000%
RET_STALL_LENGTH_4300                                0        0.000%                0        0.000%
RET_STALL_LENGTH_4400                                0        0.000%                0        0.000%
RET_STALL_LENGTH_4500                                0        0.000%                0        0.000%
RET_STALL_LENGTH_4600                                0        0.000%                0        0.000%
RET_STALL_LENGTH_4700                                0        0.000%                0        0.000%
RET_STALL_LENGTH_4800                                0        0.000%                0        0.000%
RET_STALL_LENGTH_4900                                0        0.000%                0        0.000%
RET_STALL_LENGTH_5000                                0        0.000%                0        0.000%
                                              34193232      100.000%         34193232      100.000%
                                                  0.00         0.02              0.00         0.02

MEM_BLOCK_LENGTH_0                                  18       21.176%               18       21.176%
MEM_BLOCK_LENGTH_100                                 6        7.059%                6        7.059%
MEM_BLOCK_LENGTH_200                                16       18.824%               16       18.824%
MEM_BLOCK_LENGTH_300                                26       30.588%               26       30.588%
MEM_BLOCK_LENGTH_400                                 8        9.412%                8        9.412%
MEM_BLOCK_LENGTH_500                                 2        2.353%                2        2.353%
MEM_BLOCK_LENGTH_600                                 3        3.529%                3        3.529%
MEM_BLOCK_LENGTH_700                                 3        3.529%                3        3.529%
MEM_BLOCK_LENGTH_800                                 2        2.353%                2        2.353%
MEM_BLOCK_LENGTH_900                                 0        0.000%                0        0.000%
MEM_BLOCK_LENGTH_1000                                0        0.000%                0        0.000%
MEM_BLOCK_LENGTH_1100                                1        1.176%                1        1.176%
MEM_BLOCK_LENGTH_1200                                0        0.000%                0        0.000%
MEM_BLOCK_LENGTH_1300                                0        0.000%                0        0.000%
MEM_BLOCK_LENGTH_1400                                0        0.000%                0        0.000%
MEM_BLOCK_LENGTH_1500                                0        0.000%                0        0.000%
MEM_BLOCK_LENGTH_1600                                0        0.000%                0        0.000%
MEM_BLOCK_LENGTH_1700                                0        0.000%                0        0.000%
MEM_BLOCK_LENGTH_1800                                0        0.000%                0        0.000%
MEM_BLOCK_LENGTH_1900                                0        0.000%                0        0.000%
MEM_BLOCK_LENGTH_2000                                0        0.000%                0        0.000%
MEM_BLOCK_LENGTH_2100                                0        0.000%                0        0.000%
MEM_BLOCK_LENGTH_2200                                0        0.000%                0        0.000%
MEM_BLOCK_LENGTH_2300                                0        0.000%                0        0.000%
MEM_BLOCK_LENGTH_2400                                0        0.000%                0        0.000%
MEM_BLOCK_LENGTH_2500                                0        0.000%                0        0.000%
MEM_BLOCK_LENGTH_2600                                0        0.000%                0        0.000%
MEM_BLOCK_LENGTH_2700                                0        0.000%                0        0.000%
MEM_BLOCK_LENGTH_2800                                0        0.000%                0        0.000%
MEM_BLOCK_LENGTH_2900                                0        0.000%                0        0.000%
MEM_BLOCK_LENGTH_3000                                0        0.000%                0        0.000%
MEM_BLOCK_LENGTH_3100                                0        0.000%                0        0.000%
MEM_BLOCK_LENGTH_3200                                0        0.000%                0        0.000%
MEM_BLOCK_LENGTH_3300                                0        0.000%                0        0.000%
MEM_BLOCK_LENGTH_3400                                0        0.000%                0        0.000%
MEM_BLOCK_LENGTH_3500                                0        0.000%                0        0.000%
MEM_BLOCK_LENGTH_3600                                0        0.000%                0        0.000%
MEM_BLOCK_LENGTH_3700                                0        0.000%                0        0.000%
MEM_BLOCK_LENGTH_3800                                0        0.000%                0        0.000%
MEM_BLOCK_LENGTH_3900                                0        0.000%                0        0.000%
MEM_BLOCK_LENGTH_4000                                0        0.000%                0        0.000%
MEM_BLOCK_LENGTH_4100                                0        0.000%                0        0.000%
MEM_BLOCK_LENGTH_4200                                0        0.000%                0        0.000%
MEM_BLOCK_LENGTH_4300                                0        0.000%                0        0.000%
MEM_BLOCK_LENGTH_4400                                0        0.000%                0        0.000%
MEM_BLOCK_LENGTH_4500                                0        0.000%                0        0.000%
MEM_BLOCK_LENGTH_4600                                0        0.000%                0        0.000%
MEM_BLOCK_LENGTH_4700                                0        0.000%                0        0.000%
MEM_BLOCK_LENGTH_4800                                0        0.000%                0        0.000%
MEM_BLOCK_LENGTH_4900                                0        0.000%                0        0.000%
MEM_BLOCK_LENGTH_5000                                0        0.000%                0        0.000%
                                                    85      100.000%               85      100.000%
                                                  2.64         1.80              2.64         1.80

FUS_BUSY_ON_PATH                              30464568        3.6011         30464568        3.6011

FUS_BUSY_OFF_PATH                               143254        0.0169           143254        0.0169

FU_BUSY_MEM_STALL                               167076        0.0197           167076        0.0197

FUS_EMPTY                                     53989538        6.3819         53989538        6.3819

FU_UNAVAILABLE                                  584192        0.0691           584192        0.0691

FU_MEM_UNAVAILABLE                              102865        0.0122           102865        0.0122

FU_OTHER_UNAVAILABLE                                 0        0.0000                0        0.0000

FU_REPLAY                                            0        0.0000                0        0.0000

FU_STARVED                                    53979886        6.3808         53979886        6.3808

CHIP_UTILIZATION                                     0        0.0000                0        0.0000

CYCLES_UNDER_MEM_REQ                                 0                              0              

CYCLES_UNDER_NO_MEM_REQ                              0                              0              

CYCLES_UNDER_CRITICAL_MEM_REQ                        0                              0              

CYCLES_UNDER_NONCRITICAL_MEM_REQ                     0                              0              

CHIP_UTILIZATION_UNDER_MEM_REQ                       0          -nan                0          -nan

CHIP_UTILIZATION_UNDER_NO_MEM_REQ                    0          -nan                0          -nan

CHIP_UTILIZATION_UNDER_CRITICAL_MEM_REQ              0          -nan                0          -nan

CHIP_UTILIZATION_UNDER_NONCRITICAL_MEM_REQ             0          -nan                0          -nan

CYCLES_NOT_WAITING_FOR_OFF_CHIP                      0        0.0000                0        0.0000

FUS_BUSY_NOT_WAITING_FOR_OFF_CHIP                    0          -nan                0          -nan

CYCLES_WAITING_FOR_OFF_CHIP                          0        0.0000                0        0.0000

FUS_BUSY_WAITING_FOR_OFF_CHIP                        0          -nan                0          -nan

TOTAL_OFF_CHIP_DELAYS_LEFT                           0                              0              

WRONG_IO_SCHED                                       0                              0              

DVFS_CONFIG_SWITCH                                   0                              0              

MAP_STAGE_RECEIVED_OPS_0                             0        0.000%                0        0.000%
MAP_STAGE_RECEIVED_OPS_1                          1223        0.021%             1223        0.021%
MAP_STAGE_RECEIVED_OPS_2                          1840        0.032%             1840        0.032%
MAP_STAGE_RECEIVED_OPS_3                          1835        0.032%             1835        0.032%
MAP_STAGE_RECEIVED_OPS_4                          2846        0.050%             2846        0.050%
MAP_STAGE_RECEIVED_OPS_5                          2155        0.038%             2155        0.038%
MAP_STAGE_RECEIVED_OPS_6                       5692348       99.826%          5692348       99.826%
MAP_STAGE_RECEIVED_OPS_7                             0        0.000%                0        0.000%
MAP_STAGE_RECEIVED_OPS_8                             0        0.000%                0        0.000%
MAP_STAGE_RECEIVED_OPS_MAX                           0        0.000%                0        0.000%
                                               5702247      100.000%          5702247      100.000%
                                                  6.00         0.13              6.00         0.13

MAP_STAGE_WAIT_FOR_DECODE                            0         -nan%                0         -nan%
MAP_STAGE_CONSUME_DECODE                             0         -nan%                0         -nan%
                                                     0         -nan%                0         -nan%
                                                  -nan         -nan              -nan         -nan

MAP_STAGE_WAIT_FOR_DECODE2                           0         -nan%                0         -nan%
MAP_STAGE_CONSUME_DECODE2                            0         -nan%                0         -nan%
                                                     0         -nan%                0         -nan%
                                                  -nan         -nan              -nan         -nan

FTQ_RECOVER_EXEC                                  2754                           2754              

FTQ_RECOVER_DECODE                                 451                            451              

FTQ_OFFPATH_CYCLES                              441932                         441932              

FTQ_CYCLES_OFFPATH                              441932                         441932              

FTQ_CYCLES_ONPATH                              8017804                        8017804              

FTQ_FETCHED_INS_ONPATH                        34193232                       34193232              

FTQ_FETCHED_INS_OFFPATH                        3170521                        3170521              

FTQ_BREAK_FULL_FT_ONPATH                       7800787                        7800787              

FTQ_BREAK_FULL_FT_OFFPATH                       301188                         301188              

FTQ_BREAK_PRED_BR_ONPATH                             0                              0              

FTQ_BREAK_PRED_BR_OFFPATH                            0                              0              

FTQ_BREAK_BAR_FETCH_ONPATH                           0                              0              

FTQ_BREAK_BAR_FETCH_OFFPATH                          0                              0              

FTQ_BREAK_MAX_CFS_TAKEN_ONPATH                       0                              0              

FTQ_BREAK_MAX_CFS_TAKEN_OFFPATH                      0                              0              

FTQ_BREAK_MAX_FT_ONPATH                         216839                         216839              

FTQ_BREAK_MAX_FT_OFFPATH                        140744                         140744              

DFE_GEN_ON_PATH_FT                             3661243                        3661243              

DFE_GEN_OFF_PATH_FT                             212464                         212464              

DFE_L0_ENABLED_PREDICTIONS                    34193232                       34193232              

DFE_L0_WRONG_MAIN_CORRECT                        59095                          59095              

DFE_L0_WRONG_MAIN_WRONG                           2744                           2744              

DFE_L0_CORRECT_MAIN_WRONG                          461                            461              

DFE_L0_CORRECT_MAIN_CORRECT                   34130932                       34130932              

DFE_L0_WRONG_MAIN_CORRECT_RECOVERY_SCHEDULED             0                              0              

FTQ_SAW_BAR_FETCH_OFFPATH                          898                            898              

FTQ_SAW_BAR_FETCH_ONPATH                           668                            668              

DFE_CONF_0_RECOVER_AT_EXEC                           0         -nan%                0         -nan%
DFE_CONF_1_RECOVER_AT_EXEC                           0         -nan%                0         -nan%
DFE_CONF_2_RECOVER_AT_EXEC                           0         -nan%                0         -nan%
DFE_CONF_3_RECOVER_AT_EXEC                           0         -nan%                0         -nan%
DFE_CONF_0_CORRECT                                   0         -nan%                0         -nan%
DFE_CONF_1_CORRECT                                   0         -nan%                0         -nan%
DFE_CONF_2_CORRECT                                   0         -nan%                0         -nan%
DFE_CONF_3_CORRECT                                   0         -nan%                0         -nan%
                                                     0         -nan%                0         -nan%
                                                  -nan         -nan              -nan         -nan

DFE_ON_CONF_ON_OPS                                   0         -nan%                0         -nan%
DFE_ON_CONF_OFF_OPS                                  0         -nan%                0         -nan%
DFE_OFF_CONF_ON_OPS                                  0         -nan%                0         -nan%
DFE_OFF_CONF_OFF_REALISTIC_OPS                       0         -nan%                0         -nan%
DFE_OFF_CONF_OFF_PERFECT_OPS                         0         -nan%                0         -nan%
                                                     0         -nan%                0         -nan%
                                                  -nan         -nan              -nan         -nan

DFE_ON_CONF_ON_FETCH_TARGETS                         0         -nan%                0         -nan%
DFE_ON_CONF_OFF_FETCH_TARGETS                        0         -nan%                0         -nan%
DFE_OFF_CONF_ON_FETCH_TARGETS                        0         -nan%                0         -nan%
DFE_OFF_CONF_OFF_REALISTIC_FETCH_TARGETS             0         -nan%                0         -nan%
DFE_OFF_CONF_OFF_PERFECT_FETCH_TARGETS               0         -nan%                0         -nan%
                                                     0         -nan%                0         -nan%
                                                  -nan         -nan              -nan         -nan

DFE_ON_CONF_ON_CYCLES                                0         -nan%                0         -nan%
DFE_ON_CONF_OFF_CYCLES                               0         -nan%                0         -nan%
DFE_OFF_CONF_ON_CYCLES                               0         -nan%                0         -nan%
DFE_OFF_CONF_OFF_REALISTIC_CYCLES                    0         -nan%                0         -nan%
DFE_OFF_CONF_OFF_PERFECT_CYCLES                      0         -nan%                0         -nan%
                                                     0         -nan%                0         -nan%
                                                  -nan         -nan              -nan         -nan

DFE_OFF_CONF_ON_NUM_EVENTS                           0                              0              

DFE_OFF_CONF_ON_NOT_IDENTIFIED_EVENTS                0         -nan%                0         -nan%
DFE_OFF_CONF_ON_IBTB_MISS_EVENTS                     0         -nan%                0         -nan%
DFE_OFF_CONF_ON_BTB_MISS_EVENTS                      0         -nan%                0         -nan%
DFE_OFF_CONF_ON_BTB_MISS_RECOVER_AT_EXEC_EVENTS             0         -nan%                0         -nan%
DFE_OFF_CONF_ON_RECOVER_AT_EXEC_EVENTS               0         -nan%                0         -nan%
DFE_OFF_CONF_ON_RECOVER_AT_DECODE_EVENTS             0         -nan%                0         -nan%
                                                     0         -nan%                0         -nan%
                                                  -nan         -nan              -nan         -nan

DFE_OFF_CONF_ON_LATE_BTB_HIT_EVENTS                  0                              0              

DFE_OFF_CONF_ON_NOT_IDENTIFIED_CYCLES                0         -nan%                0         -nan%
DFE_OFF_CONF_ON_IBTB_MISS_CYCLES                     0         -nan%                0         -nan%
DFE_OFF_CONF_ON_BTB_MISS_CYCLES                      0         -nan%                0         -nan%
DFE_OFF_CONF_ON_BTB_MISS_RECOVER_AT_EXEC_CYCLES             0         -nan%                0         -nan%
DFE_OFF_CONF_ON_RECOVER_AT_EXEC_CYCLES               0         -nan%                0         -nan%
DFE_OFF_CONF_ON_RECOVER_AT_DECODE_CYCLES             0         -nan%                0         -nan%
                                                     0         -nan%                0         -nan%
                                                  -nan         -nan              -nan         -nan

DFE_OFF_CONF_ON_LATE_BTB_HIT_CYCLES                  0                              0              

DFE_OFF_CONF_ON_NOT_IDENTIFIED_FETCH_TARGETS             0         -nan%                0         -nan%
DFE_OFF_CONF_ON_IBTB_MISS_FETCH_TARGETS              0         -nan%                0         -nan%
DFE_OFF_CONF_ON_BTB_MISS_FETCH_TARGETS               0         -nan%                0         -nan%
DFE_OFF_CONF_ON_BTB_MISS_RECOVER_AT_EXEC_FETCH_TARGETS             0         -nan%                0         -nan%
DFE_OFF_CONF_ON_RECOVER_AT_EXEC_FETCH_TARGETS             0         -nan%                0         -nan%
DFE_OFF_CONF_ON_RECOVER_AT_DECODE_FETCH_TARGETS             0         -nan%                0         -nan%
                                                     0         -nan%                0         -nan%
                                                  -nan         -nan              -nan         -nan

DFE_OFF_CONF_ON_LATE_BTB_HIT_FETCH_TARGETS             0                              0              

DFE_OFF_CONF_ON_BP_INCORRECT_0_CONF                  0         -nan%                0         -nan%
DFE_OFF_CONF_ON_BP_INCORRECT_1_CONF                  0         -nan%                0         -nan%
DFE_OFF_CONF_ON_BP_INCORRECT_2_CONF                  0         -nan%                0         -nan%
DFE_OFF_CONF_ON_BP_INCORRECT_3_CONF                  0         -nan%                0         -nan%
                                                     0         -nan%                0         -nan%
                                                  -nan         -nan              -nan         -nan

DFE_OFF_CONF_ON_BTB_MISS_CBR_0_CONF                  0         -nan%                0         -nan%
DFE_OFF_CONF_ON_BTB_MISS_CBR_1_CONF                  0         -nan%                0         -nan%
DFE_OFF_CONF_ON_BTB_MISS_CBR_2_CONF                  0         -nan%                0         -nan%
DFE_OFF_CONF_ON_BTB_MISS_CBR_3_CONF                  0         -nan%                0         -nan%
                                                     0         -nan%                0         -nan%
                                                  -nan         -nan              -nan         -nan

DFE_OFF_CONF_ON_BTB_MISS_NOT_CF                      0         -nan%                0         -nan%
DFE_OFF_CONF_ON_BTB_MISS_CF_BR                       0         -nan%                0         -nan%
DFE_OFF_CONF_ON_BTB_MISS_CF_CBR                      0         -nan%                0         -nan%
DFE_OFF_CONF_ON_BTB_MISS_CF_CALL                     0         -nan%                0         -nan%
DFE_OFF_CONF_ON_BTB_MISS_CF_IBR                      0         -nan%                0         -nan%
DFE_OFF_CONF_ON_BTB_MISS_CF_ICALL                    0         -nan%                0         -nan%
DFE_OFF_CONF_ON_BTB_MISS_CF_ICO                      0         -nan%                0         -nan%
DFE_OFF_CONF_ON_BTB_MISS_CF_RET                      0         -nan%                0         -nan%
DFE_OFF_CONF_ON_BTB_MISS_CF_SYS                      0         -nan%                0         -nan%
                                                     0         -nan%                0         -nan%
                                                  -nan         -nan              -nan         -nan

DFE_ON_CONF_OFF_NUM_EVENTS                           0                              0              

CONF_BTB_NUM_CYCLES_OFF_PATH_EVENT                   0                              0              

DFE_ON_CONF_OFF_IBTB_MISS_BP_TAKEN                   0         -nan%                0         -nan%
DFE_ON_CONF_OFF_BTB_MISS_BP_TAKEN_CONF_0             0         -nan%                0         -nan%
DFE_ON_CONF_OFF_BTB_MISS_BP_TAKEN_CONF_1             0         -nan%                0         -nan%
DFE_ON_CONF_OFF_BTB_MISS_BP_TAKEN_CONF_2             0         -nan%                0         -nan%
DFE_ON_CONF_OFF_BTB_MISS_BP_TAKEN_CONF_3             0         -nan%                0         -nan%
DFE_ON_CONF_OFF_BTB_MISS_RATE                        0         -nan%                0         -nan%
DFE_ON_CONF_OFF_IBTB_MISS_RATE                       0         -nan%                0         -nan%
DFE_ON_CONF_OFF_RECOVER_AT_DECODE_RATE               0         -nan%                0         -nan%
DFE_ON_CONF_OFF_RECOVER_AT_EXEC_RATE                 0         -nan%                0         -nan%
DFE_ON_CONF_OFF_INV_CONF_INC                         0         -nan%                0         -nan%
DFE_ON_CONF_OFF_PERFECT_CONF                         0         -nan%                0         -nan%
                                                     0         -nan%                0         -nan%
                                                  -nan         -nan              -nan         -nan

DFE_ON_CONF_OFF_IBTB_MISS_BP_TAKEN_CYCLES             0         -nan%                0         -nan%
DFE_ON_CONF_OFF_BTB_MISS_BP_TAKEN_CONF_0_CYCLES             0         -nan%                0         -nan%
DFE_ON_CONF_OFF_BTB_MISS_BP_TAKEN_CONF_1_CYCLES             0         -nan%                0         -nan%
DFE_ON_CONF_OFF_BTB_MISS_BP_TAKEN_CONF_2_CYCLES             0         -nan%                0         -nan%
DFE_ON_CONF_OFF_BTB_MISS_BP_TAKEN_CONF_3_CYCLES             0         -nan%                0         -nan%
DFE_ON_CONF_OFF_BTB_MISS_RATE_CYCLES                 0         -nan%                0         -nan%
DFE_ON_CONF_OFF_IBTB_MISS_RATE_CYCLES                0         -nan%                0         -nan%
DFE_ON_CONF_OFF_RECOVER_AT_DECODE_RATE_CYCLES             0         -nan%                0         -nan%
DFE_ON_CONF_OFF_RECOVER_AT_EXEC_RATE_CYCLES             0         -nan%                0         -nan%
DFE_ON_CONF_OFF_INV_CONF_INC_CYCLES                  0         -nan%                0         -nan%
DFE_ON_CONF_OFF_PERFECT_CONF_CYCLES                  0         -nan%                0         -nan%
                                                     0         -nan%                0         -nan%
                                                  -nan         -nan              -nan         -nan

DFE_ON_CONF_OFF_IBTB_MISS_BP_TAKEN_FETCH_TARGETS             0         -nan%                0         -nan%
DFE_ON_CONF_OFF_BTB_MISS_BP_TAKEN_CONF_0_FETCH_TARGETS             0         -nan%                0         -nan%
DFE_ON_CONF_OFF_BTB_MISS_BP_TAKEN_CONF_1_FETCH_TARGETS             0         -nan%                0         -nan%
DFE_ON_CONF_OFF_BTB_MISS_BP_TAKEN_CONF_2_FETCH_TARGETS             0         -nan%                0         -nan%
DFE_ON_CONF_OFF_BTB_MISS_BP_TAKEN_CONF_3_FETCH_TARGETS             0         -nan%                0         -nan%
DFE_ON_CONF_OFF_BTB_MISS_RATE_FETCH_TARGETS             0         -nan%                0         -nan%
DFE_ON_CONF_OFF_IBTB_MISS_RATE_FETCH_TARGETS             0         -nan%                0         -nan%
DFE_ON_CONF_OFF_RECOVER_AT_DECODE_RATE_FETCH_TARGETS             0         -nan%                0         -nan%
DFE_ON_CONF_OFF_RECOVER_AT_EXEC_RATE_FETCH_TARGETS             0         -nan%                0         -nan%
DFE_ON_CONF_OFF_INV_CONF_INC_FETCH_TARGETS             0         -nan%                0         -nan%
DFE_ON_CONF_OFF_PERFECT_CONF_FETCH_TARGETS             0         -nan%                0         -nan%
                                                     0         -nan%                0         -nan%
                                                  -nan         -nan              -nan         -nan

CONF_OFF_IBTB_MISS_BP_TAKEN                          0         -nan%                0         -nan%
CONF_OFF_BTB_MISS_BP_TAKEN_CONF_0                    0         -nan%                0         -nan%
CONF_OFF_BTB_MISS_BP_TAKEN_CONF_1                    0         -nan%                0         -nan%
CONF_OFF_BTB_MISS_BP_TAKEN_CONF_2                    0         -nan%                0         -nan%
CONF_OFF_BTB_MISS_BP_TAKEN_CONF_3                    0         -nan%                0         -nan%
CONF_OFF_BTB_MISS_RATE                               0         -nan%                0         -nan%
CONF_OFF_IBTB_MISS_RATE                              0         -nan%                0         -nan%
CONF_OFF_RECOVER_AT_DECODE_RATE                      0         -nan%                0         -nan%
CONF_OFF_RECOVER_AT_EXEC_RATE                        0         -nan%                0         -nan%
CONF_OFF_INV_CONF_INC                                0         -nan%                0         -nan%
CONF_OFF_PERFECT_CONF                                0         -nan%                0         -nan%
                                                     0         -nan%                0         -nan%
                                                  -nan         -nan              -nan         -nan

TOPDOWN_TOTAL_SLOTS                           50758416                       50758416              

TOPDOWN_ISSUED_SLOTS                          34552472                       34552472              

TOPDOWN_RETIRED_SLOTS                         34193232                       34193232              

TOPDOWN_FETCH_BUBBLES_SLOTS                     490703                         490703              

TOPDOWN_RECOVERY_BUBBLES_SLOTS                   71616                          71616              

TOPDOWN_MEM_LOAD_STALLS_CYCLES                 2599565                        2599565              

TOPDOWN_MEM_STORE_STALLS_CYCLES                     46                             46              

TOPDOWN_EXEC_STALLS_CYCLES                     2005547                        2005547              

TOPDOWN_BACKEND_STALLS_CYCLES                  2600208                        2600208              

TOPDOWN_FETCH_BUBBLES_GT_MIW_CYCLES              76953                          76953              

TOPDOWN_BR_RECOVER_AT_EXEC_RETIRED_CYCLES          2754                           2754              

TOPDOWN_MACHINE_CLEAR_CYCLES                     62300                          62300              

TOPDOWN_FRONTEND_BOUND                              96                             96              

TOPDOWN_BACKEND_BOUND                             3084                           3084              

TOPDOWN_BAD_SPEC_BOUND                              84                             84              

TOPDOWN_RETIRING_BOUND                            6736                           6736              

TOPDOWN_FETCH_LATENCY_BOUND                         90                             90              

TOPDOWN_FETCH_BANDWIDTH_BOUND                        6                              6              

TOPDOWN_MEM_BOUND                                 3083                           3083              

TOPDOWN_CORE_BOUND                                   1                              1              

TOPDOWN_BR_RECOVER_AT_EXEC_BOUND                     3                              3              

TOPDOWN_MACHINE_CLEARS_BOUND                        81                             81              

H2P_SEEN_MAIN                                        0                              0              



