/* -*- Mode: c -*- */
####################################################################################################
Core 0
####################################################################################################
Cumulative:        Cycles: 27074398              Instructions: 89999999              IPC: 3.32417

Periodic:          Cycles: 27074398              Instructions: 89999999              IPC: 3.32417

EXECUTION_TIME                           8460749375000                  8460749375000              

SIM_HOST_WALL_SECONDS                       871.990580                     871.990580              

NODE_CYCLE                                    27074398                       27074398              

NODE_INST_COUNT                               90000077                       90000077              

NODE_INST_COUNT_FETCHED                       89999999                       89999999              

NODE_UOP_COUNT                               105257411                      105257411              

EXEC_STAGE_NO_ISSUE_STALL_CYCLE               23552537                       23552537              

EXEC_STAGE_NO_ISSUE_STALL_CYCLE_ONPATH        23503958                       23503958              

FULL_WINDOW_STALL                                 2070        0.008%             2070        0.008%

FULL_WINDOW_MEM_OP                                1452       72.527%             1452       72.527%
FULL_WINDOW_FP_OP                                    0        0.000%                0        0.000%
FULL_WINDOW_OTHER_OP                               550       27.473%              550       27.473%
                                                  2002      100.000%             2002      100.000%
                                                  0.55         0.81              0.55         0.81

RET_BLOCKED_DC_MISS                            8980451       33.170%          8980451       33.170%

RET_BLOCKED_L1_MISS                              67448        0.249%            67448        0.249%

RET_BLOCKED_L1_MISS_BW_PREF                      55934        0.207%            55934        0.207%

RET_BLOCKED_L1_ACCESS                          8913126       32.921%          8913126       32.921%

RET_BLOCKED_MEM_STALL                            73645        0.272%            73645        0.272%

RET_BLOCKED_OFFCHIP_DEMAND                           0        0.000%                0        0.000%

OP_ISSUED                                    102253365                      102253365              

OP_RETIRED                                   105257411                      105257411              

OP_MACRO_FUSION_ONPATH                        13414404                       13414404              

OP_MACRO_FUSION_OFFPATH                          36629                          36629              

REPLAY_SIGNALED                                      0                              0              

REPLAY_COUNTED                                       0                              0              

OFF_CRITICAL_PATH                                    0         -nan%                0         -nan%
ON_CRITICAL_PATH                                     0         -nan%                0         -nan%
                                                     0         -nan%                0         -nan%
                                                  -nan         -nan              -nan         -nan

LD_NO_DEPENDENTS                               2179050       12.599%          2179050       12.599%
LD_DEPENDENTS                                 15116126       87.401%         15116126       87.401%
                                              17295176      100.000%         17295176      100.000%
                                                  0.87         0.83              0.87         0.83

LD_EXEC_CYCLES_0                                     0        0.000%                0        0.000%
LD_EXEC_CYCLES_1                                     0        0.000%                0        0.000%
LD_EXEC_CYCLES_2                                     0        0.000%                0        0.000%
LD_EXEC_CYCLES_3                                     6      100.000%                6      100.000%
LD_EXEC_CYCLES_4                                     0        0.000%                0        0.000%
                                                     6      100.000%                6      100.000%
                                                  3.00         0.00              3.00         0.00

ICACHE_STAGE_STARVED                             46121        0.172%            46121        0.172%
ICACHE_STAGE_NOT_STARVED                      26833214       99.828%         26833214       99.828%
                                              26879335      100.000%         26879335      100.000%
                                                  1.00         1.00              1.00         1.00

ICACHE_STAGE_STALLED                          12303812       45.444%         12303812       45.444%
ICACHE_STAGE_NOT_STALLED                      14575523       53.835%         14575523       53.835%
ICACHE_STAGE_OFF_PATH                           195063        0.720%           195063        0.720%
                                              27074398      100.000%         27074398      100.000%
                                                  0.55         0.35              0.55         0.35

DECODE_STAGE_STARVED                          27020315       99.973%         27020315       99.973%
DECODE_STAGE_NOT_STARVED                          7185        0.027%             7185        0.027%
                                              27027500      100.000%         27027500      100.000%
                                                  0.00         0.02              0.00         0.02

DECODE_STAGE_STALLED                               808        0.003%              808        0.003%
DECODE_STAGE_NOT_STALLED                      27026692       99.824%         27026692       99.824%
DECODE_STAGE_OFF_PATH                            46898        0.173%            46898        0.173%
                                              27074398      100.000%         27074398      100.000%
                                                  1.00         0.06              1.00         0.06

UOPQ_STAGE_STARVED                              118773        0.812%           118773        0.812%
UOPQ_STAGE_NOT_STARVED                        14508621       99.188%         14508621       99.188%
                                              14627394      100.000%         14627394      100.000%
                                                  0.99         0.99              0.99         0.99

UOPQ_STAGE_STALLED                            12296881       45.419%         12296881       45.419%
UOPQ_STAGE_NOT_STALLED                        14627394       54.027%         14627394       54.027%
UOPQ_STAGE_OFF_PATH                             150123        0.554%           150123        0.554%
                                              27074398      100.000%         27074398      100.000%
                                                  0.55         0.35              0.55         0.35

RS_OP_READY_NOT_ISSUED_TOTAL                  27383664                       27383664              

RS_0_OP_READY_NOT_ISSUED                      22744499                       22744499              

RS_1_OP_READY_NOT_ISSUED                        356644                         356644              

RS_2_OP_READY_NOT_ISSUED                       4282521                        4282521              

RS_3_OP_READY_NOT_ISSUED                             0                              0              

RS_4_OP_READY_NOT_ISSUED                             0                              0              

RS_5_OP_READY_NOT_ISSUED                             0                              0              

RS_6_OP_READY_NOT_ISSUED                             0                              0              

RS_7_OP_READY_NOT_ISSUED                             0                              0              

RS_7_PLUS_OP_READY_NOT_ISSUED                        0                              0              

FU_IDLE_NO_READY_OPS_TOTAL                    95303865                       95303865              

FU_0_IDLE_NO_READY_OPS                         3733969                        3733969              

FU_1_IDLE_NO_READY_OPS                         4690208                        4690208              

FU_2_IDLE_NO_READY_OPS                        14250223                       14250223              

FU_3_IDLE_NO_READY_OPS                        14282944                       14282944              

FU_4_IDLE_NO_READY_OPS                         5084346                        5084346              

FU_5_IDLE_NO_READY_OPS                         3734264                        3734264              

FU_6_IDLE_NO_READY_OPS                        15276668                       15276668              

FU_7_IDLE_NO_READY_OPS                        15238471                       15238471              

FU_8_IDLE_NO_READY_OPS                         4744780                        4744780              

FU_9_IDLE_NO_READY_OPS                        14267992                       14267992              

FU_10_IDLE_NO_READY_OPS                              0                              0              

FU_11_IDLE_NO_READY_OPS                              0                              0              

FU_12_IDLE_NO_READY_OPS                              0                              0              

FU_13_IDLE_NO_READY_OPS                              0                              0              

FU_14_IDLE_NO_READY_OPS                              0                              0              

FU_15_IDLE_NO_READY_OPS                              0                              0              

FU_16_IDLE_NO_READY_OPS                              0                              0              

FU_17_IDLE_NO_READY_OPS                              0                              0              

FU_18_IDLE_NO_READY_OPS                              0                              0              

FU_19_IDLE_NO_READY_OPS                              0                              0              

FU_20_IDLE_NO_READY_OPS                              0                              0              

FU_21_IDLE_NO_READY_OPS                              0                              0              

FU_22_IDLE_NO_READY_OPS                              0                              0              

FU_23_IDLE_NO_READY_OPS                              0                              0              

FU_24_IDLE_NO_READY_OPS                              0                              0              

FU_25_IDLE_NO_READY_OPS                              0                              0              

FU_26_IDLE_NO_READY_OPS                              0                              0              

FU_27_IDLE_NO_READY_OPS                              0                              0              

FU_28_IDLE_NO_READY_OPS                              0                              0              

FU_29_IDLE_NO_READY_OPS                              0                              0              

FU_30_IDLE_NO_READY_OPS                              0                              0              

FU_31_IDLE_NO_READY_OPS                              0                              0              

FU_31_PLUS_IDLE_NO_READY_OPS                         0                              0              

MAP_STAGE_STARVED                                62076        0.352%            62076        0.352%
MAP_STAGE_NOT_STARVED                         17551330       99.648%         17551330       99.648%
                                              17613406      100.000%         17613406      100.000%
                                                  1.00         0.99              1.00         0.99

MAP_STAGE_STALLED                                    0        0.000%                0        0.000%
MAP_STAGE_NOT_STALLED                         17613406       99.616%         17613406       99.616%
MAP_STAGE_OFF_PATH                               67965        0.384%            67965        0.384%
                                              17681371      100.000%         17681371      100.000%
                                                  1.00         0.09              1.00         0.09

MAP_STAGE_STALL_ITSELF                         9393027       34.693%          9393027       34.693%
MAP_STAGE_NOT_STALL_ITSELF                    17681371       65.307%         17681371       65.307%
                                              27074398      100.000%         27074398      100.000%
                                                  0.65         0.60              0.65         0.60

MAP_STAGE_LATE_ALLOCATE_SEND_BACK                    0                              0              

MAP_STAGE_RENAME_OP_ONPATH                   105257411                      105257411              

MAP_STAGE_RENAME_OP_OFFPATH                     320726                         320726              

MAP_STAGE_RENAME_INT_REG_ONPATH               89805802                       89805802              

MAP_STAGE_RENAME_INT_REG_OFFPATH                247342                         247342              

MAP_STAGE_RENAME_VEC_REG_ONPATH                1900569                        1900569              

MAP_STAGE_RENAME_VEC_REG_OFFPATH                  5499                           5499              

MAP_STAGE_RENAME_MOVE_ELIM_ONPATH                    0                              0              

MAP_STAGE_RENAME_MOVE_ELIM_OFFPATH                   0                              0              

MAP_STAGE_ONPATH_INT_REG_NUM_ALLOC            89805783                       89805783              

MAP_STAGE_ONPATH_VEC_REG_NUM_ALLOC             1900558                        1900558              

MAP_STAGE_ONPATH_INT_REG_NUM_SHORTLIVE        38637474                       38637474              

MAP_STAGE_ONPATH_VEC_REG_NUM_SHORTLIVE          678533                         678533              

MAP_STAGE_ONPATH_INT_REG_USE_COUNT_0          19202665                       19202665              

MAP_STAGE_ONPATH_VEC_REG_USE_COUNT_0            678650                         678650              

MAP_STAGE_ONPATH_INT_REG_USE_COUNT_1          47791697                       47791697              

MAP_STAGE_ONPATH_VEC_REG_USE_COUNT_1           1086223                        1086223              

MAP_STAGE_ONPATH_INT_REG_USE_COUNT_2          15390038                       15390038              

MAP_STAGE_ONPATH_VEC_REG_USE_COUNT_2                33                             33              

MAP_STAGE_ONPATH_INT_REG_USE_COUNT_3           2518675                        2518675              

MAP_STAGE_ONPATH_VEC_REG_USE_COUNT_3                 0                              0              

MAP_STAGE_ONPATH_INT_REG_USE_COUNT_4           1907605                        1907605              

MAP_STAGE_ONPATH_VEC_REG_USE_COUNT_4            135649                         135649              

MAP_STAGE_ONPATH_INT_REG_USE_COUNT_5            951992                         951992              

MAP_STAGE_ONPATH_VEC_REG_USE_COUNT_5                 1                              1              

MAP_STAGE_ONPATH_INT_REG_USE_COUNT_6            953195                         953195              

MAP_STAGE_ONPATH_VEC_REG_USE_COUNT_6                 0                              0              

MAP_STAGE_ONPATH_INT_REG_USE_COUNT_7_PLUS       1089916                        1089916              

MAP_STAGE_ONPATH_VEC_REG_USE_COUNT_7_PLUS             2                              2              

MAP_STAGE_ONPATH_INT_REG_CONSUME_DIST_0              0        0.0000                0        0.0000

MAP_STAGE_ONPATH_VEC_REG_CONSUME_DIST_0              0        0.0000                0        0.0000

MAP_STAGE_ONPATH_INT_REG_CONSUME_DIST_1              0        0.0000                0        0.0000

MAP_STAGE_ONPATH_VEC_REG_CONSUME_DIST_1              0        0.0000                0        0.0000

MAP_STAGE_ONPATH_INT_REG_CONSUME_DIST_2       44787613        2.9102         44787613        2.9102

MAP_STAGE_ONPATH_VEC_REG_CONSUME_DIST_2          26127      791.7273            26127      791.7273

MAP_STAGE_ONPATH_INT_REG_CONSUME_DIST_3       12364280        4.9090         12364280        4.9090

MAP_STAGE_ONPATH_VEC_REG_CONSUME_DIST_3              0          -nan                0          -nan

MAP_STAGE_ONPATH_INT_REG_CONSUME_DIST_4       20309413       10.6466         20309413       10.6466

MAP_STAGE_ONPATH_VEC_REG_CONSUME_DIST_4         135651        1.0000           135651        1.0000

MAP_STAGE_ONPATH_INT_REG_CONSUME_DIST_5       27821741       29.2248         27821741       29.2248

MAP_STAGE_ONPATH_VEC_REG_CONSUME_DIST_5              2        2.0000                2        2.0000

MAP_STAGE_ONPATH_INT_REG_CONSUME_DIST_6       18900422       19.8285         18900422       19.8285

MAP_STAGE_ONPATH_VEC_REG_CONSUME_DIST_6              0          -nan                0          -nan

MAP_STAGE_ONPATH_INT_REG_CONSUME_DIST_7_PLUS      64844267       59.4947         64844267       59.4947

MAP_STAGE_ONPATH_VEC_REG_CONSUME_DIST_7_PLUS          6715     3357.5000             6715     3357.5000

MAP_STAGE_INT_REG_ISSUE_READ_TOTAL_CONSUMED     119448525        5.0716        119448525        5.0716

MAP_STAGE_VEC_REG_ISSUE_READ_TOTAL_CONSUMED       1630143        0.0692          1630143        0.0692

MAP_STAGE_INT_REG_ISSUE_READ_MULTI_CONSUMED      48791279        2.0716         48791279        2.0716

MAP_STAGE_VEC_REG_ISSUE_READ_MULTI_CONSUMED        407156        0.0173           407156        0.0173

MAP_STAGE_INT_REG_ISSUE_READ_SAME_CYCLE_CONSUMED      23808015        1.0108         23808015        1.0108

MAP_STAGE_VEC_REG_ISSUE_READ_SAME_CYCLE_CONSUMED        271317        0.0115           271317        0.0115

MAP_STAGE_INT_REG_ISSUE_READ_TOTAL_CONSUMED_ONPATH     119337834        5.0774        119337834        5.0774

MAP_STAGE_VEC_REG_ISSUE_READ_TOTAL_CONSUMED_ONPATH       1628951        0.0693          1628951        0.0693

MAP_STAGE_INT_REG_ISSUE_READ_MULTI_CONSUMED_ONPATH      48734688        2.0735         48734688        2.0735

MAP_STAGE_VEC_REG_ISSUE_READ_MULTI_CONSUMED_ONPATH        407033        0.0173           407033        0.0173

MAP_STAGE_INT_REG_ISSUE_READ_SAME_CYCLE_CONSUMED_ONPATH      23780210        1.0118         23780210        1.0118

MAP_STAGE_VEC_REG_ISSUE_READ_SAME_CYCLE_CONSUMED_ONPATH        271309        0.0115           271309        0.0115

MAP_STAGE_ONPATH_INT_REG_LIFECYCLE_EMPTY    2704428346                     2704428346              

MAP_STAGE_ONPATH_VEC_REG_LIFECYCLE_EMPTY     109475295                      109475295              

MAP_STAGE_ONPATH_INT_REG_LIFECYCLE_IN_USE    3862315813                     3862315813              

MAP_STAGE_ONPATH_VEC_REG_LIFECYCLE_IN_USE     174881650                      174881650              

MAP_STAGE_ONPATH_INT_REG_LIFECYCLE_SPEC_RELEASE    6423369175                     6423369175              

MAP_STAGE_ONPATH_VEC_REG_LIFECYCLE_SPEC_RELEASE     259024276                      259024276              

MAP_STAGE_ONPATH_INT_REG_LIFECYCLE_NONSPEC_RELEASE    6423369175                     6423369175              

MAP_STAGE_ONPATH_VEC_REG_LIFECYCLE_NONSPEC_RELEASE     259024276                      259024276              

MAP_STAGE_ONPATH_INT_REG_LIFECYCLE_TOTAL    6423369175                     6423369175              

MAP_STAGE_ONPATH_VEC_REG_LIFECYCLE_TOTAL     259024276                      259024276              

MAP_STAGE_ONPATH_INT_REG_NUM_NONBRANCH        89805783                       89805783              

MAP_STAGE_ONPATH_VEC_REG_NUM_NONBRANCH         1900558                        1900558              

MAP_STAGE_ONPATH_INT_REG_NUM_NONEXCEPT        89805783                       89805783              

MAP_STAGE_ONPATH_VEC_REG_NUM_NONEXCEPT         1900558                        1900558              

MAP_STAGE_ONPATH_INT_REG_NUM_ATOMIC           89805783                       89805783              

MAP_STAGE_ONPATH_VEC_REG_NUM_ATOMIC            1900558                        1900558              

MAP_STAGE_ONPATH_INT_REG_ATOMIC_REDEFINED_DIST_TOTAL    6423369175       71.5251       6423369175       71.5251

MAP_STAGE_ONPATH_VEC_REG_ATOMIC_REDEFINED_DIST_TOTAL     259024276      136.2885        259024276      136.2885

MAP_STAGE_ONPATH_INT_REG_ATOMIC_CONSUMED_DIST_TOTAL    3862315813       43.0074       3862315813       43.0074

MAP_STAGE_ONPATH_VEC_REG_ATOMIC_CONSUMED_DIST_TOTAL     174881650       92.0160        174881650       92.0160

MAP_STAGE_ONPATH_INT_REG_ATOMIC_RELEASE_DIST_TOTAL    6423369175       71.5251       6423369175       71.5251

MAP_STAGE_ONPATH_VEC_REG_ATOMIC_RELEASE_DIST_TOTAL     259024276      136.2885        259024276      136.2885

EXEC_STAGE_STARVED                            21462946       79.274%         21462946       79.274%
EXEC_STAGE_NOT_STARVED                         5547645       20.490%          5547645       20.490%
EXEC_STAGE_OFF_PATH                              63807        0.236%            63807        0.236%
                                              27074398      100.000%         27074398      100.000%
                                                  0.21         0.37              0.21         0.37

FU_BUSY_0                                     17667746                       17667746              

FU_BUSY_1                                     16818113                       16818113              

FU_BUSY_2                                      4916777                        4916777              

FU_BUSY_3                                      4897945                        4897945              

FU_BUSY_4                                     13742605                       13742605              

FU_BUSY_5                                     18460985                       18460985              

FU_BUSY_6                                      6165090                        6165090              

FU_BUSY_7                                      6189620                        6189620              

FU_BUSY_8                                     14427276                       14427276              

FU_BUSY_9                                      4907159                        4907159              

FU_BUSY_10                                           0                              0              

FU_BUSY_11                                           0                              0              

FU_BUSY_12                                           0                              0              

FU_BUSY_13                                           0                              0              

FU_BUSY_14                                           0                              0              

FU_BUSY_15                                           0                              0              

FU_BUSY_16                                           0                              0              

FU_BUSY_17                                           0                              0              

FU_BUSY_18                                           0                              0              

FU_BUSY_19                                           0                              0              

FU_BUSY_20                                           0                              0              

FU_BUSY_21                                           0                              0              

FU_BUSY_22                                           0                              0              

FU_BUSY_23                                           0                              0              

FU_BUSY_24                                           0                              0              

FU_BUSY_25                                           0                              0              

FU_BUSY_26                                           0                              0              

FU_BUSY_27                                           0                              0              

FU_BUSY_28                                           0                              0              

FU_BUSY_29                                           0                              0              

FU_BUSY_30                                           0                              0              

FU_BUSY_31                                           0                              0              

FU_REJECTED_OP_INV_NOT_SIMD                          0        0.000%                0        0.000%
FU_REJECTED_OP_NOP_NOT_SIMD                      26377        0.777%            26377        0.777%
FU_REJECTED_OP_CF_NOT_SIMD                          82        0.002%               82        0.002%
FU_REJECTED_OP_MOV_NOT_SIMD                     646336       19.034%           646336       19.034%
FU_REJECTED_OP_CMOV_NOT_SIMD                         1        0.000%                1        0.000%
FU_REJECTED_OP_LDA_NOT_SIMD                     227628        6.703%           227628        6.703%
FU_REJECTED_OP_IMEM_NOT_SIMD                     51506        1.517%            51506        1.517%
FU_REJECTED_OP_IADD_NOT_SIMD                     64328        1.894%            64328        1.894%
FU_REJECTED_OP_IMUL_NOT_SIMD                    995890       29.328%           995890       29.328%
FU_REJECTED_OP_IDIV_NOT_SIMD                        25        0.001%               25        0.001%
FU_REJECTED_OP_ICMP_NOT_SIMD                        12        0.000%               12        0.000%
FU_REJECTED_OP_LOGIC_NOT_SIMD                   187954        5.535%           187954        5.535%
FU_REJECTED_OP_SHIFT_NOT_SIMD                  1191791       35.097%          1191791       35.097%
FU_REJECTED_OP_FMEM_NOT_SIMD                         5        0.000%                5        0.000%
FU_REJECTED_OP_FCVT_NOT_SIMD                         0        0.000%                0        0.000%
FU_REJECTED_OP_FADD_NOT_SIMD                         0        0.000%                0        0.000%
FU_REJECTED_OP_FMUL_NOT_SIMD                         0        0.000%                0        0.000%
FU_REJECTED_OP_FMA_NOT_SIMD                          0        0.000%                0        0.000%
FU_REJECTED_OP_FDIV_NOT_SIMD                         0        0.000%                0        0.000%
FU_REJECTED_OP_FCMP_NOT_SIMD                         0        0.000%                0        0.000%
FU_REJECTED_OP_FCMOV_NOT_SIMD                        0        0.000%                0        0.000%
FU_REJECTED_OP_GATHER_NOT_SIMD                       0        0.000%                0        0.000%
FU_REJECTED_OP_SCATTER_NOT_SIMD                      0        0.000%                0        0.000%
FU_REJECTED_OP_PIPELINED_FAST_NOT_SIMD               0        0.000%                0        0.000%
FU_REJECTED_OP_PIPELINED_MEDIUM_NOT_SIMD             0        0.000%                0        0.000%
FU_REJECTED_OP_PIPELINED_SLOW_NOT_SIMD               0        0.000%                0        0.000%
FU_REJECTED_OP_NOTPIPELINED_MEDIUM_NOT_SIMD             0        0.000%                0        0.000%
FU_REJECTED_OP_NOTPIPELINED_SLOW_NOT_SIMD             0        0.000%                0        0.000%
FU_REJECTED_OP_NOTPIPELINED_VERY_SLOW_NOT_SIMD             0        0.000%                0        0.000%
FU_REJECTED_OP_INV_SIMD                              0        0.000%                0        0.000%
FU_REJECTED_OP_NOP_SIMD                           3397        0.100%             3397        0.100%
FU_REJECTED_OP_CF_SIMD                               0        0.000%                0        0.000%
FU_REJECTED_OP_MOV_SIMD                             79        0.002%               79        0.002%
FU_REJECTED_OP_CMOV_SIMD                             0        0.000%                0        0.000%
FU_REJECTED_OP_LDA_SIMD                              0        0.000%                0        0.000%
FU_REJECTED_OP_IMEM_SIMD                             0        0.000%                0        0.000%
FU_REJECTED_OP_IADD_SIMD                             0        0.000%                0        0.000%
FU_REJECTED_OP_IMUL_SIMD                             0        0.000%                0        0.000%
FU_REJECTED_OP_IDIV_SIMD                             0        0.000%                0        0.000%
FU_REJECTED_OP_ICMP_SIMD                             0        0.000%                0        0.000%
FU_REJECTED_OP_LOGIC_SIMD                            0        0.000%                0        0.000%
FU_REJECTED_OP_SHIFT_SIMD                            1        0.000%                1        0.000%
FU_REJECTED_OP_FMEM_SIMD                             0        0.000%                0        0.000%
FU_REJECTED_OP_FCVT_SIMD                             5        0.000%                5        0.000%
FU_REJECTED_OP_FADD_SIMD                           319        0.009%              319        0.009%
FU_REJECTED_OP_FMUL_SIMD                             0        0.000%                0        0.000%
FU_REJECTED_OP_FMA_SIMD                              0        0.000%                0        0.000%
FU_REJECTED_OP_FDIV_SIMD                             0        0.000%                0        0.000%
FU_REJECTED_OP_FCMP_SIMD                             0        0.000%                0        0.000%
FU_REJECTED_OP_FCMOV_SIMD                            0        0.000%                0        0.000%
FU_REJECTED_OP_GATHER_SIMD                           0        0.000%                0        0.000%
FU_REJECTED_OP_SCATTER_SIMD                          0        0.000%                0        0.000%
FU_REJECTED_OP_PIPELINED_FAST_SIMD                   0        0.000%                0        0.000%
FU_REJECTED_OP_PIPELINED_MEDIUM_SIMD                 0        0.000%                0        0.000%
FU_REJECTED_OP_PIPELINED_SLOW_SIMD                   0        0.000%                0        0.000%
FU_REJECTED_OP_NOTPIPELINED_MEDIUM_SIMD              0        0.000%                0        0.000%
FU_REJECTED_OP_NOTPIPELINED_SLOW_SIMD                0        0.000%                0        0.000%
FU_REJECTED_OP_NOTPIPELINED_VERY_SLOW_SIMD             0        0.000%                0        0.000%
                                               3395736      100.000%          3395736      100.000%
                                                  8.34         3.53              8.34         3.53

LSQ_FULL_TOTAL                                      11                             11              

LSQ_FULL_LOAD_QUEUE                                  0                              0              

LSQ_FULL_STORE_QUEUE                                11                             11              

OP_WAIT_0                                     76852747                       76852747              

OP_WAIT_1                                     13826569                       13826569              

OP_WAIT_2                                      4266928                        4266928              

OP_WAIT_3                                      2226920                        2226920              

OP_WAIT_4                                      1715967                        1715967              

OP_WAIT_5                                       845888                         845888              

OP_WAIT_6                                       217035                         217035              

OP_WAIT_7                                       186513                         186513              

OP_WAIT_8                                       124268                         124268              

OP_WAIT_9                                       180957                         180957              

OP_WAIT_10                                       63309                          63309              

OP_WAIT_11                                       12171                          12171              

OP_WAIT_12                                         839                            839              

OP_WAIT_13                                       55786                          55786              

OP_WAIT_14                                       83613                          83613              

OP_WAIT_15                                       81923                          81923              

OP_WAIT_16                                        1545                           1545              

OP_WAIT_17                                        2008                           2008              

OP_WAIT_18                                       28537                          28537              

OP_WAIT_19                                         424                            424              

OP_WAIT_20                                       27788                          27788              

OP_WAIT_21                                       80956                          80956              

OP_WAIT_22                                       27751                          27751              

OP_WAIT_23                                      129464                         129464              

OP_WAIT_24                                        5726                           5726              

OP_WAIT_25                                         169                            169              

OP_WAIT_26                                         325                            325              

OP_WAIT_27                                       40720                          40720              

OP_WAIT_28                                       40582                          40582              

OP_WAIT_29                                       23492                          23492              

OP_WAIT_30                                       71915                          71915              

OP_WAIT_31                                     4034576                        4034576              

ROW_SIZE_0                                    10837213                       10837213              

ROW_SIZE_1                                     2723152                        2723152              

ROW_SIZE_2                                      145786                         145786              

ROW_SIZE_3                                      328345                         328345              

ROW_SIZE_4                                      337905                         337905              

ROW_SIZE_5                                      205755                         205755              

ROW_SIZE_6                                      275459                         275459              

ROW_SIZE_7                                      273585                         273585              

ROW_SIZE_8                                    11913676                       11913676              

ROW_SIZE_9                                           0                              0              

ROW_SIZE_10                                          0                              0              

ROW_SIZE_11                                          0                              0              

ROW_SIZE_12                                          0                              0              

ROW_SIZE_13                                          0                              0              

ROW_SIZE_14                                          0                              0              

ROW_SIZE_15                                          0                              0              

ROW_SIZE_16                                          0                              0              

ROW_SIZE_17                                          0                              0              

ROW_SIZE_18                                          0                              0              

ROW_SIZE_19                                          0                              0              

ROW_SIZE_20                                          0                              0              

ROW_SIZE_21                                          0                              0              

ROW_SIZE_22                                          0                              0              

ROW_SIZE_23                                          0                              0              

ROW_SIZE_24                                          0                              0              

ROW_SIZE_25                                          0                              0              

ROW_SIZE_26                                          0                              0              

ROW_SIZE_27                                          0                              0              

ROW_SIZE_28                                          0                              0              

ROW_SIZE_29                                          0                              0              

ROW_SIZE_30                                          0                              0              

ROW_SIZE_31                                          0                              0              

RET_OP_EXEC_COUNT_0                            3133711        2.977%          3133711        2.977%
RET_OP_EXEC_COUNT_1                          102123700       97.023%        102123700       97.023%
RET_OP_EXEC_COUNT_2                                  0        0.000%                0        0.000%
RET_OP_EXEC_COUNT_3                                  0        0.000%                0        0.000%
RET_OP_EXEC_COUNT_4                                  0        0.000%                0        0.000%
RET_OP_EXEC_COUNT_5                                  0        0.000%                0        0.000%
RET_OP_EXEC_COUNT_6                                  0        0.000%                0        0.000%
RET_OP_EXEC_COUNT_7                                  0        0.000%                0        0.000%
RET_OP_EXEC_COUNT_8                                  0        0.000%                0        0.000%
RET_OP_EXEC_COUNT_9                                  0        0.000%                0        0.000%
RET_OP_EXEC_COUNT_10                                 0        0.000%                0        0.000%
RET_OP_EXEC_COUNT_11                                 0        0.000%                0        0.000%
RET_OP_EXEC_COUNT_12                                 0        0.000%                0        0.000%
RET_OP_EXEC_COUNT_13                                 0        0.000%                0        0.000%
RET_OP_EXEC_COUNT_14                                 0        0.000%                0        0.000%
RET_OP_EXEC_COUNT_15                                 0        0.000%                0        0.000%
RET_OP_EXEC_COUNT_16                                 0        0.000%                0        0.000%
RET_OP_EXEC_COUNT_17                                 0        0.000%                0        0.000%
RET_OP_EXEC_COUNT_18                                 0        0.000%                0        0.000%
RET_OP_EXEC_COUNT_19                                 0        0.000%                0        0.000%
RET_OP_EXEC_COUNT_20                                 0        0.000%                0        0.000%
RET_OP_EXEC_COUNT_21                                 0        0.000%                0        0.000%
RET_OP_EXEC_COUNT_22                                 0        0.000%                0        0.000%
RET_OP_EXEC_COUNT_23                                 0        0.000%                0        0.000%
RET_OP_EXEC_COUNT_24                                 0        0.000%                0        0.000%
RET_OP_EXEC_COUNT_25                                 0        0.000%                0        0.000%
RET_OP_EXEC_COUNT_26                                 0        0.000%                0        0.000%
RET_OP_EXEC_COUNT_27                                 0        0.000%                0        0.000%
RET_OP_EXEC_COUNT_28                                 0        0.000%                0        0.000%
RET_OP_EXEC_COUNT_29                                 0        0.000%                0        0.000%
RET_OP_EXEC_COUNT_30                                 0        0.000%                0        0.000%
RET_OP_EXEC_COUNT_31                                 0        0.000%                0        0.000%
RET_OP_EXEC_COUNT_32                                 0        0.000%                0        0.000%
                                             105257411      100.000%        105257411      100.000%
                                                  0.97         0.03              0.97         0.03

RET_STALL_LENGTH_0                           105257146      100.000%        105257146      100.000%
RET_STALL_LENGTH_100                               109        0.000%              109        0.000%
RET_STALL_LENGTH_200                                49        0.000%               49        0.000%
RET_STALL_LENGTH_300                                24        0.000%               24        0.000%
RET_STALL_LENGTH_400                                 5        0.000%                5        0.000%
RET_STALL_LENGTH_500                                 3        0.000%                3        0.000%
RET_STALL_LENGTH_600                                63        0.000%               63        0.000%
RET_STALL_LENGTH_700                                 6        0.000%                6        0.000%
RET_STALL_LENGTH_800                                 2        0.000%                2        0.000%
RET_STALL_LENGTH_900                                 2        0.000%                2        0.000%
RET_STALL_LENGTH_1000                                2        0.000%                2        0.000%
RET_STALL_LENGTH_1100                                0        0.000%                0        0.000%
RET_STALL_LENGTH_1200                                0        0.000%                0        0.000%
RET_STALL_LENGTH_1300                                0        0.000%                0        0.000%
RET_STALL_LENGTH_1400                                0        0.000%                0        0.000%
RET_STALL_LENGTH_1500                                0        0.000%                0        0.000%
RET_STALL_LENGTH_1600                                0        0.000%                0        0.000%
RET_STALL_LENGTH_1700                                0        0.000%                0        0.000%
RET_STALL_LENGTH_1800                                0        0.000%                0        0.000%
RET_STALL_LENGTH_1900                                0        0.000%                0        0.000%
RET_STALL_LENGTH_2000                                0        0.000%                0        0.000%
RET_STALL_LENGTH_2100                                0        0.000%                0        0.000%
RET_STALL_LENGTH_2200                                0        0.000%                0        0.000%
RET_STALL_LENGTH_2300                                0        0.000%                0        0.000%
RET_STALL_LENGTH_2400                                0        0.000%                0        0.000%
RET_STALL_LENGTH_2500                                0        0.000%                0        0.000%
RET_STALL_LENGTH_2600                                0        0.000%                0        0.000%
RET_STALL_LENGTH_2700                                0        0.000%                0        0.000%
RET_STALL_LENGTH_2800                                0        0.000%                0        0.000%
RET_STALL_LENGTH_2900                                0        0.000%                0        0.000%
RET_STALL_LENGTH_3000                                0        0.000%                0        0.000%
RET_STALL_LENGTH_3100                                0        0.000%                0        0.000%
RET_STALL_LENGTH_3200                                0        0.000%                0        0.000%
RET_STALL_LENGTH_3300                                0        0.000%                0        0.000%
RET_STALL_LENGTH_3400                                0        0.000%                0        0.000%
RET_STALL_LENGTH_3500                                0        0.000%                0        0.000%
RET_STALL_LENGTH_3600                                0        0.000%                0        0.000%
RET_STALL_LENGTH_3700                                0        0.000%                0        0.000%
RET_STALL_LENGTH_3800                                0        0.000%                0        0.000%
RET_STALL_LENGTH_3900                                0        0.000%                0        0.000%
RET_STALL_LENGTH_4000                                0        0.000%                0        0.000%
RET_STALL_LENGTH_4100                                0        0.000%                0        0.000%
RET_STALL_LENGTH_4200                                0        0.000%                0        0.000%
RET_STALL_LENGTH_4300                                0        0.000%                0        0.000%
RET_STALL_LENGTH_4400                                0        0.000%                0        0.000%
RET_STALL_LENGTH_4500                                0        0.000%                0        0.000%
RET_STALL_LENGTH_4600                                0        0.000%                0        0.000%
RET_STALL_LENGTH_4700                                0        0.000%                0        0.000%
RET_STALL_LENGTH_4800                                0        0.000%                0        0.000%
RET_STALL_LENGTH_4900                                0        0.000%                0        0.000%
RET_STALL_LENGTH_5000                                0        0.000%                0        0.000%
                                             105257411      100.000%        105257411      100.000%
                                                  0.00         0.01              0.00         0.01

MEM_BLOCK_LENGTH_0                                 494       91.651%              494       91.651%
MEM_BLOCK_LENGTH_100                                23        4.267%               23        4.267%
MEM_BLOCK_LENGTH_200                                16        2.968%               16        2.968%
MEM_BLOCK_LENGTH_300                                 6        1.113%                6        1.113%
MEM_BLOCK_LENGTH_400                                 0        0.000%                0        0.000%
MEM_BLOCK_LENGTH_500                                 0        0.000%                0        0.000%
MEM_BLOCK_LENGTH_600                                 0        0.000%                0        0.000%
MEM_BLOCK_LENGTH_700                                 0        0.000%                0        0.000%
MEM_BLOCK_LENGTH_800                                 0        0.000%                0        0.000%
MEM_BLOCK_LENGTH_900                                 0        0.000%                0        0.000%
MEM_BLOCK_LENGTH_1000                                0        0.000%                0        0.000%
MEM_BLOCK_LENGTH_1100                                0        0.000%                0        0.000%
MEM_BLOCK_LENGTH_1200                                0        0.000%                0        0.000%
MEM_BLOCK_LENGTH_1300                                0        0.000%                0        0.000%
MEM_BLOCK_LENGTH_1400                                0        0.000%                0        0.000%
MEM_BLOCK_LENGTH_1500                                0        0.000%                0        0.000%
MEM_BLOCK_LENGTH_1600                                0        0.000%                0        0.000%
MEM_BLOCK_LENGTH_1700                                0        0.000%                0        0.000%
MEM_BLOCK_LENGTH_1800                                0        0.000%                0        0.000%
MEM_BLOCK_LENGTH_1900                                0        0.000%                0        0.000%
MEM_BLOCK_LENGTH_2000                                0        0.000%                0        0.000%
MEM_BLOCK_LENGTH_2100                                0        0.000%                0        0.000%
MEM_BLOCK_LENGTH_2200                                0        0.000%                0        0.000%
MEM_BLOCK_LENGTH_2300                                0        0.000%                0        0.000%
MEM_BLOCK_LENGTH_2400                                0        0.000%                0        0.000%
MEM_BLOCK_LENGTH_2500                                0        0.000%                0        0.000%
MEM_BLOCK_LENGTH_2600                                0        0.000%                0        0.000%
MEM_BLOCK_LENGTH_2700                                0        0.000%                0        0.000%
MEM_BLOCK_LENGTH_2800                                0        0.000%                0        0.000%
MEM_BLOCK_LENGTH_2900                                0        0.000%                0        0.000%
MEM_BLOCK_LENGTH_3000                                0        0.000%                0        0.000%
MEM_BLOCK_LENGTH_3100                                0        0.000%                0        0.000%
MEM_BLOCK_LENGTH_3200                                0        0.000%                0        0.000%
MEM_BLOCK_LENGTH_3300                                0        0.000%                0        0.000%
MEM_BLOCK_LENGTH_3400                                0        0.000%                0        0.000%
MEM_BLOCK_LENGTH_3500                                0        0.000%                0        0.000%
MEM_BLOCK_LENGTH_3600                                0        0.000%                0        0.000%
MEM_BLOCK_LENGTH_3700                                0        0.000%                0        0.000%
MEM_BLOCK_LENGTH_3800                                0        0.000%                0        0.000%
MEM_BLOCK_LENGTH_3900                                0        0.000%                0        0.000%
MEM_BLOCK_LENGTH_4000                                0        0.000%                0        0.000%
MEM_BLOCK_LENGTH_4100                                0        0.000%                0        0.000%
MEM_BLOCK_LENGTH_4200                                0        0.000%                0        0.000%
MEM_BLOCK_LENGTH_4300                                0        0.000%                0        0.000%
MEM_BLOCK_LENGTH_4400                                0        0.000%                0        0.000%
MEM_BLOCK_LENGTH_4500                                0        0.000%                0        0.000%
MEM_BLOCK_LENGTH_4600                                0        0.000%                0        0.000%
MEM_BLOCK_LENGTH_4700                                0        0.000%                0        0.000%
MEM_BLOCK_LENGTH_4800                                0        0.000%                0        0.000%
MEM_BLOCK_LENGTH_4900                                0        0.000%                0        0.000%
MEM_BLOCK_LENGTH_5000                                0        0.000%                0        0.000%
                                                   539      100.000%              539      100.000%
                                                  0.14         0.48              0.14         0.48

FUS_BUSY_ON_PATH                             108061707        3.9913        108061707        3.9913

FUS_BUSY_OFF_PATH                               131609        0.0049           131609        0.0049

FU_BUSY_MEM_STALL                               761456        0.0281           761456        0.0281

FUS_EMPTY                                    162550664        6.0039        162550664        6.0039

FU_UNAVAILABLE                                 3279578        0.1211          3279578        0.1211

FU_MEM_UNAVAILABLE                              116158        0.0043           116158        0.0043

FU_OTHER_UNAVAILABLE                                 0        0.0000                0        0.0000

FU_REPLAY                                            0        0.0000                0        0.0000

FU_STARVED                                   162538836        6.0034        162538836        6.0034

CHIP_UTILIZATION                                     0        0.0000                0        0.0000

CYCLES_UNDER_MEM_REQ                                 0                              0              

CYCLES_UNDER_NO_MEM_REQ                              0                              0              

CYCLES_UNDER_CRITICAL_MEM_REQ                        0                              0              

CYCLES_UNDER_NONCRITICAL_MEM_REQ                     0                              0              

CHIP_UTILIZATION_UNDER_MEM_REQ                       0          -nan                0          -nan

CHIP_UTILIZATION_UNDER_NO_MEM_REQ                    0          -nan                0          -nan

CHIP_UTILIZATION_UNDER_CRITICAL_MEM_REQ              0          -nan                0          -nan

CHIP_UTILIZATION_UNDER_NONCRITICAL_MEM_REQ             0          -nan                0          -nan

CYCLES_NOT_WAITING_FOR_OFF_CHIP                      0        0.0000                0        0.0000

FUS_BUSY_NOT_WAITING_FOR_OFF_CHIP                    0          -nan                0          -nan

CYCLES_WAITING_FOR_OFF_CHIP                          0        0.0000                0        0.0000

FUS_BUSY_WAITING_FOR_OFF_CHIP                        0          -nan                0          -nan

TOTAL_OFF_CHIP_DELAYS_LEFT                           0                              0              

WRONG_IO_SCHED                                       0                              0              

DVFS_CONFIG_SWITCH                                   0                              0              

MAP_STAGE_RECEIVED_OPS_0                             0        0.000%                0        0.000%
MAP_STAGE_RECEIVED_OPS_1                          1117        0.006%             1117        0.006%
MAP_STAGE_RECEIVED_OPS_2                          1161        0.007%             1161        0.007%
MAP_STAGE_RECEIVED_OPS_3                          3200        0.018%             3200        0.018%
MAP_STAGE_RECEIVED_OPS_4                          8858        0.050%             8858        0.050%
MAP_STAGE_RECEIVED_OPS_5                          4324        0.025%             4324        0.025%
MAP_STAGE_RECEIVED_OPS_6                      17530376       99.894%         17530376       99.894%
MAP_STAGE_RECEIVED_OPS_7                             0        0.000%                0        0.000%
MAP_STAGE_RECEIVED_OPS_8                             0        0.000%                0        0.000%
MAP_STAGE_RECEIVED_OPS_MAX                           0        0.000%                0        0.000%
                                              17549036      100.000%         17549036      100.000%
                                                  6.00         0.08              6.00         0.08

MAP_STAGE_WAIT_FOR_DECODE                            0         -nan%                0         -nan%
MAP_STAGE_CONSUME_DECODE                             0         -nan%                0         -nan%
                                                     0         -nan%                0         -nan%
                                                  -nan         -nan              -nan         -nan

MAP_STAGE_WAIT_FOR_DECODE2                           0         -nan%                0         -nan%
MAP_STAGE_CONSUME_DECODE2                            0         -nan%                0         -nan%
                                                     0         -nan%                0         -nan%
                                                  -nan         -nan              -nan         -nan

FTQ_RECOVER_EXEC                                  2297                           2297              

FTQ_RECOVER_DECODE                                 234                            234              

FTQ_OFFPATH_CYCLES                              324527                         324527              

FTQ_CYCLES_OFFPATH                              324527                         324527              

FTQ_CYCLES_ONPATH                             26749871                       26749871              

FTQ_FETCHED_INS_ONPATH                       105257411                      105257411              

FTQ_FETCHED_INS_OFFPATH                        1401216                        1401216              

FTQ_BREAK_FULL_FT_ONPATH                      26617237                       26617237              

FTQ_BREAK_FULL_FT_OFFPATH                       239698                         239698              

FTQ_BREAK_PRED_BR_ONPATH                             0                              0              

FTQ_BREAK_PRED_BR_OFFPATH                            0                              0              

FTQ_BREAK_BAR_FETCH_ONPATH                           0                              0              

FTQ_BREAK_BAR_FETCH_OFFPATH                          0                              0              

FTQ_BREAK_MAX_CFS_TAKEN_ONPATH                       0                              0              

FTQ_BREAK_MAX_CFS_TAKEN_OFFPATH                      0                              0              

FTQ_BREAK_MAX_FT_ONPATH                         132370                         132370              

FTQ_BREAK_MAX_FT_OFFPATH                         84829                          84829              

DFE_GEN_ON_PATH_FT                            10629970                       10629970              

DFE_GEN_OFF_PATH_FT                             144394                         144394              

DFE_L0_ENABLED_PREDICTIONS                   105257411                      105257411              

DFE_L0_WRONG_MAIN_CORRECT                         9549                           9549              

DFE_L0_WRONG_MAIN_WRONG                           2374                           2374              

DFE_L0_CORRECT_MAIN_WRONG                          157                            157              

DFE_L0_CORRECT_MAIN_CORRECT                  105245331                      105245331              

DFE_L0_WRONG_MAIN_CORRECT_RECOVERY_SCHEDULED             0                              0              

FTQ_SAW_BAR_FETCH_OFFPATH                          428                            428              

FTQ_SAW_BAR_FETCH_ONPATH                           639                            639              

DFE_CONF_0_RECOVER_AT_EXEC                           0         -nan%                0         -nan%
DFE_CONF_1_RECOVER_AT_EXEC                           0         -nan%                0         -nan%
DFE_CONF_2_RECOVER_AT_EXEC                           0         -nan%                0         -nan%
DFE_CONF_3_RECOVER_AT_EXEC                           0         -nan%                0         -nan%
DFE_CONF_0_CORRECT                                   0         -nan%                0         -nan%
DFE_CONF_1_CORRECT                                   0         -nan%                0         -nan%
DFE_CONF_2_CORRECT                                   0         -nan%                0         -nan%
DFE_CONF_3_CORRECT                                   0         -nan%                0         -nan%
                                                     0         -nan%                0         -nan%
                                                  -nan         -nan              -nan         -nan

DFE_ON_CONF_ON_OPS                                   0         -nan%                0         -nan%
DFE_ON_CONF_OFF_OPS                                  0         -nan%                0         -nan%
DFE_OFF_CONF_ON_OPS                                  0         -nan%                0         -nan%
DFE_OFF_CONF_OFF_REALISTIC_OPS                       0         -nan%                0         -nan%
DFE_OFF_CONF_OFF_PERFECT_OPS                         0         -nan%                0         -nan%
                                                     0         -nan%                0         -nan%
                                                  -nan         -nan              -nan         -nan

DFE_ON_CONF_ON_FETCH_TARGETS                         0         -nan%                0         -nan%
DFE_ON_CONF_OFF_FETCH_TARGETS                        0         -nan%                0         -nan%
DFE_OFF_CONF_ON_FETCH_TARGETS                        0         -nan%                0         -nan%
DFE_OFF_CONF_OFF_REALISTIC_FETCH_TARGETS             0         -nan%                0         -nan%
DFE_OFF_CONF_OFF_PERFECT_FETCH_TARGETS               0         -nan%                0         -nan%
                                                     0         -nan%                0         -nan%
                                                  -nan         -nan              -nan         -nan

DFE_ON_CONF_ON_CYCLES                                0         -nan%                0         -nan%
DFE_ON_CONF_OFF_CYCLES                               0         -nan%                0         -nan%
DFE_OFF_CONF_ON_CYCLES                               0         -nan%                0         -nan%
DFE_OFF_CONF_OFF_REALISTIC_CYCLES                    0         -nan%                0         -nan%
DFE_OFF_CONF_OFF_PERFECT_CYCLES                      0         -nan%                0         -nan%
                                                     0         -nan%                0         -nan%
                                                  -nan         -nan              -nan         -nan

DFE_OFF_CONF_ON_NUM_EVENTS                           0                              0              

DFE_OFF_CONF_ON_NOT_IDENTIFIED_EVENTS                0         -nan%                0         -nan%
DFE_OFF_CONF_ON_IBTB_MISS_EVENTS                     0         -nan%                0         -nan%
DFE_OFF_CONF_ON_BTB_MISS_EVENTS                      0         -nan%                0         -nan%
DFE_OFF_CONF_ON_BTB_MISS_RECOVER_AT_EXEC_EVENTS             0         -nan%                0         -nan%
DFE_OFF_CONF_ON_RECOVER_AT_EXEC_EVENTS               0         -nan%                0         -nan%
DFE_OFF_CONF_ON_RECOVER_AT_DECODE_EVENTS             0         -nan%                0         -nan%
                                                     0         -nan%                0         -nan%
                                                  -nan         -nan              -nan         -nan

DFE_OFF_CONF_ON_LATE_BTB_HIT_EVENTS                  0                              0              

DFE_OFF_CONF_ON_NOT_IDENTIFIED_CYCLES                0         -nan%                0         -nan%
DFE_OFF_CONF_ON_IBTB_MISS_CYCLES                     0         -nan%                0         -nan%
DFE_OFF_CONF_ON_BTB_MISS_CYCLES                      0         -nan%                0         -nan%
DFE_OFF_CONF_ON_BTB_MISS_RECOVER_AT_EXEC_CYCLES             0         -nan%                0         -nan%
DFE_OFF_CONF_ON_RECOVER_AT_EXEC_CYCLES               0         -nan%                0         -nan%
DFE_OFF_CONF_ON_RECOVER_AT_DECODE_CYCLES             0         -nan%                0         -nan%
                                                     0         -nan%                0         -nan%
                                                  -nan         -nan              -nan         -nan

DFE_OFF_CONF_ON_LATE_BTB_HIT_CYCLES                  0                              0              

DFE_OFF_CONF_ON_NOT_IDENTIFIED_FETCH_TARGETS             0         -nan%                0         -nan%
DFE_OFF_CONF_ON_IBTB_MISS_FETCH_TARGETS              0         -nan%                0         -nan%
DFE_OFF_CONF_ON_BTB_MISS_FETCH_TARGETS               0         -nan%                0         -nan%
DFE_OFF_CONF_ON_BTB_MISS_RECOVER_AT_EXEC_FETCH_TARGETS             0         -nan%                0         -nan%
DFE_OFF_CONF_ON_RECOVER_AT_EXEC_FETCH_TARGETS             0         -nan%                0         -nan%
DFE_OFF_CONF_ON_RECOVER_AT_DECODE_FETCH_TARGETS             0         -nan%                0         -nan%
                                                     0         -nan%                0         -nan%
                                                  -nan         -nan              -nan         -nan

DFE_OFF_CONF_ON_LATE_BTB_HIT_FETCH_TARGETS             0                              0              

DFE_OFF_CONF_ON_BP_INCORRECT_0_CONF                  0         -nan%                0         -nan%
DFE_OFF_CONF_ON_BP_INCORRECT_1_CONF                  0         -nan%                0         -nan%
DFE_OFF_CONF_ON_BP_INCORRECT_2_CONF                  0         -nan%                0         -nan%
DFE_OFF_CONF_ON_BP_INCORRECT_3_CONF                  0         -nan%                0         -nan%
                                                     0         -nan%                0         -nan%
                                                  -nan         -nan              -nan         -nan

DFE_OFF_CONF_ON_BTB_MISS_CBR_0_CONF                  0         -nan%                0         -nan%
DFE_OFF_CONF_ON_BTB_MISS_CBR_1_CONF                  0         -nan%                0         -nan%
DFE_OFF_CONF_ON_BTB_MISS_CBR_2_CONF                  0         -nan%                0         -nan%
DFE_OFF_CONF_ON_BTB_MISS_CBR_3_CONF                  0         -nan%                0         -nan%
                                                     0         -nan%                0         -nan%
                                                  -nan         -nan              -nan         -nan

DFE_OFF_CONF_ON_BTB_MISS_NOT_CF                      0         -nan%                0         -nan%
DFE_OFF_CONF_ON_BTB_MISS_CF_BR                       0         -nan%                0         -nan%
DFE_OFF_CONF_ON_BTB_MISS_CF_CBR                      0         -nan%                0         -nan%
DFE_OFF_CONF_ON_BTB_MISS_CF_CALL                     0         -nan%                0         -nan%
DFE_OFF_CONF_ON_BTB_MISS_CF_IBR                      0         -nan%                0         -nan%
DFE_OFF_CONF_ON_BTB_MISS_CF_ICALL                    0         -nan%                0         -nan%
DFE_OFF_CONF_ON_BTB_MISS_CF_ICO                      0         -nan%                0         -nan%
DFE_OFF_CONF_ON_BTB_MISS_CF_RET                      0         -nan%                0         -nan%
DFE_OFF_CONF_ON_BTB_MISS_CF_SYS                      0         -nan%                0         -nan%
                                                     0         -nan%                0         -nan%
                                                  -nan         -nan              -nan         -nan

DFE_ON_CONF_OFF_NUM_EVENTS                           0                              0              

CONF_BTB_NUM_CYCLES_OFF_PATH_EVENT                   0                              0              

DFE_ON_CONF_OFF_IBTB_MISS_BP_TAKEN                   0         -nan%                0         -nan%
DFE_ON_CONF_OFF_BTB_MISS_BP_TAKEN_CONF_0             0         -nan%                0         -nan%
DFE_ON_CONF_OFF_BTB_MISS_BP_TAKEN_CONF_1             0         -nan%                0         -nan%
DFE_ON_CONF_OFF_BTB_MISS_BP_TAKEN_CONF_2             0         -nan%                0         -nan%
DFE_ON_CONF_OFF_BTB_MISS_BP_TAKEN_CONF_3             0         -nan%                0         -nan%
DFE_ON_CONF_OFF_BTB_MISS_RATE                        0         -nan%                0         -nan%
DFE_ON_CONF_OFF_IBTB_MISS_RATE                       0         -nan%                0         -nan%
DFE_ON_CONF_OFF_RECOVER_AT_DECODE_RATE               0         -nan%                0         -nan%
DFE_ON_CONF_OFF_RECOVER_AT_EXEC_RATE                 0         -nan%                0         -nan%
DFE_ON_CONF_OFF_INV_CONF_INC                         0         -nan%                0         -nan%
DFE_ON_CONF_OFF_PERFECT_CONF                         0         -nan%                0         -nan%
                                                     0         -nan%                0         -nan%
                                                  -nan         -nan              -nan         -nan

DFE_ON_CONF_OFF_IBTB_MISS_BP_TAKEN_CYCLES             0         -nan%                0         -nan%
DFE_ON_CONF_OFF_BTB_MISS_BP_TAKEN_CONF_0_CYCLES             0         -nan%                0         -nan%
DFE_ON_CONF_OFF_BTB_MISS_BP_TAKEN_CONF_1_CYCLES             0         -nan%                0         -nan%
DFE_ON_CONF_OFF_BTB_MISS_BP_TAKEN_CONF_2_CYCLES             0         -nan%                0         -nan%
DFE_ON_CONF_OFF_BTB_MISS_BP_TAKEN_CONF_3_CYCLES             0         -nan%                0         -nan%
DFE_ON_CONF_OFF_BTB_MISS_RATE_CYCLES                 0         -nan%                0         -nan%
DFE_ON_CONF_OFF_IBTB_MISS_RATE_CYCLES                0         -nan%                0         -nan%
DFE_ON_CONF_OFF_RECOVER_AT_DECODE_RATE_CYCLES             0         -nan%                0         -nan%
DFE_ON_CONF_OFF_RECOVER_AT_EXEC_RATE_CYCLES             0         -nan%                0         -nan%
DFE_ON_CONF_OFF_INV_CONF_INC_CYCLES                  0         -nan%                0         -nan%
DFE_ON_CONF_OFF_PERFECT_CONF_CYCLES                  0         -nan%                0         -nan%
                                                     0         -nan%                0         -nan%
                                                  -nan         -nan              -nan         -nan

DFE_ON_CONF_OFF_IBTB_MISS_BP_TAKEN_FETCH_TARGETS             0         -nan%                0         -nan%
DFE_ON_CONF_OFF_BTB_MISS_BP_TAKEN_CONF_0_FETCH_TARGETS             0         -nan%                0         -nan%
DFE_ON_CONF_OFF_BTB_MISS_BP_TAKEN_CONF_1_FETCH_TARGETS             0         -nan%                0         -nan%
DFE_ON_CONF_OFF_BTB_MISS_BP_TAKEN_CONF_2_FETCH_TARGETS             0         -nan%                0         -nan%
DFE_ON_CONF_OFF_BTB_MISS_BP_TAKEN_CONF_3_FETCH_TARGETS             0         -nan%                0         -nan%
DFE_ON_CONF_OFF_BTB_MISS_RATE_FETCH_TARGETS             0         -nan%                0         -nan%
DFE_ON_CONF_OFF_IBTB_MISS_RATE_FETCH_TARGETS             0         -nan%                0         -nan%
DFE_ON_CONF_OFF_RECOVER_AT_DECODE_RATE_FETCH_TARGETS             0         -nan%                0         -nan%
DFE_ON_CONF_OFF_RECOVER_AT_EXEC_RATE_FETCH_TARGETS             0         -nan%                0         -nan%
DFE_ON_CONF_OFF_INV_CONF_INC_FETCH_TARGETS             0         -nan%                0         -nan%
DFE_ON_CONF_OFF_PERFECT_CONF_FETCH_TARGETS             0         -nan%                0         -nan%
                                                     0         -nan%                0         -nan%
                                                  -nan         -nan              -nan         -nan

CONF_OFF_IBTB_MISS_BP_TAKEN                          0         -nan%                0         -nan%
CONF_OFF_BTB_MISS_BP_TAKEN_CONF_0                    0         -nan%                0         -nan%
CONF_OFF_BTB_MISS_BP_TAKEN_CONF_1                    0         -nan%                0         -nan%
CONF_OFF_BTB_MISS_BP_TAKEN_CONF_2                    0         -nan%                0         -nan%
CONF_OFF_BTB_MISS_BP_TAKEN_CONF_3                    0         -nan%                0         -nan%
CONF_OFF_BTB_MISS_RATE                               0         -nan%                0         -nan%
CONF_OFF_IBTB_MISS_RATE                              0         -nan%                0         -nan%
CONF_OFF_RECOVER_AT_DECODE_RATE                      0         -nan%                0         -nan%
CONF_OFF_RECOVER_AT_EXEC_RATE                        0         -nan%                0         -nan%
CONF_OFF_INV_CONF_INC                                0         -nan%                0         -nan%
CONF_OFF_PERFECT_CONF                                0         -nan%                0         -nan%
                                                     0         -nan%                0         -nan%
                                                  -nan         -nan              -nan         -nan

TOPDOWN_TOTAL_SLOTS                          162446388                      162446388              

TOPDOWN_ISSUED_SLOTS                         105640015                      105640015              

TOPDOWN_RETIRED_SLOTS                        105257411                      105257411              

TOPDOWN_FETCH_BUBBLES_SLOTS                     357281                         357281              

TOPDOWN_RECOVERY_BUBBLES_SLOTS                   78622                          78622              

TOPDOWN_MEM_LOAD_STALLS_CYCLES                 9392981                        9392981              

TOPDOWN_MEM_STORE_STALLS_CYCLES                     10                             10              

TOPDOWN_EXEC_STALLS_CYCLES                     3429645                        3429645              

TOPDOWN_BACKEND_STALLS_CYCLES                  9393844                        9393844              

TOPDOWN_FETCH_BUBBLES_GT_MIW_CYCLES              53403                          53403              

TOPDOWN_BR_RECOVER_AT_EXEC_RETIRED_CYCLES          2297                           2297              

TOPDOWN_MACHINE_CLEAR_CYCLES                     12080                          12080              

TOPDOWN_FRONTEND_BOUND                              21                             21              

TOPDOWN_BACKEND_BOUND                             3472                           3472              

TOPDOWN_BAD_SPEC_BOUND                              28                             28              

TOPDOWN_RETIRING_BOUND                            6479                           6479              

TOPDOWN_FETCH_LATENCY_BOUND                         19                             19              

TOPDOWN_FETCH_BANDWIDTH_BOUND                        2                              2              

TOPDOWN_MEM_BOUND                                 3471                           3471              

TOPDOWN_CORE_BOUND                                   1                              1              

TOPDOWN_BR_RECOVER_AT_EXEC_BOUND                     4                              4              

TOPDOWN_MACHINE_CLEARS_BOUND                        24                             24              

H2P_SEEN_MAIN                                        0                              0              



