/* -*- Mode: c -*- */
####################################################################################################
Core 0
####################################################################################################
Cumulative:        Cycles: 24415715              Instructions: 100000001             IPC: 4.09572

Periodic:          Cycles: 24415715              Instructions: 100000001             IPC: 4.09572

EXECUTION_TIME                           7629910937500                  7629910937500              

NODE_CYCLE                                    24415715                       24415715              

NODE_INST_COUNT                              100000001                      100000001              

NODE_INST_COUNT_FETCHED                      100000001                      100000001              

NODE_UOP_COUNT                               117016131                      117016131              

FULL_WINDOW_STALL                               578432        2.369%           578432        2.369%

FULL_WINDOW_ROB_MEM_OP                          296893       51.327%           296893       51.327%
FULL_WINDOW_ROB_FP_OP                                0        0.000%                0        0.000%
FULL_WINDOW_ROB_OTHER_OP                          6267        1.083%             6267        1.083%
FULL_WINDOW_LQ_FULL                                  0        0.000%                0        0.000%
FULL_WINDOW_SQ_FULL                                  0        0.000%                0        0.000%
FULL_WINDOW_WAITING_ON_RET                      275272       47.589%           275272       47.589%
                                                578432      100.000%           578432      100.000%
                                                  2.40         2.44              2.40         2.44

FULL_WINDOW_MEM_OP                                   0         -nan%                0         -nan%
FULL_WINDOW_FP_OP                                    0         -nan%                0         -nan%
FULL_WINDOW_OTHER_OP                                 0         -nan%                0         -nan%
                                                     0         -nan%                0         -nan%
                                                  -nan         -nan              -nan         -nan

RET_BLOCKED_DC_MISS                            1234993        5.058%          1234993        5.058%

RET_BLOCKED_L1_MISS                             106379        0.436%           106379        0.436%

RET_BLOCKED_L1_MISS_BW_PREF                      64128        0.263%            64128        0.263%

RET_BLOCKED_L1_ACCESS                          1147133        4.698%          1147133        4.698%

RET_BLOCKED_MEM_STALL                           112648        0.461%           112648        0.461%

RET_BLOCKED_OFFCHIP_DEMAND                           0        0.000%                0        0.000%

OP_ISSUED                                    117255615                      117255615              

OP_RETIRED                                   117016131                      117016131              

REPLAY_SIGNALED                                      0                              0              

REPLAY_COUNTED                                       0                              0              

OFF_CRITICAL_PATH                                    0         -nan%                0         -nan%
ON_CRITICAL_PATH                                     0         -nan%                0         -nan%
                                                     0         -nan%                0         -nan%
                                                  -nan         -nan              -nan         -nan

LD_NO_DEPENDENTS                               9352952       47.430%          9352952       47.430%
LD_DEPENDENTS                                 10366398       52.570%         10366398       52.570%
                                              19719350      100.000%         19719350      100.000%
                                                  0.53         0.51              0.53         0.51

LD_EXEC_CYCLES_0                                     0        0.000%                0        0.000%
LD_EXEC_CYCLES_1                               8632591       99.827%          8632591       99.827%
LD_EXEC_CYCLES_2                                     0        0.000%                0        0.000%
LD_EXEC_CYCLES_3                                  3274        0.038%             3274        0.038%
LD_EXEC_CYCLES_4                                 11700        0.135%            11700        0.135%
                                               8647565      100.000%          8647565      100.000%
                                                  1.00         0.12              1.00         0.12

ICACHE_STAGE_STARVED                             29052        0.122%            29052        0.122%
ICACHE_STAGE_NOT_STARVED                      23734985       99.878%         23734985       99.878%
                                              23764037      100.000%         23764037      100.000%
                                                  1.00         1.00              1.00         1.00

ICACHE_STAGE_STALLED                            576330        2.360%           576330        2.360%
ICACHE_STAGE_NOT_STALLED                      23759584       97.313%         23759584       97.313%
ICACHE_STAGE_OFF_PATH                            79801        0.327%            79801        0.327%
                                              24415715      100.000%         24415715      100.000%
                                                  0.98         0.08              0.98         0.08

DECODE_STAGE_STARVED                             26628        0.109%            26628        0.109%
DECODE_STAGE_NOT_STARVED                      24314020       99.891%         24314020       99.891%
                                              24340648      100.000%         24340648      100.000%
                                                  1.00         1.00              1.00         1.00

DECODE_STAGE_STALLED                            576330        2.360%           576330        2.360%
DECODE_STAGE_NOT_STALLED                      23764318       97.332%         23764318       97.332%
DECODE_STAGE_OFF_PATH                            75067        0.307%            75067        0.307%
                                              24415715      100.000%         24415715      100.000%
                                                  0.98         0.08              0.98         0.08

UOPQ_STAGE_STARVED                            24415715      100.000%         24415715      100.000%
UOPQ_STAGE_NOT_STARVED                               0        0.000%                0        0.000%
                                              24415715      100.000%         24415715      100.000%
                                                  0.00         0.00              0.00         0.00

UOPQ_STAGE_STALLED                                   0        0.000%                0        0.000%
UOPQ_STAGE_NOT_STALLED                        24415715      100.000%         24415715      100.000%
UOPQ_STAGE_OFF_PATH                                  0        0.000%                0        0.000%
                                              24415715      100.000%         24415715      100.000%
                                                  1.00         0.00              1.00         0.00

MAP_STAGE_STARVED                                40807        0.168%            40807        0.168%
MAP_STAGE_NOT_STARVED                         24314221       99.832%         24314221       99.832%
                                              24355028      100.000%         24355028      100.000%
                                                  1.00         1.00              1.00         1.00

MAP_STAGE_STALLED                               576541        2.361%           576541        2.361%
MAP_STAGE_NOT_STALLED                         23778487       97.390%         23778487       97.390%
MAP_STAGE_OFF_PATH                               60687        0.249%            60687        0.249%
                                              24415715      100.000%         24415715      100.000%
                                                  0.98         0.07              0.98         0.07

EXEC_STAGE_STARVED                            15444323       63.256%         15444323       63.256%
EXEC_STAGE_NOT_STARVED                         8939649       36.614%          8939649       36.614%
EXEC_STAGE_OFF_PATH                              31743        0.130%            31743        0.130%
                                              24415715      100.000%         24415715      100.000%
                                                  0.37         0.39              0.37         0.39

FU_BUSY_0                                     23786358                       23786358              

FU_BUSY_1                                     23095419                       23095419              

FU_BUSY_2                                     10364768                       10364768              

FU_BUSY_3                                      9386825                        9386825              

FU_BUSY_4                                     21241632                       21241632              

FU_BUSY_5                                     21529743                       21529743              

FU_BUSY_6                                      8299439                        8299439              

FU_BUSY_7                                      8632710                        8632710              

FU_BUSY_8                                            0                              0              

FU_BUSY_9                                            0                              0              

FU_BUSY_10                                           0                              0              

FU_BUSY_11                                           0                              0              

FU_BUSY_12                                           0                              0              

FU_BUSY_13                                           0                              0              

FU_BUSY_14                                           0                              0              

FU_BUSY_15                                           0                              0              

FU_BUSY_16                                           0                              0              

FU_BUSY_17                                           0                              0              

FU_BUSY_18                                           0                              0              

FU_BUSY_19                                           0                              0              

FU_BUSY_20                                           0                              0              

FU_BUSY_21                                           0                              0              

FU_BUSY_22                                           0                              0              

FU_BUSY_23                                           0                              0              

FU_BUSY_24                                           0                              0              

FU_BUSY_25                                           0                              0              

FU_BUSY_26                                           0                              0              

FU_BUSY_27                                           0                              0              

FU_BUSY_28                                           0                              0              

FU_BUSY_29                                           0                              0              

FU_BUSY_30                                           0                              0              

FU_BUSY_31                                           0                              0              

FU_REJECTED_OP_INV_NOT_SIMD                          0        0.000%                0        0.000%
FU_REJECTED_OP_NOP_NOT_SIMD                         29        0.000%               29        0.000%
FU_REJECTED_OP_CF_NOT_SIMD                           3        0.000%                3        0.000%
FU_REJECTED_OP_MOV_NOT_SIMD                     766623        9.521%           766623        9.521%
FU_REJECTED_OP_CMOV_NOT_SIMD                         0        0.000%                0        0.000%
FU_REJECTED_OP_LDA_NOT_SIMD                     394365        4.898%           394365        4.898%
FU_REJECTED_OP_IMEM_NOT_SIMD                      4283        0.053%             4283        0.053%
FU_REJECTED_OP_IADD_NOT_SIMD                   2408175       29.908%          2408175       29.908%
FU_REJECTED_OP_IMUL_NOT_SIMD                   1902722       23.630%          1902722       23.630%
FU_REJECTED_OP_IDIV_NOT_SIMD                         0        0.000%                0        0.000%
FU_REJECTED_OP_ICMP_NOT_SIMD                         0        0.000%                0        0.000%
FU_REJECTED_OP_LOGIC_NOT_SIMD                   822832       10.219%           822832       10.219%
FU_REJECTED_OP_SHIFT_NOT_SIMD                  1676963       20.827%          1676963       20.827%
FU_REJECTED_OP_FMEM_NOT_SIMD                       124        0.002%              124        0.002%
FU_REJECTED_OP_FCVT_NOT_SIMD                         0        0.000%                0        0.000%
FU_REJECTED_OP_FADD_NOT_SIMD                         0        0.000%                0        0.000%
FU_REJECTED_OP_FMUL_NOT_SIMD                         0        0.000%                0        0.000%
FU_REJECTED_OP_FMA_NOT_SIMD                          0        0.000%                0        0.000%
FU_REJECTED_OP_FDIV_NOT_SIMD                         0        0.000%                0        0.000%
FU_REJECTED_OP_FCMP_NOT_SIMD                         0        0.000%                0        0.000%
FU_REJECTED_OP_FCMOV_NOT_SIMD                        0        0.000%                0        0.000%
FU_REJECTED_OP_GATHER_NOT_SIMD                       0        0.000%                0        0.000%
FU_REJECTED_OP_SCATTER_NOT_SIMD                      0        0.000%                0        0.000%
FU_REJECTED_OP_PIPELINED_FAST_NOT_SIMD               0        0.000%                0        0.000%
FU_REJECTED_OP_PIPELINED_MEDIUM_NOT_SIMD             0        0.000%                0        0.000%
FU_REJECTED_OP_PIPELINED_SLOW_NOT_SIMD               0        0.000%                0        0.000%
FU_REJECTED_OP_NOTPIPELINED_MEDIUM_NOT_SIMD             0        0.000%                0        0.000%
FU_REJECTED_OP_NOTPIPELINED_SLOW_NOT_SIMD             0        0.000%                0        0.000%
FU_REJECTED_OP_NOTPIPELINED_VERY_SLOW_NOT_SIMD             0        0.000%                0        0.000%
FU_REJECTED_OP_INV_SIMD                              0        0.000%                0        0.000%
FU_REJECTED_OP_NOP_SIMD                              0        0.000%                0        0.000%
FU_REJECTED_OP_CF_SIMD                               0        0.000%                0        0.000%
FU_REJECTED_OP_MOV_SIMD                              0        0.000%                0        0.000%
FU_REJECTED_OP_CMOV_SIMD                             0        0.000%                0        0.000%
FU_REJECTED_OP_LDA_SIMD                              0        0.000%                0        0.000%
FU_REJECTED_OP_IMEM_SIMD                             0        0.000%                0        0.000%
FU_REJECTED_OP_IADD_SIMD                             0        0.000%                0        0.000%
FU_REJECTED_OP_IMUL_SIMD                             0        0.000%                0        0.000%
FU_REJECTED_OP_IDIV_SIMD                             0        0.000%                0        0.000%
FU_REJECTED_OP_ICMP_SIMD                             0        0.000%                0        0.000%
FU_REJECTED_OP_LOGIC_SIMD                            0        0.000%                0        0.000%
FU_REJECTED_OP_SHIFT_SIMD                            0        0.000%                0        0.000%
FU_REJECTED_OP_FMEM_SIMD                             0        0.000%                0        0.000%
FU_REJECTED_OP_FCVT_SIMD                             0        0.000%                0        0.000%
FU_REJECTED_OP_FADD_SIMD                         75860        0.942%            75860        0.942%
FU_REJECTED_OP_FMUL_SIMD                             0        0.000%                0        0.000%
FU_REJECTED_OP_FMA_SIMD                              0        0.000%                0        0.000%
FU_REJECTED_OP_FDIV_SIMD                             0        0.000%                0        0.000%
FU_REJECTED_OP_FCMP_SIMD                             0        0.000%                0        0.000%
FU_REJECTED_OP_FCMOV_SIMD                            0        0.000%                0        0.000%
FU_REJECTED_OP_GATHER_SIMD                           0        0.000%                0        0.000%
FU_REJECTED_OP_SCATTER_SIMD                          0        0.000%                0        0.000%
FU_REJECTED_OP_PIPELINED_FAST_SIMD                   0        0.000%                0        0.000%
FU_REJECTED_OP_PIPELINED_MEDIUM_SIMD                 0        0.000%                0        0.000%
FU_REJECTED_OP_PIPELINED_SLOW_SIMD                   0        0.000%                0        0.000%
FU_REJECTED_OP_NOTPIPELINED_MEDIUM_SIMD              0        0.000%                0        0.000%
FU_REJECTED_OP_NOTPIPELINED_SLOW_SIMD                0        0.000%                0        0.000%
FU_REJECTED_OP_NOTPIPELINED_VERY_SLOW_SIMD             0        0.000%                0        0.000%
                                               8051979      100.000%          8051979      100.000%
                                                  8.56         4.39              8.56         4.39

OP_WAIT_0                                     72268921                       72268921              

OP_WAIT_1                                     12584641                       12584641              

OP_WAIT_2                                      5360451                        5360451              

OP_WAIT_3                                      3384900                        3384900              

OP_WAIT_4                                      2370120                        2370120              

OP_WAIT_5                                      1876664                        1876664              

OP_WAIT_6                                      1796886                        1796886              

OP_WAIT_7                                      1523973                        1523973              

OP_WAIT_8                                      1302300                        1302300              

OP_WAIT_9                                      1147862                        1147862              

OP_WAIT_10                                     1063640                        1063640              

OP_WAIT_11                                      882444                         882444              

OP_WAIT_12                                      798319                         798319              

OP_WAIT_13                                      710237                         710237              

OP_WAIT_14                                      610720                         610720              

OP_WAIT_15                                      494589                         494589              

OP_WAIT_16                                      426507                         426507              

OP_WAIT_17                                      393771                         393771              

OP_WAIT_18                                      362037                         362037              

OP_WAIT_19                                      383660                         383660              

OP_WAIT_20                                      409793                         409793              

OP_WAIT_21                                      485594                         485594              

OP_WAIT_22                                      541192                         541192              

OP_WAIT_23                                      529258                         529258              

OP_WAIT_24                                      558193                         558193              

OP_WAIT_25                                      565237                         565237              

OP_WAIT_26                                      554908                         554908              

OP_WAIT_27                                      415634                         415634              

OP_WAIT_28                                      478246                         478246              

OP_WAIT_29                                      534291                         534291              

OP_WAIT_30                                      450864                         450864              

OP_WAIT_31                                     1750279                        1750279              

ROW_SIZE_0                                     2754498                        2754498              

ROW_SIZE_1                                     1851881                        1851881              

ROW_SIZE_2                                      377646                         377646              

ROW_SIZE_3                                      479814                         479814              

ROW_SIZE_4                                      256417                         256417              

ROW_SIZE_5                                      145278                         145278              

ROW_SIZE_6                                    18536243                       18536243              

ROW_SIZE_7                                           0                              0              

ROW_SIZE_8                                           0                              0              

ROW_SIZE_9                                           0                              0              

ROW_SIZE_10                                          0                              0              

ROW_SIZE_11                                          0                              0              

ROW_SIZE_12                                          0                              0              

ROW_SIZE_13                                          0                              0              

ROW_SIZE_14                                          0                              0              

ROW_SIZE_15                                          0                              0              

ROW_SIZE_16                                          0                              0              

ROW_SIZE_17                                          0                              0              

ROW_SIZE_18                                          0                              0              

ROW_SIZE_19                                          0                              0              

ROW_SIZE_20                                          0                              0              

ROW_SIZE_21                                          0                              0              

ROW_SIZE_22                                          0                              0              

ROW_SIZE_23                                          0                              0              

ROW_SIZE_24                                          0                              0              

ROW_SIZE_25                                          0                              0              

ROW_SIZE_26                                          0                              0              

ROW_SIZE_27                                          0                              0              

ROW_SIZE_28                                          0                              0              

ROW_SIZE_29                                          0                              0              

ROW_SIZE_30                                          0                              0              

ROW_SIZE_31                                          0                              0              

RET_OP_EXEC_COUNT_0                                  0        0.000%                0        0.000%
RET_OP_EXEC_COUNT_1                          117016131      100.000%        117016131      100.000%
RET_OP_EXEC_COUNT_2                                  0        0.000%                0        0.000%
RET_OP_EXEC_COUNT_3                                  0        0.000%                0        0.000%
RET_OP_EXEC_COUNT_4                                  0        0.000%                0        0.000%
RET_OP_EXEC_COUNT_5                                  0        0.000%                0        0.000%
RET_OP_EXEC_COUNT_6                                  0        0.000%                0        0.000%
RET_OP_EXEC_COUNT_7                                  0        0.000%                0        0.000%
RET_OP_EXEC_COUNT_8                                  0        0.000%                0        0.000%
RET_OP_EXEC_COUNT_9                                  0        0.000%                0        0.000%
RET_OP_EXEC_COUNT_10                                 0        0.000%                0        0.000%
RET_OP_EXEC_COUNT_11                                 0        0.000%                0        0.000%
RET_OP_EXEC_COUNT_12                                 0        0.000%                0        0.000%
RET_OP_EXEC_COUNT_13                                 0        0.000%                0        0.000%
RET_OP_EXEC_COUNT_14                                 0        0.000%                0        0.000%
RET_OP_EXEC_COUNT_15                                 0        0.000%                0        0.000%
RET_OP_EXEC_COUNT_16                                 0        0.000%                0        0.000%
RET_OP_EXEC_COUNT_17                                 0        0.000%                0        0.000%
RET_OP_EXEC_COUNT_18                                 0        0.000%                0        0.000%
RET_OP_EXEC_COUNT_19                                 0        0.000%                0        0.000%
RET_OP_EXEC_COUNT_20                                 0        0.000%                0        0.000%
RET_OP_EXEC_COUNT_21                                 0        0.000%                0        0.000%
RET_OP_EXEC_COUNT_22                                 0        0.000%                0        0.000%
RET_OP_EXEC_COUNT_23                                 0        0.000%                0        0.000%
RET_OP_EXEC_COUNT_24                                 0        0.000%                0        0.000%
RET_OP_EXEC_COUNT_25                                 0        0.000%                0        0.000%
RET_OP_EXEC_COUNT_26                                 0        0.000%                0        0.000%
RET_OP_EXEC_COUNT_27                                 0        0.000%                0        0.000%
RET_OP_EXEC_COUNT_28                                 0        0.000%                0        0.000%
RET_OP_EXEC_COUNT_29                                 0        0.000%                0        0.000%
RET_OP_EXEC_COUNT_30                                 0        0.000%                0        0.000%
RET_OP_EXEC_COUNT_31                                 0        0.000%                0        0.000%
RET_OP_EXEC_COUNT_32                                 0        0.000%                0        0.000%
                                             117016131      100.000%        117016131      100.000%
                                                  1.00         0.00              1.00         0.00

RET_STALL_LENGTH_0                           117015902      100.000%        117015902      100.000%
RET_STALL_LENGTH_100                                86        0.000%               86        0.000%
RET_STALL_LENGTH_200                                48        0.000%               48        0.000%
RET_STALL_LENGTH_300                                18        0.000%               18        0.000%
RET_STALL_LENGTH_400                                21        0.000%               21        0.000%
RET_STALL_LENGTH_500                                13        0.000%               13        0.000%
RET_STALL_LENGTH_600                                10        0.000%               10        0.000%
RET_STALL_LENGTH_700                                12        0.000%               12        0.000%
RET_STALL_LENGTH_800                                 6        0.000%                6        0.000%
RET_STALL_LENGTH_900                                 7        0.000%                7        0.000%
RET_STALL_LENGTH_1000                                2        0.000%                2        0.000%
RET_STALL_LENGTH_1100                                2        0.000%                2        0.000%
RET_STALL_LENGTH_1200                                0        0.000%                0        0.000%
RET_STALL_LENGTH_1300                                3        0.000%                3        0.000%
RET_STALL_LENGTH_1400                                1        0.000%                1        0.000%
RET_STALL_LENGTH_1500                                0        0.000%                0        0.000%
RET_STALL_LENGTH_1600                                0        0.000%                0        0.000%
RET_STALL_LENGTH_1700                                0        0.000%                0        0.000%
RET_STALL_LENGTH_1800                                0        0.000%                0        0.000%
RET_STALL_LENGTH_1900                                0        0.000%                0        0.000%
RET_STALL_LENGTH_2000                                0        0.000%                0        0.000%
RET_STALL_LENGTH_2100                                0        0.000%                0        0.000%
RET_STALL_LENGTH_2200                                0        0.000%                0        0.000%
RET_STALL_LENGTH_2300                                0        0.000%                0        0.000%
RET_STALL_LENGTH_2400                                0        0.000%                0        0.000%
RET_STALL_LENGTH_2500                                0        0.000%                0        0.000%
RET_STALL_LENGTH_2600                                0        0.000%                0        0.000%
RET_STALL_LENGTH_2700                                0        0.000%                0        0.000%
RET_STALL_LENGTH_2800                                0        0.000%                0        0.000%
RET_STALL_LENGTH_2900                                0        0.000%                0        0.000%
RET_STALL_LENGTH_3000                                0        0.000%                0        0.000%
RET_STALL_LENGTH_3100                                0        0.000%                0        0.000%
RET_STALL_LENGTH_3200                                0        0.000%                0        0.000%
RET_STALL_LENGTH_3300                                0        0.000%                0        0.000%
RET_STALL_LENGTH_3400                                0        0.000%                0        0.000%
RET_STALL_LENGTH_3500                                0        0.000%                0        0.000%
RET_STALL_LENGTH_3600                                0        0.000%                0        0.000%
RET_STALL_LENGTH_3700                                0        0.000%                0        0.000%
RET_STALL_LENGTH_3800                                0        0.000%                0        0.000%
RET_STALL_LENGTH_3900                                0        0.000%                0        0.000%
RET_STALL_LENGTH_4000                                0        0.000%                0        0.000%
RET_STALL_LENGTH_4100                                0        0.000%                0        0.000%
RET_STALL_LENGTH_4200                                0        0.000%                0        0.000%
RET_STALL_LENGTH_4300                                0        0.000%                0        0.000%
RET_STALL_LENGTH_4400                                0        0.000%                0        0.000%
RET_STALL_LENGTH_4500                                0        0.000%                0        0.000%
RET_STALL_LENGTH_4600                                0        0.000%                0        0.000%
RET_STALL_LENGTH_4700                                0        0.000%                0        0.000%
RET_STALL_LENGTH_4800                                0        0.000%                0        0.000%
RET_STALL_LENGTH_4900                                0        0.000%                0        0.000%
RET_STALL_LENGTH_5000                                0        0.000%                0        0.000%
                                             117016131      100.000%        117016131      100.000%
                                                  0.00         0.01              0.00         0.01

MEM_BLOCK_LENGTH_0                                 981       98.002%              981       98.002%
MEM_BLOCK_LENGTH_100                                 8        0.799%                8        0.799%
MEM_BLOCK_LENGTH_200                                 7        0.699%                7        0.699%
MEM_BLOCK_LENGTH_300                                 2        0.200%                2        0.200%
MEM_BLOCK_LENGTH_400                                 1        0.100%                1        0.100%
MEM_BLOCK_LENGTH_500                                 2        0.200%                2        0.200%
MEM_BLOCK_LENGTH_600                                 0        0.000%                0        0.000%
MEM_BLOCK_LENGTH_700                                 0        0.000%                0        0.000%
MEM_BLOCK_LENGTH_800                                 0        0.000%                0        0.000%
MEM_BLOCK_LENGTH_900                                 0        0.000%                0        0.000%
MEM_BLOCK_LENGTH_1000                                0        0.000%                0        0.000%
MEM_BLOCK_LENGTH_1100                                0        0.000%                0        0.000%
MEM_BLOCK_LENGTH_1200                                0        0.000%                0        0.000%
MEM_BLOCK_LENGTH_1300                                0        0.000%                0        0.000%
MEM_BLOCK_LENGTH_1400                                0        0.000%                0        0.000%
MEM_BLOCK_LENGTH_1500                                0        0.000%                0        0.000%
MEM_BLOCK_LENGTH_1600                                0        0.000%                0        0.000%
MEM_BLOCK_LENGTH_1700                                0        0.000%                0        0.000%
MEM_BLOCK_LENGTH_1800                                0        0.000%                0        0.000%
MEM_BLOCK_LENGTH_1900                                0        0.000%                0        0.000%
MEM_BLOCK_LENGTH_2000                                0        0.000%                0        0.000%
MEM_BLOCK_LENGTH_2100                                0        0.000%                0        0.000%
MEM_BLOCK_LENGTH_2200                                0        0.000%                0        0.000%
MEM_BLOCK_LENGTH_2300                                0        0.000%                0        0.000%
MEM_BLOCK_LENGTH_2400                                0        0.000%                0        0.000%
MEM_BLOCK_LENGTH_2500                                0        0.000%                0        0.000%
MEM_BLOCK_LENGTH_2600                                0        0.000%                0        0.000%
MEM_BLOCK_LENGTH_2700                                0        0.000%                0        0.000%
MEM_BLOCK_LENGTH_2800                                0        0.000%                0        0.000%
MEM_BLOCK_LENGTH_2900                                0        0.000%                0        0.000%
MEM_BLOCK_LENGTH_3000                                0        0.000%                0        0.000%
MEM_BLOCK_LENGTH_3100                                0        0.000%                0        0.000%
MEM_BLOCK_LENGTH_3200                                0        0.000%                0        0.000%
MEM_BLOCK_LENGTH_3300                                0        0.000%                0        0.000%
MEM_BLOCK_LENGTH_3400                                0        0.000%                0        0.000%
MEM_BLOCK_LENGTH_3500                                0        0.000%                0        0.000%
MEM_BLOCK_LENGTH_3600                                0        0.000%                0        0.000%
MEM_BLOCK_LENGTH_3700                                0        0.000%                0        0.000%
MEM_BLOCK_LENGTH_3800                                0        0.000%                0        0.000%
MEM_BLOCK_LENGTH_3900                                0        0.000%                0        0.000%
MEM_BLOCK_LENGTH_4000                                0        0.000%                0        0.000%
MEM_BLOCK_LENGTH_4100                                0        0.000%                0        0.000%
MEM_BLOCK_LENGTH_4200                                0        0.000%                0        0.000%
MEM_BLOCK_LENGTH_4300                                0        0.000%                0        0.000%
MEM_BLOCK_LENGTH_4400                                0        0.000%                0        0.000%
MEM_BLOCK_LENGTH_4500                                0        0.000%                0        0.000%
MEM_BLOCK_LENGTH_4600                                0        0.000%                0        0.000%
MEM_BLOCK_LENGTH_4700                                0        0.000%                0        0.000%
MEM_BLOCK_LENGTH_4800                                0        0.000%                0        0.000%
MEM_BLOCK_LENGTH_4900                                0        0.000%                0        0.000%
MEM_BLOCK_LENGTH_5000                                0        0.000%                0        0.000%
                                                  1001      100.000%             1001      100.000%
                                                  0.04         0.34              0.04         0.34

FUS_BUSY_ON_PATH                             126261997        5.1713        126261997        5.1713

FUS_BUSY_OFF_PATH                                74897        0.0031            74897        0.0031

FU_BUSY_MEM_STALL                              3534450        0.1448          3534450        0.1448

FUS_EMPTY                                     68988826        2.8256         68988826        2.8256

FU_UNAVAILABLE                                 5563910        0.2279          5563910        0.2279

FU_MEM_UNAVAILABLE                             2488069        0.1019          2488069        0.1019

FU_REPLAY                                            0        0.0000                0        0.0000

FU_STARVED                                    68980806        2.8253         68980806        2.8253

CHIP_UTILIZATION                                     0        0.0000                0        0.0000

CYCLES_UNDER_MEM_REQ                                 0                              0              

CYCLES_UNDER_NO_MEM_REQ                              0                              0              

CYCLES_UNDER_CRITICAL_MEM_REQ                        0                              0              

CYCLES_UNDER_NONCRITICAL_MEM_REQ                     0                              0              

CHIP_UTILIZATION_UNDER_MEM_REQ                       0          -nan                0          -nan

CHIP_UTILIZATION_UNDER_NO_MEM_REQ                    0          -nan                0          -nan

CHIP_UTILIZATION_UNDER_CRITICAL_MEM_REQ              0          -nan                0          -nan

CHIP_UTILIZATION_UNDER_NONCRITICAL_MEM_REQ             0          -nan                0          -nan

CYCLES_NOT_WAITING_FOR_OFF_CHIP                      0        0.0000                0        0.0000

FUS_BUSY_NOT_WAITING_FOR_OFF_CHIP                    0          -nan                0          -nan

CYCLES_WAITING_FOR_OFF_CHIP                          0        0.0000                0        0.0000

FUS_BUSY_WAITING_FOR_OFF_CHIP                        0          -nan                0          -nan

TOTAL_OFF_CHIP_DELAYS_LEFT                           0                              0              

WRONG_IO_SCHED                                       0                              0              

DVFS_CONFIG_SWITCH                                   0                              0              

MAP_STAGE_RECEIVED_OPS_0                             0        0.000%                0        0.000%
MAP_STAGE_RECEIVED_OPS_1                           755        0.003%              755        0.003%
MAP_STAGE_RECEIVED_OPS_2                          1016        0.004%             1016        0.004%
MAP_STAGE_RECEIVED_OPS_3                        603146        2.541%           603146        2.541%
MAP_STAGE_RECEIVED_OPS_4                        453112        1.909%           453112        1.909%
MAP_STAGE_RECEIVED_OPS_5                      22677647       95.542%         22677647       95.542%
MAP_STAGE_RECEIVED_OPS_6                             0        0.000%                0        0.000%
MAP_STAGE_RECEIVED_OPS_7                             0        0.000%                0        0.000%
MAP_STAGE_RECEIVED_OPS_8                             0        0.000%                0        0.000%
MAP_STAGE_RECEIVED_OPS_MAX                           0        0.000%                0        0.000%
                                              23735676      100.000%         23735676      100.000%
                                                  4.93         0.34              4.93         0.34

MAP_STAGE_WAIT_FOR_DECODE                            0         -nan%                0         -nan%
MAP_STAGE_CONSUME_DECODE                             0         -nan%                0         -nan%
                                                     0         -nan%                0         -nan%
                                                  -nan         -nan              -nan         -nan

MAP_STAGE_WAIT_FOR_DECODE2                           0         -nan%                0         -nan%
MAP_STAGE_CONSUME_DECODE2                            0         -nan%                0         -nan%
                                                     0         -nan%                0         -nan%
                                                  -nan         -nan              -nan         -nan

FTQ_RECOVER_EXEC                                  2004                           2004              

FTQ_RECOVER_DECODE                                  24                             24              

FTQ_OFFPATH_CYCLES                               94094                          94094              

FTQ_CYCLES_OFFPATH                              172326                         172326              

FTQ_CYCLES_ONPATH                             24243389                       24243389              

FTQ_FETCHED_INS_OFFPATH                         938776                         938776              

FTQ_FETCHED_INS_ONPATH                       117014644                      117014644              

FTQ_BREAK_FULL_FT_ONPATH                      24186122       99.772%         24186122       99.772%
FTQ_BREAK_MAX_CFS_TAKEN_ONPATH                   13838        0.057%            13838        0.057%
FTQ_BREAK_MAX_BYTES_ONPATH                        8522        0.035%             8522        0.035%
FTQ_BREAK_PRED_BR_ONPATH                             0        0.000%                0        0.000%
FTQ_BREAK_BAR_FETCH_ONPATH                       32879        0.136%            32879        0.136%
                                              24241361      100.000%         24241361      100.000%
                                                  0.01         0.15              0.01         0.15

FTQ_BREAK_FULL_FT_OFFPATH                       164915       94.586%           164915       94.586%
FTQ_BREAK_MAX_CFS_TAKEN_OFFPATH                   8070        4.629%             8070        4.629%
FTQ_BREAK_MAX_BYTES_OFFPATH                        918        0.527%              918        0.527%
FTQ_BREAK_PRED_BR_OFFPATH                            0        0.000%                0        0.000%
FTQ_BREAK_BAR_FETCH_OFFPATH                        451        0.259%              451        0.259%
                                                174354      100.000%           174354      100.000%
                                                  0.07         0.32              0.07         0.32



