/* -*- Mode: c -*- */
####################################################################################################
Core 0
####################################################################################################
Cumulative:        Cycles: 24415715              Instructions: 100000001             IPC: 4.09572

Periodic:          Cycles: 24415715              Instructions: 100000001             IPC: 4.09572

ST_OP_INV                                            0        0.000%                0        0.000%
ST_OP_NOP                                       474223        0.404%           474223        0.404%
ST_OP_CF                                      18889155       16.078%         18889155       16.078%
ST_OP_MOV                                     13651289       11.620%         13651289       11.620%
ST_OP_CMOV                                      300935        0.256%           300935        0.256%
ST_OP_LDA                                      7083362        6.029%          7083362        6.029%
ST_OP_ILD                                     19369029       16.487%         19369029       16.487%
ST_OP_IST                                     12839353       10.929%         12839353       10.929%
ST_OP_IADD                                    15424417       13.129%         15424417       13.129%
ST_OP_IMUL                                           0        0.000%                0        0.000%
ST_OP_IDIV                                      300917        0.256%           300917        0.256%
ST_OP_ICMP                                    10654154        9.069%         10654154        9.069%
ST_OP_LOGIC                                   13661514       11.629%         13661514       11.629%
ST_OP_SHIFT                                    3766532        3.206%          3766532        3.206%
ST_OP_FLD                                       457760        0.390%           457760        0.390%
ST_OP_FST                                       608913        0.518%           608913        0.518%
ST_OP_FCVT                                           0        0.000%                0        0.000%
ST_OP_FADD                                           0        0.000%                0        0.000%
ST_OP_FMUL                                           0        0.000%                0        0.000%
ST_OP_FMA                                            0        0.000%                0        0.000%
ST_OP_FDIV                                           0        0.000%                0        0.000%
ST_OP_FCMP                                           0        0.000%                0        0.000%
ST_OP_FCMOV                                          0        0.000%                0        0.000%
ST_OP_GATHER                                         0        0.000%                0        0.000%
ST_OP_SCATTER                                        0        0.000%                0        0.000%
ST_OP_PIPELINED_FAST                                 0        0.000%                0        0.000%
ST_OP_PIPELINED_MEDIUM                               0        0.000%                0        0.000%
ST_OP_PIPELINED_SLOW                                 0        0.000%                0        0.000%
ST_OP_NOTPIPELINED_MEDIUM                            0        0.000%                0        0.000%
ST_OP_NOTPIPELINED_SLOW                              0        0.000%                0        0.000%
ST_OP_NOTPIPELINED_VERY_SLOW                         0        0.000%                0        0.000%
                                             117481553      100.000%        117481553      100.000%
                                                  6.76         3.55              6.76         3.55

ST_NOT_CF                                     98592398       83.922%         98592398       83.922%
ST_CF_BR                                        455236        0.387%           455236        0.387%
ST_CF_CBR                                     16467274       14.017%         16467274       14.017%
ST_CF_CALL                                      905148        0.770%           905148        0.770%
ST_CF_IBR                                       150469        0.128%           150469        0.128%
ST_CF_ICALL                                          0        0.000%                0        0.000%
ST_CF_ICO                                            0        0.000%                0        0.000%
ST_CF_RET                                       910524        0.775%           910524        0.775%
ST_CF_SYS                                          504        0.000%              504        0.000%
                                             117481553      100.000%        117481553      100.000%
                                                  0.37         0.89              0.37         0.89

ST_BAR_NONE                                  117481049      100.000%        117481049      100.000%
ST_BAR_FETCH                                       504        0.000%              504        0.000%
ST_BAR_ISSUE                                         0        0.000%                0        0.000%
ST_BAR_BOTH                                          0        0.000%                0        0.000%
                                             117481553      100.000%        117481553      100.000%
                                                  0.00         0.00              0.00         0.00

ST_NOT_MEM                                    84206498       71.676%         84206498       71.676%
ST_MEM_LD                                     19826789       16.877%         19826789       16.877%
ST_MEM_ST                                     13448266       11.447%         13448266       11.447%
ST_MEM_PF                                            0        0.000%                0        0.000%
ST_MEM_WH                                            0        0.000%                0        0.000%
ST_MEM_EVICT                                         0        0.000%                0        0.000%
                                             117481553      100.000%        117481553      100.000%
                                                  0.40         0.60              0.40         0.60

ST_NOT_MEM_OFFPATH                              310224       65.744%           310224       65.744%
ST_MEM_LD_OFFPATH                                98792       20.936%            98792       20.936%
ST_MEM_ST_OFFPATH                                62851       13.320%            62851       13.320%
ST_MEM_PF_OFFPATH                                    0        0.000%                0        0.000%
ST_MEM_WH_OFFPATH                                    0        0.000%                0        0.000%
ST_MEM_EVIC_OFFPATHT                                 0        0.000%                0        0.000%
                                                471867      100.000%           471867      100.000%
                                                  0.48         0.61              0.48         0.61

ST_OP_ONPATH                                 117481553                      117481553              

ST_OP_OFFPATH                                   471867                         471867              

ST_FAKE_OP_OFFPATH                               27193        5.763%            27193        5.763%
ST_NOT_FAKE_OP_OFFPATH                          444674       94.237%           444674       94.237%
                                                471867      100.000%           471867      100.000%
                                                  0.94         0.92              0.94         0.92

ST_FAKE_REASON_NOT_FAKE                         444674       94.237%           444674       94.237%
ST_FAKE_REASON_REDIRECT_TO_NOT_INSTRUMENTED         27193        5.763%            27193        5.763%
ST_FAKE_REASON_RETURN_TO_NOT_INSTRUMENTED             0        0.000%                0        0.000%
ST_FAKE_REASON_NONRET_CF_TO_NOT_INSTRUMENTED             0        0.000%                0        0.000%
ST_FAKE_REASON_NOT_TAKEN_TO_NOT_INSTRUMENTED             0        0.000%                0        0.000%
ST_FAKE_REASON_WRONG_PATH_STORE_TO_NEW_REGION             0        0.000%                0        0.000%
                                                471867      100.000%           471867      100.000%
                                                  0.06         0.23              0.06         0.23

ST_INST_ONPATH                               100385570                      100385570              

ST_INST_OFFPATH                                 390442                         390442              

STATIC_PIN_NOP                                       0                              0              

DYNAMIC_PIN_REP_GREATER_256                          0                              0              

INST_MAP_UPDATE_JITTED                          914937        8.678%           914937        8.678%
INST_MAP_UPDATE_NPC_INV                              0        0.000%                0        0.000%
INST_MAP_UPDATE_NPC_NOP                              0        0.000%                0        0.000%
INST_MAP_UPDATE_NPC_CF                               0        0.000%                0        0.000%
INST_MAP_UPDATE_NPC_MOV                              0        0.000%                0        0.000%
INST_MAP_UPDATE_NPC_CMOV                             0        0.000%                0        0.000%
INST_MAP_UPDATE_NPC_LDA                              0        0.000%                0        0.000%
INST_MAP_UPDATE_NPC_IMEM                             0        0.000%                0        0.000%
INST_MAP_UPDATE_NPC_IADD                             0        0.000%                0        0.000%
INST_MAP_UPDATE_NPC_IMUL                             0        0.000%                0        0.000%
INST_MAP_UPDATE_NPC_IDIV                             0        0.000%                0        0.000%
INST_MAP_UPDATE_NPC_ICMP                             0        0.000%                0        0.000%
INST_MAP_UPDATE_NPC_LOGIC                            0        0.000%                0        0.000%
INST_MAP_UPDATE_NPC_SHIFT                            0        0.000%                0        0.000%
INST_MAP_UPDATE_NPC_FMEM                             0        0.000%                0        0.000%
INST_MAP_UPDATE_NPC_FCVT                             0        0.000%                0        0.000%
INST_MAP_UPDATE_NPC_FADD                             0        0.000%                0        0.000%
INST_MAP_UPDATE_NPC_FMUL                             0        0.000%                0        0.000%
INST_MAP_UPDATE_NPC_FMA                              0        0.000%                0        0.000%
INST_MAP_UPDATE_NPC_FDIV                             0        0.000%                0        0.000%
INST_MAP_UPDATE_NPC_FCMP                             0        0.000%                0        0.000%
INST_MAP_UPDATE_NPC_FCMOV                            0        0.000%                0        0.000%
INST_MAP_UPDATE_NPC_GATHER                           0        0.000%                0        0.000%
INST_MAP_UPDATE_NPC_SCATTER                          0        0.000%                0        0.000%
INST_MAP_UPDATE_NPC_PIPELINED_FAST                   0        0.000%                0        0.000%
INST_MAP_UPDATE_NPC_PIPELINED_MEDIUM                 0        0.000%                0        0.000%
INST_MAP_UPDATE_NPC_PIPELINED_SLOW                   0        0.000%                0        0.000%
INST_MAP_UPDATE_NPC_NOTPIPELINED_MEDIUM              0        0.000%                0        0.000%
INST_MAP_UPDATE_NPC_NOTPIPELINED_SLOW                0        0.000%                0        0.000%
INST_MAP_UPDATE_NPC_NOTPIPELINED_VERY_SLOW             0        0.000%                0        0.000%
INST_MAP_UPDATE_MEM_INV                              0        0.000%                0        0.000%
INST_MAP_UPDATE_MEM_NOP                              0        0.000%                0        0.000%
INST_MAP_UPDATE_MEM_CF                               0        0.000%                0        0.000%
INST_MAP_UPDATE_MEM_MOV                        7820527       74.176%          7820527       74.176%
INST_MAP_UPDATE_MEM_CMOV                             0        0.000%                0        0.000%
INST_MAP_UPDATE_MEM_LDA                              0        0.000%                0        0.000%
INST_MAP_UPDATE_MEM_IMEM                             0        0.000%                0        0.000%
INST_MAP_UPDATE_MEM_IADD                             0        0.000%                0        0.000%
INST_MAP_UPDATE_MEM_IMUL                          5478        0.052%             5478        0.052%
INST_MAP_UPDATE_MEM_IDIV                             0        0.000%                0        0.000%
INST_MAP_UPDATE_MEM_ICMP                             0        0.000%                0        0.000%
INST_MAP_UPDATE_MEM_LOGIC                       901126        8.547%           901126        8.547%
INST_MAP_UPDATE_MEM_SHIFT                       450499        4.273%           450499        4.273%
INST_MAP_UPDATE_MEM_FMEM                             0        0.000%                0        0.000%
INST_MAP_UPDATE_MEM_FCVT                             0        0.000%                0        0.000%
INST_MAP_UPDATE_MEM_FADD                             0        0.000%                0        0.000%
INST_MAP_UPDATE_MEM_FMUL                             0        0.000%                0        0.000%
INST_MAP_UPDATE_MEM_FMA                              0        0.000%                0        0.000%
INST_MAP_UPDATE_MEM_FDIV                             0        0.000%                0        0.000%
INST_MAP_UPDATE_MEM_FCMP                             0        0.000%                0        0.000%
INST_MAP_UPDATE_MEM_FCMOV                            0        0.000%                0        0.000%
INST_MAP_UPDATE_MEM_GATHER                           0        0.000%                0        0.000%
INST_MAP_UPDATE_MEM_SCATTER                          0        0.000%                0        0.000%
INST_MAP_UPDATE_MEM_PIPELINED_FAST                   0        0.000%                0        0.000%
INST_MAP_UPDATE_MEM_PIPELINED_MEDIUM                 0        0.000%                0        0.000%
INST_MAP_UPDATE_MEM_PIPELINED_SLOW              450689        4.275%           450689        4.275%
INST_MAP_UPDATE_MEM_NOTPIPELINED_MEDIUM              0        0.000%                0        0.000%
INST_MAP_UPDATE_MEM_NOTPIPELINED_SLOW                0        0.000%                0        0.000%
INST_MAP_UPDATE_MEM_NOTPIPELINED_VERY_SLOW             0        0.000%                0        0.000%
                                              10543256      100.000%         10543256      100.000%
                                                 32.15         5.81             32.15         5.81



