/* -*- Mode: c -*- */
####################################################################################################
Core 0
####################################################################################################
Cumulative:        Cycles: 11904573              Instructions: 29999999              IPC: 2.52004

Periodic:          Cycles: 11904573              Instructions: 29999999              IPC: 2.52004

DCACHE_PREF_HIT                                      0                              0              

IFETCH_WB_FIRST_SCHEDULE                             0         -nan%                0         -nan%
PREFETCH_LAST_SCHEDULE                               0         -nan%                0         -nan%
DEMAND_PASS_PREF_SCHEDULE                            0         -nan%                0         -nan%
DEMAND_PASS_LOW_OP_SCHEDULE                          0         -nan%                0         -nan%
DEMAND_LAST_SCHEDULE                                 0         -nan%                0         -nan%
                                                     0         -nan%                0         -nan%
                                                  -nan         -nan              -nan         -nan

SEND_MISS_REQ_QUEUE                              33516                          33516              

L1_DATA_EVICT                                     3612                           3612              

STREAM_BUFFER_REQ                                    0                              0              

PREF_SEND_TO_MEM_REQ                                 0         -nan%                0         -nan%
PREF_SEND_TO_MEM_REQ_FAIL                            0         -nan%                0         -nan%
                                                     0         -nan%                0         -nan%
                                                  -nan         -nan              -nan         -nan

HIT_TRAIN_STREAM                                  4142       32.933%             4142       32.933%
MISS_TRAIN_STREAM                                 8435       67.067%             8435       67.067%
                                                 12577      100.000%            12577      100.000%
                                                  0.67         0.61              0.67         0.61

STREAM_TRAIN_CREATE                               4336                           4336              

MEM_REQ_MISS_HWP_PREF_Q                              0         -nan%                0         -nan%
MEM_REQ_MISS_SW_PREF_Q                               0         -nan%                0         -nan%
MEM_REQ_MISS_IFETCH_Q                                0         -nan%                0         -nan%
MEM_REQ_MISS_DFETCH_Q                                0         -nan%                0         -nan%
MEM_REQ_MISS_DSTORE_Q                                0         -nan%                0         -nan%
MEM_REQ_MISS_DPRF_Q                                  0         -nan%                0         -nan%
MEM_REQ_MISS_WB_Q                                    0         -nan%                0         -nan%
                                                     0         -nan%                0         -nan%
                                                  -nan         -nan              -nan         -nan

PREF_HIT_BY_DEMAND_IFETCH                            0         -nan%                0         -nan%
PREF_HIT_BY_DEMAND_DFETCH                            0         -nan%                0         -nan%
PREF_HIT_BY_DEMAND_DSTORE                            0         -nan%                0         -nan%
PREF_HIT_BY_DEMAND_IPREF                             0         -nan%                0         -nan%
PREF_HIT_BY_DEMAND_DPRF                              0         -nan%                0         -nan%
PREF_HIT_BY_DEMAND_WB                                0         -nan%                0         -nan%
PREF_HIT_BY_PREF                                     0         -nan%                0         -nan%
                                                     0         -nan%                0         -nan%
                                                  -nan         -nan              -nan         -nan

PREF_HIT_DEMAND_IFETCH                               0         -nan%                0         -nan%
PREF_HIT_DEMAND_DFETCH                               0         -nan%                0         -nan%
PREF_HIT_DEMAND_DSTORE                               0         -nan%                0         -nan%
PREF_HIT_DEMAND_IPREF                                0         -nan%                0         -nan%
PREF_HIT_DEMAND_DPRF                                 0         -nan%                0         -nan%
PREF_HIT_DEMAND_WB                                   0         -nan%                0         -nan%
                                                     0         -nan%                0         -nan%
                                                  -nan         -nan              -nan         -nan

PREF_L1_FILL                                         0         -nan%                0         -nan%
DEMAND_L1_FILL                                       0         -nan%                0         -nan%
                                                     0         -nan%                0         -nan%
                                                  -nan         -nan              -nan         -nan

TOUCH_L1_REPLACE                                     0        0.000%                0        0.000%
NO_TOUCH_L1_REPLACE                               3612      100.000%             3612      100.000%
                                                  3612      100.000%             3612      100.000%
                                                  1.00         1.00              1.00         1.00

PREF_REQ_QUE_FULL                                    0                              0              

STREAM_REQ_QUEUE_HIT_BY_DEMAND                       0                              0              

L2HIT_STREAM_PREF_REQ_QUE_FULL                       0                              0              

L2HIT_HIT_TRAIN_STREAM                               0         -nan%                0         -nan%
L2HIT_MISS_TRAIN_STREAM                              0         -nan%                0         -nan%
                                                     0         -nan%                0         -nan%
                                                  -nan         -nan              -nan         -nan

L2HIT_STREAM_TRAIN_CREATE                            0                              0              

L2HIT_STREAM_BUFFER_REQ                              0                              0              

L2HIT_STREAM_PREF_DCACHE_HIT                         0         -nan%                0         -nan%
L2HIT_STREAM_PREF_DCACHE_INSERT                      0         -nan%                0         -nan%
L2HIT_STREAM_L2_MISS                                 0         -nan%                0         -nan%
                                                     0         -nan%                0         -nan%
                                                  -nan         -nan              -nan         -nan

L2HIT_STREAM_DCACHE_PORT_FULL                        0                              0              

L2HIT_STREAM_PREF_L1_PORT_FULL                       0                              0              

L2HIT_TRAIN_HIT_DEMAND                               0         -nan%                0         -nan%
L2HIT_TRAIN_MISS_REQ                                 0         -nan%                0         -nan%
                                                     0         -nan%                0         -nan%
                                                  -nan         -nan              -nan         -nan

L2HIT_TRAIN_FILTER_MISS                              0         -nan%                0         -nan%
L2HIT_TRAIN_FILTER_HIT                               0         -nan%                0         -nan%
                                                     0         -nan%                0         -nan%
                                                  -nan         -nan              -nan         -nan

L2HIT_PREF_REQ_DCACHE_HIT                            0         -nan%                0         -nan%
L2HIT_PREF_REQ_DCACHE_MISS                           0         -nan%                0         -nan%
                                                     0         -nan%                0         -nan%
                                                  -nan         -nan              -nan         -nan

L2HIT_L2SEND_Q_FULL                                  0         -nan%                0         -nan%
L2HIT_L2SEND_Q_ENTER                                 0         -nan%                0         -nan%
                                                     0         -nan%                0         -nan%
                                                  -nan         -nan              -nan         -nan

L2HIT_MEM_REQ                                        0                              0              

REMOVE_REDUNDANT_STREAM_STAT                         0                              0              

REPLACE_OLD_STREAM                                4320                           4320              

REQ_SEND_QUEUE_STALL                                 0                              0              

STREAM_ENTER_RA                                      0                              0              

CORE_STREAM_LENGTH_0                               153       29.709%              153       29.709%
CORE_STREAM_LENGTH_10                              317       61.553%              317       61.553%
CORE_STREAM_LENGTH_20                               18        3.495%               18        3.495%
CORE_STREAM_LENGTH_30                               17        3.301%               17        3.301%
CORE_STREAM_LENGTH_40                                1        0.194%                1        0.194%
CORE_STREAM_LENGTH_50                                1        0.194%                1        0.194%
CORE_STREAM_LENGTH_60                                1        0.194%                1        0.194%
CORE_STREAM_LENGTH_70                                1        0.194%                1        0.194%
CORE_STREAM_LENGTH_80                                1        0.194%                1        0.194%
CORE_STREAM_LENGTH_90                                0        0.000%                0        0.000%
CORE_STREAM_LENGTH_100_P                             5        0.971%                5        0.971%
                                                   515      100.000%              515      100.000%
                                                  0.94         1.12              0.94         1.12

CORE_CUM_STREAM_LENGTH_0                          1046       10.768%             1046       10.768%
CORE_CUM_STREAM_LENGTH_10                         4305       44.317%             4305       44.317%
CORE_CUM_STREAM_LENGTH_20                          409        4.210%              409        4.210%
CORE_CUM_STREAM_LENGTH_30                          589        6.063%              589        6.063%
CORE_CUM_STREAM_LENGTH_40                           40        0.412%               40        0.412%
CORE_CUM_STREAM_LENGTH_50                           59        0.607%               59        0.607%
CORE_CUM_STREAM_LENGTH_60                           65        0.669%               65        0.669%
CORE_CUM_STREAM_LENGTH_70                           71        0.731%               71        0.731%
CORE_CUM_STREAM_LENGTH_80                           83        0.854%               83        0.854%
CORE_CUM_STREAM_LENGTH_90                            0        0.000%                0        0.000%
CORE_CUM_STREAM_LENGTH_100_P                      3047       31.367%             3047       31.367%
                                                  9714      100.000%             9714      100.000%
                                                  4.05         4.57              4.05         4.57

CORE_STREAM_TRAIN_HITS_0                           470       91.262%              470       91.262%
CORE_STREAM_TRAIN_HITS_10                           27        5.243%               27        5.243%
CORE_STREAM_TRAIN_HITS_20                            9        1.748%                9        1.748%
CORE_STREAM_TRAIN_HITS_30                            1        0.194%                1        0.194%
CORE_STREAM_TRAIN_HITS_40                            3        0.583%                3        0.583%
CORE_STREAM_TRAIN_HITS_50                            0        0.000%                0        0.000%
CORE_STREAM_TRAIN_HITS_60                            0        0.000%                0        0.000%
CORE_STREAM_TRAIN_HITS_70                            0        0.000%                0        0.000%
CORE_STREAM_TRAIN_HITS_80                            0        0.000%                0        0.000%
CORE_STREAM_TRAIN_HITS_90                            1        0.194%                1        0.194%
CORE_STREAM_TRAIN_HITS_100_P                         4        0.777%                4        0.777%
                                                   515      100.000%              515      100.000%
                                                  0.21         1.04              0.21         1.04

CORE_CUM_STREAM_TRAIN_HITS_0                      2569       41.422%             2569       41.422%
CORE_CUM_STREAM_TRAIN_HITS_10                      346        5.579%              346        5.579%
CORE_CUM_STREAM_TRAIN_HITS_20                      188        3.031%              188        3.031%
CORE_CUM_STREAM_TRAIN_HITS_30                       35        0.564%               35        0.564%
CORE_CUM_STREAM_TRAIN_HITS_40                      134        2.161%              134        2.161%
CORE_CUM_STREAM_TRAIN_HITS_50                        0        0.000%                0        0.000%
CORE_CUM_STREAM_TRAIN_HITS_60                        0        0.000%                0        0.000%
CORE_CUM_STREAM_TRAIN_HITS_70                        0        0.000%                0        0.000%
CORE_CUM_STREAM_TRAIN_HITS_80                        0        0.000%                0        0.000%
CORE_CUM_STREAM_TRAIN_HITS_90                       93        1.500%               93        1.500%
CORE_CUM_STREAM_TRAIN_HITS_100_P                  2837       45.743%             2837       45.743%
                                                  6202      100.000%             6202      100.000%
                                                  4.93         4.93              4.93         4.93

CORE_STREAM_TRAIN_CREATE                          4336                           4336              



