/* -*- Mode: c -*- */
####################################################################################################
Core 0
####################################################################################################
Cumulative:        Cycles: 107297606             Instructions: 59999999              IPC: 0.55919

Periodic:          Cycles: 107297606             Instructions: 59999999              IPC: 0.55919

DCACHE_PREF_HIT                                      0                              0              

IFETCH_WB_FIRST_SCHEDULE                             0         -nan%                0         -nan%
PREFETCH_LAST_SCHEDULE                               0         -nan%                0         -nan%
DEMAND_PASS_PREF_SCHEDULE                            0         -nan%                0         -nan%
DEMAND_PASS_LOW_OP_SCHEDULE                          0         -nan%                0         -nan%
DEMAND_LAST_SCHEDULE                                 0         -nan%                0         -nan%
                                                     0         -nan%                0         -nan%
                                                  -nan         -nan              -nan         -nan

SEND_MISS_REQ_QUEUE                            1862819                        1862819              

L1_DATA_EVICT                                  1898651                        1898651              

STREAM_BUFFER_REQ                                    0                              0              

PREF_SEND_TO_MEM_REQ                                 0         -nan%                0         -nan%
PREF_SEND_TO_MEM_REQ_FAIL                            0         -nan%                0         -nan%
                                                     0         -nan%                0         -nan%
                                                  -nan         -nan              -nan         -nan

HIT_TRAIN_STREAM                                334700       21.103%           334700       21.103%
MISS_TRAIN_STREAM                              1251299       78.897%          1251299       78.897%
                                               1585999      100.000%          1585999      100.000%
                                                  0.79         0.73              0.79         0.73

STREAM_TRAIN_CREATE                             985737                         985737              

MEM_REQ_MISS_HWP_PREF_Q                              0         -nan%                0         -nan%
MEM_REQ_MISS_SW_PREF_Q                               0         -nan%                0         -nan%
MEM_REQ_MISS_IFETCH_Q                                0         -nan%                0         -nan%
MEM_REQ_MISS_DFETCH_Q                                0         -nan%                0         -nan%
MEM_REQ_MISS_DSTORE_Q                                0         -nan%                0         -nan%
MEM_REQ_MISS_DPRF_Q                                  0         -nan%                0         -nan%
MEM_REQ_MISS_WB_Q                                    0         -nan%                0         -nan%
                                                     0         -nan%                0         -nan%
                                                  -nan         -nan              -nan         -nan

PREF_HIT_BY_DEMAND_IFETCH                            0         -nan%                0         -nan%
PREF_HIT_BY_DEMAND_DFETCH                            0         -nan%                0         -nan%
PREF_HIT_BY_DEMAND_DSTORE                            0         -nan%                0         -nan%
PREF_HIT_BY_DEMAND_IPREF                             0         -nan%                0         -nan%
PREF_HIT_BY_DEMAND_DPRF                              0         -nan%                0         -nan%
PREF_HIT_BY_DEMAND_WB                                0         -nan%                0         -nan%
PREF_HIT_BY_PREF                                     0         -nan%                0         -nan%
                                                     0         -nan%                0         -nan%
                                                  -nan         -nan              -nan         -nan

PREF_HIT_DEMAND_IFETCH                               0         -nan%                0         -nan%
PREF_HIT_DEMAND_DFETCH                               0         -nan%                0         -nan%
PREF_HIT_DEMAND_DSTORE                               0         -nan%                0         -nan%
PREF_HIT_DEMAND_IPREF                                0         -nan%                0         -nan%
PREF_HIT_DEMAND_DPRF                                 0         -nan%                0         -nan%
PREF_HIT_DEMAND_WB                                   0         -nan%                0         -nan%
                                                     0         -nan%                0         -nan%
                                                  -nan         -nan              -nan         -nan

PREF_L1_FILL                                         0         -nan%                0         -nan%
DEMAND_L1_FILL                                       0         -nan%                0         -nan%
                                                     0         -nan%                0         -nan%
                                                  -nan         -nan              -nan         -nan

TOUCH_L1_REPLACE                                     0        0.000%                0        0.000%
NO_TOUCH_L1_REPLACE                            1898651      100.000%          1898651      100.000%
                                               1898651      100.000%          1898651      100.000%
                                                  1.00         1.00              1.00         1.00

PREF_REQ_QUE_FULL                                    0                              0              

STREAM_REQ_QUEUE_HIT_BY_DEMAND                       0                              0              

L2HIT_STREAM_PREF_REQ_QUE_FULL                       0                              0              

L2HIT_HIT_TRAIN_STREAM                               0         -nan%                0         -nan%
L2HIT_MISS_TRAIN_STREAM                              0         -nan%                0         -nan%
                                                     0         -nan%                0         -nan%
                                                  -nan         -nan              -nan         -nan

L2HIT_STREAM_TRAIN_CREATE                            0                              0              

L2HIT_STREAM_BUFFER_REQ                              0                              0              

L2HIT_STREAM_PREF_DCACHE_HIT                         0         -nan%                0         -nan%
L2HIT_STREAM_PREF_DCACHE_INSERT                      0         -nan%                0         -nan%
L2HIT_STREAM_L2_MISS                                 0         -nan%                0         -nan%
                                                     0         -nan%                0         -nan%
                                                  -nan         -nan              -nan         -nan

L2HIT_STREAM_DCACHE_PORT_FULL                        0                              0              

L2HIT_STREAM_PREF_L1_PORT_FULL                       0                              0              

L2HIT_TRAIN_HIT_DEMAND                               0         -nan%                0         -nan%
L2HIT_TRAIN_MISS_REQ                                 0         -nan%                0         -nan%
                                                     0         -nan%                0         -nan%
                                                  -nan         -nan              -nan         -nan

L2HIT_TRAIN_FILTER_MISS                              0         -nan%                0         -nan%
L2HIT_TRAIN_FILTER_HIT                               0         -nan%                0         -nan%
                                                     0         -nan%                0         -nan%
                                                  -nan         -nan              -nan         -nan

L2HIT_PREF_REQ_DCACHE_HIT                            0         -nan%                0         -nan%
L2HIT_PREF_REQ_DCACHE_MISS                           0         -nan%                0         -nan%
                                                     0         -nan%                0         -nan%
                                                  -nan         -nan              -nan         -nan

L2HIT_L2SEND_Q_FULL                                  0         -nan%                0         -nan%
L2HIT_L2SEND_Q_ENTER                                 0         -nan%                0         -nan%
                                                     0         -nan%                0         -nan%
                                                  -nan         -nan              -nan         -nan

L2HIT_MEM_REQ                                        0                              0              

REMOVE_REDUNDANT_STREAM_STAT                         0                              0              

REPLACE_OLD_STREAM                              985721                         985721              

REQ_SEND_QUEUE_STALL                                 0                              0              

STREAM_ENTER_RA                                      0                              0              

CORE_STREAM_LENGTH_0                              1289        6.206%             1289        6.206%
CORE_STREAM_LENGTH_10                            12331       59.369%            12331       59.369%
CORE_STREAM_LENGTH_20                             4585       22.075%             4585       22.075%
CORE_STREAM_LENGTH_30                              903        4.348%              903        4.348%
CORE_STREAM_LENGTH_40                              426        2.051%              426        2.051%
CORE_STREAM_LENGTH_50                              259        1.247%              259        1.247%
CORE_STREAM_LENGTH_60                              140        0.674%              140        0.674%
CORE_STREAM_LENGTH_70                              125        0.602%              125        0.602%
CORE_STREAM_LENGTH_80                               94        0.453%               94        0.453%
CORE_STREAM_LENGTH_90                               70        0.337%               70        0.337%
CORE_STREAM_LENGTH_100_P                           548        2.638%              548        2.638%
                                                 20770      100.000%            20770      100.000%
                                                  1.72         1.78              1.72         1.78

CORE_CUM_STREAM_LENGTH_0                         10524        1.048%            10524        1.048%
CORE_CUM_STREAM_LENGTH_10                       185206       18.438%           185206       18.438%
CORE_CUM_STREAM_LENGTH_20                       103954       10.349%           103954       10.349%
CORE_CUM_STREAM_LENGTH_30                        30133        3.000%            30133        3.000%
CORE_CUM_STREAM_LENGTH_40                        18694        1.861%            18694        1.861%
CORE_CUM_STREAM_LENGTH_50                        13915        1.385%            13915        1.385%
CORE_CUM_STREAM_LENGTH_60                         8996        0.896%             8996        0.896%
CORE_CUM_STREAM_LENGTH_70                         9278        0.924%             9278        0.924%
CORE_CUM_STREAM_LENGTH_80                         8051        0.801%             8051        0.801%
CORE_CUM_STREAM_LENGTH_90                         6576        0.655%             6576        0.655%
CORE_CUM_STREAM_LENGTH_100_P                    609176       60.645%           609176       60.645%
                                               1004503      100.000%          1004503      100.000%
                                                  6.93         6.68              6.93         6.68

CORE_STREAM_TRAIN_HITS_0                         17925       86.302%            17925       86.302%
CORE_STREAM_TRAIN_HITS_10                         1847        8.893%             1847        8.893%
CORE_STREAM_TRAIN_HITS_20                          411        1.979%              411        1.979%
CORE_STREAM_TRAIN_HITS_30                          150        0.722%              150        0.722%
CORE_STREAM_TRAIN_HITS_40                           72        0.347%               72        0.347%
CORE_STREAM_TRAIN_HITS_50                           41        0.197%               41        0.197%
CORE_STREAM_TRAIN_HITS_60                           36        0.173%               36        0.173%
CORE_STREAM_TRAIN_HITS_70                           34        0.164%               34        0.164%
CORE_STREAM_TRAIN_HITS_80                           21        0.101%               21        0.101%
CORE_STREAM_TRAIN_HITS_90                            7        0.034%                7        0.034%
CORE_STREAM_TRAIN_HITS_100_P                       226        1.088%              226        1.088%
                                                 20770      100.000%            20770      100.000%
                                                  0.32         1.21              0.32         1.21

CORE_CUM_STREAM_TRAIN_HITS_0                    106021       25.377%           106021       25.377%
CORE_CUM_STREAM_TRAIN_HITS_10                    23598        5.648%            23598        5.648%
CORE_CUM_STREAM_TRAIN_HITS_20                     9822        2.351%             9822        2.351%
CORE_CUM_STREAM_TRAIN_HITS_30                     5148        1.232%             5148        1.232%
CORE_CUM_STREAM_TRAIN_HITS_40                     3165        0.758%             3165        0.758%
CORE_CUM_STREAM_TRAIN_HITS_50                     2197        0.526%             2197        0.526%
CORE_CUM_STREAM_TRAIN_HITS_60                     2308        0.552%             2308        0.552%
CORE_CUM_STREAM_TRAIN_HITS_70                     2505        0.600%             2505        0.600%
CORE_CUM_STREAM_TRAIN_HITS_80                     1778        0.426%             1778        0.426%
CORE_CUM_STREAM_TRAIN_HITS_90                      674        0.161%              674        0.161%
CORE_CUM_STREAM_TRAIN_HITS_100_P                260564       62.369%           260564       62.369%
                                                417780      100.000%           417780      100.000%
                                                  6.56         6.06              6.56         6.06

CORE_STREAM_TRAIN_CREATE                        985737                         985737              



