/* -*- Mode: c -*- */
####################################################################################################
Core 0
####################################################################################################
Cumulative:        Cycles: 11901993              Instructions: 29999999              IPC: 2.52059

Periodic:          Cycles: 11901993              Instructions: 29999999              IPC: 2.52059

DCACHE_PREF_HIT                                      0                              0              

IFETCH_WB_FIRST_SCHEDULE                             0         -nan%                0         -nan%
PREFETCH_LAST_SCHEDULE                               0         -nan%                0         -nan%
DEMAND_PASS_PREF_SCHEDULE                            0         -nan%                0         -nan%
DEMAND_PASS_LOW_OP_SCHEDULE                          0         -nan%                0         -nan%
DEMAND_LAST_SCHEDULE                                 0         -nan%                0         -nan%
                                                     0         -nan%                0         -nan%
                                                  -nan         -nan              -nan         -nan

SEND_MISS_REQ_QUEUE                              33228                          33228              

L1_DATA_EVICT                                     3502                           3502              

STREAM_BUFFER_REQ                                    0                              0              

PREF_SEND_TO_MEM_REQ                                 0         -nan%                0         -nan%
PREF_SEND_TO_MEM_REQ_FAIL                            0         -nan%                0         -nan%
                                                     0         -nan%                0         -nan%
                                                  -nan         -nan              -nan         -nan

HIT_TRAIN_STREAM                                  4088       32.349%             4088       32.349%
MISS_TRAIN_STREAM                                 8549       67.651%             8549       67.651%
                                                 12637      100.000%            12637      100.000%
                                                  0.68         0.62              0.68         0.62

STREAM_TRAIN_CREATE                               4406                           4406              

MEM_REQ_MISS_HWP_PREF_Q                              0         -nan%                0         -nan%
MEM_REQ_MISS_SW_PREF_Q                               0         -nan%                0         -nan%
MEM_REQ_MISS_IFETCH_Q                                0         -nan%                0         -nan%
MEM_REQ_MISS_DFETCH_Q                                0         -nan%                0         -nan%
MEM_REQ_MISS_DSTORE_Q                                0         -nan%                0         -nan%
MEM_REQ_MISS_DPRF_Q                                  0         -nan%                0         -nan%
MEM_REQ_MISS_WB_Q                                    0         -nan%                0         -nan%
                                                     0         -nan%                0         -nan%
                                                  -nan         -nan              -nan         -nan

PREF_HIT_BY_DEMAND_IFETCH                            0         -nan%                0         -nan%
PREF_HIT_BY_DEMAND_DFETCH                            0         -nan%                0         -nan%
PREF_HIT_BY_DEMAND_DSTORE                            0         -nan%                0         -nan%
PREF_HIT_BY_DEMAND_IPREF                             0         -nan%                0         -nan%
PREF_HIT_BY_DEMAND_DPRF                              0         -nan%                0         -nan%
PREF_HIT_BY_DEMAND_WB                                0         -nan%                0         -nan%
PREF_HIT_BY_PREF                                     0         -nan%                0         -nan%
                                                     0         -nan%                0         -nan%
                                                  -nan         -nan              -nan         -nan

PREF_HIT_DEMAND_IFETCH                               0         -nan%                0         -nan%
PREF_HIT_DEMAND_DFETCH                               0         -nan%                0         -nan%
PREF_HIT_DEMAND_DSTORE                               0         -nan%                0         -nan%
PREF_HIT_DEMAND_IPREF                                0         -nan%                0         -nan%
PREF_HIT_DEMAND_DPRF                                 0         -nan%                0         -nan%
PREF_HIT_DEMAND_WB                                   0         -nan%                0         -nan%
                                                     0         -nan%                0         -nan%
                                                  -nan         -nan              -nan         -nan

PREF_L1_FILL                                         0         -nan%                0         -nan%
DEMAND_L1_FILL                                       0         -nan%                0         -nan%
                                                     0         -nan%                0         -nan%
                                                  -nan         -nan              -nan         -nan

TOUCH_L1_REPLACE                                     0        0.000%                0        0.000%
NO_TOUCH_L1_REPLACE                               3502      100.000%             3502      100.000%
                                                  3502      100.000%             3502      100.000%
                                                  1.00         1.00              1.00         1.00

PREF_REQ_QUE_FULL                                    0                              0              

STREAM_REQ_QUEUE_HIT_BY_DEMAND                       0                              0              

L2HIT_STREAM_PREF_REQ_QUE_FULL                       0                              0              

L2HIT_HIT_TRAIN_STREAM                               0         -nan%                0         -nan%
L2HIT_MISS_TRAIN_STREAM                              0         -nan%                0         -nan%
                                                     0         -nan%                0         -nan%
                                                  -nan         -nan              -nan         -nan

L2HIT_STREAM_TRAIN_CREATE                            0                              0              

L2HIT_STREAM_BUFFER_REQ                              0                              0              

L2HIT_STREAM_PREF_DCACHE_HIT                         0         -nan%                0         -nan%
L2HIT_STREAM_PREF_DCACHE_INSERT                      0         -nan%                0         -nan%
L2HIT_STREAM_L2_MISS                                 0         -nan%                0         -nan%
                                                     0         -nan%                0         -nan%
                                                  -nan         -nan              -nan         -nan

L2HIT_STREAM_DCACHE_PORT_FULL                        0                              0              

L2HIT_STREAM_PREF_L1_PORT_FULL                       0                              0              

L2HIT_TRAIN_HIT_DEMAND                               0         -nan%                0         -nan%
L2HIT_TRAIN_MISS_REQ                                 0         -nan%                0         -nan%
                                                     0         -nan%                0         -nan%
                                                  -nan         -nan              -nan         -nan

L2HIT_TRAIN_FILTER_MISS                              0         -nan%                0         -nan%
L2HIT_TRAIN_FILTER_HIT                               0         -nan%                0         -nan%
                                                     0         -nan%                0         -nan%
                                                  -nan         -nan              -nan         -nan

L2HIT_PREF_REQ_DCACHE_HIT                            0         -nan%                0         -nan%
L2HIT_PREF_REQ_DCACHE_MISS                           0         -nan%                0         -nan%
                                                     0         -nan%                0         -nan%
                                                  -nan         -nan              -nan         -nan

L2HIT_L2SEND_Q_FULL                                  0         -nan%                0         -nan%
L2HIT_L2SEND_Q_ENTER                                 0         -nan%                0         -nan%
                                                     0         -nan%                0         -nan%
                                                  -nan         -nan              -nan         -nan

L2HIT_MEM_REQ                                        0                              0              

REMOVE_REDUNDANT_STREAM_STAT                         0                              0              

REPLACE_OLD_STREAM                                4390                           4390              

REQ_SEND_QUEUE_STALL                                 0                              0              

STREAM_ENTER_RA                                      0                              0              

CORE_STREAM_LENGTH_0                               155       31.187%              155       31.187%
CORE_STREAM_LENGTH_10                              295       59.356%              295       59.356%
CORE_STREAM_LENGTH_20                               21        4.225%               21        4.225%
CORE_STREAM_LENGTH_30                               16        3.219%               16        3.219%
CORE_STREAM_LENGTH_40                                2        0.402%                2        0.402%
CORE_STREAM_LENGTH_50                                1        0.201%                1        0.201%
CORE_STREAM_LENGTH_60                                1        0.201%                1        0.201%
CORE_STREAM_LENGTH_70                                0        0.000%                0        0.000%
CORE_STREAM_LENGTH_80                                1        0.201%                1        0.201%
CORE_STREAM_LENGTH_90                                0        0.000%                0        0.000%
CORE_STREAM_LENGTH_100_P                             5        1.006%                5        1.006%
                                                   497      100.000%              497      100.000%
                                                  0.93         1.12              0.93         1.12

CORE_CUM_STREAM_LENGTH_0                          1093       11.414%             1093       11.414%
CORE_CUM_STREAM_LENGTH_10                         4112       42.941%             4112       42.941%
CORE_CUM_STREAM_LENGTH_20                          477        4.981%              477        4.981%
CORE_CUM_STREAM_LENGTH_30                          552        5.764%              552        5.764%
CORE_CUM_STREAM_LENGTH_40                           82        0.856%               82        0.856%
CORE_CUM_STREAM_LENGTH_50                           59        0.616%               59        0.616%
CORE_CUM_STREAM_LENGTH_60                           65        0.679%               65        0.679%
CORE_CUM_STREAM_LENGTH_70                            0        0.000%                0        0.000%
CORE_CUM_STREAM_LENGTH_80                           89        0.929%               89        0.929%
CORE_CUM_STREAM_LENGTH_90                            0        0.000%                0        0.000%
CORE_CUM_STREAM_LENGTH_100_P                      3047       31.819%             3047       31.819%
                                                  9576      100.000%             9576      100.000%
                                                  4.06         4.58              4.06         4.58

CORE_STREAM_TRAIN_HITS_0                           449       90.342%              449       90.342%
CORE_STREAM_TRAIN_HITS_10                           33        6.640%               33        6.640%
CORE_STREAM_TRAIN_HITS_20                            7        1.408%                7        1.408%
CORE_STREAM_TRAIN_HITS_30                            1        0.201%                1        0.201%
CORE_STREAM_TRAIN_HITS_40                            2        0.402%                2        0.402%
CORE_STREAM_TRAIN_HITS_50                            0        0.000%                0        0.000%
CORE_STREAM_TRAIN_HITS_60                            0        0.000%                0        0.000%
CORE_STREAM_TRAIN_HITS_70                            0        0.000%                0        0.000%
CORE_STREAM_TRAIN_HITS_80                            0        0.000%                0        0.000%
CORE_STREAM_TRAIN_HITS_90                            1        0.201%                1        0.201%
CORE_STREAM_TRAIN_HITS_100_P                         4        0.805%                4        0.805%
                                                   497      100.000%              497      100.000%
                                                  0.22         1.04              0.22         1.04

CORE_CUM_STREAM_TRAIN_HITS_0                      2447       40.273%             2447       40.273%
CORE_CUM_STREAM_TRAIN_HITS_10                      423        6.962%              423        6.962%
CORE_CUM_STREAM_TRAIN_HITS_20                      146        2.403%              146        2.403%
CORE_CUM_STREAM_TRAIN_HITS_30                       35        0.576%               35        0.576%
CORE_CUM_STREAM_TRAIN_HITS_40                       95        1.564%               95        1.564%
CORE_CUM_STREAM_TRAIN_HITS_50                        0        0.000%                0        0.000%
CORE_CUM_STREAM_TRAIN_HITS_60                        0        0.000%                0        0.000%
CORE_CUM_STREAM_TRAIN_HITS_70                        0        0.000%                0        0.000%
CORE_CUM_STREAM_TRAIN_HITS_80                        0        0.000%                0        0.000%
CORE_CUM_STREAM_TRAIN_HITS_90                       93        1.531%               93        1.531%
CORE_CUM_STREAM_TRAIN_HITS_100_P                  2837       46.692%             2837       46.692%
                                                  6076      100.000%             6076      100.000%
                                                  5.00         5.00              5.00         5.00

CORE_STREAM_TRAIN_CREATE                          4406                           4406              



