/* -*- Mode: c -*- */
####################################################################################################
Core 0
####################################################################################################
Cumulative:        Cycles: 13150601              Instructions: 39999999              IPC: 3.04169

Periodic:          Cycles: 13150601              Instructions: 39999999              IPC: 3.04169

MISS_WAIT_TIME                               181370021                      181370021              

ICACHE_STAGE_MISS                                  242                            242              

ICACHE_CYCLE                                  13150601                       13150601              

TCACHE_CYCLE                                         0                              0              

ICACHE_SERVING_CYCLE_ON_PATH                     93696                          93696              

ICACHE_SERVING_CYCLE_OFF_PATH                    12060                          12060              

UCACHE_SERVING_CYCLE_ON_PATH                  12983927                       12983927              

UCACHE_SERVING_CYCLE_OFF_PATH                    45994                          45994              

ICACHE_CYCLE_ONPATH                           13086513       99.513%         13086513       99.513%
ICACHE_CYCLE_OFFPATH                             64088        0.487%            64088        0.487%
                                              13150601      100.000%         13150601      100.000%
                                                  0.00         0.07              0.00         0.07

FETCH_ON_PATH                                 13089378       99.534%         13089378       99.534%
FETCH_OFF_PATH                                   61223        0.466%            61223        0.466%
                                              13150601      100.000%         13150601      100.000%
                                                  0.00         0.07              0.00         0.07

FETCHED_OPS_ON_PATH                                  0         -nan%                0         -nan%
FETCHED_OPS_OFF_PATH                                 0         -nan%                0         -nan%
                                                     0         -nan%                0         -nan%
                                                  -nan         -nan              -nan         -nan

INST_LOST_FETCH                               54240089       50.955%         54240089       50.955%
INST_LOST_OFF_PATH                              267468        0.251%           267468        0.251%
INST_LOST_FULL_WINDOW                          9845376        9.249%          9845376        9.249%
INST_LOST_ROB_STALL_OTHER                      1133272        1.065%          1133272        1.065%
INST_LOST_ROB_STALL_WAIT_FOR_RECOVERY                0        0.000%                0        0.000%
INST_LOST_ROB_STALL_WAIT_FOR_REDIRECT                0        0.000%                0        0.000%
INST_LOST_ROB_STALL_WAIT_FOR_GAP_FILL                0        0.000%                0        0.000%
INST_LOST_ROB_STALL_WAIT_FOR_L1_MISS                 0        0.000%                0        0.000%
INST_LOST_ROB_STALL_WAIT_FOR_MEMORY                  0        0.000%                0        0.000%
INST_LOST_ROB_STALL_WAIT_FOR_DC_MISS          34034736       31.973%         34034736       31.973%
INST_LOST_ROB_BLOCK_ISSUE_FULL                       0        0.000%                0        0.000%
INST_LOST_ROB_BLOCK_ISSUE_GAP_TOO_LARGE              0        0.000%                0        0.000%
INST_LOST_BREAK_DONT                                 0        0.000%                0        0.000%
INST_LOST_BREAK_FT_UNAVAILABLE                   28032        0.026%            28032        0.026%
INST_LOST_BREAK_ICACHE_STAGE_RESTEER              3359        0.003%             3359        0.003%
INST_LOST_BREAK_ICACHE_MISS_REQ_SUCCESS            780        0.001%              780        0.001%
INST_LOST_BREAK_ICACHE_MISS_REQ_FAILURE              0        0.000%                0        0.000%
INST_LOST_BREAK_ICACHE_WAIT_FOR_MISS             60708        0.057%            60708        0.057%
INST_LOST_BREAK_ICACHE_STALLED                     158        0.000%              158        0.000%
INST_LOST_BREAK_ICACHE_TO_UOP_CACHE_SWITCH         27450        0.026%            27450        0.026%
INST_LOST_BREAK_ICACHE_READ_LIMIT                 7410        0.007%             7410        0.007%
INST_LOST_BREAK_ICACHE_ISSUE_WIDTH                   0        0.000%                0        0.000%
INST_LOST_BREAK_UOP_CACHE_STALLED              1455454        1.367%          1455454        1.367%
INST_LOST_BREAK_UOP_CACHE_TO_ICACHE_SWITCH         49543        0.047%            49543        0.047%
INST_LOST_BREAK_UOP_CACHE_READ_LIMIT           5294235        4.974%          5294235        4.974%
INST_LOST_BREAK_UOP_CACHE_ISSUE_WIDTH                0        0.000%                0        0.000%
                                             106448070      100.000%        106448070      100.000%
                                                  4.62         5.47              4.62         5.47

INST_LOST_TOTAL                              105112888                      105112888              

INST_LOST_WAIT_FOR_ICACHE_MISS_NOT_PREFETCHED         22200       53.230%            22200       53.230%
INST_LOST_WAIT_FOR_ICACHE_MISS_PREFETCHED_AND_EVICTED_BY_IFETCH             0        0.000%                0        0.000%
INST_LOST_WAIT_FOR_ICACHE_MISS_PREFETCHED_AND_EVICTED_BY_FDIP             0        0.000%                0        0.000%
INST_LOST_WAIT_FOR_ICACHE_MISS_MSHR_HIT_PREF_OFFPATH            90        0.216%               90        0.216%
INST_LOST_WAIT_FOR_ICACHE_MISS_MSHR_HIT_PREF_ONPATH         19416       46.554%            19416       46.554%
                                                 41706      100.000%            41706      100.000%
                                                  1.87         1.93              1.87         1.93

FETCH_0_OPS                                      14871        0.113%            14871        0.113%
FETCH_1_OPS                                       7122        0.054%             7122        0.054%
FETCH_2_OPS                                     360179        2.739%           360179        2.739%
FETCH_3_OPS                                     272826        2.075%           272826        2.075%
FETCH_4_OPS                                      19437        0.148%            19437        0.148%
FETCH_5_OPS                                     625785        4.759%           625785        4.759%
FETCH_6_OPS                                     550338        4.185%           550338        4.185%
FETCH_7_OPS                                     269244        2.047%           269244        2.047%
FETCH_8_OPS                                   11030799       83.881%         11030799       83.881%
FETCH_9_OPS                                          0        0.000%                0        0.000%
FETCH_10_OPS                                         0        0.000%                0        0.000%
FETCH_11_OPS                                         0        0.000%                0        0.000%
FETCH_12_OPS                                         0        0.000%                0        0.000%
FETCH_13_OPS                                         0        0.000%                0        0.000%
FETCH_14_OPS                                         0        0.000%                0        0.000%
FETCH_15_OPS                                         0        0.000%                0        0.000%
FETCH_16_OPS                                         0        0.000%                0        0.000%
                                              13150601      100.000%         13150601      100.000%
                                                  7.47         1.38              7.47         1.38

ST_BREAK_DONT                                        0        0.000%                0        0.000%
ST_BREAK_FT_UNAVAILABLE                           4672        0.036%             4672        0.036%
ST_BREAK_ICACHE_STAGE_RESTEER                      792        0.006%              792        0.006%
ST_BREAK_ICACHE_MISS_REQ_SUCCESS                   242        0.002%              242        0.002%
ST_BREAK_ICACHE_MISS_REQ_FAILURE                     0        0.000%                0        0.000%
ST_BREAK_ICACHE_WAIT_FOR_MISS                    10118        0.077%            10118        0.077%
ST_BREAK_ICACHE_STALLED                           1058        0.008%             1058        0.008%
ST_BREAK_ICACHE_TO_UOP_CACHE_SWITCH               9921        0.075%             9921        0.075%
ST_BREAK_ICACHE_READ_LIMIT                        2234        0.017%             2234        0.017%
ST_BREAK_ICACHE_ISSUE_WIDTH                      16977        0.129%            16977        0.129%
ST_BREAK_UOP_CACHE_STALLED                     5640920       42.895%          5640920       42.895%
ST_BREAK_UOP_CACHE_TO_ICACHE_SWITCH               8277        0.063%             8277        0.063%
ST_BREAK_UOP_CACHE_READ_LIMIT                  1717521       13.060%          1717521       13.060%
ST_BREAK_UOP_CACHE_ISSUE_WIDTH                 5737869       43.632%          5737869       43.632%
                                              13150601      100.000%         13150601      100.000%
                                                 11.56         7.77             11.56         7.77

ORACLE_ON_PATH_INST                           54240089       99.509%         54240089       99.509%
ORACLE_OFF_PATH_INST                            267468        0.491%           267468        0.491%
                                              54507557      100.000%         54507557      100.000%
                                                  0.00         0.07              0.00         0.07

ORACLE_ON_PATH_INST_MEM                       19857577       36.431%         19857577       36.431%
ORACLE_ON_PATH_INST_NOTMEM                    34382512       63.078%         34382512       63.078%
ORACLE_OFF_PATH_INST_MEM                         70553        0.129%            70553        0.129%
ORACLE_OFF_PATH_INST_NOTMEM                     196915        0.361%           196915        0.361%
                                              54507557      100.000%         54507557      100.000%
                                                  0.64         0.32              0.64         0.32

ICACHE_CYCLE_NONRA_ONPATH                            0         -nan%                0         -nan%
ICACHE_CYCLE_NONRA_OFFPATH                           0         -nan%                0         -nan%
ICACHE_CYCLE_RA_ONPATH                               0         -nan%                0         -nan%
ICACHE_CYCLE_RA_OFFPATH                              0         -nan%                0         -nan%
                                                     0         -nan%                0         -nan%
                                                  -nan         -nan              -nan         -nan

ICACHE_CYCLE_ONPATH_NONRA                            0         -nan%                0         -nan%
ICACHE_CYCLE_OFFPATH_NONRA                           0         -nan%                0         -nan%
                                                     0         -nan%                0         -nan%
                                                  -nan         -nan              -nan         -nan

ICACHE_CYCLE_ONPATH_RA                               0         -nan%                0         -nan%
ICACHE_CYCLE_OFFPATH_RA                              0         -nan%                0         -nan%
                                                     0         -nan%                0         -nan%
                                                  -nan         -nan              -nan         -nan

INACCURATE_OFFPATH_CYCLES                            0        0.0000                0        0.0000

FETCH_ALL_INST                                54507557                       54507557              

EXEC_ALL_INST                                 54298109                       54298109              

RET_ALL_INST                                  54240089                       54240089              

EXEC_ON_PATH_INST                             54240089       99.893%         54240089       99.893%
EXEC_OFF_PATH_INST                               58020        0.107%            58020        0.107%
                                              54298109      100.000%         54298109      100.000%
                                                  0.00         0.03              0.00         0.03

EXEC_ON_PATH_INST_MEM                         19857577       36.571%         19857577       36.571%
EXEC_ON_PATH_INST_NOTMEM                      34382512       63.322%         34382512       63.322%
EXEC_OFF_PATH_INST_MEM                            9391        0.017%             9391        0.017%
EXEC_OFF_PATH_INST_NOTMEM                        48629        0.090%            48629        0.090%
                                              54298109      100.000%         54298109      100.000%
                                                  0.64         0.30              0.64         0.30

EXEC_RA_INST                                         0         -nan%                0         -nan%
EXEC_NONRA_INST                                      0         -nan%                0         -nan%
                                                     0         -nan%                0         -nan%
                                                  -nan         -nan              -nan         -nan

EXEC_ON_PATH_INST_RA                                 0         -nan%                0         -nan%
EXEC_OFF_PATH_INST_RA                                0         -nan%                0         -nan%
                                                     0         -nan%                0         -nan%
                                                  -nan         -nan              -nan         -nan

EXEC_ON_PATH_INST_NONRA                              0         -nan%                0         -nan%
EXEC_OFF_PATH_INST_NONRA                             0         -nan%                0         -nan%
                                                     0         -nan%                0         -nan%
                                                  -nan         -nan              -nan         -nan

EXEC_RA_ON_PATH_INST                                 0         -nan%                0         -nan%
EXEC_RA_OFF_PATH_INST                                0         -nan%                0         -nan%
EXEC_NONRA_ON_PATH_INST                              0         -nan%                0         -nan%
EXEC_NONRA_OFF_PATH_INST                             0         -nan%                0         -nan%
                                                     0         -nan%                0         -nan%
                                                  -nan         -nan              -nan         -nan

ICACHE_THROTTLE_CYCLE                                0                              0              

FETCH_ENABLE_THROTTLE_OFF_PATH                       0         -nan%                0         -nan%
FETCH_ENABLE_THROTTLE_ON_PATH                        0         -nan%                0         -nan%
                                                     0         -nan%                0         -nan%
                                                  -nan         -nan              -nan         -nan

FETCH_DISABLE_THROTTLE_OFF_PATH                      0         -nan%                0         -nan%
FETCH_DISABLE_THROTTLE_ON_PATH                       0         -nan%                0         -nan%
                                                     0         -nan%                0         -nan%
                                                  -nan         -nan              -nan         -nan

FETCH_TH_ADJUST__0                                   0         -nan%                0         -nan%
FETCH_TH_ADJUST__1                                   0         -nan%                0         -nan%
FETCH_TH_ADJUST__2                                   0         -nan%                0         -nan%
FETCH_TH_ADJUST__3                                   0         -nan%                0         -nan%
FETCH_TH_ADJUST__4                                   0         -nan%                0         -nan%
FETCH_TH_ADJUST__5                                   0         -nan%                0         -nan%
FETCH_TH_ADJUST__6                                   0         -nan%                0         -nan%
FETCH_TH_ADJUST__7                                   0         -nan%                0         -nan%
FETCH_TH_ADJUST__8                                   0         -nan%                0         -nan%
FETCH_TH_ADJUST__9                                   0         -nan%                0         -nan%
FETCH_TH_ADJUST__MAX                                 0         -nan%                0         -nan%
                                                     0         -nan%                0         -nan%
                                                  -nan         -nan              -nan         -nan

FETCH_TH_ADJUST_UP                                   0         -nan%                0         -nan%
FETCH_TH_ADJUST_DOWN                                 0         -nan%                0         -nan%
FETCH_TH_ADJUST_SAME                                 0         -nan%                0         -nan%
                                                     0         -nan%                0         -nan%
                                                  -nan         -nan              -nan         -nan

THROTTLE_ADJUST_CACHE_MISS_INFO                      0                              0              

LOW_CONF_COUNT_BP_MIS_0                              0         -nan%                0         -nan%
LOW_CONF_COUNT_BP_MIS_1                              0         -nan%                0         -nan%
LOW_CONF_COUNT_BP_MIS_2                              0         -nan%                0         -nan%
LOW_CONF_COUNT_BP_MIS_3                              0         -nan%                0         -nan%
LOW_CONF_COUNT_BP_MIS_4                              0         -nan%                0         -nan%
LOW_CONF_COUNT_BP_MIS_5                              0         -nan%                0         -nan%
LOW_CONF_COUNT_BP_MIS_6                              0         -nan%                0         -nan%
LOW_CONF_COUNT_BP_MIS_7                              0         -nan%                0         -nan%
LOW_CONF_COUNT_BP_MIS_8                              0         -nan%                0         -nan%
LOW_CONF_COUNT_BP_MIS_9                              0         -nan%                0         -nan%
LOW_CONF_COUNT_BP_MIS_10                             0         -nan%                0         -nan%
LOW_CONF_COUNT_BP_MIS_11                             0         -nan%                0         -nan%
LOW_CONF_COUNT_BP_MIS_12                             0         -nan%                0         -nan%
LOW_CONF_COUNT_BP_MIS_13                             0         -nan%                0         -nan%
LOW_CONF_COUNT_BP_MIS_14                             0         -nan%                0         -nan%
LOW_CONF_COUNT_BP_MIS_15                             0         -nan%                0         -nan%
LOW_CONF_COUNT_BP_MIS_16                             0         -nan%                0         -nan%
LOW_CONF_COUNT_BP_MIS_17                             0         -nan%                0         -nan%
LOW_CONF_COUNT_BP_MIS_18                             0         -nan%                0         -nan%
LOW_CONF_COUNT_BP_MIS_19                             0         -nan%                0         -nan%
LOW_CONF_COUNT_BP_MIS_20                             0         -nan%                0         -nan%
                                                     0         -nan%                0         -nan%
                                                  -nan         -nan              -nan         -nan

LOW_CONF_COUNT_RET_0                                 0         -nan%                0         -nan%
LOW_CONF_COUNT_RET_1                                 0         -nan%                0         -nan%
LOW_CONF_COUNT_RET_2                                 0         -nan%                0         -nan%
LOW_CONF_COUNT_RET_3                                 0         -nan%                0         -nan%
LOW_CONF_COUNT_RET_4                                 0         -nan%                0         -nan%
LOW_CONF_COUNT_RET_5                                 0         -nan%                0         -nan%
LOW_CONF_COUNT_RET_6                                 0         -nan%                0         -nan%
LOW_CONF_COUNT_RET_7                                 0         -nan%                0         -nan%
LOW_CONF_COUNT_RET_8                                 0         -nan%                0         -nan%
LOW_CONF_COUNT_RET_9                                 0         -nan%                0         -nan%
LOW_CONF_COUNT_RET_10                                0         -nan%                0         -nan%
LOW_CONF_COUNT_RET_11                                0         -nan%                0         -nan%
LOW_CONF_COUNT_RET_12                                0         -nan%                0         -nan%
LOW_CONF_COUNT_RET_13                                0         -nan%                0         -nan%
LOW_CONF_COUNT_RET_14                                0         -nan%                0         -nan%
LOW_CONF_COUNT_RET_15                                0         -nan%                0         -nan%
LOW_CONF_COUNT_RET_16                                0         -nan%                0         -nan%
LOW_CONF_COUNT_RET_17                                0         -nan%                0         -nan%
LOW_CONF_COUNT_RET_18                                0         -nan%                0         -nan%
LOW_CONF_COUNT_RET_19                                0         -nan%                0         -nan%
LOW_CONF_COUNT_RET_20                                0         -nan%                0         -nan%
                                                     0         -nan%                0         -nan%
                                                  -nan         -nan              -nan         -nan

CYCLES_RESTEER_RECOVER_AT_EXEC                       0         -nan%                0         -nan%
CYCLES_RESTEER_RECOVER_AT_DECODE                     0         -nan%                0         -nan%
CYCLES_RESTEER_BTB_MISS                              0         -nan%                0         -nan%
                                                     0         -nan%                0         -nan%
                                                  -nan         -nan              -nan         -nan

CYCLES_RESTEER_RECOVER_AT_EXEC_SAVED_UC_FETCH             0         -nan%                0         -nan%
CYCLES_RESTEER_RECOVER_AT_EXEC_COULD_BE_SAVED_UC_FETCH             0         -nan%                0         -nan%
CYCLES_RESTEER_RECOVER_AT_DECODE_SAVED_UC_FETCH             0         -nan%                0         -nan%
CYCLES_RESTEER_RECOVER_AT_DECODE_COULD_BE_SAVED_UC_FETCH             0         -nan%                0         -nan%
CYCLES_RESTEER_BTB_MISS_SAVED_UC_FETCH               0         -nan%                0         -nan%
CYCLES_RESTEER_BTB_MISS_COULD_BE_SAVED_UC_FETCH             0         -nan%                0         -nan%
                                                     0         -nan%                0         -nan%
                                                  -nan         -nan              -nan         -nan

CYCLES_UOC_IC_SWITCH                                 0                              0              



