/* -*- Mode: c -*- */
####################################################################################################
Core 0
####################################################################################################
Cumulative:        Cycles: 7465787               Instructions: 29999999              IPC: 4.01833

Periodic:          Cycles: 7465787               Instructions: 29999999              IPC: 4.01833

MISS_WAIT_TIME                                94227039                       94227039              

ICACHE_STAGE_MISS                                  870                            870              

ICACHE_CYCLE                                   7465787                        7465787              

TCACHE_CYCLE                                         0                              0              

ICACHE_SERVING_CYCLE_ON_PATH                     15867                          15867              

ICACHE_SERVING_CYCLE_OFF_PATH                    31218                          31218              

UCACHE_SERVING_CYCLE_ON_PATH                   6804711                        6804711              

UCACHE_SERVING_CYCLE_OFF_PATH                   434587                         434587              

ICACHE_CYCLE_ONPATH                            6933950       92.876%          6933950       92.876%
ICACHE_CYCLE_OFFPATH                            531837        7.124%           531837        7.124%
                                               7465787      100.000%          7465787      100.000%
                                                  0.07         0.25              0.07         0.25

FETCH_ON_PATH                                  6989591       93.622%          6989591       93.622%
FETCH_OFF_PATH                                  476196        6.378%           476196        6.378%
                                               7465787      100.000%          7465787      100.000%
                                                  0.06         0.24              0.06         0.24

FETCHED_OPS_ON_PATH                                  0         -nan%                0         -nan%
FETCHED_OPS_OFF_PATH                                 0         -nan%                0         -nan%
                                                     0         -nan%                0         -nan%
                                                  -nan         -nan              -nan         -nan

INST_LOST_FETCH                               36656183       62.069%         36656183       62.069%
INST_LOST_OFF_PATH                             2352115        3.983%          2352115        3.983%
INST_LOST_FULL_WINDOW                          4824796        8.170%          4824796        8.170%
INST_LOST_ROB_STALL_OTHER                      8144408       13.791%          8144408       13.791%
INST_LOST_ROB_STALL_WAIT_FOR_RECOVERY                0        0.000%                0        0.000%
INST_LOST_ROB_STALL_WAIT_FOR_REDIRECT                0        0.000%                0        0.000%
INST_LOST_ROB_STALL_WAIT_FOR_GAP_FILL                0        0.000%                0        0.000%
INST_LOST_ROB_STALL_WAIT_FOR_L1_MISS                 0        0.000%                0        0.000%
INST_LOST_ROB_STALL_WAIT_FOR_MEMORY               1860        0.003%             1860        0.003%
INST_LOST_ROB_STALL_WAIT_FOR_DC_MISS             59508        0.101%            59508        0.101%
INST_LOST_ROB_BLOCK_ISSUE_FULL                       0        0.000%                0        0.000%
INST_LOST_ROB_BLOCK_ISSUE_GAP_TOO_LARGE              0        0.000%                0        0.000%
INST_LOST_BREAK_DONT                                 0        0.000%                0        0.000%
INST_LOST_BREAK_FT_UNAVAILABLE                  710737        1.203%           710737        1.203%
INST_LOST_BREAK_ICACHE_STAGE_RESTEER             32609        0.055%            32609        0.055%
INST_LOST_BREAK_ICACHE_MISS_REQ_SUCCESS           3689        0.006%             3689        0.006%
INST_LOST_BREAK_ICACHE_MISS_REQ_FAILURE            219        0.000%              219        0.000%
INST_LOST_BREAK_ICACHE_WAIT_FOR_MISS            322248        0.546%           322248        0.546%
INST_LOST_BREAK_ICACHE_STALLED                   24885        0.042%            24885        0.042%
INST_LOST_BREAK_ICACHE_TO_UOP_CACHE_SWITCH          8576        0.015%             8576        0.015%
INST_LOST_BREAK_ICACHE_READ_LIMIT                11837        0.020%            11837        0.020%
INST_LOST_BREAK_ICACHE_ISSUE_WIDTH                   0        0.000%                0        0.000%
INST_LOST_BREAK_UOP_CACHE_STALLED               725347        1.228%           725347        1.228%
INST_LOST_BREAK_UOP_CACHE_TO_ICACHE_SWITCH         14183        0.024%            14183        0.024%
INST_LOST_BREAK_UOP_CACHE_READ_LIMIT           5163779        8.744%          5163779        8.744%
INST_LOST_BREAK_UOP_CACHE_ISSUE_WIDTH                0        0.000%                0        0.000%
                                              59056979      100.000%         59056979      100.000%
                                                  3.27         6.69              3.27         6.69

INST_LOST_TOTAL                               59288910                       59288910              

INST_LOST_WAIT_FOR_ICACHE_MISS_NOT_PREFETCHED         71208       25.930%            71208       25.930%
INST_LOST_WAIT_FOR_ICACHE_MISS_PREFETCHED_AND_EVICTED_BY_IFETCH             0        0.000%                0        0.000%
INST_LOST_WAIT_FOR_ICACHE_MISS_PREFETCHED_AND_EVICTED_BY_FDIP             0        0.000%                0        0.000%
INST_LOST_WAIT_FOR_ICACHE_MISS_MSHR_HIT_PREF_OFFPATH          3564        1.298%             3564        1.298%
INST_LOST_WAIT_FOR_ICACHE_MISS_MSHR_HIT_PREF_ONPATH        199848       72.773%           199848       72.773%
                                                274620      100.000%           274620      100.000%
                                                  2.95         2.67              2.95         2.67

FETCH_0_OPS                                     174561        2.338%           174561        2.338%
FETCH_1_OPS                                      61440        0.823%            61440        0.823%
FETCH_2_OPS                                      69356        0.929%            69356        0.929%
FETCH_3_OPS                                     339744        4.551%           339744        4.551%
FETCH_4_OPS                                     234981        3.147%           234981        3.147%
FETCH_5_OPS                                     360196        4.825%           360196        4.825%
FETCH_6_OPS                                     318739        4.269%           318739        4.269%
FETCH_7_OPS                                     856081       11.467%           856081       11.467%
FETCH_8_OPS                                    5050689       67.651%          5050689       67.651%
FETCH_9_OPS                                          0        0.000%                0        0.000%
FETCH_10_OPS                                         0        0.000%                0        0.000%
FETCH_11_OPS                                         0        0.000%                0        0.000%
FETCH_12_OPS                                         0        0.000%                0        0.000%
FETCH_13_OPS                                         0        0.000%                0        0.000%
FETCH_14_OPS                                         0        0.000%                0        0.000%
FETCH_15_OPS                                         0        0.000%                0        0.000%
FETCH_16_OPS                                         0        0.000%                0        0.000%
                                               7465787      100.000%          7465787      100.000%
                                                  7.00         1.57              7.00         1.57

ST_BREAK_DONT                                        0        0.000%                0        0.000%
ST_BREAK_FT_UNAVAILABLE                         121159        1.623%           121159        1.623%
ST_BREAK_ICACHE_STAGE_RESTEER                     5853        0.078%             5853        0.078%
ST_BREAK_ICACHE_MISS_REQ_SUCCESS                   870        0.012%              870        0.012%
ST_BREAK_ICACHE_MISS_REQ_FAILURE                    37        0.000%               37        0.000%
ST_BREAK_ICACHE_WAIT_FOR_MISS                    53714        0.719%            53714        0.719%
ST_BREAK_ICACHE_STALLED                           7883        0.106%             7883        0.106%
ST_BREAK_ICACHE_TO_UOP_CACHE_SWITCH               2732        0.037%             2732        0.037%
ST_BREAK_ICACHE_READ_LIMIT                        5002        0.067%             5002        0.067%
ST_BREAK_ICACHE_ISSUE_WIDTH                      32054        0.429%            32054        0.429%
ST_BREAK_UOP_CACHE_STALLED                     1742494       23.340%          1742494       23.340%
ST_BREAK_UOP_CACHE_TO_ICACHE_SWITCH               2833        0.038%             2833        0.038%
ST_BREAK_UOP_CACHE_READ_LIMIT                  1820614       24.386%          1820614       24.386%
ST_BREAK_UOP_CACHE_ISSUE_WIDTH                 3670542       49.165%          3670542       49.165%
                                               7465787      100.000%          7465787      100.000%
                                                 11.76         8.48             11.76         8.48

ORACLE_ON_PATH_INST                           36656183       93.970%         36656183       93.970%
ORACLE_OFF_PATH_INST                           2352115        6.030%          2352115        6.030%
                                              39008298      100.000%         39008298      100.000%
                                                  0.06         0.23              0.06         0.23

ORACLE_ON_PATH_INST_MEM                       12465983       31.957%         12465983       31.957%
ORACLE_ON_PATH_INST_NOTMEM                    24190200       62.013%         24190200       62.013%
ORACLE_OFF_PATH_INST_MEM                        612406        1.570%           612406        1.570%
ORACLE_OFF_PATH_INST_NOTMEM                    1739709        4.460%          1739709        4.460%
                                              39008298      100.000%         39008298      100.000%
                                                  0.79         0.55              0.79         0.55

ICACHE_CYCLE_NONRA_ONPATH                            0         -nan%                0         -nan%
ICACHE_CYCLE_NONRA_OFFPATH                           0         -nan%                0         -nan%
ICACHE_CYCLE_RA_ONPATH                               0         -nan%                0         -nan%
ICACHE_CYCLE_RA_OFFPATH                              0         -nan%                0         -nan%
                                                     0         -nan%                0         -nan%
                                                  -nan         -nan              -nan         -nan

ICACHE_CYCLE_ONPATH_NONRA                            0         -nan%                0         -nan%
ICACHE_CYCLE_OFFPATH_NONRA                           0         -nan%                0         -nan%
                                                     0         -nan%                0         -nan%
                                                  -nan         -nan              -nan         -nan

ICACHE_CYCLE_ONPATH_RA                               0         -nan%                0         -nan%
ICACHE_CYCLE_OFFPATH_RA                              0         -nan%                0         -nan%
                                                     0         -nan%                0         -nan%
                                                  -nan         -nan              -nan         -nan

INACCURATE_OFFPATH_CYCLES                            0        0.0000                0        0.0000

FETCH_ALL_INST                                39008298                       39008298              

EXEC_ALL_INST                                 36980698                       36980698              

RET_ALL_INST                                  36656183                       36656183              

EXEC_ON_PATH_INST                             36656183       99.122%         36656183       99.122%
EXEC_OFF_PATH_INST                              324515        0.878%           324515        0.878%
                                              36980698      100.000%         36980698      100.000%
                                                  0.01         0.09              0.01         0.09

EXEC_ON_PATH_INST_MEM                         12465983       33.709%         12465983       33.709%
EXEC_ON_PATH_INST_NOTMEM                      24190200       65.413%         24190200       65.413%
EXEC_OFF_PATH_INST_MEM                           95139        0.257%            95139        0.257%
EXEC_OFF_PATH_INST_NOTMEM                       229376        0.620%           229376        0.620%
                                              36980698      100.000%         36980698      100.000%
                                                  0.68         0.33              0.68         0.33

EXEC_RA_INST                                         0         -nan%                0         -nan%
EXEC_NONRA_INST                                      0         -nan%                0         -nan%
                                                     0         -nan%                0         -nan%
                                                  -nan         -nan              -nan         -nan

EXEC_ON_PATH_INST_RA                                 0         -nan%                0         -nan%
EXEC_OFF_PATH_INST_RA                                0         -nan%                0         -nan%
                                                     0         -nan%                0         -nan%
                                                  -nan         -nan              -nan         -nan

EXEC_ON_PATH_INST_NONRA                              0         -nan%                0         -nan%
EXEC_OFF_PATH_INST_NONRA                             0         -nan%                0         -nan%
                                                     0         -nan%                0         -nan%
                                                  -nan         -nan              -nan         -nan

EXEC_RA_ON_PATH_INST                                 0         -nan%                0         -nan%
EXEC_RA_OFF_PATH_INST                                0         -nan%                0         -nan%
EXEC_NONRA_ON_PATH_INST                              0         -nan%                0         -nan%
EXEC_NONRA_OFF_PATH_INST                             0         -nan%                0         -nan%
                                                     0         -nan%                0         -nan%
                                                  -nan         -nan              -nan         -nan

ICACHE_THROTTLE_CYCLE                                0                              0              

FETCH_ENABLE_THROTTLE_OFF_PATH                       0         -nan%                0         -nan%
FETCH_ENABLE_THROTTLE_ON_PATH                        0         -nan%                0         -nan%
                                                     0         -nan%                0         -nan%
                                                  -nan         -nan              -nan         -nan

FETCH_DISABLE_THROTTLE_OFF_PATH                      0         -nan%                0         -nan%
FETCH_DISABLE_THROTTLE_ON_PATH                       0         -nan%                0         -nan%
                                                     0         -nan%                0         -nan%
                                                  -nan         -nan              -nan         -nan

FETCH_TH_ADJUST__0                                   0         -nan%                0         -nan%
FETCH_TH_ADJUST__1                                   0         -nan%                0         -nan%
FETCH_TH_ADJUST__2                                   0         -nan%                0         -nan%
FETCH_TH_ADJUST__3                                   0         -nan%                0         -nan%
FETCH_TH_ADJUST__4                                   0         -nan%                0         -nan%
FETCH_TH_ADJUST__5                                   0         -nan%                0         -nan%
FETCH_TH_ADJUST__6                                   0         -nan%                0         -nan%
FETCH_TH_ADJUST__7                                   0         -nan%                0         -nan%
FETCH_TH_ADJUST__8                                   0         -nan%                0         -nan%
FETCH_TH_ADJUST__9                                   0         -nan%                0         -nan%
FETCH_TH_ADJUST__MAX                                 0         -nan%                0         -nan%
                                                     0         -nan%                0         -nan%
                                                  -nan         -nan              -nan         -nan

FETCH_TH_ADJUST_UP                                   0         -nan%                0         -nan%
FETCH_TH_ADJUST_DOWN                                 0         -nan%                0         -nan%
FETCH_TH_ADJUST_SAME                                 0         -nan%                0         -nan%
                                                     0         -nan%                0         -nan%
                                                  -nan         -nan              -nan         -nan

THROTTLE_ADJUST_CACHE_MISS_INFO                      0                              0              

LOW_CONF_COUNT_BP_MIS_0                              0         -nan%                0         -nan%
LOW_CONF_COUNT_BP_MIS_1                              0         -nan%                0         -nan%
LOW_CONF_COUNT_BP_MIS_2                              0         -nan%                0         -nan%
LOW_CONF_COUNT_BP_MIS_3                              0         -nan%                0         -nan%
LOW_CONF_COUNT_BP_MIS_4                              0         -nan%                0         -nan%
LOW_CONF_COUNT_BP_MIS_5                              0         -nan%                0         -nan%
LOW_CONF_COUNT_BP_MIS_6                              0         -nan%                0         -nan%
LOW_CONF_COUNT_BP_MIS_7                              0         -nan%                0         -nan%
LOW_CONF_COUNT_BP_MIS_8                              0         -nan%                0         -nan%
LOW_CONF_COUNT_BP_MIS_9                              0         -nan%                0         -nan%
LOW_CONF_COUNT_BP_MIS_10                             0         -nan%                0         -nan%
LOW_CONF_COUNT_BP_MIS_11                             0         -nan%                0         -nan%
LOW_CONF_COUNT_BP_MIS_12                             0         -nan%                0         -nan%
LOW_CONF_COUNT_BP_MIS_13                             0         -nan%                0         -nan%
LOW_CONF_COUNT_BP_MIS_14                             0         -nan%                0         -nan%
LOW_CONF_COUNT_BP_MIS_15                             0         -nan%                0         -nan%
LOW_CONF_COUNT_BP_MIS_16                             0         -nan%                0         -nan%
LOW_CONF_COUNT_BP_MIS_17                             0         -nan%                0         -nan%
LOW_CONF_COUNT_BP_MIS_18                             0         -nan%                0         -nan%
LOW_CONF_COUNT_BP_MIS_19                             0         -nan%                0         -nan%
LOW_CONF_COUNT_BP_MIS_20                             0         -nan%                0         -nan%
                                                     0         -nan%                0         -nan%
                                                  -nan         -nan              -nan         -nan

LOW_CONF_COUNT_RET_0                                 0         -nan%                0         -nan%
LOW_CONF_COUNT_RET_1                                 0         -nan%                0         -nan%
LOW_CONF_COUNT_RET_2                                 0         -nan%                0         -nan%
LOW_CONF_COUNT_RET_3                                 0         -nan%                0         -nan%
LOW_CONF_COUNT_RET_4                                 0         -nan%                0         -nan%
LOW_CONF_COUNT_RET_5                                 0         -nan%                0         -nan%
LOW_CONF_COUNT_RET_6                                 0         -nan%                0         -nan%
LOW_CONF_COUNT_RET_7                                 0         -nan%                0         -nan%
LOW_CONF_COUNT_RET_8                                 0         -nan%                0         -nan%
LOW_CONF_COUNT_RET_9                                 0         -nan%                0         -nan%
LOW_CONF_COUNT_RET_10                                0         -nan%                0         -nan%
LOW_CONF_COUNT_RET_11                                0         -nan%                0         -nan%
LOW_CONF_COUNT_RET_12                                0         -nan%                0         -nan%
LOW_CONF_COUNT_RET_13                                0         -nan%                0         -nan%
LOW_CONF_COUNT_RET_14                                0         -nan%                0         -nan%
LOW_CONF_COUNT_RET_15                                0         -nan%                0         -nan%
LOW_CONF_COUNT_RET_16                                0         -nan%                0         -nan%
LOW_CONF_COUNT_RET_17                                0         -nan%                0         -nan%
LOW_CONF_COUNT_RET_18                                0         -nan%                0         -nan%
LOW_CONF_COUNT_RET_19                                0         -nan%                0         -nan%
LOW_CONF_COUNT_RET_20                                0         -nan%                0         -nan%
                                                     0         -nan%                0         -nan%
                                                  -nan         -nan              -nan         -nan

CYCLES_RESTEER_RECOVER_AT_EXEC                       0         -nan%                0         -nan%
CYCLES_RESTEER_RECOVER_AT_DECODE                     0         -nan%                0         -nan%
CYCLES_RESTEER_BTB_MISS                              0         -nan%                0         -nan%
                                                     0         -nan%                0         -nan%
                                                  -nan         -nan              -nan         -nan

CYCLES_RESTEER_RECOVER_AT_EXEC_SAVED_UC_FETCH             0         -nan%                0         -nan%
CYCLES_RESTEER_RECOVER_AT_EXEC_COULD_BE_SAVED_UC_FETCH             0         -nan%                0         -nan%
CYCLES_RESTEER_RECOVER_AT_DECODE_SAVED_UC_FETCH             0         -nan%                0         -nan%
CYCLES_RESTEER_RECOVER_AT_DECODE_COULD_BE_SAVED_UC_FETCH             0         -nan%                0         -nan%
CYCLES_RESTEER_BTB_MISS_SAVED_UC_FETCH               0         -nan%                0         -nan%
CYCLES_RESTEER_BTB_MISS_COULD_BE_SAVED_UC_FETCH             0         -nan%                0         -nan%
                                                     0         -nan%                0         -nan%
                                                  -nan         -nan              -nan         -nan

CYCLES_UOC_IC_SWITCH                                 0                              0              



