/* -*- Mode: c -*- */
####################################################################################################
Core 0
####################################################################################################
Cumulative:        Cycles: 12811889              Instructions: 59999999              IPC: 4.68315

Periodic:          Cycles: 12811889              Instructions: 59999999              IPC: 4.68315

MISS_WAIT_TIME                                12820067                       12820067              

ICACHE_STAGE_MISS                                  166                            166              

ICACHE_CYCLE                                  12811889                       12811889              

TCACHE_CYCLE                                         0                              0              

ICACHE_SERVING_CYCLE_ON_PATH                   1725162                        1725162              

ICACHE_SERVING_CYCLE_OFF_PATH                    21182                          21182              

UCACHE_SERVING_CYCLE_ON_PATH                  10433438                       10433438              

UCACHE_SERVING_CYCLE_OFF_PATH                   163780                         163780              

ICACHE_CYCLE_ONPATH                           12613174       98.449%         12613174       98.449%
ICACHE_CYCLE_OFFPATH                            198715        1.551%           198715        1.551%
                                              12811889      100.000%         12811889      100.000%
                                                  0.02         0.12              0.02         0.12

FETCH_ON_PATH                                 12624462       98.537%         12624462       98.537%
FETCH_OFF_PATH                                  187427        1.463%           187427        1.463%
                                              12811889      100.000%         12811889      100.000%
                                                  0.01         0.12              0.01         0.12

FETCHED_OPS_ON_PATH                                  0         -nan%                0         -nan%
FETCHED_OPS_OFF_PATH                                 0         -nan%                0         -nan%
                                                     0         -nan%                0         -nan%
                                                  -nan         -nan              -nan         -nan

INST_LOST_FETCH                               68401750       69.724%         68401750       69.724%
INST_LOST_OFF_PATH                             1220621        1.244%          1220621        1.244%
INST_LOST_FULL_WINDOW                            54556        0.056%            54556        0.056%
INST_LOST_ROB_STALL_OTHER                        58584        0.060%            58584        0.060%
INST_LOST_ROB_STALL_WAIT_FOR_RECOVERY                0        0.000%                0        0.000%
INST_LOST_ROB_STALL_WAIT_FOR_REDIRECT                0        0.000%                0        0.000%
INST_LOST_ROB_STALL_WAIT_FOR_GAP_FILL                0        0.000%                0        0.000%
INST_LOST_ROB_STALL_WAIT_FOR_L1_MISS                 0        0.000%                0        0.000%
INST_LOST_ROB_STALL_WAIT_FOR_MEMORY                  0        0.000%                0        0.000%
INST_LOST_ROB_STALL_WAIT_FOR_DC_MISS            608000        0.620%           608000        0.620%
INST_LOST_ROB_BLOCK_ISSUE_FULL                       0        0.000%                0        0.000%
INST_LOST_ROB_BLOCK_ISSUE_GAP_TOO_LARGE              0        0.000%                0        0.000%
INST_LOST_BREAK_DONT                                 0        0.000%                0        0.000%
INST_LOST_BREAK_FT_UNAVAILABLE                 2730866        2.784%          2730866        2.784%
INST_LOST_BREAK_ICACHE_STAGE_RESTEER              6160        0.006%             6160        0.006%
INST_LOST_BREAK_ICACHE_MISS_REQ_SUCCESS            617        0.001%              617        0.001%
INST_LOST_BREAK_ICACHE_MISS_REQ_FAILURE              0        0.000%                0        0.000%
INST_LOST_BREAK_ICACHE_WAIT_FOR_MISS             50046        0.051%            50046        0.051%
INST_LOST_BREAK_ICACHE_STALLED                   29432        0.030%            29432        0.030%
INST_LOST_BREAK_ICACHE_TO_UOP_CACHE_SWITCH       2009072        2.048%          2009072        2.048%
INST_LOST_BREAK_ICACHE_READ_LIMIT               756243        0.771%           756243        0.771%
INST_LOST_BREAK_ICACHE_ISSUE_WIDTH                   0        0.000%                0        0.000%
INST_LOST_BREAK_UOP_CACHE_STALLED                13907        0.014%            13907        0.014%
INST_LOST_BREAK_UOP_CACHE_TO_ICACHE_SWITCH       2521199        2.570%          2521199        2.570%
INST_LOST_BREAK_UOP_CACHE_READ_LIMIT          19642820       20.022%         19642820       20.022%
INST_LOST_BREAK_UOP_CACHE_ISSUE_WIDTH                0        0.000%                0        0.000%
                                              98103873      100.000%         98103873      100.000%
                                                  6.39         8.70              6.39         8.70

INST_LOST_TOTAL                               98072174                       98072174              

INST_LOST_WAIT_FOR_ICACHE_MISS_NOT_PREFETCHED         11394       30.763%            11394       30.763%
INST_LOST_WAIT_FOR_ICACHE_MISS_PREFETCHED_AND_EVICTED_BY_IFETCH             0        0.000%                0        0.000%
INST_LOST_WAIT_FOR_ICACHE_MISS_PREFETCHED_AND_EVICTED_BY_FDIP             0        0.000%                0        0.000%
INST_LOST_WAIT_FOR_ICACHE_MISS_MSHR_HIT_PREF_OFFPATH            84        0.227%               84        0.227%
INST_LOST_WAIT_FOR_ICACHE_MISS_MSHR_HIT_PREF_ONPATH         25560       69.010%            25560       69.010%
                                                 37038      100.000%            37038      100.000%
                                                  2.77         2.52              2.77         2.52

FETCH_0_OPS                                     468291        3.655%           468291        3.655%
FETCH_1_OPS                                     988900        7.719%           988900        7.719%
FETCH_2_OPS                                    1199958        9.366%          1199958        9.366%
FETCH_3_OPS                                     833037        6.502%           833037        6.502%
FETCH_4_OPS                                    1276744        9.965%          1276744        9.965%
FETCH_5_OPS                                     661134        5.160%           661134        5.160%
FETCH_6_OPS                                    1314002       10.256%          1314002       10.256%
FETCH_7_OPS                                     431357        3.367%           431357        3.367%
FETCH_8_OPS                                    5638466       44.010%          5638466       44.010%
FETCH_9_OPS                                          0        0.000%                0        0.000%
FETCH_10_OPS                                         0        0.000%                0        0.000%
FETCH_11_OPS                                         0        0.000%                0        0.000%
FETCH_12_OPS                                         0        0.000%                0        0.000%
FETCH_13_OPS                                         0        0.000%                0        0.000%
FETCH_14_OPS                                         0        0.000%                0        0.000%
FETCH_15_OPS                                         0        0.000%                0        0.000%
FETCH_16_OPS                                         0        0.000%                0        0.000%
                                              12811889      100.000%         12811889      100.000%
                                                  5.49         2.49              5.49         2.49

ST_BREAK_DONT                                        0        0.000%                0        0.000%
ST_BREAK_FT_UNAVAILABLE                         455143        3.553%           455143        3.553%
ST_BREAK_ICACHE_STAGE_RESTEER                     1479        0.012%             1479        0.012%
ST_BREAK_ICACHE_MISS_REQ_SUCCESS                   166        0.001%              166        0.001%
ST_BREAK_ICACHE_MISS_REQ_FAILURE                     0        0.000%                0        0.000%
ST_BREAK_ICACHE_WAIT_FOR_MISS                     8341        0.065%             8341        0.065%
ST_BREAK_ICACHE_STALLED                           5857        0.046%             5857        0.046%
ST_BREAK_ICACHE_TO_UOP_CACHE_SWITCH             621482        4.851%           621482        4.851%
ST_BREAK_ICACHE_READ_LIMIT                      264347        2.063%           264347        2.063%
ST_BREAK_ICACHE_ISSUE_WIDTH                     855253        6.675%           855253        6.675%
ST_BREAK_UOP_CACHE_STALLED                       87271        0.681%            87271        0.681%
ST_BREAK_UOP_CACHE_TO_ICACHE_SWITCH             547920        4.277%           547920        4.277%
ST_BREAK_UOP_CACHE_READ_LIMIT                  4408949       34.413%          4408949       34.413%
ST_BREAK_UOP_CACHE_ISSUE_WIDTH                 5555681       43.363%          5555681       43.363%
                                              12811889      100.000%         12811889      100.000%
                                                 11.45         7.97             11.45         7.97

ORACLE_ON_PATH_INST                           68401750       98.247%         68401750       98.247%
ORACLE_OFF_PATH_INST                           1220621        1.753%          1220621        1.753%
                                              69622371      100.000%         69622371      100.000%
                                                  0.02         0.13              0.02         0.13

ORACLE_ON_PATH_INST_MEM                       21375851       30.703%         21375851       30.703%
ORACLE_ON_PATH_INST_NOTMEM                    47025899       67.544%         47025899       67.544%
ORACLE_OFF_PATH_INST_MEM                        385314        0.553%           385314        0.553%
ORACLE_OFF_PATH_INST_NOTMEM                     835307        1.200%           835307        1.200%
                                              69622371      100.000%         69622371      100.000%
                                                  0.72         0.36              0.72         0.36

ICACHE_CYCLE_NONRA_ONPATH                            0         -nan%                0         -nan%
ICACHE_CYCLE_NONRA_OFFPATH                           0         -nan%                0         -nan%
ICACHE_CYCLE_RA_ONPATH                               0         -nan%                0         -nan%
ICACHE_CYCLE_RA_OFFPATH                              0         -nan%                0         -nan%
                                                     0         -nan%                0         -nan%
                                                  -nan         -nan              -nan         -nan

ICACHE_CYCLE_ONPATH_NONRA                            0         -nan%                0         -nan%
ICACHE_CYCLE_OFFPATH_NONRA                           0         -nan%                0         -nan%
                                                     0         -nan%                0         -nan%
                                                  -nan         -nan              -nan         -nan

ICACHE_CYCLE_ONPATH_RA                               0         -nan%                0         -nan%
ICACHE_CYCLE_OFFPATH_RA                              0         -nan%                0         -nan%
                                                     0         -nan%                0         -nan%
                                                  -nan         -nan              -nan         -nan

INACCURATE_OFFPATH_CYCLES                            0        0.0000                0        0.0000

FETCH_ALL_INST                                69622371                       69622371              

EXEC_ALL_INST                                 63496070                       63496070              

RET_ALL_INST                                  68401750                       68401750              

EXEC_ON_PATH_INST                             63233164       99.586%         63233164       99.586%
EXEC_OFF_PATH_INST                              262906        0.414%           262906        0.414%
                                              63496070      100.000%         63496070      100.000%
                                                  0.00         0.06              0.00         0.06

EXEC_ON_PATH_INST_MEM                         16207265       25.525%         16207265       25.525%
EXEC_ON_PATH_INST_NOTMEM                      47025899       74.061%         47025899       74.061%
EXEC_OFF_PATH_INST_MEM                           93406        0.147%            93406        0.147%
EXEC_OFF_PATH_INST_NOTMEM                       169500        0.267%           169500        0.267%
                                              63496070      100.000%         63496070      100.000%
                                                  0.75         0.25              0.75         0.25

EXEC_RA_INST                                         0         -nan%                0         -nan%
EXEC_NONRA_INST                                      0         -nan%                0         -nan%
                                                     0         -nan%                0         -nan%
                                                  -nan         -nan              -nan         -nan

EXEC_ON_PATH_INST_RA                                 0         -nan%                0         -nan%
EXEC_OFF_PATH_INST_RA                                0         -nan%                0         -nan%
                                                     0         -nan%                0         -nan%
                                                  -nan         -nan              -nan         -nan

EXEC_ON_PATH_INST_NONRA                              0         -nan%                0         -nan%
EXEC_OFF_PATH_INST_NONRA                             0         -nan%                0         -nan%
                                                     0         -nan%                0         -nan%
                                                  -nan         -nan              -nan         -nan

EXEC_RA_ON_PATH_INST                                 0         -nan%                0         -nan%
EXEC_RA_OFF_PATH_INST                                0         -nan%                0         -nan%
EXEC_NONRA_ON_PATH_INST                              0         -nan%                0         -nan%
EXEC_NONRA_OFF_PATH_INST                             0         -nan%                0         -nan%
                                                     0         -nan%                0         -nan%
                                                  -nan         -nan              -nan         -nan

ICACHE_THROTTLE_CYCLE                                0                              0              

FETCH_ENABLE_THROTTLE_OFF_PATH                       0         -nan%                0         -nan%
FETCH_ENABLE_THROTTLE_ON_PATH                        0         -nan%                0         -nan%
                                                     0         -nan%                0         -nan%
                                                  -nan         -nan              -nan         -nan

FETCH_DISABLE_THROTTLE_OFF_PATH                      0         -nan%                0         -nan%
FETCH_DISABLE_THROTTLE_ON_PATH                       0         -nan%                0         -nan%
                                                     0         -nan%                0         -nan%
                                                  -nan         -nan              -nan         -nan

FETCH_TH_ADJUST__0                                   0         -nan%                0         -nan%
FETCH_TH_ADJUST__1                                   0         -nan%                0         -nan%
FETCH_TH_ADJUST__2                                   0         -nan%                0         -nan%
FETCH_TH_ADJUST__3                                   0         -nan%                0         -nan%
FETCH_TH_ADJUST__4                                   0         -nan%                0         -nan%
FETCH_TH_ADJUST__5                                   0         -nan%                0         -nan%
FETCH_TH_ADJUST__6                                   0         -nan%                0         -nan%
FETCH_TH_ADJUST__7                                   0         -nan%                0         -nan%
FETCH_TH_ADJUST__8                                   0         -nan%                0         -nan%
FETCH_TH_ADJUST__9                                   0         -nan%                0         -nan%
FETCH_TH_ADJUST__MAX                                 0         -nan%                0         -nan%
                                                     0         -nan%                0         -nan%
                                                  -nan         -nan              -nan         -nan

FETCH_TH_ADJUST_UP                                   0         -nan%                0         -nan%
FETCH_TH_ADJUST_DOWN                                 0         -nan%                0         -nan%
FETCH_TH_ADJUST_SAME                                 0         -nan%                0         -nan%
                                                     0         -nan%                0         -nan%
                                                  -nan         -nan              -nan         -nan

THROTTLE_ADJUST_CACHE_MISS_INFO                      0                              0              

LOW_CONF_COUNT_BP_MIS_0                              0         -nan%                0         -nan%
LOW_CONF_COUNT_BP_MIS_1                              0         -nan%                0         -nan%
LOW_CONF_COUNT_BP_MIS_2                              0         -nan%                0         -nan%
LOW_CONF_COUNT_BP_MIS_3                              0         -nan%                0         -nan%
LOW_CONF_COUNT_BP_MIS_4                              0         -nan%                0         -nan%
LOW_CONF_COUNT_BP_MIS_5                              0         -nan%                0         -nan%
LOW_CONF_COUNT_BP_MIS_6                              0         -nan%                0         -nan%
LOW_CONF_COUNT_BP_MIS_7                              0         -nan%                0         -nan%
LOW_CONF_COUNT_BP_MIS_8                              0         -nan%                0         -nan%
LOW_CONF_COUNT_BP_MIS_9                              0         -nan%                0         -nan%
LOW_CONF_COUNT_BP_MIS_10                             0         -nan%                0         -nan%
LOW_CONF_COUNT_BP_MIS_11                             0         -nan%                0         -nan%
LOW_CONF_COUNT_BP_MIS_12                             0         -nan%                0         -nan%
LOW_CONF_COUNT_BP_MIS_13                             0         -nan%                0         -nan%
LOW_CONF_COUNT_BP_MIS_14                             0         -nan%                0         -nan%
LOW_CONF_COUNT_BP_MIS_15                             0         -nan%                0         -nan%
LOW_CONF_COUNT_BP_MIS_16                             0         -nan%                0         -nan%
LOW_CONF_COUNT_BP_MIS_17                             0         -nan%                0         -nan%
LOW_CONF_COUNT_BP_MIS_18                             0         -nan%                0         -nan%
LOW_CONF_COUNT_BP_MIS_19                             0         -nan%                0         -nan%
LOW_CONF_COUNT_BP_MIS_20                             0         -nan%                0         -nan%
                                                     0         -nan%                0         -nan%
                                                  -nan         -nan              -nan         -nan

LOW_CONF_COUNT_RET_0                                 0         -nan%                0         -nan%
LOW_CONF_COUNT_RET_1                                 0         -nan%                0         -nan%
LOW_CONF_COUNT_RET_2                                 0         -nan%                0         -nan%
LOW_CONF_COUNT_RET_3                                 0         -nan%                0         -nan%
LOW_CONF_COUNT_RET_4                                 0         -nan%                0         -nan%
LOW_CONF_COUNT_RET_5                                 0         -nan%                0         -nan%
LOW_CONF_COUNT_RET_6                                 0         -nan%                0         -nan%
LOW_CONF_COUNT_RET_7                                 0         -nan%                0         -nan%
LOW_CONF_COUNT_RET_8                                 0         -nan%                0         -nan%
LOW_CONF_COUNT_RET_9                                 0         -nan%                0         -nan%
LOW_CONF_COUNT_RET_10                                0         -nan%                0         -nan%
LOW_CONF_COUNT_RET_11                                0         -nan%                0         -nan%
LOW_CONF_COUNT_RET_12                                0         -nan%                0         -nan%
LOW_CONF_COUNT_RET_13                                0         -nan%                0         -nan%
LOW_CONF_COUNT_RET_14                                0         -nan%                0         -nan%
LOW_CONF_COUNT_RET_15                                0         -nan%                0         -nan%
LOW_CONF_COUNT_RET_16                                0         -nan%                0         -nan%
LOW_CONF_COUNT_RET_17                                0         -nan%                0         -nan%
LOW_CONF_COUNT_RET_18                                0         -nan%                0         -nan%
LOW_CONF_COUNT_RET_19                                0         -nan%                0         -nan%
LOW_CONF_COUNT_RET_20                                0         -nan%                0         -nan%
                                                     0         -nan%                0         -nan%
                                                  -nan         -nan              -nan         -nan

CYCLES_RESTEER_RECOVER_AT_EXEC                       0         -nan%                0         -nan%
CYCLES_RESTEER_RECOVER_AT_DECODE                     0         -nan%                0         -nan%
CYCLES_RESTEER_BTB_MISS                              0         -nan%                0         -nan%
                                                     0         -nan%                0         -nan%
                                                  -nan         -nan              -nan         -nan

CYCLES_RESTEER_RECOVER_AT_EXEC_SAVED_UC_FETCH             0         -nan%                0         -nan%
CYCLES_RESTEER_RECOVER_AT_EXEC_COULD_BE_SAVED_UC_FETCH             0         -nan%                0         -nan%
CYCLES_RESTEER_RECOVER_AT_DECODE_SAVED_UC_FETCH             0         -nan%                0         -nan%
CYCLES_RESTEER_RECOVER_AT_DECODE_COULD_BE_SAVED_UC_FETCH             0         -nan%                0         -nan%
CYCLES_RESTEER_BTB_MISS_SAVED_UC_FETCH               0         -nan%                0         -nan%
CYCLES_RESTEER_BTB_MISS_COULD_BE_SAVED_UC_FETCH             0         -nan%                0         -nan%
                                                     0         -nan%                0         -nan%
                                                  -nan         -nan              -nan         -nan

CYCLES_UOC_IC_SWITCH                                 0                              0              



