/* -*- Mode: c -*- */
####################################################################################################
Core 0
####################################################################################################
Cumulative:        Cycles: 7071229               Instructions: 29999999              IPC: 4.24254

Periodic:          Cycles: 7071229               Instructions: 29999999              IPC: 4.24254

ST_OP_INV                                            0        0.000%                0        0.000%
ST_OP_NOP                                       812523        2.262%           812523        2.262%
ST_OP_CF                                       5632018       15.677%          5632018       15.677%
ST_OP_MOV                                      3150516        8.769%          3150516        8.769%
ST_OP_CMOV                                       51626        0.144%            51626        0.144%
ST_OP_LDA                                      1273106        3.544%          1273106        3.544%
ST_OP_ILD                                      7527279       20.952%          7527279       20.952%
ST_OP_IST                                      3719248       10.352%          3719248       10.352%
ST_OP_IADD                                     4855883       13.516%          4855883       13.516%
ST_OP_IMUL                                      246910        0.687%           246910        0.687%
ST_OP_IDIV                                         121        0.000%              121        0.000%
ST_OP_ICMP                                     2522722        7.022%          2522722        7.022%
ST_OP_LOGIC                                    3375815        9.396%          3375815        9.396%
ST_OP_SHIFT                                    1259205        3.505%          1259205        3.505%
ST_OP_FLD                                       508265        1.415%           508265        1.415%
ST_OP_FST                                       363893        1.013%           363893        1.013%
ST_OP_FCVT                                      313292        0.872%           313292        0.872%
ST_OP_FADD                                      156645        0.436%           156645        0.436%
ST_OP_FMUL                                      156646        0.436%           156646        0.436%
ST_OP_FMA                                            0        0.000%                0        0.000%
ST_OP_FDIV                                           0        0.000%                0        0.000%
ST_OP_FCMP                                           0        0.000%                0        0.000%
ST_OP_FCMOV                                          0        0.000%                0        0.000%
ST_OP_GATHER                                         0        0.000%                0        0.000%
ST_OP_SCATTER                                        0        0.000%                0        0.000%
ST_OP_PIPELINED_FAST                               319        0.001%              319        0.001%
ST_OP_PIPELINED_MEDIUM                               0        0.000%                0        0.000%
ST_OP_PIPELINED_SLOW                                 0        0.000%                0        0.000%
ST_OP_NOTPIPELINED_MEDIUM                          227        0.001%              227        0.001%
ST_OP_NOTPIPELINED_SLOW                              9        0.000%                9        0.000%
ST_OP_NOTPIPELINED_VERY_SLOW                        71        0.000%               71        0.000%
                                              35926339      100.000%         35926339      100.000%
                                                  6.91         3.80              6.91         3.80

ST_NOT_CF                                     30294321       84.323%         30294321       84.323%
ST_CF_BR                                        250045        0.696%           250045        0.696%
ST_CF_CBR                                      3938314       10.962%          3938314       10.962%
ST_CF_REP                                          390        0.001%              390        0.001%
ST_CF_CALL                                      606080        1.687%           606080        1.687%
ST_CF_IBR                                       230742        0.642%           230742        0.642%
ST_CF_ICALL                                        151        0.000%              151        0.000%
ST_CF_ICO                                            0        0.000%                0        0.000%
ST_CF_RET                                       606225        1.687%           606225        1.687%
ST_CF_SYS                                           71        0.000%               71        0.000%
                                              35926339      100.000%         35926339      100.000%
                                                  0.46         1.25              0.46         1.25

REP_FIRST                                            2                              2              

ST_BAR_NONE                                   35926260      100.000%         35926260      100.000%
ST_BAR_FETCH                                        79        0.000%               79        0.000%
ST_BAR_ISSUE                                         0        0.000%                0        0.000%
ST_BAR_BOTH                                          0        0.000%                0        0.000%
                                              35926339      100.000%         35926339      100.000%
                                                  0.00         0.00              0.00         0.00

ST_NOT_MEM                                    23807654       66.268%         23807654       66.268%
ST_MEM_LD                                      8035544       22.367%          8035544       22.367%
ST_MEM_ST                                      4083141       11.365%          4083141       11.365%
ST_MEM_PF                                            0        0.000%                0        0.000%
ST_MEM_WH                                            0        0.000%                0        0.000%
ST_MEM_EVICT                                         0        0.000%                0        0.000%
                                              35926339      100.000%         35926339      100.000%
                                                  0.45         0.58              0.45         0.58

ST_NOT_MEM_OFFPATH                             8347102       76.446%          8347102       76.446%
ST_MEM_LD_OFFPATH                              1090943        9.991%          1090943        9.991%
ST_MEM_ST_OFFPATH                              1480976       13.563%          1480976       13.563%
ST_MEM_PF_OFFPATH                                    0        0.000%                0        0.000%
ST_MEM_WH_OFFPATH                                    0        0.000%                0        0.000%
ST_MEM_EVIC_OFFPATHT                                 0        0.000%                0        0.000%
                                              10919021      100.000%         10919021      100.000%
                                                  0.37         0.63              0.37         0.63

ST_OP_ONPATH                                  35926339                       35926339              

ST_OP_OFFPATH                                 10919021                       10919021              

ST_FAKE_OP_OFFPATH                             3736618       34.221%          3736618       34.221%
ST_NOT_FAKE_OP_OFFPATH                         7182403       65.779%          7182403       65.779%
                                              10919021      100.000%         10919021      100.000%
                                                  0.66         0.60              0.66         0.60

ST_FAKE_REASON_NOT_FAKE                        7182403       65.779%          7182403       65.779%
ST_FAKE_REASON_REDIRECT_TO_NOT_INSTRUMENTED       3736618       34.221%          3736618       34.221%
ST_FAKE_REASON_RETURN_TO_NOT_INSTRUMENTED             0        0.000%                0        0.000%
ST_FAKE_REASON_NONRET_CF_TO_NOT_INSTRUMENTED             0        0.000%                0        0.000%
ST_FAKE_REASON_NOT_TAKEN_TO_NOT_INSTRUMENTED             0        0.000%                0        0.000%
ST_FAKE_REASON_WRONG_PATH_STORE_TO_NEW_REGION             0        0.000%                0        0.000%
                                              10919021      100.000%         10919021      100.000%
                                                  0.34         0.38              0.34         0.38

ST_INST_ONPATH                                30000387                       30000387              

ST_INST_OFFPATH                                9521030                        9521030              

STATIC_PIN_NOP                                       0                              0              

DYNAMIC_PIN_REP_GREATER_256                          0                              0              

INST_MAP_UPDATE_JITTED                               1        0.000%                1        0.000%
INST_MAP_UPDATE_ENCODING                          1619        0.117%             1619        0.117%
INST_MAP_UPDATE_NPC_INV                              0        0.000%                0        0.000%
INST_MAP_UPDATE_NPC_NOP                              0        0.000%                0        0.000%
INST_MAP_UPDATE_NPC_CF                               0        0.000%                0        0.000%
INST_MAP_UPDATE_NPC_MOV                              0        0.000%                0        0.000%
INST_MAP_UPDATE_NPC_CMOV                             0        0.000%                0        0.000%
INST_MAP_UPDATE_NPC_LDA                              0        0.000%                0        0.000%
INST_MAP_UPDATE_NPC_IMEM                             0        0.000%                0        0.000%
INST_MAP_UPDATE_NPC_IADD                             0        0.000%                0        0.000%
INST_MAP_UPDATE_NPC_IMUL                        275850       19.937%           275850       19.937%
INST_MAP_UPDATE_NPC_IDIV                             0        0.000%                0        0.000%
INST_MAP_UPDATE_NPC_ICMP                             0        0.000%                0        0.000%
INST_MAP_UPDATE_NPC_LOGIC                            0        0.000%                0        0.000%
INST_MAP_UPDATE_NPC_SHIFT                            0        0.000%                0        0.000%
INST_MAP_UPDATE_NPC_FMEM                             0        0.000%                0        0.000%
INST_MAP_UPDATE_NPC_FCVT                             0        0.000%                0        0.000%
INST_MAP_UPDATE_NPC_FADD                             0        0.000%                0        0.000%
INST_MAP_UPDATE_NPC_FMUL                             0        0.000%                0        0.000%
INST_MAP_UPDATE_NPC_FMA                              0        0.000%                0        0.000%
INST_MAP_UPDATE_NPC_FDIV                             0        0.000%                0        0.000%
INST_MAP_UPDATE_NPC_FCMP                             0        0.000%                0        0.000%
INST_MAP_UPDATE_NPC_FCMOV                            0        0.000%                0        0.000%
INST_MAP_UPDATE_NPC_GATHER                           0        0.000%                0        0.000%
INST_MAP_UPDATE_NPC_SCATTER                          0        0.000%                0        0.000%
INST_MAP_UPDATE_NPC_PIPELINED_FAST                   0        0.000%                0        0.000%
INST_MAP_UPDATE_NPC_PIPELINED_MEDIUM                 0        0.000%                0        0.000%
INST_MAP_UPDATE_NPC_PIPELINED_SLOW                   0        0.000%                0        0.000%
INST_MAP_UPDATE_NPC_NOTPIPELINED_MEDIUM              0        0.000%                0        0.000%
INST_MAP_UPDATE_NPC_NOTPIPELINED_SLOW                0        0.000%                0        0.000%
INST_MAP_UPDATE_NPC_NOTPIPELINED_VERY_SLOW             0        0.000%                0        0.000%
INST_MAP_UPDATE_MEM_INV                              0        0.000%                0        0.000%
INST_MAP_UPDATE_MEM_NOP                              0        0.000%                0        0.000%
INST_MAP_UPDATE_MEM_CF                               0        0.000%                0        0.000%
INST_MAP_UPDATE_MEM_MOV                         877155       63.397%           877155       63.397%
INST_MAP_UPDATE_MEM_CMOV                             0        0.000%                0        0.000%
INST_MAP_UPDATE_MEM_LDA                              0        0.000%                0        0.000%
INST_MAP_UPDATE_MEM_IMEM                             0        0.000%                0        0.000%
INST_MAP_UPDATE_MEM_IADD                             0        0.000%                0        0.000%
INST_MAP_UPDATE_MEM_IMUL                          1689        0.122%             1689        0.122%
INST_MAP_UPDATE_MEM_IDIV                             0        0.000%                0        0.000%
INST_MAP_UPDATE_MEM_ICMP                             0        0.000%                0        0.000%
INST_MAP_UPDATE_MEM_LOGIC                       208976       15.104%           208976       15.104%
INST_MAP_UPDATE_MEM_SHIFT                        17496        1.265%            17496        1.265%
INST_MAP_UPDATE_MEM_FMEM                             0        0.000%                0        0.000%
INST_MAP_UPDATE_MEM_FCVT                             0        0.000%                0        0.000%
INST_MAP_UPDATE_MEM_FADD                             0        0.000%                0        0.000%
INST_MAP_UPDATE_MEM_FMUL                             0        0.000%                0        0.000%
INST_MAP_UPDATE_MEM_FMA                              0        0.000%                0        0.000%
INST_MAP_UPDATE_MEM_FDIV                             0        0.000%                0        0.000%
INST_MAP_UPDATE_MEM_FCMP                             0        0.000%                0        0.000%
INST_MAP_UPDATE_MEM_FCMOV                            0        0.000%                0        0.000%
INST_MAP_UPDATE_MEM_GATHER                           0        0.000%                0        0.000%
INST_MAP_UPDATE_MEM_SCATTER                          0        0.000%                0        0.000%
INST_MAP_UPDATE_MEM_PIPELINED_FAST                   0        0.000%                0        0.000%
INST_MAP_UPDATE_MEM_PIPELINED_MEDIUM                 0        0.000%                0        0.000%
INST_MAP_UPDATE_MEM_PIPELINED_SLOW                 795        0.057%              795        0.057%
INST_MAP_UPDATE_MEM_NOTPIPELINED_MEDIUM              0        0.000%                0        0.000%
INST_MAP_UPDATE_MEM_NOTPIPELINED_SLOW                0        0.000%                0        0.000%
INST_MAP_UPDATE_MEM_NOTPIPELINED_VERY_SLOW             0        0.000%                0        0.000%
                                               1383581      100.000%          1383581      100.000%
                                                 30.52        10.72             30.52        10.72



