/* -*- Mode: c -*- */
####################################################################################################
Core 0
####################################################################################################
Cumulative:        Cycles: 40877982              Instructions: 69999999              IPC: 1.71241

Periodic:          Cycles: 40877982              Instructions: 69999999              IPC: 1.71241

EXECUTION_TIME                           12774369375000                  12774369375000              

SIM_HOST_WALL_SECONDS                       427.964925                     427.964925              

NODE_CYCLE                                    40877982                       40877982              

NODE_INST_COUNT                               69999999                       69999999              

NODE_INST_COUNT_FETCHED                       69999999                       69999999              

NODE_UOP_COUNT                               100784900                      100784900              

EXEC_STAGE_NO_ISSUE_STALL_CYCLE               34421639                       34421639              

EXEC_STAGE_NO_ISSUE_STALL_CYCLE_ONPATH        21476309                       21476309              

FULL_WINDOW_STALL                                   40        0.000%               40        0.000%

FULL_WINDOW_MEM_OP                                  38      100.000%               38      100.000%
FULL_WINDOW_FP_OP                                    0        0.000%                0        0.000%
FULL_WINDOW_OTHER_OP                                 0        0.000%                0        0.000%
                                                    38      100.000%               38      100.000%
                                                  0.00         0.00              0.00         0.00

RET_BLOCKED_DC_MISS                              18243        0.045%            18243        0.045%

RET_BLOCKED_L1_MISS                               7623        0.019%             7623        0.019%

RET_BLOCKED_L1_MISS_BW_PREF                       1251        0.003%             1251        0.003%

RET_BLOCKED_L1_ACCESS                            10665        0.026%            10665        0.026%

RET_BLOCKED_MEM_STALL                             7623        0.019%             7623        0.019%

RET_BLOCKED_OFFCHIP_DEMAND                           0        0.000%                0        0.000%

OP_ISSUED                                    132894602                      132894602              

OP_RETIRED                                   100784900                      100784900              

OP_MACRO_FUSION_ONPATH                         4663206                        4663206              

OP_MACRO_FUSION_OFFPATH                        3819739                        3819739              

REPLAY_SIGNALED                                      0                              0              

REPLAY_COUNTED                                       0                              0              

OFF_CRITICAL_PATH                                    0         -nan%                0         -nan%
ON_CRITICAL_PATH                                     0         -nan%                0         -nan%
                                                     0         -nan%                0         -nan%
                                                  -nan         -nan              -nan         -nan

LD_NO_DEPENDENTS                                 16997        0.080%            16997        0.080%
LD_DEPENDENTS                                 21162693       99.920%         21162693       99.920%
                                              21179690      100.000%         21179690      100.000%
                                                  1.00         1.00              1.00         1.00

LD_EXEC_CYCLES_0                                     0        0.000%                0        0.000%
LD_EXEC_CYCLES_1                               2045995       83.254%          2045995       83.254%
LD_EXEC_CYCLES_2                                  5310        0.216%             5310        0.216%
LD_EXEC_CYCLES_3                                   931        0.038%              931        0.038%
LD_EXEC_CYCLES_4                                405306       16.492%           405306       16.492%
                                               2457542      100.000%          2457542      100.000%
                                                  1.50         1.27              1.50         1.27

ICACHE_STAGE_STARVED                           1490670        8.125%          1490670        8.125%
ICACHE_STAGE_NOT_STARVED                      16855194       91.875%         16855194       91.875%
                                              18345864      100.000%         18345864      100.000%
                                                  0.92         0.88              0.92         0.88

ICACHE_STAGE_STALLED                              1965        0.005%             1965        0.005%
ICACHE_STAGE_NOT_STALLED                      18343899       44.875%         18343899       44.875%
ICACHE_STAGE_OFF_PATH                         22532118       55.120%         22532118       55.120%
                                              40877982      100.000%         40877982      100.000%
                                                  1.55         1.25              1.55         1.25

DECODE_STAGE_STARVED                          28194038       91.774%         28194038       91.774%
DECODE_STAGE_NOT_STARVED                       2527090        8.226%          2527090        8.226%
                                              30721128      100.000%         30721128      100.000%
                                                  0.08         0.26              0.08         0.26

DECODE_STAGE_STALLED                               392        0.001%              392        0.001%
DECODE_STAGE_NOT_STALLED                      30720736       75.152%         30720736       75.152%
DECODE_STAGE_OFF_PATH                         10156854       24.847%         10156854       24.847%
                                              40877982      100.000%         40877982      100.000%
                                                  1.25         0.76              1.25         0.76

UOPQ_STAGE_STARVED                            16119443       61.544%         16119443       61.544%
UOPQ_STAGE_NOT_STARVED                        10072479       38.456%         10072479       38.456%
                                              26191922      100.000%         26191922      100.000%
                                                  0.38         0.45              0.38         0.45

UOPQ_STAGE_STALLED                                1985        0.005%             1985        0.005%
UOPQ_STAGE_NOT_STALLED                        26191922       64.073%         26191922       64.073%
UOPQ_STAGE_OFF_PATH                           14684075       35.922%         14684075       35.922%
                                              40877982      100.000%         40877982      100.000%
                                                  1.36         0.95              1.36         0.95

RS_OP_READY_NOT_ISSUED_TOTAL                  11542333                       11542333              

RS_0_OP_READY_NOT_ISSUED                       8357496                        8357496              

RS_1_OP_READY_NOT_ISSUED                       2638989                        2638989              

RS_2_OP_READY_NOT_ISSUED                        545848                         545848              

RS_3_OP_READY_NOT_ISSUED                             0                              0              

RS_4_OP_READY_NOT_ISSUED                             0                              0              

RS_5_OP_READY_NOT_ISSUED                             0                              0              

RS_6_OP_READY_NOT_ISSUED                             0                              0              

RS_7_OP_READY_NOT_ISSUED                             0                              0              

RS_7_PLUS_OP_READY_NOT_ISSUED                        0                              0              

FU_IDLE_NO_READY_OPS_TOTAL                   133255676                      133255676              

FU_0_IDLE_NO_READY_OPS                         4892030                        4892030              

FU_1_IDLE_NO_READY_OPS                         6673901                        6673901              

FU_2_IDLE_NO_READY_OPS                        16618677                       16618677              

FU_3_IDLE_NO_READY_OPS                        16621408                       16621408              

FU_4_IDLE_NO_READY_OPS                         6715639                        6715639              

FU_5_IDLE_NO_READY_OPS                         7224248                        7224248              

FU_6_IDLE_NO_READY_OPS                        25165053                       25165053              

FU_7_IDLE_NO_READY_OPS                        25166176                       25166176              

FU_8_IDLE_NO_READY_OPS                         7559929                        7559929              

FU_9_IDLE_NO_READY_OPS                        16618615                       16618615              

FU_10_IDLE_NO_READY_OPS                              0                              0              

FU_11_IDLE_NO_READY_OPS                              0                              0              

FU_12_IDLE_NO_READY_OPS                              0                              0              

FU_13_IDLE_NO_READY_OPS                              0                              0              

FU_14_IDLE_NO_READY_OPS                              0                              0              

FU_15_IDLE_NO_READY_OPS                              0                              0              

FU_16_IDLE_NO_READY_OPS                              0                              0              

FU_17_IDLE_NO_READY_OPS                              0                              0              

FU_18_IDLE_NO_READY_OPS                              0                              0              

FU_19_IDLE_NO_READY_OPS                              0                              0              

FU_20_IDLE_NO_READY_OPS                              0                              0              

FU_21_IDLE_NO_READY_OPS                              0                              0              

FU_22_IDLE_NO_READY_OPS                              0                              0              

FU_23_IDLE_NO_READY_OPS                              0                              0              

FU_24_IDLE_NO_READY_OPS                              0                              0              

FU_25_IDLE_NO_READY_OPS                              0                              0              

FU_26_IDLE_NO_READY_OPS                              0                              0              

FU_27_IDLE_NO_READY_OPS                              0                              0              

FU_28_IDLE_NO_READY_OPS                              0                              0              

FU_29_IDLE_NO_READY_OPS                              0                              0              

FU_30_IDLE_NO_READY_OPS                              0                              0              

FU_31_IDLE_NO_READY_OPS                              0                              0              

FU_31_PLUS_IDLE_NO_READY_OPS                         0                              0              

MAP_STAGE_STARVED                              4929186       20.725%          4929186       20.725%
MAP_STAGE_NOT_STARVED                         18854817       79.275%         18854817       79.275%
                                              23784003      100.000%         23784003      100.000%
                                                  0.79         0.73              0.79         0.73

MAP_STAGE_STALLED                                    0        0.000%                0        0.000%
MAP_STAGE_NOT_STALLED                         23784003       58.649%         23784003       58.649%
MAP_STAGE_OFF_PATH                            16768857       41.351%         16768857       41.351%
                                              40552860      100.000%         40552860      100.000%
                                                  1.41         1.03              1.41         1.03

MAP_STAGE_STALL_ITSELF                          325122        0.795%           325122        0.795%
MAP_STAGE_NOT_STALL_ITSELF                    40552860       99.205%         40552860       99.205%
                                              40877982      100.000%         40877982      100.000%
                                                  0.99         0.99              0.99         0.99

MAP_STAGE_LATE_ALLOCATE_SEND_BACK                    0                              0              

MAP_STAGE_RENAME_OP_ONPATH                   100784900                      100784900              

MAP_STAGE_RENAME_OP_OFFPATH                   83426340                       83426340              

MAP_STAGE_RENAME_INT_REG_ONPATH               81568105                       81568105              

MAP_STAGE_RENAME_INT_REG_OFFPATH              65967028                       65967028              

MAP_STAGE_RENAME_VEC_REG_ONPATH                5872589                        5872589              

MAP_STAGE_RENAME_VEC_REG_OFFPATH               4210915                        4210915              

MAP_STAGE_RENAME_MOVE_ELIM_ONPATH                    0                              0              

MAP_STAGE_RENAME_MOVE_ELIM_OFFPATH                   0                              0              

MAP_STAGE_ONPATH_INT_REG_NUM_ALLOC            89529903                       89529903              

MAP_STAGE_ONPATH_VEC_REG_NUM_ALLOC             5872583                        5872583              

MAP_STAGE_ONPATH_INT_REG_NUM_SHORTLIVE        30338449                       30338449              

MAP_STAGE_ONPATH_VEC_REG_NUM_SHORTLIVE          948585                         948585              

MAP_STAGE_ONPATH_INT_REG_USE_COUNT_0          21396147                       21396147              

MAP_STAGE_ONPATH_VEC_REG_USE_COUNT_0             16965                          16965              

MAP_STAGE_ONPATH_INT_REG_USE_COUNT_1          36889676                       36889676              

MAP_STAGE_ONPATH_VEC_REG_USE_COUNT_1           3956382                        3956382              

MAP_STAGE_ONPATH_INT_REG_USE_COUNT_2          26506436                       26506436              

MAP_STAGE_ONPATH_VEC_REG_USE_COUNT_2           1845154                        1845154              

MAP_STAGE_ONPATH_INT_REG_USE_COUNT_3           2403777                        2403777              

MAP_STAGE_ONPATH_VEC_REG_USE_COUNT_3               849                            849              

MAP_STAGE_ONPATH_INT_REG_USE_COUNT_4           1167585                        1167585              

MAP_STAGE_ONPATH_VEC_REG_USE_COUNT_4             34718                          34718              

MAP_STAGE_ONPATH_INT_REG_USE_COUNT_5            574760                         574760              

MAP_STAGE_ONPATH_VEC_REG_USE_COUNT_5             17753                          17753              

MAP_STAGE_ONPATH_INT_REG_USE_COUNT_6              7598                           7598              

MAP_STAGE_ONPATH_VEC_REG_USE_COUNT_6                 0                              0              

MAP_STAGE_ONPATH_INT_REG_USE_COUNT_7_PLUS        583924                         583924              

MAP_STAGE_ONPATH_VEC_REG_USE_COUNT_7_PLUS           762                            762              

MAP_STAGE_ONPATH_INT_REG_CONSUME_DIST_0              0        0.0000                0        0.0000

MAP_STAGE_ONPATH_VEC_REG_CONSUME_DIST_0              0        0.0000                0        0.0000

MAP_STAGE_ONPATH_INT_REG_CONSUME_DIST_1              0        0.0000                0        0.0000

MAP_STAGE_ONPATH_VEC_REG_CONSUME_DIST_1              0        0.0000                0        0.0000

MAP_STAGE_ONPATH_INT_REG_CONSUME_DIST_2       78846095        2.9746         78846095        2.9746

MAP_STAGE_ONPATH_VEC_REG_CONSUME_DIST_2       43932893       23.8099         43932893       23.8099

MAP_STAGE_ONPATH_INT_REG_CONSUME_DIST_3        4206165        1.7498          4206165        1.7498

MAP_STAGE_ONPATH_VEC_REG_CONSUME_DIST_3          24410       28.7515            24410       28.7515

MAP_STAGE_ONPATH_INT_REG_CONSUME_DIST_4       13910656       11.9140         13910656       11.9140

MAP_STAGE_ONPATH_VEC_REG_CONSUME_DIST_4          56382        1.6240            56382        1.6240

MAP_STAGE_ONPATH_INT_REG_CONSUME_DIST_5           2103        0.0037             2103        0.0037

MAP_STAGE_ONPATH_VEC_REG_CONSUME_DIST_5         197542       11.1272           197542       11.1272

MAP_STAGE_ONPATH_INT_REG_CONSUME_DIST_6        1031912      135.8136          1031912      135.8136

MAP_STAGE_ONPATH_VEC_REG_CONSUME_DIST_6              0          -nan                0          -nan

MAP_STAGE_ONPATH_INT_REG_CONSUME_DIST_7_PLUS       7067699       12.1038          7067699       12.1038

MAP_STAGE_ONPATH_VEC_REG_CONSUME_DIST_7_PLUS         48616       63.8005            48616       63.8005

MAP_STAGE_INT_REG_ISSUE_READ_TOTAL_CONSUMED     137348905        3.9902        137348905        3.9902

MAP_STAGE_VEC_REG_ISSUE_READ_TOTAL_CONSUMED       7966921        0.2315          7966921        0.2315

MAP_STAGE_INT_REG_ISSUE_READ_MULTI_CONSUMED      53038161        1.5408         53038161        1.5408

MAP_STAGE_VEC_REG_ISSUE_READ_MULTI_CONSUMED       2052217        0.0596          2052217        0.0596

MAP_STAGE_INT_REG_ISSUE_READ_SAME_CYCLE_CONSUMED      33618892        0.9767         33618892        0.9767

MAP_STAGE_VEC_REG_ISSUE_READ_SAME_CYCLE_CONSUMED       1064674        0.0309          1064674        0.0309

MAP_STAGE_INT_REG_ISSUE_READ_TOTAL_CONSUMED_ONPATH     108791380        5.0656        108791380        5.0656

MAP_STAGE_VEC_REG_ISSUE_READ_TOTAL_CONSUMED_ONPATH       7882400        0.3670          7882400        0.3670

MAP_STAGE_INT_REG_ISSUE_READ_MULTI_CONSUMED_ONPATH      40657613        1.8931         40657613        1.8931

MAP_STAGE_VEC_REG_ISSUE_READ_MULTI_CONSUMED_ONPATH       2026774        0.0944          2026774        0.0944

MAP_STAGE_INT_REG_ISSUE_READ_SAME_CYCLE_CONSUMED_ONPATH      26274968        1.2234         26274968        1.2234

MAP_STAGE_VEC_REG_ISSUE_READ_SAME_CYCLE_CONSUMED_ONPATH       1046702        0.0487          1046702        0.0487

MAP_STAGE_ONPATH_INT_REG_LIFECYCLE_EMPTY    1444364208                     1444364208              

MAP_STAGE_ONPATH_VEC_REG_LIFECYCLE_EMPTY     132810299                      132810299              

MAP_STAGE_ONPATH_INT_REG_LIFECYCLE_IN_USE    2080636627                     2080636627              

MAP_STAGE_ONPATH_VEC_REG_LIFECYCLE_IN_USE     216653930                      216653930              

MAP_STAGE_ONPATH_INT_REG_LIFECYCLE_SPEC_RELEASE    3212293271                     3212293271              

MAP_STAGE_ONPATH_VEC_REG_LIFECYCLE_SPEC_RELEASE     430348592                      430348592              

MAP_STAGE_ONPATH_INT_REG_LIFECYCLE_NONSPEC_RELEASE    3212293271                     3212293271              

MAP_STAGE_ONPATH_VEC_REG_LIFECYCLE_NONSPEC_RELEASE     430348592                      430348592              

MAP_STAGE_ONPATH_INT_REG_LIFECYCLE_TOTAL    3212293271                     3212293271              

MAP_STAGE_ONPATH_VEC_REG_LIFECYCLE_TOTAL     430348592                      430348592              

MAP_STAGE_ONPATH_INT_REG_NUM_NONBRANCH        89529903                       89529903              

MAP_STAGE_ONPATH_VEC_REG_NUM_NONBRANCH         5872583                        5872583              

MAP_STAGE_ONPATH_INT_REG_NUM_NONEXCEPT        89529903                       89529903              

MAP_STAGE_ONPATH_VEC_REG_NUM_NONEXCEPT         5872583                        5872583              

MAP_STAGE_ONPATH_INT_REG_NUM_ATOMIC           89529903                       89529903              

MAP_STAGE_ONPATH_VEC_REG_NUM_ATOMIC            5872583                        5872583              

MAP_STAGE_ONPATH_INT_REG_ATOMIC_REDEFINED_DIST_TOTAL    3212293271       35.8796       3212293271       35.8796

MAP_STAGE_ONPATH_VEC_REG_ATOMIC_REDEFINED_DIST_TOTAL     430348592       73.2810        430348592       73.2810

MAP_STAGE_ONPATH_INT_REG_ATOMIC_CONSUMED_DIST_TOTAL    2080636627       23.2396       2080636627       23.2396

MAP_STAGE_ONPATH_VEC_REG_ATOMIC_CONSUMED_DIST_TOTAL     216653930       36.8924        216653930       36.8924

MAP_STAGE_ONPATH_INT_REG_ATOMIC_RELEASE_DIST_TOTAL    3212293271       35.8796       3212293271       35.8796

MAP_STAGE_ONPATH_VEC_REG_ATOMIC_RELEASE_DIST_TOTAL     430348592       73.2810        430348592       73.2810

EXEC_STAGE_STARVED                            23552849       57.617%         23552849       57.617%
EXEC_STAGE_NOT_STARVED                         4964361       12.144%          4964361       12.144%
EXEC_STAGE_OFF_PATH                           12360772       30.238%         12360772       30.238%
                                              40877982      100.000%         40877982      100.000%
                                                  0.73         0.81              0.73         0.81

FU_BUSY_0                                     20797824                       20797824              

FU_BUSY_1                                     15914673                       15914673              

FU_BUSY_2                                     10611545                       10611545              

FU_BUSY_3                                     10607121                       10607121              

FU_BUSY_4                                     14319324                       14319324              

FU_BUSY_5                                     20254296                       20254296              

FU_BUSY_6                                      8398807                        8398807              

FU_BUSY_7                                      8395569                        8395569              

FU_BUSY_8                                     14762845                       14762845              

FU_BUSY_9                                     10611246                       10611246              

FU_BUSY_10                                           0                              0              

FU_BUSY_11                                           0                              0              

FU_BUSY_12                                           0                              0              

FU_BUSY_13                                           0                              0              

FU_BUSY_14                                           0                              0              

FU_BUSY_15                                           0                              0              

FU_BUSY_16                                           0                              0              

FU_BUSY_17                                           0                              0              

FU_BUSY_18                                           0                              0              

FU_BUSY_19                                           0                              0              

FU_BUSY_20                                           0                              0              

FU_BUSY_21                                           0                              0              

FU_BUSY_22                                           0                              0              

FU_BUSY_23                                           0                              0              

FU_BUSY_24                                           0                              0              

FU_BUSY_25                                           0                              0              

FU_BUSY_26                                           0                              0              

FU_BUSY_27                                           0                              0              

FU_BUSY_28                                           0                              0              

FU_BUSY_29                                           0                              0              

FU_BUSY_30                                           0                              0              

FU_BUSY_31                                           0                              0              

FU_REJECTED_OP_INV_NOT_SIMD                          0        0.000%                0        0.000%
FU_REJECTED_OP_NOP_NOT_SIMD                          2        0.001%                2        0.001%
FU_REJECTED_OP_CF_NOT_SIMD                        2409        0.638%             2409        0.638%
FU_REJECTED_OP_MOV_NOT_SIMD                        170        0.045%              170        0.045%
FU_REJECTED_OP_CMOV_NOT_SIMD                         0        0.000%                0        0.000%
FU_REJECTED_OP_LDA_NOT_SIMD                         25        0.007%               25        0.007%
FU_REJECTED_OP_IMEM_NOT_SIMD                    205246       54.334%           205246       54.334%
FU_REJECTED_OP_IADD_NOT_SIMD                     13664        3.617%            13664        3.617%
FU_REJECTED_OP_IMUL_NOT_SIMD                       349        0.092%              349        0.092%
FU_REJECTED_OP_IDIV_NOT_SIMD                         2        0.001%                2        0.001%
FU_REJECTED_OP_ICMP_NOT_SIMD                         0        0.000%                0        0.000%
FU_REJECTED_OP_LOGIC_NOT_SIMD                       20        0.005%               20        0.005%
FU_REJECTED_OP_SHIFT_NOT_SIMD                       47        0.012%               47        0.012%
FU_REJECTED_OP_FMEM_NOT_SIMD                       165        0.044%              165        0.044%
FU_REJECTED_OP_FCVT_NOT_SIMD                         0        0.000%                0        0.000%
FU_REJECTED_OP_FADD_NOT_SIMD                         0        0.000%                0        0.000%
FU_REJECTED_OP_FMUL_NOT_SIMD                         0        0.000%                0        0.000%
FU_REJECTED_OP_FMA_NOT_SIMD                          0        0.000%                0        0.000%
FU_REJECTED_OP_FDIV_NOT_SIMD                         0        0.000%                0        0.000%
FU_REJECTED_OP_FCMP_NOT_SIMD                         0        0.000%                0        0.000%
FU_REJECTED_OP_FCMOV_NOT_SIMD                        0        0.000%                0        0.000%
FU_REJECTED_OP_GATHER_NOT_SIMD                       0        0.000%                0        0.000%
FU_REJECTED_OP_SCATTER_NOT_SIMD                      0        0.000%                0        0.000%
FU_REJECTED_OP_PIPELINED_FAST_NOT_SIMD               0        0.000%                0        0.000%
FU_REJECTED_OP_PIPELINED_MEDIUM_NOT_SIMD             0        0.000%                0        0.000%
FU_REJECTED_OP_PIPELINED_SLOW_NOT_SIMD               0        0.000%                0        0.000%
FU_REJECTED_OP_NOTPIPELINED_MEDIUM_NOT_SIMD             0        0.000%                0        0.000%
FU_REJECTED_OP_NOTPIPELINED_SLOW_NOT_SIMD             0        0.000%                0        0.000%
FU_REJECTED_OP_NOTPIPELINED_VERY_SLOW_NOT_SIMD             0        0.000%                0        0.000%
FU_REJECTED_OP_INV_SIMD                              0        0.000%                0        0.000%
FU_REJECTED_OP_NOP_SIMD                              0        0.000%                0        0.000%
FU_REJECTED_OP_CF_SIMD                               0        0.000%                0        0.000%
FU_REJECTED_OP_MOV_SIMD                            105        0.028%              105        0.028%
FU_REJECTED_OP_CMOV_SIMD                             0        0.000%                0        0.000%
FU_REJECTED_OP_LDA_SIMD                              0        0.000%                0        0.000%
FU_REJECTED_OP_IMEM_SIMD                             0        0.000%                0        0.000%
FU_REJECTED_OP_IADD_SIMD                             0        0.000%                0        0.000%
FU_REJECTED_OP_IMUL_SIMD                             0        0.000%                0        0.000%
FU_REJECTED_OP_IDIV_SIMD                             0        0.000%                0        0.000%
FU_REJECTED_OP_ICMP_SIMD                             0        0.000%                0        0.000%
FU_REJECTED_OP_LOGIC_SIMD                          379        0.100%              379        0.100%
FU_REJECTED_OP_SHIFT_SIMD                        52081       13.787%            52081       13.787%
FU_REJECTED_OP_FMEM_SIMD                             0        0.000%                0        0.000%
FU_REJECTED_OP_FCVT_SIMD                         11143        2.950%            11143        2.950%
FU_REJECTED_OP_FADD_SIMD                             3        0.001%                3        0.001%
FU_REJECTED_OP_FMUL_SIMD                           114        0.030%              114        0.030%
FU_REJECTED_OP_FMA_SIMD                            290        0.077%              290        0.077%
FU_REJECTED_OP_FDIV_SIMD                          1542        0.408%             1542        0.408%
FU_REJECTED_OP_FCMP_SIMD                            19        0.005%               19        0.005%
FU_REJECTED_OP_FCMOV_SIMD                          708        0.187%              708        0.187%
FU_REJECTED_OP_GATHER_SIMD                          29        0.008%               29        0.008%
FU_REJECTED_OP_SCATTER_SIMD                          0        0.000%                0        0.000%
FU_REJECTED_OP_PIPELINED_FAST_SIMD                   0        0.000%                0        0.000%
FU_REJECTED_OP_PIPELINED_MEDIUM_SIMD                 0        0.000%                0        0.000%
FU_REJECTED_OP_PIPELINED_SLOW_SIMD               89237       23.623%            89237       23.623%
FU_REJECTED_OP_NOTPIPELINED_MEDIUM_SIMD              0        0.000%                0        0.000%
FU_REJECTED_OP_NOTPIPELINED_SLOW_SIMD                0        0.000%                0        0.000%
FU_REJECTED_OP_NOTPIPELINED_VERY_SLOW_SIMD             0        0.000%                0        0.000%
                                                377749      100.000%           377749      100.000%
                                                 23.61        21.38             23.61        21.38

LSQ_FULL_TOTAL                                       0                              0              

LSQ_FULL_LOAD_QUEUE                                  0                              0              

LSQ_FULL_STORE_QUEUE                                 0                              0              

OP_WAIT_0                                     83752255                       83752255              

OP_WAIT_1                                     15246377                       15246377              

OP_WAIT_2                                      1193345                        1193345              

OP_WAIT_3                                       322634                         322634              

OP_WAIT_4                                        91714                          91714              

OP_WAIT_5                                        62909                          62909              

OP_WAIT_6                                        41943                          41943              

OP_WAIT_7                                        27077                          27077              

OP_WAIT_8                                        19292                          19292              

OP_WAIT_9                                        10940                          10940              

OP_WAIT_10                                        8560                           8560              

OP_WAIT_11                                        3909                           3909              

OP_WAIT_12                                        1449                           1449              

OP_WAIT_13                                         603                            603              

OP_WAIT_14                                         221                            221              

OP_WAIT_15                                          99                             99              

OP_WAIT_16                                          81                             81              

OP_WAIT_17                                          98                             98              

OP_WAIT_18                                         106                            106              

OP_WAIT_19                                         120                            120              

OP_WAIT_20                                         122                            122              

OP_WAIT_21                                          24                             24              

OP_WAIT_22                                          36                             36              

OP_WAIT_23                                          46                             46              

OP_WAIT_24                                          16                             16              

OP_WAIT_25                                          16                             16              

OP_WAIT_26                                          21                             21              

OP_WAIT_27                                          14                             14              

OP_WAIT_28                                          32                             32              

OP_WAIT_29                                          28                             28              

OP_WAIT_30                                          16                             16              

OP_WAIT_31                                         797                            797              

ROW_SIZE_0                                    17916022                       17916022              

ROW_SIZE_1                                     4646877                        4646877              

ROW_SIZE_2                                     1583976                        1583976              

ROW_SIZE_3                                     3997244                        3997244              

ROW_SIZE_4                                     1383751                        1383751              

ROW_SIZE_5                                     1230565                        1230565              

ROW_SIZE_6                                      325296                         325296              

ROW_SIZE_7                                     1174554                        1174554              

ROW_SIZE_8                                     7389607                        7389607              

ROW_SIZE_9                                           0                              0              

ROW_SIZE_10                                          0                              0              

ROW_SIZE_11                                          0                              0              

ROW_SIZE_12                                          0                              0              

ROW_SIZE_13                                          0                              0              

ROW_SIZE_14                                          0                              0              

ROW_SIZE_15                                          0                              0              

ROW_SIZE_16                                          0                              0              

ROW_SIZE_17                                          0                              0              

ROW_SIZE_18                                          0                              0              

ROW_SIZE_19                                          0                              0              

ROW_SIZE_20                                          0                              0              

ROW_SIZE_21                                          0                              0              

ROW_SIZE_22                                          0                              0              

ROW_SIZE_23                                          0                              0              

ROW_SIZE_24                                          0                              0              

ROW_SIZE_25                                          0                              0              

ROW_SIZE_26                                          0                              0              

ROW_SIZE_27                                          0                              0              

ROW_SIZE_28                                          0                              0              

ROW_SIZE_29                                          0                              0              

ROW_SIZE_30                                          0                              0              

ROW_SIZE_31                                          0                              0              

RET_OP_EXEC_COUNT_0                                  0        0.000%                0        0.000%
RET_OP_EXEC_COUNT_1                          100784900      100.000%        100784900      100.000%
RET_OP_EXEC_COUNT_2                                  0        0.000%                0        0.000%
RET_OP_EXEC_COUNT_3                                  0        0.000%                0        0.000%
RET_OP_EXEC_COUNT_4                                  0        0.000%                0        0.000%
RET_OP_EXEC_COUNT_5                                  0        0.000%                0        0.000%
RET_OP_EXEC_COUNT_6                                  0        0.000%                0        0.000%
RET_OP_EXEC_COUNT_7                                  0        0.000%                0        0.000%
RET_OP_EXEC_COUNT_8                                  0        0.000%                0        0.000%
RET_OP_EXEC_COUNT_9                                  0        0.000%                0        0.000%
RET_OP_EXEC_COUNT_10                                 0        0.000%                0        0.000%
RET_OP_EXEC_COUNT_11                                 0        0.000%                0        0.000%
RET_OP_EXEC_COUNT_12                                 0        0.000%                0        0.000%
RET_OP_EXEC_COUNT_13                                 0        0.000%                0        0.000%
RET_OP_EXEC_COUNT_14                                 0        0.000%                0        0.000%
RET_OP_EXEC_COUNT_15                                 0        0.000%                0        0.000%
RET_OP_EXEC_COUNT_16                                 0        0.000%                0        0.000%
RET_OP_EXEC_COUNT_17                                 0        0.000%                0        0.000%
RET_OP_EXEC_COUNT_18                                 0        0.000%                0        0.000%
RET_OP_EXEC_COUNT_19                                 0        0.000%                0        0.000%
RET_OP_EXEC_COUNT_20                                 0        0.000%                0        0.000%
RET_OP_EXEC_COUNT_21                                 0        0.000%                0        0.000%
RET_OP_EXEC_COUNT_22                                 0        0.000%                0        0.000%
RET_OP_EXEC_COUNT_23                                 0        0.000%                0        0.000%
RET_OP_EXEC_COUNT_24                                 0        0.000%                0        0.000%
RET_OP_EXEC_COUNT_25                                 0        0.000%                0        0.000%
RET_OP_EXEC_COUNT_26                                 0        0.000%                0        0.000%
RET_OP_EXEC_COUNT_27                                 0        0.000%                0        0.000%
RET_OP_EXEC_COUNT_28                                 0        0.000%                0        0.000%
RET_OP_EXEC_COUNT_29                                 0        0.000%                0        0.000%
RET_OP_EXEC_COUNT_30                                 0        0.000%                0        0.000%
RET_OP_EXEC_COUNT_31                                 0        0.000%                0        0.000%
RET_OP_EXEC_COUNT_32                                 0        0.000%                0        0.000%
                                             100784900      100.000%        100784900      100.000%
                                                  1.00         0.00              1.00         0.00

RET_STALL_LENGTH_0                           100784843      100.000%        100784843      100.000%
RET_STALL_LENGTH_100                                51        0.000%               51        0.000%
RET_STALL_LENGTH_200                                 3        0.000%                3        0.000%
RET_STALL_LENGTH_300                                 0        0.000%                0        0.000%
RET_STALL_LENGTH_400                                 2        0.000%                2        0.000%
RET_STALL_LENGTH_500                                 0        0.000%                0        0.000%
RET_STALL_LENGTH_600                                 0        0.000%                0        0.000%
RET_STALL_LENGTH_700                                 0        0.000%                0        0.000%
RET_STALL_LENGTH_800                                 1        0.000%                1        0.000%
RET_STALL_LENGTH_900                                 0        0.000%                0        0.000%
RET_STALL_LENGTH_1000                                0        0.000%                0        0.000%
RET_STALL_LENGTH_1100                                0        0.000%                0        0.000%
RET_STALL_LENGTH_1200                                0        0.000%                0        0.000%
RET_STALL_LENGTH_1300                                0        0.000%                0        0.000%
RET_STALL_LENGTH_1400                                0        0.000%                0        0.000%
RET_STALL_LENGTH_1500                                0        0.000%                0        0.000%
RET_STALL_LENGTH_1600                                0        0.000%                0        0.000%
RET_STALL_LENGTH_1700                                0        0.000%                0        0.000%
RET_STALL_LENGTH_1800                                0        0.000%                0        0.000%
RET_STALL_LENGTH_1900                                0        0.000%                0        0.000%
RET_STALL_LENGTH_2000                                0        0.000%                0        0.000%
RET_STALL_LENGTH_2100                                0        0.000%                0        0.000%
RET_STALL_LENGTH_2200                                0        0.000%                0        0.000%
RET_STALL_LENGTH_2300                                0        0.000%                0        0.000%
RET_STALL_LENGTH_2400                                0        0.000%                0        0.000%
RET_STALL_LENGTH_2500                                0        0.000%                0        0.000%
RET_STALL_LENGTH_2600                                0        0.000%                0        0.000%
RET_STALL_LENGTH_2700                                0        0.000%                0        0.000%
RET_STALL_LENGTH_2800                                0        0.000%                0        0.000%
RET_STALL_LENGTH_2900                                0        0.000%                0        0.000%
RET_STALL_LENGTH_3000                                0        0.000%                0        0.000%
RET_STALL_LENGTH_3100                                0        0.000%                0        0.000%
RET_STALL_LENGTH_3200                                0        0.000%                0        0.000%
RET_STALL_LENGTH_3300                                0        0.000%                0        0.000%
RET_STALL_LENGTH_3400                                0        0.000%                0        0.000%
RET_STALL_LENGTH_3500                                0        0.000%                0        0.000%
RET_STALL_LENGTH_3600                                0        0.000%                0        0.000%
RET_STALL_LENGTH_3700                                0        0.000%                0        0.000%
RET_STALL_LENGTH_3800                                0        0.000%                0        0.000%
RET_STALL_LENGTH_3900                                0        0.000%                0        0.000%
RET_STALL_LENGTH_4000                                0        0.000%                0        0.000%
RET_STALL_LENGTH_4100                                0        0.000%                0        0.000%
RET_STALL_LENGTH_4200                                0        0.000%                0        0.000%
RET_STALL_LENGTH_4300                                0        0.000%                0        0.000%
RET_STALL_LENGTH_4400                                0        0.000%                0        0.000%
RET_STALL_LENGTH_4500                                0        0.000%                0        0.000%
RET_STALL_LENGTH_4600                                0        0.000%                0        0.000%
RET_STALL_LENGTH_4700                                0        0.000%                0        0.000%
RET_STALL_LENGTH_4800                                0        0.000%                0        0.000%
RET_STALL_LENGTH_4900                                0        0.000%                0        0.000%
RET_STALL_LENGTH_5000                                0        0.000%                0        0.000%
                                             100784900      100.000%        100784900      100.000%
                                                  0.00         0.00              0.00         0.00

MEM_BLOCK_LENGTH_0                                   0         -nan%                0         -nan%
MEM_BLOCK_LENGTH_100                                 0         -nan%                0         -nan%
MEM_BLOCK_LENGTH_200                                 0         -nan%                0         -nan%
MEM_BLOCK_LENGTH_300                                 0         -nan%                0         -nan%
MEM_BLOCK_LENGTH_400                                 0         -nan%                0         -nan%
MEM_BLOCK_LENGTH_500                                 0         -nan%                0         -nan%
MEM_BLOCK_LENGTH_600                                 0         -nan%                0         -nan%
MEM_BLOCK_LENGTH_700                                 0         -nan%                0         -nan%
MEM_BLOCK_LENGTH_800                                 0         -nan%                0         -nan%
MEM_BLOCK_LENGTH_900                                 0         -nan%                0         -nan%
MEM_BLOCK_LENGTH_1000                                0         -nan%                0         -nan%
MEM_BLOCK_LENGTH_1100                                0         -nan%                0         -nan%
MEM_BLOCK_LENGTH_1200                                0         -nan%                0         -nan%
MEM_BLOCK_LENGTH_1300                                0         -nan%                0         -nan%
MEM_BLOCK_LENGTH_1400                                0         -nan%                0         -nan%
MEM_BLOCK_LENGTH_1500                                0         -nan%                0         -nan%
MEM_BLOCK_LENGTH_1600                                0         -nan%                0         -nan%
MEM_BLOCK_LENGTH_1700                                0         -nan%                0         -nan%
MEM_BLOCK_LENGTH_1800                                0         -nan%                0         -nan%
MEM_BLOCK_LENGTH_1900                                0         -nan%                0         -nan%
MEM_BLOCK_LENGTH_2000                                0         -nan%                0         -nan%
MEM_BLOCK_LENGTH_2100                                0         -nan%                0         -nan%
MEM_BLOCK_LENGTH_2200                                0         -nan%                0         -nan%
MEM_BLOCK_LENGTH_2300                                0         -nan%                0         -nan%
MEM_BLOCK_LENGTH_2400                                0         -nan%                0         -nan%
MEM_BLOCK_LENGTH_2500                                0         -nan%                0         -nan%
MEM_BLOCK_LENGTH_2600                                0         -nan%                0         -nan%
MEM_BLOCK_LENGTH_2700                                0         -nan%                0         -nan%
MEM_BLOCK_LENGTH_2800                                0         -nan%                0         -nan%
MEM_BLOCK_LENGTH_2900                                0         -nan%                0         -nan%
MEM_BLOCK_LENGTH_3000                                0         -nan%                0         -nan%
MEM_BLOCK_LENGTH_3100                                0         -nan%                0         -nan%
MEM_BLOCK_LENGTH_3200                                0         -nan%                0         -nan%
MEM_BLOCK_LENGTH_3300                                0         -nan%                0         -nan%
MEM_BLOCK_LENGTH_3400                                0         -nan%                0         -nan%
MEM_BLOCK_LENGTH_3500                                0         -nan%                0         -nan%
MEM_BLOCK_LENGTH_3600                                0         -nan%                0         -nan%
MEM_BLOCK_LENGTH_3700                                0         -nan%                0         -nan%
MEM_BLOCK_LENGTH_3800                                0         -nan%                0         -nan%
MEM_BLOCK_LENGTH_3900                                0         -nan%                0         -nan%
MEM_BLOCK_LENGTH_4000                                0         -nan%                0         -nan%
MEM_BLOCK_LENGTH_4100                                0         -nan%                0         -nan%
MEM_BLOCK_LENGTH_4200                                0         -nan%                0         -nan%
MEM_BLOCK_LENGTH_4300                                0         -nan%                0         -nan%
MEM_BLOCK_LENGTH_4400                                0         -nan%                0         -nan%
MEM_BLOCK_LENGTH_4500                                0         -nan%                0         -nan%
MEM_BLOCK_LENGTH_4600                                0         -nan%                0         -nan%
MEM_BLOCK_LENGTH_4700                                0         -nan%                0         -nan%
MEM_BLOCK_LENGTH_4800                                0         -nan%                0         -nan%
MEM_BLOCK_LENGTH_4900                                0         -nan%                0         -nan%
MEM_BLOCK_LENGTH_5000                                0         -nan%                0         -nan%
                                                     0         -nan%                0         -nan%
                                                  -nan         -nan              -nan         -nan

FUS_BUSY_ON_PATH                             101462488        2.4821        101462488        2.4821

FUS_BUSY_OFF_PATH                             33210762        0.8124         33210762        0.8124

FU_BUSY_MEM_STALL                              1760110        0.0431          1760110        0.0431

FUS_EMPTY                                    274106570        6.7055        274106570        6.7055

FU_UNAVAILABLE                                  147697        0.0036           147697        0.0036

FU_MEM_UNAVAILABLE                              230052        0.0056           230052        0.0056

FU_OTHER_UNAVAILABLE                                 0        0.0000                0        0.0000

FU_REPLAY                                            0        0.0000                0        0.0000

FU_STARVED                                   271181978        6.6339        271181978        6.6339

CHIP_UTILIZATION                                     0        0.0000                0        0.0000

CYCLES_UNDER_MEM_REQ                                 0                              0              

CYCLES_UNDER_NO_MEM_REQ                              0                              0              

CYCLES_UNDER_CRITICAL_MEM_REQ                        0                              0              

CYCLES_UNDER_NONCRITICAL_MEM_REQ                     0                              0              

CHIP_UTILIZATION_UNDER_MEM_REQ                       0          -nan                0          -nan

CHIP_UTILIZATION_UNDER_NO_MEM_REQ                    0          -nan                0          -nan

CHIP_UTILIZATION_UNDER_CRITICAL_MEM_REQ              0          -nan                0          -nan

CHIP_UTILIZATION_UNDER_NONCRITICAL_MEM_REQ             0          -nan                0          -nan

CYCLES_NOT_WAITING_FOR_OFF_CHIP                      0        0.0000                0        0.0000

FUS_BUSY_NOT_WAITING_FOR_OFF_CHIP                    0          -nan                0          -nan

CYCLES_WAITING_FOR_OFF_CHIP                          0        0.0000                0        0.0000

FUS_BUSY_WAITING_FOR_OFF_CHIP                        0          -nan                0          -nan

TOTAL_OFF_CHIP_DELAYS_LEFT                           0                              0              

WRONG_IO_SCHED                                       0                              0              

DVFS_CONFIG_SWITCH                                   0                              0              

MAP_STAGE_RECEIVED_OPS_0                             0        0.000%                0        0.000%
MAP_STAGE_RECEIVED_OPS_1                        579499        3.175%           579499        3.175%
MAP_STAGE_RECEIVED_OPS_2                        328781        1.801%           328781        1.801%
MAP_STAGE_RECEIVED_OPS_3                        924162        5.063%           924162        5.063%
MAP_STAGE_RECEIVED_OPS_4                        659803        3.615%           659803        3.615%
MAP_STAGE_RECEIVED_OPS_5                       1712957        9.384%          1712957        9.384%
MAP_STAGE_RECEIVED_OPS_6                      14048436       76.962%         14048436       76.962%
MAP_STAGE_RECEIVED_OPS_7                             0        0.000%                0        0.000%
MAP_STAGE_RECEIVED_OPS_8                             0        0.000%                0        0.000%
MAP_STAGE_RECEIVED_OPS_MAX                           0        0.000%                0        0.000%
                                              18253638      100.000%         18253638      100.000%
                                                  5.45         1.21              5.45         1.21

MAP_STAGE_WAIT_FOR_DECODE                            0         -nan%                0         -nan%
MAP_STAGE_CONSUME_DECODE                             0         -nan%                0         -nan%
                                                     0         -nan%                0         -nan%
                                                  -nan         -nan              -nan         -nan

MAP_STAGE_WAIT_FOR_DECODE2                           0         -nan%                0         -nan%
MAP_STAGE_CONSUME_DECODE2                            0         -nan%                0         -nan%
                                                     0         -nan%                0         -nan%
                                                  -nan         -nan              -nan         -nan

FTQ_RECOVER_EXEC                                601179                         601179              

FTQ_RECOVER_DECODE                                  10                             10              

FTQ_OFFPATH_CYCLES                            28706069                       28706069              

FTQ_CYCLES_OFFPATH                            28706069                       28706069              

FTQ_CYCLES_ONPATH                             12171913                       12171913              

FTQ_FETCHED_INS_ONPATH                       100784900                      100784900              

FTQ_FETCHED_INS_OFFPATH                      213062379                      213062379              

FTQ_BREAK_FULL_FT_ONPATH                           151                            151              

FTQ_BREAK_FULL_FT_OFFPATH                        58153                          58153              

FTQ_BREAK_PRED_BR_ONPATH                             0                              0              

FTQ_BREAK_PRED_BR_OFFPATH                            0                              0              

FTQ_BREAK_BAR_FETCH_ONPATH                           0                              0              

FTQ_BREAK_BAR_FETCH_OFFPATH                          0                              0              

FTQ_BREAK_MAX_CFS_TAKEN_ONPATH                       0                              0              

FTQ_BREAK_MAX_CFS_TAKEN_OFFPATH                      0                              0              

FTQ_BREAK_MAX_FT_ONPATH                       12171737                       12171737              

FTQ_BREAK_MAX_FT_OFFPATH                      28647916                       28647916              

DFE_GEN_ON_PATH_FT                            13910392                       13910392              

DFE_GEN_OFF_PATH_FT                           26937307                       26937307              

DFE_L0_ENABLED_PREDICTIONS                   100784900                      100784900              

DFE_L0_WRONG_MAIN_CORRECT                      1137404                        1137404              

DFE_L0_WRONG_MAIN_WRONG                         297920                         297920              

DFE_L0_CORRECT_MAIN_WRONG                       303269                         303269              

DFE_L0_CORRECT_MAIN_CORRECT                   99046307                       99046307              

DFE_L0_WRONG_MAIN_CORRECT_RECOVERY_SCHEDULED             0                              0              

FTQ_SAW_BAR_FETCH_OFFPATH                            0                              0              

FTQ_SAW_BAR_FETCH_ONPATH                             0                              0              

DFE_CONF_0_RECOVER_AT_EXEC                           0         -nan%                0         -nan%
DFE_CONF_1_RECOVER_AT_EXEC                           0         -nan%                0         -nan%
DFE_CONF_2_RECOVER_AT_EXEC                           0         -nan%                0         -nan%
DFE_CONF_3_RECOVER_AT_EXEC                           0         -nan%                0         -nan%
DFE_CONF_0_CORRECT                                   0         -nan%                0         -nan%
DFE_CONF_1_CORRECT                                   0         -nan%                0         -nan%
DFE_CONF_2_CORRECT                                   0         -nan%                0         -nan%
DFE_CONF_3_CORRECT                                   0         -nan%                0         -nan%
                                                     0         -nan%                0         -nan%
                                                  -nan         -nan              -nan         -nan

DFE_ON_CONF_ON_OPS                                   0         -nan%                0         -nan%
DFE_ON_CONF_OFF_OPS                                  0         -nan%                0         -nan%
DFE_OFF_CONF_ON_OPS                                  0         -nan%                0         -nan%
DFE_OFF_CONF_OFF_REALISTIC_OPS                       0         -nan%                0         -nan%
DFE_OFF_CONF_OFF_PERFECT_OPS                         0         -nan%                0         -nan%
                                                     0         -nan%                0         -nan%
                                                  -nan         -nan              -nan         -nan

DFE_ON_CONF_ON_FETCH_TARGETS                         0         -nan%                0         -nan%
DFE_ON_CONF_OFF_FETCH_TARGETS                        0         -nan%                0         -nan%
DFE_OFF_CONF_ON_FETCH_TARGETS                        0         -nan%                0         -nan%
DFE_OFF_CONF_OFF_REALISTIC_FETCH_TARGETS             0         -nan%                0         -nan%
DFE_OFF_CONF_OFF_PERFECT_FETCH_TARGETS               0         -nan%                0         -nan%
                                                     0         -nan%                0         -nan%
                                                  -nan         -nan              -nan         -nan

DFE_ON_CONF_ON_CYCLES                                0         -nan%                0         -nan%
DFE_ON_CONF_OFF_CYCLES                               0         -nan%                0         -nan%
DFE_OFF_CONF_ON_CYCLES                               0         -nan%                0         -nan%
DFE_OFF_CONF_OFF_REALISTIC_CYCLES                    0         -nan%                0         -nan%
DFE_OFF_CONF_OFF_PERFECT_CYCLES                      0         -nan%                0         -nan%
                                                     0         -nan%                0         -nan%
                                                  -nan         -nan              -nan         -nan

DFE_OFF_CONF_ON_NUM_EVENTS                           0                              0              

DFE_OFF_CONF_ON_NOT_IDENTIFIED_EVENTS                0         -nan%                0         -nan%
DFE_OFF_CONF_ON_IBTB_MISS_EVENTS                     0         -nan%                0         -nan%
DFE_OFF_CONF_ON_BTB_MISS_EVENTS                      0         -nan%                0         -nan%
DFE_OFF_CONF_ON_BTB_MISS_RECOVER_AT_EXEC_EVENTS             0         -nan%                0         -nan%
DFE_OFF_CONF_ON_RECOVER_AT_EXEC_EVENTS               0         -nan%                0         -nan%
DFE_OFF_CONF_ON_RECOVER_AT_DECODE_EVENTS             0         -nan%                0         -nan%
                                                     0         -nan%                0         -nan%
                                                  -nan         -nan              -nan         -nan

DFE_OFF_CONF_ON_LATE_BTB_HIT_EVENTS                  0                              0              

DFE_OFF_CONF_ON_NOT_IDENTIFIED_CYCLES                0         -nan%                0         -nan%
DFE_OFF_CONF_ON_IBTB_MISS_CYCLES                     0         -nan%                0         -nan%
DFE_OFF_CONF_ON_BTB_MISS_CYCLES                      0         -nan%                0         -nan%
DFE_OFF_CONF_ON_BTB_MISS_RECOVER_AT_EXEC_CYCLES             0         -nan%                0         -nan%
DFE_OFF_CONF_ON_RECOVER_AT_EXEC_CYCLES               0         -nan%                0         -nan%
DFE_OFF_CONF_ON_RECOVER_AT_DECODE_CYCLES             0         -nan%                0         -nan%
                                                     0         -nan%                0         -nan%
                                                  -nan         -nan              -nan         -nan

DFE_OFF_CONF_ON_LATE_BTB_HIT_CYCLES                  0                              0              

DFE_OFF_CONF_ON_NOT_IDENTIFIED_FETCH_TARGETS             0         -nan%                0         -nan%
DFE_OFF_CONF_ON_IBTB_MISS_FETCH_TARGETS              0         -nan%                0         -nan%
DFE_OFF_CONF_ON_BTB_MISS_FETCH_TARGETS               0         -nan%                0         -nan%
DFE_OFF_CONF_ON_BTB_MISS_RECOVER_AT_EXEC_FETCH_TARGETS             0         -nan%                0         -nan%
DFE_OFF_CONF_ON_RECOVER_AT_EXEC_FETCH_TARGETS             0         -nan%                0         -nan%
DFE_OFF_CONF_ON_RECOVER_AT_DECODE_FETCH_TARGETS             0         -nan%                0         -nan%
                                                     0         -nan%                0         -nan%
                                                  -nan         -nan              -nan         -nan

DFE_OFF_CONF_ON_LATE_BTB_HIT_FETCH_TARGETS             0                              0              

DFE_OFF_CONF_ON_BP_INCORRECT_0_CONF                  0         -nan%                0         -nan%
DFE_OFF_CONF_ON_BP_INCORRECT_1_CONF                  0         -nan%                0         -nan%
DFE_OFF_CONF_ON_BP_INCORRECT_2_CONF                  0         -nan%                0         -nan%
DFE_OFF_CONF_ON_BP_INCORRECT_3_CONF                  0         -nan%                0         -nan%
                                                     0         -nan%                0         -nan%
                                                  -nan         -nan              -nan         -nan

DFE_OFF_CONF_ON_BTB_MISS_CBR_0_CONF                  0         -nan%                0         -nan%
DFE_OFF_CONF_ON_BTB_MISS_CBR_1_CONF                  0         -nan%                0         -nan%
DFE_OFF_CONF_ON_BTB_MISS_CBR_2_CONF                  0         -nan%                0         -nan%
DFE_OFF_CONF_ON_BTB_MISS_CBR_3_CONF                  0         -nan%                0         -nan%
                                                     0         -nan%                0         -nan%
                                                  -nan         -nan              -nan         -nan

DFE_OFF_CONF_ON_BTB_MISS_NOT_CF                      0         -nan%                0         -nan%
DFE_OFF_CONF_ON_BTB_MISS_CF_BR                       0         -nan%                0         -nan%
DFE_OFF_CONF_ON_BTB_MISS_CF_CBR                      0         -nan%                0         -nan%
DFE_OFF_CONF_ON_BTB_MISS_CF_CALL                     0         -nan%                0         -nan%
DFE_OFF_CONF_ON_BTB_MISS_CF_IBR                      0         -nan%                0         -nan%
DFE_OFF_CONF_ON_BTB_MISS_CF_ICALL                    0         -nan%                0         -nan%
DFE_OFF_CONF_ON_BTB_MISS_CF_ICO                      0         -nan%                0         -nan%
DFE_OFF_CONF_ON_BTB_MISS_CF_RET                      0         -nan%                0         -nan%
DFE_OFF_CONF_ON_BTB_MISS_CF_SYS                      0         -nan%                0         -nan%
                                                     0         -nan%                0         -nan%
                                                  -nan         -nan              -nan         -nan

DFE_ON_CONF_OFF_NUM_EVENTS                           0                              0              

CONF_BTB_NUM_CYCLES_OFF_PATH_EVENT                   0                              0              

DFE_ON_CONF_OFF_IBTB_MISS_BP_TAKEN                   0         -nan%                0         -nan%
DFE_ON_CONF_OFF_BTB_MISS_BP_TAKEN_CONF_0             0         -nan%                0         -nan%
DFE_ON_CONF_OFF_BTB_MISS_BP_TAKEN_CONF_1             0         -nan%                0         -nan%
DFE_ON_CONF_OFF_BTB_MISS_BP_TAKEN_CONF_2             0         -nan%                0         -nan%
DFE_ON_CONF_OFF_BTB_MISS_BP_TAKEN_CONF_3             0         -nan%                0         -nan%
DFE_ON_CONF_OFF_BTB_MISS_RATE                        0         -nan%                0         -nan%
DFE_ON_CONF_OFF_IBTB_MISS_RATE                       0         -nan%                0         -nan%
DFE_ON_CONF_OFF_RECOVER_AT_DECODE_RATE               0         -nan%                0         -nan%
DFE_ON_CONF_OFF_RECOVER_AT_EXEC_RATE                 0         -nan%                0         -nan%
DFE_ON_CONF_OFF_INV_CONF_INC                         0         -nan%                0         -nan%
DFE_ON_CONF_OFF_PERFECT_CONF                         0         -nan%                0         -nan%
                                                     0         -nan%                0         -nan%
                                                  -nan         -nan              -nan         -nan

DFE_ON_CONF_OFF_IBTB_MISS_BP_TAKEN_CYCLES             0         -nan%                0         -nan%
DFE_ON_CONF_OFF_BTB_MISS_BP_TAKEN_CONF_0_CYCLES             0         -nan%                0         -nan%
DFE_ON_CONF_OFF_BTB_MISS_BP_TAKEN_CONF_1_CYCLES             0         -nan%                0         -nan%
DFE_ON_CONF_OFF_BTB_MISS_BP_TAKEN_CONF_2_CYCLES             0         -nan%                0         -nan%
DFE_ON_CONF_OFF_BTB_MISS_BP_TAKEN_CONF_3_CYCLES             0         -nan%                0         -nan%
DFE_ON_CONF_OFF_BTB_MISS_RATE_CYCLES                 0         -nan%                0         -nan%
DFE_ON_CONF_OFF_IBTB_MISS_RATE_CYCLES                0         -nan%                0         -nan%
DFE_ON_CONF_OFF_RECOVER_AT_DECODE_RATE_CYCLES             0         -nan%                0         -nan%
DFE_ON_CONF_OFF_RECOVER_AT_EXEC_RATE_CYCLES             0         -nan%                0         -nan%
DFE_ON_CONF_OFF_INV_CONF_INC_CYCLES                  0         -nan%                0         -nan%
DFE_ON_CONF_OFF_PERFECT_CONF_CYCLES                  0         -nan%                0         -nan%
                                                     0         -nan%                0         -nan%
                                                  -nan         -nan              -nan         -nan

DFE_ON_CONF_OFF_IBTB_MISS_BP_TAKEN_FETCH_TARGETS             0         -nan%                0         -nan%
DFE_ON_CONF_OFF_BTB_MISS_BP_TAKEN_CONF_0_FETCH_TARGETS             0         -nan%                0         -nan%
DFE_ON_CONF_OFF_BTB_MISS_BP_TAKEN_CONF_1_FETCH_TARGETS             0         -nan%                0         -nan%
DFE_ON_CONF_OFF_BTB_MISS_BP_TAKEN_CONF_2_FETCH_TARGETS             0         -nan%                0         -nan%
DFE_ON_CONF_OFF_BTB_MISS_BP_TAKEN_CONF_3_FETCH_TARGETS             0         -nan%                0         -nan%
DFE_ON_CONF_OFF_BTB_MISS_RATE_FETCH_TARGETS             0         -nan%                0         -nan%
DFE_ON_CONF_OFF_IBTB_MISS_RATE_FETCH_TARGETS             0         -nan%                0         -nan%
DFE_ON_CONF_OFF_RECOVER_AT_DECODE_RATE_FETCH_TARGETS             0         -nan%                0         -nan%
DFE_ON_CONF_OFF_RECOVER_AT_EXEC_RATE_FETCH_TARGETS             0         -nan%                0         -nan%
DFE_ON_CONF_OFF_INV_CONF_INC_FETCH_TARGETS             0         -nan%                0         -nan%
DFE_ON_CONF_OFF_PERFECT_CONF_FETCH_TARGETS             0         -nan%                0         -nan%
                                                     0         -nan%                0         -nan%
                                                  -nan         -nan              -nan         -nan

CONF_OFF_IBTB_MISS_BP_TAKEN                          0         -nan%                0         -nan%
CONF_OFF_BTB_MISS_BP_TAKEN_CONF_0                    0         -nan%                0         -nan%
CONF_OFF_BTB_MISS_BP_TAKEN_CONF_1                    0         -nan%                0         -nan%
CONF_OFF_BTB_MISS_BP_TAKEN_CONF_2                    0         -nan%                0         -nan%
CONF_OFF_BTB_MISS_BP_TAKEN_CONF_3                    0         -nan%                0         -nan%
CONF_OFF_BTB_MISS_RATE                               0         -nan%                0         -nan%
CONF_OFF_IBTB_MISS_RATE                              0         -nan%                0         -nan%
CONF_OFF_RECOVER_AT_DECODE_RATE                      0         -nan%                0         -nan%
CONF_OFF_RECOVER_AT_EXEC_RATE                        0         -nan%                0         -nan%
CONF_OFF_INV_CONF_INC                                0         -nan%                0         -nan%
CONF_OFF_PERFECT_CONF                                0         -nan%                0         -nan%
                                                     0         -nan%                0         -nan%
                                                  -nan         -nan              -nan         -nan

TOPDOWN_TOTAL_SLOTS                          245267892                      245267892              

TOPDOWN_ISSUED_SLOTS                         201248814                      201248814              

TOPDOWN_RETIRED_SLOTS                        100784900                      100784900              

TOPDOWN_FETCH_BUBBLES_SLOTS                   32240362                       32240362              

TOPDOWN_RECOVERY_BUBBLES_SLOTS                 9838079                        9838079              

TOPDOWN_MEM_LOAD_STALLS_CYCLES                  316691                         316691              

TOPDOWN_MEM_STORE_STALLS_CYCLES                      0                              0              

TOPDOWN_EXEC_STALLS_CYCLES                     4372804                        4372804              

TOPDOWN_BACKEND_STALLS_CYCLES                   316693                         316693              

TOPDOWN_FETCH_BUBBLES_GT_MIW_CYCLES            3221215                        3221215              

TOPDOWN_BR_RECOVER_AT_EXEC_RETIRED_CYCLES        601179                         601179              

TOPDOWN_MACHINE_CLEAR_CYCLES                   1738593                        1738593              

TOPDOWN_FRONTEND_BOUND                            1314                           1314              

TOPDOWN_BACKEND_BOUND                               80                             80              

TOPDOWN_BAD_SPEC_BOUND                            4497                           4497              

TOPDOWN_RETIRING_BOUND                            4109                           4109              

TOPDOWN_FETCH_LATENCY_BOUND                        788                            788              

TOPDOWN_FETCH_BANDWIDTH_BOUND                      526                            526              

TOPDOWN_MEM_BOUND                                   79                             79              

TOPDOWN_CORE_BOUND                                   1                              1              

TOPDOWN_BR_RECOVER_AT_EXEC_BOUND                  1155                           1155              

TOPDOWN_MACHINE_CLEARS_BOUND                      3342                           3342              

H2P_SEEN_MAIN                                   896565                         896565              



