/* -*- Mode: c -*- */
####################################################################################################
Core 0
####################################################################################################
Cumulative:        Cycles: 6647750               Instructions: 29999999              IPC: 4.51280

Periodic:          Cycles: 6647750               Instructions: 29999999              IPC: 4.51280

EXECUTION_TIME                           2077421875000                  2077421875000              

SIM_HOST_WALL_SECONDS                       311.757738                     311.757738              

NODE_CYCLE                                     6647750                        6647750              

NODE_INST_COUNT                               30000387                       30000387              

NODE_INST_COUNT_FETCHED                       29999999                       29999999              

NODE_UOP_COUNT                                34625858                       34625858              

EXEC_STAGE_NO_ISSUE_STALL_CYCLE                6345082                        6345082              

EXEC_STAGE_NO_ISSUE_STALL_CYCLE_ONPATH         6211528                        6211528              

FULL_WINDOW_STALL                                 6049        0.091%             6049        0.091%

FULL_WINDOW_MEM_OP                                5268       90.875%             5268       90.875%
FULL_WINDOW_FP_OP                                    0        0.000%                0        0.000%
FULL_WINDOW_OTHER_OP                               529        9.125%              529        9.125%
                                                  5797      100.000%             5797      100.000%
                                                  0.18         0.55              0.18         0.55

RET_BLOCKED_DC_MISS                             121961        1.835%           121961        1.835%

RET_BLOCKED_L1_MISS                             100304        1.509%           100304        1.509%

RET_BLOCKED_L1_MISS_BW_PREF                       9415        0.142%             9415        0.142%

RET_BLOCKED_L1_ACCESS                            45096        0.678%            45096        0.678%

RET_BLOCKED_MEM_STALL                           122724        1.846%           122724        1.846%

RET_BLOCKED_OFFCHIP_DEMAND                           0        0.000%                0        0.000%

OP_ISSUED                                     35035593                       35035593              

OP_RETIRED                                    34625858                       34625858              

OP_MACRO_FUSION_ONPATH                         4922473                        4922473              

OP_MACRO_FUSION_OFFPATH                         111891                         111891              

REPLAY_SIGNALED                                      0                              0              

REPLAY_COUNTED                                       0                              0              

OFF_CRITICAL_PATH                                    0         -nan%                0         -nan%
ON_CRITICAL_PATH                                     0         -nan%                0         -nan%
                                                     0         -nan%                0         -nan%
                                                  -nan         -nan              -nan         -nan

LD_NO_DEPENDENTS                                488836        7.444%           488836        7.444%
LD_DEPENDENTS                                  6077911       92.556%          6077911       92.556%
                                               6566747      100.000%          6566747      100.000%
                                                  0.93         0.89              0.93         0.89

LD_EXEC_CYCLES_0                                     0        0.000%                0        0.000%
LD_EXEC_CYCLES_1                                450923       62.242%           450923       62.242%
LD_EXEC_CYCLES_2                                 57686        7.963%            57686        7.963%
LD_EXEC_CYCLES_3                                 63774        8.803%            63774        8.803%
LD_EXEC_CYCLES_4                                152084       20.993%           152084       20.993%
                                                724467      100.000%           724467      100.000%
                                                  1.89         1.51              1.89         1.51

ICACHE_STAGE_STARVED                            215515        3.474%           215515        3.474%
ICACHE_STAGE_NOT_STARVED                       5987452       96.526%          5987452       96.526%
                                               6202967      100.000%          6202967      100.000%
                                                  0.97         0.95              0.97         0.95

ICACHE_STAGE_STALLED                            989798       14.889%           989798       14.889%
ICACHE_STAGE_NOT_STALLED                       5213169       78.420%          5213169       78.420%
ICACHE_STAGE_OFF_PATH                           444783        6.691%           444783        6.691%
                                               6647750      100.000%          6647750      100.000%
                                                  0.92         0.37              0.92         0.37

DECODE_STAGE_STARVED                           6481557       99.552%          6481557       99.552%
DECODE_STAGE_NOT_STARVED                         29194        0.448%            29194        0.448%
                                               6510751      100.000%          6510751      100.000%
                                                  0.00         0.07              0.00         0.07

DECODE_STAGE_STALLED                              1106        0.017%             1106        0.017%
DECODE_STAGE_NOT_STALLED                       6509645       97.923%          6509645       97.923%
DECODE_STAGE_OFF_PATH                           136999        2.061%           136999        2.061%
                                               6647750      100.000%          6647750      100.000%
                                                  1.02         0.20              1.02         0.20

UOPQ_STAGE_STARVED                             1080661       20.189%          1080661       20.189%
UOPQ_STAGE_NOT_STARVED                         4271981       79.811%          4271981       79.811%
                                               5352642      100.000%          5352642      100.000%
                                                  0.80         0.74              0.80         0.74

UOPQ_STAGE_STALLED                              996588       14.991%           996588       14.991%
UOPQ_STAGE_NOT_STALLED                         5352642       80.518%          5352642       80.518%
UOPQ_STAGE_OFF_PATH                             298520        4.491%           298520        4.491%
                                               6647750      100.000%          6647750      100.000%
                                                  0.89         0.32              0.89         0.32

RS_OP_READY_NOT_ISSUED_TOTAL                  25389936                       25389936              

RS_0_OP_READY_NOT_ISSUED                      17744845                       17744845              

RS_1_OP_READY_NOT_ISSUED                       2729327                        2729327              

RS_2_OP_READY_NOT_ISSUED                       4915764                        4915764              

RS_3_OP_READY_NOT_ISSUED                             0                              0              

RS_4_OP_READY_NOT_ISSUED                             0                              0              

RS_5_OP_READY_NOT_ISSUED                             0                              0              

RS_6_OP_READY_NOT_ISSUED                             0                              0              

RS_7_OP_READY_NOT_ISSUED                             0                              0              

RS_7_PLUS_OP_READY_NOT_ISSUED                        0                              0              

FU_IDLE_NO_READY_OPS_TOTAL                    14154460                       14154460              

FU_0_IDLE_NO_READY_OPS                          337585                         337585              

FU_1_IDLE_NO_READY_OPS                          534890                         534890              

FU_2_IDLE_NO_READY_OPS                         1973214                        1973214              

FU_3_IDLE_NO_READY_OPS                         1971350                        1971350              

FU_4_IDLE_NO_READY_OPS                          571303                         571303              

FU_5_IDLE_NO_READY_OPS                          323109                         323109              

FU_6_IDLE_NO_READY_OPS                         2957198                        2957198              

FU_7_IDLE_NO_READY_OPS                         2963836                        2963836              

FU_8_IDLE_NO_READY_OPS                          551850                         551850              

FU_9_IDLE_NO_READY_OPS                         1970125                        1970125              

FU_10_IDLE_NO_READY_OPS                              0                              0              

FU_11_IDLE_NO_READY_OPS                              0                              0              

FU_12_IDLE_NO_READY_OPS                              0                              0              

FU_13_IDLE_NO_READY_OPS                              0                              0              

FU_14_IDLE_NO_READY_OPS                              0                              0              

FU_15_IDLE_NO_READY_OPS                              0                              0              

FU_16_IDLE_NO_READY_OPS                              0                              0              

FU_17_IDLE_NO_READY_OPS                              0                              0              

FU_18_IDLE_NO_READY_OPS                              0                              0              

FU_19_IDLE_NO_READY_OPS                              0                              0              

FU_20_IDLE_NO_READY_OPS                              0                              0              

FU_21_IDLE_NO_READY_OPS                              0                              0              

FU_22_IDLE_NO_READY_OPS                              0                              0              

FU_23_IDLE_NO_READY_OPS                              0                              0              

FU_24_IDLE_NO_READY_OPS                              0                              0              

FU_25_IDLE_NO_READY_OPS                              0                              0              

FU_26_IDLE_NO_READY_OPS                              0                              0              

FU_27_IDLE_NO_READY_OPS                              0                              0              

FU_28_IDLE_NO_READY_OPS                              0                              0              

FU_29_IDLE_NO_READY_OPS                              0                              0              

FU_30_IDLE_NO_READY_OPS                              0                              0              

FU_31_IDLE_NO_READY_OPS                              0                              0              

FU_31_PLUS_IDLE_NO_READY_OPS                         0                              0              

MAP_STAGE_STARVED                               120577        2.036%           120577        2.036%
MAP_STAGE_NOT_STARVED                          5800398       97.964%          5800398       97.964%
                                               5920975      100.000%          5920975      100.000%
                                                  0.98         0.97              0.98         0.97

MAP_STAGE_STALLED                                   98        0.002%               98        0.002%
MAP_STAGE_NOT_STALLED                          5920877       96.792%          5920877       96.792%
MAP_STAGE_OFF_PATH                              196163        3.207%           196163        3.207%
                                               6117138      100.000%          6117138      100.000%
                                                  1.03         0.26              1.03         0.26

MAP_STAGE_STALL_ITSELF                          530612        7.982%           530612        7.982%
MAP_STAGE_NOT_STALL_ITSELF                     6117138       92.018%          6117138       92.018%
                                               6647750      100.000%          6647750      100.000%
                                                  0.92         0.89              0.92         0.89

MAP_STAGE_LATE_ALLOCATE_SEND_BACK                    0                              0              

MAP_STAGE_RENAME_OP_ONPATH                    34625858                       34625858              

MAP_STAGE_RENAME_OP_OFFPATH                     928614                         928614              

MAP_STAGE_RENAME_INT_REG_ONPATH               27494290                       27494290              

MAP_STAGE_RENAME_INT_REG_OFFPATH                609373                         609373              

MAP_STAGE_RENAME_VEC_REG_ONPATH                 441005                         441005              

MAP_STAGE_RENAME_VEC_REG_OFFPATH                  7976                           7976              

MAP_STAGE_RENAME_MOVE_ELIM_ONPATH                    0                              0              

MAP_STAGE_RENAME_MOVE_ELIM_OFFPATH                   0                              0              

MAP_STAGE_ONPATH_INT_REG_NUM_ALLOC            29943946                       29943946              

MAP_STAGE_ONPATH_VEC_REG_NUM_ALLOC              440993                         440993              

MAP_STAGE_ONPATH_INT_REG_NUM_SHORTLIVE        10641192                       10641192              

MAP_STAGE_ONPATH_VEC_REG_NUM_SHORTLIVE          165308                         165308              

MAP_STAGE_ONPATH_INT_REG_USE_COUNT_0           7270217                        7270217              

MAP_STAGE_ONPATH_VEC_REG_USE_COUNT_0             84775                          84775              

MAP_STAGE_ONPATH_INT_REG_USE_COUNT_1          15223373                       15223373              

MAP_STAGE_ONPATH_VEC_REG_USE_COUNT_1            278568                         278568              

MAP_STAGE_ONPATH_INT_REG_USE_COUNT_2           4881883                        4881883              

MAP_STAGE_ONPATH_VEC_REG_USE_COUNT_2             60762                          60762              

MAP_STAGE_ONPATH_INT_REG_USE_COUNT_3           1265238                        1265238              

MAP_STAGE_ONPATH_VEC_REG_USE_COUNT_3                80                             80              

MAP_STAGE_ONPATH_INT_REG_USE_COUNT_4            592318                         592318              

MAP_STAGE_ONPATH_VEC_REG_USE_COUNT_4             16798                          16798              

MAP_STAGE_ONPATH_INT_REG_USE_COUNT_5            194571                         194571              

MAP_STAGE_ONPATH_VEC_REG_USE_COUNT_5                 1                              1              

MAP_STAGE_ONPATH_INT_REG_USE_COUNT_6            143749                         143749              

MAP_STAGE_ONPATH_VEC_REG_USE_COUNT_6                 1                              1              

MAP_STAGE_ONPATH_INT_REG_USE_COUNT_7_PLUS        372597                         372597              

MAP_STAGE_ONPATH_VEC_REG_USE_COUNT_7_PLUS             8                              8              

MAP_STAGE_ONPATH_INT_REG_CONSUME_DIST_0              0        0.0000                0        0.0000

MAP_STAGE_ONPATH_VEC_REG_CONSUME_DIST_0              0        0.0000                0        0.0000

MAP_STAGE_ONPATH_INT_REG_CONSUME_DIST_1              0        0.0000                0        0.0000

MAP_STAGE_ONPATH_VEC_REG_CONSUME_DIST_1              0        0.0000                0        0.0000

MAP_STAGE_ONPATH_INT_REG_CONSUME_DIST_2       11574841        2.3710         11574841        2.3710

MAP_STAGE_ONPATH_VEC_REG_CONSUME_DIST_2        8182107      134.6583          8182107      134.6583

MAP_STAGE_ONPATH_INT_REG_CONSUME_DIST_3        6049420        4.7813          6049420        4.7813

MAP_STAGE_ONPATH_VEC_REG_CONSUME_DIST_3          16292      203.6500            16292      203.6500

MAP_STAGE_ONPATH_INT_REG_CONSUME_DIST_4        4696458        7.9289          4696458        7.9289

MAP_STAGE_ONPATH_VEC_REG_CONSUME_DIST_4          17185        1.0230            17185        1.0230

MAP_STAGE_ONPATH_INT_REG_CONSUME_DIST_5        2829114       14.5403          2829114       14.5403

MAP_STAGE_ONPATH_VEC_REG_CONSUME_DIST_5              3        3.0000                3        3.0000

MAP_STAGE_ONPATH_INT_REG_CONSUME_DIST_6        2847034       19.8056          2847034       19.8056

MAP_STAGE_ONPATH_VEC_REG_CONSUME_DIST_6           3123     3123.0000             3123     3123.0000

MAP_STAGE_ONPATH_INT_REG_CONSUME_DIST_7_PLUS      11329828       30.4077         11329828       30.4077

MAP_STAGE_ONPATH_VEC_REG_CONSUME_DIST_7_PLUS           145       18.1250              145       18.1250

MAP_STAGE_INT_REG_ISSUE_READ_TOTAL_CONSUMED      39645717        6.2483         39645717        6.2483

MAP_STAGE_VEC_REG_ISSUE_READ_TOTAL_CONSUMED        470366        0.0741           470366        0.0741

MAP_STAGE_INT_REG_ISSUE_READ_MULTI_CONSUMED      16814769        2.6500         16814769        2.6500

MAP_STAGE_VEC_REG_ISSUE_READ_MULTI_CONSUMED        112242        0.0177           112242        0.0177

MAP_STAGE_INT_REG_ISSUE_READ_SAME_CYCLE_CONSUMED       8452867        1.3322          8452867        1.3322

MAP_STAGE_VEC_REG_ISSUE_READ_SAME_CYCLE_CONSUMED         50146        0.0079            50146        0.0079

MAP_STAGE_INT_REG_ISSUE_READ_TOTAL_CONSUMED_ONPATH      39327641        6.3314         39327641        6.3314

MAP_STAGE_VEC_REG_ISSUE_READ_TOTAL_CONSUMED_ONPATH        467722        0.0753           467722        0.0753

MAP_STAGE_INT_REG_ISSUE_READ_MULTI_CONSUMED_ONPATH      16653890        2.6811         16653890        2.6811

MAP_STAGE_VEC_REG_ISSUE_READ_MULTI_CONSUMED_ONPATH        111492        0.0179           111492        0.0179

MAP_STAGE_INT_REG_ISSUE_READ_SAME_CYCLE_CONSUMED_ONPATH       8375258        1.3483          8375258        1.3483

MAP_STAGE_VEC_REG_ISSUE_READ_SAME_CYCLE_CONSUMED_ONPATH         49918        0.0080            49918        0.0080

MAP_STAGE_ONPATH_INT_REG_LIFECYCLE_EMPTY     827431887                      827431887              

MAP_STAGE_ONPATH_VEC_REG_LIFECYCLE_EMPTY      27300605                       27300605              

MAP_STAGE_ONPATH_INT_REG_LIFECYCLE_IN_USE    1042478827                     1042478827              

MAP_STAGE_ONPATH_VEC_REG_LIFECYCLE_IN_USE      41897559                       41897559              

MAP_STAGE_ONPATH_INT_REG_LIFECYCLE_SPEC_RELEASE    1398597452                     1398597452              

MAP_STAGE_ONPATH_VEC_REG_LIFECYCLE_SPEC_RELEASE      74360901                       74360901              

MAP_STAGE_ONPATH_INT_REG_LIFECYCLE_NONSPEC_RELEASE    1398597452                     1398597452              

MAP_STAGE_ONPATH_VEC_REG_LIFECYCLE_NONSPEC_RELEASE      74360901                       74360901              

MAP_STAGE_ONPATH_INT_REG_LIFECYCLE_TOTAL    1398597452                     1398597452              

MAP_STAGE_ONPATH_VEC_REG_LIFECYCLE_TOTAL      74360901                       74360901              

MAP_STAGE_ONPATH_INT_REG_NUM_NONBRANCH        29943946                       29943946              

MAP_STAGE_ONPATH_VEC_REG_NUM_NONBRANCH          440993                         440993              

MAP_STAGE_ONPATH_INT_REG_NUM_NONEXCEPT        29943946                       29943946              

MAP_STAGE_ONPATH_VEC_REG_NUM_NONEXCEPT          440993                         440993              

MAP_STAGE_ONPATH_INT_REG_NUM_ATOMIC           29943946                       29943946              

MAP_STAGE_ONPATH_VEC_REG_NUM_ATOMIC             440993                         440993              

MAP_STAGE_ONPATH_INT_REG_ATOMIC_REDEFINED_DIST_TOTAL    1398597452       46.7072       1398597452       46.7072

MAP_STAGE_ONPATH_VEC_REG_ATOMIC_REDEFINED_DIST_TOTAL      74360901      168.6215         74360901      168.6215

MAP_STAGE_ONPATH_INT_REG_ATOMIC_CONSUMED_DIST_TOTAL    1042478827       34.8143       1042478827       34.8143

MAP_STAGE_ONPATH_VEC_REG_ATOMIC_CONSUMED_DIST_TOTAL      41897559       95.0073         41897559       95.0073

MAP_STAGE_ONPATH_INT_REG_ATOMIC_RELEASE_DIST_TOTAL    1398597452       46.7072       1398597452       46.7072

MAP_STAGE_ONPATH_VEC_REG_ATOMIC_RELEASE_DIST_TOTAL      74360901      168.6215         74360901      168.6215

EXEC_STAGE_STARVED                             5200381       78.228%          5200381       78.228%
EXEC_STAGE_NOT_STARVED                         1276719       19.205%          1276719       19.205%
EXEC_STAGE_OFF_PATH                             170650        2.567%           170650        2.567%
                                               6647750      100.000%          6647750      100.000%
                                                  0.24         0.44              0.24         0.44

FU_BUSY_0                                      5310330                        5310330              

FU_BUSY_1                                      4938581                        4938581              

FU_BUSY_2                                      2369056                        2369056              

FU_BUSY_3                                      2371577                        2371577              

FU_BUSY_4                                      4559333                        4559333              

FU_BUSY_5                                      5450582                        5450582              

FU_BUSY_6                                      2156570                        2156570              

FU_BUSY_7                                      2151323                        2151323              

FU_BUSY_8                                      4686324                        4686324              

FU_BUSY_9                                      2372134                        2372134              

FU_BUSY_10                                           0                              0              

FU_BUSY_11                                           0                              0              

FU_BUSY_12                                           0                              0              

FU_BUSY_13                                           0                              0              

FU_BUSY_14                                           0                              0              

FU_BUSY_15                                           0                              0              

FU_BUSY_16                                           0                              0              

FU_BUSY_17                                           0                              0              

FU_BUSY_18                                           0                              0              

FU_BUSY_19                                           0                              0              

FU_BUSY_20                                           0                              0              

FU_BUSY_21                                           0                              0              

FU_BUSY_22                                           0                              0              

FU_BUSY_23                                           0                              0              

FU_BUSY_24                                           0                              0              

FU_BUSY_25                                           0                              0              

FU_BUSY_26                                           0                              0              

FU_BUSY_27                                           0                              0              

FU_BUSY_28                                           0                              0              

FU_BUSY_29                                           0                              0              

FU_BUSY_30                                           0                              0              

FU_BUSY_31                                           0                              0              

FU_REJECTED_OP_INV_NOT_SIMD                          0        0.000%                0        0.000%
FU_REJECTED_OP_NOP_NOT_SIMD                        758        0.089%              758        0.089%
FU_REJECTED_OP_CF_NOT_SIMD                         426        0.050%              426        0.050%
FU_REJECTED_OP_MOV_NOT_SIMD                      74202        8.675%            74202        8.675%
FU_REJECTED_OP_CMOV_NOT_SIMD                         6        0.001%                6        0.001%
FU_REJECTED_OP_LDA_NOT_SIMD                      29562        3.456%            29562        3.456%
FU_REJECTED_OP_IMEM_NOT_SIMD                    244889       28.630%           244889       28.630%
FU_REJECTED_OP_IADD_NOT_SIMD                    114557       13.393%           114557       13.393%
FU_REJECTED_OP_IMUL_NOT_SIMD                    136607       15.971%           136607       15.971%
FU_REJECTED_OP_IDIV_NOT_SIMD                        30        0.004%               30        0.004%
FU_REJECTED_OP_ICMP_NOT_SIMD                        14        0.002%               14        0.002%
FU_REJECTED_OP_LOGIC_NOT_SIMD                    42933        5.019%            42933        5.019%
FU_REJECTED_OP_SHIFT_NOT_SIMD                   191083       22.340%           191083       22.340%
FU_REJECTED_OP_FMEM_NOT_SIMD                       343        0.040%              343        0.040%
FU_REJECTED_OP_FCVT_NOT_SIMD                         0        0.000%                0        0.000%
FU_REJECTED_OP_FADD_NOT_SIMD                         0        0.000%                0        0.000%
FU_REJECTED_OP_FMUL_NOT_SIMD                         0        0.000%                0        0.000%
FU_REJECTED_OP_FMA_NOT_SIMD                          0        0.000%                0        0.000%
FU_REJECTED_OP_FDIV_NOT_SIMD                         0        0.000%                0        0.000%
FU_REJECTED_OP_FCMP_NOT_SIMD                         0        0.000%                0        0.000%
FU_REJECTED_OP_FCMOV_NOT_SIMD                        0        0.000%                0        0.000%
FU_REJECTED_OP_GATHER_NOT_SIMD                       0        0.000%                0        0.000%
FU_REJECTED_OP_SCATTER_NOT_SIMD                      0        0.000%                0        0.000%
FU_REJECTED_OP_PIPELINED_FAST_NOT_SIMD               0        0.000%                0        0.000%
FU_REJECTED_OP_PIPELINED_MEDIUM_NOT_SIMD             0        0.000%                0        0.000%
FU_REJECTED_OP_PIPELINED_SLOW_NOT_SIMD               0        0.000%                0        0.000%
FU_REJECTED_OP_NOTPIPELINED_MEDIUM_NOT_SIMD             0        0.000%                0        0.000%
FU_REJECTED_OP_NOTPIPELINED_SLOW_NOT_SIMD             0        0.000%                0        0.000%
FU_REJECTED_OP_NOTPIPELINED_VERY_SLOW_NOT_SIMD            12        0.001%               12        0.001%
FU_REJECTED_OP_INV_SIMD                              0        0.000%                0        0.000%
FU_REJECTED_OP_NOP_SIMD                           3558        0.416%             3558        0.416%
FU_REJECTED_OP_CF_SIMD                               0        0.000%                0        0.000%
FU_REJECTED_OP_MOV_SIMD                            113        0.013%              113        0.013%
FU_REJECTED_OP_CMOV_SIMD                             0        0.000%                0        0.000%
FU_REJECTED_OP_LDA_SIMD                              0        0.000%                0        0.000%
FU_REJECTED_OP_IMEM_SIMD                             0        0.000%                0        0.000%
FU_REJECTED_OP_IADD_SIMD                             0        0.000%                0        0.000%
FU_REJECTED_OP_IMUL_SIMD                             1        0.000%                1        0.000%
FU_REJECTED_OP_IDIV_SIMD                             0        0.000%                0        0.000%
FU_REJECTED_OP_ICMP_SIMD                             0        0.000%                0        0.000%
FU_REJECTED_OP_LOGIC_SIMD                            8        0.001%                8        0.001%
FU_REJECTED_OP_SHIFT_SIMD                           28        0.003%               28        0.003%
FU_REJECTED_OP_FMEM_SIMD                             5        0.001%                5        0.001%
FU_REJECTED_OP_FCVT_SIMD                           133        0.016%              133        0.016%
FU_REJECTED_OP_FADD_SIMD                         16050        1.876%            16050        1.876%
FU_REJECTED_OP_FMUL_SIMD                             0        0.000%                0        0.000%
FU_REJECTED_OP_FMA_SIMD                              0        0.000%                0        0.000%
FU_REJECTED_OP_FDIV_SIMD                             0        0.000%                0        0.000%
FU_REJECTED_OP_FCMP_SIMD                             0        0.000%                0        0.000%
FU_REJECTED_OP_FCMOV_SIMD                            0        0.000%                0        0.000%
FU_REJECTED_OP_GATHER_SIMD                           0        0.000%                0        0.000%
FU_REJECTED_OP_SCATTER_SIMD                          0        0.000%                0        0.000%
FU_REJECTED_OP_PIPELINED_FAST_SIMD                   0        0.000%                0        0.000%
FU_REJECTED_OP_PIPELINED_MEDIUM_SIMD                 0        0.000%                0        0.000%
FU_REJECTED_OP_PIPELINED_SLOW_SIMD                  37        0.004%               37        0.004%
FU_REJECTED_OP_NOTPIPELINED_MEDIUM_SIMD              0        0.000%                0        0.000%
FU_REJECTED_OP_NOTPIPELINED_SLOW_SIMD                0        0.000%                0        0.000%
FU_REJECTED_OP_NOTPIPELINED_VERY_SLOW_SIMD             0        0.000%                0        0.000%
                                                855355      100.000%           855355      100.000%
                                                  8.57         5.85              8.57         5.85

LSQ_FULL_TOTAL                                     112                            112              

LSQ_FULL_LOAD_QUEUE                                  0                              0              

LSQ_FULL_STORE_QUEUE                               112                            112              

OP_WAIT_0                                     23811390                       23811390              

OP_WAIT_1                                      4563967                        4563967              

OP_WAIT_2                                      1622171                        1622171              

OP_WAIT_3                                      1037074                        1037074              

OP_WAIT_4                                       763673                         763673              

OP_WAIT_5                                       518643                         518643              

OP_WAIT_6                                       426811                         426811              

OP_WAIT_7                                       357636                         357636              

OP_WAIT_8                                       228502                         228502              

OP_WAIT_9                                       179933                         179933              

OP_WAIT_10                                      155026                         155026              

OP_WAIT_11                                      102203                         102203              

OP_WAIT_12                                       89590                          89590              

OP_WAIT_13                                       86477                          86477              

OP_WAIT_14                                       67629                          67629              

OP_WAIT_15                                       59835                          59835              

OP_WAIT_16                                       83724                          83724              

OP_WAIT_17                                       88507                          88507              

OP_WAIT_18                                       89158                          89158              

OP_WAIT_19                                       76749                          76749              

OP_WAIT_20                                       58608                          58608              

OP_WAIT_21                                       33158                          33158              

OP_WAIT_22                                       22347                          22347              

OP_WAIT_23                                       17944                          17944              

OP_WAIT_24                                       15344                          15344              

OP_WAIT_25                                       14922                          14922              

OP_WAIT_26                                       10810                          10810              

OP_WAIT_27                                       10908                          10908              

OP_WAIT_28                                       10766                          10766              

OP_WAIT_29                                        7910                           7910              

OP_WAIT_30                                        5279                           5279              

OP_WAIT_31                                        9164                           9164              

ROW_SIZE_0                                     1369435                        1369435              

ROW_SIZE_1                                      532522                         532522              

ROW_SIZE_2                                      227119                         227119              

ROW_SIZE_3                                      113531                         113531              

ROW_SIZE_4                                      182717                         182717              

ROW_SIZE_5                                       56428                          56428              

ROW_SIZE_6                                      101006                         101006              

ROW_SIZE_7                                      112531                         112531              

ROW_SIZE_8                                     3861468                        3861468              

ROW_SIZE_9                                           0                              0              

ROW_SIZE_10                                          0                              0              

ROW_SIZE_11                                          0                              0              

ROW_SIZE_12                                          0                              0              

ROW_SIZE_13                                          0                              0              

ROW_SIZE_14                                          0                              0              

ROW_SIZE_15                                          0                              0              

ROW_SIZE_16                                          0                              0              

ROW_SIZE_17                                          0                              0              

ROW_SIZE_18                                          0                              0              

ROW_SIZE_19                                          0                              0              

ROW_SIZE_20                                          0                              0              

ROW_SIZE_21                                          0                              0              

ROW_SIZE_22                                          0                              0              

ROW_SIZE_23                                          0                              0              

ROW_SIZE_24                                          0                              0              

ROW_SIZE_25                                          0                              0              

ROW_SIZE_26                                          0                              0              

ROW_SIZE_27                                          0                              0              

ROW_SIZE_28                                          0                              0              

ROW_SIZE_29                                          0                              0              

ROW_SIZE_30                                          0                              0              

ROW_SIZE_31                                          0                              0              

RET_OP_EXEC_COUNT_0                                  0        0.000%                0        0.000%
RET_OP_EXEC_COUNT_1                           34625858      100.000%         34625858      100.000%
RET_OP_EXEC_COUNT_2                                  0        0.000%                0        0.000%
RET_OP_EXEC_COUNT_3                                  0        0.000%                0        0.000%
RET_OP_EXEC_COUNT_4                                  0        0.000%                0        0.000%
RET_OP_EXEC_COUNT_5                                  0        0.000%                0        0.000%
RET_OP_EXEC_COUNT_6                                  0        0.000%                0        0.000%
RET_OP_EXEC_COUNT_7                                  0        0.000%                0        0.000%
RET_OP_EXEC_COUNT_8                                  0        0.000%                0        0.000%
RET_OP_EXEC_COUNT_9                                  0        0.000%                0        0.000%
RET_OP_EXEC_COUNT_10                                 0        0.000%                0        0.000%
RET_OP_EXEC_COUNT_11                                 0        0.000%                0        0.000%
RET_OP_EXEC_COUNT_12                                 0        0.000%                0        0.000%
RET_OP_EXEC_COUNT_13                                 0        0.000%                0        0.000%
RET_OP_EXEC_COUNT_14                                 0        0.000%                0        0.000%
RET_OP_EXEC_COUNT_15                                 0        0.000%                0        0.000%
RET_OP_EXEC_COUNT_16                                 0        0.000%                0        0.000%
RET_OP_EXEC_COUNT_17                                 0        0.000%                0        0.000%
RET_OP_EXEC_COUNT_18                                 0        0.000%                0        0.000%
RET_OP_EXEC_COUNT_19                                 0        0.000%                0        0.000%
RET_OP_EXEC_COUNT_20                                 0        0.000%                0        0.000%
RET_OP_EXEC_COUNT_21                                 0        0.000%                0        0.000%
RET_OP_EXEC_COUNT_22                                 0        0.000%                0        0.000%
RET_OP_EXEC_COUNT_23                                 0        0.000%                0        0.000%
RET_OP_EXEC_COUNT_24                                 0        0.000%                0        0.000%
RET_OP_EXEC_COUNT_25                                 0        0.000%                0        0.000%
RET_OP_EXEC_COUNT_26                                 0        0.000%                0        0.000%
RET_OP_EXEC_COUNT_27                                 0        0.000%                0        0.000%
RET_OP_EXEC_COUNT_28                                 0        0.000%                0        0.000%
RET_OP_EXEC_COUNT_29                                 0        0.000%                0        0.000%
RET_OP_EXEC_COUNT_30                                 0        0.000%                0        0.000%
RET_OP_EXEC_COUNT_31                                 0        0.000%                0        0.000%
RET_OP_EXEC_COUNT_32                                 0        0.000%                0        0.000%
                                              34625858      100.000%         34625858      100.000%
                                                  1.00         0.00              1.00         0.00

RET_STALL_LENGTH_0                            34625288       99.998%         34625288       99.998%
RET_STALL_LENGTH_100                               406        0.001%              406        0.001%
RET_STALL_LENGTH_200                               104        0.000%              104        0.000%
RET_STALL_LENGTH_300                                30        0.000%               30        0.000%
RET_STALL_LENGTH_400                                14        0.000%               14        0.000%
RET_STALL_LENGTH_500                                 3        0.000%                3        0.000%
RET_STALL_LENGTH_600                                 3        0.000%                3        0.000%
RET_STALL_LENGTH_700                                 2        0.000%                2        0.000%
RET_STALL_LENGTH_800                                 0        0.000%                0        0.000%
RET_STALL_LENGTH_900                                 0        0.000%                0        0.000%
RET_STALL_LENGTH_1000                                0        0.000%                0        0.000%
RET_STALL_LENGTH_1100                                6        0.000%                6        0.000%
RET_STALL_LENGTH_1200                                2        0.000%                2        0.000%
RET_STALL_LENGTH_1300                                0        0.000%                0        0.000%
RET_STALL_LENGTH_1400                                0        0.000%                0        0.000%
RET_STALL_LENGTH_1500                                0        0.000%                0        0.000%
RET_STALL_LENGTH_1600                                0        0.000%                0        0.000%
RET_STALL_LENGTH_1700                                0        0.000%                0        0.000%
RET_STALL_LENGTH_1800                                0        0.000%                0        0.000%
RET_STALL_LENGTH_1900                                0        0.000%                0        0.000%
RET_STALL_LENGTH_2000                                0        0.000%                0        0.000%
RET_STALL_LENGTH_2100                                0        0.000%                0        0.000%
RET_STALL_LENGTH_2200                                0        0.000%                0        0.000%
RET_STALL_LENGTH_2300                                0        0.000%                0        0.000%
RET_STALL_LENGTH_2400                                0        0.000%                0        0.000%
RET_STALL_LENGTH_2500                                0        0.000%                0        0.000%
RET_STALL_LENGTH_2600                                0        0.000%                0        0.000%
RET_STALL_LENGTH_2700                                0        0.000%                0        0.000%
RET_STALL_LENGTH_2800                                0        0.000%                0        0.000%
RET_STALL_LENGTH_2900                                0        0.000%                0        0.000%
RET_STALL_LENGTH_3000                                0        0.000%                0        0.000%
RET_STALL_LENGTH_3100                                0        0.000%                0        0.000%
RET_STALL_LENGTH_3200                                0        0.000%                0        0.000%
RET_STALL_LENGTH_3300                                0        0.000%                0        0.000%
RET_STALL_LENGTH_3400                                0        0.000%                0        0.000%
RET_STALL_LENGTH_3500                                0        0.000%                0        0.000%
RET_STALL_LENGTH_3600                                0        0.000%                0        0.000%
RET_STALL_LENGTH_3700                                0        0.000%                0        0.000%
RET_STALL_LENGTH_3800                                0        0.000%                0        0.000%
RET_STALL_LENGTH_3900                                0        0.000%                0        0.000%
RET_STALL_LENGTH_4000                                0        0.000%                0        0.000%
RET_STALL_LENGTH_4100                                0        0.000%                0        0.000%
RET_STALL_LENGTH_4200                                0        0.000%                0        0.000%
RET_STALL_LENGTH_4300                                0        0.000%                0        0.000%
RET_STALL_LENGTH_4400                                0        0.000%                0        0.000%
RET_STALL_LENGTH_4500                                0        0.000%                0        0.000%
RET_STALL_LENGTH_4600                                0        0.000%                0        0.000%
RET_STALL_LENGTH_4700                                0        0.000%                0        0.000%
RET_STALL_LENGTH_4800                                0        0.000%                0        0.000%
RET_STALL_LENGTH_4900                                0        0.000%                0        0.000%
RET_STALL_LENGTH_5000                                0        0.000%                0        0.000%
                                              34625858      100.000%         34625858      100.000%
                                                  0.00         0.01              0.00         0.01

MEM_BLOCK_LENGTH_0                                  29       28.713%               29       28.713%
MEM_BLOCK_LENGTH_100                                 8        7.921%                8        7.921%
MEM_BLOCK_LENGTH_200                                17       16.832%               17       16.832%
MEM_BLOCK_LENGTH_300                                25       24.752%               25       24.752%
MEM_BLOCK_LENGTH_400                                15       14.851%               15       14.851%
MEM_BLOCK_LENGTH_500                                 2        1.980%                2        1.980%
MEM_BLOCK_LENGTH_600                                 4        3.960%                4        3.960%
MEM_BLOCK_LENGTH_700                                 1        0.990%                1        0.990%
MEM_BLOCK_LENGTH_800                                 0        0.000%                0        0.000%
MEM_BLOCK_LENGTH_900                                 0        0.000%                0        0.000%
MEM_BLOCK_LENGTH_1000                                0        0.000%                0        0.000%
MEM_BLOCK_LENGTH_1100                                0        0.000%                0        0.000%
MEM_BLOCK_LENGTH_1200                                0        0.000%                0        0.000%
MEM_BLOCK_LENGTH_1300                                0        0.000%                0        0.000%
MEM_BLOCK_LENGTH_1400                                0        0.000%                0        0.000%
MEM_BLOCK_LENGTH_1500                                0        0.000%                0        0.000%
MEM_BLOCK_LENGTH_1600                                0        0.000%                0        0.000%
MEM_BLOCK_LENGTH_1700                                0        0.000%                0        0.000%
MEM_BLOCK_LENGTH_1800                                0        0.000%                0        0.000%
MEM_BLOCK_LENGTH_1900                                0        0.000%                0        0.000%
MEM_BLOCK_LENGTH_2000                                0        0.000%                0        0.000%
MEM_BLOCK_LENGTH_2100                                0        0.000%                0        0.000%
MEM_BLOCK_LENGTH_2200                                0        0.000%                0        0.000%
MEM_BLOCK_LENGTH_2300                                0        0.000%                0        0.000%
MEM_BLOCK_LENGTH_2400                                0        0.000%                0        0.000%
MEM_BLOCK_LENGTH_2500                                0        0.000%                0        0.000%
MEM_BLOCK_LENGTH_2600                                0        0.000%                0        0.000%
MEM_BLOCK_LENGTH_2700                                0        0.000%                0        0.000%
MEM_BLOCK_LENGTH_2800                                0        0.000%                0        0.000%
MEM_BLOCK_LENGTH_2900                                0        0.000%                0        0.000%
MEM_BLOCK_LENGTH_3000                                0        0.000%                0        0.000%
MEM_BLOCK_LENGTH_3100                                0        0.000%                0        0.000%
MEM_BLOCK_LENGTH_3200                                0        0.000%                0        0.000%
MEM_BLOCK_LENGTH_3300                                0        0.000%                0        0.000%
MEM_BLOCK_LENGTH_3400                                0        0.000%                0        0.000%
MEM_BLOCK_LENGTH_3500                                0        0.000%                0        0.000%
MEM_BLOCK_LENGTH_3600                                0        0.000%                0        0.000%
MEM_BLOCK_LENGTH_3700                                0        0.000%                0        0.000%
MEM_BLOCK_LENGTH_3800                                0        0.000%                0        0.000%
MEM_BLOCK_LENGTH_3900                                0        0.000%                0        0.000%
MEM_BLOCK_LENGTH_4000                                0        0.000%                0        0.000%
MEM_BLOCK_LENGTH_4100                                0        0.000%                0        0.000%
MEM_BLOCK_LENGTH_4200                                0        0.000%                0        0.000%
MEM_BLOCK_LENGTH_4300                                0        0.000%                0        0.000%
MEM_BLOCK_LENGTH_4400                                0        0.000%                0        0.000%
MEM_BLOCK_LENGTH_4500                                0        0.000%                0        0.000%
MEM_BLOCK_LENGTH_4600                                0        0.000%                0        0.000%
MEM_BLOCK_LENGTH_4700                                0        0.000%                0        0.000%
MEM_BLOCK_LENGTH_4800                                0        0.000%                0        0.000%
MEM_BLOCK_LENGTH_4900                                0        0.000%                0        0.000%
MEM_BLOCK_LENGTH_5000                                0        0.000%                0        0.000%
                                                   101      100.000%              101      100.000%
                                                  2.16         1.34              2.16         1.34

FUS_BUSY_ON_PATH                              35950423        5.4079         35950423        5.4079

FUS_BUSY_OFF_PATH                               415387        0.0625           415387        0.0625

FU_BUSY_MEM_STALL                               667068        0.1003           667068        0.1003

FUS_EMPTY                                     30111690        4.5296         30111690        4.5296

FU_UNAVAILABLE                                  479917        0.0722           479917        0.0722

FU_MEM_UNAVAILABLE                              375438        0.0565           375438        0.0565

FU_OTHER_UNAVAILABLE                                 0        0.0000                0        0.0000

FU_REPLAY                                            0        0.0000                0        0.0000

FU_STARVED                                    30075247        4.5241         30075247        4.5241

CHIP_UTILIZATION                                     0        0.0000                0        0.0000

CYCLES_UNDER_MEM_REQ                                 0                              0              

CYCLES_UNDER_NO_MEM_REQ                              0                              0              

CYCLES_UNDER_CRITICAL_MEM_REQ                        0                              0              

CYCLES_UNDER_NONCRITICAL_MEM_REQ                     0                              0              

CHIP_UTILIZATION_UNDER_MEM_REQ                       0          -nan                0          -nan

CHIP_UTILIZATION_UNDER_NO_MEM_REQ                    0          -nan                0          -nan

CHIP_UTILIZATION_UNDER_CRITICAL_MEM_REQ              0          -nan                0          -nan

CHIP_UTILIZATION_UNDER_NONCRITICAL_MEM_REQ             0          -nan                0          -nan

CYCLES_NOT_WAITING_FOR_OFF_CHIP                      0        0.0000                0        0.0000

FUS_BUSY_NOT_WAITING_FOR_OFF_CHIP                    0          -nan                0          -nan

CYCLES_WAITING_FOR_OFF_CHIP                          0        0.0000                0        0.0000

FUS_BUSY_WAITING_FOR_OFF_CHIP                        0          -nan                0          -nan

TOTAL_OFF_CHIP_DELAYS_LEFT                           0                              0              

WRONG_IO_SCHED                                       0                              0              

DVFS_CONFIG_SWITCH                                   0                              0              

MAP_STAGE_RECEIVED_OPS_0                             0        0.000%                0        0.000%
MAP_STAGE_RECEIVED_OPS_1                          5943        0.103%             5943        0.103%
MAP_STAGE_RECEIVED_OPS_2                          7633        0.132%             7633        0.132%
MAP_STAGE_RECEIVED_OPS_3                         18782        0.324%            18782        0.324%
MAP_STAGE_RECEIVED_OPS_4                          9603        0.166%             9603        0.166%
MAP_STAGE_RECEIVED_OPS_5                          9135        0.158%             9135        0.158%
MAP_STAGE_RECEIVED_OPS_6                       5741047       99.118%          5741047       99.118%
MAP_STAGE_RECEIVED_OPS_7                             0        0.000%                0        0.000%
MAP_STAGE_RECEIVED_OPS_8                             0        0.000%                0        0.000%
MAP_STAGE_RECEIVED_OPS_MAX                           0        0.000%                0        0.000%
                                               5792143      100.000%          5792143      100.000%
                                                  5.97         0.29              5.97         0.29

MAP_STAGE_WAIT_FOR_DECODE                            0         -nan%                0         -nan%
MAP_STAGE_CONSUME_DECODE                             0         -nan%                0         -nan%
                                                     0         -nan%                0         -nan%
                                                  -nan         -nan              -nan         -nan

MAP_STAGE_WAIT_FOR_DECODE2                           0         -nan%                0         -nan%
MAP_STAGE_CONSUME_DECODE2                            0         -nan%                0         -nan%
                                                     0         -nan%                0         -nan%
                                                  -nan         -nan              -nan         -nan

FTQ_RECOVER_EXEC                                  6379                           6379              

FTQ_RECOVER_DECODE                                 530                            530              

FTQ_OFFPATH_CYCLES                             1397430                        1397430              

FTQ_CYCLES_OFFPATH                             1397430                        1397430              

FTQ_CYCLES_ONPATH                              5250320                        5250320              

FTQ_FETCHED_INS_ONPATH                        34624068                       34624068              

FTQ_FETCHED_INS_OFFPATH                        8964903                        8964903              

FTQ_BREAK_FULL_FT_ONPATH                       2808852                        2808852              

FTQ_BREAK_FULL_FT_OFFPATH                       447933                         447933              

FTQ_BREAK_PRED_BR_ONPATH                             0                              0              

FTQ_BREAK_PRED_BR_OFFPATH                            0                              0              

FTQ_BREAK_BAR_FETCH_ONPATH                           0                              0              

FTQ_BREAK_BAR_FETCH_OFFPATH                          0                              0              

FTQ_BREAK_MAX_CFS_TAKEN_ONPATH                       0                              0              

FTQ_BREAK_MAX_CFS_TAKEN_OFFPATH                      0                              0              

FTQ_BREAK_MAX_FT_ONPATH                        2441341                        2441341              

FTQ_BREAK_MAX_FT_OFFPATH                        949497                         949497              

DFE_GEN_ON_PATH_FT                             4267403                        4267403              

DFE_GEN_OFF_PATH_FT                             878807                         878807              

DFE_L0_ENABLED_PREDICTIONS                    34625858                       34625858              

DFE_L0_WRONG_MAIN_CORRECT                       307404                         307404              

DFE_L0_WRONG_MAIN_WRONG                           5639                           5639              

DFE_L0_CORRECT_MAIN_WRONG                         1270                           1270              

DFE_L0_CORRECT_MAIN_CORRECT                   34311545                       34311545              

DFE_L0_WRONG_MAIN_CORRECT_RECOVERY_SCHEDULED             0                              0              

FTQ_SAW_BAR_FETCH_OFFPATH                          552                            552              

FTQ_SAW_BAR_FETCH_ONPATH                           440                            440              

DFE_CONF_0_RECOVER_AT_EXEC                           0         -nan%                0         -nan%
DFE_CONF_1_RECOVER_AT_EXEC                           0         -nan%                0         -nan%
DFE_CONF_2_RECOVER_AT_EXEC                           0         -nan%                0         -nan%
DFE_CONF_3_RECOVER_AT_EXEC                           0         -nan%                0         -nan%
DFE_CONF_0_CORRECT                                   0         -nan%                0         -nan%
DFE_CONF_1_CORRECT                                   0         -nan%                0         -nan%
DFE_CONF_2_CORRECT                                   0         -nan%                0         -nan%
DFE_CONF_3_CORRECT                                   0         -nan%                0         -nan%
                                                     0         -nan%                0         -nan%
                                                  -nan         -nan              -nan         -nan

DFE_ON_CONF_ON_OPS                                   0         -nan%                0         -nan%
DFE_ON_CONF_OFF_OPS                                  0         -nan%                0         -nan%
DFE_OFF_CONF_ON_OPS                                  0         -nan%                0         -nan%
DFE_OFF_CONF_OFF_REALISTIC_OPS                       0         -nan%                0         -nan%
DFE_OFF_CONF_OFF_PERFECT_OPS                         0         -nan%                0         -nan%
                                                     0         -nan%                0         -nan%
                                                  -nan         -nan              -nan         -nan

DFE_ON_CONF_ON_FETCH_TARGETS                         0         -nan%                0         -nan%
DFE_ON_CONF_OFF_FETCH_TARGETS                        0         -nan%                0         -nan%
DFE_OFF_CONF_ON_FETCH_TARGETS                        0         -nan%                0         -nan%
DFE_OFF_CONF_OFF_REALISTIC_FETCH_TARGETS             0         -nan%                0         -nan%
DFE_OFF_CONF_OFF_PERFECT_FETCH_TARGETS               0         -nan%                0         -nan%
                                                     0         -nan%                0         -nan%
                                                  -nan         -nan              -nan         -nan

DFE_ON_CONF_ON_CYCLES                                0         -nan%                0         -nan%
DFE_ON_CONF_OFF_CYCLES                               0         -nan%                0         -nan%
DFE_OFF_CONF_ON_CYCLES                               0         -nan%                0         -nan%
DFE_OFF_CONF_OFF_REALISTIC_CYCLES                    0         -nan%                0         -nan%
DFE_OFF_CONF_OFF_PERFECT_CYCLES                      0         -nan%                0         -nan%
                                                     0         -nan%                0         -nan%
                                                  -nan         -nan              -nan         -nan

DFE_OFF_CONF_ON_NUM_EVENTS                           0                              0              

DFE_OFF_CONF_ON_NOT_IDENTIFIED_EVENTS                0         -nan%                0         -nan%
DFE_OFF_CONF_ON_IBTB_MISS_EVENTS                     0         -nan%                0         -nan%
DFE_OFF_CONF_ON_BTB_MISS_EVENTS                      0         -nan%                0         -nan%
DFE_OFF_CONF_ON_BTB_MISS_RECOVER_AT_EXEC_EVENTS             0         -nan%                0         -nan%
DFE_OFF_CONF_ON_RECOVER_AT_EXEC_EVENTS               0         -nan%                0         -nan%
DFE_OFF_CONF_ON_RECOVER_AT_DECODE_EVENTS             0         -nan%                0         -nan%
                                                     0         -nan%                0         -nan%
                                                  -nan         -nan              -nan         -nan

DFE_OFF_CONF_ON_LATE_BTB_HIT_EVENTS                  0                              0              

DFE_OFF_CONF_ON_NOT_IDENTIFIED_CYCLES                0         -nan%                0         -nan%
DFE_OFF_CONF_ON_IBTB_MISS_CYCLES                     0         -nan%                0         -nan%
DFE_OFF_CONF_ON_BTB_MISS_CYCLES                      0         -nan%                0         -nan%
DFE_OFF_CONF_ON_BTB_MISS_RECOVER_AT_EXEC_CYCLES             0         -nan%                0         -nan%
DFE_OFF_CONF_ON_RECOVER_AT_EXEC_CYCLES               0         -nan%                0         -nan%
DFE_OFF_CONF_ON_RECOVER_AT_DECODE_CYCLES             0         -nan%                0         -nan%
                                                     0         -nan%                0         -nan%
                                                  -nan         -nan              -nan         -nan

DFE_OFF_CONF_ON_LATE_BTB_HIT_CYCLES                  0                              0              

DFE_OFF_CONF_ON_NOT_IDENTIFIED_FETCH_TARGETS             0         -nan%                0         -nan%
DFE_OFF_CONF_ON_IBTB_MISS_FETCH_TARGETS              0         -nan%                0         -nan%
DFE_OFF_CONF_ON_BTB_MISS_FETCH_TARGETS               0         -nan%                0         -nan%
DFE_OFF_CONF_ON_BTB_MISS_RECOVER_AT_EXEC_FETCH_TARGETS             0         -nan%                0         -nan%
DFE_OFF_CONF_ON_RECOVER_AT_EXEC_FETCH_TARGETS             0         -nan%                0         -nan%
DFE_OFF_CONF_ON_RECOVER_AT_DECODE_FETCH_TARGETS             0         -nan%                0         -nan%
                                                     0         -nan%                0         -nan%
                                                  -nan         -nan              -nan         -nan

DFE_OFF_CONF_ON_LATE_BTB_HIT_FETCH_TARGETS             0                              0              

DFE_OFF_CONF_ON_BP_INCORRECT_0_CONF                  0         -nan%                0         -nan%
DFE_OFF_CONF_ON_BP_INCORRECT_1_CONF                  0         -nan%                0         -nan%
DFE_OFF_CONF_ON_BP_INCORRECT_2_CONF                  0         -nan%                0         -nan%
DFE_OFF_CONF_ON_BP_INCORRECT_3_CONF                  0         -nan%                0         -nan%
                                                     0         -nan%                0         -nan%
                                                  -nan         -nan              -nan         -nan

DFE_OFF_CONF_ON_BTB_MISS_CBR_0_CONF                  0         -nan%                0         -nan%
DFE_OFF_CONF_ON_BTB_MISS_CBR_1_CONF                  0         -nan%                0         -nan%
DFE_OFF_CONF_ON_BTB_MISS_CBR_2_CONF                  0         -nan%                0         -nan%
DFE_OFF_CONF_ON_BTB_MISS_CBR_3_CONF                  0         -nan%                0         -nan%
                                                     0         -nan%                0         -nan%
                                                  -nan         -nan              -nan         -nan

DFE_OFF_CONF_ON_BTB_MISS_NOT_CF                      0         -nan%                0         -nan%
DFE_OFF_CONF_ON_BTB_MISS_CF_BR                       0         -nan%                0         -nan%
DFE_OFF_CONF_ON_BTB_MISS_CF_CBR                      0         -nan%                0         -nan%
DFE_OFF_CONF_ON_BTB_MISS_CF_CALL                     0         -nan%                0         -nan%
DFE_OFF_CONF_ON_BTB_MISS_CF_IBR                      0         -nan%                0         -nan%
DFE_OFF_CONF_ON_BTB_MISS_CF_ICALL                    0         -nan%                0         -nan%
DFE_OFF_CONF_ON_BTB_MISS_CF_ICO                      0         -nan%                0         -nan%
DFE_OFF_CONF_ON_BTB_MISS_CF_RET                      0         -nan%                0         -nan%
DFE_OFF_CONF_ON_BTB_MISS_CF_SYS                      0         -nan%                0         -nan%
                                                     0         -nan%                0         -nan%
                                                  -nan         -nan              -nan         -nan

DFE_ON_CONF_OFF_NUM_EVENTS                           0                              0              

CONF_BTB_NUM_CYCLES_OFF_PATH_EVENT                   0                              0              

DFE_ON_CONF_OFF_IBTB_MISS_BP_TAKEN                   0         -nan%                0         -nan%
DFE_ON_CONF_OFF_BTB_MISS_BP_TAKEN_CONF_0             0         -nan%                0         -nan%
DFE_ON_CONF_OFF_BTB_MISS_BP_TAKEN_CONF_1             0         -nan%                0         -nan%
DFE_ON_CONF_OFF_BTB_MISS_BP_TAKEN_CONF_2             0         -nan%                0         -nan%
DFE_ON_CONF_OFF_BTB_MISS_BP_TAKEN_CONF_3             0         -nan%                0         -nan%
DFE_ON_CONF_OFF_BTB_MISS_RATE                        0         -nan%                0         -nan%
DFE_ON_CONF_OFF_IBTB_MISS_RATE                       0         -nan%                0         -nan%
DFE_ON_CONF_OFF_RECOVER_AT_DECODE_RATE               0         -nan%                0         -nan%
DFE_ON_CONF_OFF_RECOVER_AT_EXEC_RATE                 0         -nan%                0         -nan%
DFE_ON_CONF_OFF_INV_CONF_INC                         0         -nan%                0         -nan%
DFE_ON_CONF_OFF_PERFECT_CONF                         0         -nan%                0         -nan%
                                                     0         -nan%                0         -nan%
                                                  -nan         -nan              -nan         -nan

DFE_ON_CONF_OFF_IBTB_MISS_BP_TAKEN_CYCLES             0         -nan%                0         -nan%
DFE_ON_CONF_OFF_BTB_MISS_BP_TAKEN_CONF_0_CYCLES             0         -nan%                0         -nan%
DFE_ON_CONF_OFF_BTB_MISS_BP_TAKEN_CONF_1_CYCLES             0         -nan%                0         -nan%
DFE_ON_CONF_OFF_BTB_MISS_BP_TAKEN_CONF_2_CYCLES             0         -nan%                0         -nan%
DFE_ON_CONF_OFF_BTB_MISS_BP_TAKEN_CONF_3_CYCLES             0         -nan%                0         -nan%
DFE_ON_CONF_OFF_BTB_MISS_RATE_CYCLES                 0         -nan%                0         -nan%
DFE_ON_CONF_OFF_IBTB_MISS_RATE_CYCLES                0         -nan%                0         -nan%
DFE_ON_CONF_OFF_RECOVER_AT_DECODE_RATE_CYCLES             0         -nan%                0         -nan%
DFE_ON_CONF_OFF_RECOVER_AT_EXEC_RATE_CYCLES             0         -nan%                0         -nan%
DFE_ON_CONF_OFF_INV_CONF_INC_CYCLES                  0         -nan%                0         -nan%
DFE_ON_CONF_OFF_PERFECT_CONF_CYCLES                  0         -nan%                0         -nan%
                                                     0         -nan%                0         -nan%
                                                  -nan         -nan              -nan         -nan

DFE_ON_CONF_OFF_IBTB_MISS_BP_TAKEN_FETCH_TARGETS             0         -nan%                0         -nan%
DFE_ON_CONF_OFF_BTB_MISS_BP_TAKEN_CONF_0_FETCH_TARGETS             0         -nan%                0         -nan%
DFE_ON_CONF_OFF_BTB_MISS_BP_TAKEN_CONF_1_FETCH_TARGETS             0         -nan%                0         -nan%
DFE_ON_CONF_OFF_BTB_MISS_BP_TAKEN_CONF_2_FETCH_TARGETS             0         -nan%                0         -nan%
DFE_ON_CONF_OFF_BTB_MISS_BP_TAKEN_CONF_3_FETCH_TARGETS             0         -nan%                0         -nan%
DFE_ON_CONF_OFF_BTB_MISS_RATE_FETCH_TARGETS             0         -nan%                0         -nan%
DFE_ON_CONF_OFF_IBTB_MISS_RATE_FETCH_TARGETS             0         -nan%                0         -nan%
DFE_ON_CONF_OFF_RECOVER_AT_DECODE_RATE_FETCH_TARGETS             0         -nan%                0         -nan%
DFE_ON_CONF_OFF_RECOVER_AT_EXEC_RATE_FETCH_TARGETS             0         -nan%                0         -nan%
DFE_ON_CONF_OFF_INV_CONF_INC_FETCH_TARGETS             0         -nan%                0         -nan%
DFE_ON_CONF_OFF_PERFECT_CONF_FETCH_TARGETS             0         -nan%                0         -nan%
                                                     0         -nan%                0         -nan%
                                                  -nan         -nan              -nan         -nan

CONF_OFF_IBTB_MISS_BP_TAKEN                          0         -nan%                0         -nan%
CONF_OFF_BTB_MISS_BP_TAKEN_CONF_0                    0         -nan%                0         -nan%
CONF_OFF_BTB_MISS_BP_TAKEN_CONF_1                    0         -nan%                0         -nan%
CONF_OFF_BTB_MISS_BP_TAKEN_CONF_2                    0         -nan%                0         -nan%
CONF_OFF_BTB_MISS_BP_TAKEN_CONF_3                    0         -nan%                0         -nan%
CONF_OFF_BTB_MISS_RATE                               0         -nan%                0         -nan%
CONF_OFF_IBTB_MISS_RATE                              0         -nan%                0         -nan%
CONF_OFF_RECOVER_AT_DECODE_RATE                      0         -nan%                0         -nan%
CONF_OFF_RECOVER_AT_EXEC_RATE                        0         -nan%                0         -nan%
CONF_OFF_INV_CONF_INC                                0         -nan%                0         -nan%
CONF_OFF_PERFECT_CONF                                0         -nan%                0         -nan%
                                                     0         -nan%                0         -nan%
                                                  -nan         -nan              -nan         -nan

TOPDOWN_TOTAL_SLOTS                           39886500                       39886500              

TOPDOWN_ISSUED_SLOTS                          35788639                       35788639              

TOPDOWN_RETIRED_SLOTS                         34625858                       34625858              

TOPDOWN_FETCH_BUBBLES_SLOTS                     724202                         724202              

TOPDOWN_RECOVERY_BUBBLES_SLOTS                  159816                         159816              

TOPDOWN_MEM_LOAD_STALLS_CYCLES                  510486                         510486              

TOPDOWN_MEM_STORE_STALLS_CYCLES                     84                             84              

TOPDOWN_EXEC_STALLS_CYCLES                      189796                         189796              

TOPDOWN_BACKEND_STALLS_CYCLES                   510903                         510903              

TOPDOWN_FETCH_BUBBLES_GT_MIW_CYCLES              98555                          98555              

TOPDOWN_BR_RECOVER_AT_EXEC_RETIRED_CYCLES          6379                           6379              

TOPDOWN_MACHINE_CLEAR_CYCLES                    314313                         314313              

TOPDOWN_FRONTEND_BOUND                             181                            181              

TOPDOWN_BACKEND_BOUND                              807                            807              

TOPDOWN_BAD_SPEC_BOUND                             331                            331              

TOPDOWN_RETIRING_BOUND                            8681                           8681              

TOPDOWN_FETCH_LATENCY_BOUND                        148                            148              

TOPDOWN_FETCH_BANDWIDTH_BOUND                       33                             33              

TOPDOWN_MEM_BOUND                                  806                            806              

TOPDOWN_CORE_BOUND                                   1                              1              

TOPDOWN_BR_RECOVER_AT_EXEC_BOUND                     6                              6              

TOPDOWN_MACHINE_CLEARS_BOUND                       325                            325              

H2P_SEEN_MAIN                                    22995                          22995              



