/* -*- Mode: c -*- */
####################################################################################################
Core 0
####################################################################################################
Cumulative:        Cycles: 70190604              Instructions: 89999999              IPC: 1.28222

Periodic:          Cycles: 70190604              Instructions: 89999999              IPC: 1.28222

APT_LIVE_LD2_PREDICTION_PEAK                       110                            110              

APT_LIVE_LD2_PREDICTION_OBSERVATIONS                 0                              0              

APT_LIVE_LD2_PREDICTION_TOTAL                        0                              0              

IFUSE_FUSED_LOADS                              3313813                        3313813              

IFUSE_LD2_PRF_ALLOC_SUCCESSES                  3486561                        3486561              

IFUSE_LD2_PRF_ALLOC_FAILURES                         0                              0              

IFUSE_LD2_PRF_APT_STORE_FAILURES                     0                              0              

IFUSE_LD2_PRF_HANDOFF_SUCCESSES                3313813                        3313813              

IFUSE_LD2_PRF_HANDOFF_FAILURES                       0                              0              

IFUSE_MISPREDICTED_LOADS                          1310                           1310              

IFUSE_MISPREDICTION_FLUSHES                       1189                           1189              

IFUSE_MISPREDICTED_CACHE_BLOCK_ADDR                974                            974              

IFUSE_MISPREDICTED_OFFSET_DELTA                   1310                           1310              

ACI_REPLAYED_INSERTS                                 0                              0              

ACI_BACKING_ALLOC_FAILURES                           0                              0              

ACI_PREDICTION_INSERTS                         3486561                        3486561              

ACI_SAME_CACHEBLOCK_INSERTS                     464611                         464611              

ACI_LOOKUP_NO_MATCHES                              974                            974              

ACI_LOOKUP_MATCHES                             3314149                        3314149              

ACI_PREDICTION_INVALIDATIONS                    172357                         172357              

ACI_STALE_PREDICTION_REMOVALS                        0                              0              

FCT_LD2_REPLACEMENTS                                 0                              0              

TRAINING_TABLE_INSERTS                             917                            917              

TRAINING_TABLE_PROMOTIONS                          145                            145              

TRAINING_TABLE_BACKING_ALLOC_FAILURES                0                              0              



