               ramulator.active_cycles_0            23858335                                      # Total active cycles for level _0
                 ramulator.busy_cycles_0            23858335                                      # (All-bank refresh only. busy cycles only include refresh time in rank level) The sum of cycles that the DRAM part is active or under refresh for level _0
            ramulator.serving_requests_0           115019957                                      # The sum of read and write requests that are served in this DRAM element per memory cycle for level _0
    ramulator.average_serving_requests_0            4.369812                                      # The average of read and write requests that are served in this DRAM element per memory cycle for level _0
             ramulator.active_cycles_0_0            23858335                                      # Total active cycles for level _0_0
               ramulator.busy_cycles_0_0            24168715                                      # (All-bank refresh only. busy cycles only include refresh time in rank level) The sum of cycles that the DRAM part is active or under refresh for level _0_0
          ramulator.serving_requests_0_0           115019957                                      # The sum of read and write requests that are served in this DRAM element per memory cycle for level _0_0
  ramulator.average_serving_requests_0_0            4.369812                                      # The average of read and write requests that are served in this DRAM element per memory cycle for level _0_0
           ramulator.active_cycles_0_0_0            15115986                                      # Total active cycles for level _0_0_0
             ramulator.busy_cycles_0_0_0            15115986                                      # (All-bank refresh only. busy cycles only include refresh time in rank level) The sum of cycles that the DRAM part is active or under refresh for level _0_0_0
        ramulator.serving_requests_0_0_0            28373057                                      # The sum of read and write requests that are served in this DRAM element per memory cycle for level _0_0_0
ramulator.average_serving_requests_0_0_0            1.077943                                      # The average of read and write requests that are served in this DRAM element per memory cycle for level _0_0_0
         ramulator.active_cycles_0_0_0_0             5466517                                      # Total active cycles for level _0_0_0_0
           ramulator.busy_cycles_0_0_0_0             5466517                                      # (All-bank refresh only. busy cycles only include refresh time in rank level) The sum of cycles that the DRAM part is active or under refresh for level _0_0_0_0
      ramulator.serving_requests_0_0_0_0             7042565                                      # The sum of read and write requests that are served in this DRAM element per memory cycle for level _0_0_0_0
ramulator.average_serving_requests_0_0_0_0            0.267560                                      # The average of read and write requests that are served in this DRAM element per memory cycle for level _0_0_0_0
         ramulator.active_cycles_0_0_0_1             5418400                                      # Total active cycles for level _0_0_0_1
           ramulator.busy_cycles_0_0_0_1             5418400                                      # (All-bank refresh only. busy cycles only include refresh time in rank level) The sum of cycles that the DRAM part is active or under refresh for level _0_0_0_1
      ramulator.serving_requests_0_0_0_1             6979852                                      # The sum of read and write requests that are served in this DRAM element per memory cycle for level _0_0_0_1
ramulator.average_serving_requests_0_0_0_1            0.265177                                      # The average of read and write requests that are served in this DRAM element per memory cycle for level _0_0_0_1
         ramulator.active_cycles_0_0_0_2             5523627                                      # Total active cycles for level _0_0_0_2
           ramulator.busy_cycles_0_0_0_2             5523627                                      # (All-bank refresh only. busy cycles only include refresh time in rank level) The sum of cycles that the DRAM part is active or under refresh for level _0_0_0_2
      ramulator.serving_requests_0_0_0_2             7107771                                      # The sum of read and write requests that are served in this DRAM element per memory cycle for level _0_0_0_2
ramulator.average_serving_requests_0_0_0_2            0.270037                                      # The average of read and write requests that are served in this DRAM element per memory cycle for level _0_0_0_2
         ramulator.active_cycles_0_0_0_3             5629537                                      # Total active cycles for level _0_0_0_3
           ramulator.busy_cycles_0_0_0_3             5629537                                      # (All-bank refresh only. busy cycles only include refresh time in rank level) The sum of cycles that the DRAM part is active or under refresh for level _0_0_0_3
      ramulator.serving_requests_0_0_0_3             7242869                                      # The sum of read and write requests that are served in this DRAM element per memory cycle for level _0_0_0_3
ramulator.average_serving_requests_0_0_0_3            0.275169                                      # The average of read and write requests that are served in this DRAM element per memory cycle for level _0_0_0_3
           ramulator.active_cycles_0_0_1            15366297                                      # Total active cycles for level _0_0_1
             ramulator.busy_cycles_0_0_1            15366297                                      # (All-bank refresh only. busy cycles only include refresh time in rank level) The sum of cycles that the DRAM part is active or under refresh for level _0_0_1
        ramulator.serving_requests_0_0_1            29101889                                      # The sum of read and write requests that are served in this DRAM element per memory cycle for level _0_0_1
ramulator.average_serving_requests_0_0_1            1.105632                                      # The average of read and write requests that are served in this DRAM element per memory cycle for level _0_0_1
         ramulator.active_cycles_0_0_1_0             5688866                                      # Total active cycles for level _0_0_1_0
           ramulator.busy_cycles_0_0_1_0             5688866                                      # (All-bank refresh only. busy cycles only include refresh time in rank level) The sum of cycles that the DRAM part is active or under refresh for level _0_0_1_0
      ramulator.serving_requests_0_0_1_0             7335626                                      # The sum of read and write requests that are served in this DRAM element per memory cycle for level _0_0_1_0
ramulator.average_serving_requests_0_0_1_0            0.278693                                      # The average of read and write requests that are served in this DRAM element per memory cycle for level _0_0_1_0
         ramulator.active_cycles_0_0_1_1             5653194                                      # Total active cycles for level _0_0_1_1
           ramulator.busy_cycles_0_0_1_1             5653194                                      # (All-bank refresh only. busy cycles only include refresh time in rank level) The sum of cycles that the DRAM part is active or under refresh for level _0_0_1_1
      ramulator.serving_requests_0_0_1_1             7283875                                      # The sum of read and write requests that are served in this DRAM element per memory cycle for level _0_0_1_1
ramulator.average_serving_requests_0_0_1_1            0.276727                                      # The average of read and write requests that are served in this DRAM element per memory cycle for level _0_0_1_1
         ramulator.active_cycles_0_0_1_2             5685772                                      # Total active cycles for level _0_0_1_2
           ramulator.busy_cycles_0_0_1_2             5685772                                      # (All-bank refresh only. busy cycles only include refresh time in rank level) The sum of cycles that the DRAM part is active or under refresh for level _0_0_1_2
      ramulator.serving_requests_0_0_1_2             7319902                                      # The sum of read and write requests that are served in this DRAM element per memory cycle for level _0_0_1_2
ramulator.average_serving_requests_0_0_1_2            0.278096                                      # The average of read and write requests that are served in this DRAM element per memory cycle for level _0_0_1_2
         ramulator.active_cycles_0_0_1_3             5556314                                      # Total active cycles for level _0_0_1_3
           ramulator.busy_cycles_0_0_1_3             5556314                                      # (All-bank refresh only. busy cycles only include refresh time in rank level) The sum of cycles that the DRAM part is active or under refresh for level _0_0_1_3
      ramulator.serving_requests_0_0_1_3             7162486                                      # The sum of read and write requests that are served in this DRAM element per memory cycle for level _0_0_1_3
ramulator.average_serving_requests_0_0_1_3            0.272116                                      # The average of read and write requests that are served in this DRAM element per memory cycle for level _0_0_1_3
           ramulator.active_cycles_0_0_2            15334312                                      # Total active cycles for level _0_0_2
             ramulator.busy_cycles_0_0_2            15334312                                      # (All-bank refresh only. busy cycles only include refresh time in rank level) The sum of cycles that the DRAM part is active or under refresh for level _0_0_2
        ramulator.serving_requests_0_0_2            28937031                                      # The sum of read and write requests that are served in this DRAM element per memory cycle for level _0_0_2
ramulator.average_serving_requests_0_0_2            1.099369                                      # The average of read and write requests that are served in this DRAM element per memory cycle for level _0_0_2
         ramulator.active_cycles_0_0_2_0             5606068                                      # Total active cycles for level _0_0_2_0
           ramulator.busy_cycles_0_0_2_0             5606068                                      # (All-bank refresh only. busy cycles only include refresh time in rank level) The sum of cycles that the DRAM part is active or under refresh for level _0_0_2_0
      ramulator.serving_requests_0_0_2_0             7219400                                      # The sum of read and write requests that are served in this DRAM element per memory cycle for level _0_0_2_0
ramulator.average_serving_requests_0_0_2_0            0.274278                                      # The average of read and write requests that are served in this DRAM element per memory cycle for level _0_0_2_0
         ramulator.active_cycles_0_0_2_1             5426027                                      # Total active cycles for level _0_0_2_1
           ramulator.busy_cycles_0_0_2_1             5426027                                      # (All-bank refresh only. busy cycles only include refresh time in rank level) The sum of cycles that the DRAM part is active or under refresh for level _0_0_2_1
      ramulator.serving_requests_0_0_2_1             7001190                                      # The sum of read and write requests that are served in this DRAM element per memory cycle for level _0_0_2_1
ramulator.average_serving_requests_0_0_2_1            0.265988                                      # The average of read and write requests that are served in this DRAM element per memory cycle for level _0_0_2_1
         ramulator.active_cycles_0_0_2_2             5608260                                      # Total active cycles for level _0_0_2_2
           ramulator.busy_cycles_0_0_2_2             5608260                                      # (All-bank refresh only. busy cycles only include refresh time in rank level) The sum of cycles that the DRAM part is active or under refresh for level _0_0_2_2
      ramulator.serving_requests_0_0_2_2             7224591                                      # The sum of read and write requests that are served in this DRAM element per memory cycle for level _0_0_2_2
ramulator.average_serving_requests_0_0_2_2            0.274475                                      # The average of read and write requests that are served in this DRAM element per memory cycle for level _0_0_2_2
         ramulator.active_cycles_0_0_2_3             5830845                                      # Total active cycles for level _0_0_2_3
           ramulator.busy_cycles_0_0_2_3             5830845                                      # (All-bank refresh only. busy cycles only include refresh time in rank level) The sum of cycles that the DRAM part is active or under refresh for level _0_0_2_3
      ramulator.serving_requests_0_0_2_3             7491850                                      # The sum of read and write requests that are served in this DRAM element per memory cycle for level _0_0_2_3
ramulator.average_serving_requests_0_0_2_3            0.284629                                      # The average of read and write requests that are served in this DRAM element per memory cycle for level _0_0_2_3
           ramulator.active_cycles_0_0_3            15207929                                      # Total active cycles for level _0_0_3
             ramulator.busy_cycles_0_0_3            15207929                                      # (All-bank refresh only. busy cycles only include refresh time in rank level) The sum of cycles that the DRAM part is active or under refresh for level _0_0_3
        ramulator.serving_requests_0_0_3            28607980                                      # The sum of read and write requests that are served in this DRAM element per memory cycle for level _0_0_3
ramulator.average_serving_requests_0_0_3            1.086868                                      # The average of read and write requests that are served in this DRAM element per memory cycle for level _0_0_3
         ramulator.active_cycles_0_0_3_0             5647675                                      # Total active cycles for level _0_0_3_0
           ramulator.busy_cycles_0_0_3_0             5647675                                      # (All-bank refresh only. busy cycles only include refresh time in rank level) The sum of cycles that the DRAM part is active or under refresh for level _0_0_3_0
      ramulator.serving_requests_0_0_3_0             7282789                                      # The sum of read and write requests that are served in this DRAM element per memory cycle for level _0_0_3_0
ramulator.average_serving_requests_0_0_3_0            0.276686                                      # The average of read and write requests that are served in this DRAM element per memory cycle for level _0_0_3_0
         ramulator.active_cycles_0_0_3_1             5604975                                      # Total active cycles for level _0_0_3_1
           ramulator.busy_cycles_0_0_3_1             5604975                                      # (All-bank refresh only. busy cycles only include refresh time in rank level) The sum of cycles that the DRAM part is active or under refresh for level _0_0_3_1
      ramulator.serving_requests_0_0_3_1             7213027                                      # The sum of read and write requests that are served in this DRAM element per memory cycle for level _0_0_3_1
ramulator.average_serving_requests_0_0_3_1            0.274036                                      # The average of read and write requests that are served in this DRAM element per memory cycle for level _0_0_3_1
         ramulator.active_cycles_0_0_3_2             5468902                                      # Total active cycles for level _0_0_3_2
           ramulator.busy_cycles_0_0_3_2             5468902                                      # (All-bank refresh only. busy cycles only include refresh time in rank level) The sum of cycles that the DRAM part is active or under refresh for level _0_0_3_2
      ramulator.serving_requests_0_0_3_2             7018704                                      # The sum of read and write requests that are served in this DRAM element per memory cycle for level _0_0_3_2
ramulator.average_serving_requests_0_0_3_2            0.266653                                      # The average of read and write requests that are served in this DRAM element per memory cycle for level _0_0_3_2
         ramulator.active_cycles_0_0_3_3             5520316                                      # Total active cycles for level _0_0_3_3
           ramulator.busy_cycles_0_0_3_3             5520316                                      # (All-bank refresh only. busy cycles only include refresh time in rank level) The sum of cycles that the DRAM part is active or under refresh for level _0_0_3_3
      ramulator.serving_requests_0_0_3_3             7093460                                      # The sum of read and write requests that are served in this DRAM element per memory cycle for level _0_0_3_3
ramulator.average_serving_requests_0_0_3_3            0.269493                                      # The average of read and write requests that are served in this DRAM element per memory cycle for level _0_0_3_3
      ramulator.read_transaction_bytes_0           145594112                                      # The total byte of read transaction per channel
     ramulator.write_transaction_bytes_0           127563392                                      # The total byte of write transaction per channel
       ramulator.row_hits_channel_0_core             3061204                                      # Number of row hits per channel per core
     ramulator.row_misses_channel_0_core              158303                                      # Number of row misses per channel per core
  ramulator.row_conflicts_channel_0_core             1048579                                      # Number of row conflicts per channel per core
  ramulator.read_row_hits_channel_0_core             1787556                                      # Number of row hits for read requests per channel per core
                                     [0]           1787556.0                                      # 
ramulator.read_row_misses_channel_0_core               77188                                      # Number of row misses for read requests per channel per core
                                     [0]             77188.0                                      # 
ramulator.read_row_conflicts_channel_0_core              410164                                      # Number of row conflicts for read requests per channel per core
                                     [0]            410164.0                                      # 
 ramulator.write_row_hits_channel_0_core             1273648                                      # Number of row hits for write requests per channel per core
                                     [0]           1273648.0                                      # 
ramulator.write_row_misses_channel_0_core               81115                                      # Number of row misses for write requests per channel per core
                                     [0]             81115.0                                      # 
ramulator.write_row_conflicts_channel_0_core              638415                                      # Number of row conflicts for write requests per channel per core
                                     [0]            638415.0                                      # 
      ramulator.useless_activates_0_core               14164                                      # Number of useless activations. E.g, ACT -> PRE w/o RD or WR
            ramulator.read_latency_avg_0          263.530258                                      # The average memory latency cycles (in memory time domain) per request for all read requests in this channel
            ramulator.read_latency_sum_0           599507093                                      # The memory latency cycles (in memory time domain) sum for all read requests in this channel
        ramulator.req_queue_length_avg_0           36.747841                                      # Average of read and write queue length per memory cycle per channel.
        ramulator.req_queue_length_sum_0           967257829                                      # Sum of read and write queue length per memory cycle per channel.
   ramulator.read_req_queue_length_avg_0           22.399680                                      # Read queue length average per memory cycle per channel.
   ramulator.read_req_queue_length_sum_0           589592894                                      # Read queue length sum per memory cycle per channel.
  ramulator.write_req_queue_length_avg_0           14.348161                                      # Write queue length average per memory cycle per channel.
  ramulator.write_req_queue_length_sum_0           377664935                                      # Write queue length sum per memory cycle per channel.
              ramulator.record_read_hits                 0.0                                      # record read hit count for this core when it reaches request limit or to the end
                                     [0]                 0.0                                      # 
            ramulator.record_read_misses                 0.0                                      # record_read_miss count for this core when it reaches request limit or to the end
                                     [0]                 0.0                                      # 
         ramulator.record_read_conflicts                 0.0                                      # record read conflict count for this core when it reaches request limit or to the end
                                     [0]                 0.0                                      # 
             ramulator.record_write_hits                 0.0                                      # record write hit count for this core when it reaches request limit or to the end
                                     [0]                 0.0                                      # 
           ramulator.record_write_misses                 0.0                                      # record write miss count for this core when it reaches request limit or to the end
                                     [0]                 0.0                                      # 
        ramulator.record_write_conflicts                 0.0                                      # record write conflict for this core when it reaches request limit or to the end
                                     [0]                 0.0                                      # 
                 ramulator.dram_capacity          8589934592                                      # Number of bytes in simulated DRAM
                   ramulator.dram_cycles            26321487                                      # Number of DRAM cycles simulated
             ramulator.incoming_requests             4268101                                      # Number of incoming requests to DRAM
                 ramulator.read_requests             2274908                                      # Number of incoming read requests to DRAM per core
                                     [0]           2274908.0                                      # 
                ramulator.write_requests             1993193                                      # Number of incoming write requests to DRAM per core
                                     [0]           1993193.0                                      # 
       ramulator.ramulator_active_cycles            23858335                                      # The total number of cycles that the DRAM part is active (serving R/W)
 ramulator.incoming_requests_per_channel           4268101.0                                      # Number of incoming requests to each DRAM channel
                                     [0]           4268101.0                                      # 
ramulator.incoming_read_reqs_per_channel           2274908.0                                      # Number of incoming read requests to each DRAM channel
                                     [0]           2274908.0                                      # 
     ramulator.physical_page_replacement                   0                                      # The number of times that physical page replacement happens.
             ramulator.maximum_bandwidth         19200000000                                      # The theoretical maximum bandwidth (Bps)
          ramulator.in_queue_req_num_sum           967257829                                      # Sum of read/write queue length
     ramulator.in_queue_read_req_num_sum           589592894                                      # Sum of read queue length
    ramulator.in_queue_write_req_num_sum           377664935                                      # Sum of write queue length
          ramulator.in_queue_req_num_avg           36.747841                                      # Average of read/write queue length per memory cycle
     ramulator.in_queue_read_req_num_avg           22.399680                                      # Average of read queue length per memory cycle
    ramulator.in_queue_write_req_num_avg           14.348161                                      # Average of write queue length per memory cycle
          ramulator.record_read_requests                 0.0                                      # record read requests for this core when it reaches request limit or to the end
                                     [0]                 0.0                                      # 
         ramulator.record_write_requests                 0.0                                      # record write requests for this core when it reaches request limit or to the end
                                     [0]                 0.0                                      # 
