/* -*- Mode: c -*- */
####################################################################################################
Core 0
####################################################################################################
Cumulative:        Cycles: 70876727              Instructions: 100000005             IPC: 1.41090

Periodic:          Cycles: 70876727              Instructions: 100000005             IPC: 1.41090

DCACHE_PREF_HIT                                      0                              0              

IFETCH_WB_FIRST_SCHEDULE                             0         -nan%                0         -nan%
PREFETCH_LAST_SCHEDULE                               0         -nan%                0         -nan%
DEMAND_PASS_PREF_SCHEDULE                            0         -nan%                0         -nan%
DEMAND_PASS_LOW_OP_SCHEDULE                          0         -nan%                0         -nan%
DEMAND_LAST_SCHEDULE                                 0         -nan%                0         -nan%
                                                     0         -nan%                0         -nan%
                                                  -nan         -nan              -nan         -nan

SEND_MISS_REQ_QUEUE                            2822210                        2822210              

L1_DATA_EVICT                                  2789429                        2789429              

STREAM_BUFFER_REQ                                    0                              0              

PREF_SEND_TO_MEM_REQ                                 0         -nan%                0         -nan%
PREF_SEND_TO_MEM_REQ_FAIL                            0         -nan%                0         -nan%
                                                     0         -nan%                0         -nan%
                                                  -nan         -nan              -nan         -nan

HIT_TRAIN_STREAM                               1126089       97.689%          1126089       97.689%
MISS_TRAIN_STREAM                                26636        2.311%            26636        2.311%
                                               1152725      100.000%          1152725      100.000%
                                                  0.02         0.15              0.02         0.15

STREAM_TRAIN_CREATE                               8591                           8591              

MEM_REQ_MISS_HWP_PREF_Q                              0         -nan%                0         -nan%
MEM_REQ_MISS_SW_PREF_Q                               0         -nan%                0         -nan%
MEM_REQ_MISS_IFETCH_Q                                0         -nan%                0         -nan%
MEM_REQ_MISS_DFETCH_Q                                0         -nan%                0         -nan%
MEM_REQ_MISS_DSTORE_Q                                0         -nan%                0         -nan%
MEM_REQ_MISS_DPRF_Q                                  0         -nan%                0         -nan%
MEM_REQ_MISS_WB_Q                                    0         -nan%                0         -nan%
                                                     0         -nan%                0         -nan%
                                                  -nan         -nan              -nan         -nan

PREF_HIT_BY_DEMAND_IFETCH                            0         -nan%                0         -nan%
PREF_HIT_BY_DEMAND_DFETCH                            0         -nan%                0         -nan%
PREF_HIT_BY_DEMAND_DSTORE                            0         -nan%                0         -nan%
PREF_HIT_BY_DEMAND_IPREF                             0         -nan%                0         -nan%
PREF_HIT_BY_DEMAND_DPRF                              0         -nan%                0         -nan%
PREF_HIT_BY_DEMAND_WB                                0         -nan%                0         -nan%
PREF_HIT_BY_PREF                                     0         -nan%                0         -nan%
                                                     0         -nan%                0         -nan%
                                                  -nan         -nan              -nan         -nan

PREF_HIT_DEMAND_IFETCH                               0         -nan%                0         -nan%
PREF_HIT_DEMAND_DFETCH                               0         -nan%                0         -nan%
PREF_HIT_DEMAND_DSTORE                               0         -nan%                0         -nan%
PREF_HIT_DEMAND_IPREF                                0         -nan%                0         -nan%
PREF_HIT_DEMAND_DPRF                                 0         -nan%                0         -nan%
PREF_HIT_DEMAND_WB                                   0         -nan%                0         -nan%
                                                     0         -nan%                0         -nan%
                                                  -nan         -nan              -nan         -nan

PREF_L1_FILL                                         0         -nan%                0         -nan%
DEMAND_L1_FILL                                       0         -nan%                0         -nan%
                                                     0         -nan%                0         -nan%
                                                  -nan         -nan              -nan         -nan

TOUCH_L1_REPLACE                                     0        0.000%                0        0.000%
NO_TOUCH_L1_REPLACE                            2789429      100.000%          2789429      100.000%
                                               2789429      100.000%          2789429      100.000%
                                                  1.00         1.00              1.00         1.00

PREF_REQ_QUE_FULL                                    0                              0              

STREAM_REQ_QUEUE_HIT_BY_DEMAND                       0                              0              

L2HIT_STREAM_PREF_REQ_QUE_FULL                       0                              0              

L2HIT_HIT_TRAIN_STREAM                               0         -nan%                0         -nan%
L2HIT_MISS_TRAIN_STREAM                              0         -nan%                0         -nan%
                                                     0         -nan%                0         -nan%
                                                  -nan         -nan              -nan         -nan

L2HIT_STREAM_TRAIN_CREATE                            0                              0              

L2HIT_STREAM_BUFFER_REQ                              0                              0              

L2HIT_STREAM_PREF_DCACHE_HIT                         0         -nan%                0         -nan%
L2HIT_STREAM_PREF_DCACHE_INSERT                      0         -nan%                0         -nan%
L2HIT_STREAM_L2_MISS                                 0         -nan%                0         -nan%
                                                     0         -nan%                0         -nan%
                                                  -nan         -nan              -nan         -nan

L2HIT_STREAM_DCACHE_PORT_FULL                        0                              0              

L2HIT_STREAM_PREF_L1_PORT_FULL                       0                              0              

L2HIT_TRAIN_HIT_DEMAND                               0         -nan%                0         -nan%
L2HIT_TRAIN_MISS_REQ                                 0         -nan%                0         -nan%
                                                     0         -nan%                0         -nan%
                                                  -nan         -nan              -nan         -nan

L2HIT_TRAIN_FILTER_MISS                              0         -nan%                0         -nan%
L2HIT_TRAIN_FILTER_HIT                               0         -nan%                0         -nan%
                                                     0         -nan%                0         -nan%
                                                  -nan         -nan              -nan         -nan

L2HIT_PREF_REQ_DCACHE_HIT                            0         -nan%                0         -nan%
L2HIT_PREF_REQ_DCACHE_MISS                           0         -nan%                0         -nan%
                                                     0         -nan%                0         -nan%
                                                  -nan         -nan              -nan         -nan

L2HIT_L2SEND_Q_FULL                                  0         -nan%                0         -nan%
L2HIT_L2SEND_Q_ENTER                                 0         -nan%                0         -nan%
                                                     0         -nan%                0         -nan%
                                                  -nan         -nan              -nan         -nan

L2HIT_MEM_REQ                                        0                              0              

REMOVE_REDUNDANT_STREAM_STAT                         0                              0              

REPLACE_OLD_STREAM                                8575                           8575              

REQ_SEND_QUEUE_STALL                                 0                              0              

STREAM_ENTER_RA                                      0                              0              

CORE_STREAM_LENGTH_0                                 8        0.188%                8        0.188%
CORE_STREAM_LENGTH_10                             1710       40.226%             1710       40.226%
CORE_STREAM_LENGTH_20                             1243       29.240%             1243       29.240%
CORE_STREAM_LENGTH_30                               62        1.458%               62        1.458%
CORE_STREAM_LENGTH_40                               23        0.541%               23        0.541%
CORE_STREAM_LENGTH_50                                1        0.024%                1        0.024%
CORE_STREAM_LENGTH_60                                0        0.000%                0        0.000%
CORE_STREAM_LENGTH_70                                0        0.000%                0        0.000%
CORE_STREAM_LENGTH_80                                0        0.000%                0        0.000%
CORE_STREAM_LENGTH_90                                0        0.000%                0        0.000%
CORE_STREAM_LENGTH_100_P                          1204       28.323%             1204       28.323%
                                                  4251      100.000%             4251      100.000%
                                                  3.89         4.39              3.89         4.39

CORE_CUM_STREAM_LENGTH_0                            66        0.002%               66        0.002%
CORE_CUM_STREAM_LENGTH_10                        24658        0.848%            24658        0.848%
CORE_CUM_STREAM_LENGTH_20                        30776        1.059%            30776        1.059%
CORE_CUM_STREAM_LENGTH_30                         2018        0.069%             2018        0.069%
CORE_CUM_STREAM_LENGTH_40                          964        0.033%              964        0.033%
CORE_CUM_STREAM_LENGTH_50                           57        0.002%               57        0.002%
CORE_CUM_STREAM_LENGTH_60                            0        0.000%                0        0.000%
CORE_CUM_STREAM_LENGTH_70                            0        0.000%                0        0.000%
CORE_CUM_STREAM_LENGTH_80                            0        0.000%                0        0.000%
CORE_CUM_STREAM_LENGTH_90                            0        0.000%                0        0.000%
CORE_CUM_STREAM_LENGTH_100_P                   2847793       97.986%          2847793       97.986%
                                               2906332      100.000%          2906332      100.000%
                                                  9.83         9.80              9.83         9.80

CORE_STREAM_TRAIN_HITS_0                          2319       54.552%             2319       54.552%
CORE_STREAM_TRAIN_HITS_10                          728       17.125%              728       17.125%
CORE_STREAM_TRAIN_HITS_20                            0        0.000%                0        0.000%
CORE_STREAM_TRAIN_HITS_30                            0        0.000%                0        0.000%
CORE_STREAM_TRAIN_HITS_40                            0        0.000%                0        0.000%
CORE_STREAM_TRAIN_HITS_50                            0        0.000%                0        0.000%
CORE_STREAM_TRAIN_HITS_60                            0        0.000%                0        0.000%
CORE_STREAM_TRAIN_HITS_70                            0        0.000%                0        0.000%
CORE_STREAM_TRAIN_HITS_80                            1        0.024%                1        0.024%
CORE_STREAM_TRAIN_HITS_90                            0        0.000%                0        0.000%
CORE_STREAM_TRAIN_HITS_100_P                      1203       28.299%             1203       28.299%
                                                  4251      100.000%             4251      100.000%
                                                  3.00         4.14              3.00         4.14

CORE_CUM_STREAM_TRAIN_HITS_0                     14909        1.304%            14909        1.304%
CORE_CUM_STREAM_TRAIN_HITS_10                     7633        0.668%             7633        0.668%
CORE_CUM_STREAM_TRAIN_HITS_20                        0        0.000%                0        0.000%
CORE_CUM_STREAM_TRAIN_HITS_30                        0        0.000%                0        0.000%
CORE_CUM_STREAM_TRAIN_HITS_40                        0        0.000%                0        0.000%
CORE_CUM_STREAM_TRAIN_HITS_50                        0        0.000%                0        0.000%
CORE_CUM_STREAM_TRAIN_HITS_60                        0        0.000%                0        0.000%
CORE_CUM_STREAM_TRAIN_HITS_70                        0        0.000%                0        0.000%
CORE_CUM_STREAM_TRAIN_HITS_80                       80        0.007%               80        0.007%
CORE_CUM_STREAM_TRAIN_HITS_90                        0        0.000%                0        0.000%
CORE_CUM_STREAM_TRAIN_HITS_100_P               1120471       98.021%          1120471       98.021%
                                               1143093      100.000%          1143093      100.000%
                                                  9.81         9.74              9.81         9.74

CORE_STREAM_TRAIN_CREATE                          8591                           8591              



