/* -*- Mode: c -*- */
####################################################################################################
Core 0
####################################################################################################
Cumulative:        Cycles: 19089741              Instructions: 89999999              IPC: 4.71457

Periodic:          Cycles: 19089741              Instructions: 89999999              IPC: 4.71457

EXECUTION_TIME                           5965544062500                  5965544062500              

SIM_HOST_WALL_SECONDS                       264.802358                     264.802358              

NODE_CYCLE                                    19089741                       19089741              

NODE_INST_COUNT                               90000077                       90000077              

NODE_INST_COUNT_FETCHED                       89999999                       89999999              

NODE_UOP_COUNT                               104268263                      104268263              

EXEC_STAGE_NO_ISSUE_STALL_CYCLE               18560630                       18560630              

EXEC_STAGE_NO_ISSUE_STALL_CYCLE_ONPATH        18402130                       18402130              

FULL_WINDOW_STALL                                 2944        0.015%             2944        0.015%

FULL_WINDOW_MEM_OP                                2541       89.756%             2541       89.756%
FULL_WINDOW_FP_OP                                    0        0.000%                0        0.000%
FULL_WINDOW_OTHER_OP                               290       10.244%              290       10.244%
                                                  2831      100.000%             2831      100.000%
                                                  0.20         0.58              0.20         0.58

RET_BLOCKED_DC_MISS                             107778        0.565%           107778        0.565%

RET_BLOCKED_L1_MISS                             157187        0.823%           157187        0.823%

RET_BLOCKED_L1_MISS_BW_PREF                       5390        0.028%             5390        0.028%

RET_BLOCKED_L1_ACCESS                            48148        0.252%            48148        0.252%

RET_BLOCKED_MEM_STALL                           310705        1.628%           310705        1.628%

RET_BLOCKED_OFFCHIP_DEMAND                           0        0.000%                0        0.000%

OP_ISSUED                                    104723130                      104723130              

OP_RETIRED                                   104268263                      104268263              

OP_MACRO_FUSION_ONPATH                        14359250                       14359250              

OP_MACRO_FUSION_OFFPATH                         163904                         163904              

REPLAY_SIGNALED                                      0                              0              

REPLAY_COUNTED                                       0                              0              

OFF_CRITICAL_PATH                                    0         -nan%                0         -nan%
ON_CRITICAL_PATH                                     0         -nan%                0         -nan%
                                                     0         -nan%                0         -nan%
                                                  -nan         -nan              -nan         -nan

LD_NO_DEPENDENTS                               1716305        9.200%          1716305        9.200%
LD_DEPENDENTS                                 16938971       90.800%         16938971       90.800%
                                              18655276      100.000%         18655276      100.000%
                                                  0.91         0.87              0.91         0.87

LD_EXEC_CYCLES_0                                     0        0.000%                0        0.000%
LD_EXEC_CYCLES_1                               1714907       68.822%          1714907       68.822%
LD_EXEC_CYCLES_2                                227639        9.135%           227639        9.135%
LD_EXEC_CYCLES_3                                 97036        3.894%            97036        3.894%
LD_EXEC_CYCLES_4                                452226       18.149%           452226       18.149%
                                               2491808      100.000%          2491808      100.000%
                                                  1.71         1.38              1.71         1.38

ICACHE_STAGE_STARVED                            209742        1.124%           209742        1.124%
ICACHE_STAGE_NOT_STARVED                      18449742       98.876%         18449742       98.876%
                                              18659484      100.000%         18659484      100.000%
                                                  0.99         0.98              0.99         0.98

ICACHE_STAGE_STALLED                           3734627       19.564%          3734627       19.564%
ICACHE_STAGE_NOT_STALLED                      14924857       78.183%         14924857       78.183%
ICACHE_STAGE_OFF_PATH                           430257        2.254%           430257        2.254%
                                              19089741      100.000%         19089741      100.000%
                                                  0.83         0.26              0.83         0.26

DECODE_STAGE_STARVED                          18883504       99.452%         18883504       99.452%
DECODE_STAGE_NOT_STARVED                        104001        0.548%           104001        0.548%
                                              18987505      100.000%         18987505      100.000%
                                                  0.01         0.07              0.01         0.07

DECODE_STAGE_STALLED                             46700        0.245%            46700        0.245%
DECODE_STAGE_NOT_STALLED                      18940805       99.220%         18940805       99.220%
DECODE_STAGE_OFF_PATH                           102236        0.536%           102236        0.536%
                                              19089741      100.000%         19089741      100.000%
                                                  1.00         0.10              1.00         0.10

UOPQ_STAGE_STARVED                              582696        3.892%           582696        3.892%
UOPQ_STAGE_NOT_STARVED                        14389417       96.108%         14389417       96.108%
                                              14972113      100.000%         14972113      100.000%
                                                  0.96         0.94              0.96         0.94

UOPQ_STAGE_STALLED                             3758981       19.691%          3758981       19.691%
UOPQ_STAGE_NOT_STALLED                        14972113       78.430%         14972113       78.430%
UOPQ_STAGE_OFF_PATH                             358647        1.879%           358647        1.879%
                                              19089741      100.000%         19089741      100.000%
                                                  0.82         0.25              0.82         0.25

RS_OP_READY_NOT_ISSUED_TOTAL                  72792174                       72792174              

RS_0_OP_READY_NOT_ISSUED                      53848627                       53848627              

RS_1_OP_READY_NOT_ISSUED                       4929704                        4929704              

RS_2_OP_READY_NOT_ISSUED                      14013843                       14013843              

RS_3_OP_READY_NOT_ISSUED                             0                              0              

RS_4_OP_READY_NOT_ISSUED                             0                              0              

RS_5_OP_READY_NOT_ISSUED                             0                              0              

RS_6_OP_READY_NOT_ISSUED                             0                              0              

RS_7_OP_READY_NOT_ISSUED                             0                              0              

RS_7_PLUS_OP_READY_NOT_ISSUED                        0                              0              

FU_IDLE_NO_READY_OPS_TOTAL                    36140615                       36140615              

FU_0_IDLE_NO_READY_OPS                          562855                         562855              

FU_1_IDLE_NO_READY_OPS                         1108140                        1108140              

FU_2_IDLE_NO_READY_OPS                         5340015                        5340015              

FU_3_IDLE_NO_READY_OPS                         5341163                        5341163              

FU_4_IDLE_NO_READY_OPS                         1198809                        1198809              

FU_5_IDLE_NO_READY_OPS                          515268                         515268              

FU_6_IDLE_NO_READY_OPS                         7784751                        7784751              

FU_7_IDLE_NO_READY_OPS                         7792434                        7792434              

FU_8_IDLE_NO_READY_OPS                         1160099                        1160099              

FU_9_IDLE_NO_READY_OPS                         5337081                        5337081              

FU_10_IDLE_NO_READY_OPS                              0                              0              

FU_11_IDLE_NO_READY_OPS                              0                              0              

FU_12_IDLE_NO_READY_OPS                              0                              0              

FU_13_IDLE_NO_READY_OPS                              0                              0              

FU_14_IDLE_NO_READY_OPS                              0                              0              

FU_15_IDLE_NO_READY_OPS                              0                              0              

FU_16_IDLE_NO_READY_OPS                              0                              0              

FU_17_IDLE_NO_READY_OPS                              0                              0              

FU_18_IDLE_NO_READY_OPS                              0                              0              

FU_19_IDLE_NO_READY_OPS                              0                              0              

FU_20_IDLE_NO_READY_OPS                              0                              0              

FU_21_IDLE_NO_READY_OPS                              0                              0              

FU_22_IDLE_NO_READY_OPS                              0                              0              

FU_23_IDLE_NO_READY_OPS                              0                              0              

FU_24_IDLE_NO_READY_OPS                              0                              0              

FU_25_IDLE_NO_READY_OPS                              0                              0              

FU_26_IDLE_NO_READY_OPS                              0                              0              

FU_27_IDLE_NO_READY_OPS                              0                              0              

FU_28_IDLE_NO_READY_OPS                              0                              0              

FU_29_IDLE_NO_READY_OPS                              0                              0              

FU_30_IDLE_NO_READY_OPS                              0                              0              

FU_31_IDLE_NO_READY_OPS                              0                              0              

FU_31_PLUS_IDLE_NO_READY_OPS                         0                              0              

MAP_STAGE_STARVED                               115064        0.657%           115064        0.657%
MAP_STAGE_NOT_STARVED                         17399782       99.343%         17399782       99.343%
                                              17514846      100.000%         17514846      100.000%
                                                  0.99         0.99              0.99         0.99

MAP_STAGE_STALLED                                   42        0.000%               42        0.000%
MAP_STAGE_NOT_STALLED                         17514804       98.830%         17514804       98.830%
MAP_STAGE_OFF_PATH                              207287        1.170%           207287        1.170%
                                              17722133      100.000%         17722133      100.000%
                                                  1.01         0.15              1.01         0.15

MAP_STAGE_STALL_ITSELF                         1367608        7.164%          1367608        7.164%
MAP_STAGE_NOT_STALL_ITSELF                    17722133       92.836%         17722133       92.836%
                                              19089741      100.000%         19089741      100.000%
                                                  0.93         0.90              0.93         0.90

MAP_STAGE_LATE_ALLOCATE_SEND_BACK                    0                              0              

MAP_STAGE_RENAME_OP_ONPATH                   104268263                      104268263              

MAP_STAGE_RENAME_OP_OFFPATH                    1055218                        1055218              

MAP_STAGE_RENAME_INT_REG_ONPATH               84997691                       84997691              

MAP_STAGE_RENAME_INT_REG_OFFPATH                795409                         795409              

MAP_STAGE_RENAME_VEC_REG_ONPATH                1404030                        1404030              

MAP_STAGE_RENAME_VEC_REG_OFFPATH                  7162                           7162              

MAP_STAGE_RENAME_MOVE_ELIM_ONPATH                    0                              0              

MAP_STAGE_RENAME_MOVE_ELIM_OFFPATH                   0                              0              

MAP_STAGE_ONPATH_INT_REG_NUM_ALLOC            92244749                       92244749              

MAP_STAGE_ONPATH_VEC_REG_NUM_ALLOC             1404018                        1404018              

MAP_STAGE_ONPATH_INT_REG_NUM_SHORTLIVE        32991607                       32991607              

MAP_STAGE_ONPATH_VEC_REG_NUM_SHORTLIVE          446958                         446958              

MAP_STAGE_ONPATH_INT_REG_USE_COUNT_0          23312774                       23312774              

MAP_STAGE_ONPATH_VEC_REG_USE_COUNT_0            394446                         394446              

MAP_STAGE_ONPATH_INT_REG_USE_COUNT_1          45455950                       45455950              

MAP_STAGE_ONPATH_VEC_REG_USE_COUNT_1            856982                         856982              

MAP_STAGE_ONPATH_INT_REG_USE_COUNT_2          15816678                       15816678              

MAP_STAGE_ONPATH_VEC_REG_USE_COUNT_2             73836                          73836              

MAP_STAGE_ONPATH_INT_REG_USE_COUNT_3           3442938                        3442938              

MAP_STAGE_ONPATH_VEC_REG_USE_COUNT_3               157                            157              

MAP_STAGE_ONPATH_INT_REG_USE_COUNT_4           1760835                        1760835              

MAP_STAGE_ONPATH_VEC_REG_USE_COUNT_4             78592                          78592              

MAP_STAGE_ONPATH_INT_REG_USE_COUNT_5            631451                         631451              

MAP_STAGE_ONPATH_VEC_REG_USE_COUNT_5                 2                              2              

MAP_STAGE_ONPATH_INT_REG_USE_COUNT_6            731730                         731730              

MAP_STAGE_ONPATH_VEC_REG_USE_COUNT_6                 0                              0              

MAP_STAGE_ONPATH_INT_REG_USE_COUNT_7_PLUS       1092393                        1092393              

MAP_STAGE_ONPATH_VEC_REG_USE_COUNT_7_PLUS             3                              3              

MAP_STAGE_ONPATH_INT_REG_CONSUME_DIST_0              0        0.0000                0        0.0000

MAP_STAGE_ONPATH_VEC_REG_CONSUME_DIST_0              0        0.0000                0        0.0000

MAP_STAGE_ONPATH_INT_REG_CONSUME_DIST_1              0        0.0000                0        0.0000

MAP_STAGE_ONPATH_VEC_REG_CONSUME_DIST_1              0        0.0000                0        0.0000

MAP_STAGE_ONPATH_INT_REG_CONSUME_DIST_2       37243516        2.3547         37243516        2.3547

MAP_STAGE_ONPATH_VEC_REG_CONSUME_DIST_2         324016        4.3883           324016        4.3883

MAP_STAGE_ONPATH_INT_REG_CONSUME_DIST_3       16772752        4.8716         16772752        4.8716

MAP_STAGE_ONPATH_VEC_REG_CONSUME_DIST_3        7691307    48989.2166          7691307    48989.2166

MAP_STAGE_ONPATH_INT_REG_CONSUME_DIST_4       13729731        7.7973         13729731        7.7973

MAP_STAGE_ONPATH_VEC_REG_CONSUME_DIST_4        7846206       99.8347          7846206       99.8347

MAP_STAGE_ONPATH_INT_REG_CONSUME_DIST_5        8762194       13.8763          8762194       13.8763

MAP_STAGE_ONPATH_VEC_REG_CONSUME_DIST_5              4        2.0000                4        2.0000

MAP_STAGE_ONPATH_INT_REG_CONSUME_DIST_6       12663130       17.3057         12663130       17.3057

MAP_STAGE_ONPATH_VEC_REG_CONSUME_DIST_6              0          -nan                0          -nan

MAP_STAGE_ONPATH_INT_REG_CONSUME_DIST_7_PLUS      32353776       29.6173         32353776       29.6173

MAP_STAGE_ONPATH_VEC_REG_CONSUME_DIST_7_PLUS          5889     1963.0000             5889     1963.0000

MAP_STAGE_INT_REG_ISSUE_READ_TOTAL_CONSUMED     120157385        6.4738        120157385        6.4738

MAP_STAGE_VEC_REG_ISSUE_READ_TOTAL_CONSUMED       1320404        0.0711          1320404        0.0711

MAP_STAGE_INT_REG_ISSUE_READ_MULTI_CONSUMED      51012195        2.7484         51012195        2.7484

MAP_STAGE_VEC_REG_ISSUE_READ_MULTI_CONSUMED        310021        0.0167           310021        0.0167

MAP_STAGE_INT_REG_ISSUE_READ_SAME_CYCLE_CONSUMED      25579826        1.3782         25579826        1.3782

MAP_STAGE_VEC_REG_ISSUE_READ_SAME_CYCLE_CONSUMED        186606        0.0101           186606        0.0101

MAP_STAGE_INT_REG_ISSUE_READ_TOTAL_CONSUMED_ONPATH     119715676        6.5055        119715676        6.5055

MAP_STAGE_VEC_REG_ISSUE_READ_TOTAL_CONSUMED_ONPATH       1319570        0.0717          1319570        0.0717

MAP_STAGE_INT_REG_ISSUE_READ_MULTI_CONSUMED_ONPATH      50783671        2.7597         50783671        2.7597

MAP_STAGE_VEC_REG_ISSUE_READ_MULTI_CONSUMED_ONPATH        309987        0.0168           309987        0.0168

MAP_STAGE_INT_REG_ISSUE_READ_SAME_CYCLE_CONSUMED_ONPATH      25474075        1.3843         25474075        1.3843

MAP_STAGE_VEC_REG_ISSUE_READ_SAME_CYCLE_CONSUMED_ONPATH        186598        0.0101           186598        0.0101

MAP_STAGE_ONPATH_INT_REG_LIFECYCLE_EMPTY    2478693213                     2478693213              

MAP_STAGE_ONPATH_VEC_REG_LIFECYCLE_EMPTY      50623718                       50623718              

MAP_STAGE_ONPATH_INT_REG_LIFECYCLE_IN_USE    3169736052                     3169736052              

MAP_STAGE_ONPATH_VEC_REG_LIFECYCLE_IN_USE      91788478                       91788478              

MAP_STAGE_ONPATH_INT_REG_LIFECYCLE_SPEC_RELEASE    4305620411                     4305620411              

MAP_STAGE_ONPATH_VEC_REG_LIFECYCLE_SPEC_RELEASE     164510786                      164510786              

MAP_STAGE_ONPATH_INT_REG_LIFECYCLE_NONSPEC_RELEASE    4305620411                     4305620411              

MAP_STAGE_ONPATH_VEC_REG_LIFECYCLE_NONSPEC_RELEASE     164510786                      164510786              

MAP_STAGE_ONPATH_INT_REG_LIFECYCLE_TOTAL    4305620411                     4305620411              

MAP_STAGE_ONPATH_VEC_REG_LIFECYCLE_TOTAL     164510786                      164510786              

MAP_STAGE_ONPATH_INT_REG_NUM_NONBRANCH        92244749                       92244749              

MAP_STAGE_ONPATH_VEC_REG_NUM_NONBRANCH         1404018                        1404018              

MAP_STAGE_ONPATH_INT_REG_NUM_NONEXCEPT        92244749                       92244749              

MAP_STAGE_ONPATH_VEC_REG_NUM_NONEXCEPT         1404018                        1404018              

MAP_STAGE_ONPATH_INT_REG_NUM_ATOMIC           92244749                       92244749              

MAP_STAGE_ONPATH_VEC_REG_NUM_ATOMIC            1404018                        1404018              

MAP_STAGE_ONPATH_INT_REG_ATOMIC_REDEFINED_DIST_TOTAL    4305620411       46.6760       4305620411       46.6760

MAP_STAGE_ONPATH_VEC_REG_ATOMIC_REDEFINED_DIST_TOTAL     164510786      117.1714        164510786      117.1714

MAP_STAGE_ONPATH_INT_REG_ATOMIC_CONSUMED_DIST_TOTAL    3169736052       34.3622       3169736052       34.3622

MAP_STAGE_ONPATH_VEC_REG_ATOMIC_CONSUMED_DIST_TOTAL      91788478       65.3756         91788478       65.3756

MAP_STAGE_ONPATH_INT_REG_ATOMIC_RELEASE_DIST_TOTAL    4305620411       46.6760       4305620411       46.6760

MAP_STAGE_ONPATH_VEC_REG_ATOMIC_RELEASE_DIST_TOTAL     164510786      117.1714        164510786      117.1714

EXEC_STAGE_STARVED                            14432405       75.603%         14432405       75.603%
EXEC_STAGE_NOT_STARVED                         4496205       23.553%          4496205       23.553%
EXEC_STAGE_OFF_PATH                             161131        0.844%           161131        0.844%
                                              19089741      100.000%         19089741      100.000%
                                                  0.25         0.40              0.25         0.40

FU_BUSY_0                                     16223864                       16223864              

FU_BUSY_1                                     15222773                       15222773              

FU_BUSY_2                                      6668882                        6668882              

FU_BUSY_3                                      6668440                        6668440              

FU_BUSY_4                                     14088149                       14088149              

FU_BUSY_5                                     16644815                       16644815              

FU_BUSY_6                                      6545002                        6545002              

FU_BUSY_7                                      6545901                        6545901              

FU_BUSY_8                                     14499586                       14499586              

FU_BUSY_9                                      6671694                        6671694              

FU_BUSY_10                                           0                              0              

FU_BUSY_11                                           0                              0              

FU_BUSY_12                                           0                              0              

FU_BUSY_13                                           0                              0              

FU_BUSY_14                                           0                              0              

FU_BUSY_15                                           0                              0              

FU_BUSY_16                                           0                              0              

FU_BUSY_17                                           0                              0              

FU_BUSY_18                                           0                              0              

FU_BUSY_19                                           0                              0              

FU_BUSY_20                                           0                              0              

FU_BUSY_21                                           0                              0              

FU_BUSY_22                                           0                              0              

FU_BUSY_23                                           0                              0              

FU_BUSY_24                                           0                              0              

FU_BUSY_25                                           0                              0              

FU_BUSY_26                                           0                              0              

FU_BUSY_27                                           0                              0              

FU_BUSY_28                                           0                              0              

FU_BUSY_29                                           0                              0              

FU_BUSY_30                                           0                              0              

FU_BUSY_31                                           0                              0              

FU_REJECTED_OP_INV_NOT_SIMD                          0        0.000%                0        0.000%
FU_REJECTED_OP_NOP_NOT_SIMD                      24140        0.680%            24140        0.680%
FU_REJECTED_OP_CF_NOT_SIMD                          77        0.002%               77        0.002%
FU_REJECTED_OP_MOV_NOT_SIMD                     287323        8.093%           287323        8.093%
FU_REJECTED_OP_CMOV_NOT_SIMD                         0        0.000%                0        0.000%
FU_REJECTED_OP_LDA_NOT_SIMD                     195309        5.501%           195309        5.501%
FU_REJECTED_OP_IMEM_NOT_SIMD                    595746       16.780%           595746       16.780%
FU_REJECTED_OP_IADD_NOT_SIMD                    497793       14.021%           497793       14.021%
FU_REJECTED_OP_IMUL_NOT_SIMD                    777283       21.893%           777283       21.893%
FU_REJECTED_OP_IDIV_NOT_SIMD                        43        0.001%               43        0.001%
FU_REJECTED_OP_ICMP_NOT_SIMD                        17        0.000%               17        0.000%
FU_REJECTED_OP_LOGIC_NOT_SIMD                   316827        8.924%           316827        8.924%
FU_REJECTED_OP_SHIFT_NOT_SIMD                   817979       23.039%           817979       23.039%
FU_REJECTED_OP_FMEM_NOT_SIMD                         3        0.000%                3        0.000%
FU_REJECTED_OP_FCVT_NOT_SIMD                         0        0.000%                0        0.000%
FU_REJECTED_OP_FADD_NOT_SIMD                         0        0.000%                0        0.000%
FU_REJECTED_OP_FMUL_NOT_SIMD                         0        0.000%                0        0.000%
FU_REJECTED_OP_FMA_NOT_SIMD                          0        0.000%                0        0.000%
FU_REJECTED_OP_FDIV_NOT_SIMD                         0        0.000%                0        0.000%
FU_REJECTED_OP_FCMP_NOT_SIMD                         0        0.000%                0        0.000%
FU_REJECTED_OP_FCMOV_NOT_SIMD                        0        0.000%                0        0.000%
FU_REJECTED_OP_GATHER_NOT_SIMD                       0        0.000%                0        0.000%
FU_REJECTED_OP_SCATTER_NOT_SIMD                      0        0.000%                0        0.000%
FU_REJECTED_OP_PIPELINED_FAST_NOT_SIMD               0        0.000%                0        0.000%
FU_REJECTED_OP_PIPELINED_MEDIUM_NOT_SIMD             0        0.000%                0        0.000%
FU_REJECTED_OP_PIPELINED_SLOW_NOT_SIMD               0        0.000%                0        0.000%
FU_REJECTED_OP_NOTPIPELINED_MEDIUM_NOT_SIMD             0        0.000%                0        0.000%
FU_REJECTED_OP_NOTPIPELINED_SLOW_NOT_SIMD             0        0.000%                0        0.000%
FU_REJECTED_OP_NOTPIPELINED_VERY_SLOW_NOT_SIMD             0        0.000%                0        0.000%
FU_REJECTED_OP_INV_SIMD                              0        0.000%                0        0.000%
FU_REJECTED_OP_NOP_SIMD                           3401        0.096%             3401        0.096%
FU_REJECTED_OP_CF_SIMD                               0        0.000%                0        0.000%
FU_REJECTED_OP_MOV_SIMD                            518        0.015%              518        0.015%
FU_REJECTED_OP_CMOV_SIMD                             0        0.000%                0        0.000%
FU_REJECTED_OP_LDA_SIMD                              0        0.000%                0        0.000%
FU_REJECTED_OP_IMEM_SIMD                             0        0.000%                0        0.000%
FU_REJECTED_OP_IADD_SIMD                             0        0.000%                0        0.000%
FU_REJECTED_OP_IMUL_SIMD                             0        0.000%                0        0.000%
FU_REJECTED_OP_IDIV_SIMD                             0        0.000%                0        0.000%
FU_REJECTED_OP_ICMP_SIMD                             0        0.000%                0        0.000%
FU_REJECTED_OP_LOGIC_SIMD                            0        0.000%                0        0.000%
FU_REJECTED_OP_SHIFT_SIMD                            2        0.000%                2        0.000%
FU_REJECTED_OP_FMEM_SIMD                             0        0.000%                0        0.000%
FU_REJECTED_OP_FCVT_SIMD                           238        0.007%              238        0.007%
FU_REJECTED_OP_FADD_SIMD                         33635        0.947%            33635        0.947%
FU_REJECTED_OP_FMUL_SIMD                             0        0.000%                0        0.000%
FU_REJECTED_OP_FMA_SIMD                              0        0.000%                0        0.000%
FU_REJECTED_OP_FDIV_SIMD                             0        0.000%                0        0.000%
FU_REJECTED_OP_FCMP_SIMD                             0        0.000%                0        0.000%
FU_REJECTED_OP_FCMOV_SIMD                            0        0.000%                0        0.000%
FU_REJECTED_OP_GATHER_SIMD                           0        0.000%                0        0.000%
FU_REJECTED_OP_SCATTER_SIMD                          0        0.000%                0        0.000%
FU_REJECTED_OP_PIPELINED_FAST_SIMD                   0        0.000%                0        0.000%
FU_REJECTED_OP_PIPELINED_MEDIUM_SIMD                 0        0.000%                0        0.000%
FU_REJECTED_OP_PIPELINED_SLOW_SIMD                   0        0.000%                0        0.000%
FU_REJECTED_OP_NOTPIPELINED_MEDIUM_SIMD              0        0.000%                0        0.000%
FU_REJECTED_OP_NOTPIPELINED_SLOW_SIMD                0        0.000%                0        0.000%
FU_REJECTED_OP_NOTPIPELINED_VERY_SLOW_SIMD             0        0.000%                0        0.000%
                                               3550334      100.000%          3550334      100.000%
                                                  8.46         4.57              8.46         4.57

LSQ_FULL_TOTAL                                      42                             42              

LSQ_FULL_LOAD_QUEUE                                  0                              0              

LSQ_FULL_STORE_QUEUE                                42                             42              

OP_WAIT_0                                     73026373                       73026373              

OP_WAIT_1                                     13118402                       13118402              

OP_WAIT_2                                      4977114                        4977114              

OP_WAIT_3                                      3146844                        3146844              

OP_WAIT_4                                      1891750                        1891750              

OP_WAIT_5                                      1797990                        1797990              

OP_WAIT_6                                      1462412                        1462412              

OP_WAIT_7                                      1019283                        1019283              

OP_WAIT_8                                       695583                         695583              

OP_WAIT_9                                       663436                         663436              

OP_WAIT_10                                      462099                         462099              

OP_WAIT_11                                      349307                         349307              

OP_WAIT_12                                      366719                         366719              

OP_WAIT_13                                      257948                         257948              

OP_WAIT_14                                      294584                         294584              

OP_WAIT_15                                      158998                         158998              

OP_WAIT_16                                      149625                         149625              

OP_WAIT_17                                      110240                         110240              

OP_WAIT_18                                      116667                         116667              

OP_WAIT_19                                       56511                          56511              

OP_WAIT_20                                       40941                          40941              

OP_WAIT_21                                       30570                          30570              

OP_WAIT_22                                       25797                          25797              

OP_WAIT_23                                       19943                          19943              

OP_WAIT_24                                       10523                          10523              

OP_WAIT_25                                        5108                           5108              

OP_WAIT_26                                        3529                           3529              

OP_WAIT_27                                        1958                           1958              

OP_WAIT_28                                        1061                           1061              

OP_WAIT_29                                         587                            587              

OP_WAIT_30                                         238                            238              

OP_WAIT_31                                        6123                           6123              

ROW_SIZE_0                                     3678604                        3678604              

ROW_SIZE_1                                     1548900                        1548900              

ROW_SIZE_2                                      523004                         523004              

ROW_SIZE_3                                      298926                         298926              

ROW_SIZE_4                                      392439                         392439              

ROW_SIZE_5                                      167511                         167511              

ROW_SIZE_6                                      240925                         240925              

ROW_SIZE_7                                      386524                         386524              

ROW_SIZE_8                                    11777256                       11777256              

ROW_SIZE_9                                           0                              0              

ROW_SIZE_10                                          0                              0              

ROW_SIZE_11                                          0                              0              

ROW_SIZE_12                                          0                              0              

ROW_SIZE_13                                          0                              0              

ROW_SIZE_14                                          0                              0              

ROW_SIZE_15                                          0                              0              

ROW_SIZE_16                                          0                              0              

ROW_SIZE_17                                          0                              0              

ROW_SIZE_18                                          0                              0              

ROW_SIZE_19                                          0                              0              

ROW_SIZE_20                                          0                              0              

ROW_SIZE_21                                          0                              0              

ROW_SIZE_22                                          0                              0              

ROW_SIZE_23                                          0                              0              

ROW_SIZE_24                                          0                              0              

ROW_SIZE_25                                          0                              0              

ROW_SIZE_26                                          0                              0              

ROW_SIZE_27                                          0                              0              

ROW_SIZE_28                                          0                              0              

ROW_SIZE_29                                          0                              0              

ROW_SIZE_30                                          0                              0              

ROW_SIZE_31                                          0                              0              

RET_OP_EXEC_COUNT_0                                  0        0.000%                0        0.000%
RET_OP_EXEC_COUNT_1                          104268263      100.000%        104268263      100.000%
RET_OP_EXEC_COUNT_2                                  0        0.000%                0        0.000%
RET_OP_EXEC_COUNT_3                                  0        0.000%                0        0.000%
RET_OP_EXEC_COUNT_4                                  0        0.000%                0        0.000%
RET_OP_EXEC_COUNT_5                                  0        0.000%                0        0.000%
RET_OP_EXEC_COUNT_6                                  0        0.000%                0        0.000%
RET_OP_EXEC_COUNT_7                                  0        0.000%                0        0.000%
RET_OP_EXEC_COUNT_8                                  0        0.000%                0        0.000%
RET_OP_EXEC_COUNT_9                                  0        0.000%                0        0.000%
RET_OP_EXEC_COUNT_10                                 0        0.000%                0        0.000%
RET_OP_EXEC_COUNT_11                                 0        0.000%                0        0.000%
RET_OP_EXEC_COUNT_12                                 0        0.000%                0        0.000%
RET_OP_EXEC_COUNT_13                                 0        0.000%                0        0.000%
RET_OP_EXEC_COUNT_14                                 0        0.000%                0        0.000%
RET_OP_EXEC_COUNT_15                                 0        0.000%                0        0.000%
RET_OP_EXEC_COUNT_16                                 0        0.000%                0        0.000%
RET_OP_EXEC_COUNT_17                                 0        0.000%                0        0.000%
RET_OP_EXEC_COUNT_18                                 0        0.000%                0        0.000%
RET_OP_EXEC_COUNT_19                                 0        0.000%                0        0.000%
RET_OP_EXEC_COUNT_20                                 0        0.000%                0        0.000%
RET_OP_EXEC_COUNT_21                                 0        0.000%                0        0.000%
RET_OP_EXEC_COUNT_22                                 0        0.000%                0        0.000%
RET_OP_EXEC_COUNT_23                                 0        0.000%                0        0.000%
RET_OP_EXEC_COUNT_24                                 0        0.000%                0        0.000%
RET_OP_EXEC_COUNT_25                                 0        0.000%                0        0.000%
RET_OP_EXEC_COUNT_26                                 0        0.000%                0        0.000%
RET_OP_EXEC_COUNT_27                                 0        0.000%                0        0.000%
RET_OP_EXEC_COUNT_28                                 0        0.000%                0        0.000%
RET_OP_EXEC_COUNT_29                                 0        0.000%                0        0.000%
RET_OP_EXEC_COUNT_30                                 0        0.000%                0        0.000%
RET_OP_EXEC_COUNT_31                                 0        0.000%                0        0.000%
RET_OP_EXEC_COUNT_32                                 0        0.000%                0        0.000%
                                             104268263      100.000%        104268263      100.000%
                                                  1.00         0.00              1.00         0.00

RET_STALL_LENGTH_0                           104267712       99.999%        104267712       99.999%
RET_STALL_LENGTH_100                               179        0.000%              179        0.000%
RET_STALL_LENGTH_200                               113        0.000%              113        0.000%
RET_STALL_LENGTH_300                                58        0.000%               58        0.000%
RET_STALL_LENGTH_400                                47        0.000%               47        0.000%
RET_STALL_LENGTH_500                                41        0.000%               41        0.000%
RET_STALL_LENGTH_600                                62        0.000%               62        0.000%
RET_STALL_LENGTH_700                                34        0.000%               34        0.000%
RET_STALL_LENGTH_800                                 6        0.000%                6        0.000%
RET_STALL_LENGTH_900                                 2        0.000%                2        0.000%
RET_STALL_LENGTH_1000                                1        0.000%                1        0.000%
RET_STALL_LENGTH_1100                                4        0.000%                4        0.000%
RET_STALL_LENGTH_1200                                3        0.000%                3        0.000%
RET_STALL_LENGTH_1300                                0        0.000%                0        0.000%
RET_STALL_LENGTH_1400                                1        0.000%                1        0.000%
RET_STALL_LENGTH_1500                                0        0.000%                0        0.000%
RET_STALL_LENGTH_1600                                0        0.000%                0        0.000%
RET_STALL_LENGTH_1700                                0        0.000%                0        0.000%
RET_STALL_LENGTH_1800                                0        0.000%                0        0.000%
RET_STALL_LENGTH_1900                                0        0.000%                0        0.000%
RET_STALL_LENGTH_2000                                0        0.000%                0        0.000%
RET_STALL_LENGTH_2100                                0        0.000%                0        0.000%
RET_STALL_LENGTH_2200                                0        0.000%                0        0.000%
RET_STALL_LENGTH_2300                                0        0.000%                0        0.000%
RET_STALL_LENGTH_2400                                0        0.000%                0        0.000%
RET_STALL_LENGTH_2500                                0        0.000%                0        0.000%
RET_STALL_LENGTH_2600                                0        0.000%                0        0.000%
RET_STALL_LENGTH_2700                                0        0.000%                0        0.000%
RET_STALL_LENGTH_2800                                0        0.000%                0        0.000%
RET_STALL_LENGTH_2900                                0        0.000%                0        0.000%
RET_STALL_LENGTH_3000                                0        0.000%                0        0.000%
RET_STALL_LENGTH_3100                                0        0.000%                0        0.000%
RET_STALL_LENGTH_3200                                0        0.000%                0        0.000%
RET_STALL_LENGTH_3300                                0        0.000%                0        0.000%
RET_STALL_LENGTH_3400                                0        0.000%                0        0.000%
RET_STALL_LENGTH_3500                                0        0.000%                0        0.000%
RET_STALL_LENGTH_3600                                0        0.000%                0        0.000%
RET_STALL_LENGTH_3700                                0        0.000%                0        0.000%
RET_STALL_LENGTH_3800                                0        0.000%                0        0.000%
RET_STALL_LENGTH_3900                                0        0.000%                0        0.000%
RET_STALL_LENGTH_4000                                0        0.000%                0        0.000%
RET_STALL_LENGTH_4100                                0        0.000%                0        0.000%
RET_STALL_LENGTH_4200                                0        0.000%                0        0.000%
RET_STALL_LENGTH_4300                                0        0.000%                0        0.000%
RET_STALL_LENGTH_4400                                0        0.000%                0        0.000%
RET_STALL_LENGTH_4500                                0        0.000%                0        0.000%
RET_STALL_LENGTH_4600                                0        0.000%                0        0.000%
RET_STALL_LENGTH_4700                                0        0.000%                0        0.000%
RET_STALL_LENGTH_4800                                0        0.000%                0        0.000%
RET_STALL_LENGTH_4900                                0        0.000%                0        0.000%
RET_STALL_LENGTH_5000                                0        0.000%                0        0.000%
                                             104268263      100.000%        104268263      100.000%
                                                  0.00         0.01              0.00         0.01

MEM_BLOCK_LENGTH_0                                  75       16.556%               75       16.556%
MEM_BLOCK_LENGTH_100                                36        7.947%               36        7.947%
MEM_BLOCK_LENGTH_200                                60       13.245%               60       13.245%
MEM_BLOCK_LENGTH_300                                75       16.556%               75       16.556%
MEM_BLOCK_LENGTH_400                                48       10.596%               48       10.596%
MEM_BLOCK_LENGTH_500                                39        8.609%               39        8.609%
MEM_BLOCK_LENGTH_600                                56       12.362%               56       12.362%
MEM_BLOCK_LENGTH_700                                51       11.258%               51       11.258%
MEM_BLOCK_LENGTH_800                                 8        1.766%                8        1.766%
MEM_BLOCK_LENGTH_900                                 3        0.662%                3        0.662%
MEM_BLOCK_LENGTH_1000                                1        0.221%                1        0.221%
MEM_BLOCK_LENGTH_1100                                1        0.221%                1        0.221%
MEM_BLOCK_LENGTH_1200                                0        0.000%                0        0.000%
MEM_BLOCK_LENGTH_1300                                0        0.000%                0        0.000%
MEM_BLOCK_LENGTH_1400                                0        0.000%                0        0.000%
MEM_BLOCK_LENGTH_1500                                0        0.000%                0        0.000%
MEM_BLOCK_LENGTH_1600                                0        0.000%                0        0.000%
MEM_BLOCK_LENGTH_1700                                0        0.000%                0        0.000%
MEM_BLOCK_LENGTH_1800                                0        0.000%                0        0.000%
MEM_BLOCK_LENGTH_1900                                0        0.000%                0        0.000%
MEM_BLOCK_LENGTH_2000                                0        0.000%                0        0.000%
MEM_BLOCK_LENGTH_2100                                0        0.000%                0        0.000%
MEM_BLOCK_LENGTH_2200                                0        0.000%                0        0.000%
MEM_BLOCK_LENGTH_2300                                0        0.000%                0        0.000%
MEM_BLOCK_LENGTH_2400                                0        0.000%                0        0.000%
MEM_BLOCK_LENGTH_2500                                0        0.000%                0        0.000%
MEM_BLOCK_LENGTH_2600                                0        0.000%                0        0.000%
MEM_BLOCK_LENGTH_2700                                0        0.000%                0        0.000%
MEM_BLOCK_LENGTH_2800                                0        0.000%                0        0.000%
MEM_BLOCK_LENGTH_2900                                0        0.000%                0        0.000%
MEM_BLOCK_LENGTH_3000                                0        0.000%                0        0.000%
MEM_BLOCK_LENGTH_3100                                0        0.000%                0        0.000%
MEM_BLOCK_LENGTH_3200                                0        0.000%                0        0.000%
MEM_BLOCK_LENGTH_3300                                0        0.000%                0        0.000%
MEM_BLOCK_LENGTH_3400                                0        0.000%                0        0.000%
MEM_BLOCK_LENGTH_3500                                0        0.000%                0        0.000%
MEM_BLOCK_LENGTH_3600                                0        0.000%                0        0.000%
MEM_BLOCK_LENGTH_3700                                0        0.000%                0        0.000%
MEM_BLOCK_LENGTH_3800                                0        0.000%                0        0.000%
MEM_BLOCK_LENGTH_3900                                0        0.000%                0        0.000%
MEM_BLOCK_LENGTH_4000                                0        0.000%                0        0.000%
MEM_BLOCK_LENGTH_4100                                0        0.000%                0        0.000%
MEM_BLOCK_LENGTH_4200                                0        0.000%                0        0.000%
MEM_BLOCK_LENGTH_4300                                0        0.000%                0        0.000%
MEM_BLOCK_LENGTH_4400                                0        0.000%                0        0.000%
MEM_BLOCK_LENGTH_4500                                0        0.000%                0        0.000%
MEM_BLOCK_LENGTH_4600                                0        0.000%                0        0.000%
MEM_BLOCK_LENGTH_4700                                0        0.000%                0        0.000%
MEM_BLOCK_LENGTH_4800                                0        0.000%                0        0.000%
MEM_BLOCK_LENGTH_4900                                0        0.000%                0        0.000%
MEM_BLOCK_LENGTH_5000                                0        0.000%                0        0.000%
                                                   453      100.000%              453      100.000%
                                                  3.47         2.01              3.47         2.01

FUS_BUSY_ON_PATH                             109314806        5.7264        109314806        5.7264

FUS_BUSY_OFF_PATH                               464300        0.0243           464300        0.0243

FU_BUSY_MEM_STALL                              2036179        0.1067          2036179        0.1067

FUS_EMPTY                                     81118304        4.2493         81118304        4.2493

FU_UNAVAILABLE                                 2422930        0.1269          2422930        0.1269

FU_MEM_UNAVAILABLE                             1127404        0.0591          1127404        0.0591

FU_OTHER_UNAVAILABLE                                 0        0.0000                0        0.0000

FU_REPLAY                                            0        0.0000                0        0.0000

FU_STARVED                                    81078157        4.2472         81078157        4.2472

CHIP_UTILIZATION                                     0        0.0000                0        0.0000

CYCLES_UNDER_MEM_REQ                                 0                              0              

CYCLES_UNDER_NO_MEM_REQ                              0                              0              

CYCLES_UNDER_CRITICAL_MEM_REQ                        0                              0              

CYCLES_UNDER_NONCRITICAL_MEM_REQ                     0                              0              

CHIP_UTILIZATION_UNDER_MEM_REQ                       0          -nan                0          -nan

CHIP_UTILIZATION_UNDER_NO_MEM_REQ                    0          -nan                0          -nan

CHIP_UTILIZATION_UNDER_CRITICAL_MEM_REQ              0          -nan                0          -nan

CHIP_UTILIZATION_UNDER_NONCRITICAL_MEM_REQ             0          -nan                0          -nan

CYCLES_NOT_WAITING_FOR_OFF_CHIP                      0        0.0000                0        0.0000

FUS_BUSY_NOT_WAITING_FOR_OFF_CHIP                    0          -nan                0          -nan

CYCLES_WAITING_FOR_OFF_CHIP                          0        0.0000                0        0.0000

FUS_BUSY_WAITING_FOR_OFF_CHIP                        0          -nan                0          -nan

TOTAL_OFF_CHIP_DELAYS_LEFT                           0                              0              

WRONG_IO_SCHED                                       0                              0              

DVFS_CONFIG_SWITCH                                   0                              0              

MAP_STAGE_RECEIVED_OPS_0                             0        0.000%                0        0.000%
MAP_STAGE_RECEIVED_OPS_1                          2741        0.016%             2741        0.016%
MAP_STAGE_RECEIVED_OPS_2                          9269        0.053%             9269        0.053%
MAP_STAGE_RECEIVED_OPS_3                          6460        0.037%             6460        0.037%
MAP_STAGE_RECEIVED_OPS_4                         11649        0.067%            11649        0.067%
MAP_STAGE_RECEIVED_OPS_5                         10231        0.059%            10231        0.059%
MAP_STAGE_RECEIVED_OPS_6                      17352282       99.768%         17352282       99.768%
MAP_STAGE_RECEIVED_OPS_7                             0        0.000%                0        0.000%
MAP_STAGE_RECEIVED_OPS_8                             0        0.000%                0        0.000%
MAP_STAGE_RECEIVED_OPS_MAX                           0        0.000%                0        0.000%
                                              17392632      100.000%         17392632      100.000%
                                                  5.99         0.14              5.99         0.14

MAP_STAGE_WAIT_FOR_DECODE                            0         -nan%                0         -nan%
MAP_STAGE_CONSUME_DECODE                             0         -nan%                0         -nan%
                                                     0         -nan%                0         -nan%
                                                  -nan         -nan              -nan         -nan

MAP_STAGE_WAIT_FOR_DECODE2                           0         -nan%                0         -nan%
MAP_STAGE_CONSUME_DECODE2                            0         -nan%                0         -nan%
                                                     0         -nan%                0         -nan%
                                                  -nan         -nan              -nan         -nan

FTQ_RECOVER_EXEC                                  6967                           6967              

FTQ_RECOVER_DECODE                                 307                            307              

FTQ_OFFPATH_CYCLES                             1763939                        1763939              

FTQ_CYCLES_OFFPATH                             1763939                        1763939              

FTQ_CYCLES_ONPATH                             17325802                       17325802              

FTQ_FETCHED_INS_ONPATH                       104268118                      104268118              

FTQ_FETCHED_INS_OFFPATH                       10080128                       10080128              

FTQ_BREAK_FULL_FT_ONPATH                      13960082                       13960082              

FTQ_BREAK_FULL_FT_OFFPATH                       955502                         955502              

FTQ_BREAK_PRED_BR_ONPATH                             0                              0              

FTQ_BREAK_PRED_BR_OFFPATH                            0                              0              

FTQ_BREAK_BAR_FETCH_ONPATH                           0                              0              

FTQ_BREAK_BAR_FETCH_OFFPATH                          0                              0              

FTQ_BREAK_MAX_CFS_TAKEN_ONPATH                       0                              0              

FTQ_BREAK_MAX_CFS_TAKEN_OFFPATH                      0                              0              

FTQ_BREAK_MAX_FT_ONPATH                        3365596                        3365596              

FTQ_BREAK_MAX_FT_OFFPATH                        808437                         808437              

DFE_GEN_ON_PATH_FT                            11779193                       11779193              

DFE_GEN_OFF_PATH_FT                            1109466                        1109466              

DFE_L0_ENABLED_PREDICTIONS                   104268263                      104268263              

DFE_L0_WRONG_MAIN_CORRECT                       383826                         383826              

DFE_L0_WRONG_MAIN_WRONG                           5676                           5676              

DFE_L0_CORRECT_MAIN_WRONG                         1598                           1598              

DFE_L0_CORRECT_MAIN_CORRECT                  103877163                      103877163              

DFE_L0_WRONG_MAIN_CORRECT_RECOVERY_SCHEDULED             0                              0              

FTQ_SAW_BAR_FETCH_OFFPATH                          340                            340              

FTQ_SAW_BAR_FETCH_ONPATH                          1086                           1086              

DFE_CONF_0_RECOVER_AT_EXEC                           0         -nan%                0         -nan%
DFE_CONF_1_RECOVER_AT_EXEC                           0         -nan%                0         -nan%
DFE_CONF_2_RECOVER_AT_EXEC                           0         -nan%                0         -nan%
DFE_CONF_3_RECOVER_AT_EXEC                           0         -nan%                0         -nan%
DFE_CONF_0_CORRECT                                   0         -nan%                0         -nan%
DFE_CONF_1_CORRECT                                   0         -nan%                0         -nan%
DFE_CONF_2_CORRECT                                   0         -nan%                0         -nan%
DFE_CONF_3_CORRECT                                   0         -nan%                0         -nan%
                                                     0         -nan%                0         -nan%
                                                  -nan         -nan              -nan         -nan

DFE_ON_CONF_ON_OPS                                   0         -nan%                0         -nan%
DFE_ON_CONF_OFF_OPS                                  0         -nan%                0         -nan%
DFE_OFF_CONF_ON_OPS                                  0         -nan%                0         -nan%
DFE_OFF_CONF_OFF_REALISTIC_OPS                       0         -nan%                0         -nan%
DFE_OFF_CONF_OFF_PERFECT_OPS                         0         -nan%                0         -nan%
                                                     0         -nan%                0         -nan%
                                                  -nan         -nan              -nan         -nan

DFE_ON_CONF_ON_FETCH_TARGETS                         0         -nan%                0         -nan%
DFE_ON_CONF_OFF_FETCH_TARGETS                        0         -nan%                0         -nan%
DFE_OFF_CONF_ON_FETCH_TARGETS                        0         -nan%                0         -nan%
DFE_OFF_CONF_OFF_REALISTIC_FETCH_TARGETS             0         -nan%                0         -nan%
DFE_OFF_CONF_OFF_PERFECT_FETCH_TARGETS               0         -nan%                0         -nan%
                                                     0         -nan%                0         -nan%
                                                  -nan         -nan              -nan         -nan

DFE_ON_CONF_ON_CYCLES                                0         -nan%                0         -nan%
DFE_ON_CONF_OFF_CYCLES                               0         -nan%                0         -nan%
DFE_OFF_CONF_ON_CYCLES                               0         -nan%                0         -nan%
DFE_OFF_CONF_OFF_REALISTIC_CYCLES                    0         -nan%                0         -nan%
DFE_OFF_CONF_OFF_PERFECT_CYCLES                      0         -nan%                0         -nan%
                                                     0         -nan%                0         -nan%
                                                  -nan         -nan              -nan         -nan

DFE_OFF_CONF_ON_NUM_EVENTS                           0                              0              

DFE_OFF_CONF_ON_NOT_IDENTIFIED_EVENTS                0         -nan%                0         -nan%
DFE_OFF_CONF_ON_IBTB_MISS_EVENTS                     0         -nan%                0         -nan%
DFE_OFF_CONF_ON_BTB_MISS_EVENTS                      0         -nan%                0         -nan%
DFE_OFF_CONF_ON_BTB_MISS_RECOVER_AT_EXEC_EVENTS             0         -nan%                0         -nan%
DFE_OFF_CONF_ON_RECOVER_AT_EXEC_EVENTS               0         -nan%                0         -nan%
DFE_OFF_CONF_ON_RECOVER_AT_DECODE_EVENTS             0         -nan%                0         -nan%
                                                     0         -nan%                0         -nan%
                                                  -nan         -nan              -nan         -nan

DFE_OFF_CONF_ON_LATE_BTB_HIT_EVENTS                  0                              0              

DFE_OFF_CONF_ON_NOT_IDENTIFIED_CYCLES                0         -nan%                0         -nan%
DFE_OFF_CONF_ON_IBTB_MISS_CYCLES                     0         -nan%                0         -nan%
DFE_OFF_CONF_ON_BTB_MISS_CYCLES                      0         -nan%                0         -nan%
DFE_OFF_CONF_ON_BTB_MISS_RECOVER_AT_EXEC_CYCLES             0         -nan%                0         -nan%
DFE_OFF_CONF_ON_RECOVER_AT_EXEC_CYCLES               0         -nan%                0         -nan%
DFE_OFF_CONF_ON_RECOVER_AT_DECODE_CYCLES             0         -nan%                0         -nan%
                                                     0         -nan%                0         -nan%
                                                  -nan         -nan              -nan         -nan

DFE_OFF_CONF_ON_LATE_BTB_HIT_CYCLES                  0                              0              

DFE_OFF_CONF_ON_NOT_IDENTIFIED_FETCH_TARGETS             0         -nan%                0         -nan%
DFE_OFF_CONF_ON_IBTB_MISS_FETCH_TARGETS              0         -nan%                0         -nan%
DFE_OFF_CONF_ON_BTB_MISS_FETCH_TARGETS               0         -nan%                0         -nan%
DFE_OFF_CONF_ON_BTB_MISS_RECOVER_AT_EXEC_FETCH_TARGETS             0         -nan%                0         -nan%
DFE_OFF_CONF_ON_RECOVER_AT_EXEC_FETCH_TARGETS             0         -nan%                0         -nan%
DFE_OFF_CONF_ON_RECOVER_AT_DECODE_FETCH_TARGETS             0         -nan%                0         -nan%
                                                     0         -nan%                0         -nan%
                                                  -nan         -nan              -nan         -nan

DFE_OFF_CONF_ON_LATE_BTB_HIT_FETCH_TARGETS             0                              0              

DFE_OFF_CONF_ON_BP_INCORRECT_0_CONF                  0         -nan%                0         -nan%
DFE_OFF_CONF_ON_BP_INCORRECT_1_CONF                  0         -nan%                0         -nan%
DFE_OFF_CONF_ON_BP_INCORRECT_2_CONF                  0         -nan%                0         -nan%
DFE_OFF_CONF_ON_BP_INCORRECT_3_CONF                  0         -nan%                0         -nan%
                                                     0         -nan%                0         -nan%
                                                  -nan         -nan              -nan         -nan

DFE_OFF_CONF_ON_BTB_MISS_CBR_0_CONF                  0         -nan%                0         -nan%
DFE_OFF_CONF_ON_BTB_MISS_CBR_1_CONF                  0         -nan%                0         -nan%
DFE_OFF_CONF_ON_BTB_MISS_CBR_2_CONF                  0         -nan%                0         -nan%
DFE_OFF_CONF_ON_BTB_MISS_CBR_3_CONF                  0         -nan%                0         -nan%
                                                     0         -nan%                0         -nan%
                                                  -nan         -nan              -nan         -nan

DFE_OFF_CONF_ON_BTB_MISS_NOT_CF                      0         -nan%                0         -nan%
DFE_OFF_CONF_ON_BTB_MISS_CF_BR                       0         -nan%                0         -nan%
DFE_OFF_CONF_ON_BTB_MISS_CF_CBR                      0         -nan%                0         -nan%
DFE_OFF_CONF_ON_BTB_MISS_CF_CALL                     0         -nan%                0         -nan%
DFE_OFF_CONF_ON_BTB_MISS_CF_IBR                      0         -nan%                0         -nan%
DFE_OFF_CONF_ON_BTB_MISS_CF_ICALL                    0         -nan%                0         -nan%
DFE_OFF_CONF_ON_BTB_MISS_CF_ICO                      0         -nan%                0         -nan%
DFE_OFF_CONF_ON_BTB_MISS_CF_RET                      0         -nan%                0         -nan%
DFE_OFF_CONF_ON_BTB_MISS_CF_SYS                      0         -nan%                0         -nan%
                                                     0         -nan%                0         -nan%
                                                  -nan         -nan              -nan         -nan

DFE_ON_CONF_OFF_NUM_EVENTS                           0                              0              

CONF_BTB_NUM_CYCLES_OFF_PATH_EVENT                   0                              0              

DFE_ON_CONF_OFF_IBTB_MISS_BP_TAKEN                   0         -nan%                0         -nan%
DFE_ON_CONF_OFF_BTB_MISS_BP_TAKEN_CONF_0             0         -nan%                0         -nan%
DFE_ON_CONF_OFF_BTB_MISS_BP_TAKEN_CONF_1             0         -nan%                0         -nan%
DFE_ON_CONF_OFF_BTB_MISS_BP_TAKEN_CONF_2             0         -nan%                0         -nan%
DFE_ON_CONF_OFF_BTB_MISS_BP_TAKEN_CONF_3             0         -nan%                0         -nan%
DFE_ON_CONF_OFF_BTB_MISS_RATE                        0         -nan%                0         -nan%
DFE_ON_CONF_OFF_IBTB_MISS_RATE                       0         -nan%                0         -nan%
DFE_ON_CONF_OFF_RECOVER_AT_DECODE_RATE               0         -nan%                0         -nan%
DFE_ON_CONF_OFF_RECOVER_AT_EXEC_RATE                 0         -nan%                0         -nan%
DFE_ON_CONF_OFF_INV_CONF_INC                         0         -nan%                0         -nan%
DFE_ON_CONF_OFF_PERFECT_CONF                         0         -nan%                0         -nan%
                                                     0         -nan%                0         -nan%
                                                  -nan         -nan              -nan         -nan

DFE_ON_CONF_OFF_IBTB_MISS_BP_TAKEN_CYCLES             0         -nan%                0         -nan%
DFE_ON_CONF_OFF_BTB_MISS_BP_TAKEN_CONF_0_CYCLES             0         -nan%                0         -nan%
DFE_ON_CONF_OFF_BTB_MISS_BP_TAKEN_CONF_1_CYCLES             0         -nan%                0         -nan%
DFE_ON_CONF_OFF_BTB_MISS_BP_TAKEN_CONF_2_CYCLES             0         -nan%                0         -nan%
DFE_ON_CONF_OFF_BTB_MISS_BP_TAKEN_CONF_3_CYCLES             0         -nan%                0         -nan%
DFE_ON_CONF_OFF_BTB_MISS_RATE_CYCLES                 0         -nan%                0         -nan%
DFE_ON_CONF_OFF_IBTB_MISS_RATE_CYCLES                0         -nan%                0         -nan%
DFE_ON_CONF_OFF_RECOVER_AT_DECODE_RATE_CYCLES             0         -nan%                0         -nan%
DFE_ON_CONF_OFF_RECOVER_AT_EXEC_RATE_CYCLES             0         -nan%                0         -nan%
DFE_ON_CONF_OFF_INV_CONF_INC_CYCLES                  0         -nan%                0         -nan%
DFE_ON_CONF_OFF_PERFECT_CONF_CYCLES                  0         -nan%                0         -nan%
                                                     0         -nan%                0         -nan%
                                                  -nan         -nan              -nan         -nan

DFE_ON_CONF_OFF_IBTB_MISS_BP_TAKEN_FETCH_TARGETS             0         -nan%                0         -nan%
DFE_ON_CONF_OFF_BTB_MISS_BP_TAKEN_CONF_0_FETCH_TARGETS             0         -nan%                0         -nan%
DFE_ON_CONF_OFF_BTB_MISS_BP_TAKEN_CONF_1_FETCH_TARGETS             0         -nan%                0         -nan%
DFE_ON_CONF_OFF_BTB_MISS_BP_TAKEN_CONF_2_FETCH_TARGETS             0         -nan%                0         -nan%
DFE_ON_CONF_OFF_BTB_MISS_BP_TAKEN_CONF_3_FETCH_TARGETS             0         -nan%                0         -nan%
DFE_ON_CONF_OFF_BTB_MISS_RATE_FETCH_TARGETS             0         -nan%                0         -nan%
DFE_ON_CONF_OFF_IBTB_MISS_RATE_FETCH_TARGETS             0         -nan%                0         -nan%
DFE_ON_CONF_OFF_RECOVER_AT_DECODE_RATE_FETCH_TARGETS             0         -nan%                0         -nan%
DFE_ON_CONF_OFF_RECOVER_AT_EXEC_RATE_FETCH_TARGETS             0         -nan%                0         -nan%
DFE_ON_CONF_OFF_INV_CONF_INC_FETCH_TARGETS             0         -nan%                0         -nan%
DFE_ON_CONF_OFF_PERFECT_CONF_FETCH_TARGETS             0         -nan%                0         -nan%
                                                     0         -nan%                0         -nan%
                                                  -nan         -nan              -nan         -nan

CONF_OFF_IBTB_MISS_BP_TAKEN                          0         -nan%                0         -nan%
CONF_OFF_BTB_MISS_BP_TAKEN_CONF_0                    0         -nan%                0         -nan%
CONF_OFF_BTB_MISS_BP_TAKEN_CONF_1                    0         -nan%                0         -nan%
CONF_OFF_BTB_MISS_BP_TAKEN_CONF_2                    0         -nan%                0         -nan%
CONF_OFF_BTB_MISS_BP_TAKEN_CONF_3                    0         -nan%                0         -nan%
CONF_OFF_BTB_MISS_RATE                               0         -nan%                0         -nan%
CONF_OFF_IBTB_MISS_RATE                              0         -nan%                0         -nan%
CONF_OFF_RECOVER_AT_DECODE_RATE                      0         -nan%                0         -nan%
CONF_OFF_RECOVER_AT_EXEC_RATE                        0         -nan%                0         -nan%
CONF_OFF_INV_CONF_INC                                0         -nan%                0         -nan%
CONF_OFF_PERFECT_CONF                                0         -nan%                0         -nan%
                                                     0         -nan%                0         -nan%
                                                  -nan         -nan              -nan         -nan

TOPDOWN_TOTAL_SLOTS                          114538446                      114538446              

TOPDOWN_ISSUED_SLOTS                         105531228                      105531228              

TOPDOWN_RETIRED_SLOTS                        104268263                      104268263              

TOPDOWN_FETCH_BUBBLES_SLOTS                     626948                         626948              

TOPDOWN_RECOVERY_BUBBLES_SLOTS                  157421                         157421              

TOPDOWN_MEM_LOAD_STALLS_CYCLES                 1341271                        1341271              

TOPDOWN_MEM_STORE_STALLS_CYCLES                      0                              0              

TOPDOWN_EXEC_STALLS_CYCLES                      416089                         416089              

TOPDOWN_BACKEND_STALLS_CYCLES                  1341936                        1341936              

TOPDOWN_FETCH_BUBBLES_GT_MIW_CYCLES              87838                          87838              

TOPDOWN_BR_RECOVER_AT_EXEC_RETIRED_CYCLES          6967                           6967              

TOPDOWN_MACHINE_CLEAR_CYCLES                    391100                         391100              

TOPDOWN_FRONTEND_BOUND                              54                             54              

TOPDOWN_BACKEND_BOUND                              719                            719              

TOPDOWN_BAD_SPEC_BOUND                             124                            124              

TOPDOWN_RETIRING_BOUND                            9103                           9103              

TOPDOWN_FETCH_LATENCY_BOUND                         46                             46              

TOPDOWN_FETCH_BANDWIDTH_BOUND                        8                              8              

TOPDOWN_MEM_BOUND                                  718                            718              

TOPDOWN_CORE_BOUND                                   1                              1              

TOPDOWN_BR_RECOVER_AT_EXEC_BOUND                     2                              2              

TOPDOWN_MACHINE_CLEARS_BOUND                       122                            122              

H2P_SEEN_MAIN                                    50955                          50955              



