               ramulator.active_cycles_0             3901882                                      # Total active cycles for level _0
                 ramulator.busy_cycles_0             3901882                                      # (All-bank refresh only. busy cycles only include refresh time in rank level) The sum of cycles that the DRAM part is active or under refresh for level _0
            ramulator.serving_requests_0             9921808                                      # The sum of read and write requests that are served in this DRAM element per memory cycle for level _0
    ramulator.average_serving_requests_0            0.921203                                      # The average of read and write requests that are served in this DRAM element per memory cycle for level _0
             ramulator.active_cycles_0_0             3901882                                      # Total active cycles for level _0_0
               ramulator.busy_cycles_0_0             4346662                                      # (All-bank refresh only. busy cycles only include refresh time in rank level) The sum of cycles that the DRAM part is active or under refresh for level _0_0
          ramulator.serving_requests_0_0             9921808                                      # The sum of read and write requests that are served in this DRAM element per memory cycle for level _0_0
  ramulator.average_serving_requests_0_0            0.921203                                      # The average of read and write requests that are served in this DRAM element per memory cycle for level _0_0
           ramulator.active_cycles_0_0_0             1326485                                      # Total active cycles for level _0_0_0
             ramulator.busy_cycles_0_0_0             1326485                                      # (All-bank refresh only. busy cycles only include refresh time in rank level) The sum of cycles that the DRAM part is active or under refresh for level _0_0_0
        ramulator.serving_requests_0_0_0             2462242                                      # The sum of read and write requests that are served in this DRAM element per memory cycle for level _0_0_0
ramulator.average_serving_requests_0_0_0            0.228610                                      # The average of read and write requests that are served in this DRAM element per memory cycle for level _0_0_0
         ramulator.active_cycles_0_0_0_0              194548                                      # Total active cycles for level _0_0_0_0
           ramulator.busy_cycles_0_0_0_0              194548                                      # (All-bank refresh only. busy cycles only include refresh time in rank level) The sum of cycles that the DRAM part is active or under refresh for level _0_0_0_0
      ramulator.serving_requests_0_0_0_0              376270                                      # The sum of read and write requests that are served in this DRAM element per memory cycle for level _0_0_0_0
ramulator.average_serving_requests_0_0_0_0            0.034935                                      # The average of read and write requests that are served in this DRAM element per memory cycle for level _0_0_0_0
         ramulator.active_cycles_0_0_0_1              316673                                      # Total active cycles for level _0_0_0_1
           ramulator.busy_cycles_0_0_0_1              316673                                      # (All-bank refresh only. busy cycles only include refresh time in rank level) The sum of cycles that the DRAM part is active or under refresh for level _0_0_0_1
      ramulator.serving_requests_0_0_0_1              622082                                      # The sum of read and write requests that are served in this DRAM element per memory cycle for level _0_0_0_1
ramulator.average_serving_requests_0_0_0_1            0.057758                                      # The average of read and write requests that are served in this DRAM element per memory cycle for level _0_0_0_1
         ramulator.active_cycles_0_0_0_2              207152                                      # Total active cycles for level _0_0_0_2
           ramulator.busy_cycles_0_0_0_2              207152                                      # (All-bank refresh only. busy cycles only include refresh time in rank level) The sum of cycles that the DRAM part is active or under refresh for level _0_0_0_2
      ramulator.serving_requests_0_0_0_2              438259                                      # The sum of read and write requests that are served in this DRAM element per memory cycle for level _0_0_0_2
ramulator.average_serving_requests_0_0_0_2            0.040691                                      # The average of read and write requests that are served in this DRAM element per memory cycle for level _0_0_0_2
         ramulator.active_cycles_0_0_0_3              668842                                      # Total active cycles for level _0_0_0_3
           ramulator.busy_cycles_0_0_0_3              668842                                      # (All-bank refresh only. busy cycles only include refresh time in rank level) The sum of cycles that the DRAM part is active or under refresh for level _0_0_0_3
      ramulator.serving_requests_0_0_0_3             1025631                                      # The sum of read and write requests that are served in this DRAM element per memory cycle for level _0_0_0_3
ramulator.average_serving_requests_0_0_0_3            0.095226                                      # The average of read and write requests that are served in this DRAM element per memory cycle for level _0_0_0_3
           ramulator.active_cycles_0_0_1             1150922                                      # Total active cycles for level _0_0_1
             ramulator.busy_cycles_0_0_1             1150922                                      # (All-bank refresh only. busy cycles only include refresh time in rank level) The sum of cycles that the DRAM part is active or under refresh for level _0_0_1
        ramulator.serving_requests_0_0_1             2417869                                      # The sum of read and write requests that are served in this DRAM element per memory cycle for level _0_0_1
ramulator.average_serving_requests_0_0_1            0.224490                                      # The average of read and write requests that are served in this DRAM element per memory cycle for level _0_0_1
         ramulator.active_cycles_0_0_1_0              332633                                      # Total active cycles for level _0_0_1_0
           ramulator.busy_cycles_0_0_1_0              332633                                      # (All-bank refresh only. busy cycles only include refresh time in rank level) The sum of cycles that the DRAM part is active or under refresh for level _0_0_1_0
      ramulator.serving_requests_0_0_1_0              661799                                      # The sum of read and write requests that are served in this DRAM element per memory cycle for level _0_0_1_0
ramulator.average_serving_requests_0_0_1_0            0.061446                                      # The average of read and write requests that are served in this DRAM element per memory cycle for level _0_0_1_0
         ramulator.active_cycles_0_0_1_1              298904                                      # Total active cycles for level _0_0_1_1
           ramulator.busy_cycles_0_0_1_1              298904                                      # (All-bank refresh only. busy cycles only include refresh time in rank level) The sum of cycles that the DRAM part is active or under refresh for level _0_0_1_1
      ramulator.serving_requests_0_0_1_1              592853                                      # The sum of read and write requests that are served in this DRAM element per memory cycle for level _0_0_1_1
ramulator.average_serving_requests_0_0_1_1            0.055044                                      # The average of read and write requests that are served in this DRAM element per memory cycle for level _0_0_1_1
         ramulator.active_cycles_0_0_1_2              283718                                      # Total active cycles for level _0_0_1_2
           ramulator.busy_cycles_0_0_1_2              283718                                      # (All-bank refresh only. busy cycles only include refresh time in rank level) The sum of cycles that the DRAM part is active or under refresh for level _0_0_1_2
      ramulator.serving_requests_0_0_1_2              526711                                      # The sum of read and write requests that are served in this DRAM element per memory cycle for level _0_0_1_2
ramulator.average_serving_requests_0_0_1_2            0.048903                                      # The average of read and write requests that are served in this DRAM element per memory cycle for level _0_0_1_2
         ramulator.active_cycles_0_0_1_3              328913                                      # Total active cycles for level _0_0_1_3
           ramulator.busy_cycles_0_0_1_3              328913                                      # (All-bank refresh only. busy cycles only include refresh time in rank level) The sum of cycles that the DRAM part is active or under refresh for level _0_0_1_3
      ramulator.serving_requests_0_0_1_3              636506                                      # The sum of read and write requests that are served in this DRAM element per memory cycle for level _0_0_1_3
ramulator.average_serving_requests_0_0_1_3            0.059097                                      # The average of read and write requests that are served in this DRAM element per memory cycle for level _0_0_1_3
           ramulator.active_cycles_0_0_2             1235113                                      # Total active cycles for level _0_0_2
             ramulator.busy_cycles_0_0_2             1235113                                      # (All-bank refresh only. busy cycles only include refresh time in rank level) The sum of cycles that the DRAM part is active or under refresh for level _0_0_2
        ramulator.serving_requests_0_0_2             2566153                                      # The sum of read and write requests that are served in this DRAM element per memory cycle for level _0_0_2
ramulator.average_serving_requests_0_0_2            0.238258                                      # The average of read and write requests that are served in this DRAM element per memory cycle for level _0_0_2
         ramulator.active_cycles_0_0_2_0              324310                                      # Total active cycles for level _0_0_2_0
           ramulator.busy_cycles_0_0_2_0              324310                                      # (All-bank refresh only. busy cycles only include refresh time in rank level) The sum of cycles that the DRAM part is active or under refresh for level _0_0_2_0
      ramulator.serving_requests_0_0_2_0              625049                                      # The sum of read and write requests that are served in this DRAM element per memory cycle for level _0_0_2_0
ramulator.average_serving_requests_0_0_2_0            0.058033                                      # The average of read and write requests that are served in this DRAM element per memory cycle for level _0_0_2_0
         ramulator.active_cycles_0_0_2_1              361198                                      # Total active cycles for level _0_0_2_1
           ramulator.busy_cycles_0_0_2_1              361198                                      # (All-bank refresh only. busy cycles only include refresh time in rank level) The sum of cycles that the DRAM part is active or under refresh for level _0_0_2_1
      ramulator.serving_requests_0_0_2_1              703056                                      # The sum of read and write requests that are served in this DRAM element per memory cycle for level _0_0_2_1
ramulator.average_serving_requests_0_0_2_1            0.065276                                      # The average of read and write requests that are served in this DRAM element per memory cycle for level _0_0_2_1
         ramulator.active_cycles_0_0_2_2              294526                                      # Total active cycles for level _0_0_2_2
           ramulator.busy_cycles_0_0_2_2              294526                                      # (All-bank refresh only. busy cycles only include refresh time in rank level) The sum of cycles that the DRAM part is active or under refresh for level _0_0_2_2
      ramulator.serving_requests_0_0_2_2              546726                                      # The sum of read and write requests that are served in this DRAM element per memory cycle for level _0_0_2_2
ramulator.average_serving_requests_0_0_2_2            0.050761                                      # The average of read and write requests that are served in this DRAM element per memory cycle for level _0_0_2_2
         ramulator.active_cycles_0_0_2_3              368600                                      # Total active cycles for level _0_0_2_3
           ramulator.busy_cycles_0_0_2_3              368600                                      # (All-bank refresh only. busy cycles only include refresh time in rank level) The sum of cycles that the DRAM part is active or under refresh for level _0_0_2_3
      ramulator.serving_requests_0_0_2_3              691322                                      # The sum of read and write requests that are served in this DRAM element per memory cycle for level _0_0_2_3
ramulator.average_serving_requests_0_0_2_3            0.064187                                      # The average of read and write requests that are served in this DRAM element per memory cycle for level _0_0_2_3
           ramulator.active_cycles_0_0_3             1153243                                      # Total active cycles for level _0_0_3
             ramulator.busy_cycles_0_0_3             1153243                                      # (All-bank refresh only. busy cycles only include refresh time in rank level) The sum of cycles that the DRAM part is active or under refresh for level _0_0_3
        ramulator.serving_requests_0_0_3             2475536                                      # The sum of read and write requests that are served in this DRAM element per memory cycle for level _0_0_3
ramulator.average_serving_requests_0_0_3            0.229844                                      # The average of read and write requests that are served in this DRAM element per memory cycle for level _0_0_3
         ramulator.active_cycles_0_0_3_0              212990                                      # Total active cycles for level _0_0_3_0
           ramulator.busy_cycles_0_0_3_0              212990                                      # (All-bank refresh only. busy cycles only include refresh time in rank level) The sum of cycles that the DRAM part is active or under refresh for level _0_0_3_0
      ramulator.serving_requests_0_0_3_0              427655                                      # The sum of read and write requests that are served in this DRAM element per memory cycle for level _0_0_3_0
ramulator.average_serving_requests_0_0_3_0            0.039706                                      # The average of read and write requests that are served in this DRAM element per memory cycle for level _0_0_3_0
         ramulator.active_cycles_0_0_3_1              386639                                      # Total active cycles for level _0_0_3_1
           ramulator.busy_cycles_0_0_3_1              386639                                      # (All-bank refresh only. busy cycles only include refresh time in rank level) The sum of cycles that the DRAM part is active or under refresh for level _0_0_3_1
      ramulator.serving_requests_0_0_3_1              762193                                      # The sum of read and write requests that are served in this DRAM element per memory cycle for level _0_0_3_1
ramulator.average_serving_requests_0_0_3_1            0.070767                                      # The average of read and write requests that are served in this DRAM element per memory cycle for level _0_0_3_1
         ramulator.active_cycles_0_0_3_2              305889                                      # Total active cycles for level _0_0_3_2
           ramulator.busy_cycles_0_0_3_2              305889                                      # (All-bank refresh only. busy cycles only include refresh time in rank level) The sum of cycles that the DRAM part is active or under refresh for level _0_0_3_2
      ramulator.serving_requests_0_0_3_2              612877                                      # The sum of read and write requests that are served in this DRAM element per memory cycle for level _0_0_3_2
ramulator.average_serving_requests_0_0_3_2            0.056903                                      # The average of read and write requests that are served in this DRAM element per memory cycle for level _0_0_3_2
         ramulator.active_cycles_0_0_3_3              332238                                      # Total active cycles for level _0_0_3_3
           ramulator.busy_cycles_0_0_3_3              332238                                      # (All-bank refresh only. busy cycles only include refresh time in rank level) The sum of cycles that the DRAM part is active or under refresh for level _0_0_3_3
      ramulator.serving_requests_0_0_3_3              672811                                      # The sum of read and write requests that are served in this DRAM element per memory cycle for level _0_0_3_3
ramulator.average_serving_requests_0_0_3_3            0.062468                                      # The average of read and write requests that are served in this DRAM element per memory cycle for level _0_0_3_3
      ramulator.read_transaction_bytes_0            26812672                                      # The total byte of read transaction per channel
     ramulator.write_transaction_bytes_0            15532096                                      # The total byte of write transaction per channel
       ramulator.row_hits_channel_0_core              632688                                      # Number of row hits per channel per core
     ramulator.row_misses_channel_0_core                8695                                      # Number of row misses per channel per core
  ramulator.row_conflicts_channel_0_core               20254                                      # Number of row conflicts per channel per core
  ramulator.read_row_hits_channel_0_core              402988                                      # Number of row hits for read requests per channel per core
                                     [0]            402988.0                                      # 
ramulator.read_row_misses_channel_0_core                4636                                      # Number of row misses for read requests per channel per core
                                     [0]              4636.0                                      # 
ramulator.read_row_conflicts_channel_0_core               11324                                      # Number of row conflicts for read requests per channel per core
                                     [0]             11324.0                                      # 
 ramulator.write_row_hits_channel_0_core              229700                                      # Number of row hits for write requests per channel per core
                                     [0]            229700.0                                      # 
ramulator.write_row_misses_channel_0_core                4059                                      # Number of row misses for write requests per channel per core
                                     [0]              4059.0                                      # 
ramulator.write_row_conflicts_channel_0_core                8930                                      # Number of row conflicts for write requests per channel per core
                                     [0]              8930.0                                      # 
      ramulator.useless_activates_0_core                  89                                      # Number of useless activations. E.g, ACT -> PRE w/o RD or WR
            ramulator.read_latency_avg_0          163.292858                                      # The average memory latency cycles (in memory time domain) per request for all read requests in this channel
            ramulator.read_latency_sum_0            68435547                                      # The memory latency cycles (in memory time domain) sum for all read requests in this channel
        ramulator.req_queue_length_avg_0           18.651326                                      # Average of read and write queue length per memory cycle per channel.
        ramulator.req_queue_length_sum_0           200883881                                      # Sum of read and write queue length per memory cycle per channel.
   ramulator.read_req_queue_length_avg_0            6.327820                                      # Read queue length average per memory cycle per channel.
   ramulator.read_req_queue_length_sum_0            68153707                                      # Read queue length sum per memory cycle per channel.
  ramulator.write_req_queue_length_avg_0           12.323506                                      # Write queue length average per memory cycle per channel.
  ramulator.write_req_queue_length_sum_0           132730174                                      # Write queue length sum per memory cycle per channel.
              ramulator.record_read_hits                 0.0                                      # record read hit count for this core when it reaches request limit or to the end
                                     [0]                 0.0                                      # 
            ramulator.record_read_misses                 0.0                                      # record_read_miss count for this core when it reaches request limit or to the end
                                     [0]                 0.0                                      # 
         ramulator.record_read_conflicts                 0.0                                      # record read conflict count for this core when it reaches request limit or to the end
                                     [0]                 0.0                                      # 
             ramulator.record_write_hits                 0.0                                      # record write hit count for this core when it reaches request limit or to the end
                                     [0]                 0.0                                      # 
           ramulator.record_write_misses                 0.0                                      # record write miss count for this core when it reaches request limit or to the end
                                     [0]                 0.0                                      # 
        ramulator.record_write_conflicts                 0.0                                      # record write conflict for this core when it reaches request limit or to the end
                                     [0]                 0.0                                      # 
                 ramulator.dram_capacity          8589934592                                      # Number of bytes in simulated DRAM
                   ramulator.dram_cycles            10770488                                      # Number of DRAM cycles simulated
             ramulator.incoming_requests              661806                                      # Number of incoming requests to DRAM
                 ramulator.read_requests              419097                                      # Number of incoming read requests to DRAM per core
                                     [0]            419097.0                                      # 
                ramulator.write_requests              242709                                      # Number of incoming write requests to DRAM per core
                                     [0]            242709.0                                      # 
       ramulator.ramulator_active_cycles             3901883                                      # The total number of cycles that the DRAM part is active (serving R/W)
 ramulator.incoming_requests_per_channel            661806.0                                      # Number of incoming requests to each DRAM channel
                                     [0]            661806.0                                      # 
ramulator.incoming_read_reqs_per_channel            419097.0                                      # Number of incoming read requests to each DRAM channel
                                     [0]            419097.0                                      # 
     ramulator.physical_page_replacement                   0                                      # The number of times that physical page replacement happens.
             ramulator.maximum_bandwidth         19200000000                                      # The theoretical maximum bandwidth (Bps)
          ramulator.in_queue_req_num_sum           200883881                                      # Sum of read/write queue length
     ramulator.in_queue_read_req_num_sum            68153707                                      # Sum of read queue length
    ramulator.in_queue_write_req_num_sum           132730174                                      # Sum of write queue length
          ramulator.in_queue_req_num_avg           18.651326                                      # Average of read/write queue length per memory cycle
     ramulator.in_queue_read_req_num_avg            6.327820                                      # Average of read queue length per memory cycle
    ramulator.in_queue_write_req_num_avg           12.323506                                      # Average of write queue length per memory cycle
          ramulator.record_read_requests                 0.0                                      # record read requests for this core when it reaches request limit or to the end
                                     [0]                 0.0                                      # 
         ramulator.record_write_requests                 0.0                                      # record write requests for this core when it reaches request limit or to the end
                                     [0]                 0.0                                      # 
