               ramulator.active_cycles_0            23800705                                      # Total active cycles for level _0
                 ramulator.busy_cycles_0            23800705                                      # (All-bank refresh only. busy cycles only include refresh time in rank level) The sum of cycles that the DRAM part is active or under refresh for level _0
            ramulator.serving_requests_0           115045741                                      # The sum of read and write requests that are served in this DRAM element per memory cycle for level _0
    ramulator.average_serving_requests_0            4.379020                                      # The average of read and write requests that are served in this DRAM element per memory cycle for level _0
             ramulator.active_cycles_0_0            23800705                                      # Total active cycles for level _0_0
               ramulator.busy_cycles_0_0            24116125                                      # (All-bank refresh only. busy cycles only include refresh time in rank level) The sum of cycles that the DRAM part is active or under refresh for level _0_0
          ramulator.serving_requests_0_0           115045741                                      # The sum of read and write requests that are served in this DRAM element per memory cycle for level _0_0
  ramulator.average_serving_requests_0_0            4.379020                                      # The average of read and write requests that are served in this DRAM element per memory cycle for level _0_0
           ramulator.active_cycles_0_0_0            15157874                                      # Total active cycles for level _0_0_0
             ramulator.busy_cycles_0_0_0            15157874                                      # (All-bank refresh only. busy cycles only include refresh time in rank level) The sum of cycles that the DRAM part is active or under refresh for level _0_0_0
        ramulator.serving_requests_0_0_0            28437753                                      # The sum of read and write requests that are served in this DRAM element per memory cycle for level _0_0_0
ramulator.average_serving_requests_0_0_0            1.082435                                      # The average of read and write requests that are served in this DRAM element per memory cycle for level _0_0_0
         ramulator.active_cycles_0_0_0_0             5476967                                      # Total active cycles for level _0_0_0_0
           ramulator.busy_cycles_0_0_0_0             5476967                                      # (All-bank refresh only. busy cycles only include refresh time in rank level) The sum of cycles that the DRAM part is active or under refresh for level _0_0_0_0
      ramulator.serving_requests_0_0_0_0             7047019                                      # The sum of read and write requests that are served in this DRAM element per memory cycle for level _0_0_0_0
ramulator.average_serving_requests_0_0_0_0            0.268233                                      # The average of read and write requests that are served in this DRAM element per memory cycle for level _0_0_0_0
         ramulator.active_cycles_0_0_0_1             5429284                                      # Total active cycles for level _0_0_0_1
           ramulator.busy_cycles_0_0_0_1             5429284                                      # (All-bank refresh only. busy cycles only include refresh time in rank level) The sum of cycles that the DRAM part is active or under refresh for level _0_0_0_1
      ramulator.serving_requests_0_0_0_1             6997226                                      # The sum of read and write requests that are served in this DRAM element per memory cycle for level _0_0_0_1
ramulator.average_serving_requests_0_0_0_1            0.266337                                      # The average of read and write requests that are served in this DRAM element per memory cycle for level _0_0_0_1
         ramulator.active_cycles_0_0_0_2             5546461                                      # Total active cycles for level _0_0_0_2
           ramulator.busy_cycles_0_0_0_2             5546461                                      # (All-bank refresh only. busy cycles only include refresh time in rank level) The sum of cycles that the DRAM part is active or under refresh for level _0_0_0_2
      ramulator.serving_requests_0_0_0_2             7151901                                      # The sum of read and write requests that are served in this DRAM element per memory cycle for level _0_0_0_2
ramulator.average_serving_requests_0_0_0_2            0.272225                                      # The average of read and write requests that are served in this DRAM element per memory cycle for level _0_0_0_2
         ramulator.active_cycles_0_0_0_3             5606804                                      # Total active cycles for level _0_0_0_3
           ramulator.busy_cycles_0_0_0_3             5606804                                      # (All-bank refresh only. busy cycles only include refresh time in rank level) The sum of cycles that the DRAM part is active or under refresh for level _0_0_0_3
      ramulator.serving_requests_0_0_0_3             7241607                                      # The sum of read and write requests that are served in this DRAM element per memory cycle for level _0_0_0_3
ramulator.average_serving_requests_0_0_0_3            0.275639                                      # The average of read and write requests that are served in this DRAM element per memory cycle for level _0_0_0_3
           ramulator.active_cycles_0_0_1            15370126                                      # Total active cycles for level _0_0_1
             ramulator.busy_cycles_0_0_1            15370126                                      # (All-bank refresh only. busy cycles only include refresh time in rank level) The sum of cycles that the DRAM part is active or under refresh for level _0_0_1
        ramulator.serving_requests_0_0_1            29136850                                      # The sum of read and write requests that are served in this DRAM element per memory cycle for level _0_0_1
ramulator.average_serving_requests_0_0_1            1.109045                                      # The average of read and write requests that are served in this DRAM element per memory cycle for level _0_0_1
         ramulator.active_cycles_0_0_1_0             5611975                                      # Total active cycles for level _0_0_1_0
           ramulator.busy_cycles_0_0_1_0             5611975                                      # (All-bank refresh only. busy cycles only include refresh time in rank level) The sum of cycles that the DRAM part is active or under refresh for level _0_0_1_0
      ramulator.serving_requests_0_0_1_0             7218218                                      # The sum of read and write requests that are served in this DRAM element per memory cycle for level _0_0_1_0
ramulator.average_serving_requests_0_0_1_0            0.274749                                      # The average of read and write requests that are served in this DRAM element per memory cycle for level _0_0_1_0
         ramulator.active_cycles_0_0_1_1             5738805                                      # Total active cycles for level _0_0_1_1
           ramulator.busy_cycles_0_0_1_1             5738805                                      # (All-bank refresh only. busy cycles only include refresh time in rank level) The sum of cycles that the DRAM part is active or under refresh for level _0_0_1_1
      ramulator.serving_requests_0_0_1_1             7393441                                      # The sum of read and write requests that are served in this DRAM element per memory cycle for level _0_0_1_1
ramulator.average_serving_requests_0_0_1_1            0.281419                                      # The average of read and write requests that are served in this DRAM element per memory cycle for level _0_0_1_1
         ramulator.active_cycles_0_0_1_2             5656683                                      # Total active cycles for level _0_0_1_2
           ramulator.busy_cycles_0_0_1_2             5656683                                      # (All-bank refresh only. busy cycles only include refresh time in rank level) The sum of cycles that the DRAM part is active or under refresh for level _0_0_1_2
      ramulator.serving_requests_0_0_1_2             7273152                                      # The sum of read and write requests that are served in this DRAM element per memory cycle for level _0_0_1_2
ramulator.average_serving_requests_0_0_1_2            0.276840                                      # The average of read and write requests that are served in this DRAM element per memory cycle for level _0_0_1_2
         ramulator.active_cycles_0_0_1_3             5626874                                      # Total active cycles for level _0_0_1_3
           ramulator.busy_cycles_0_0_1_3             5626874                                      # (All-bank refresh only. busy cycles only include refresh time in rank level) The sum of cycles that the DRAM part is active or under refresh for level _0_0_1_3
      ramulator.serving_requests_0_0_1_3             7252039                                      # The sum of read and write requests that are served in this DRAM element per memory cycle for level _0_0_1_3
ramulator.average_serving_requests_0_0_1_3            0.276037                                      # The average of read and write requests that are served in this DRAM element per memory cycle for level _0_0_1_3
           ramulator.active_cycles_0_0_2            15242050                                      # Total active cycles for level _0_0_2
             ramulator.busy_cycles_0_0_2            15242050                                      # (All-bank refresh only. busy cycles only include refresh time in rank level) The sum of cycles that the DRAM part is active or under refresh for level _0_0_2
        ramulator.serving_requests_0_0_2            28738299                                      # The sum of read and write requests that are served in this DRAM element per memory cycle for level _0_0_2
ramulator.average_serving_requests_0_0_2            1.093874                                      # The average of read and write requests that are served in this DRAM element per memory cycle for level _0_0_2
         ramulator.active_cycles_0_0_2_0             5653986                                      # Total active cycles for level _0_0_2_0
           ramulator.busy_cycles_0_0_2_0             5653986                                      # (All-bank refresh only. busy cycles only include refresh time in rank level) The sum of cycles that the DRAM part is active or under refresh for level _0_0_2_0
      ramulator.serving_requests_0_0_2_0             7286935                                      # The sum of read and write requests that are served in this DRAM element per memory cycle for level _0_0_2_0
ramulator.average_serving_requests_0_0_2_0            0.277365                                      # The average of read and write requests that are served in this DRAM element per memory cycle for level _0_0_2_0
         ramulator.active_cycles_0_0_2_1             5418653                                      # Total active cycles for level _0_0_2_1
           ramulator.busy_cycles_0_0_2_1             5418653                                      # (All-bank refresh only. busy cycles only include refresh time in rank level) The sum of cycles that the DRAM part is active or under refresh for level _0_0_2_1
      ramulator.serving_requests_0_0_2_1             6972756                                      # The sum of read and write requests that are served in this DRAM element per memory cycle for level _0_0_2_1
ramulator.average_serving_requests_0_0_2_1            0.265406                                      # The average of read and write requests that are served in this DRAM element per memory cycle for level _0_0_2_1
         ramulator.active_cycles_0_0_2_2             5541857                                      # Total active cycles for level _0_0_2_2
           ramulator.busy_cycles_0_0_2_2             5541857                                      # (All-bank refresh only. busy cycles only include refresh time in rank level) The sum of cycles that the DRAM part is active or under refresh for level _0_0_2_2
      ramulator.serving_requests_0_0_2_2             7142332                                      # The sum of read and write requests that are served in this DRAM element per memory cycle for level _0_0_2_2
ramulator.average_serving_requests_0_0_2_2            0.271861                                      # The average of read and write requests that are served in this DRAM element per memory cycle for level _0_0_2_2
         ramulator.active_cycles_0_0_2_3             5710729                                      # Total active cycles for level _0_0_2_3
           ramulator.busy_cycles_0_0_2_3             5710729                                      # (All-bank refresh only. busy cycles only include refresh time in rank level) The sum of cycles that the DRAM part is active or under refresh for level _0_0_2_3
      ramulator.serving_requests_0_0_2_3             7336276                                      # The sum of read and write requests that are served in this DRAM element per memory cycle for level _0_0_2_3
ramulator.average_serving_requests_0_0_2_3            0.279243                                      # The average of read and write requests that are served in this DRAM element per memory cycle for level _0_0_2_3
           ramulator.active_cycles_0_0_3            15257753                                      # Total active cycles for level _0_0_3
             ramulator.busy_cycles_0_0_3            15257753                                      # (All-bank refresh only. busy cycles only include refresh time in rank level) The sum of cycles that the DRAM part is active or under refresh for level _0_0_3
        ramulator.serving_requests_0_0_3            28732839                                      # The sum of read and write requests that are served in this DRAM element per memory cycle for level _0_0_3
ramulator.average_serving_requests_0_0_3            1.093667                                      # The average of read and write requests that are served in this DRAM element per memory cycle for level _0_0_3
         ramulator.active_cycles_0_0_3_0             5611911                                      # Total active cycles for level _0_0_3_0
           ramulator.busy_cycles_0_0_3_0             5611911                                      # (All-bank refresh only. busy cycles only include refresh time in rank level) The sum of cycles that the DRAM part is active or under refresh for level _0_0_3_0
      ramulator.serving_requests_0_0_3_0             7243287                                      # The sum of read and write requests that are served in this DRAM element per memory cycle for level _0_0_3_0
ramulator.average_serving_requests_0_0_3_0            0.275703                                      # The average of read and write requests that are served in this DRAM element per memory cycle for level _0_0_3_0
         ramulator.active_cycles_0_0_3_1             5645492                                      # Total active cycles for level _0_0_3_1
           ramulator.busy_cycles_0_0_3_1             5645492                                      # (All-bank refresh only. busy cycles only include refresh time in rank level) The sum of cycles that the DRAM part is active or under refresh for level _0_0_3_1
      ramulator.serving_requests_0_0_3_1             7257032                                      # The sum of read and write requests that are served in this DRAM element per memory cycle for level _0_0_3_1
ramulator.average_serving_requests_0_0_3_1            0.276227                                      # The average of read and write requests that are served in this DRAM element per memory cycle for level _0_0_3_1
         ramulator.active_cycles_0_0_3_2             5501236                                      # Total active cycles for level _0_0_3_2
           ramulator.busy_cycles_0_0_3_2             5501236                                      # (All-bank refresh only. busy cycles only include refresh time in rank level) The sum of cycles that the DRAM part is active or under refresh for level _0_0_3_2
      ramulator.serving_requests_0_0_3_2             7073661                                      # The sum of read and write requests that are served in this DRAM element per memory cycle for level _0_0_3_2
ramulator.average_serving_requests_0_0_3_2            0.269247                                      # The average of read and write requests that are served in this DRAM element per memory cycle for level _0_0_3_2
         ramulator.active_cycles_0_0_3_3             5585081                                      # Total active cycles for level _0_0_3_3
           ramulator.busy_cycles_0_0_3_3             5585081                                      # (All-bank refresh only. busy cycles only include refresh time in rank level) The sum of cycles that the DRAM part is active or under refresh for level _0_0_3_3
      ramulator.serving_requests_0_0_3_3             7158859                                      # The sum of read and write requests that are served in this DRAM element per memory cycle for level _0_0_3_3
ramulator.average_serving_requests_0_0_3_3            0.272490                                      # The average of read and write requests that are served in this DRAM element per memory cycle for level _0_0_3_3
      ramulator.read_transaction_bytes_0           145591744                                      # The total byte of read transaction per channel
     ramulator.write_transaction_bytes_0           127565120                                      # The total byte of write transaction per channel
       ramulator.row_hits_channel_0_core             3060753                                      # Number of row hits per channel per core
     ramulator.row_misses_channel_0_core              158418                                      # Number of row misses per channel per core
  ramulator.row_conflicts_channel_0_core             1048905                                      # Number of row conflicts per channel per core
  ramulator.read_row_hits_channel_0_core             1787266                                      # Number of row hits for read requests per channel per core
                                     [0]           1787266.0                                      # 
ramulator.read_row_misses_channel_0_core               77147                                      # Number of row misses for read requests per channel per core
                                     [0]             77147.0                                      # 
ramulator.read_row_conflicts_channel_0_core              410458                                      # Number of row conflicts for read requests per channel per core
                                     [0]            410458.0                                      # 
 ramulator.write_row_hits_channel_0_core             1273487                                      # Number of row hits for write requests per channel per core
                                     [0]           1273487.0                                      # 
ramulator.write_row_misses_channel_0_core               81271                                      # Number of row misses for write requests per channel per core
                                     [0]             81271.0                                      # 
ramulator.write_row_conflicts_channel_0_core              638447                                      # Number of row conflicts for write requests per channel per core
                                     [0]            638447.0                                      # 
      ramulator.useless_activates_0_core               14094                                      # Number of useless activations. E.g, ACT -> PRE w/o RD or WR
            ramulator.read_latency_avg_0          263.927672                                      # The average memory latency cycles (in memory time domain) per request for all read requests in this channel
            ramulator.read_latency_sum_0           600401408                                      # The memory latency cycles (in memory time domain) sum for all read requests in this channel
        ramulator.req_queue_length_avg_0           36.862051                                      # Average of read and write queue length per memory cycle per channel.
        ramulator.req_queue_length_sum_0           968440884                                      # Sum of read and write queue length per memory cycle per channel.
   ramulator.read_req_queue_length_avg_0           22.475326                                      # Read queue length average per memory cycle per channel.
   ramulator.read_req_queue_length_sum_0           590472409                                      # Read queue length sum per memory cycle per channel.
  ramulator.write_req_queue_length_avg_0           14.386726                                      # Write queue length average per memory cycle per channel.
  ramulator.write_req_queue_length_sum_0           377968475                                      # Write queue length sum per memory cycle per channel.
              ramulator.record_read_hits                 0.0                                      # record read hit count for this core when it reaches request limit or to the end
                                     [0]                 0.0                                      # 
            ramulator.record_read_misses                 0.0                                      # record_read_miss count for this core when it reaches request limit or to the end
                                     [0]                 0.0                                      # 
         ramulator.record_read_conflicts                 0.0                                      # record read conflict count for this core when it reaches request limit or to the end
                                     [0]                 0.0                                      # 
             ramulator.record_write_hits                 0.0                                      # record write hit count for this core when it reaches request limit or to the end
                                     [0]                 0.0                                      # 
           ramulator.record_write_misses                 0.0                                      # record write miss count for this core when it reaches request limit or to the end
                                     [0]                 0.0                                      # 
        ramulator.record_write_conflicts                 0.0                                      # record write conflict for this core when it reaches request limit or to the end
                                     [0]                 0.0                                      # 
                 ramulator.dram_capacity          8589934592                                      # Number of bytes in simulated DRAM
                   ramulator.dram_cycles            26272029                                      # Number of DRAM cycles simulated
             ramulator.incoming_requests             4268085                                      # Number of incoming requests to DRAM
                 ramulator.read_requests             2274871                                      # Number of incoming read requests to DRAM per core
                                     [0]           2274871.0                                      # 
                ramulator.write_requests             1993214                                      # Number of incoming write requests to DRAM per core
                                     [0]           1993214.0                                      # 
       ramulator.ramulator_active_cycles            23800705                                      # The total number of cycles that the DRAM part is active (serving R/W)
 ramulator.incoming_requests_per_channel           4268085.0                                      # Number of incoming requests to each DRAM channel
                                     [0]           4268085.0                                      # 
ramulator.incoming_read_reqs_per_channel           2274871.0                                      # Number of incoming read requests to each DRAM channel
                                     [0]           2274871.0                                      # 
     ramulator.physical_page_replacement                   0                                      # The number of times that physical page replacement happens.
             ramulator.maximum_bandwidth         19200000000                                      # The theoretical maximum bandwidth (Bps)
          ramulator.in_queue_req_num_sum           968440884                                      # Sum of read/write queue length
     ramulator.in_queue_read_req_num_sum           590472409                                      # Sum of read queue length
    ramulator.in_queue_write_req_num_sum           377968475                                      # Sum of write queue length
          ramulator.in_queue_req_num_avg           36.862051                                      # Average of read/write queue length per memory cycle
     ramulator.in_queue_read_req_num_avg           22.475326                                      # Average of read queue length per memory cycle
    ramulator.in_queue_write_req_num_avg           14.386726                                      # Average of write queue length per memory cycle
          ramulator.record_read_requests                 0.0                                      # record read requests for this core when it reaches request limit or to the end
                                     [0]                 0.0                                      # 
         ramulator.record_write_requests                 0.0                                      # record write requests for this core when it reaches request limit or to the end
                                     [0]                 0.0                                      # 
