               ramulator.active_cycles_0            23922220                                      # Total active cycles for level _0
                 ramulator.busy_cycles_0            23922220                                      # (All-bank refresh only. busy cycles only include refresh time in rank level) The sum of cycles that the DRAM part is active or under refresh for level _0
            ramulator.serving_requests_0           115295461                                      # The sum of read and write requests that are served in this DRAM element per memory cycle for level _0
    ramulator.average_serving_requests_0            4.382255                                      # The average of read and write requests that are served in this DRAM element per memory cycle for level _0
             ramulator.active_cycles_0_0            23922220                                      # Total active cycles for level _0_0
               ramulator.busy_cycles_0_0            24207400                                      # (All-bank refresh only. busy cycles only include refresh time in rank level) The sum of cycles that the DRAM part is active or under refresh for level _0_0
          ramulator.serving_requests_0_0           115295461                                      # The sum of read and write requests that are served in this DRAM element per memory cycle for level _0_0
  ramulator.average_serving_requests_0_0            4.382255                                      # The average of read and write requests that are served in this DRAM element per memory cycle for level _0_0
           ramulator.active_cycles_0_0_0            15135606                                      # Total active cycles for level _0_0_0
             ramulator.busy_cycles_0_0_0            15135606                                      # (All-bank refresh only. busy cycles only include refresh time in rank level) The sum of cycles that the DRAM part is active or under refresh for level _0_0_0
        ramulator.serving_requests_0_0_0            28398927                                      # The sum of read and write requests that are served in this DRAM element per memory cycle for level _0_0_0
ramulator.average_serving_requests_0_0_0            1.079412                                      # The average of read and write requests that are served in this DRAM element per memory cycle for level _0_0_0
         ramulator.active_cycles_0_0_0_0             5437528                                      # Total active cycles for level _0_0_0_0
           ramulator.busy_cycles_0_0_0_0             5437528                                      # (All-bank refresh only. busy cycles only include refresh time in rank level) The sum of cycles that the DRAM part is active or under refresh for level _0_0_0_0
      ramulator.serving_requests_0_0_0_0             7008995                                      # The sum of read and write requests that are served in this DRAM element per memory cycle for level _0_0_0_0
ramulator.average_serving_requests_0_0_0_0            0.266404                                      # The average of read and write requests that are served in this DRAM element per memory cycle for level _0_0_0_0
         ramulator.active_cycles_0_0_0_1             5410573                                      # Total active cycles for level _0_0_0_1
           ramulator.busy_cycles_0_0_0_1             5410573                                      # (All-bank refresh only. busy cycles only include refresh time in rank level) The sum of cycles that the DRAM part is active or under refresh for level _0_0_0_1
      ramulator.serving_requests_0_0_0_1             6983156                                      # The sum of read and write requests that are served in this DRAM element per memory cycle for level _0_0_0_1
ramulator.average_serving_requests_0_0_0_1            0.265422                                      # The average of read and write requests that are served in this DRAM element per memory cycle for level _0_0_0_1
         ramulator.active_cycles_0_0_0_2             5567131                                      # Total active cycles for level _0_0_0_2
           ramulator.busy_cycles_0_0_0_2             5567131                                      # (All-bank refresh only. busy cycles only include refresh time in rank level) The sum of cycles that the DRAM part is active or under refresh for level _0_0_0_2
      ramulator.serving_requests_0_0_0_2             7170208                                      # The sum of read and write requests that are served in this DRAM element per memory cycle for level _0_0_0_2
ramulator.average_serving_requests_0_0_0_2            0.272532                                      # The average of read and write requests that are served in this DRAM element per memory cycle for level _0_0_0_2
         ramulator.active_cycles_0_0_0_3             5607291                                      # Total active cycles for level _0_0_0_3
           ramulator.busy_cycles_0_0_0_3             5607291                                      # (All-bank refresh only. busy cycles only include refresh time in rank level) The sum of cycles that the DRAM part is active or under refresh for level _0_0_0_3
      ramulator.serving_requests_0_0_0_3             7236568                                      # The sum of read and write requests that are served in this DRAM element per memory cycle for level _0_0_0_3
ramulator.average_serving_requests_0_0_0_3            0.275054                                      # The average of read and write requests that are served in this DRAM element per memory cycle for level _0_0_0_3
           ramulator.active_cycles_0_0_1            15398028                                      # Total active cycles for level _0_0_1
             ramulator.busy_cycles_0_0_1            15398028                                      # (All-bank refresh only. busy cycles only include refresh time in rank level) The sum of cycles that the DRAM part is active or under refresh for level _0_0_1
        ramulator.serving_requests_0_0_1            29179589                                      # The sum of read and write requests that are served in this DRAM element per memory cycle for level _0_0_1
ramulator.average_serving_requests_0_0_1            1.109084                                      # The average of read and write requests that are served in this DRAM element per memory cycle for level _0_0_1
         ramulator.active_cycles_0_0_1_0             5647074                                      # Total active cycles for level _0_0_1_0
           ramulator.busy_cycles_0_0_1_0             5647074                                      # (All-bank refresh only. busy cycles only include refresh time in rank level) The sum of cycles that the DRAM part is active or under refresh for level _0_0_1_0
      ramulator.serving_requests_0_0_1_0             7265132                                      # The sum of read and write requests that are served in this DRAM element per memory cycle for level _0_0_1_0
ramulator.average_serving_requests_0_0_1_0            0.276140                                      # The average of read and write requests that are served in this DRAM element per memory cycle for level _0_0_1_0
         ramulator.active_cycles_0_0_1_1             5739969                                      # Total active cycles for level _0_0_1_1
           ramulator.busy_cycles_0_0_1_1             5739969                                      # (All-bank refresh only. busy cycles only include refresh time in rank level) The sum of cycles that the DRAM part is active or under refresh for level _0_0_1_1
      ramulator.serving_requests_0_0_1_1             7390030                                      # The sum of read and write requests that are served in this DRAM element per memory cycle for level _0_0_1_1
ramulator.average_serving_requests_0_0_1_1            0.280887                                      # The average of read and write requests that are served in this DRAM element per memory cycle for level _0_0_1_1
         ramulator.active_cycles_0_0_1_2             5673841                                      # Total active cycles for level _0_0_1_2
           ramulator.busy_cycles_0_0_1_2             5673841                                      # (All-bank refresh only. busy cycles only include refresh time in rank level) The sum of cycles that the DRAM part is active or under refresh for level _0_0_1_2
      ramulator.serving_requests_0_0_1_2             7285105                                      # The sum of read and write requests that are served in this DRAM element per memory cycle for level _0_0_1_2
ramulator.average_serving_requests_0_0_1_2            0.276899                                      # The average of read and write requests that are served in this DRAM element per memory cycle for level _0_0_1_2
         ramulator.active_cycles_0_0_1_3             5619103                                      # Total active cycles for level _0_0_1_3
           ramulator.busy_cycles_0_0_1_3             5619103                                      # (All-bank refresh only. busy cycles only include refresh time in rank level) The sum of cycles that the DRAM part is active or under refresh for level _0_0_1_3
      ramulator.serving_requests_0_0_1_3             7239322                                      # The sum of read and write requests that are served in this DRAM element per memory cycle for level _0_0_1_3
ramulator.average_serving_requests_0_0_1_3            0.275159                                      # The average of read and write requests that are served in this DRAM element per memory cycle for level _0_0_1_3
           ramulator.active_cycles_0_0_2            15276774                                      # Total active cycles for level _0_0_2
             ramulator.busy_cycles_0_0_2            15276774                                      # (All-bank refresh only. busy cycles only include refresh time in rank level) The sum of cycles that the DRAM part is active or under refresh for level _0_0_2
        ramulator.serving_requests_0_0_2            28817736                                      # The sum of read and write requests that are served in this DRAM element per memory cycle for level _0_0_2
ramulator.average_serving_requests_0_0_2            1.095331                                      # The average of read and write requests that are served in this DRAM element per memory cycle for level _0_0_2
         ramulator.active_cycles_0_0_2_0             5655730                                      # Total active cycles for level _0_0_2_0
           ramulator.busy_cycles_0_0_2_0             5655730                                      # (All-bank refresh only. busy cycles only include refresh time in rank level) The sum of cycles that the DRAM part is active or under refresh for level _0_0_2_0
      ramulator.serving_requests_0_0_2_0             7288947                                      # The sum of read and write requests that are served in this DRAM element per memory cycle for level _0_0_2_0
ramulator.average_serving_requests_0_0_2_0            0.277045                                      # The average of read and write requests that are served in this DRAM element per memory cycle for level _0_0_2_0
         ramulator.active_cycles_0_0_2_1             5433189                                      # Total active cycles for level _0_0_2_1
           ramulator.busy_cycles_0_0_2_1             5433189                                      # (All-bank refresh only. busy cycles only include refresh time in rank level) The sum of cycles that the DRAM part is active or under refresh for level _0_0_2_1
      ramulator.serving_requests_0_0_2_1             6989751                                      # The sum of read and write requests that are served in this DRAM element per memory cycle for level _0_0_2_1
ramulator.average_serving_requests_0_0_2_1            0.265673                                      # The average of read and write requests that are served in this DRAM element per memory cycle for level _0_0_2_1
         ramulator.active_cycles_0_0_2_2             5581598                                      # Total active cycles for level _0_0_2_2
           ramulator.busy_cycles_0_0_2_2             5581598                                      # (All-bank refresh only. busy cycles only include refresh time in rank level) The sum of cycles that the DRAM part is active or under refresh for level _0_0_2_2
      ramulator.serving_requests_0_0_2_2             7180093                                      # The sum of read and write requests that are served in this DRAM element per memory cycle for level _0_0_2_2
ramulator.average_serving_requests_0_0_2_2            0.272908                                      # The average of read and write requests that are served in this DRAM element per memory cycle for level _0_0_2_2
         ramulator.active_cycles_0_0_2_3             5717271                                      # Total active cycles for level _0_0_2_3
           ramulator.busy_cycles_0_0_2_3             5717271                                      # (All-bank refresh only. busy cycles only include refresh time in rank level) The sum of cycles that the DRAM part is active or under refresh for level _0_0_2_3
      ramulator.serving_requests_0_0_2_3             7358945                                      # The sum of read and write requests that are served in this DRAM element per memory cycle for level _0_0_2_3
ramulator.average_serving_requests_0_0_2_3            0.279705                                      # The average of read and write requests that are served in this DRAM element per memory cycle for level _0_0_2_3
           ramulator.active_cycles_0_0_3            15374859                                      # Total active cycles for level _0_0_3
             ramulator.busy_cycles_0_0_3            15374859                                      # (All-bank refresh only. busy cycles only include refresh time in rank level) The sum of cycles that the DRAM part is active or under refresh for level _0_0_3
        ramulator.serving_requests_0_0_3            28899209                                      # The sum of read and write requests that are served in this DRAM element per memory cycle for level _0_0_3
ramulator.average_serving_requests_0_0_3            1.098427                                      # The average of read and write requests that are served in this DRAM element per memory cycle for level _0_0_3
         ramulator.active_cycles_0_0_3_0             5648452                                      # Total active cycles for level _0_0_3_0
           ramulator.busy_cycles_0_0_3_0             5648452                                      # (All-bank refresh only. busy cycles only include refresh time in rank level) The sum of cycles that the DRAM part is active or under refresh for level _0_0_3_0
      ramulator.serving_requests_0_0_3_0             7287989                                      # The sum of read and write requests that are served in this DRAM element per memory cycle for level _0_0_3_0
ramulator.average_serving_requests_0_0_3_0            0.277009                                      # The average of read and write requests that are served in this DRAM element per memory cycle for level _0_0_3_0
         ramulator.active_cycles_0_0_3_1             5704047                                      # Total active cycles for level _0_0_3_1
           ramulator.busy_cycles_0_0_3_1             5704047                                      # (All-bank refresh only. busy cycles only include refresh time in rank level) The sum of cycles that the DRAM part is active or under refresh for level _0_0_3_1
      ramulator.serving_requests_0_0_3_1             7310199                                      # The sum of read and write requests that are served in this DRAM element per memory cycle for level _0_0_3_1
ramulator.average_serving_requests_0_0_3_1            0.277853                                      # The average of read and write requests that are served in this DRAM element per memory cycle for level _0_0_3_1
         ramulator.active_cycles_0_0_3_2             5558290                                      # Total active cycles for level _0_0_3_2
           ramulator.busy_cycles_0_0_3_2             5558290                                      # (All-bank refresh only. busy cycles only include refresh time in rank level) The sum of cycles that the DRAM part is active or under refresh for level _0_0_3_2
      ramulator.serving_requests_0_0_3_2             7141663                                      # The sum of read and write requests that are served in this DRAM element per memory cycle for level _0_0_3_2
ramulator.average_serving_requests_0_0_3_2            0.271447                                      # The average of read and write requests that are served in this DRAM element per memory cycle for level _0_0_3_2
         ramulator.active_cycles_0_0_3_3             5580224                                      # Total active cycles for level _0_0_3_3
           ramulator.busy_cycles_0_0_3_3             5580224                                      # (All-bank refresh only. busy cycles only include refresh time in rank level) The sum of cycles that the DRAM part is active or under refresh for level _0_0_3_3
      ramulator.serving_requests_0_0_3_3             7159358                                      # The sum of read and write requests that are served in this DRAM element per memory cycle for level _0_0_3_3
ramulator.average_serving_requests_0_0_3_3            0.272119                                      # The average of read and write requests that are served in this DRAM element per memory cycle for level _0_0_3_3
      ramulator.read_transaction_bytes_0           145592768                                      # The total byte of read transaction per channel
     ramulator.write_transaction_bytes_0           127566464                                      # The total byte of write transaction per channel
       ramulator.row_hits_channel_0_core             3059481                                      # Number of row hits per channel per core
     ramulator.row_misses_channel_0_core              159196                                      # Number of row misses per channel per core
  ramulator.row_conflicts_channel_0_core             1049436                                      # Number of row conflicts per channel per core
  ramulator.read_row_hits_channel_0_core             1786768                                      # Number of row hits for read requests per channel per core
                                     [0]           1786768.0                                      # 
ramulator.read_row_misses_channel_0_core               77048                                      # Number of row misses for read requests per channel per core
                                     [0]             77048.0                                      # 
ramulator.read_row_conflicts_channel_0_core              411071                                      # Number of row conflicts for read requests per channel per core
                                     [0]            411071.0                                      # 
 ramulator.write_row_hits_channel_0_core             1272713                                      # Number of row hits for write requests per channel per core
                                     [0]           1272713.0                                      # 
ramulator.write_row_misses_channel_0_core               82148                                      # Number of row misses for write requests per channel per core
                                     [0]             82148.0                                      # 
ramulator.write_row_conflicts_channel_0_core              638365                                      # Number of row conflicts for write requests per channel per core
                                     [0]            638365.0                                      # 
      ramulator.useless_activates_0_core               14227                                      # Number of useless activations. E.g, ACT -> PRE w/o RD or WR
            ramulator.read_latency_avg_0          263.764083                                      # The average memory latency cycles (in memory time domain) per request for all read requests in this channel
            ramulator.read_latency_sum_0           600033484                                      # The memory latency cycles (in memory time domain) sum for all read requests in this channel
        ramulator.req_queue_length_avg_0           36.828584                                      # Average of read and write queue length per memory cycle per channel.
        ramulator.req_queue_length_sum_0           968946045                                      # Sum of read and write queue length per memory cycle per channel.
   ramulator.read_req_queue_length_avg_0           22.428598                                      # Read queue length average per memory cycle per channel.
   ramulator.read_req_queue_length_sum_0           590087901                                      # Read queue length sum per memory cycle per channel.
  ramulator.write_req_queue_length_avg_0           14.399985                                      # Write queue length average per memory cycle per channel.
  ramulator.write_req_queue_length_sum_0           378858144                                      # Write queue length sum per memory cycle per channel.
              ramulator.record_read_hits                 0.0                                      # record read hit count for this core when it reaches request limit or to the end
                                     [0]                 0.0                                      # 
            ramulator.record_read_misses                 0.0                                      # record_read_miss count for this core when it reaches request limit or to the end
                                     [0]                 0.0                                      # 
         ramulator.record_read_conflicts                 0.0                                      # record read conflict count for this core when it reaches request limit or to the end
                                     [0]                 0.0                                      # 
             ramulator.record_write_hits                 0.0                                      # record write hit count for this core when it reaches request limit or to the end
                                     [0]                 0.0                                      # 
           ramulator.record_write_misses                 0.0                                      # record write miss count for this core when it reaches request limit or to the end
                                     [0]                 0.0                                      # 
        ramulator.record_write_conflicts                 0.0                                      # record write conflict for this core when it reaches request limit or to the end
                                     [0]                 0.0                                      # 
                 ramulator.dram_capacity          8589934592                                      # Number of bytes in simulated DRAM
                   ramulator.dram_cycles            26309620                                      # Number of DRAM cycles simulated
             ramulator.incoming_requests             4268122                                      # Number of incoming requests to DRAM
                 ramulator.read_requests             2274887                                      # Number of incoming read requests to DRAM per core
                                     [0]           2274887.0                                      # 
                ramulator.write_requests             1993235                                      # Number of incoming write requests to DRAM per core
                                     [0]           1993235.0                                      # 
       ramulator.ramulator_active_cycles            23922220                                      # The total number of cycles that the DRAM part is active (serving R/W)
 ramulator.incoming_requests_per_channel           4268122.0                                      # Number of incoming requests to each DRAM channel
                                     [0]           4268122.0                                      # 
ramulator.incoming_read_reqs_per_channel           2274887.0                                      # Number of incoming read requests to each DRAM channel
                                     [0]           2274887.0                                      # 
     ramulator.physical_page_replacement                   0                                      # The number of times that physical page replacement happens.
             ramulator.maximum_bandwidth         19200000000                                      # The theoretical maximum bandwidth (Bps)
          ramulator.in_queue_req_num_sum           968946045                                      # Sum of read/write queue length
     ramulator.in_queue_read_req_num_sum           590087901                                      # Sum of read queue length
    ramulator.in_queue_write_req_num_sum           378858144                                      # Sum of write queue length
          ramulator.in_queue_req_num_avg           36.828584                                      # Average of read/write queue length per memory cycle
     ramulator.in_queue_read_req_num_avg           22.428598                                      # Average of read queue length per memory cycle
    ramulator.in_queue_write_req_num_avg           14.399985                                      # Average of write queue length per memory cycle
          ramulator.record_read_requests                 0.0                                      # record read requests for this core when it reaches request limit or to the end
                                     [0]                 0.0                                      # 
         ramulator.record_write_requests                 0.0                                      # record write requests for this core when it reaches request limit or to the end
                                     [0]                 0.0                                      # 
