/* -*- Mode: c -*- */
####################################################################################################
Core 0
####################################################################################################
Cumulative:        Cycles: 23539192              Instructions: 89999999              IPC: 3.82341

Periodic:          Cycles: 23539192              Instructions: 89999999              IPC: 3.82341

EXECUTION_TIME                           7355997500000                  7355997500000              

SIM_HOST_WALL_SECONDS                       410.150091                     410.150091              

NODE_CYCLE                                    23539192                       23539192              

NODE_INST_COUNT                               90000077                       90000077              

NODE_INST_COUNT_FETCHED                       89999999                       89999999              

NODE_UOP_COUNT                               105257411                      105257411              

EXEC_STAGE_NO_ISSUE_STALL_CYCLE               20638943                       20638943              

EXEC_STAGE_NO_ISSUE_STALL_CYCLE_ONPATH        20590046                       20590046              

FULL_WINDOW_STALL                                 2376        0.010%             2376        0.010%

FULL_WINDOW_MEM_OP                                1748       76.365%             1748       76.365%
FULL_WINDOW_FP_OP                                    0        0.000%                0        0.000%
FULL_WINDOW_OTHER_OP                               541       23.635%              541       23.635%
                                                  2289      100.000%             2289      100.000%
                                                  0.47         0.78              0.47         0.78

RET_BLOCKED_DC_MISS                            4415182       18.757%          4415182       18.757%

RET_BLOCKED_L1_MISS                              29606        0.126%            29606        0.126%

RET_BLOCKED_L1_MISS_BW_PREF                      18061        0.077%            18061        0.077%

RET_BLOCKED_L1_ACCESS                          4399475       18.690%          4399475       18.690%

RET_BLOCKED_MEM_STALL                            99028        0.421%            99028        0.421%

RET_BLOCKED_OFFCHIP_DEMAND                           0        0.000%                0        0.000%

OP_ISSUED                                    105393372                      105393372              

OP_RETIRED                                   105257411                      105257411              

OP_MACRO_FUSION_ONPATH                        13414404                       13414404              

OP_MACRO_FUSION_OFFPATH                          34080                          34080              

REPLAY_SIGNALED                                      0                              0              

REPLAY_COUNTED                                       0                              0              

OFF_CRITICAL_PATH                                    0         -nan%                0         -nan%
ON_CRITICAL_PATH                                     0         -nan%                0         -nan%
                                                     0         -nan%                0         -nan%
                                                  -nan         -nan              -nan         -nan

LD_NO_DEPENDENTS                               2179442       12.601%          2179442       12.601%
LD_DEPENDENTS                                 15115734       87.399%         15115734       87.399%
                                              17295176      100.000%         17295176      100.000%
                                                  0.87         0.83              0.87         0.83

LD_EXEC_CYCLES_0                                     0        0.000%                0        0.000%
LD_EXEC_CYCLES_1                               1701123       66.252%          1701123       66.252%
LD_EXEC_CYCLES_2                                201376        7.843%           201376        7.843%
LD_EXEC_CYCLES_3                                131052        5.104%           131052        5.104%
LD_EXEC_CYCLES_4                                534114       20.802%           534114       20.802%
                                               2567665      100.000%          2567665      100.000%
                                                  1.80         1.48              1.80         1.48

ICACHE_STAGE_STARVED                             44843        0.192%            44843        0.192%
ICACHE_STAGE_NOT_STARVED                      23307980       99.808%         23307980       99.808%
                                              23352823      100.000%         23352823      100.000%
                                                  1.00         1.00              1.00         1.00

ICACHE_STAGE_STALLED                           8950490       38.024%          8950490       38.024%
ICACHE_STAGE_NOT_STALLED                      14402333       61.184%         14402333       61.184%
ICACHE_STAGE_OFF_PATH                           186369        0.792%           186369        0.792%
                                              23539192      100.000%         23539192      100.000%
                                                  0.63         0.32              0.63         0.32

DECODE_STAGE_STARVED                          23483400       99.973%         23483400       99.973%
DECODE_STAGE_NOT_STARVED                          6397        0.027%             6397        0.027%
                                              23489797      100.000%         23489797      100.000%
                                                  0.00         0.02              0.00         0.02

DECODE_STAGE_STALLED                               442        0.002%              442        0.002%
DECODE_STAGE_NOT_STALLED                      23489355       99.788%         23489355       99.788%
DECODE_STAGE_OFF_PATH                            49395        0.210%            49395        0.210%
                                              23539192      100.000%         23539192      100.000%
                                                  1.00         0.06              1.00         0.06

UOPQ_STAGE_STARVED                              156386        1.082%           156386        1.082%
UOPQ_STAGE_NOT_STARVED                        14297023       98.918%         14297023       98.918%
                                              14453409      100.000%         14453409      100.000%
                                                  0.99         0.98              0.99         0.98

UOPQ_STAGE_STALLED                             8943902       37.996%          8943902       37.996%
UOPQ_STAGE_NOT_STALLED                        14453409       61.401%         14453409       61.401%
UOPQ_STAGE_OFF_PATH                             141881        0.603%           141881        0.603%
                                              23539192      100.000%         23539192      100.000%
                                                  0.63         0.32              0.63         0.32

RS_OP_READY_NOT_ISSUED_TOTAL                  55660375                       55660375              

RS_0_OP_READY_NOT_ISSUED                      46693388                       46693388              

RS_1_OP_READY_NOT_ISSUED                        567495                         567495              

RS_2_OP_READY_NOT_ISSUED                       8399492                        8399492              

RS_3_OP_READY_NOT_ISSUED                             0                              0              

RS_4_OP_READY_NOT_ISSUED                             0                              0              

RS_5_OP_READY_NOT_ISSUED                             0                              0              

RS_6_OP_READY_NOT_ISSUED                             0                              0              

RS_7_OP_READY_NOT_ISSUED                             0                              0              

RS_7_PLUS_OP_READY_NOT_ISSUED                        0                              0              

FU_IDLE_NO_READY_OPS_TOTAL                    70615508                       70615508              

FU_0_IDLE_NO_READY_OPS                         2758296                        2758296              

FU_1_IDLE_NO_READY_OPS                         3755332                        3755332              

FU_2_IDLE_NO_READY_OPS                         9726833                        9726833              

FU_3_IDLE_NO_READY_OPS                         9738958                        9738958              

FU_4_IDLE_NO_READY_OPS                         3969375                        3969375              

FU_5_IDLE_NO_READY_OPS                         2858880                        2858880              

FU_6_IDLE_NO_READY_OPS                        12104746                       12104746              

FU_7_IDLE_NO_READY_OPS                        12155090                       12155090              

FU_8_IDLE_NO_READY_OPS                         3802240                        3802240              

FU_9_IDLE_NO_READY_OPS                         9745758                        9745758              

FU_10_IDLE_NO_READY_OPS                              0                              0              

FU_11_IDLE_NO_READY_OPS                              0                              0              

FU_12_IDLE_NO_READY_OPS                              0                              0              

FU_13_IDLE_NO_READY_OPS                              0                              0              

FU_14_IDLE_NO_READY_OPS                              0                              0              

FU_15_IDLE_NO_READY_OPS                              0                              0              

FU_16_IDLE_NO_READY_OPS                              0                              0              

FU_17_IDLE_NO_READY_OPS                              0                              0              

FU_18_IDLE_NO_READY_OPS                              0                              0              

FU_19_IDLE_NO_READY_OPS                              0                              0              

FU_20_IDLE_NO_READY_OPS                              0                              0              

FU_21_IDLE_NO_READY_OPS                              0                              0              

FU_22_IDLE_NO_READY_OPS                              0                              0              

FU_23_IDLE_NO_READY_OPS                              0                              0              

FU_24_IDLE_NO_READY_OPS                              0                              0              

FU_25_IDLE_NO_READY_OPS                              0                              0              

FU_26_IDLE_NO_READY_OPS                              0                              0              

FU_27_IDLE_NO_READY_OPS                              0                              0              

FU_28_IDLE_NO_READY_OPS                              0                              0              

FU_29_IDLE_NO_READY_OPS                              0                              0              

FU_30_IDLE_NO_READY_OPS                              0                              0              

FU_31_IDLE_NO_READY_OPS                              0                              0              

FU_31_PLUS_IDLE_NO_READY_OPS                         0                              0              

MAP_STAGE_STARVED                                58240        0.331%            58240        0.331%
MAP_STAGE_NOT_STARVED                         17551584       99.669%         17551584       99.669%
                                              17609824      100.000%         17609824      100.000%
                                                  1.00         1.00              1.00         1.00

MAP_STAGE_STALLED                                    0        0.000%                0        0.000%
MAP_STAGE_NOT_STALLED                         17609824       99.620%         17609824       99.620%
MAP_STAGE_OFF_PATH                               67160        0.380%            67160        0.380%
                                              17676984      100.000%         17676984      100.000%
                                                  1.00         0.09              1.00         0.09

MAP_STAGE_STALL_ITSELF                         5862208       24.904%          5862208       24.904%
MAP_STAGE_NOT_STALL_ITSELF                    17676984       75.096%         17676984       75.096%
                                              23539192      100.000%         23539192      100.000%
                                                  0.75         0.69              0.75         0.69

MAP_STAGE_LATE_ALLOCATE_SEND_BACK                    0                              0              

MAP_STAGE_RENAME_OP_ONPATH                   105257411                      105257411              

MAP_STAGE_RENAME_OP_OFFPATH                     321331                         321331              

MAP_STAGE_RENAME_INT_REG_ONPATH               89805802                       89805802              

MAP_STAGE_RENAME_INT_REG_OFFPATH                231049                         231049              

MAP_STAGE_RENAME_VEC_REG_ONPATH                1900569                        1900569              

MAP_STAGE_RENAME_VEC_REG_OFFPATH                  5442                           5442              

MAP_STAGE_RENAME_MOVE_ELIM_ONPATH                    0                              0              

MAP_STAGE_RENAME_MOVE_ELIM_OFFPATH                   0                              0              

MAP_STAGE_ONPATH_INT_REG_NUM_ALLOC            96866615                       96866615              

MAP_STAGE_ONPATH_VEC_REG_NUM_ALLOC             1900558                        1900558              

MAP_STAGE_ONPATH_INT_REG_NUM_SHORTLIVE        37093181                       37093181              

MAP_STAGE_ONPATH_VEC_REG_NUM_SHORTLIVE          660908                         660908              

MAP_STAGE_ONPATH_INT_REG_USE_COUNT_0          26263489                       26263489              

MAP_STAGE_ONPATH_VEC_REG_USE_COUNT_0            678650                         678650              

MAP_STAGE_ONPATH_INT_REG_USE_COUNT_1          45204854                       45204854              

MAP_STAGE_ONPATH_VEC_REG_USE_COUNT_1           1086223                        1086223              

MAP_STAGE_ONPATH_INT_REG_USE_COUNT_2          17975480                       17975480              

MAP_STAGE_ONPATH_VEC_REG_USE_COUNT_2                33                             33              

MAP_STAGE_ONPATH_INT_REG_USE_COUNT_3           2520079                        2520079              

MAP_STAGE_ONPATH_VEC_REG_USE_COUNT_3                 0                              0              

MAP_STAGE_ONPATH_INT_REG_USE_COUNT_4           1906929                        1906929              

MAP_STAGE_ONPATH_VEC_REG_USE_COUNT_4            135649                         135649              

MAP_STAGE_ONPATH_INT_REG_USE_COUNT_5            681751                         681751              

MAP_STAGE_ONPATH_VEC_REG_USE_COUNT_5                 1                              1              

MAP_STAGE_ONPATH_INT_REG_USE_COUNT_6           1088465                        1088465              

MAP_STAGE_ONPATH_VEC_REG_USE_COUNT_6                 0                              0              

MAP_STAGE_ONPATH_INT_REG_USE_COUNT_7_PLUS       1225568                        1225568              

MAP_STAGE_ONPATH_VEC_REG_USE_COUNT_7_PLUS             2                              2              

MAP_STAGE_ONPATH_INT_REG_CONSUME_DIST_0              0        0.0000                0        0.0000

MAP_STAGE_ONPATH_VEC_REG_CONSUME_DIST_0              0        0.0000                0        0.0000

MAP_STAGE_ONPATH_INT_REG_CONSUME_DIST_1              0        0.0000                0        0.0000

MAP_STAGE_ONPATH_VEC_REG_CONSUME_DIST_1              0        0.0000                0        0.0000

MAP_STAGE_ONPATH_INT_REG_CONSUME_DIST_2       43507066        2.4204         43507066        2.4204

MAP_STAGE_ONPATH_VEC_REG_CONSUME_DIST_2          26187      793.5455            26187      793.5455

MAP_STAGE_ONPATH_INT_REG_CONSUME_DIST_3       11089696        4.4005         11089696        4.4005

MAP_STAGE_ONPATH_VEC_REG_CONSUME_DIST_3              0          -nan                0          -nan

MAP_STAGE_ONPATH_INT_REG_CONSUME_DIST_4       15401662        8.0767         15401662        8.0767

MAP_STAGE_ONPATH_VEC_REG_CONSUME_DIST_4         135649        1.0000           135649        1.0000

MAP_STAGE_ONPATH_INT_REG_CONSUME_DIST_5        7951065       11.6627          7951065       11.6627

MAP_STAGE_ONPATH_VEC_REG_CONSUME_DIST_5              2        2.0000                2        2.0000

MAP_STAGE_ONPATH_INT_REG_CONSUME_DIST_6       22608767       20.7712         22608767       20.7712

MAP_STAGE_ONPATH_VEC_REG_CONSUME_DIST_6              0          -nan                0          -nan

MAP_STAGE_ONPATH_INT_REG_CONSUME_DIST_7_PLUS      59173805       48.2828         59173805       48.2828

MAP_STAGE_ONPATH_VEC_REG_CONSUME_DIST_7_PLUS          6667     3333.5000             6667     3333.5000

MAP_STAGE_INT_REG_ISSUE_READ_TOTAL_CONSUMED     122575648        5.9390        122575648        5.9390

MAP_STAGE_VEC_REG_ISSUE_READ_TOTAL_CONSUMED       1630064        0.0790          1630064        0.0790

MAP_STAGE_INT_REG_ISSUE_READ_MULTI_CONSUMED      51922860        2.5158         51922860        2.5158

MAP_STAGE_VEC_REG_ISSUE_READ_MULTI_CONSUMED        407118        0.0197           407118        0.0197

MAP_STAGE_INT_REG_ISSUE_READ_SAME_CYCLE_CONSUMED      26457321        1.2819         26457321        1.2819

MAP_STAGE_VEC_REG_ISSUE_READ_SAME_CYCLE_CONSUMED        271317        0.0131           271317        0.0131

MAP_STAGE_INT_REG_ISSUE_READ_TOTAL_CONSUMED_ONPATH     122470991        5.9481        122470991        5.9481

MAP_STAGE_VEC_REG_ISSUE_READ_TOTAL_CONSUMED_ONPATH       1628951        0.0791          1628951        0.0791

MAP_STAGE_INT_REG_ISSUE_READ_MULTI_CONSUMED_ONPATH      51867837        2.5191         51867837        2.5191

MAP_STAGE_VEC_REG_ISSUE_READ_MULTI_CONSUMED_ONPATH        407033        0.0198           407033        0.0198

MAP_STAGE_INT_REG_ISSUE_READ_SAME_CYCLE_CONSUMED_ONPATH      26430283        1.2836         26430283        1.2836

MAP_STAGE_VEC_REG_ISSUE_READ_SAME_CYCLE_CONSUMED_ONPATH        271311        0.0132           271311        0.0132

MAP_STAGE_ONPATH_INT_REG_LIFECYCLE_EMPTY    3246357447                     3246357447              

MAP_STAGE_ONPATH_VEC_REG_LIFECYCLE_EMPTY      96380447                       96380447              

MAP_STAGE_ONPATH_INT_REG_LIFECYCLE_IN_USE    4072222874                     4072222874              

MAP_STAGE_ONPATH_VEC_REG_LIFECYCLE_IN_USE     159181162                      159181162              

MAP_STAGE_ONPATH_INT_REG_LIFECYCLE_SPEC_RELEASE    5444269305                     5444269305              

MAP_STAGE_ONPATH_VEC_REG_LIFECYCLE_SPEC_RELEASE     232550942                      232550942              

MAP_STAGE_ONPATH_INT_REG_LIFECYCLE_NONSPEC_RELEASE    5444269305                     5444269305              

MAP_STAGE_ONPATH_VEC_REG_LIFECYCLE_NONSPEC_RELEASE     232550942                      232550942              

MAP_STAGE_ONPATH_INT_REG_LIFECYCLE_TOTAL    5444269305                     5444269305              

MAP_STAGE_ONPATH_VEC_REG_LIFECYCLE_TOTAL     232550942                      232550942              

MAP_STAGE_ONPATH_INT_REG_NUM_NONBRANCH        96866615                       96866615              

MAP_STAGE_ONPATH_VEC_REG_NUM_NONBRANCH         1900558                        1900558              

MAP_STAGE_ONPATH_INT_REG_NUM_NONEXCEPT        96866615                       96866615              

MAP_STAGE_ONPATH_VEC_REG_NUM_NONEXCEPT         1900558                        1900558              

MAP_STAGE_ONPATH_INT_REG_NUM_ATOMIC           96866615                       96866615              

MAP_STAGE_ONPATH_VEC_REG_NUM_ATOMIC            1900558                        1900558              

MAP_STAGE_ONPATH_INT_REG_ATOMIC_REDEFINED_DIST_TOTAL    5444269305       56.2038       5444269305       56.2038

MAP_STAGE_ONPATH_VEC_REG_ATOMIC_REDEFINED_DIST_TOTAL     232550942      122.3593        232550942      122.3593

MAP_STAGE_ONPATH_INT_REG_ATOMIC_CONSUMED_DIST_TOTAL    4072222874       42.0395       4072222874       42.0395

MAP_STAGE_ONPATH_VEC_REG_ATOMIC_CONSUMED_DIST_TOTAL     159181162       83.7550        159181162       83.7550

MAP_STAGE_ONPATH_INT_REG_ATOMIC_RELEASE_DIST_TOTAL    5444269305       56.2038       5444269305       56.2038

MAP_STAGE_ONPATH_VEC_REG_ATOMIC_RELEASE_DIST_TOTAL     232550942      122.3593        232550942      122.3593

EXEC_STAGE_STARVED                            17515759       74.411%         17515759       74.411%
EXEC_STAGE_NOT_STARVED                         5960069       25.320%          5960069       25.320%
EXEC_STAGE_OFF_PATH                              63364        0.269%            63364        0.269%
                                              23539192      100.000%         23539192      100.000%
                                                  0.26         0.38              0.26         0.38

FU_BUSY_0                                     17337798                       17337798              

FU_BUSY_1                                     16138287                       16138287              

FU_BUSY_2                                      6065688                        6065688              

FU_BUSY_3                                      6057377                        6057377              

FU_BUSY_4                                     14777488                       14777488              

FU_BUSY_5                                     17665265                       17665265              

FU_BUSY_6                                      6343302                        6343302              

FU_BUSY_7                                      6305885                        6305885              

FU_BUSY_8                                     15205817                       15205817              

FU_BUSY_9                                      6033713                        6033713              

FU_BUSY_10                                           0                              0              

FU_BUSY_11                                           0                              0              

FU_BUSY_12                                           0                              0              

FU_BUSY_13                                           0                              0              

FU_BUSY_14                                           0                              0              

FU_BUSY_15                                           0                              0              

FU_BUSY_16                                           0                              0              

FU_BUSY_17                                           0                              0              

FU_BUSY_18                                           0                              0              

FU_BUSY_19                                           0                              0              

FU_BUSY_20                                           0                              0              

FU_BUSY_21                                           0                              0              

FU_BUSY_22                                           0                              0              

FU_BUSY_23                                           0                              0              

FU_BUSY_24                                           0                              0              

FU_BUSY_25                                           0                              0              

FU_BUSY_26                                           0                              0              

FU_BUSY_27                                           0                              0              

FU_BUSY_28                                           0                              0              

FU_BUSY_29                                           0                              0              

FU_BUSY_30                                           0                              0              

FU_BUSY_31                                           0                              0              

FU_REJECTED_OP_INV_NOT_SIMD                          0        0.000%                0        0.000%
FU_REJECTED_OP_NOP_NOT_SIMD                      14902        0.318%            14902        0.318%
FU_REJECTED_OP_CF_NOT_SIMD                          59        0.001%               59        0.001%
FU_REJECTED_OP_MOV_NOT_SIMD                     554069       11.829%           554069       11.829%
FU_REJECTED_OP_CMOV_NOT_SIMD                         0        0.000%                0        0.000%
FU_REJECTED_OP_LDA_NOT_SIMD                     415412        8.869%           415412        8.869%
FU_REJECTED_OP_IMEM_NOT_SIMD                    205013        4.377%           205013        4.377%
FU_REJECTED_OP_IADD_NOT_SIMD                    322756        6.891%           322756        6.891%
FU_REJECTED_OP_IMUL_NOT_SIMD                   1217471       25.993%          1217471       25.993%
FU_REJECTED_OP_IDIV_NOT_SIMD                        44        0.001%               44        0.001%
FU_REJECTED_OP_ICMP_NOT_SIMD                        12        0.000%               12        0.000%
FU_REJECTED_OP_LOGIC_NOT_SIMD                   504483       10.771%           504483       10.771%
FU_REJECTED_OP_SHIFT_NOT_SIMD                  1445773       30.867%          1445773       30.867%
FU_REJECTED_OP_FMEM_NOT_SIMD                         9        0.000%                9        0.000%
FU_REJECTED_OP_FCVT_NOT_SIMD                         0        0.000%                0        0.000%
FU_REJECTED_OP_FADD_NOT_SIMD                         0        0.000%                0        0.000%
FU_REJECTED_OP_FMUL_NOT_SIMD                         0        0.000%                0        0.000%
FU_REJECTED_OP_FMA_NOT_SIMD                          0        0.000%                0        0.000%
FU_REJECTED_OP_FDIV_NOT_SIMD                         0        0.000%                0        0.000%
FU_REJECTED_OP_FCMP_NOT_SIMD                         0        0.000%                0        0.000%
FU_REJECTED_OP_FCMOV_NOT_SIMD                        0        0.000%                0        0.000%
FU_REJECTED_OP_GATHER_NOT_SIMD                       0        0.000%                0        0.000%
FU_REJECTED_OP_SCATTER_NOT_SIMD                      0        0.000%                0        0.000%
FU_REJECTED_OP_PIPELINED_FAST_NOT_SIMD               0        0.000%                0        0.000%
FU_REJECTED_OP_PIPELINED_MEDIUM_NOT_SIMD             0        0.000%                0        0.000%
FU_REJECTED_OP_PIPELINED_SLOW_NOT_SIMD               0        0.000%                0        0.000%
FU_REJECTED_OP_NOTPIPELINED_MEDIUM_NOT_SIMD             0        0.000%                0        0.000%
FU_REJECTED_OP_NOTPIPELINED_SLOW_NOT_SIMD             0        0.000%                0        0.000%
FU_REJECTED_OP_NOTPIPELINED_VERY_SLOW_NOT_SIMD             1        0.000%                1        0.000%
FU_REJECTED_OP_INV_SIMD                              0        0.000%                0        0.000%
FU_REJECTED_OP_NOP_SIMD                           3391        0.072%             3391        0.072%
FU_REJECTED_OP_CF_SIMD                               0        0.000%                0        0.000%
FU_REJECTED_OP_MOV_SIMD                             58        0.001%               58        0.001%
FU_REJECTED_OP_CMOV_SIMD                             0        0.000%                0        0.000%
FU_REJECTED_OP_LDA_SIMD                              0        0.000%                0        0.000%
FU_REJECTED_OP_IMEM_SIMD                             0        0.000%                0        0.000%
FU_REJECTED_OP_IADD_SIMD                             0        0.000%                0        0.000%
FU_REJECTED_OP_IMUL_SIMD                             0        0.000%                0        0.000%
FU_REJECTED_OP_IDIV_SIMD                             0        0.000%                0        0.000%
FU_REJECTED_OP_ICMP_SIMD                             0        0.000%                0        0.000%
FU_REJECTED_OP_LOGIC_SIMD                            0        0.000%                0        0.000%
FU_REJECTED_OP_SHIFT_SIMD                            0        0.000%                0        0.000%
FU_REJECTED_OP_FMEM_SIMD                             0        0.000%                0        0.000%
FU_REJECTED_OP_FCVT_SIMD                            13        0.000%               13        0.000%
FU_REJECTED_OP_FADD_SIMD                           381        0.008%              381        0.008%
FU_REJECTED_OP_FMUL_SIMD                             0        0.000%                0        0.000%
FU_REJECTED_OP_FMA_SIMD                              0        0.000%                0        0.000%
FU_REJECTED_OP_FDIV_SIMD                             0        0.000%                0        0.000%
FU_REJECTED_OP_FCMP_SIMD                             0        0.000%                0        0.000%
FU_REJECTED_OP_FCMOV_SIMD                            0        0.000%                0        0.000%
FU_REJECTED_OP_GATHER_SIMD                           0        0.000%                0        0.000%
FU_REJECTED_OP_SCATTER_SIMD                          0        0.000%                0        0.000%
FU_REJECTED_OP_PIPELINED_FAST_SIMD                   0        0.000%                0        0.000%
FU_REJECTED_OP_PIPELINED_MEDIUM_SIMD                 0        0.000%                0        0.000%
FU_REJECTED_OP_PIPELINED_SLOW_SIMD                   0        0.000%                0        0.000%
FU_REJECTED_OP_NOTPIPELINED_MEDIUM_SIMD              0        0.000%                0        0.000%
FU_REJECTED_OP_NOTPIPELINED_SLOW_SIMD                0        0.000%                0        0.000%
FU_REJECTED_OP_NOTPIPELINED_VERY_SLOW_SIMD             0        0.000%                0        0.000%
                                               4683847      100.000%          4683847      100.000%
                                                  8.54         3.20              8.54         3.20

LSQ_FULL_TOTAL                                      19                             19              

LSQ_FULL_LOAD_QUEUE                                  0                              0              

LSQ_FULL_STORE_QUEUE                                19                             19              

OP_WAIT_0                                     76518986                       76518986              

OP_WAIT_1                                     11834312                       11834312              

OP_WAIT_2                                      4478048                        4478048              

OP_WAIT_3                                      3105896                        3105896              

OP_WAIT_4                                      2275751                        2275751              

OP_WAIT_5                                      1834027                        1834027              

OP_WAIT_6                                      1245701                        1245701              

OP_WAIT_7                                       755669                         755669              

OP_WAIT_8                                       434757                         434757              

OP_WAIT_9                                       315383                         315383              

OP_WAIT_10                                      242638                         242638              

OP_WAIT_11                                      203516                         203516              

OP_WAIT_12                                      103395                         103395              

OP_WAIT_13                                      107210                         107210              

OP_WAIT_14                                      117812                         117812              

OP_WAIT_15                                       44584                          44584              

OP_WAIT_16                                        7770                           7770              

OP_WAIT_17                                        5681                           5681              

OP_WAIT_18                                        3745                           3745              

OP_WAIT_19                                       28207                          28207              

OP_WAIT_20                                      134725                         134725              

OP_WAIT_21                                      283497                         283497              

OP_WAIT_22                                      159664                         159664              

OP_WAIT_23                                      299244                         299244              

OP_WAIT_24                                      140786                         140786              

OP_WAIT_25                                       90999                          90999              

OP_WAIT_26                                       71341                          71341              

OP_WAIT_27                                        2141                           2141              

OP_WAIT_28                                        1094                           1094              

OP_WAIT_29                                        1009                           1009              

OP_WAIT_30                                        1877                           1877              

OP_WAIT_31                                      407946                         407946              

ROW_SIZE_0                                     7393774                        7393774              

ROW_SIZE_1                                     2251427                        2251427              

ROW_SIZE_2                                      506176                         506176              

ROW_SIZE_3                                      360032                         360032              

ROW_SIZE_4                                      240365                         240365              

ROW_SIZE_5                                      122370                         122370              

ROW_SIZE_6                                      637611                         637611              

ROW_SIZE_7                                      421440                         421440              

ROW_SIZE_8                                    11570560                       11570560              

ROW_SIZE_9                                           0                              0              

ROW_SIZE_10                                          0                              0              

ROW_SIZE_11                                          0                              0              

ROW_SIZE_12                                          0                              0              

ROW_SIZE_13                                          0                              0              

ROW_SIZE_14                                          0                              0              

ROW_SIZE_15                                          0                              0              

ROW_SIZE_16                                          0                              0              

ROW_SIZE_17                                          0                              0              

ROW_SIZE_18                                          0                              0              

ROW_SIZE_19                                          0                              0              

ROW_SIZE_20                                          0                              0              

ROW_SIZE_21                                          0                              0              

ROW_SIZE_22                                          0                              0              

ROW_SIZE_23                                          0                              0              

ROW_SIZE_24                                          0                              0              

ROW_SIZE_25                                          0                              0              

ROW_SIZE_26                                          0                              0              

ROW_SIZE_27                                          0                              0              

ROW_SIZE_28                                          0                              0              

ROW_SIZE_29                                          0                              0              

ROW_SIZE_30                                          0                              0              

ROW_SIZE_31                                          0                              0              

RET_OP_EXEC_COUNT_0                                  0        0.000%                0        0.000%
RET_OP_EXEC_COUNT_1                          105257411      100.000%        105257411      100.000%
RET_OP_EXEC_COUNT_2                                  0        0.000%                0        0.000%
RET_OP_EXEC_COUNT_3                                  0        0.000%                0        0.000%
RET_OP_EXEC_COUNT_4                                  0        0.000%                0        0.000%
RET_OP_EXEC_COUNT_5                                  0        0.000%                0        0.000%
RET_OP_EXEC_COUNT_6                                  0        0.000%                0        0.000%
RET_OP_EXEC_COUNT_7                                  0        0.000%                0        0.000%
RET_OP_EXEC_COUNT_8                                  0        0.000%                0        0.000%
RET_OP_EXEC_COUNT_9                                  0        0.000%                0        0.000%
RET_OP_EXEC_COUNT_10                                 0        0.000%                0        0.000%
RET_OP_EXEC_COUNT_11                                 0        0.000%                0        0.000%
RET_OP_EXEC_COUNT_12                                 0        0.000%                0        0.000%
RET_OP_EXEC_COUNT_13                                 0        0.000%                0        0.000%
RET_OP_EXEC_COUNT_14                                 0        0.000%                0        0.000%
RET_OP_EXEC_COUNT_15                                 0        0.000%                0        0.000%
RET_OP_EXEC_COUNT_16                                 0        0.000%                0        0.000%
RET_OP_EXEC_COUNT_17                                 0        0.000%                0        0.000%
RET_OP_EXEC_COUNT_18                                 0        0.000%                0        0.000%
RET_OP_EXEC_COUNT_19                                 0        0.000%                0        0.000%
RET_OP_EXEC_COUNT_20                                 0        0.000%                0        0.000%
RET_OP_EXEC_COUNT_21                                 0        0.000%                0        0.000%
RET_OP_EXEC_COUNT_22                                 0        0.000%                0        0.000%
RET_OP_EXEC_COUNT_23                                 0        0.000%                0        0.000%
RET_OP_EXEC_COUNT_24                                 0        0.000%                0        0.000%
RET_OP_EXEC_COUNT_25                                 0        0.000%                0        0.000%
RET_OP_EXEC_COUNT_26                                 0        0.000%                0        0.000%
RET_OP_EXEC_COUNT_27                                 0        0.000%                0        0.000%
RET_OP_EXEC_COUNT_28                                 0        0.000%                0        0.000%
RET_OP_EXEC_COUNT_29                                 0        0.000%                0        0.000%
RET_OP_EXEC_COUNT_30                                 0        0.000%                0        0.000%
RET_OP_EXEC_COUNT_31                                 0        0.000%                0        0.000%
RET_OP_EXEC_COUNT_32                                 0        0.000%                0        0.000%
                                             105257411      100.000%        105257411      100.000%
                                                  1.00         0.00              1.00         0.00

RET_STALL_LENGTH_0                           105257162      100.000%        105257162      100.000%
RET_STALL_LENGTH_100                               102        0.000%              102        0.000%
RET_STALL_LENGTH_200                                38        0.000%               38        0.000%
RET_STALL_LENGTH_300                                36        0.000%               36        0.000%
RET_STALL_LENGTH_400                                29        0.000%               29        0.000%
RET_STALL_LENGTH_500                                26        0.000%               26        0.000%
RET_STALL_LENGTH_600                                12        0.000%               12        0.000%
RET_STALL_LENGTH_700                                 2        0.000%                2        0.000%
RET_STALL_LENGTH_800                                 2        0.000%                2        0.000%
RET_STALL_LENGTH_900                                 1        0.000%                1        0.000%
RET_STALL_LENGTH_1000                                0        0.000%                0        0.000%
RET_STALL_LENGTH_1100                                0        0.000%                0        0.000%
RET_STALL_LENGTH_1200                                1        0.000%                1        0.000%
RET_STALL_LENGTH_1300                                0        0.000%                0        0.000%
RET_STALL_LENGTH_1400                                0        0.000%                0        0.000%
RET_STALL_LENGTH_1500                                0        0.000%                0        0.000%
RET_STALL_LENGTH_1600                                0        0.000%                0        0.000%
RET_STALL_LENGTH_1700                                0        0.000%                0        0.000%
RET_STALL_LENGTH_1800                                0        0.000%                0        0.000%
RET_STALL_LENGTH_1900                                0        0.000%                0        0.000%
RET_STALL_LENGTH_2000                                0        0.000%                0        0.000%
RET_STALL_LENGTH_2100                                0        0.000%                0        0.000%
RET_STALL_LENGTH_2200                                0        0.000%                0        0.000%
RET_STALL_LENGTH_2300                                0        0.000%                0        0.000%
RET_STALL_LENGTH_2400                                0        0.000%                0        0.000%
RET_STALL_LENGTH_2500                                0        0.000%                0        0.000%
RET_STALL_LENGTH_2600                                0        0.000%                0        0.000%
RET_STALL_LENGTH_2700                                0        0.000%                0        0.000%
RET_STALL_LENGTH_2800                                0        0.000%                0        0.000%
RET_STALL_LENGTH_2900                                0        0.000%                0        0.000%
RET_STALL_LENGTH_3000                                0        0.000%                0        0.000%
RET_STALL_LENGTH_3100                                0        0.000%                0        0.000%
RET_STALL_LENGTH_3200                                0        0.000%                0        0.000%
RET_STALL_LENGTH_3300                                0        0.000%                0        0.000%
RET_STALL_LENGTH_3400                                0        0.000%                0        0.000%
RET_STALL_LENGTH_3500                                0        0.000%                0        0.000%
RET_STALL_LENGTH_3600                                0        0.000%                0        0.000%
RET_STALL_LENGTH_3700                                0        0.000%                0        0.000%
RET_STALL_LENGTH_3800                                0        0.000%                0        0.000%
RET_STALL_LENGTH_3900                                0        0.000%                0        0.000%
RET_STALL_LENGTH_4000                                0        0.000%                0        0.000%
RET_STALL_LENGTH_4100                                0        0.000%                0        0.000%
RET_STALL_LENGTH_4200                                0        0.000%                0        0.000%
RET_STALL_LENGTH_4300                                0        0.000%                0        0.000%
RET_STALL_LENGTH_4400                                0        0.000%                0        0.000%
RET_STALL_LENGTH_4500                                0        0.000%                0        0.000%
RET_STALL_LENGTH_4600                                0        0.000%                0        0.000%
RET_STALL_LENGTH_4700                                0        0.000%                0        0.000%
RET_STALL_LENGTH_4800                                0        0.000%                0        0.000%
RET_STALL_LENGTH_4900                                0        0.000%                0        0.000%
RET_STALL_LENGTH_5000                                0        0.000%                0        0.000%
                                             105257411      100.000%        105257411      100.000%
                                                  0.00         0.00              0.00         0.00

MEM_BLOCK_LENGTH_0                                1682       83.185%             1682       83.185%
MEM_BLOCK_LENGTH_100                               195        9.644%              195        9.644%
MEM_BLOCK_LENGTH_200                                38        1.879%               38        1.879%
MEM_BLOCK_LENGTH_300                                28        1.385%               28        1.385%
MEM_BLOCK_LENGTH_400                                36        1.780%               36        1.780%
MEM_BLOCK_LENGTH_500                                22        1.088%               22        1.088%
MEM_BLOCK_LENGTH_600                                10        0.495%               10        0.495%
MEM_BLOCK_LENGTH_700                                 7        0.346%                7        0.346%
MEM_BLOCK_LENGTH_800                                 1        0.049%                1        0.049%
MEM_BLOCK_LENGTH_900                                 3        0.148%                3        0.148%
MEM_BLOCK_LENGTH_1000                                0        0.000%                0        0.000%
MEM_BLOCK_LENGTH_1100                                0        0.000%                0        0.000%
MEM_BLOCK_LENGTH_1200                                0        0.000%                0        0.000%
MEM_BLOCK_LENGTH_1300                                0        0.000%                0        0.000%
MEM_BLOCK_LENGTH_1400                                0        0.000%                0        0.000%
MEM_BLOCK_LENGTH_1500                                0        0.000%                0        0.000%
MEM_BLOCK_LENGTH_1600                                0        0.000%                0        0.000%
MEM_BLOCK_LENGTH_1700                                0        0.000%                0        0.000%
MEM_BLOCK_LENGTH_1800                                0        0.000%                0        0.000%
MEM_BLOCK_LENGTH_1900                                0        0.000%                0        0.000%
MEM_BLOCK_LENGTH_2000                                0        0.000%                0        0.000%
MEM_BLOCK_LENGTH_2100                                0        0.000%                0        0.000%
MEM_BLOCK_LENGTH_2200                                0        0.000%                0        0.000%
MEM_BLOCK_LENGTH_2300                                0        0.000%                0        0.000%
MEM_BLOCK_LENGTH_2400                                0        0.000%                0        0.000%
MEM_BLOCK_LENGTH_2500                                0        0.000%                0        0.000%
MEM_BLOCK_LENGTH_2600                                0        0.000%                0        0.000%
MEM_BLOCK_LENGTH_2700                                0        0.000%                0        0.000%
MEM_BLOCK_LENGTH_2800                                0        0.000%                0        0.000%
MEM_BLOCK_LENGTH_2900                                0        0.000%                0        0.000%
MEM_BLOCK_LENGTH_3000                                0        0.000%                0        0.000%
MEM_BLOCK_LENGTH_3100                                0        0.000%                0        0.000%
MEM_BLOCK_LENGTH_3200                                0        0.000%                0        0.000%
MEM_BLOCK_LENGTH_3300                                0        0.000%                0        0.000%
MEM_BLOCK_LENGTH_3400                                0        0.000%                0        0.000%
MEM_BLOCK_LENGTH_3500                                0        0.000%                0        0.000%
MEM_BLOCK_LENGTH_3600                                0        0.000%                0        0.000%
MEM_BLOCK_LENGTH_3700                                0        0.000%                0        0.000%
MEM_BLOCK_LENGTH_3800                                0        0.000%                0        0.000%
MEM_BLOCK_LENGTH_3900                                0        0.000%                0        0.000%
MEM_BLOCK_LENGTH_4000                                0        0.000%                0        0.000%
MEM_BLOCK_LENGTH_4100                                0        0.000%                0        0.000%
MEM_BLOCK_LENGTH_4200                                0        0.000%                0        0.000%
MEM_BLOCK_LENGTH_4300                                0        0.000%                0        0.000%
MEM_BLOCK_LENGTH_4400                                0        0.000%                0        0.000%
MEM_BLOCK_LENGTH_4500                                0        0.000%                0        0.000%
MEM_BLOCK_LENGTH_4600                                0        0.000%                0        0.000%
MEM_BLOCK_LENGTH_4700                                0        0.000%                0        0.000%
MEM_BLOCK_LENGTH_4800                                0        0.000%                0        0.000%
MEM_BLOCK_LENGTH_4900                                0        0.000%                0        0.000%
MEM_BLOCK_LENGTH_5000                                0        0.000%                0        0.000%
                                                  2022      100.000%             2022      100.000%
                                                  0.37         1.05              0.37         1.05

FUS_BUSY_ON_PATH                             111793345        4.7492        111793345        4.7492

FUS_BUSY_OFF_PATH                               137275        0.0058           137275        0.0058

FU_BUSY_MEM_STALL                              1358797        0.0577          1358797        0.0577

FUS_EMPTY                                    123461300        5.2449        123461300        5.2449

FU_UNAVAILABLE                                 4155726        0.1765          4155726        0.1765

FU_MEM_UNAVAILABLE                              528121        0.0224           528121        0.0224

FU_OTHER_UNAVAILABLE                                 0        0.0000                0        0.0000

FU_REPLAY                                            0        0.0000                0        0.0000

FU_STARVED                                   123449464        5.2444        123449464        5.2444

CHIP_UTILIZATION                                     0        0.0000                0        0.0000

CYCLES_UNDER_MEM_REQ                                 0                              0              

CYCLES_UNDER_NO_MEM_REQ                              0                              0              

CYCLES_UNDER_CRITICAL_MEM_REQ                        0                              0              

CYCLES_UNDER_NONCRITICAL_MEM_REQ                     0                              0              

CHIP_UTILIZATION_UNDER_MEM_REQ                       0          -nan                0          -nan

CHIP_UTILIZATION_UNDER_NO_MEM_REQ                    0          -nan                0          -nan

CHIP_UTILIZATION_UNDER_CRITICAL_MEM_REQ              0          -nan                0          -nan

CHIP_UTILIZATION_UNDER_NONCRITICAL_MEM_REQ             0          -nan                0          -nan

CYCLES_NOT_WAITING_FOR_OFF_CHIP                      0        0.0000                0        0.0000

FUS_BUSY_NOT_WAITING_FOR_OFF_CHIP                    0          -nan                0          -nan

CYCLES_WAITING_FOR_OFF_CHIP                          0        0.0000                0        0.0000

FUS_BUSY_WAITING_FOR_OFF_CHIP                        0          -nan                0          -nan

TOTAL_OFF_CHIP_DELAYS_LEFT                           0                              0              

WRONG_IO_SCHED                                       0                              0              

DVFS_CONFIG_SWITCH                                   0                              0              

MAP_STAGE_RECEIVED_OPS_0                             0        0.000%                0        0.000%
MAP_STAGE_RECEIVED_OPS_1                           900        0.005%              900        0.005%
MAP_STAGE_RECEIVED_OPS_2                          1161        0.007%             1161        0.007%
MAP_STAGE_RECEIVED_OPS_3                          4296        0.024%             4296        0.024%
MAP_STAGE_RECEIVED_OPS_4                          8455        0.048%             8455        0.048%
MAP_STAGE_RECEIVED_OPS_5                          4173        0.024%             4173        0.024%
MAP_STAGE_RECEIVED_OPS_6                      17530307       99.892%         17530307       99.892%
MAP_STAGE_RECEIVED_OPS_7                             0        0.000%                0        0.000%
MAP_STAGE_RECEIVED_OPS_8                             0        0.000%                0        0.000%
MAP_STAGE_RECEIVED_OPS_MAX                           0        0.000%                0        0.000%
                                              17549292      100.000%         17549292      100.000%
                                                  6.00         0.08              6.00         0.08

MAP_STAGE_WAIT_FOR_DECODE                            0         -nan%                0         -nan%
MAP_STAGE_CONSUME_DECODE                             0         -nan%                0         -nan%
                                                     0         -nan%                0         -nan%
                                                  -nan         -nan              -nan         -nan

MAP_STAGE_WAIT_FOR_DECODE2                           0         -nan%                0         -nan%
MAP_STAGE_CONSUME_DECODE2                            0         -nan%                0         -nan%
                                                     0         -nan%                0         -nan%
                                                  -nan         -nan              -nan         -nan

FTQ_RECOVER_EXEC                                  2287                           2287              

FTQ_RECOVER_DECODE                                 233                            233              

FTQ_OFFPATH_CYCLES                              312196                         312196              

FTQ_CYCLES_OFFPATH                              312196                         312196              

FTQ_CYCLES_ONPATH                             23226996                       23226996              

FTQ_FETCHED_INS_ONPATH                       105257403                      105257403              

FTQ_FETCHED_INS_OFFPATH                        1377917                        1377917              

FTQ_BREAK_FULL_FT_ONPATH                      23097587                       23097587              

FTQ_BREAK_FULL_FT_OFFPATH                       229424                         229424              

FTQ_BREAK_PRED_BR_ONPATH                             0                              0              

FTQ_BREAK_PRED_BR_OFFPATH                            0                              0              

FTQ_BREAK_BAR_FETCH_ONPATH                           0                              0              

FTQ_BREAK_BAR_FETCH_OFFPATH                          0                              0              

FTQ_BREAK_MAX_CFS_TAKEN_ONPATH                       0                              0              

FTQ_BREAK_MAX_CFS_TAKEN_OFFPATH                      0                              0              

FTQ_BREAK_MAX_FT_ONPATH                         129159                         129159              

FTQ_BREAK_MAX_FT_OFFPATH                         82772                          82772              

DFE_GEN_ON_PATH_FT                            10629948                       10629948              

DFE_GEN_OFF_PATH_FT                             143703                         143703              

DFE_L0_ENABLED_PREDICTIONS                   105257411                      105257411              

DFE_L0_WRONG_MAIN_CORRECT                         9517                           9517              

DFE_L0_WRONG_MAIN_WRONG                           2359                           2359              

DFE_L0_CORRECT_MAIN_WRONG                          161                            161              

DFE_L0_CORRECT_MAIN_CORRECT                  105245374                      105245374              

DFE_L0_WRONG_MAIN_CORRECT_RECOVERY_SCHEDULED             0                              0              

FTQ_SAW_BAR_FETCH_OFFPATH                          298                            298              

FTQ_SAW_BAR_FETCH_ONPATH                           639                            639              

DFE_CONF_0_RECOVER_AT_EXEC                           0         -nan%                0         -nan%
DFE_CONF_1_RECOVER_AT_EXEC                           0         -nan%                0         -nan%
DFE_CONF_2_RECOVER_AT_EXEC                           0         -nan%                0         -nan%
DFE_CONF_3_RECOVER_AT_EXEC                           0         -nan%                0         -nan%
DFE_CONF_0_CORRECT                                   0         -nan%                0         -nan%
DFE_CONF_1_CORRECT                                   0         -nan%                0         -nan%
DFE_CONF_2_CORRECT                                   0         -nan%                0         -nan%
DFE_CONF_3_CORRECT                                   0         -nan%                0         -nan%
                                                     0         -nan%                0         -nan%
                                                  -nan         -nan              -nan         -nan

DFE_ON_CONF_ON_OPS                                   0         -nan%                0         -nan%
DFE_ON_CONF_OFF_OPS                                  0         -nan%                0         -nan%
DFE_OFF_CONF_ON_OPS                                  0         -nan%                0         -nan%
DFE_OFF_CONF_OFF_REALISTIC_OPS                       0         -nan%                0         -nan%
DFE_OFF_CONF_OFF_PERFECT_OPS                         0         -nan%                0         -nan%
                                                     0         -nan%                0         -nan%
                                                  -nan         -nan              -nan         -nan

DFE_ON_CONF_ON_FETCH_TARGETS                         0         -nan%                0         -nan%
DFE_ON_CONF_OFF_FETCH_TARGETS                        0         -nan%                0         -nan%
DFE_OFF_CONF_ON_FETCH_TARGETS                        0         -nan%                0         -nan%
DFE_OFF_CONF_OFF_REALISTIC_FETCH_TARGETS             0         -nan%                0         -nan%
DFE_OFF_CONF_OFF_PERFECT_FETCH_TARGETS               0         -nan%                0         -nan%
                                                     0         -nan%                0         -nan%
                                                  -nan         -nan              -nan         -nan

DFE_ON_CONF_ON_CYCLES                                0         -nan%                0         -nan%
DFE_ON_CONF_OFF_CYCLES                               0         -nan%                0         -nan%
DFE_OFF_CONF_ON_CYCLES                               0         -nan%                0         -nan%
DFE_OFF_CONF_OFF_REALISTIC_CYCLES                    0         -nan%                0         -nan%
DFE_OFF_CONF_OFF_PERFECT_CYCLES                      0         -nan%                0         -nan%
                                                     0         -nan%                0         -nan%
                                                  -nan         -nan              -nan         -nan

DFE_OFF_CONF_ON_NUM_EVENTS                           0                              0              

DFE_OFF_CONF_ON_NOT_IDENTIFIED_EVENTS                0         -nan%                0         -nan%
DFE_OFF_CONF_ON_IBTB_MISS_EVENTS                     0         -nan%                0         -nan%
DFE_OFF_CONF_ON_BTB_MISS_EVENTS                      0         -nan%                0         -nan%
DFE_OFF_CONF_ON_BTB_MISS_RECOVER_AT_EXEC_EVENTS             0         -nan%                0         -nan%
DFE_OFF_CONF_ON_RECOVER_AT_EXEC_EVENTS               0         -nan%                0         -nan%
DFE_OFF_CONF_ON_RECOVER_AT_DECODE_EVENTS             0         -nan%                0         -nan%
                                                     0         -nan%                0         -nan%
                                                  -nan         -nan              -nan         -nan

DFE_OFF_CONF_ON_LATE_BTB_HIT_EVENTS                  0                              0              

DFE_OFF_CONF_ON_NOT_IDENTIFIED_CYCLES                0         -nan%                0         -nan%
DFE_OFF_CONF_ON_IBTB_MISS_CYCLES                     0         -nan%                0         -nan%
DFE_OFF_CONF_ON_BTB_MISS_CYCLES                      0         -nan%                0         -nan%
DFE_OFF_CONF_ON_BTB_MISS_RECOVER_AT_EXEC_CYCLES             0         -nan%                0         -nan%
DFE_OFF_CONF_ON_RECOVER_AT_EXEC_CYCLES               0         -nan%                0         -nan%
DFE_OFF_CONF_ON_RECOVER_AT_DECODE_CYCLES             0         -nan%                0         -nan%
                                                     0         -nan%                0         -nan%
                                                  -nan         -nan              -nan         -nan

DFE_OFF_CONF_ON_LATE_BTB_HIT_CYCLES                  0                              0              

DFE_OFF_CONF_ON_NOT_IDENTIFIED_FETCH_TARGETS             0         -nan%                0         -nan%
DFE_OFF_CONF_ON_IBTB_MISS_FETCH_TARGETS              0         -nan%                0         -nan%
DFE_OFF_CONF_ON_BTB_MISS_FETCH_TARGETS               0         -nan%                0         -nan%
DFE_OFF_CONF_ON_BTB_MISS_RECOVER_AT_EXEC_FETCH_TARGETS             0         -nan%                0         -nan%
DFE_OFF_CONF_ON_RECOVER_AT_EXEC_FETCH_TARGETS             0         -nan%                0         -nan%
DFE_OFF_CONF_ON_RECOVER_AT_DECODE_FETCH_TARGETS             0         -nan%                0         -nan%
                                                     0         -nan%                0         -nan%
                                                  -nan         -nan              -nan         -nan

DFE_OFF_CONF_ON_LATE_BTB_HIT_FETCH_TARGETS             0                              0              

DFE_OFF_CONF_ON_BP_INCORRECT_0_CONF                  0         -nan%                0         -nan%
DFE_OFF_CONF_ON_BP_INCORRECT_1_CONF                  0         -nan%                0         -nan%
DFE_OFF_CONF_ON_BP_INCORRECT_2_CONF                  0         -nan%                0         -nan%
DFE_OFF_CONF_ON_BP_INCORRECT_3_CONF                  0         -nan%                0         -nan%
                                                     0         -nan%                0         -nan%
                                                  -nan         -nan              -nan         -nan

DFE_OFF_CONF_ON_BTB_MISS_CBR_0_CONF                  0         -nan%                0         -nan%
DFE_OFF_CONF_ON_BTB_MISS_CBR_1_CONF                  0         -nan%                0         -nan%
DFE_OFF_CONF_ON_BTB_MISS_CBR_2_CONF                  0         -nan%                0         -nan%
DFE_OFF_CONF_ON_BTB_MISS_CBR_3_CONF                  0         -nan%                0         -nan%
                                                     0         -nan%                0         -nan%
                                                  -nan         -nan              -nan         -nan

DFE_OFF_CONF_ON_BTB_MISS_NOT_CF                      0         -nan%                0         -nan%
DFE_OFF_CONF_ON_BTB_MISS_CF_BR                       0         -nan%                0         -nan%
DFE_OFF_CONF_ON_BTB_MISS_CF_CBR                      0         -nan%                0         -nan%
DFE_OFF_CONF_ON_BTB_MISS_CF_CALL                     0         -nan%                0         -nan%
DFE_OFF_CONF_ON_BTB_MISS_CF_IBR                      0         -nan%                0         -nan%
DFE_OFF_CONF_ON_BTB_MISS_CF_ICALL                    0         -nan%                0         -nan%
DFE_OFF_CONF_ON_BTB_MISS_CF_ICO                      0         -nan%                0         -nan%
DFE_OFF_CONF_ON_BTB_MISS_CF_RET                      0         -nan%                0         -nan%
DFE_OFF_CONF_ON_BTB_MISS_CF_SYS                      0         -nan%                0         -nan%
                                                     0         -nan%                0         -nan%
                                                  -nan         -nan              -nan         -nan

DFE_ON_CONF_OFF_NUM_EVENTS                           0                              0              

CONF_BTB_NUM_CYCLES_OFF_PATH_EVENT                   0                              0              

DFE_ON_CONF_OFF_IBTB_MISS_BP_TAKEN                   0         -nan%                0         -nan%
DFE_ON_CONF_OFF_BTB_MISS_BP_TAKEN_CONF_0             0         -nan%                0         -nan%
DFE_ON_CONF_OFF_BTB_MISS_BP_TAKEN_CONF_1             0         -nan%                0         -nan%
DFE_ON_CONF_OFF_BTB_MISS_BP_TAKEN_CONF_2             0         -nan%                0         -nan%
DFE_ON_CONF_OFF_BTB_MISS_BP_TAKEN_CONF_3             0         -nan%                0         -nan%
DFE_ON_CONF_OFF_BTB_MISS_RATE                        0         -nan%                0         -nan%
DFE_ON_CONF_OFF_IBTB_MISS_RATE                       0         -nan%                0         -nan%
DFE_ON_CONF_OFF_RECOVER_AT_DECODE_RATE               0         -nan%                0         -nan%
DFE_ON_CONF_OFF_RECOVER_AT_EXEC_RATE                 0         -nan%                0         -nan%
DFE_ON_CONF_OFF_INV_CONF_INC                         0         -nan%                0         -nan%
DFE_ON_CONF_OFF_PERFECT_CONF                         0         -nan%                0         -nan%
                                                     0         -nan%                0         -nan%
                                                  -nan         -nan              -nan         -nan

DFE_ON_CONF_OFF_IBTB_MISS_BP_TAKEN_CYCLES             0         -nan%                0         -nan%
DFE_ON_CONF_OFF_BTB_MISS_BP_TAKEN_CONF_0_CYCLES             0         -nan%                0         -nan%
DFE_ON_CONF_OFF_BTB_MISS_BP_TAKEN_CONF_1_CYCLES             0         -nan%                0         -nan%
DFE_ON_CONF_OFF_BTB_MISS_BP_TAKEN_CONF_2_CYCLES             0         -nan%                0         -nan%
DFE_ON_CONF_OFF_BTB_MISS_BP_TAKEN_CONF_3_CYCLES             0         -nan%                0         -nan%
DFE_ON_CONF_OFF_BTB_MISS_RATE_CYCLES                 0         -nan%                0         -nan%
DFE_ON_CONF_OFF_IBTB_MISS_RATE_CYCLES                0         -nan%                0         -nan%
DFE_ON_CONF_OFF_RECOVER_AT_DECODE_RATE_CYCLES             0         -nan%                0         -nan%
DFE_ON_CONF_OFF_RECOVER_AT_EXEC_RATE_CYCLES             0         -nan%                0         -nan%
DFE_ON_CONF_OFF_INV_CONF_INC_CYCLES                  0         -nan%                0         -nan%
DFE_ON_CONF_OFF_PERFECT_CONF_CYCLES                  0         -nan%                0         -nan%
                                                     0         -nan%                0         -nan%
                                                  -nan         -nan              -nan         -nan

DFE_ON_CONF_OFF_IBTB_MISS_BP_TAKEN_FETCH_TARGETS             0         -nan%                0         -nan%
DFE_ON_CONF_OFF_BTB_MISS_BP_TAKEN_CONF_0_FETCH_TARGETS             0         -nan%                0         -nan%
DFE_ON_CONF_OFF_BTB_MISS_BP_TAKEN_CONF_1_FETCH_TARGETS             0         -nan%                0         -nan%
DFE_ON_CONF_OFF_BTB_MISS_BP_TAKEN_CONF_2_FETCH_TARGETS             0         -nan%                0         -nan%
DFE_ON_CONF_OFF_BTB_MISS_BP_TAKEN_CONF_3_FETCH_TARGETS             0         -nan%                0         -nan%
DFE_ON_CONF_OFF_BTB_MISS_RATE_FETCH_TARGETS             0         -nan%                0         -nan%
DFE_ON_CONF_OFF_IBTB_MISS_RATE_FETCH_TARGETS             0         -nan%                0         -nan%
DFE_ON_CONF_OFF_RECOVER_AT_DECODE_RATE_FETCH_TARGETS             0         -nan%                0         -nan%
DFE_ON_CONF_OFF_RECOVER_AT_EXEC_RATE_FETCH_TARGETS             0         -nan%                0         -nan%
DFE_ON_CONF_OFF_INV_CONF_INC_FETCH_TARGETS             0         -nan%                0         -nan%
DFE_ON_CONF_OFF_PERFECT_CONF_FETCH_TARGETS             0         -nan%                0         -nan%
                                                     0         -nan%                0         -nan%
                                                  -nan         -nan              -nan         -nan

CONF_OFF_IBTB_MISS_BP_TAKEN                          0         -nan%                0         -nan%
CONF_OFF_BTB_MISS_BP_TAKEN_CONF_0                    0         -nan%                0         -nan%
CONF_OFF_BTB_MISS_BP_TAKEN_CONF_1                    0         -nan%                0         -nan%
CONF_OFF_BTB_MISS_BP_TAKEN_CONF_2                    0         -nan%                0         -nan%
CONF_OFF_BTB_MISS_BP_TAKEN_CONF_3                    0         -nan%                0         -nan%
CONF_OFF_BTB_MISS_RATE                               0         -nan%                0         -nan%
CONF_OFF_IBTB_MISS_RATE                              0         -nan%                0         -nan%
CONF_OFF_RECOVER_AT_DECODE_RATE                      0         -nan%                0         -nan%
CONF_OFF_RECOVER_AT_EXEC_RATE                        0         -nan%                0         -nan%
CONF_OFF_INV_CONF_INC                                0         -nan%                0         -nan%
CONF_OFF_PERFECT_CONF                                0         -nan%                0         -nan%
                                                     0         -nan%                0         -nan%
                                                  -nan         -nan              -nan         -nan

TOPDOWN_TOTAL_SLOTS                          141235152                      141235152              

TOPDOWN_ISSUED_SLOTS                         105641804                      105641804              

TOPDOWN_RETIRED_SLOTS                        105257411                      105257411              

TOPDOWN_FETCH_BUBBLES_SLOTS                     333841                         333841              

TOPDOWN_RECOVERY_BUBBLES_SLOTS                   72802                          72802              

TOPDOWN_MEM_LOAD_STALLS_CYCLES                 5861958                        5861958              

TOPDOWN_MEM_STORE_STALLS_CYCLES                     12                             12              

TOPDOWN_EXEC_STALLS_CYCLES                     2844296                        2844296              

TOPDOWN_BACKEND_STALLS_CYCLES                  5862823                        5862823              

TOPDOWN_FETCH_BUBBLES_GT_MIW_CYCLES              48661                          48661              

TOPDOWN_BR_RECOVER_AT_EXEC_RETIRED_CYCLES          2287                           2287              

TOPDOWN_MACHINE_CLEAR_CYCLES                     12037                          12037              

TOPDOWN_FRONTEND_BOUND                              23                             23              

TOPDOWN_BACKEND_BOUND                             2493                           2493              

TOPDOWN_BAD_SPEC_BOUND                              32                             32              

TOPDOWN_RETIRING_BOUND                            7452                           7452              

TOPDOWN_FETCH_LATENCY_BOUND                         20                             20              

TOPDOWN_FETCH_BANDWIDTH_BOUND                        3                              3              

TOPDOWN_MEM_BOUND                                 2492                           2492              

TOPDOWN_CORE_BOUND                                   1                              1              

TOPDOWN_BR_RECOVER_AT_EXEC_BOUND                     5                              5              

TOPDOWN_MACHINE_CLEARS_BOUND                        27                             27              

H2P_SEEN_MAIN                                        0                              0              



