               ramulator.active_cycles_0            21355361                                      # Total active cycles for level _0
                 ramulator.busy_cycles_0            21355361                                      # (All-bank refresh only. busy cycles only include refresh time in rank level) The sum of cycles that the DRAM part is active or under refresh for level _0
            ramulator.serving_requests_0            69610585                                      # The sum of read and write requests that are served in this DRAM element per memory cycle for level _0
    ramulator.average_serving_requests_0            2.756892                                      # The average of read and write requests that are served in this DRAM element per memory cycle for level _0
             ramulator.active_cycles_0_0            21355361                                      # Total active cycles for level _0_0
               ramulator.busy_cycles_0_0            21922781                                      # (All-bank refresh only. busy cycles only include refresh time in rank level) The sum of cycles that the DRAM part is active or under refresh for level _0_0
          ramulator.serving_requests_0_0            69610585                                      # The sum of read and write requests that are served in this DRAM element per memory cycle for level _0_0
  ramulator.average_serving_requests_0_0            2.756892                                      # The average of read and write requests that are served in this DRAM element per memory cycle for level _0_0
           ramulator.active_cycles_0_0_0             9227627                                      # Total active cycles for level _0_0_0
             ramulator.busy_cycles_0_0_0             9227627                                      # (All-bank refresh only. busy cycles only include refresh time in rank level) The sum of cycles that the DRAM part is active or under refresh for level _0_0_0
        ramulator.serving_requests_0_0_0            17315678                                      # The sum of read and write requests that are served in this DRAM element per memory cycle for level _0_0_0
ramulator.average_serving_requests_0_0_0            0.685779                                      # The average of read and write requests that are served in this DRAM element per memory cycle for level _0_0_0
         ramulator.active_cycles_0_0_0_0             2752872                                      # Total active cycles for level _0_0_0_0
           ramulator.busy_cycles_0_0_0_0             2752872                                      # (All-bank refresh only. busy cycles only include refresh time in rank level) The sum of cycles that the DRAM part is active or under refresh for level _0_0_0_0
      ramulator.serving_requests_0_0_0_0             4400494                                      # The sum of read and write requests that are served in this DRAM element per memory cycle for level _0_0_0_0
ramulator.average_serving_requests_0_0_0_0            0.174279                                      # The average of read and write requests that are served in this DRAM element per memory cycle for level _0_0_0_0
         ramulator.active_cycles_0_0_0_1             2735880                                      # Total active cycles for level _0_0_0_1
           ramulator.busy_cycles_0_0_0_1             2735880                                      # (All-bank refresh only. busy cycles only include refresh time in rank level) The sum of cycles that the DRAM part is active or under refresh for level _0_0_0_1
      ramulator.serving_requests_0_0_0_1             4367196                                      # The sum of read and write requests that are served in this DRAM element per memory cycle for level _0_0_0_1
ramulator.average_serving_requests_0_0_0_1            0.172961                                      # The average of read and write requests that are served in this DRAM element per memory cycle for level _0_0_0_1
         ramulator.active_cycles_0_0_0_2             2655075                                      # Total active cycles for level _0_0_0_2
           ramulator.busy_cycles_0_0_0_2             2655075                                      # (All-bank refresh only. busy cycles only include refresh time in rank level) The sum of cycles that the DRAM part is active or under refresh for level _0_0_0_2
      ramulator.serving_requests_0_0_0_2             4231287                                      # The sum of read and write requests that are served in this DRAM element per memory cycle for level _0_0_0_2
ramulator.average_serving_requests_0_0_0_2            0.167578                                      # The average of read and write requests that are served in this DRAM element per memory cycle for level _0_0_0_2
         ramulator.active_cycles_0_0_0_3             2708442                                      # Total active cycles for level _0_0_0_3
           ramulator.busy_cycles_0_0_0_3             2708442                                      # (All-bank refresh only. busy cycles only include refresh time in rank level) The sum of cycles that the DRAM part is active or under refresh for level _0_0_0_3
      ramulator.serving_requests_0_0_0_3             4316699                                      # The sum of read and write requests that are served in this DRAM element per memory cycle for level _0_0_0_3
ramulator.average_serving_requests_0_0_0_3            0.170961                                      # The average of read and write requests that are served in this DRAM element per memory cycle for level _0_0_0_3
           ramulator.active_cycles_0_0_1             9152068                                      # Total active cycles for level _0_0_1
             ramulator.busy_cycles_0_0_1             9152068                                      # (All-bank refresh only. busy cycles only include refresh time in rank level) The sum of cycles that the DRAM part is active or under refresh for level _0_0_1
        ramulator.serving_requests_0_0_1            17146926                                      # The sum of read and write requests that are served in this DRAM element per memory cycle for level _0_0_1
ramulator.average_serving_requests_0_0_1            0.679095                                      # The average of read and write requests that are served in this DRAM element per memory cycle for level _0_0_1
         ramulator.active_cycles_0_0_1_0             2789209                                      # Total active cycles for level _0_0_1_0
           ramulator.busy_cycles_0_0_1_0             2789209                                      # (All-bank refresh only. busy cycles only include refresh time in rank level) The sum of cycles that the DRAM part is active or under refresh for level _0_0_1_0
      ramulator.serving_requests_0_0_1_0             4452927                                      # The sum of read and write requests that are served in this DRAM element per memory cycle for level _0_0_1_0
ramulator.average_serving_requests_0_0_1_0            0.176356                                      # The average of read and write requests that are served in this DRAM element per memory cycle for level _0_0_1_0
         ramulator.active_cycles_0_0_1_1             2623579                                      # Total active cycles for level _0_0_1_1
           ramulator.busy_cycles_0_0_1_1             2623579                                      # (All-bank refresh only. busy cycles only include refresh time in rank level) The sum of cycles that the DRAM part is active or under refresh for level _0_0_1_1
      ramulator.serving_requests_0_0_1_1             4188353                                      # The sum of read and write requests that are served in this DRAM element per memory cycle for level _0_0_1_1
ramulator.average_serving_requests_0_0_1_1            0.165878                                      # The average of read and write requests that are served in this DRAM element per memory cycle for level _0_0_1_1
         ramulator.active_cycles_0_0_1_2             2689038                                      # Total active cycles for level _0_0_1_2
           ramulator.busy_cycles_0_0_1_2             2689038                                      # (All-bank refresh only. busy cycles only include refresh time in rank level) The sum of cycles that the DRAM part is active or under refresh for level _0_0_1_2
      ramulator.serving_requests_0_0_1_2             4292678                                      # The sum of read and write requests that are served in this DRAM element per memory cycle for level _0_0_1_2
ramulator.average_serving_requests_0_0_1_2            0.170009                                      # The average of read and write requests that are served in this DRAM element per memory cycle for level _0_0_1_2
         ramulator.active_cycles_0_0_1_3             2643952                                      # Total active cycles for level _0_0_1_3
           ramulator.busy_cycles_0_0_1_3             2643952                                      # (All-bank refresh only. busy cycles only include refresh time in rank level) The sum of cycles that the DRAM part is active or under refresh for level _0_0_1_3
      ramulator.serving_requests_0_0_1_3             4212967                                      # The sum of read and write requests that are served in this DRAM element per memory cycle for level _0_0_1_3
ramulator.average_serving_requests_0_0_1_3            0.166852                                      # The average of read and write requests that are served in this DRAM element per memory cycle for level _0_0_1_3
           ramulator.active_cycles_0_0_2             9227670                                      # Total active cycles for level _0_0_2
             ramulator.busy_cycles_0_0_2             9227670                                      # (All-bank refresh only. busy cycles only include refresh time in rank level) The sum of cycles that the DRAM part is active or under refresh for level _0_0_2
        ramulator.serving_requests_0_0_2            17309046                                      # The sum of read and write requests that are served in this DRAM element per memory cycle for level _0_0_2
ramulator.average_serving_requests_0_0_2            0.685516                                      # The average of read and write requests that are served in this DRAM element per memory cycle for level _0_0_2
         ramulator.active_cycles_0_0_2_0             2693005                                      # Total active cycles for level _0_0_2_0
           ramulator.busy_cycles_0_0_2_0             2693005                                      # (All-bank refresh only. busy cycles only include refresh time in rank level) The sum of cycles that the DRAM part is active or under refresh for level _0_0_2_0
      ramulator.serving_requests_0_0_2_0             4312090                                      # The sum of read and write requests that are served in this DRAM element per memory cycle for level _0_0_2_0
ramulator.average_serving_requests_0_0_2_0            0.170778                                      # The average of read and write requests that are served in this DRAM element per memory cycle for level _0_0_2_0
         ramulator.active_cycles_0_0_2_1             2821743                                      # Total active cycles for level _0_0_2_1
           ramulator.busy_cycles_0_0_2_1             2821743                                      # (All-bank refresh only. busy cycles only include refresh time in rank level) The sum of cycles that the DRAM part is active or under refresh for level _0_0_2_1
      ramulator.serving_requests_0_0_2_1             4487299                                      # The sum of read and write requests that are served in this DRAM element per memory cycle for level _0_0_2_1
ramulator.average_serving_requests_0_0_2_1            0.177717                                      # The average of read and write requests that are served in this DRAM element per memory cycle for level _0_0_2_1
         ramulator.active_cycles_0_0_2_2             2679451                                      # Total active cycles for level _0_0_2_2
           ramulator.busy_cycles_0_0_2_2             2679451                                      # (All-bank refresh only. busy cycles only include refresh time in rank level) The sum of cycles that the DRAM part is active or under refresh for level _0_0_2_2
      ramulator.serving_requests_0_0_2_2             4265118                                      # The sum of read and write requests that are served in this DRAM element per memory cycle for level _0_0_2_2
ramulator.average_serving_requests_0_0_2_2            0.168918                                      # The average of read and write requests that are served in this DRAM element per memory cycle for level _0_0_2_2
         ramulator.active_cycles_0_0_2_3             2668492                                      # Total active cycles for level _0_0_2_3
           ramulator.busy_cycles_0_0_2_3             2668492                                      # (All-bank refresh only. busy cycles only include refresh time in rank level) The sum of cycles that the DRAM part is active or under refresh for level _0_0_2_3
      ramulator.serving_requests_0_0_2_3             4244539                                      # The sum of read and write requests that are served in this DRAM element per memory cycle for level _0_0_2_3
ramulator.average_serving_requests_0_0_2_3            0.168103                                      # The average of read and write requests that are served in this DRAM element per memory cycle for level _0_0_2_3
           ramulator.active_cycles_0_0_3             9457369                                      # Total active cycles for level _0_0_3
             ramulator.busy_cycles_0_0_3             9457369                                      # (All-bank refresh only. busy cycles only include refresh time in rank level) The sum of cycles that the DRAM part is active or under refresh for level _0_0_3
        ramulator.serving_requests_0_0_3            17838895                                      # The sum of read and write requests that are served in this DRAM element per memory cycle for level _0_0_3
ramulator.average_serving_requests_0_0_3            0.706500                                      # The average of read and write requests that are served in this DRAM element per memory cycle for level _0_0_3
         ramulator.active_cycles_0_0_3_0             2881072                                      # Total active cycles for level _0_0_3_0
           ramulator.busy_cycles_0_0_3_0             2881072                                      # (All-bank refresh only. busy cycles only include refresh time in rank level) The sum of cycles that the DRAM part is active or under refresh for level _0_0_3_0
      ramulator.serving_requests_0_0_3_0             4588391                                      # The sum of read and write requests that are served in this DRAM element per memory cycle for level _0_0_3_0
ramulator.average_serving_requests_0_0_3_0            0.181721                                      # The average of read and write requests that are served in this DRAM element per memory cycle for level _0_0_3_0
         ramulator.active_cycles_0_0_3_1             2760192                                      # Total active cycles for level _0_0_3_1
           ramulator.busy_cycles_0_0_3_1             2760192                                      # (All-bank refresh only. busy cycles only include refresh time in rank level) The sum of cycles that the DRAM part is active or under refresh for level _0_0_3_1
      ramulator.serving_requests_0_0_3_1             4386618                                      # The sum of read and write requests that are served in this DRAM element per memory cycle for level _0_0_3_1
ramulator.average_serving_requests_0_0_3_1            0.173730                                      # The average of read and write requests that are served in this DRAM element per memory cycle for level _0_0_3_1
         ramulator.active_cycles_0_0_3_2             2683617                                      # Total active cycles for level _0_0_3_2
           ramulator.busy_cycles_0_0_3_2             2683617                                      # (All-bank refresh only. busy cycles only include refresh time in rank level) The sum of cycles that the DRAM part is active or under refresh for level _0_0_3_2
      ramulator.serving_requests_0_0_3_2             4282612                                      # The sum of read and write requests that are served in this DRAM element per memory cycle for level _0_0_3_2
ramulator.average_serving_requests_0_0_3_2            0.169611                                      # The average of read and write requests that are served in this DRAM element per memory cycle for level _0_0_3_2
         ramulator.active_cycles_0_0_3_3             2887102                                      # Total active cycles for level _0_0_3_3
           ramulator.busy_cycles_0_0_3_3             2887102                                      # (All-bank refresh only. busy cycles only include refresh time in rank level) The sum of cycles that the DRAM part is active or under refresh for level _0_0_3_3
      ramulator.serving_requests_0_0_3_3             4581274                                      # The sum of read and write requests that are served in this DRAM element per memory cycle for level _0_0_3_3
ramulator.average_serving_requests_0_0_3_3            0.181439                                      # The average of read and write requests that are served in this DRAM element per memory cycle for level _0_0_3_3
      ramulator.read_transaction_bytes_0           132009216                                      # The total byte of read transaction per channel
     ramulator.write_transaction_bytes_0           122948608                                      # The total byte of write transaction per channel
       ramulator.row_hits_channel_0_core             3483402                                      # Number of row hits per channel per core
     ramulator.row_misses_channel_0_core               92946                                      # Number of row misses per channel per core
  ramulator.row_conflicts_channel_0_core              407368                                      # Number of row conflicts per channel per core
  ramulator.read_row_hits_channel_0_core             1930729                                      # Number of row hits for read requests per channel per core
                                     [0]           1930729.0                                      # 
ramulator.read_row_misses_channel_0_core               18514                                      # Number of row misses for read requests per channel per core
                                     [0]             18514.0                                      # 
ramulator.read_row_conflicts_channel_0_core              113401                                      # Number of row conflicts for read requests per channel per core
                                     [0]            113401.0                                      # 
 ramulator.write_row_hits_channel_0_core             1552673                                      # Number of row hits for write requests per channel per core
                                     [0]           1552673.0                                      # 
ramulator.write_row_misses_channel_0_core               74432                                      # Number of row misses for write requests per channel per core
                                     [0]             74432.0                                      # 
ramulator.write_row_conflicts_channel_0_core              293967                                      # Number of row conflicts for write requests per channel per core
                                     [0]            293967.0                                      # 
      ramulator.useless_activates_0_core                5874                                      # Number of useless activations. E.g, ACT -> PRE w/o RD or WR
            ramulator.read_latency_avg_0          299.001436                                      # The average memory latency cycles (in memory time domain) per request for all read requests in this channel
            ramulator.read_latency_sum_0           616736507                                      # The memory latency cycles (in memory time domain) sum for all read requests in this channel
        ramulator.req_queue_length_avg_0           38.236485                                      # Average of read and write queue length per memory cycle per channel.
        ramulator.req_queue_length_sum_0           965458130                                      # Sum of read and write queue length per memory cycle per channel.
   ramulator.read_req_queue_length_avg_0           24.320578                                      # Read queue length average per memory cycle per channel.
   ramulator.read_req_queue_length_sum_0           614086253                                      # Read queue length sum per memory cycle per channel.
  ramulator.write_req_queue_length_avg_0           13.915907                                      # Write queue length average per memory cycle per channel.
  ramulator.write_req_queue_length_sum_0           351371877                                      # Write queue length sum per memory cycle per channel.
              ramulator.record_read_hits                 0.0                                      # record read hit count for this core when it reaches request limit or to the end
                                     [0]                 0.0                                      # 
            ramulator.record_read_misses                 0.0                                      # record_read_miss count for this core when it reaches request limit or to the end
                                     [0]                 0.0                                      # 
         ramulator.record_read_conflicts                 0.0                                      # record read conflict count for this core when it reaches request limit or to the end
                                     [0]                 0.0                                      # 
             ramulator.record_write_hits                 0.0                                      # record write hit count for this core when it reaches request limit or to the end
                                     [0]                 0.0                                      # 
           ramulator.record_write_misses                 0.0                                      # record write miss count for this core when it reaches request limit or to the end
                                     [0]                 0.0                                      # 
        ramulator.record_write_conflicts                 0.0                                      # record write conflict for this core when it reaches request limit or to the end
                                     [0]                 0.0                                      # 
                 ramulator.dram_capacity          8589934592                                      # Number of bytes in simulated DRAM
                   ramulator.dram_cycles            25249657                                      # Number of DRAM cycles simulated
             ramulator.incoming_requests             3983749                                      # Number of incoming requests to DRAM
                 ramulator.read_requests             2062654                                      # Number of incoming read requests to DRAM per core
                                     [0]           2062654.0                                      # 
                ramulator.write_requests             1921095                                      # Number of incoming write requests to DRAM per core
                                     [0]           1921095.0                                      # 
       ramulator.ramulator_active_cycles            21355364                                      # The total number of cycles that the DRAM part is active (serving R/W)
 ramulator.incoming_requests_per_channel           3983749.0                                      # Number of incoming requests to each DRAM channel
                                     [0]           3983749.0                                      # 
ramulator.incoming_read_reqs_per_channel           2062654.0                                      # Number of incoming read requests to each DRAM channel
                                     [0]           2062654.0                                      # 
     ramulator.physical_page_replacement                   0                                      # The number of times that physical page replacement happens.
             ramulator.maximum_bandwidth         19200000000                                      # The theoretical maximum bandwidth (Bps)
          ramulator.in_queue_req_num_sum           965458130                                      # Sum of read/write queue length
     ramulator.in_queue_read_req_num_sum           614086253                                      # Sum of read queue length
    ramulator.in_queue_write_req_num_sum           351371877                                      # Sum of write queue length
          ramulator.in_queue_req_num_avg           38.236485                                      # Average of read/write queue length per memory cycle
     ramulator.in_queue_read_req_num_avg           24.320578                                      # Average of read queue length per memory cycle
    ramulator.in_queue_write_req_num_avg           13.915907                                      # Average of write queue length per memory cycle
          ramulator.record_read_requests                 0.0                                      # record read requests for this core when it reaches request limit or to the end
                                     [0]                 0.0                                      # 
         ramulator.record_write_requests                 0.0                                      # record write requests for this core when it reaches request limit or to the end
                                     [0]                 0.0                                      # 
