/* -*- Mode: c -*- */
####################################################################################################
Core 0
####################################################################################################
Cumulative:        Cycles: 19335098              Instructions: 29999999              IPC: 1.55158

Periodic:          Cycles: 19335098              Instructions: 29999999              IPC: 1.55158

DCACHE_PREF_HIT                                      0                              0              

IFETCH_WB_FIRST_SCHEDULE                             0         -nan%                0         -nan%
PREFETCH_LAST_SCHEDULE                               0         -nan%                0         -nan%
DEMAND_PASS_PREF_SCHEDULE                            0         -nan%                0         -nan%
DEMAND_PASS_LOW_OP_SCHEDULE                          0         -nan%                0         -nan%
DEMAND_LAST_SCHEDULE                                 0         -nan%                0         -nan%
                                                     0         -nan%                0         -nan%
                                                  -nan         -nan              -nan         -nan

SEND_MISS_REQ_QUEUE                             105841                         105841              

L1_DATA_EVICT                                    73891                          73891              

STREAM_BUFFER_REQ                                    0                              0              

PREF_SEND_TO_MEM_REQ                                 0         -nan%                0         -nan%
PREF_SEND_TO_MEM_REQ_FAIL                            0         -nan%                0         -nan%
                                                     0         -nan%                0         -nan%
                                                  -nan         -nan              -nan         -nan

HIT_TRAIN_STREAM                                 16142       60.671%            16142       60.671%
MISS_TRAIN_STREAM                                10464       39.329%            10464       39.329%
                                                 26606      100.000%            26606      100.000%
                                                  0.39         0.45              0.39         0.45

STREAM_TRAIN_CREATE                               6048                           6048              

MEM_REQ_MISS_HWP_PREF_Q                              0         -nan%                0         -nan%
MEM_REQ_MISS_SW_PREF_Q                               0         -nan%                0         -nan%
MEM_REQ_MISS_IFETCH_Q                                0         -nan%                0         -nan%
MEM_REQ_MISS_DFETCH_Q                                0         -nan%                0         -nan%
MEM_REQ_MISS_DSTORE_Q                                0         -nan%                0         -nan%
MEM_REQ_MISS_DPRF_Q                                  0         -nan%                0         -nan%
MEM_REQ_MISS_WB_Q                                    0         -nan%                0         -nan%
                                                     0         -nan%                0         -nan%
                                                  -nan         -nan              -nan         -nan

PREF_HIT_BY_DEMAND_IFETCH                            0         -nan%                0         -nan%
PREF_HIT_BY_DEMAND_DFETCH                            0         -nan%                0         -nan%
PREF_HIT_BY_DEMAND_DSTORE                            0         -nan%                0         -nan%
PREF_HIT_BY_DEMAND_IPREF                             0         -nan%                0         -nan%
PREF_HIT_BY_DEMAND_DPRF                              0         -nan%                0         -nan%
PREF_HIT_BY_DEMAND_WB                                0         -nan%                0         -nan%
PREF_HIT_BY_PREF                                     0         -nan%                0         -nan%
                                                     0         -nan%                0         -nan%
                                                  -nan         -nan              -nan         -nan

PREF_HIT_DEMAND_IFETCH                               0         -nan%                0         -nan%
PREF_HIT_DEMAND_DFETCH                               0         -nan%                0         -nan%
PREF_HIT_DEMAND_DSTORE                               0         -nan%                0         -nan%
PREF_HIT_DEMAND_IPREF                                0         -nan%                0         -nan%
PREF_HIT_DEMAND_DPRF                                 0         -nan%                0         -nan%
PREF_HIT_DEMAND_WB                                   0         -nan%                0         -nan%
                                                     0         -nan%                0         -nan%
                                                  -nan         -nan              -nan         -nan

PREF_L1_FILL                                         0         -nan%                0         -nan%
DEMAND_L1_FILL                                       0         -nan%                0         -nan%
                                                     0         -nan%                0         -nan%
                                                  -nan         -nan              -nan         -nan

TOUCH_L1_REPLACE                                     0        0.000%                0        0.000%
NO_TOUCH_L1_REPLACE                              73891      100.000%            73891      100.000%
                                                 73891      100.000%            73891      100.000%
                                                  1.00         1.00              1.00         1.00

PREF_REQ_QUE_FULL                                    0                              0              

STREAM_REQ_QUEUE_HIT_BY_DEMAND                       0                              0              

L2HIT_STREAM_PREF_REQ_QUE_FULL                       0                              0              

L2HIT_HIT_TRAIN_STREAM                               0         -nan%                0         -nan%
L2HIT_MISS_TRAIN_STREAM                              0         -nan%                0         -nan%
                                                     0         -nan%                0         -nan%
                                                  -nan         -nan              -nan         -nan

L2HIT_STREAM_TRAIN_CREATE                            0                              0              

L2HIT_STREAM_BUFFER_REQ                              0                              0              

L2HIT_STREAM_PREF_DCACHE_HIT                         0         -nan%                0         -nan%
L2HIT_STREAM_PREF_DCACHE_INSERT                      0         -nan%                0         -nan%
L2HIT_STREAM_L2_MISS                                 0         -nan%                0         -nan%
                                                     0         -nan%                0         -nan%
                                                  -nan         -nan              -nan         -nan

L2HIT_STREAM_DCACHE_PORT_FULL                        0                              0              

L2HIT_STREAM_PREF_L1_PORT_FULL                       0                              0              

L2HIT_TRAIN_HIT_DEMAND                               0         -nan%                0         -nan%
L2HIT_TRAIN_MISS_REQ                                 0         -nan%                0         -nan%
                                                     0         -nan%                0         -nan%
                                                  -nan         -nan              -nan         -nan

L2HIT_TRAIN_FILTER_MISS                              0         -nan%                0         -nan%
L2HIT_TRAIN_FILTER_HIT                               0         -nan%                0         -nan%
                                                     0         -nan%                0         -nan%
                                                  -nan         -nan              -nan         -nan

L2HIT_PREF_REQ_DCACHE_HIT                            0         -nan%                0         -nan%
L2HIT_PREF_REQ_DCACHE_MISS                           0         -nan%                0         -nan%
                                                     0         -nan%                0         -nan%
                                                  -nan         -nan              -nan         -nan

L2HIT_L2SEND_Q_FULL                                  0         -nan%                0         -nan%
L2HIT_L2SEND_Q_ENTER                                 0         -nan%                0         -nan%
                                                     0         -nan%                0         -nan%
                                                  -nan         -nan              -nan         -nan

L2HIT_MEM_REQ                                        0                              0              

REMOVE_REDUNDANT_STREAM_STAT                         0                              0              

REPLACE_OLD_STREAM                                6032                           6032              

REQ_SEND_QUEUE_STALL                                 0                              0              

STREAM_ENTER_RA                                      0                              0              

CORE_STREAM_LENGTH_0                               121       21.007%              121       21.007%
CORE_STREAM_LENGTH_10                              191       33.160%              191       33.160%
CORE_STREAM_LENGTH_20                               97       16.840%               97       16.840%
CORE_STREAM_LENGTH_30                               50        8.681%               50        8.681%
CORE_STREAM_LENGTH_40                               29        5.035%               29        5.035%
CORE_STREAM_LENGTH_50                               11        1.910%               11        1.910%
CORE_STREAM_LENGTH_60                               10        1.736%               10        1.736%
CORE_STREAM_LENGTH_70                                6        1.042%                6        1.042%
CORE_STREAM_LENGTH_80                                8        1.389%                8        1.389%
CORE_STREAM_LENGTH_90                                8        1.389%                8        1.389%
CORE_STREAM_LENGTH_100_P                            45        7.812%               45        7.812%
                                                   576      100.000%              576      100.000%
                                                  2.42         2.72              2.42         2.72

CORE_CUM_STREAM_LENGTH_0                           870        3.069%              870        3.069%
CORE_CUM_STREAM_LENGTH_10                         2714        9.573%             2714        9.573%
CORE_CUM_STREAM_LENGTH_20                         2302        8.120%             2302        8.120%
CORE_CUM_STREAM_LENGTH_30                         1681        5.929%             1681        5.929%
CORE_CUM_STREAM_LENGTH_40                         1306        4.607%             1306        4.607%
CORE_CUM_STREAM_LENGTH_50                          586        2.067%              586        2.067%
CORE_CUM_STREAM_LENGTH_60                          651        2.296%              651        2.296%
CORE_CUM_STREAM_LENGTH_70                          438        1.545%              438        1.545%
CORE_CUM_STREAM_LENGTH_80                          670        2.363%              670        2.363%
CORE_CUM_STREAM_LENGTH_90                          750        2.646%              750        2.646%
CORE_CUM_STREAM_LENGTH_100_P                     16382       57.785%            16382       57.785%
                                                 28350      100.000%            28350      100.000%
                                                  7.18         6.47              7.18         6.47

CORE_STREAM_TRAIN_HITS_0                           365       63.368%              365       63.368%
CORE_STREAM_TRAIN_HITS_10                          126       21.875%              126       21.875%
CORE_STREAM_TRAIN_HITS_20                           26        4.514%               26        4.514%
CORE_STREAM_TRAIN_HITS_30                           19        3.299%               19        3.299%
CORE_STREAM_TRAIN_HITS_40                            8        1.389%                8        1.389%
CORE_STREAM_TRAIN_HITS_50                            9        1.562%                9        1.562%
CORE_STREAM_TRAIN_HITS_60                            4        0.694%                4        0.694%
CORE_STREAM_TRAIN_HITS_70                            3        0.521%                3        0.521%
CORE_STREAM_TRAIN_HITS_80                            2        0.347%                2        0.347%
CORE_STREAM_TRAIN_HITS_90                            0        0.000%                0        0.000%
CORE_STREAM_TRAIN_HITS_100_P                        14        2.431%               14        2.431%
                                                   576      100.000%              576      100.000%
                                                  0.89         1.79              0.89         1.79

CORE_CUM_STREAM_TRAIN_HITS_0                      2246       12.176%             2246       12.176%
CORE_CUM_STREAM_TRAIN_HITS_10                     1631        8.842%             1631        8.842%
CORE_CUM_STREAM_TRAIN_HITS_20                      617        3.345%              617        3.345%
CORE_CUM_STREAM_TRAIN_HITS_30                      619        3.356%              619        3.356%
CORE_CUM_STREAM_TRAIN_HITS_40                      357        1.935%              357        1.935%
CORE_CUM_STREAM_TRAIN_HITS_50                      483        2.618%              483        2.618%
CORE_CUM_STREAM_TRAIN_HITS_60                      258        1.399%              258        1.399%
CORE_CUM_STREAM_TRAIN_HITS_70                      218        1.182%              218        1.182%
CORE_CUM_STREAM_TRAIN_HITS_80                      171        0.927%              171        0.927%
CORE_CUM_STREAM_TRAIN_HITS_90                        0        0.000%                0        0.000%
CORE_CUM_STREAM_TRAIN_HITS_100_P                 11846       64.220%            11846       64.220%
                                                 18446      100.000%            18446      100.000%
                                                  7.13         6.56              7.13         6.56

CORE_STREAM_TRAIN_CREATE                          6048                           6048              



