/* -*- Mode: c -*- */
####################################################################################################
Core 0
####################################################################################################
Cumulative:        Cycles: 11863261              Instructions: 29999999              IPC: 2.52882

Periodic:          Cycles: 11863261              Instructions: 29999999              IPC: 2.52882

EXECUTION_TIME                           3707269062500                  3707269062500              

SIM_HOST_WALL_SECONDS                       481.686958                     481.686958              

NODE_CYCLE                                    11863261                       11863261              

NODE_INST_COUNT                               30164789                       30164789              

NODE_INST_COUNT_FETCHED                       29999999                       29999999              

NODE_UOP_COUNT                                38683000                       38683000              

EXEC_STAGE_NO_ISSUE_STALL_CYCLE                9431145                        9431145              

EXEC_STAGE_NO_ISSUE_STALL_CYCLE_ONPATH         8909253                        8909253              

FULL_WINDOW_STALL                                25039        0.211%            25039        0.211%

FULL_WINDOW_MEM_OP                               24265       99.946%            24265       99.946%
FULL_WINDOW_FP_OP                                    1        0.004%                1        0.004%
FULL_WINDOW_OTHER_OP                                12        0.049%               12        0.049%
                                                 24278      100.000%            24278      100.000%
                                                  0.00         0.04              0.00         0.04

RET_BLOCKED_DC_MISS                            2122097       17.888%          2122097       17.888%

RET_BLOCKED_L1_MISS                             861101        7.259%           861101        7.259%

RET_BLOCKED_L1_MISS_BW_PREF                      19855        0.167%            19855        0.167%

RET_BLOCKED_L1_ACCESS                          1262266       10.640%          1262266       10.640%

RET_BLOCKED_MEM_STALL                           861171        7.259%           861171        7.259%

RET_BLOCKED_OFFCHIP_DEMAND                           0        0.000%                0        0.000%

OP_ISSUED                                     38203272                       38203272              

OP_RETIRED                                    38683000                       38683000              

OP_MACRO_FUSION_ONPATH                         2455386                        2455386              

OP_MACRO_FUSION_OFFPATH                         218265                         218265              

REPLAY_SIGNALED                                      0                              0              

REPLAY_COUNTED                                       0                              0              

OFF_CRITICAL_PATH                                    0         -nan%                0         -nan%
ON_CRITICAL_PATH                                     0         -nan%                0         -nan%
                                                     0         -nan%                0         -nan%
                                                  -nan         -nan              -nan         -nan

LD_NO_DEPENDENTS                                686768        9.097%           686768        9.097%
LD_DEPENDENTS                                  6862827       90.903%          6862827       90.903%
                                               7549595      100.000%          7549595      100.000%
                                                  0.91         0.87              0.91         0.87

LD_EXEC_CYCLES_0                                     0        0.000%                0        0.000%
LD_EXEC_CYCLES_1                                     0        0.000%                0        0.000%
LD_EXEC_CYCLES_2                                     0        0.000%                0        0.000%
LD_EXEC_CYCLES_3                                   810       38.082%              810       38.082%
LD_EXEC_CYCLES_4                                  1317       61.918%             1317       61.918%
                                                  2127      100.000%             2127      100.000%
                                                  3.62         2.89              3.62         2.89

ICACHE_STAGE_STARVED                           1972483       19.959%          1972483       19.959%
ICACHE_STAGE_NOT_STARVED                       7910289       80.041%          7910289       80.041%
                                               9882772      100.000%          9882772      100.000%
                                                  0.80         0.74              0.80         0.74

ICACHE_STAGE_STALLED                           1713261       14.442%          1713261       14.442%
ICACHE_STAGE_NOT_STALLED                       8169511       68.864%          8169511       68.864%
ICACHE_STAGE_OFF_PATH                          1980489       16.694%          1980489       16.694%
                                              11863261      100.000%         11863261      100.000%
                                                  1.02         0.58              1.02         0.58

DECODE_STAGE_STARVED                           7330314       67.863%          7330314       67.863%
DECODE_STAGE_NOT_STARVED                       3471279       32.137%          3471279       32.137%
                                              10801593      100.000%         10801593      100.000%
                                                  0.32         0.43              0.32         0.43

DECODE_STAGE_STALLED                            702204        5.919%           702204        5.919%
DECODE_STAGE_NOT_STALLED                      10099389       85.132%         10099389       85.132%
DECODE_STAGE_OFF_PATH                          1061668        8.949%          1061668        8.949%
                                              11863261      100.000%         11863261      100.000%
                                                  1.03         0.42              1.03         0.42

UOPQ_STAGE_STARVED                             6012127       64.076%          6012127       64.076%
UOPQ_STAGE_NOT_STARVED                         3370647       35.924%          3370647       35.924%
                                               9382774      100.000%          9382774      100.000%
                                                  0.36         0.44              0.36         0.44

UOPQ_STAGE_STALLED                             1196084       10.082%          1196084       10.082%
UOPQ_STAGE_NOT_STALLED                         9382774       79.091%          9382774       79.091%
UOPQ_STAGE_OFF_PATH                            1284403       10.827%          1284403       10.827%
                                              11863261      100.000%         11863261      100.000%
                                                  1.01         0.47              1.01         0.47

RS_OP_READY_NOT_ISSUED_TOTAL                  13288616                       13288616              

RS_0_OP_READY_NOT_ISSUED                      10782666                       10782666              

RS_1_OP_READY_NOT_ISSUED                        268827                         268827              

RS_2_OP_READY_NOT_ISSUED                       2237123                        2237123              

RS_3_OP_READY_NOT_ISSUED                             0                              0              

RS_4_OP_READY_NOT_ISSUED                             0                              0              

RS_5_OP_READY_NOT_ISSUED                             0                              0              

RS_6_OP_READY_NOT_ISSUED                             0                              0              

RS_7_OP_READY_NOT_ISSUED                             0                              0              

RS_7_PLUS_OP_READY_NOT_ISSUED                        0                              0              

FU_IDLE_NO_READY_OPS_TOTAL                    46934711                       46934711              

FU_0_IDLE_NO_READY_OPS                         2439134                        2439134              

FU_1_IDLE_NO_READY_OPS                         2727666                        2727666              

FU_2_IDLE_NO_READY_OPS                         6586673                        6586673              

FU_3_IDLE_NO_READY_OPS                         6588449                        6588449              

FU_4_IDLE_NO_READY_OPS                         2767578                        2767578              

FU_5_IDLE_NO_READY_OPS                         2356487                        2356487              

FU_6_IDLE_NO_READY_OPS                         7049305                        7049305              

FU_7_IDLE_NO_READY_OPS                         7073900                        7073900              

FU_8_IDLE_NO_READY_OPS                         2757181                        2757181              

FU_9_IDLE_NO_READY_OPS                         6588338                        6588338              

FU_10_IDLE_NO_READY_OPS                              0                              0              

FU_11_IDLE_NO_READY_OPS                              0                              0              

FU_12_IDLE_NO_READY_OPS                              0                              0              

FU_13_IDLE_NO_READY_OPS                              0                              0              

FU_14_IDLE_NO_READY_OPS                              0                              0              

FU_15_IDLE_NO_READY_OPS                              0                              0              

FU_16_IDLE_NO_READY_OPS                              0                              0              

FU_17_IDLE_NO_READY_OPS                              0                              0              

FU_18_IDLE_NO_READY_OPS                              0                              0              

FU_19_IDLE_NO_READY_OPS                              0                              0              

FU_20_IDLE_NO_READY_OPS                              0                              0              

FU_21_IDLE_NO_READY_OPS                              0                              0              

FU_22_IDLE_NO_READY_OPS                              0                              0              

FU_23_IDLE_NO_READY_OPS                              0                              0              

FU_24_IDLE_NO_READY_OPS                              0                              0              

FU_25_IDLE_NO_READY_OPS                              0                              0              

FU_26_IDLE_NO_READY_OPS                              0                              0              

FU_27_IDLE_NO_READY_OPS                              0                              0              

FU_28_IDLE_NO_READY_OPS                              0                              0              

FU_29_IDLE_NO_READY_OPS                              0                              0              

FU_30_IDLE_NO_READY_OPS                              0                              0              

FU_31_IDLE_NO_READY_OPS                              0                              0              

FU_31_PLUS_IDLE_NO_READY_OPS                         0                              0              

MAP_STAGE_STARVED                              2236526       24.186%          2236526       24.186%
MAP_STAGE_NOT_STARVED                          7010799       75.814%          7010799       75.814%
                                               9247325      100.000%          9247325      100.000%
                                                  0.76         0.69              0.76         0.69

MAP_STAGE_STALLED                                 2561        0.026%             2561        0.026%
MAP_STAGE_NOT_STALLED                          9244764       92.777%          9244764       92.777%
MAP_STAGE_OFF_PATH                              717173        7.197%           717173        7.197%
                                               9964498      100.000%          9964498      100.000%
                                                  1.07         0.39              1.07         0.39

MAP_STAGE_STALL_ITSELF                         1898763       16.005%          1898763       16.005%
MAP_STAGE_NOT_STALL_ITSELF                     9964498       83.995%          9964498       83.995%
                                              11863261      100.000%         11863261      100.000%
                                                  0.84         0.78              0.84         0.78

MAP_STAGE_LATE_ALLOCATE_SEND_BACK                    0                              0              

MAP_STAGE_RENAME_OP_ONPATH                    38683000                       38683000              

MAP_STAGE_RENAME_OP_OFFPATH                    3174812                        3174812              

MAP_STAGE_RENAME_INT_REG_ONPATH               35066311                       35066311              

MAP_STAGE_RENAME_INT_REG_OFFPATH               2156969                        2156969              

MAP_STAGE_RENAME_VEC_REG_ONPATH                 809973                         809973              

MAP_STAGE_RENAME_VEC_REG_OFFPATH                 14824                          14824              

MAP_STAGE_RENAME_MOVE_ELIM_ONPATH                    0                              0              

MAP_STAGE_RENAME_MOVE_ELIM_OFFPATH                   0                              0              

MAP_STAGE_ONPATH_INT_REG_NUM_ALLOC            35066291                       35066291              

MAP_STAGE_ONPATH_VEC_REG_NUM_ALLOC              809957                         809957              

MAP_STAGE_ONPATH_INT_REG_NUM_SHORTLIVE        14267443                       14267443              

MAP_STAGE_ONPATH_VEC_REG_NUM_SHORTLIVE          266510                         266510              

MAP_STAGE_ONPATH_INT_REG_USE_COUNT_0           5261220                        5261220              

MAP_STAGE_ONPATH_VEC_REG_USE_COUNT_0             14590                          14590              

MAP_STAGE_ONPATH_INT_REG_USE_COUNT_1          21389232                       21389232              

MAP_STAGE_ONPATH_VEC_REG_USE_COUNT_1            659639                         659639              

MAP_STAGE_ONPATH_INT_REG_USE_COUNT_2           5493526                        5493526              

MAP_STAGE_ONPATH_VEC_REG_USE_COUNT_2             86809                          86809              

MAP_STAGE_ONPATH_INT_REG_USE_COUNT_3           1795196                        1795196              

MAP_STAGE_ONPATH_VEC_REG_USE_COUNT_3             18643                          18643              

MAP_STAGE_ONPATH_INT_REG_USE_COUNT_4            488675                         488675              

MAP_STAGE_ONPATH_VEC_REG_USE_COUNT_4             14889                          14889              

MAP_STAGE_ONPATH_INT_REG_USE_COUNT_5            183692                         183692              

MAP_STAGE_ONPATH_VEC_REG_USE_COUNT_5              3612                           3612              

MAP_STAGE_ONPATH_INT_REG_USE_COUNT_6            102188                         102188              

MAP_STAGE_ONPATH_VEC_REG_USE_COUNT_6              1120                           1120              

MAP_STAGE_ONPATH_INT_REG_USE_COUNT_7_PLUS        352562                         352562              

MAP_STAGE_ONPATH_VEC_REG_USE_COUNT_7_PLUS         10655                          10655              

MAP_STAGE_ONPATH_INT_REG_CONSUME_DIST_0              0        0.0000                0        0.0000

MAP_STAGE_ONPATH_VEC_REG_CONSUME_DIST_0              0        0.0000                0        0.0000

MAP_STAGE_ONPATH_INT_REG_CONSUME_DIST_1              0        0.0000                0        0.0000

MAP_STAGE_ONPATH_VEC_REG_CONSUME_DIST_1              0        0.0000                0        0.0000

MAP_STAGE_ONPATH_INT_REG_CONSUME_DIST_2       21678814        3.9462         21678814        3.9462

MAP_STAGE_ONPATH_VEC_REG_CONSUME_DIST_2       15430670      177.7543         15430670      177.7543

MAP_STAGE_ONPATH_INT_REG_CONSUME_DIST_3       12775744        7.1166         12775744        7.1166

MAP_STAGE_ONPATH_VEC_REG_CONSUME_DIST_3         734197       39.3819           734197       39.3819

MAP_STAGE_ONPATH_INT_REG_CONSUME_DIST_4        6262552       12.8154          6262552       12.8154

MAP_STAGE_ONPATH_VEC_REG_CONSUME_DIST_4         148483        9.9727           148483        9.9727

MAP_STAGE_ONPATH_INT_REG_CONSUME_DIST_5        2821501       15.3600          2821501       15.3600

MAP_STAGE_ONPATH_VEC_REG_CONSUME_DIST_5         399602      110.6318           399602      110.6318

MAP_STAGE_ONPATH_INT_REG_CONSUME_DIST_6        1762855       17.2511          1762855       17.2511

MAP_STAGE_ONPATH_VEC_REG_CONSUME_DIST_6         109946       98.1661           109946       98.1661

MAP_STAGE_ONPATH_INT_REG_CONSUME_DIST_7_PLUS      13504146       38.3029         13504146       38.3029

MAP_STAGE_ONPATH_VEC_REG_CONSUME_DIST_7_PLUS       5783711      542.8166          5783711      542.8166

MAP_STAGE_INT_REG_ISSUE_READ_TOTAL_CONSUMED      47502855        5.0368         47502855        5.0368

MAP_STAGE_VEC_REG_ISSUE_READ_TOTAL_CONSUMED       1104048        0.1171          1104048        0.1171

MAP_STAGE_INT_REG_ISSUE_READ_MULTI_CONSUMED      17053248        1.8082         17053248        1.8082

MAP_STAGE_VEC_REG_ISSUE_READ_MULTI_CONSUMED        305061        0.0323           305061        0.0323

MAP_STAGE_INT_REG_ISSUE_READ_SAME_CYCLE_CONSUMED       8299810        0.8800          8299810        0.8800

MAP_STAGE_VEC_REG_ISSUE_READ_SAME_CYCLE_CONSUMED         74710        0.0079            74710        0.0079

MAP_STAGE_INT_REG_ISSUE_READ_TOTAL_CONSUMED_ONPATH      46276037        5.1942         46276037        5.1942

MAP_STAGE_VEC_REG_ISSUE_READ_TOTAL_CONSUMED_ONPATH       1097140        0.1231          1097140        0.1231

MAP_STAGE_INT_REG_ISSUE_READ_MULTI_CONSUMED_ONPATH      16470938        1.8487         16470938        1.8487

MAP_STAGE_VEC_REG_ISSUE_READ_MULTI_CONSUMED_ONPATH        301755        0.0339           301755        0.0339

MAP_STAGE_INT_REG_ISSUE_READ_SAME_CYCLE_CONSUMED_ONPATH       7985508        0.8963          7985508        0.8963

MAP_STAGE_VEC_REG_ISSUE_READ_SAME_CYCLE_CONSUMED_ONPATH         74215        0.0083            74215        0.0083

MAP_STAGE_ONPATH_INT_REG_LIFECYCLE_EMPTY     648734077                      648734077              

MAP_STAGE_ONPATH_VEC_REG_LIFECYCLE_EMPTY      26991938                       26991938              

MAP_STAGE_ONPATH_INT_REG_LIFECYCLE_IN_USE    1014701996                     1014701996              

MAP_STAGE_ONPATH_VEC_REG_LIFECYCLE_IN_USE      60602484                       60602484              

MAP_STAGE_ONPATH_INT_REG_LIFECYCLE_SPEC_RELEASE    1676012420                     1676012420              

MAP_STAGE_ONPATH_VEC_REG_LIFECYCLE_SPEC_RELEASE     241721673                      241721673              

MAP_STAGE_ONPATH_INT_REG_LIFECYCLE_NONSPEC_RELEASE    1676012420                     1676012420              

MAP_STAGE_ONPATH_VEC_REG_LIFECYCLE_NONSPEC_RELEASE     241721673                      241721673              

MAP_STAGE_ONPATH_INT_REG_LIFECYCLE_TOTAL    1676012420                     1676012420              

MAP_STAGE_ONPATH_VEC_REG_LIFECYCLE_TOTAL     241721673                      241721673              

MAP_STAGE_ONPATH_INT_REG_NUM_NONBRANCH        35066291                       35066291              

MAP_STAGE_ONPATH_VEC_REG_NUM_NONBRANCH          809957                         809957              

MAP_STAGE_ONPATH_INT_REG_NUM_NONEXCEPT        35066291                       35066291              

MAP_STAGE_ONPATH_VEC_REG_NUM_NONEXCEPT          809957                         809957              

MAP_STAGE_ONPATH_INT_REG_NUM_ATOMIC           35066291                       35066291              

MAP_STAGE_ONPATH_VEC_REG_NUM_ATOMIC             809957                         809957              

MAP_STAGE_ONPATH_INT_REG_ATOMIC_REDEFINED_DIST_TOTAL    1676012420       47.7955       1676012420       47.7955

MAP_STAGE_ONPATH_VEC_REG_ATOMIC_REDEFINED_DIST_TOTAL     241721673      298.4377        241721673      298.4377

MAP_STAGE_ONPATH_INT_REG_ATOMIC_CONSUMED_DIST_TOTAL    1014701996       28.9367       1014701996       28.9367

MAP_STAGE_ONPATH_VEC_REG_ATOMIC_CONSUMED_DIST_TOTAL      60602484       74.8219         60602484       74.8219

MAP_STAGE_ONPATH_INT_REG_ATOMIC_RELEASE_DIST_TOTAL    1676012420       47.7955       1676012420       47.7955

MAP_STAGE_ONPATH_VEC_REG_ATOMIC_RELEASE_DIST_TOTAL     241721673      298.4377        241721673      298.4377

EXEC_STAGE_STARVED                             9651755       81.358%          9651755       81.358%
EXEC_STAGE_NOT_STARVED                         1404940       11.843%          1404940       11.843%
EXEC_STAGE_OFF_PATH                             806566        6.799%           806566        6.799%
                                              11863261      100.000%         11863261      100.000%
                                                  0.25         0.53              0.25         0.53

FU_BUSY_0                                      5830926                        5830926              

FU_BUSY_1                                      5497122                        5497122              

FU_BUSY_2                                      1999269                        1999269              

FU_BUSY_3                                      1998324                        1998324              

FU_BUSY_4                                      5090881                        5090881              

FU_BUSY_5                                      6331271                        6331271              

FU_BUSY_6                                      2593867                        2593867              

FU_BUSY_7                                      2570415                        2570415              

FU_BUSY_8                                      4914254                        4914254              

FU_BUSY_9                                      1997614                        1997614              

FU_BUSY_10                                           0                              0              

FU_BUSY_11                                           0                              0              

FU_BUSY_12                                           0                              0              

FU_BUSY_13                                           0                              0              

FU_BUSY_14                                           0                              0              

FU_BUSY_15                                           0                              0              

FU_BUSY_16                                           0                              0              

FU_BUSY_17                                           0                              0              

FU_BUSY_18                                           0                              0              

FU_BUSY_19                                           0                              0              

FU_BUSY_20                                           0                              0              

FU_BUSY_21                                           0                              0              

FU_BUSY_22                                           0                              0              

FU_BUSY_23                                           0                              0              

FU_BUSY_24                                           0                              0              

FU_BUSY_25                                           0                              0              

FU_BUSY_26                                           0                              0              

FU_BUSY_27                                           0                              0              

FU_BUSY_28                                           0                              0              

FU_BUSY_29                                           0                              0              

FU_BUSY_30                                           0                              0              

FU_BUSY_31                                           0                              0              

FU_REJECTED_OP_INV_NOT_SIMD                          0        0.000%                0        0.000%
FU_REJECTED_OP_NOP_NOT_SIMD                       2784        0.871%             2784        0.871%
FU_REJECTED_OP_CF_NOT_SIMD                       29351        9.184%            29351        9.184%
FU_REJECTED_OP_MOV_NOT_SIMD                       9910        3.101%             9910        3.101%
FU_REJECTED_OP_CMOV_NOT_SIMD                       131        0.041%              131        0.041%
FU_REJECTED_OP_LDA_NOT_SIMD                       3126        0.978%             3126        0.978%
FU_REJECTED_OP_IMEM_NOT_SIMD                     83178       26.026%            83178       26.026%
FU_REJECTED_OP_IADD_NOT_SIMD                     83520       26.133%            83520       26.133%
FU_REJECTED_OP_IMUL_NOT_SIMD                     18424        5.765%            18424        5.765%
FU_REJECTED_OP_IDIV_NOT_SIMD                         8        0.003%                8        0.003%
FU_REJECTED_OP_ICMP_NOT_SIMD                         1        0.000%                1        0.000%
FU_REJECTED_OP_LOGIC_NOT_SIMD                     3738        1.170%             3738        1.170%
FU_REJECTED_OP_SHIFT_NOT_SIMD                     9351        2.926%             9351        2.926%
FU_REJECTED_OP_FMEM_NOT_SIMD                       386        0.121%              386        0.121%
FU_REJECTED_OP_FCVT_NOT_SIMD                         0        0.000%                0        0.000%
FU_REJECTED_OP_FADD_NOT_SIMD                         0        0.000%                0        0.000%
FU_REJECTED_OP_FMUL_NOT_SIMD                         0        0.000%                0        0.000%
FU_REJECTED_OP_FMA_NOT_SIMD                          0        0.000%                0        0.000%
FU_REJECTED_OP_FDIV_NOT_SIMD                         0        0.000%                0        0.000%
FU_REJECTED_OP_FCMP_NOT_SIMD                         0        0.000%                0        0.000%
FU_REJECTED_OP_FCMOV_NOT_SIMD                        0        0.000%                0        0.000%
FU_REJECTED_OP_GATHER_NOT_SIMD                       0        0.000%                0        0.000%
FU_REJECTED_OP_SCATTER_NOT_SIMD                      0        0.000%                0        0.000%
FU_REJECTED_OP_PIPELINED_FAST_NOT_SIMD               0        0.000%                0        0.000%
FU_REJECTED_OP_PIPELINED_MEDIUM_NOT_SIMD             0        0.000%                0        0.000%
FU_REJECTED_OP_PIPELINED_SLOW_NOT_SIMD               0        0.000%                0        0.000%
FU_REJECTED_OP_NOTPIPELINED_MEDIUM_NOT_SIMD             0        0.000%                0        0.000%
FU_REJECTED_OP_NOTPIPELINED_SLOW_NOT_SIMD             0        0.000%                0        0.000%
FU_REJECTED_OP_NOTPIPELINED_VERY_SLOW_NOT_SIMD             4        0.001%                4        0.001%
FU_REJECTED_OP_INV_SIMD                              0        0.000%                0        0.000%
FU_REJECTED_OP_NOP_SIMD                              5        0.002%                5        0.002%
FU_REJECTED_OP_CF_SIMD                               0        0.000%                0        0.000%
FU_REJECTED_OP_MOV_SIMD                             42        0.013%               42        0.013%
FU_REJECTED_OP_CMOV_SIMD                             0        0.000%                0        0.000%
FU_REJECTED_OP_LDA_SIMD                              0        0.000%                0        0.000%
FU_REJECTED_OP_IMEM_SIMD                             0        0.000%                0        0.000%
FU_REJECTED_OP_IADD_SIMD                             0        0.000%                0        0.000%
FU_REJECTED_OP_IMUL_SIMD                             1        0.000%                1        0.000%
FU_REJECTED_OP_IDIV_SIMD                             2        0.001%                2        0.001%
FU_REJECTED_OP_ICMP_SIMD                             0        0.000%                0        0.000%
FU_REJECTED_OP_LOGIC_SIMD                           33        0.010%               33        0.010%
FU_REJECTED_OP_SHIFT_SIMD                          117        0.037%              117        0.037%
FU_REJECTED_OP_FMEM_SIMD                             3        0.001%                3        0.001%
FU_REJECTED_OP_FCVT_SIMD                         69934       21.882%            69934       21.882%
FU_REJECTED_OP_FADD_SIMD                          5455        1.707%             5455        1.707%
FU_REJECTED_OP_FMUL_SIMD                             0        0.000%                0        0.000%
FU_REJECTED_OP_FMA_SIMD                              0        0.000%                0        0.000%
FU_REJECTED_OP_FDIV_SIMD                             0        0.000%                0        0.000%
FU_REJECTED_OP_FCMP_SIMD                             0        0.000%                0        0.000%
FU_REJECTED_OP_FCMOV_SIMD                            0        0.000%                0        0.000%
FU_REJECTED_OP_GATHER_SIMD                           0        0.000%                0        0.000%
FU_REJECTED_OP_SCATTER_SIMD                          0        0.000%                0        0.000%
FU_REJECTED_OP_PIPELINED_FAST_SIMD                   0        0.000%                0        0.000%
FU_REJECTED_OP_PIPELINED_MEDIUM_SIMD                 0        0.000%                0        0.000%
FU_REJECTED_OP_PIPELINED_SLOW_SIMD                  21        0.007%               21        0.007%
FU_REJECTED_OP_NOTPIPELINED_MEDIUM_SIMD             72        0.023%               72        0.023%
FU_REJECTED_OP_NOTPIPELINED_SLOW_SIMD                0        0.000%                0        0.000%
FU_REJECTED_OP_NOTPIPELINED_VERY_SLOW_SIMD             0        0.000%                0        0.000%
                                                319597      100.000%           319597      100.000%
                                                 14.88        15.83             14.88        15.83

LSQ_FULL_TOTAL                                    4504                           4504              

LSQ_FULL_LOAD_QUEUE                                  4                              4              

LSQ_FULL_STORE_QUEUE                              4500                           4500              

OP_WAIT_0                                     26690301                       26690301              

OP_WAIT_1                                      6546481                        6546481              

OP_WAIT_2                                      1140396                        1140396              

OP_WAIT_3                                       597968                         597968              

OP_WAIT_4                                       357144                         357144              

OP_WAIT_5                                       246144                         246144              

OP_WAIT_6                                       166319                         166319              

OP_WAIT_7                                       127127                         127127              

OP_WAIT_8                                       108981                         108981              

OP_WAIT_9                                        70443                          70443              

OP_WAIT_10                                       82019                          82019              

OP_WAIT_11                                       76949                          76949              

OP_WAIT_12                                       50370                          50370              

OP_WAIT_13                                       29524                          29524              

OP_WAIT_14                                       22773                          22773              

OP_WAIT_15                                       19263                          19263              

OP_WAIT_16                                       17720                          17720              

OP_WAIT_17                                       14083                          14083              

OP_WAIT_18                                       14823                          14823              

OP_WAIT_19                                       13396                          13396              

OP_WAIT_20                                       13664                          13664              

OP_WAIT_21                                       12626                          12626              

OP_WAIT_22                                       13901                          13901              

OP_WAIT_23                                        9527                           9527              

OP_WAIT_24                                        6775                           6775              

OP_WAIT_25                                        5333                           5333              

OP_WAIT_26                                        4990                           4990              

OP_WAIT_27                                        7460                           7460              

OP_WAIT_28                                        7016                           7016              

OP_WAIT_29                                        6551                           6551              

OP_WAIT_30                                        5340                           5340              

OP_WAIT_31                                     2197593                        2197593              

ROW_SIZE_0                                     4247011                        4247011              

ROW_SIZE_1                                     1183569                        1183569              

ROW_SIZE_2                                      420801                         420801              

ROW_SIZE_3                                      483305                         483305              

ROW_SIZE_4                                      532449                         532449              

ROW_SIZE_5                                      210615                         210615              

ROW_SIZE_6                                      184248                         184248              

ROW_SIZE_7                                      194125                         194125              

ROW_SIZE_8                                     3695085                        3695085              

ROW_SIZE_9                                           0                              0              

ROW_SIZE_10                                          0                              0              

ROW_SIZE_11                                          0                              0              

ROW_SIZE_12                                          0                              0              

ROW_SIZE_13                                          0                              0              

ROW_SIZE_14                                          0                              0              

ROW_SIZE_15                                          0                              0              

ROW_SIZE_16                                          0                              0              

ROW_SIZE_17                                          0                              0              

ROW_SIZE_18                                          0                              0              

ROW_SIZE_19                                          0                              0              

ROW_SIZE_20                                          0                              0              

ROW_SIZE_21                                          0                              0              

ROW_SIZE_22                                          0                              0              

ROW_SIZE_23                                          0                              0              

ROW_SIZE_24                                          0                              0              

ROW_SIZE_25                                          0                              0              

ROW_SIZE_26                                          0                              0              

ROW_SIZE_27                                          0                              0              

ROW_SIZE_28                                          0                              0              

ROW_SIZE_29                                          0                              0              

ROW_SIZE_30                                          0                              0              

ROW_SIZE_31                                          0                              0              

RET_OP_EXEC_COUNT_0                            2158303        5.579%          2158303        5.579%
RET_OP_EXEC_COUNT_1                           36524697       94.421%         36524697       94.421%
RET_OP_EXEC_COUNT_2                                  0        0.000%                0        0.000%
RET_OP_EXEC_COUNT_3                                  0        0.000%                0        0.000%
RET_OP_EXEC_COUNT_4                                  0        0.000%                0        0.000%
RET_OP_EXEC_COUNT_5                                  0        0.000%                0        0.000%
RET_OP_EXEC_COUNT_6                                  0        0.000%                0        0.000%
RET_OP_EXEC_COUNT_7                                  0        0.000%                0        0.000%
RET_OP_EXEC_COUNT_8                                  0        0.000%                0        0.000%
RET_OP_EXEC_COUNT_9                                  0        0.000%                0        0.000%
RET_OP_EXEC_COUNT_10                                 0        0.000%                0        0.000%
RET_OP_EXEC_COUNT_11                                 0        0.000%                0        0.000%
RET_OP_EXEC_COUNT_12                                 0        0.000%                0        0.000%
RET_OP_EXEC_COUNT_13                                 0        0.000%                0        0.000%
RET_OP_EXEC_COUNT_14                                 0        0.000%                0        0.000%
RET_OP_EXEC_COUNT_15                                 0        0.000%                0        0.000%
RET_OP_EXEC_COUNT_16                                 0        0.000%                0        0.000%
RET_OP_EXEC_COUNT_17                                 0        0.000%                0        0.000%
RET_OP_EXEC_COUNT_18                                 0        0.000%                0        0.000%
RET_OP_EXEC_COUNT_19                                 0        0.000%                0        0.000%
RET_OP_EXEC_COUNT_20                                 0        0.000%                0        0.000%
RET_OP_EXEC_COUNT_21                                 0        0.000%                0        0.000%
RET_OP_EXEC_COUNT_22                                 0        0.000%                0        0.000%
RET_OP_EXEC_COUNT_23                                 0        0.000%                0        0.000%
RET_OP_EXEC_COUNT_24                                 0        0.000%                0        0.000%
RET_OP_EXEC_COUNT_25                                 0        0.000%                0        0.000%
RET_OP_EXEC_COUNT_26                                 0        0.000%                0        0.000%
RET_OP_EXEC_COUNT_27                                 0        0.000%                0        0.000%
RET_OP_EXEC_COUNT_28                                 0        0.000%                0        0.000%
RET_OP_EXEC_COUNT_29                                 0        0.000%                0        0.000%
RET_OP_EXEC_COUNT_30                                 0        0.000%                0        0.000%
RET_OP_EXEC_COUNT_31                                 0        0.000%                0        0.000%
RET_OP_EXEC_COUNT_32                                 0        0.000%                0        0.000%
                                              38683000      100.000%         38683000      100.000%
                                                  0.94         0.05              0.94         0.05

RET_STALL_LENGTH_0                            38676806       99.984%         38676806       99.984%
RET_STALL_LENGTH_100                              5443        0.014%             5443        0.014%
RET_STALL_LENGTH_200                               497        0.001%              497        0.001%
RET_STALL_LENGTH_300                                23        0.000%               23        0.000%
RET_STALL_LENGTH_400                                21        0.000%               21        0.000%
RET_STALL_LENGTH_500                                18        0.000%               18        0.000%
RET_STALL_LENGTH_600                                10        0.000%               10        0.000%
RET_STALL_LENGTH_700                                19        0.000%               19        0.000%
RET_STALL_LENGTH_800                                15        0.000%               15        0.000%
RET_STALL_LENGTH_900                                11        0.000%               11        0.000%
RET_STALL_LENGTH_1000                               14        0.000%               14        0.000%
RET_STALL_LENGTH_1100                               19        0.000%               19        0.000%
RET_STALL_LENGTH_1200                               80        0.000%               80        0.000%
RET_STALL_LENGTH_1300                               24        0.000%               24        0.000%
RET_STALL_LENGTH_1400                                0        0.000%                0        0.000%
RET_STALL_LENGTH_1500                                0        0.000%                0        0.000%
RET_STALL_LENGTH_1600                                0        0.000%                0        0.000%
RET_STALL_LENGTH_1700                                0        0.000%                0        0.000%
RET_STALL_LENGTH_1800                                0        0.000%                0        0.000%
RET_STALL_LENGTH_1900                                0        0.000%                0        0.000%
RET_STALL_LENGTH_2000                                0        0.000%                0        0.000%
RET_STALL_LENGTH_2100                                0        0.000%                0        0.000%
RET_STALL_LENGTH_2200                                0        0.000%                0        0.000%
RET_STALL_LENGTH_2300                                0        0.000%                0        0.000%
RET_STALL_LENGTH_2400                                0        0.000%                0        0.000%
RET_STALL_LENGTH_2500                                0        0.000%                0        0.000%
RET_STALL_LENGTH_2600                                0        0.000%                0        0.000%
RET_STALL_LENGTH_2700                                0        0.000%                0        0.000%
RET_STALL_LENGTH_2800                                0        0.000%                0        0.000%
RET_STALL_LENGTH_2900                                0        0.000%                0        0.000%
RET_STALL_LENGTH_3000                                0        0.000%                0        0.000%
RET_STALL_LENGTH_3100                                0        0.000%                0        0.000%
RET_STALL_LENGTH_3200                                0        0.000%                0        0.000%
RET_STALL_LENGTH_3300                                0        0.000%                0        0.000%
RET_STALL_LENGTH_3400                                0        0.000%                0        0.000%
RET_STALL_LENGTH_3500                                0        0.000%                0        0.000%
RET_STALL_LENGTH_3600                                0        0.000%                0        0.000%
RET_STALL_LENGTH_3700                                0        0.000%                0        0.000%
RET_STALL_LENGTH_3800                                0        0.000%                0        0.000%
RET_STALL_LENGTH_3900                                0        0.000%                0        0.000%
RET_STALL_LENGTH_4000                                0        0.000%                0        0.000%
RET_STALL_LENGTH_4100                                0        0.000%                0        0.000%
RET_STALL_LENGTH_4200                                0        0.000%                0        0.000%
RET_STALL_LENGTH_4300                                0        0.000%                0        0.000%
RET_STALL_LENGTH_4400                                0        0.000%                0        0.000%
RET_STALL_LENGTH_4500                                0        0.000%                0        0.000%
RET_STALL_LENGTH_4600                                0        0.000%                0        0.000%
RET_STALL_LENGTH_4700                                0        0.000%                0        0.000%
RET_STALL_LENGTH_4800                                0        0.000%                0        0.000%
RET_STALL_LENGTH_4900                                0        0.000%                0        0.000%
RET_STALL_LENGTH_5000                                0        0.000%                0        0.000%
                                              38683000      100.000%         38683000      100.000%
                                                  0.00         0.03              0.00         0.03

MEM_BLOCK_LENGTH_0                                  21       87.500%               21       87.500%
MEM_BLOCK_LENGTH_100                                 2        8.333%                2        8.333%
MEM_BLOCK_LENGTH_200                                 0        0.000%                0        0.000%
MEM_BLOCK_LENGTH_300                                 0        0.000%                0        0.000%
MEM_BLOCK_LENGTH_400                                 0        0.000%                0        0.000%
MEM_BLOCK_LENGTH_500                                 1        4.167%                1        4.167%
MEM_BLOCK_LENGTH_600                                 0        0.000%                0        0.000%
MEM_BLOCK_LENGTH_700                                 0        0.000%                0        0.000%
MEM_BLOCK_LENGTH_800                                 0        0.000%                0        0.000%
MEM_BLOCK_LENGTH_900                                 0        0.000%                0        0.000%
MEM_BLOCK_LENGTH_1000                                0        0.000%                0        0.000%
MEM_BLOCK_LENGTH_1100                                0        0.000%                0        0.000%
MEM_BLOCK_LENGTH_1200                                0        0.000%                0        0.000%
MEM_BLOCK_LENGTH_1300                                0        0.000%                0        0.000%
MEM_BLOCK_LENGTH_1400                                0        0.000%                0        0.000%
MEM_BLOCK_LENGTH_1500                                0        0.000%                0        0.000%
MEM_BLOCK_LENGTH_1600                                0        0.000%                0        0.000%
MEM_BLOCK_LENGTH_1700                                0        0.000%                0        0.000%
MEM_BLOCK_LENGTH_1800                                0        0.000%                0        0.000%
MEM_BLOCK_LENGTH_1900                                0        0.000%                0        0.000%
MEM_BLOCK_LENGTH_2000                                0        0.000%                0        0.000%
MEM_BLOCK_LENGTH_2100                                0        0.000%                0        0.000%
MEM_BLOCK_LENGTH_2200                                0        0.000%                0        0.000%
MEM_BLOCK_LENGTH_2300                                0        0.000%                0        0.000%
MEM_BLOCK_LENGTH_2400                                0        0.000%                0        0.000%
MEM_BLOCK_LENGTH_2500                                0        0.000%                0        0.000%
MEM_BLOCK_LENGTH_2600                                0        0.000%                0        0.000%
MEM_BLOCK_LENGTH_2700                                0        0.000%                0        0.000%
MEM_BLOCK_LENGTH_2800                                0        0.000%                0        0.000%
MEM_BLOCK_LENGTH_2900                                0        0.000%                0        0.000%
MEM_BLOCK_LENGTH_3000                                0        0.000%                0        0.000%
MEM_BLOCK_LENGTH_3100                                0        0.000%                0        0.000%
MEM_BLOCK_LENGTH_3200                                0        0.000%                0        0.000%
MEM_BLOCK_LENGTH_3300                                0        0.000%                0        0.000%
MEM_BLOCK_LENGTH_3400                                0        0.000%                0        0.000%
MEM_BLOCK_LENGTH_3500                                0        0.000%                0        0.000%
MEM_BLOCK_LENGTH_3600                                0        0.000%                0        0.000%
MEM_BLOCK_LENGTH_3700                                0        0.000%                0        0.000%
MEM_BLOCK_LENGTH_3800                                0        0.000%                0        0.000%
MEM_BLOCK_LENGTH_3900                                0        0.000%                0        0.000%
MEM_BLOCK_LENGTH_4000                                0        0.000%                0        0.000%
MEM_BLOCK_LENGTH_4100                                0        0.000%                0        0.000%
MEM_BLOCK_LENGTH_4200                                0        0.000%                0        0.000%
MEM_BLOCK_LENGTH_4300                                0        0.000%                0        0.000%
MEM_BLOCK_LENGTH_4400                                0        0.000%                0        0.000%
MEM_BLOCK_LENGTH_4500                                0        0.000%                0        0.000%
MEM_BLOCK_LENGTH_4600                                0        0.000%                0        0.000%
MEM_BLOCK_LENGTH_4700                                0        0.000%                0        0.000%
MEM_BLOCK_LENGTH_4800                                0        0.000%                0        0.000%
MEM_BLOCK_LENGTH_4900                                0        0.000%                0        0.000%
MEM_BLOCK_LENGTH_5000                                0        0.000%                0        0.000%
                                                    24      100.000%               24      100.000%
                                                  0.29         1.00              0.29         1.00

FUS_BUSY_ON_PATH                              37121995        3.1292         37121995        3.1292

FUS_BUSY_OFF_PATH                              1701948        0.1435          1701948        0.1435

FU_BUSY_MEM_STALL                               450744        0.0380           450744        0.0380

FUS_EMPTY                                     79808667        6.7274         79808667        6.7274

FU_UNAVAILABLE                                   78204        0.0066            78204        0.0066

FU_MEM_UNAVAILABLE                              241393        0.0203           241393        0.0203

FU_OTHER_UNAVAILABLE                                 0        0.0000                0        0.0000

FU_REPLAY                                            0        0.0000                0        0.0000

FU_STARVED                                    79686564        6.7171         79686564        6.7171

CHIP_UTILIZATION                                     0        0.0000                0        0.0000

CYCLES_UNDER_MEM_REQ                                 0                              0              

CYCLES_UNDER_NO_MEM_REQ                              0                              0              

CYCLES_UNDER_CRITICAL_MEM_REQ                        0                              0              

CYCLES_UNDER_NONCRITICAL_MEM_REQ                     0                              0              

CHIP_UTILIZATION_UNDER_MEM_REQ                       0          -nan                0          -nan

CHIP_UTILIZATION_UNDER_NO_MEM_REQ                    0          -nan                0          -nan

CHIP_UTILIZATION_UNDER_CRITICAL_MEM_REQ              0          -nan                0          -nan

CHIP_UTILIZATION_UNDER_NONCRITICAL_MEM_REQ             0          -nan                0          -nan

CYCLES_NOT_WAITING_FOR_OFF_CHIP                      0        0.0000                0        0.0000

FUS_BUSY_NOT_WAITING_FOR_OFF_CHIP                    0          -nan                0          -nan

CYCLES_WAITING_FOR_OFF_CHIP                          0        0.0000                0        0.0000

FUS_BUSY_WAITING_FOR_OFF_CHIP                        0          -nan                0          -nan

TOTAL_OFF_CHIP_DELAYS_LEFT                           0                              0              

WRONG_IO_SCHED                                       0                              0              

DVFS_CONFIG_SWITCH                                   0                              0              

MAP_STAGE_RECEIVED_OPS_0                             0        0.000%                0        0.000%
MAP_STAGE_RECEIVED_OPS_1                        121582        1.742%           121582        1.742%
MAP_STAGE_RECEIVED_OPS_2                        188942        2.707%           188942        2.707%
MAP_STAGE_RECEIVED_OPS_3                        219290        3.142%           219290        3.142%
MAP_STAGE_RECEIVED_OPS_4                        486455        6.970%           486455        6.970%
MAP_STAGE_RECEIVED_OPS_5                        244308        3.501%           244308        3.501%
MAP_STAGE_RECEIVED_OPS_6                       5718442       81.938%          5718442       81.938%
MAP_STAGE_RECEIVED_OPS_7                             0        0.000%                0        0.000%
MAP_STAGE_RECEIVED_OPS_8                             0        0.000%                0        0.000%
MAP_STAGE_RECEIVED_OPS_MAX                           0        0.000%                0        0.000%
                                               6979019      100.000%          6979019      100.000%
                                                  5.54         1.12              5.54         1.12

MAP_STAGE_WAIT_FOR_DECODE                            0         -nan%                0         -nan%
MAP_STAGE_CONSUME_DECODE                             0         -nan%                0         -nan%
                                                     0         -nan%                0         -nan%
                                                  -nan         -nan              -nan         -nan

MAP_STAGE_WAIT_FOR_DECODE2                           0         -nan%                0         -nan%
MAP_STAGE_CONSUME_DECODE2                            0         -nan%                0         -nan%
                                                     0         -nan%                0         -nan%
                                                  -nan         -nan              -nan         -nan

FTQ_RECOVER_EXEC                                 29935                          29935              

FTQ_RECOVER_DECODE                               35033                          35033              

FTQ_OFFPATH_CYCLES                             7107050                        7107050              

FTQ_CYCLES_OFFPATH                             7107050                        7107050              

FTQ_CYCLES_ONPATH                              4756211                        4756211              

FTQ_FETCHED_INS_ONPATH                        38683000                       38683000              

FTQ_FETCHED_INS_OFFPATH                       56080420                       56080420              

FTQ_BREAK_FULL_FT_ONPATH                       2432702                        2432702              

FTQ_BREAK_FULL_FT_OFFPATH                      1507576                        1507576              

FTQ_BREAK_PRED_BR_ONPATH                             0                              0              

FTQ_BREAK_PRED_BR_OFFPATH                            0                              0              

FTQ_BREAK_BAR_FETCH_ONPATH                           0                              0              

FTQ_BREAK_BAR_FETCH_OFFPATH                          0                              0              

FTQ_BREAK_MAX_CFS_TAKEN_ONPATH                       0                              0              

FTQ_BREAK_MAX_CFS_TAKEN_OFFPATH                      0                              0              

FTQ_BREAK_MAX_FT_ONPATH                        2323459                        2323459              

FTQ_BREAK_MAX_FT_OFFPATH                       5599474                        5599474              

DFE_GEN_ON_PATH_FT                             4859064                        4859064              

DFE_GEN_OFF_PATH_FT                            4346053                        4346053              

DFE_L0_ENABLED_PREDICTIONS                    38683000                       38683000              

DFE_L0_WRONG_MAIN_CORRECT                      1644451                        1644451              

DFE_L0_WRONG_MAIN_WRONG                          60810                          60810              

DFE_L0_CORRECT_MAIN_WRONG                         4158                           4158              

DFE_L0_CORRECT_MAIN_CORRECT                   36973581                       36973581              

DFE_L0_WRONG_MAIN_CORRECT_RECOVERY_SCHEDULED             0                              0              

FTQ_SAW_BAR_FETCH_OFFPATH                          302                            302              

FTQ_SAW_BAR_FETCH_ONPATH                          7431                           7431              

DFE_CONF_0_RECOVER_AT_EXEC                           0         -nan%                0         -nan%
DFE_CONF_1_RECOVER_AT_EXEC                           0         -nan%                0         -nan%
DFE_CONF_2_RECOVER_AT_EXEC                           0         -nan%                0         -nan%
DFE_CONF_3_RECOVER_AT_EXEC                           0         -nan%                0         -nan%
DFE_CONF_0_CORRECT                                   0         -nan%                0         -nan%
DFE_CONF_1_CORRECT                                   0         -nan%                0         -nan%
DFE_CONF_2_CORRECT                                   0         -nan%                0         -nan%
DFE_CONF_3_CORRECT                                   0         -nan%                0         -nan%
                                                     0         -nan%                0         -nan%
                                                  -nan         -nan              -nan         -nan

DFE_ON_CONF_ON_OPS                                   0         -nan%                0         -nan%
DFE_ON_CONF_OFF_OPS                                  0         -nan%                0         -nan%
DFE_OFF_CONF_ON_OPS                                  0         -nan%                0         -nan%
DFE_OFF_CONF_OFF_REALISTIC_OPS                       0         -nan%                0         -nan%
DFE_OFF_CONF_OFF_PERFECT_OPS                         0         -nan%                0         -nan%
                                                     0         -nan%                0         -nan%
                                                  -nan         -nan              -nan         -nan

DFE_ON_CONF_ON_FETCH_TARGETS                         0         -nan%                0         -nan%
DFE_ON_CONF_OFF_FETCH_TARGETS                        0         -nan%                0         -nan%
DFE_OFF_CONF_ON_FETCH_TARGETS                        0         -nan%                0         -nan%
DFE_OFF_CONF_OFF_REALISTIC_FETCH_TARGETS             0         -nan%                0         -nan%
DFE_OFF_CONF_OFF_PERFECT_FETCH_TARGETS               0         -nan%                0         -nan%
                                                     0         -nan%                0         -nan%
                                                  -nan         -nan              -nan         -nan

DFE_ON_CONF_ON_CYCLES                                0         -nan%                0         -nan%
DFE_ON_CONF_OFF_CYCLES                               0         -nan%                0         -nan%
DFE_OFF_CONF_ON_CYCLES                               0         -nan%                0         -nan%
DFE_OFF_CONF_OFF_REALISTIC_CYCLES                    0         -nan%                0         -nan%
DFE_OFF_CONF_OFF_PERFECT_CYCLES                      0         -nan%                0         -nan%
                                                     0         -nan%                0         -nan%
                                                  -nan         -nan              -nan         -nan

DFE_OFF_CONF_ON_NUM_EVENTS                           0                              0              

DFE_OFF_CONF_ON_NOT_IDENTIFIED_EVENTS                0         -nan%                0         -nan%
DFE_OFF_CONF_ON_IBTB_MISS_EVENTS                     0         -nan%                0         -nan%
DFE_OFF_CONF_ON_BTB_MISS_EVENTS                      0         -nan%                0         -nan%
DFE_OFF_CONF_ON_BTB_MISS_RECOVER_AT_EXEC_EVENTS             0         -nan%                0         -nan%
DFE_OFF_CONF_ON_RECOVER_AT_EXEC_EVENTS               0         -nan%                0         -nan%
DFE_OFF_CONF_ON_RECOVER_AT_DECODE_EVENTS             0         -nan%                0         -nan%
                                                     0         -nan%                0         -nan%
                                                  -nan         -nan              -nan         -nan

DFE_OFF_CONF_ON_LATE_BTB_HIT_EVENTS                  0                              0              

DFE_OFF_CONF_ON_NOT_IDENTIFIED_CYCLES                0         -nan%                0         -nan%
DFE_OFF_CONF_ON_IBTB_MISS_CYCLES                     0         -nan%                0         -nan%
DFE_OFF_CONF_ON_BTB_MISS_CYCLES                      0         -nan%                0         -nan%
DFE_OFF_CONF_ON_BTB_MISS_RECOVER_AT_EXEC_CYCLES             0         -nan%                0         -nan%
DFE_OFF_CONF_ON_RECOVER_AT_EXEC_CYCLES               0         -nan%                0         -nan%
DFE_OFF_CONF_ON_RECOVER_AT_DECODE_CYCLES             0         -nan%                0         -nan%
                                                     0         -nan%                0         -nan%
                                                  -nan         -nan              -nan         -nan

DFE_OFF_CONF_ON_LATE_BTB_HIT_CYCLES                  0                              0              

DFE_OFF_CONF_ON_NOT_IDENTIFIED_FETCH_TARGETS             0         -nan%                0         -nan%
DFE_OFF_CONF_ON_IBTB_MISS_FETCH_TARGETS              0         -nan%                0         -nan%
DFE_OFF_CONF_ON_BTB_MISS_FETCH_TARGETS               0         -nan%                0         -nan%
DFE_OFF_CONF_ON_BTB_MISS_RECOVER_AT_EXEC_FETCH_TARGETS             0         -nan%                0         -nan%
DFE_OFF_CONF_ON_RECOVER_AT_EXEC_FETCH_TARGETS             0         -nan%                0         -nan%
DFE_OFF_CONF_ON_RECOVER_AT_DECODE_FETCH_TARGETS             0         -nan%                0         -nan%
                                                     0         -nan%                0         -nan%
                                                  -nan         -nan              -nan         -nan

DFE_OFF_CONF_ON_LATE_BTB_HIT_FETCH_TARGETS             0                              0              

DFE_OFF_CONF_ON_BP_INCORRECT_0_CONF                  0         -nan%                0         -nan%
DFE_OFF_CONF_ON_BP_INCORRECT_1_CONF                  0         -nan%                0         -nan%
DFE_OFF_CONF_ON_BP_INCORRECT_2_CONF                  0         -nan%                0         -nan%
DFE_OFF_CONF_ON_BP_INCORRECT_3_CONF                  0         -nan%                0         -nan%
                                                     0         -nan%                0         -nan%
                                                  -nan         -nan              -nan         -nan

DFE_OFF_CONF_ON_BTB_MISS_CBR_0_CONF                  0         -nan%                0         -nan%
DFE_OFF_CONF_ON_BTB_MISS_CBR_1_CONF                  0         -nan%                0         -nan%
DFE_OFF_CONF_ON_BTB_MISS_CBR_2_CONF                  0         -nan%                0         -nan%
DFE_OFF_CONF_ON_BTB_MISS_CBR_3_CONF                  0         -nan%                0         -nan%
                                                     0         -nan%                0         -nan%
                                                  -nan         -nan              -nan         -nan

DFE_OFF_CONF_ON_BTB_MISS_NOT_CF                      0         -nan%                0         -nan%
DFE_OFF_CONF_ON_BTB_MISS_CF_BR                       0         -nan%                0         -nan%
DFE_OFF_CONF_ON_BTB_MISS_CF_CBR                      0         -nan%                0         -nan%
DFE_OFF_CONF_ON_BTB_MISS_CF_CALL                     0         -nan%                0         -nan%
DFE_OFF_CONF_ON_BTB_MISS_CF_IBR                      0         -nan%                0         -nan%
DFE_OFF_CONF_ON_BTB_MISS_CF_ICALL                    0         -nan%                0         -nan%
DFE_OFF_CONF_ON_BTB_MISS_CF_ICO                      0         -nan%                0         -nan%
DFE_OFF_CONF_ON_BTB_MISS_CF_RET                      0         -nan%                0         -nan%
DFE_OFF_CONF_ON_BTB_MISS_CF_SYS                      0         -nan%                0         -nan%
                                                     0         -nan%                0         -nan%
                                                  -nan         -nan              -nan         -nan

DFE_ON_CONF_OFF_NUM_EVENTS                           0                              0              

CONF_BTB_NUM_CYCLES_OFF_PATH_EVENT                   0                              0              

DFE_ON_CONF_OFF_IBTB_MISS_BP_TAKEN                   0         -nan%                0         -nan%
DFE_ON_CONF_OFF_BTB_MISS_BP_TAKEN_CONF_0             0         -nan%                0         -nan%
DFE_ON_CONF_OFF_BTB_MISS_BP_TAKEN_CONF_1             0         -nan%                0         -nan%
DFE_ON_CONF_OFF_BTB_MISS_BP_TAKEN_CONF_2             0         -nan%                0         -nan%
DFE_ON_CONF_OFF_BTB_MISS_BP_TAKEN_CONF_3             0         -nan%                0         -nan%
DFE_ON_CONF_OFF_BTB_MISS_RATE                        0         -nan%                0         -nan%
DFE_ON_CONF_OFF_IBTB_MISS_RATE                       0         -nan%                0         -nan%
DFE_ON_CONF_OFF_RECOVER_AT_DECODE_RATE               0         -nan%                0         -nan%
DFE_ON_CONF_OFF_RECOVER_AT_EXEC_RATE                 0         -nan%                0         -nan%
DFE_ON_CONF_OFF_INV_CONF_INC                         0         -nan%                0         -nan%
DFE_ON_CONF_OFF_PERFECT_CONF                         0         -nan%                0         -nan%
                                                     0         -nan%                0         -nan%
                                                  -nan         -nan              -nan         -nan

DFE_ON_CONF_OFF_IBTB_MISS_BP_TAKEN_CYCLES             0         -nan%                0         -nan%
DFE_ON_CONF_OFF_BTB_MISS_BP_TAKEN_CONF_0_CYCLES             0         -nan%                0         -nan%
DFE_ON_CONF_OFF_BTB_MISS_BP_TAKEN_CONF_1_CYCLES             0         -nan%                0         -nan%
DFE_ON_CONF_OFF_BTB_MISS_BP_TAKEN_CONF_2_CYCLES             0         -nan%                0         -nan%
DFE_ON_CONF_OFF_BTB_MISS_BP_TAKEN_CONF_3_CYCLES             0         -nan%                0         -nan%
DFE_ON_CONF_OFF_BTB_MISS_RATE_CYCLES                 0         -nan%                0         -nan%
DFE_ON_CONF_OFF_IBTB_MISS_RATE_CYCLES                0         -nan%                0         -nan%
DFE_ON_CONF_OFF_RECOVER_AT_DECODE_RATE_CYCLES             0         -nan%                0         -nan%
DFE_ON_CONF_OFF_RECOVER_AT_EXEC_RATE_CYCLES             0         -nan%                0         -nan%
DFE_ON_CONF_OFF_INV_CONF_INC_CYCLES                  0         -nan%                0         -nan%
DFE_ON_CONF_OFF_PERFECT_CONF_CYCLES                  0         -nan%                0         -nan%
                                                     0         -nan%                0         -nan%
                                                  -nan         -nan              -nan         -nan

DFE_ON_CONF_OFF_IBTB_MISS_BP_TAKEN_FETCH_TARGETS             0         -nan%                0         -nan%
DFE_ON_CONF_OFF_BTB_MISS_BP_TAKEN_CONF_0_FETCH_TARGETS             0         -nan%                0         -nan%
DFE_ON_CONF_OFF_BTB_MISS_BP_TAKEN_CONF_1_FETCH_TARGETS             0         -nan%                0         -nan%
DFE_ON_CONF_OFF_BTB_MISS_BP_TAKEN_CONF_2_FETCH_TARGETS             0         -nan%                0         -nan%
DFE_ON_CONF_OFF_BTB_MISS_BP_TAKEN_CONF_3_FETCH_TARGETS             0         -nan%                0         -nan%
DFE_ON_CONF_OFF_BTB_MISS_RATE_FETCH_TARGETS             0         -nan%                0         -nan%
DFE_ON_CONF_OFF_IBTB_MISS_RATE_FETCH_TARGETS             0         -nan%                0         -nan%
DFE_ON_CONF_OFF_RECOVER_AT_DECODE_RATE_FETCH_TARGETS             0         -nan%                0         -nan%
DFE_ON_CONF_OFF_RECOVER_AT_EXEC_RATE_FETCH_TARGETS             0         -nan%                0         -nan%
DFE_ON_CONF_OFF_INV_CONF_INC_FETCH_TARGETS             0         -nan%                0         -nan%
DFE_ON_CONF_OFF_PERFECT_CONF_FETCH_TARGETS             0         -nan%                0         -nan%
                                                     0         -nan%                0         -nan%
                                                  -nan         -nan              -nan         -nan

CONF_OFF_IBTB_MISS_BP_TAKEN                          0         -nan%                0         -nan%
CONF_OFF_BTB_MISS_BP_TAKEN_CONF_0                    0         -nan%                0         -nan%
CONF_OFF_BTB_MISS_BP_TAKEN_CONF_1                    0         -nan%                0         -nan%
CONF_OFF_BTB_MISS_BP_TAKEN_CONF_2                    0         -nan%                0         -nan%
CONF_OFF_BTB_MISS_BP_TAKEN_CONF_3                    0         -nan%                0         -nan%
CONF_OFF_BTB_MISS_RATE                               0         -nan%                0         -nan%
CONF_OFF_IBTB_MISS_RATE                              0         -nan%                0         -nan%
CONF_OFF_RECOVER_AT_DECODE_RATE                      0         -nan%                0         -nan%
CONF_OFF_RECOVER_AT_EXEC_RATE                        0         -nan%                0         -nan%
CONF_OFF_INV_CONF_INC                                0         -nan%                0         -nan%
CONF_OFF_PERFECT_CONF                                0         -nan%                0         -nan%
                                                     0         -nan%                0         -nan%
                                                  -nan         -nan              -nan         -nan

TOPDOWN_TOTAL_SLOTS                           71179566                       71179566              

TOPDOWN_ISSUED_SLOTS                          42693148                       42693148              

TOPDOWN_RETIRED_SLOTS                         38683000                       38683000              

TOPDOWN_FETCH_BUBBLES_SLOTS                   10207063                       10207063              

TOPDOWN_RECOVERY_BUBBLES_SLOTS                 6749665                        6749665              

TOPDOWN_MEM_LOAD_STALLS_CYCLES                 1703674                        1703674              

TOPDOWN_MEM_STORE_STALLS_CYCLES                     14                             14              

TOPDOWN_EXEC_STALLS_CYCLES                     1584633                        1584633              

TOPDOWN_BACKEND_STALLS_CYCLES                  1704140                        1704140              

TOPDOWN_FETCH_BUBBLES_GT_MIW_CYCLES            1353558                        1353558              

TOPDOWN_BR_RECOVER_AT_EXEC_RETIRED_CYCLES         29935                          29935              

TOPDOWN_MACHINE_CLEAR_CYCLES                   1709419                        1709419              

TOPDOWN_FRONTEND_BOUND                            1433                           1433              

TOPDOWN_BACKEND_BOUND                             1622                           1622              

TOPDOWN_BAD_SPEC_BOUND                            1511                           1511              

TOPDOWN_RETIRING_BOUND                            5434                           5434              

TOPDOWN_FETCH_LATENCY_BOUND                       1140                           1140              

TOPDOWN_FETCH_BANDWIDTH_BOUND                      293                            293              

TOPDOWN_MEM_BOUND                                 1621                           1621              

TOPDOWN_CORE_BOUND                                   1                              1              

TOPDOWN_BR_RECOVER_AT_EXEC_BOUND                    26                             26              

TOPDOWN_MACHINE_CLEARS_BOUND                      1485                           1485              

H2P_SEEN_MAIN                                      326                            326              



