Scarab gitrev: 49156c8
Scarab started at Thu May 28 20:50:11 2026

Initialized Ramulator. 
** Heartbeat:   1% -- { 1000005 } -- 0.00 KIPS (333.33 KIPS)
** Heartbeat:   2% -- { 2000008 } -- 333.33 KIPS (333.33 KIPS)
** Heartbeat:   3% -- { 3000011 } -- 500.00 KIPS (375.00 KIPS)
** Heartbeat:   4% -- { 4000014 } -- 333.33 KIPS (363.64 KIPS)
** Heartbeat:   5% -- { 5000019 } -- 500.00 KIPS (384.62 KIPS)
** Heartbeat:   6% -- { 6000020 } -- 333.33 KIPS (375.00 KIPS)
** Heartbeat:   7% -- { 7000026 } -- 250.00 KIPS (350.00 KIPS)
** Heartbeat:   8% -- { 8000027 } -- 250.00 KIPS (333.33 KIPS)
** Heartbeat:   9% -- { 9000034 } -- 250.00 KIPS (321.43 KIPS)
** Heartbeat:  10% -- { 10000039 } -- 250.00 KIPS (312.50 KIPS)
** Heartbeat:  11% -- { 11000041 } -- 250.00 KIPS (305.56 KIPS)
** Heartbeat:  12% -- { 12000047 } -- 250.00 KIPS (300.00 KIPS)
** Heartbeat:  13% -- { 13000047 } -- 250.00 KIPS (295.46 KIPS)
** Heartbeat:  14% -- { 14000048 } -- 250.00 KIPS (291.67 KIPS)
** Heartbeat:  15% -- { 15000052 } -- 250.00 KIPS (288.46 KIPS)
** Heartbeat:  16% -- { 16000054 } -- 250.00 KIPS (285.72 KIPS)
** Heartbeat:  17% -- { 17000058 } -- 250.00 KIPS (283.33 KIPS)
** Heartbeat:  18% -- { 18000062 } -- 250.00 KIPS (281.25 KIPS)
** Heartbeat:  19% -- { 19000062 } -- 250.00 KIPS (279.41 KIPS)
Reached end of trace (last_inst) pc=0x7eff1457ea36
** Core 0 Finished:    insts:19999999    cycles:4119332     time:1287291250000       -- 4.86 IPC (4.86 IPC) --  N/A  KIPS (273.97 KIPS)
Scarab finished at Thu May 28 20:51:24 2026

