/* -*- Mode: c -*- */
####################################################################################################
Core 0
####################################################################################################
Cumulative:        Cycles: 69090847              Instructions: 59999999              IPC: 0.86842

Periodic:          Cycles: 69090847              Instructions: 59999999              IPC: 0.86842

EXECUTION_TIME                           21590889687500                  21590889687500              

SIM_HOST_WALL_SECONDS                      2389.949086                    2389.949086              

NODE_CYCLE                                    69090847                       69090847              

NODE_INST_COUNT                               95470377                       95470377              

NODE_INST_COUNT_FETCHED                       59999999                       59999999              

NODE_UOP_COUNT                               279295841                      279295841              

EXEC_STAGE_NO_ISSUE_STALL_CYCLE               54344806                       54344806              

EXEC_STAGE_NO_ISSUE_STALL_CYCLE_ONPATH        51865051                       51865051              

FULL_WINDOW_STALL                                11081        0.016%            11081        0.016%

FULL_WINDOW_MEM_OP                               10186       96.623%            10186       96.623%
FULL_WINDOW_FP_OP                                    0        0.000%                0        0.000%
FULL_WINDOW_OTHER_OP                               356        3.377%              356        3.377%
                                                 10542      100.000%            10542      100.000%
                                                  0.07         0.36              0.07         0.36

RET_BLOCKED_DC_MISS                           15847129       22.937%         15847129       22.937%

RET_BLOCKED_L1_MISS                            4284403        6.201%          4284403        6.201%

RET_BLOCKED_L1_MISS_BW_PREF                     101736        0.147%           101736        0.147%

RET_BLOCKED_L1_ACCESS                         11831720       17.125%         11831720       17.125%

RET_BLOCKED_MEM_STALL                          4351184        6.298%          4351184        6.298%

RET_BLOCKED_OFFCHIP_DEMAND                           0        0.000%                0        0.000%

OP_ISSUED                                    266458445                      266458445              

OP_RETIRED                                   279295841                      279295841              

OP_MACRO_FUSION_ONPATH                         5489318                        5489318              

OP_MACRO_FUSION_OFFPATH                        1172959                        1172959              

REPLAY_SIGNALED                                      0                              0              

REPLAY_COUNTED                                       0                              0              

OFF_CRITICAL_PATH                                    0         -nan%                0         -nan%
ON_CRITICAL_PATH                                     0         -nan%                0         -nan%
                                                     0         -nan%                0         -nan%
                                                  -nan         -nan              -nan         -nan

LD_NO_DEPENDENTS                                902710        1.940%           902710        1.940%
LD_DEPENDENTS                                 45622157       98.060%         45622157       98.060%
                                              46524867      100.000%         46524867      100.000%
                                                  0.98         0.97              0.98         0.97

LD_EXEC_CYCLES_0                                     0        0.000%                0        0.000%
LD_EXEC_CYCLES_1                                     0        0.000%                0        0.000%
LD_EXEC_CYCLES_2                                     0        0.000%                0        0.000%
LD_EXEC_CYCLES_3                                  2076        0.941%             2076        0.941%
LD_EXEC_CYCLES_4                                218574       99.059%           218574       99.059%
                                                220650      100.000%           220650      100.000%
                                                  3.99         3.97              3.99         3.97

ICACHE_STAGE_STARVED                           4371511        7.328%          4371511        7.328%
ICACHE_STAGE_NOT_STARVED                      55283195       92.672%         55283195       92.672%
                                              59654706      100.000%         59654706      100.000%
                                                  0.93         0.89              0.93         0.89

ICACHE_STAGE_STALLED                          14348838       20.768%         14348838       20.768%
ICACHE_STAGE_NOT_STALLED                      45305868       65.574%         45305868       65.574%
ICACHE_STAGE_OFF_PATH                          9436141       13.658%          9436141       13.658%
                                              69090847      100.000%         69090847      100.000%
                                                  0.93         0.53              0.93         0.53

DECODE_STAGE_STARVED                          60190865       92.920%         60190865       92.920%
DECODE_STAGE_NOT_STARVED                       4586382        7.080%          4586382        7.080%
                                              64777247      100.000%         64777247      100.000%
                                                  0.07         0.25              0.07         0.25

DECODE_STAGE_STALLED                            850610        1.231%           850610        1.231%
DECODE_STAGE_NOT_STALLED                      63926637       92.525%         63926637       92.525%
DECODE_STAGE_OFF_PATH                          4313600        6.243%          4313600        6.243%
                                              69090847      100.000%         69090847      100.000%
                                                  1.05         0.36              1.05         0.36

UOPQ_STAGE_STARVED                            11206365       22.774%         11206365       22.774%
UOPQ_STAGE_NOT_STARVED                        37999747       77.226%         37999747       77.226%
                                              49206112      100.000%         49206112      100.000%
                                                  0.77         0.71              0.77         0.71

UOPQ_STAGE_STALLED                            12168546       17.612%         12168546       17.612%
UOPQ_STAGE_NOT_STALLED                        49206112       71.219%         49206112       71.219%
UOPQ_STAGE_OFF_PATH                            7716189       11.168%          7716189       11.168%
                                              69090847      100.000%         69090847      100.000%
                                                  0.94         0.48              0.94         0.48

RS_OP_READY_NOT_ISSUED_TOTAL                 333752436                      333752436              

RS_0_OP_READY_NOT_ISSUED                     277942996                      277942996              

RS_1_OP_READY_NOT_ISSUED                       1292529                        1292529              

RS_2_OP_READY_NOT_ISSUED                      54516911                       54516911              

RS_3_OP_READY_NOT_ISSUED                             0                              0              

RS_4_OP_READY_NOT_ISSUED                             0                              0              

RS_5_OP_READY_NOT_ISSUED                             0                              0              

RS_6_OP_READY_NOT_ISSUED                             0                              0              

RS_7_OP_READY_NOT_ISSUED                             0                              0              

RS_7_PLUS_OP_READY_NOT_ISSUED                        0                              0              

FU_IDLE_NO_READY_OPS_TOTAL                   247126555                      247126555              

FU_0_IDLE_NO_READY_OPS                        14637545                       14637545              

FU_1_IDLE_NO_READY_OPS                        15749977                       15749977              

FU_2_IDLE_NO_READY_OPS                        36997423                       36997423              

FU_3_IDLE_NO_READY_OPS                        36997516                       36997516              

FU_4_IDLE_NO_READY_OPS                        15880493                       15880493              

FU_5_IDLE_NO_READY_OPS                        14444350                       14444350              

FU_6_IDLE_NO_READY_OPS                        29749952                       29749952              

FU_7_IDLE_NO_READY_OPS                        29754729                       29754729              

FU_8_IDLE_NO_READY_OPS                        15916537                       15916537              

FU_9_IDLE_NO_READY_OPS                        36998033                       36998033              

FU_10_IDLE_NO_READY_OPS                              0                              0              

FU_11_IDLE_NO_READY_OPS                              0                              0              

FU_12_IDLE_NO_READY_OPS                              0                              0              

FU_13_IDLE_NO_READY_OPS                              0                              0              

FU_14_IDLE_NO_READY_OPS                              0                              0              

FU_15_IDLE_NO_READY_OPS                              0                              0              

FU_16_IDLE_NO_READY_OPS                              0                              0              

FU_17_IDLE_NO_READY_OPS                              0                              0              

FU_18_IDLE_NO_READY_OPS                              0                              0              

FU_19_IDLE_NO_READY_OPS                              0                              0              

FU_20_IDLE_NO_READY_OPS                              0                              0              

FU_21_IDLE_NO_READY_OPS                              0                              0              

FU_22_IDLE_NO_READY_OPS                              0                              0              

FU_23_IDLE_NO_READY_OPS                              0                              0              

FU_24_IDLE_NO_READY_OPS                              0                              0              

FU_25_IDLE_NO_READY_OPS                              0                              0              

FU_26_IDLE_NO_READY_OPS                              0                              0              

FU_27_IDLE_NO_READY_OPS                              0                              0              

FU_28_IDLE_NO_READY_OPS                              0                              0              

FU_29_IDLE_NO_READY_OPS                              0                              0              

FU_30_IDLE_NO_READY_OPS                              0                              0              

FU_31_IDLE_NO_READY_OPS                              0                              0              

FU_31_PLUS_IDLE_NO_READY_OPS                         0                              0              

MAP_STAGE_STARVED                              4625546        8.668%          4625546        8.668%
MAP_STAGE_NOT_STARVED                         48739436       91.332%         48739436       91.332%
                                              53364982      100.000%         53364982      100.000%
                                                  0.91         0.88              0.91         0.88

MAP_STAGE_STALLED                               134070        0.237%           134070        0.237%
MAP_STAGE_NOT_STALLED                         53230912       93.962%         53230912       93.962%
MAP_STAGE_OFF_PATH                             3286306        5.801%          3286306        5.801%
                                              56651288      100.000%         56651288      100.000%
                                                  1.06         0.35              1.06         0.35

MAP_STAGE_STALL_ITSELF                        12439559       18.005%         12439559       18.005%
MAP_STAGE_NOT_STALL_ITSELF                    56651288       81.995%         56651288       81.995%
                                              69090847      100.000%         69090847      100.000%
                                                  0.82         0.76              0.82         0.76

MAP_STAGE_LATE_ALLOCATE_SEND_BACK                    0                              0              

MAP_STAGE_RENAME_OP_ONPATH                   279295841                      279295841              

MAP_STAGE_RENAME_OP_OFFPATH                   15252847                       15252847              

MAP_STAGE_RENAME_INT_REG_ONPATH              205471553                      205471553              

MAP_STAGE_RENAME_INT_REG_OFFPATH              13869352                       13869352              

MAP_STAGE_RENAME_VEC_REG_ONPATH                 791885                         791885              

MAP_STAGE_RENAME_VEC_REG_OFFPATH                329270                         329270              

MAP_STAGE_RENAME_MOVE_ELIM_ONPATH                    0                              0              

MAP_STAGE_RENAME_MOVE_ELIM_OFFPATH                   0                              0              

MAP_STAGE_ONPATH_INT_REG_NUM_ALLOC           205471533                      205471533              

MAP_STAGE_ONPATH_VEC_REG_NUM_ALLOC              791870                         791870              

MAP_STAGE_ONPATH_INT_REG_NUM_SHORTLIVE        94336669                       94336669              

MAP_STAGE_ONPATH_VEC_REG_NUM_SHORTLIVE          351565                         351565              

MAP_STAGE_ONPATH_INT_REG_USE_COUNT_0          18673087                       18673087              

MAP_STAGE_ONPATH_VEC_REG_USE_COUNT_0             11057                          11057              

MAP_STAGE_ONPATH_INT_REG_USE_COUNT_1         115104490                      115104490              

MAP_STAGE_ONPATH_VEC_REG_USE_COUNT_1            591331                         591331              

MAP_STAGE_ONPATH_INT_REG_USE_COUNT_2          67573184                       67573184              

MAP_STAGE_ONPATH_VEC_REG_USE_COUNT_2            154438                         154438              

MAP_STAGE_ONPATH_INT_REG_USE_COUNT_3           2675853                        2675853              

MAP_STAGE_ONPATH_VEC_REG_USE_COUNT_3             18549                          18549              

MAP_STAGE_ONPATH_INT_REG_USE_COUNT_4            699374                         699374              

MAP_STAGE_ONPATH_VEC_REG_USE_COUNT_4             15886                          15886              

MAP_STAGE_ONPATH_INT_REG_USE_COUNT_5            246529                         246529              

MAP_STAGE_ONPATH_VEC_REG_USE_COUNT_5               337                            337              

MAP_STAGE_ONPATH_INT_REG_USE_COUNT_6            122050                         122050              

MAP_STAGE_ONPATH_VEC_REG_USE_COUNT_6               192                            192              

MAP_STAGE_ONPATH_INT_REG_USE_COUNT_7_PLUS        376966                         376966              

MAP_STAGE_ONPATH_VEC_REG_USE_COUNT_7_PLUS            80                             80              

MAP_STAGE_ONPATH_INT_REG_CONSUME_DIST_0              0        0.0000                0        0.0000

MAP_STAGE_ONPATH_VEC_REG_CONSUME_DIST_0              0        0.0000                0        0.0000

MAP_STAGE_ONPATH_INT_REG_CONSUME_DIST_1              0        0.0000                0        0.0000

MAP_STAGE_ONPATH_VEC_REG_CONSUME_DIST_1              0        0.0000                0        0.0000

MAP_STAGE_ONPATH_INT_REG_CONSUME_DIST_2      433952576        6.4220        433952576        6.4220

MAP_STAGE_ONPATH_VEC_REG_CONSUME_DIST_2       88795939      574.9617         88795939      574.9617

MAP_STAGE_ONPATH_INT_REG_CONSUME_DIST_3       92821127       34.6884         92821127       34.6884

MAP_STAGE_ONPATH_VEC_REG_CONSUME_DIST_3        4683367      252.4862          4683367      252.4862

MAP_STAGE_ONPATH_INT_REG_CONSUME_DIST_4       11851530       16.9459         11851530       16.9459

MAP_STAGE_ONPATH_VEC_REG_CONSUME_DIST_4          90231        5.6799            90231        5.6799

MAP_STAGE_ONPATH_INT_REG_CONSUME_DIST_5       22640236       91.8360         22640236       91.8360

MAP_STAGE_ONPATH_VEC_REG_CONSUME_DIST_5           9038       26.8190             9038       26.8190

MAP_STAGE_ONPATH_INT_REG_CONSUME_DIST_6        2914921       23.8830          2914921       23.8830

MAP_STAGE_ONPATH_VEC_REG_CONSUME_DIST_6           9217       48.0052             9217       48.0052

MAP_STAGE_ONPATH_INT_REG_CONSUME_DIST_7_PLUS      72508313      192.3471         72508313      192.3471

MAP_STAGE_ONPATH_VEC_REG_CONSUME_DIST_7_PLUS         28918      361.4750            28918      361.4750

MAP_STAGE_INT_REG_ISSUE_READ_TOTAL_CONSUMED     316712387        5.8278        316712387        5.8278

MAP_STAGE_VEC_REG_ISSUE_READ_TOTAL_CONSUMED       1144858        0.0211          1144858        0.0211

MAP_STAGE_INT_REG_ISSUE_READ_MULTI_CONSUMED     126723729        2.3318        126723729        2.3318

MAP_STAGE_VEC_REG_ISSUE_READ_MULTI_CONSUMED        277747        0.0051           277747        0.0051

MAP_STAGE_INT_REG_ISSUE_READ_SAME_CYCLE_CONSUMED      46462805        0.8550         46462805        0.8550

MAP_STAGE_VEC_REG_ISSUE_READ_SAME_CYCLE_CONSUMED         88933        0.0016            88933        0.0016

MAP_STAGE_INT_REG_ISSUE_READ_TOTAL_CONSUMED_ONPATH     310562170        5.9879        310562170        5.9879

MAP_STAGE_VEC_REG_ISSUE_READ_TOTAL_CONSUMED_ONPATH       1024778        0.0198          1024778        0.0198

MAP_STAGE_INT_REG_ISSUE_READ_MULTI_CONSUMED_ONPATH     123763706        2.3863        123763706        2.3863

MAP_STAGE_VEC_REG_ISSUE_READ_MULTI_CONSUMED_ONPATH        243946        0.0047           243946        0.0047

MAP_STAGE_INT_REG_ISSUE_READ_SAME_CYCLE_CONSUMED_ONPATH      44988802        0.8674         44988802        0.8674

MAP_STAGE_VEC_REG_ISSUE_READ_SAME_CYCLE_CONSUMED_ONPATH         80722        0.0016            80722        0.0016

MAP_STAGE_ONPATH_INT_REG_LIFECYCLE_EMPTY    6179507797                     6179507797              

MAP_STAGE_ONPATH_VEC_REG_LIFECYCLE_EMPTY      22533690                       22533690              

MAP_STAGE_ONPATH_INT_REG_LIFECYCLE_IN_USE    8083763146                     8083763146              

MAP_STAGE_ONPATH_VEC_REG_LIFECYCLE_IN_USE     134010560                      134010560              

MAP_STAGE_ONPATH_INT_REG_LIFECYCLE_SPEC_RELEASE   11731984781                    11731984781              

MAP_STAGE_ONPATH_VEC_REG_LIFECYCLE_SPEC_RELEASE    1054634493                     1054634493              

MAP_STAGE_ONPATH_INT_REG_LIFECYCLE_NONSPEC_RELEASE   11731984781                    11731984781              

MAP_STAGE_ONPATH_VEC_REG_LIFECYCLE_NONSPEC_RELEASE    1054634493                     1054634493              

MAP_STAGE_ONPATH_INT_REG_LIFECYCLE_TOTAL   11731984781                    11731984781              

MAP_STAGE_ONPATH_VEC_REG_LIFECYCLE_TOTAL    1054634493                     1054634493              

MAP_STAGE_ONPATH_INT_REG_NUM_NONBRANCH       205471533                      205471533              

MAP_STAGE_ONPATH_VEC_REG_NUM_NONBRANCH          791870                         791870              

MAP_STAGE_ONPATH_INT_REG_NUM_NONEXCEPT       205471533                      205471533              

MAP_STAGE_ONPATH_VEC_REG_NUM_NONEXCEPT          791870                         791870              

MAP_STAGE_ONPATH_INT_REG_NUM_ATOMIC          205471533                      205471533              

MAP_STAGE_ONPATH_VEC_REG_NUM_ATOMIC             791870                         791870              

MAP_STAGE_ONPATH_INT_REG_ATOMIC_REDEFINED_DIST_TOTAL   11731984781       57.0979      11731984781       57.0979

MAP_STAGE_ONPATH_VEC_REG_ATOMIC_REDEFINED_DIST_TOTAL    1054634493     1331.8278       1054634493     1331.8278

MAP_STAGE_ONPATH_INT_REG_ATOMIC_CONSUMED_DIST_TOTAL    8083763146       39.3425       8083763146       39.3425

MAP_STAGE_ONPATH_VEC_REG_ATOMIC_CONSUMED_DIST_TOTAL     134010560      169.2330        134010560      169.2330

MAP_STAGE_ONPATH_INT_REG_ATOMIC_RELEASE_DIST_TOTAL   11731984781       57.0979      11731984781       57.0979

MAP_STAGE_ONPATH_VEC_REG_ATOMIC_RELEASE_DIST_TOTAL    1054634493     1331.8278       1054634493     1331.8278

EXEC_STAGE_STARVED                            59617547       86.289%         59617547       86.289%
EXEC_STAGE_NOT_STARVED                         6248469        9.044%          6248469        9.044%
EXEC_STAGE_OFF_PATH                            3224831        4.668%          3224831        4.668%
                                              69090847      100.000%         69090847      100.000%
                                                  0.18         0.46              0.18         0.46

FU_BUSY_0                                     47933875                       47933875              

FU_BUSY_1                                     31419949                       31419949              

FU_BUSY_2                                      9872150                        9872150              

FU_BUSY_3                                      9872196                        9872196              

FU_BUSY_4                                     36460024                       36460024              

FU_BUSY_5                                     49337773                       49337773              

FU_BUSY_6                                     23768016                       23768016              

FU_BUSY_7                                     23775907                       23775907              

FU_BUSY_8                                     31026452                       31026452              

FU_BUSY_9                                      9872384                        9872384              

FU_BUSY_10                                           0                              0              

FU_BUSY_11                                           0                              0              

FU_BUSY_12                                           0                              0              

FU_BUSY_13                                           0                              0              

FU_BUSY_14                                           0                              0              

FU_BUSY_15                                           0                              0              

FU_BUSY_16                                           0                              0              

FU_BUSY_17                                           0                              0              

FU_BUSY_18                                           0                              0              

FU_BUSY_19                                           0                              0              

FU_BUSY_20                                           0                              0              

FU_BUSY_21                                           0                              0              

FU_BUSY_22                                           0                              0              

FU_BUSY_23                                           0                              0              

FU_BUSY_24                                           0                              0              

FU_BUSY_25                                           0                              0              

FU_BUSY_26                                           0                              0              

FU_BUSY_27                                           0                              0              

FU_BUSY_28                                           0                              0              

FU_BUSY_29                                           0                              0              

FU_BUSY_30                                           0                              0              

FU_BUSY_31                                           0                              0              

FU_REJECTED_OP_INV_NOT_SIMD                          0        0.000%                0        0.000%
FU_REJECTED_OP_NOP_NOT_SIMD                       9520        0.181%             9520        0.181%
FU_REJECTED_OP_CF_NOT_SIMD                      312162        5.926%           312162        5.926%
FU_REJECTED_OP_MOV_NOT_SIMD                      32029        0.608%            32029        0.608%
FU_REJECTED_OP_CMOV_NOT_SIMD                      1665        0.032%             1665        0.032%
FU_REJECTED_OP_LDA_NOT_SIMD                      15407        0.293%            15407        0.293%
FU_REJECTED_OP_IMEM_NOT_SIMD                    223567        4.244%           223567        4.244%
FU_REJECTED_OP_IADD_NOT_SIMD                   3952395       75.037%          3952395       75.037%
FU_REJECTED_OP_IMUL_NOT_SIMD                     56201        1.067%            56201        1.067%
FU_REJECTED_OP_IDIV_NOT_SIMD                      1098        0.021%             1098        0.021%
FU_REJECTED_OP_ICMP_NOT_SIMD                     34556        0.656%            34556        0.656%
FU_REJECTED_OP_LOGIC_NOT_SIMD                    25594        0.486%            25594        0.486%
FU_REJECTED_OP_SHIFT_NOT_SIMD                    36140        0.686%            36140        0.686%
FU_REJECTED_OP_FMEM_NOT_SIMD                     19602        0.372%            19602        0.372%
FU_REJECTED_OP_FCVT_NOT_SIMD                         0        0.000%                0        0.000%
FU_REJECTED_OP_FADD_NOT_SIMD                         0        0.000%                0        0.000%
FU_REJECTED_OP_FMUL_NOT_SIMD                         0        0.000%                0        0.000%
FU_REJECTED_OP_FMA_NOT_SIMD                          0        0.000%                0        0.000%
FU_REJECTED_OP_FDIV_NOT_SIMD                         0        0.000%                0        0.000%
FU_REJECTED_OP_FCMP_NOT_SIMD                         0        0.000%                0        0.000%
FU_REJECTED_OP_FCMOV_NOT_SIMD                        0        0.000%                0        0.000%
FU_REJECTED_OP_GATHER_NOT_SIMD                       0        0.000%                0        0.000%
FU_REJECTED_OP_SCATTER_NOT_SIMD                      0        0.000%                0        0.000%
FU_REJECTED_OP_PIPELINED_FAST_NOT_SIMD               0        0.000%                0        0.000%
FU_REJECTED_OP_PIPELINED_MEDIUM_NOT_SIMD             0        0.000%                0        0.000%
FU_REJECTED_OP_PIPELINED_SLOW_NOT_SIMD               0        0.000%                0        0.000%
FU_REJECTED_OP_NOTPIPELINED_MEDIUM_NOT_SIMD             0        0.000%                0        0.000%
FU_REJECTED_OP_NOTPIPELINED_SLOW_NOT_SIMD             0        0.000%                0        0.000%
FU_REJECTED_OP_NOTPIPELINED_VERY_SLOW_NOT_SIMD         30537        0.580%            30537        0.580%
FU_REJECTED_OP_INV_SIMD                              0        0.000%                0        0.000%
FU_REJECTED_OP_NOP_SIMD                           1905        0.036%             1905        0.036%
FU_REJECTED_OP_CF_SIMD                               0        0.000%                0        0.000%
FU_REJECTED_OP_MOV_SIMD                           1180        0.022%             1180        0.022%
FU_REJECTED_OP_CMOV_SIMD                             0        0.000%                0        0.000%
FU_REJECTED_OP_LDA_SIMD                              0        0.000%                0        0.000%
FU_REJECTED_OP_IMEM_SIMD                             0        0.000%                0        0.000%
FU_REJECTED_OP_IADD_SIMD                             0        0.000%                0        0.000%
FU_REJECTED_OP_IMUL_SIMD                           740        0.014%              740        0.014%
FU_REJECTED_OP_IDIV_SIMD                             0        0.000%                0        0.000%
FU_REJECTED_OP_ICMP_SIMD                             0        0.000%                0        0.000%
FU_REJECTED_OP_LOGIC_SIMD                         2323        0.044%             2323        0.044%
FU_REJECTED_OP_SHIFT_SIMD                          699        0.013%              699        0.013%
FU_REJECTED_OP_FMEM_SIMD                           120        0.002%              120        0.002%
FU_REJECTED_OP_FCVT_SIMD                        217533        4.130%           217533        4.130%
FU_REJECTED_OP_FADD_SIMD                        279155        5.300%           279155        5.300%
FU_REJECTED_OP_FMUL_SIMD                             3        0.000%                3        0.000%
FU_REJECTED_OP_FMA_SIMD                              1        0.000%                1        0.000%
FU_REJECTED_OP_FDIV_SIMD                             6        0.000%                6        0.000%
FU_REJECTED_OP_FCMP_SIMD                             0        0.000%                0        0.000%
FU_REJECTED_OP_FCMOV_SIMD                           19        0.000%               19        0.000%
FU_REJECTED_OP_GATHER_SIMD                           5        0.000%                5        0.000%
FU_REJECTED_OP_SCATTER_SIMD                          0        0.000%                0        0.000%
FU_REJECTED_OP_PIPELINED_FAST_SIMD                   0        0.000%                0        0.000%
FU_REJECTED_OP_PIPELINED_MEDIUM_SIMD                 0        0.000%                0        0.000%
FU_REJECTED_OP_PIPELINED_SLOW_SIMD               13121        0.249%            13121        0.249%
FU_REJECTED_OP_NOTPIPELINED_MEDIUM_SIMD              0        0.000%                0        0.000%
FU_REJECTED_OP_NOTPIPELINED_SLOW_SIMD                0        0.000%                0        0.000%
FU_REJECTED_OP_NOTPIPELINED_VERY_SLOW_SIMD             0        0.000%                0        0.000%
                                               5267283      100.000%          5267283      100.000%
                                                 10.45        11.20             10.45        11.20

LSQ_FULL_TOTAL                                  254894                         254894              

LSQ_FULL_LOAD_QUEUE                                  0                              0              

LSQ_FULL_STORE_QUEUE                            254894                         254894              

OP_WAIT_0                                    192128002                      192128002              

OP_WAIT_1                                     23006039                       23006039              

OP_WAIT_2                                      4633583                        4633583              

OP_WAIT_3                                      2223475                        2223475              

OP_WAIT_4                                      2862715                        2862715              

OP_WAIT_5                                      2734512                        2734512              

OP_WAIT_6                                      1200321                        1200321              

OP_WAIT_7                                       869297                         869297              

OP_WAIT_8                                      1048180                        1048180              

OP_WAIT_9                                      1040205                        1040205              

OP_WAIT_10                                      870154                         870154              

OP_WAIT_11                                      871569                         871569              

OP_WAIT_12                                      587798                         587798              

OP_WAIT_13                                      565350                         565350              

OP_WAIT_14                                      174166                         174166              

OP_WAIT_15                                       87042                          87042              

OP_WAIT_16                                       71760                          71760              

OP_WAIT_17                                      315093                         315093              

OP_WAIT_18                                      108368                         108368              

OP_WAIT_19                                       48589                          48589              

OP_WAIT_20                                       30467                          30467              

OP_WAIT_21                                      258722                         258722              

OP_WAIT_22                                       85053                          85053              

OP_WAIT_23                                       24883                          24883              

OP_WAIT_24                                       13271                          13271              

OP_WAIT_25                                      196191                         196191              

OP_WAIT_26                                       60560                          60560              

OP_WAIT_27                                       15261                          15261              

OP_WAIT_28                                       11487                          11487              

OP_WAIT_29                                      139627                         139627              

OP_WAIT_30                                       43100                          43100              

OP_WAIT_31                                    42971001                       42971001              

ROW_SIZE_0                                    22474807                       22474807              

ROW_SIZE_1                                     2772432                        2772432              

ROW_SIZE_2                                      941610                         941610              

ROW_SIZE_3                                     1222471                        1222471              

ROW_SIZE_4                                     4699054                        4699054              

ROW_SIZE_5                                      712961                         712961              

ROW_SIZE_6                                    13645022                       13645022              

ROW_SIZE_7                                      233089                         233089              

ROW_SIZE_8                                    20638750                       20638750              

ROW_SIZE_9                                           0                              0              

ROW_SIZE_10                                          0                              0              

ROW_SIZE_11                                          0                              0              

ROW_SIZE_12                                          0                              0              

ROW_SIZE_13                                          0                              0              

ROW_SIZE_14                                          0                              0              

ROW_SIZE_15                                          0                              0              

ROW_SIZE_16                                          0                              0              

ROW_SIZE_17                                          0                              0              

ROW_SIZE_18                                          0                              0              

ROW_SIZE_19                                          0                              0              

ROW_SIZE_20                                          0                              0              

ROW_SIZE_21                                          0                              0              

ROW_SIZE_22                                          0                              0              

ROW_SIZE_23                                          0                              0              

ROW_SIZE_24                                          0                              0              

ROW_SIZE_25                                          0                              0              

ROW_SIZE_26                                          0                              0              

ROW_SIZE_27                                          0                              0              

ROW_SIZE_28                                          0                              0              

ROW_SIZE_29                                          0                              0              

ROW_SIZE_30                                          0                              0              

ROW_SIZE_31                                          0                              0              

RET_OP_EXEC_COUNT_0                           19659372        7.039%         19659372        7.039%
RET_OP_EXEC_COUNT_1                          259636469       92.961%        259636469       92.961%
RET_OP_EXEC_COUNT_2                                  0        0.000%                0        0.000%
RET_OP_EXEC_COUNT_3                                  0        0.000%                0        0.000%
RET_OP_EXEC_COUNT_4                                  0        0.000%                0        0.000%
RET_OP_EXEC_COUNT_5                                  0        0.000%                0        0.000%
RET_OP_EXEC_COUNT_6                                  0        0.000%                0        0.000%
RET_OP_EXEC_COUNT_7                                  0        0.000%                0        0.000%
RET_OP_EXEC_COUNT_8                                  0        0.000%                0        0.000%
RET_OP_EXEC_COUNT_9                                  0        0.000%                0        0.000%
RET_OP_EXEC_COUNT_10                                 0        0.000%                0        0.000%
RET_OP_EXEC_COUNT_11                                 0        0.000%                0        0.000%
RET_OP_EXEC_COUNT_12                                 0        0.000%                0        0.000%
RET_OP_EXEC_COUNT_13                                 0        0.000%                0        0.000%
RET_OP_EXEC_COUNT_14                                 0        0.000%                0        0.000%
RET_OP_EXEC_COUNT_15                                 0        0.000%                0        0.000%
RET_OP_EXEC_COUNT_16                                 0        0.000%                0        0.000%
RET_OP_EXEC_COUNT_17                                 0        0.000%                0        0.000%
RET_OP_EXEC_COUNT_18                                 0        0.000%                0        0.000%
RET_OP_EXEC_COUNT_19                                 0        0.000%                0        0.000%
RET_OP_EXEC_COUNT_20                                 0        0.000%                0        0.000%
RET_OP_EXEC_COUNT_21                                 0        0.000%                0        0.000%
RET_OP_EXEC_COUNT_22                                 0        0.000%                0        0.000%
RET_OP_EXEC_COUNT_23                                 0        0.000%                0        0.000%
RET_OP_EXEC_COUNT_24                                 0        0.000%                0        0.000%
RET_OP_EXEC_COUNT_25                                 0        0.000%                0        0.000%
RET_OP_EXEC_COUNT_26                                 0        0.000%                0        0.000%
RET_OP_EXEC_COUNT_27                                 0        0.000%                0        0.000%
RET_OP_EXEC_COUNT_28                                 0        0.000%                0        0.000%
RET_OP_EXEC_COUNT_29                                 0        0.000%                0        0.000%
RET_OP_EXEC_COUNT_30                                 0        0.000%                0        0.000%
RET_OP_EXEC_COUNT_31                                 0        0.000%                0        0.000%
RET_OP_EXEC_COUNT_32                                 0        0.000%                0        0.000%
                                             279295841      100.000%        279295841      100.000%
                                                  0.93         0.07              0.93         0.07

RET_STALL_LENGTH_0                           279271574       99.991%        279271574       99.991%
RET_STALL_LENGTH_100                             16324        0.006%            16324        0.006%
RET_STALL_LENGTH_200                              6166        0.002%             6166        0.002%
RET_STALL_LENGTH_300                               385        0.000%              385        0.000%
RET_STALL_LENGTH_400                               464        0.000%              464        0.000%
RET_STALL_LENGTH_500                               301        0.000%              301        0.000%
RET_STALL_LENGTH_600                               115        0.000%              115        0.000%
RET_STALL_LENGTH_700                                74        0.000%               74        0.000%
RET_STALL_LENGTH_800                                53        0.000%               53        0.000%
RET_STALL_LENGTH_900                                56        0.000%               56        0.000%
RET_STALL_LENGTH_1000                               44        0.000%               44        0.000%
RET_STALL_LENGTH_1100                               60        0.000%               60        0.000%
RET_STALL_LENGTH_1200                              146        0.000%              146        0.000%
RET_STALL_LENGTH_1300                               42        0.000%               42        0.000%
RET_STALL_LENGTH_1400                                4        0.000%                4        0.000%
RET_STALL_LENGTH_1500                                6        0.000%                6        0.000%
RET_STALL_LENGTH_1600                               10        0.000%               10        0.000%
RET_STALL_LENGTH_1700                                8        0.000%                8        0.000%
RET_STALL_LENGTH_1800                                6        0.000%                6        0.000%
RET_STALL_LENGTH_1900                                2        0.000%                2        0.000%
RET_STALL_LENGTH_2000                                1        0.000%                1        0.000%
RET_STALL_LENGTH_2100                                0        0.000%                0        0.000%
RET_STALL_LENGTH_2200                                0        0.000%                0        0.000%
RET_STALL_LENGTH_2300                                0        0.000%                0        0.000%
RET_STALL_LENGTH_2400                                0        0.000%                0        0.000%
RET_STALL_LENGTH_2500                                0        0.000%                0        0.000%
RET_STALL_LENGTH_2600                                0        0.000%                0        0.000%
RET_STALL_LENGTH_2700                                0        0.000%                0        0.000%
RET_STALL_LENGTH_2800                                0        0.000%                0        0.000%
RET_STALL_LENGTH_2900                                0        0.000%                0        0.000%
RET_STALL_LENGTH_3000                                0        0.000%                0        0.000%
RET_STALL_LENGTH_3100                                0        0.000%                0        0.000%
RET_STALL_LENGTH_3200                                0        0.000%                0        0.000%
RET_STALL_LENGTH_3300                                0        0.000%                0        0.000%
RET_STALL_LENGTH_3400                                0        0.000%                0        0.000%
RET_STALL_LENGTH_3500                                0        0.000%                0        0.000%
RET_STALL_LENGTH_3600                                0        0.000%                0        0.000%
RET_STALL_LENGTH_3700                                0        0.000%                0        0.000%
RET_STALL_LENGTH_3800                                0        0.000%                0        0.000%
RET_STALL_LENGTH_3900                                0        0.000%                0        0.000%
RET_STALL_LENGTH_4000                                0        0.000%                0        0.000%
RET_STALL_LENGTH_4100                                0        0.000%                0        0.000%
RET_STALL_LENGTH_4200                                0        0.000%                0        0.000%
RET_STALL_LENGTH_4300                                0        0.000%                0        0.000%
RET_STALL_LENGTH_4400                                0        0.000%                0        0.000%
RET_STALL_LENGTH_4500                                0        0.000%                0        0.000%
RET_STALL_LENGTH_4600                                0        0.000%                0        0.000%
RET_STALL_LENGTH_4700                                0        0.000%                0        0.000%
RET_STALL_LENGTH_4800                                0        0.000%                0        0.000%
RET_STALL_LENGTH_4900                                0        0.000%                0        0.000%
RET_STALL_LENGTH_5000                                0        0.000%                0        0.000%
                                             279295841      100.000%        279295841      100.000%
                                                  0.00         0.02              0.00         0.02

MEM_BLOCK_LENGTH_0                                3654       85.175%             3654       85.175%
MEM_BLOCK_LENGTH_100                               304        7.086%              304        7.086%
MEM_BLOCK_LENGTH_200                               131        3.054%              131        3.054%
MEM_BLOCK_LENGTH_300                                36        0.839%               36        0.839%
MEM_BLOCK_LENGTH_400                                39        0.909%               39        0.909%
MEM_BLOCK_LENGTH_500                                38        0.886%               38        0.886%
MEM_BLOCK_LENGTH_600                                29        0.676%               29        0.676%
MEM_BLOCK_LENGTH_700                                18        0.420%               18        0.420%
MEM_BLOCK_LENGTH_800                                 8        0.186%                8        0.186%
MEM_BLOCK_LENGTH_900                                 7        0.163%                7        0.163%
MEM_BLOCK_LENGTH_1000                                4        0.093%                4        0.093%
MEM_BLOCK_LENGTH_1100                                1        0.023%                1        0.023%
MEM_BLOCK_LENGTH_1200                                3        0.070%                3        0.070%
MEM_BLOCK_LENGTH_1300                                2        0.047%                2        0.047%
MEM_BLOCK_LENGTH_1400                                1        0.023%                1        0.023%
MEM_BLOCK_LENGTH_1500                                5        0.117%                5        0.117%
MEM_BLOCK_LENGTH_1600                                2        0.047%                2        0.047%
MEM_BLOCK_LENGTH_1700                                1        0.023%                1        0.023%
MEM_BLOCK_LENGTH_1800                                3        0.070%                3        0.070%
MEM_BLOCK_LENGTH_1900                                0        0.000%                0        0.000%
MEM_BLOCK_LENGTH_2000                                0        0.000%                0        0.000%
MEM_BLOCK_LENGTH_2100                                1        0.023%                1        0.023%
MEM_BLOCK_LENGTH_2200                                0        0.000%                0        0.000%
MEM_BLOCK_LENGTH_2300                                0        0.000%                0        0.000%
MEM_BLOCK_LENGTH_2400                                0        0.000%                0        0.000%
MEM_BLOCK_LENGTH_2500                                0        0.000%                0        0.000%
MEM_BLOCK_LENGTH_2600                                0        0.000%                0        0.000%
MEM_BLOCK_LENGTH_2700                                0        0.000%                0        0.000%
MEM_BLOCK_LENGTH_2800                                0        0.000%                0        0.000%
MEM_BLOCK_LENGTH_2900                                1        0.023%                1        0.023%
MEM_BLOCK_LENGTH_3000                                0        0.000%                0        0.000%
MEM_BLOCK_LENGTH_3100                                0        0.000%                0        0.000%
MEM_BLOCK_LENGTH_3200                                0        0.000%                0        0.000%
MEM_BLOCK_LENGTH_3300                                0        0.000%                0        0.000%
MEM_BLOCK_LENGTH_3400                                2        0.047%                2        0.047%
MEM_BLOCK_LENGTH_3500                                0        0.000%                0        0.000%
MEM_BLOCK_LENGTH_3600                                0        0.000%                0        0.000%
MEM_BLOCK_LENGTH_3700                                0        0.000%                0        0.000%
MEM_BLOCK_LENGTH_3800                                0        0.000%                0        0.000%
MEM_BLOCK_LENGTH_3900                                0        0.000%                0        0.000%
MEM_BLOCK_LENGTH_4000                                0        0.000%                0        0.000%
MEM_BLOCK_LENGTH_4100                                0        0.000%                0        0.000%
MEM_BLOCK_LENGTH_4200                                0        0.000%                0        0.000%
MEM_BLOCK_LENGTH_4300                                0        0.000%                0        0.000%
MEM_BLOCK_LENGTH_4400                                0        0.000%                0        0.000%
MEM_BLOCK_LENGTH_4500                                0        0.000%                0        0.000%
MEM_BLOCK_LENGTH_4600                                0        0.000%                0        0.000%
MEM_BLOCK_LENGTH_4700                                0        0.000%                0        0.000%
MEM_BLOCK_LENGTH_4800                                0        0.000%                0        0.000%
MEM_BLOCK_LENGTH_4900                                0        0.000%                0        0.000%
MEM_BLOCK_LENGTH_5000                                0        0.000%                0        0.000%
                                                  4290      100.000%             4290      100.000%
                                                  0.44         1.69              0.44         1.69

FUS_BUSY_ON_PATH                             266317056        3.8546        266317056        3.8546

FUS_BUSY_OFF_PATH                              7021670        0.1016          7021670        0.1016

FU_BUSY_MEM_STALL                              5672049        0.0821          5672049        0.0821

FUS_EMPTY                                    417569744        6.0438        417569744        6.0438

FU_UNAVAILABLE                                  596419        0.0086           596419        0.0086

FU_MEM_UNAVAILABLE                             4670864        0.0676          4670864        0.0676

FU_OTHER_UNAVAILABLE                                 0        0.0000                0        0.0000

FU_REPLAY                                            0        0.0000                0        0.0000

FU_STARVED                                   417038922        6.0361        417038922        6.0361

CHIP_UTILIZATION                                     0        0.0000                0        0.0000

CYCLES_UNDER_MEM_REQ                                 0                              0              

CYCLES_UNDER_NO_MEM_REQ                              0                              0              

CYCLES_UNDER_CRITICAL_MEM_REQ                        0                              0              

CYCLES_UNDER_NONCRITICAL_MEM_REQ                     0                              0              

CHIP_UTILIZATION_UNDER_MEM_REQ                       0          -nan                0          -nan

CHIP_UTILIZATION_UNDER_NO_MEM_REQ                    0          -nan                0          -nan

CHIP_UTILIZATION_UNDER_CRITICAL_MEM_REQ              0          -nan                0          -nan

CHIP_UTILIZATION_UNDER_NONCRITICAL_MEM_REQ             0          -nan                0          -nan

CYCLES_NOT_WAITING_FOR_OFF_CHIP                      0        0.0000                0        0.0000

FUS_BUSY_NOT_WAITING_FOR_OFF_CHIP                    0          -nan                0          -nan

CYCLES_WAITING_FOR_OFF_CHIP                          0        0.0000                0        0.0000

FUS_BUSY_WAITING_FOR_OFF_CHIP                        0          -nan                0          -nan

TOTAL_OFF_CHIP_DELAYS_LEFT                           0                              0              

WRONG_IO_SCHED                                       0                              0              

DVFS_CONFIG_SWITCH                                   0                              0              

MAP_STAGE_RECEIVED_OPS_0                             0        0.000%                0        0.000%
MAP_STAGE_RECEIVED_OPS_1                        181922        0.375%           181922        0.375%
MAP_STAGE_RECEIVED_OPS_2                        295631        0.610%           295631        0.610%
MAP_STAGE_RECEIVED_OPS_3                        351802        0.726%           351802        0.726%
MAP_STAGE_RECEIVED_OPS_4                       4151375        8.565%          4151375        8.565%
MAP_STAGE_RECEIVED_OPS_5                        325817        0.672%           325817        0.672%
MAP_STAGE_RECEIVED_OPS_6                      43161536       89.051%         43161536       89.051%
MAP_STAGE_RECEIVED_OPS_7                             0        0.000%                0        0.000%
MAP_STAGE_RECEIVED_OPS_8                             0        0.000%                0        0.000%
MAP_STAGE_RECEIVED_OPS_MAX                           0        0.000%                0        0.000%
                                              48468083      100.000%         48468083      100.000%
                                                  5.76         0.74              5.76         0.74

MAP_STAGE_WAIT_FOR_DECODE                            0         -nan%                0         -nan%
MAP_STAGE_CONSUME_DECODE                             0         -nan%                0         -nan%
                                                     0         -nan%                0         -nan%
                                                  -nan         -nan              -nan         -nan

MAP_STAGE_WAIT_FOR_DECODE2                           0         -nan%                0         -nan%
MAP_STAGE_CONSUME_DECODE2                            0         -nan%                0         -nan%
                                                     0         -nan%                0         -nan%
                                                  -nan         -nan              -nan         -nan

FTQ_RECOVER_EXEC                                137525                         137525              

FTQ_RECOVER_DECODE                                5095                           5095              

FTQ_OFFPATH_CYCLES                            18468665                       18468665              

FTQ_CYCLES_OFFPATH                            18468665                       18468665              

FTQ_CYCLES_ONPATH                             50622182                       50622182              

FTQ_FETCHED_INS_ONPATH                       279295841                      279295841              

FTQ_FETCHED_INS_OFFPATH                      106458992                      106458992              

FTQ_BREAK_FULL_FT_ONPATH                      30961947                       30961947              

FTQ_BREAK_FULL_FT_OFFPATH                      7708168                        7708168              

FTQ_BREAK_PRED_BR_ONPATH                             0                              0              

FTQ_BREAK_PRED_BR_OFFPATH                            0                              0              

FTQ_BREAK_BAR_FETCH_ONPATH                           0                              0              

FTQ_BREAK_BAR_FETCH_OFFPATH                          0                              0              

FTQ_BREAK_MAX_CFS_TAKEN_ONPATH                       0                              0              

FTQ_BREAK_MAX_CFS_TAKEN_OFFPATH                      0                              0              

FTQ_BREAK_MAX_FT_ONPATH                       19660139                       19660139              

FTQ_BREAK_MAX_FT_OFFPATH                      10760497                       10760497              

DFE_GEN_ON_PATH_FT                            44728783                       44728783              

DFE_GEN_OFF_PATH_FT                           10267055                       10267055              

DFE_L0_ENABLED_PREDICTIONS                   279295841                      279295841              

DFE_L0_WRONG_MAIN_CORRECT                      2606246                        2606246              

DFE_L0_WRONG_MAIN_WRONG                         116844                         116844              

DFE_L0_CORRECT_MAIN_WRONG                        25776                          25776              

DFE_L0_CORRECT_MAIN_CORRECT                  276546975                      276546975              

DFE_L0_WRONG_MAIN_CORRECT_RECOVERY_SCHEDULED             0                              0              

FTQ_SAW_BAR_FETCH_OFFPATH                        79398                          79398              

FTQ_SAW_BAR_FETCH_ONPATH                         53131                          53131              

DFE_CONF_0_RECOVER_AT_EXEC                           0         -nan%                0         -nan%
DFE_CONF_1_RECOVER_AT_EXEC                           0         -nan%                0         -nan%
DFE_CONF_2_RECOVER_AT_EXEC                           0         -nan%                0         -nan%
DFE_CONF_3_RECOVER_AT_EXEC                           0         -nan%                0         -nan%
DFE_CONF_0_CORRECT                                   0         -nan%                0         -nan%
DFE_CONF_1_CORRECT                                   0         -nan%                0         -nan%
DFE_CONF_2_CORRECT                                   0         -nan%                0         -nan%
DFE_CONF_3_CORRECT                                   0         -nan%                0         -nan%
                                                     0         -nan%                0         -nan%
                                                  -nan         -nan              -nan         -nan

DFE_ON_CONF_ON_OPS                                   0         -nan%                0         -nan%
DFE_ON_CONF_OFF_OPS                                  0         -nan%                0         -nan%
DFE_OFF_CONF_ON_OPS                                  0         -nan%                0         -nan%
DFE_OFF_CONF_OFF_REALISTIC_OPS                       0         -nan%                0         -nan%
DFE_OFF_CONF_OFF_PERFECT_OPS                         0         -nan%                0         -nan%
                                                     0         -nan%                0         -nan%
                                                  -nan         -nan              -nan         -nan

DFE_ON_CONF_ON_FETCH_TARGETS                         0         -nan%                0         -nan%
DFE_ON_CONF_OFF_FETCH_TARGETS                        0         -nan%                0         -nan%
DFE_OFF_CONF_ON_FETCH_TARGETS                        0         -nan%                0         -nan%
DFE_OFF_CONF_OFF_REALISTIC_FETCH_TARGETS             0         -nan%                0         -nan%
DFE_OFF_CONF_OFF_PERFECT_FETCH_TARGETS               0         -nan%                0         -nan%
                                                     0         -nan%                0         -nan%
                                                  -nan         -nan              -nan         -nan

DFE_ON_CONF_ON_CYCLES                                0         -nan%                0         -nan%
DFE_ON_CONF_OFF_CYCLES                               0         -nan%                0         -nan%
DFE_OFF_CONF_ON_CYCLES                               0         -nan%                0         -nan%
DFE_OFF_CONF_OFF_REALISTIC_CYCLES                    0         -nan%                0         -nan%
DFE_OFF_CONF_OFF_PERFECT_CYCLES                      0         -nan%                0         -nan%
                                                     0         -nan%                0         -nan%
                                                  -nan         -nan              -nan         -nan

DFE_OFF_CONF_ON_NUM_EVENTS                           0                              0              

DFE_OFF_CONF_ON_NOT_IDENTIFIED_EVENTS                0         -nan%                0         -nan%
DFE_OFF_CONF_ON_IBTB_MISS_EVENTS                     0         -nan%                0         -nan%
DFE_OFF_CONF_ON_BTB_MISS_EVENTS                      0         -nan%                0         -nan%
DFE_OFF_CONF_ON_BTB_MISS_RECOVER_AT_EXEC_EVENTS             0         -nan%                0         -nan%
DFE_OFF_CONF_ON_RECOVER_AT_EXEC_EVENTS               0         -nan%                0         -nan%
DFE_OFF_CONF_ON_RECOVER_AT_DECODE_EVENTS             0         -nan%                0         -nan%
                                                     0         -nan%                0         -nan%
                                                  -nan         -nan              -nan         -nan

DFE_OFF_CONF_ON_LATE_BTB_HIT_EVENTS                  0                              0              

DFE_OFF_CONF_ON_NOT_IDENTIFIED_CYCLES                0         -nan%                0         -nan%
DFE_OFF_CONF_ON_IBTB_MISS_CYCLES                     0         -nan%                0         -nan%
DFE_OFF_CONF_ON_BTB_MISS_CYCLES                      0         -nan%                0         -nan%
DFE_OFF_CONF_ON_BTB_MISS_RECOVER_AT_EXEC_CYCLES             0         -nan%                0         -nan%
DFE_OFF_CONF_ON_RECOVER_AT_EXEC_CYCLES               0         -nan%                0         -nan%
DFE_OFF_CONF_ON_RECOVER_AT_DECODE_CYCLES             0         -nan%                0         -nan%
                                                     0         -nan%                0         -nan%
                                                  -nan         -nan              -nan         -nan

DFE_OFF_CONF_ON_LATE_BTB_HIT_CYCLES                  0                              0              

DFE_OFF_CONF_ON_NOT_IDENTIFIED_FETCH_TARGETS             0         -nan%                0         -nan%
DFE_OFF_CONF_ON_IBTB_MISS_FETCH_TARGETS              0         -nan%                0         -nan%
DFE_OFF_CONF_ON_BTB_MISS_FETCH_TARGETS               0         -nan%                0         -nan%
DFE_OFF_CONF_ON_BTB_MISS_RECOVER_AT_EXEC_FETCH_TARGETS             0         -nan%                0         -nan%
DFE_OFF_CONF_ON_RECOVER_AT_EXEC_FETCH_TARGETS             0         -nan%                0         -nan%
DFE_OFF_CONF_ON_RECOVER_AT_DECODE_FETCH_TARGETS             0         -nan%                0         -nan%
                                                     0         -nan%                0         -nan%
                                                  -nan         -nan              -nan         -nan

DFE_OFF_CONF_ON_LATE_BTB_HIT_FETCH_TARGETS             0                              0              

DFE_OFF_CONF_ON_BP_INCORRECT_0_CONF                  0         -nan%                0         -nan%
DFE_OFF_CONF_ON_BP_INCORRECT_1_CONF                  0         -nan%                0         -nan%
DFE_OFF_CONF_ON_BP_INCORRECT_2_CONF                  0         -nan%                0         -nan%
DFE_OFF_CONF_ON_BP_INCORRECT_3_CONF                  0         -nan%                0         -nan%
                                                     0         -nan%                0         -nan%
                                                  -nan         -nan              -nan         -nan

DFE_OFF_CONF_ON_BTB_MISS_CBR_0_CONF                  0         -nan%                0         -nan%
DFE_OFF_CONF_ON_BTB_MISS_CBR_1_CONF                  0         -nan%                0         -nan%
DFE_OFF_CONF_ON_BTB_MISS_CBR_2_CONF                  0         -nan%                0         -nan%
DFE_OFF_CONF_ON_BTB_MISS_CBR_3_CONF                  0         -nan%                0         -nan%
                                                     0         -nan%                0         -nan%
                                                  -nan         -nan              -nan         -nan

DFE_OFF_CONF_ON_BTB_MISS_NOT_CF                      0         -nan%                0         -nan%
DFE_OFF_CONF_ON_BTB_MISS_CF_BR                       0         -nan%                0         -nan%
DFE_OFF_CONF_ON_BTB_MISS_CF_CBR                      0         -nan%                0         -nan%
DFE_OFF_CONF_ON_BTB_MISS_CF_CALL                     0         -nan%                0         -nan%
DFE_OFF_CONF_ON_BTB_MISS_CF_IBR                      0         -nan%                0         -nan%
DFE_OFF_CONF_ON_BTB_MISS_CF_ICALL                    0         -nan%                0         -nan%
DFE_OFF_CONF_ON_BTB_MISS_CF_ICO                      0         -nan%                0         -nan%
DFE_OFF_CONF_ON_BTB_MISS_CF_RET                      0         -nan%                0         -nan%
DFE_OFF_CONF_ON_BTB_MISS_CF_SYS                      0         -nan%                0         -nan%
                                                     0         -nan%                0         -nan%
                                                  -nan         -nan              -nan         -nan

DFE_ON_CONF_OFF_NUM_EVENTS                           0                              0              

CONF_BTB_NUM_CYCLES_OFF_PATH_EVENT                   0                              0              

DFE_ON_CONF_OFF_IBTB_MISS_BP_TAKEN                   0         -nan%                0         -nan%
DFE_ON_CONF_OFF_BTB_MISS_BP_TAKEN_CONF_0             0         -nan%                0         -nan%
DFE_ON_CONF_OFF_BTB_MISS_BP_TAKEN_CONF_1             0         -nan%                0         -nan%
DFE_ON_CONF_OFF_BTB_MISS_BP_TAKEN_CONF_2             0         -nan%                0         -nan%
DFE_ON_CONF_OFF_BTB_MISS_BP_TAKEN_CONF_3             0         -nan%                0         -nan%
DFE_ON_CONF_OFF_BTB_MISS_RATE                        0         -nan%                0         -nan%
DFE_ON_CONF_OFF_IBTB_MISS_RATE                       0         -nan%                0         -nan%
DFE_ON_CONF_OFF_RECOVER_AT_DECODE_RATE               0         -nan%                0         -nan%
DFE_ON_CONF_OFF_RECOVER_AT_EXEC_RATE                 0         -nan%                0         -nan%
DFE_ON_CONF_OFF_INV_CONF_INC                         0         -nan%                0         -nan%
DFE_ON_CONF_OFF_PERFECT_CONF                         0         -nan%                0         -nan%
                                                     0         -nan%                0         -nan%
                                                  -nan         -nan              -nan         -nan

DFE_ON_CONF_OFF_IBTB_MISS_BP_TAKEN_CYCLES             0         -nan%                0         -nan%
DFE_ON_CONF_OFF_BTB_MISS_BP_TAKEN_CONF_0_CYCLES             0         -nan%                0         -nan%
DFE_ON_CONF_OFF_BTB_MISS_BP_TAKEN_CONF_1_CYCLES             0         -nan%                0         -nan%
DFE_ON_CONF_OFF_BTB_MISS_BP_TAKEN_CONF_2_CYCLES             0         -nan%                0         -nan%
DFE_ON_CONF_OFF_BTB_MISS_BP_TAKEN_CONF_3_CYCLES             0         -nan%                0         -nan%
DFE_ON_CONF_OFF_BTB_MISS_RATE_CYCLES                 0         -nan%                0         -nan%
DFE_ON_CONF_OFF_IBTB_MISS_RATE_CYCLES                0         -nan%                0         -nan%
DFE_ON_CONF_OFF_RECOVER_AT_DECODE_RATE_CYCLES             0         -nan%                0         -nan%
DFE_ON_CONF_OFF_RECOVER_AT_EXEC_RATE_CYCLES             0         -nan%                0         -nan%
DFE_ON_CONF_OFF_INV_CONF_INC_CYCLES                  0         -nan%                0         -nan%
DFE_ON_CONF_OFF_PERFECT_CONF_CYCLES                  0         -nan%                0         -nan%
                                                     0         -nan%                0         -nan%
                                                  -nan         -nan              -nan         -nan

DFE_ON_CONF_OFF_IBTB_MISS_BP_TAKEN_FETCH_TARGETS             0         -nan%                0         -nan%
DFE_ON_CONF_OFF_BTB_MISS_BP_TAKEN_CONF_0_FETCH_TARGETS             0         -nan%                0         -nan%
DFE_ON_CONF_OFF_BTB_MISS_BP_TAKEN_CONF_1_FETCH_TARGETS             0         -nan%                0         -nan%
DFE_ON_CONF_OFF_BTB_MISS_BP_TAKEN_CONF_2_FETCH_TARGETS             0         -nan%                0         -nan%
DFE_ON_CONF_OFF_BTB_MISS_BP_TAKEN_CONF_3_FETCH_TARGETS             0         -nan%                0         -nan%
DFE_ON_CONF_OFF_BTB_MISS_RATE_FETCH_TARGETS             0         -nan%                0         -nan%
DFE_ON_CONF_OFF_IBTB_MISS_RATE_FETCH_TARGETS             0         -nan%                0         -nan%
DFE_ON_CONF_OFF_RECOVER_AT_DECODE_RATE_FETCH_TARGETS             0         -nan%                0         -nan%
DFE_ON_CONF_OFF_RECOVER_AT_EXEC_RATE_FETCH_TARGETS             0         -nan%                0         -nan%
DFE_ON_CONF_OFF_INV_CONF_INC_FETCH_TARGETS             0         -nan%                0         -nan%
DFE_ON_CONF_OFF_PERFECT_CONF_FETCH_TARGETS             0         -nan%                0         -nan%
                                                     0         -nan%                0         -nan%
                                                  -nan         -nan              -nan         -nan

CONF_OFF_IBTB_MISS_BP_TAKEN                          0         -nan%                0         -nan%
CONF_OFF_BTB_MISS_BP_TAKEN_CONF_0                    0         -nan%                0         -nan%
CONF_OFF_BTB_MISS_BP_TAKEN_CONF_1                    0         -nan%                0         -nan%
CONF_OFF_BTB_MISS_BP_TAKEN_CONF_2                    0         -nan%                0         -nan%
CONF_OFF_BTB_MISS_BP_TAKEN_CONF_3                    0         -nan%                0         -nan%
CONF_OFF_BTB_MISS_RATE                               0         -nan%                0         -nan%
CONF_OFF_IBTB_MISS_RATE                              0         -nan%                0         -nan%
CONF_OFF_RECOVER_AT_DECODE_RATE                      0         -nan%                0         -nan%
CONF_OFF_RECOVER_AT_EXEC_RATE                        0         -nan%                0         -nan%
CONF_OFF_INV_CONF_INC                                0         -nan%                0         -nan%
CONF_OFF_PERFECT_CONF                                0         -nan%                0         -nan%
                                                     0         -nan%                0         -nan%
                                                  -nan         -nan              -nan         -nan

TOPDOWN_TOTAL_SLOTS                          414545082                      414545082              

TOPDOWN_ISSUED_SLOTS                         298464183                      298464183              

TOPDOWN_RETIRED_SLOTS                        279295841                      279295841              

TOPDOWN_FETCH_BUBBLES_SLOTS                   30180086                       30180086              

TOPDOWN_RECOVERY_BUBBLES_SLOTS                10272317                       10272317              

TOPDOWN_MEM_LOAD_STALLS_CYCLES                12098574                       12098574              

TOPDOWN_MEM_STORE_STALLS_CYCLES                  67181                          67181              

TOPDOWN_EXEC_STALLS_CYCLES                    12263072                       12263072              

TOPDOWN_BACKEND_STALLS_CYCLES                 12273714                       12273714              

TOPDOWN_FETCH_BUBBLES_GT_MIW_CYCLES            3247633                        3247633              

TOPDOWN_BR_RECOVER_AT_EXEC_RETIRED_CYCLES        137525                         137525              

TOPDOWN_MACHINE_CLEAR_CYCLES                   2748866                        2748866              

TOPDOWN_FRONTEND_BOUND                             728                            728              

TOPDOWN_BACKEND_BOUND                             1825                           1825              

TOPDOWN_BAD_SPEC_BOUND                             710                            710              

TOPDOWN_RETIRING_BOUND                            6737                           6737              

TOPDOWN_FETCH_LATENCY_BOUND                        470                            470              

TOPDOWN_FETCH_BANDWIDTH_BOUND                      258                            258              

TOPDOWN_MEM_BOUND                                 1808                           1808              

TOPDOWN_CORE_BOUND                                  17                             17              

TOPDOWN_BR_RECOVER_AT_EXEC_BOUND                    33                             33              

TOPDOWN_MACHINE_CLEARS_BOUND                       677                            677              

H2P_SEEN_MAIN                                   161975                         161975              



