/* -*- Mode: c -*- */
####################################################################################################
Core 0
####################################################################################################
Cumulative:        Cycles: 66597036              Instructions: 29999995              IPC: 0.45047

Periodic:          Cycles: 66597036              Instructions: 29999995              IPC: 0.45047

EXECUTION_TIME                           20811573750000                  20811573750000              

SIM_HOST_WALL_SECONDS                       235.993883                     235.993883              

NODE_CYCLE                                    66597036                       66597036              

NODE_INST_COUNT                               30000383                       30000383              

NODE_INST_COUNT_FETCHED                       29999995                       29999995              

NODE_UOP_COUNT                                31766587                       31766587              

EXEC_STAGE_NO_ISSUE_STALL_CYCLE               10932410                       10932410              

EXEC_STAGE_NO_ISSUE_STALL_CYCLE_ONPATH        10882892                       10882892              

FULL_WINDOW_STALL                                 3148        0.005%             3148        0.005%

FULL_WINDOW_MEM_OP                                2737       91.355%             2737       91.355%
FULL_WINDOW_FP_OP                                    0        0.000%                0        0.000%
FULL_WINDOW_OTHER_OP                               259        8.645%              259        8.645%
                                                  2996      100.000%             2996      100.000%
                                                  0.17         0.54              0.17         0.54

RET_BLOCKED_DC_MISS                            5728641        8.602%          5728641        8.602%

RET_BLOCKED_L1_MISS                            5349450        8.033%          5349450        8.033%

RET_BLOCKED_L1_MISS_BW_PREF                      18224        0.027%            18224        0.027%

RET_BLOCKED_L1_ACCESS                           487249        0.732%           487249        0.732%

RET_BLOCKED_MEM_STALL                         49155182       73.810%         49155182       73.810%

RET_BLOCKED_OFFCHIP_DEMAND                           0        0.000%                0        0.000%

OP_ISSUED                                     31916356                       31916356              

OP_RETIRED                                    31766587                       31766587              

OP_MACRO_FUSION_ONPATH                         5432764                        5432764              

OP_MACRO_FUSION_OFFPATH                          29151                          29151              

REPLAY_SIGNALED                                      0                              0              

REPLAY_COUNTED                                       0                              0              

OFF_CRITICAL_PATH                                    0         -nan%                0         -nan%
ON_CRITICAL_PATH                                     0         -nan%                0         -nan%
                                                     0         -nan%                0         -nan%
                                                  -nan         -nan              -nan         -nan

LD_NO_DEPENDENTS                                241300       10.559%           241300       10.559%
LD_DEPENDENTS                                  2044055       89.441%          2044055       89.441%
                                               2285355      100.000%          2285355      100.000%
                                                  0.89         0.85              0.89         0.85

LD_EXEC_CYCLES_0                                     0        0.000%                0        0.000%
LD_EXEC_CYCLES_1                                274653       81.371%           274653       81.371%
LD_EXEC_CYCLES_2                                 13542        4.012%            13542        4.012%
LD_EXEC_CYCLES_3                                 16321        4.835%            16321        4.835%
LD_EXEC_CYCLES_4                                 33014        9.781%            33014        9.781%
                                                337530      100.000%           337530      100.000%
                                                  1.43         1.06              1.43         1.06

ICACHE_STAGE_STARVED                             71630        0.108%            71630        0.108%
ICACHE_STAGE_NOT_STARVED                      66341644       99.892%         66341644       99.892%
                                              66413274      100.000%         66413274      100.000%
                                                  1.00         1.00              1.00         1.00

ICACHE_STAGE_STALLED                          61741144       92.709%         61741144       92.709%
ICACHE_STAGE_NOT_STALLED                       4672130        7.016%          4672130        7.016%
ICACHE_STAGE_OFF_PATH                           183762        0.276%           183762        0.276%
                                              66597036      100.000%         66597036      100.000%
                                                  0.08         0.26              0.08         0.26

DECODE_STAGE_STARVED                          66406337       99.867%         66406337       99.867%
DECODE_STAGE_NOT_STARVED                         88452        0.133%            88452        0.133%
                                              66494789      100.000%         66494789      100.000%
                                                  0.00         0.04              0.00         0.04

DECODE_STAGE_STALLED                           8592150       12.902%          8592150       12.902%
DECODE_STAGE_NOT_STALLED                      57902639       86.945%         57902639       86.945%
DECODE_STAGE_OFF_PATH                           102247        0.154%           102247        0.154%
                                              66597036      100.000%         66597036      100.000%
                                                  0.87         0.13              0.87         0.13

UOPQ_STAGE_STARVED                              177593        3.808%           177593        3.808%
UOPQ_STAGE_NOT_STARVED                         4486449       96.192%          4486449       96.192%
                                               4664042      100.000%          4664042      100.000%
                                                  0.96         0.94              0.96         0.94

UOPQ_STAGE_STALLED                            61791724       92.784%         61791724       92.784%
UOPQ_STAGE_NOT_STALLED                         4664042        7.003%          4664042        7.003%
UOPQ_STAGE_OFF_PATH                             141270        0.212%           141270        0.212%
                                              66597036      100.000%         66597036      100.000%
                                                  0.07         0.26              0.07         0.26

RS_OP_READY_NOT_ISSUED_TOTAL                 972787268                      972787268              

RS_0_OP_READY_NOT_ISSUED                       4829345                        4829345              

RS_1_OP_READY_NOT_ISSUED                        143087                         143087              

RS_2_OP_READY_NOT_ISSUED                     967814836                      967814836              

RS_3_OP_READY_NOT_ISSUED                             0                              0              

RS_4_OP_READY_NOT_ISSUED                             0                              0              

RS_5_OP_READY_NOT_ISSUED                             0                              0              

RS_6_OP_READY_NOT_ISSUED                             0                              0              

RS_7_OP_READY_NOT_ISSUED                             0                              0              

RS_7_PLUS_OP_READY_NOT_ISSUED                        0                              0              

FU_IDLE_NO_READY_OPS_TOTAL                   495018560                      495018560              

FU_0_IDLE_NO_READY_OPS                        56454244                       56454244              

FU_1_IDLE_NO_READY_OPS                        58128573                       58128573              

FU_2_IDLE_NO_READY_OPS                        64729228                       64729228              

FU_3_IDLE_NO_READY_OPS                        64729840                       64729840              

FU_4_IDLE_NO_READY_OPS                        58299367                       58299367              

FU_5_IDLE_NO_READY_OPS                        56171847                       56171847              

FU_6_IDLE_NO_READY_OPS                         6813847                        6813847              

FU_7_IDLE_NO_READY_OPS                         6816397                        6816397              

FU_8_IDLE_NO_READY_OPS                        58147388                       58147388              

FU_9_IDLE_NO_READY_OPS                        64727829                       64727829              

FU_10_IDLE_NO_READY_OPS                              0                              0              

FU_11_IDLE_NO_READY_OPS                              0                              0              

FU_12_IDLE_NO_READY_OPS                              0                              0              

FU_13_IDLE_NO_READY_OPS                              0                              0              

FU_14_IDLE_NO_READY_OPS                              0                              0              

FU_15_IDLE_NO_READY_OPS                              0                              0              

FU_16_IDLE_NO_READY_OPS                              0                              0              

FU_17_IDLE_NO_READY_OPS                              0                              0              

FU_18_IDLE_NO_READY_OPS                              0                              0              

FU_19_IDLE_NO_READY_OPS                              0                              0              

FU_20_IDLE_NO_READY_OPS                              0                              0              

FU_21_IDLE_NO_READY_OPS                              0                              0              

FU_22_IDLE_NO_READY_OPS                              0                              0              

FU_23_IDLE_NO_READY_OPS                              0                              0              

FU_24_IDLE_NO_READY_OPS                              0                              0              

FU_25_IDLE_NO_READY_OPS                              0                              0              

FU_26_IDLE_NO_READY_OPS                              0                              0              

FU_27_IDLE_NO_READY_OPS                              0                              0              

FU_28_IDLE_NO_READY_OPS                              0                              0              

FU_29_IDLE_NO_READY_OPS                              0                              0              

FU_30_IDLE_NO_READY_OPS                              0                              0              

FU_31_IDLE_NO_READY_OPS                              0                              0              

FU_31_PLUS_IDLE_NO_READY_OPS                         0                              0              

MAP_STAGE_STARVED                                78605        0.119%            78605        0.119%
MAP_STAGE_NOT_STARVED                         65897752       99.881%         65897752       99.881%
                                              65976357      100.000%         65976357      100.000%
                                                  1.00         1.00              1.00         1.00

MAP_STAGE_STALLED                             60596606       91.748%         60596606       91.748%
MAP_STAGE_NOT_STALLED                          5379751        8.145%          5379751        8.145%
MAP_STAGE_OFF_PATH                               70074        0.106%            70074        0.106%
                                              66046431      100.000%         66046431      100.000%
                                                  0.08         0.27              0.08         0.27

MAP_STAGE_STALL_ITSELF                          550605        0.827%           550605        0.827%
MAP_STAGE_NOT_STALL_ITSELF                    66046431       99.173%         66046431       99.173%
                                              66597036      100.000%         66597036      100.000%
                                                  0.99         0.99              0.99         0.99

MAP_STAGE_LATE_ALLOCATE_SEND_BACK                    0                              0              

MAP_STAGE_RENAME_OP_ONPATH                    31766587                       31766587              

MAP_STAGE_RENAME_OP_OFFPATH                     294490                         294490              

MAP_STAGE_RENAME_INT_REG_ONPATH               22199593                       22199593              

MAP_STAGE_RENAME_INT_REG_OFFPATH                199683                         199683              

MAP_STAGE_RENAME_VEC_REG_ONPATH                 197534                         197534              

MAP_STAGE_RENAME_VEC_REG_OFFPATH                  8100                           8100              

MAP_STAGE_RENAME_MOVE_ELIM_ONPATH                    0                              0              

MAP_STAGE_RENAME_MOVE_ELIM_OFFPATH                   0                              0              

MAP_STAGE_ONPATH_INT_REG_NUM_ALLOC            23131021                       23131021              

MAP_STAGE_ONPATH_VEC_REG_NUM_ALLOC              197524                         197524              

MAP_STAGE_ONPATH_INT_REG_NUM_SHORTLIVE         8325125                        8325125              

MAP_STAGE_ONPATH_VEC_REG_NUM_SHORTLIVE           61038                          61038              

MAP_STAGE_ONPATH_INT_REG_USE_COUNT_0           6817709                        6817709              

MAP_STAGE_ONPATH_VEC_REG_USE_COUNT_0             67826                          67826              

MAP_STAGE_ONPATH_INT_REG_USE_COUNT_1           9602687                        9602687              

MAP_STAGE_ONPATH_VEC_REG_USE_COUNT_1            120546                         120546              

MAP_STAGE_ONPATH_INT_REG_USE_COUNT_2           2009661                        2009661              

MAP_STAGE_ONPATH_VEC_REG_USE_COUNT_2               725                            725              

MAP_STAGE_ONPATH_INT_REG_USE_COUNT_3            368556                         368556              

MAP_STAGE_ONPATH_VEC_REG_USE_COUNT_3                 0                              0              

MAP_STAGE_ONPATH_INT_REG_USE_COUNT_4           3776060                        3776060              

MAP_STAGE_ONPATH_VEC_REG_USE_COUNT_4              8423                           8423              

MAP_STAGE_ONPATH_INT_REG_USE_COUNT_5            169313                         169313              

MAP_STAGE_ONPATH_VEC_REG_USE_COUNT_5                 1                              1              

MAP_STAGE_ONPATH_INT_REG_USE_COUNT_6             67956                          67956              

MAP_STAGE_ONPATH_VEC_REG_USE_COUNT_6                 0                              0              

MAP_STAGE_ONPATH_INT_REG_USE_COUNT_7_PLUS        319079                         319079              

MAP_STAGE_ONPATH_VEC_REG_USE_COUNT_7_PLUS             3                              3              

MAP_STAGE_ONPATH_INT_REG_CONSUME_DIST_0              0        0.0000                0        0.0000

MAP_STAGE_ONPATH_VEC_REG_CONSUME_DIST_0              0        0.0000                0        0.0000

MAP_STAGE_ONPATH_INT_REG_CONSUME_DIST_1              0        0.0000                0        0.0000

MAP_STAGE_ONPATH_VEC_REG_CONSUME_DIST_1              0        0.0000                0        0.0000

MAP_STAGE_ONPATH_INT_REG_CONSUME_DIST_2        4437636        2.2082          4437636        2.2082

MAP_STAGE_ONPATH_VEC_REG_CONSUME_DIST_2         163648      225.7214           163648      225.7214

MAP_STAGE_ONPATH_INT_REG_CONSUME_DIST_3       20177994       54.7488         20177994       54.7488

MAP_STAGE_ONPATH_VEC_REG_CONSUME_DIST_3              0          -nan                0          -nan

MAP_STAGE_ONPATH_INT_REG_CONSUME_DIST_4      641636008      169.9221        641636008      169.9221

MAP_STAGE_ONPATH_VEC_REG_CONSUME_DIST_4           9330        1.1077             9330        1.1077

MAP_STAGE_ONPATH_INT_REG_CONSUME_DIST_5       76867895      453.9988         76867895      453.9988

MAP_STAGE_ONPATH_VEC_REG_CONSUME_DIST_5              2        2.0000                2        2.0000

MAP_STAGE_ONPATH_INT_REG_CONSUME_DIST_6         428482        6.3053           428482        6.3053

MAP_STAGE_ONPATH_VEC_REG_CONSUME_DIST_6              0          -nan                0          -nan

MAP_STAGE_ONPATH_INT_REG_CONSUME_DIST_7_PLUS     139046270      435.7738        139046270      435.7738

MAP_STAGE_ONPATH_VEC_REG_CONSUME_DIST_7_PLUS           226       75.3333              226       75.3333

MAP_STAGE_INT_REG_ISSUE_READ_TOTAL_CONSUMED      45111563        4.1264         45111563        4.1264

MAP_STAGE_VEC_REG_ISSUE_READ_TOTAL_CONSUMED       7511673        0.6871          7511673        0.6871

MAP_STAGE_INT_REG_ISSUE_READ_MULTI_CONSUMED      28746384        2.6295         28746384        2.6295

MAP_STAGE_VEC_REG_ISSUE_READ_MULTI_CONSUMED       7379954        0.6751          7379954        0.6751

MAP_STAGE_INT_REG_ISSUE_READ_SAME_CYCLE_CONSUMED       6508131        0.5953          6508131        0.5953

MAP_STAGE_VEC_REG_ISSUE_READ_SAME_CYCLE_CONSUMED       2715782        0.2484          2715782        0.2484

MAP_STAGE_INT_REG_ISSUE_READ_TOTAL_CONSUMED_ONPATH      45006716        4.1355         45006716        4.1355

MAP_STAGE_VEC_REG_ISSUE_READ_TOTAL_CONSUMED_ONPATH       7508785        0.6900          7508785        0.6900

MAP_STAGE_INT_REG_ISSUE_READ_MULTI_CONSUMED_ONPATH      28693379        2.6366         28693379        2.6366

MAP_STAGE_VEC_REG_ISSUE_READ_MULTI_CONSUMED_ONPATH       7379077        0.6780          7379077        0.6780

MAP_STAGE_INT_REG_ISSUE_READ_SAME_CYCLE_CONSUMED_ONPATH       6482242        0.5956          6482242        0.5956

MAP_STAGE_VEC_REG_ISSUE_READ_SAME_CYCLE_CONSUMED_ONPATH       2715502        0.2495          2715502        0.2495

MAP_STAGE_ONPATH_INT_REG_LIFECYCLE_EMPTY    5621619451                     5621619451              

MAP_STAGE_ONPATH_VEC_REG_LIFECYCLE_EMPTY       6645962                        6645962              

MAP_STAGE_ONPATH_INT_REG_LIFECYCLE_IN_USE    7373541543                     7373541543              

MAP_STAGE_ONPATH_VEC_REG_LIFECYCLE_IN_USE      12022994                       12022994              

MAP_STAGE_ONPATH_INT_REG_LIFECYCLE_SPEC_RELEASE    8736330018                     8736330018              

MAP_STAGE_ONPATH_VEC_REG_LIFECYCLE_SPEC_RELEASE      19376399                       19376399              

MAP_STAGE_ONPATH_INT_REG_LIFECYCLE_NONSPEC_RELEASE    8736330018                     8736330018              

MAP_STAGE_ONPATH_VEC_REG_LIFECYCLE_NONSPEC_RELEASE      19376399                       19376399              

MAP_STAGE_ONPATH_INT_REG_LIFECYCLE_TOTAL    8736330018                     8736330018              

MAP_STAGE_ONPATH_VEC_REG_LIFECYCLE_TOTAL      19376399                       19376399              

MAP_STAGE_ONPATH_INT_REG_NUM_NONBRANCH        23131021                       23131021              

MAP_STAGE_ONPATH_VEC_REG_NUM_NONBRANCH          197524                         197524              

MAP_STAGE_ONPATH_INT_REG_NUM_NONEXCEPT        23131021                       23131021              

MAP_STAGE_ONPATH_VEC_REG_NUM_NONEXCEPT          197524                         197524              

MAP_STAGE_ONPATH_INT_REG_NUM_ATOMIC           23131021                       23131021              

MAP_STAGE_ONPATH_VEC_REG_NUM_ATOMIC             197524                         197524              

MAP_STAGE_ONPATH_INT_REG_ATOMIC_REDEFINED_DIST_TOTAL    8736330018      377.6889       8736330018      377.6889

MAP_STAGE_ONPATH_VEC_REG_ATOMIC_REDEFINED_DIST_TOTAL      19376399       98.0964         19376399       98.0964

MAP_STAGE_ONPATH_INT_REG_ATOMIC_CONSUMED_DIST_TOTAL    7373541543      318.7729       7373541543      318.7729

MAP_STAGE_ONPATH_VEC_REG_ATOMIC_CONSUMED_DIST_TOTAL      12022994       60.8685         12022994       60.8685

MAP_STAGE_ONPATH_INT_REG_ATOMIC_RELEASE_DIST_TOTAL    8736330018      377.6889       8736330018      377.6889

MAP_STAGE_ONPATH_VEC_REG_ATOMIC_RELEASE_DIST_TOTAL      19376399       98.0964         19376399       98.0964

EXEC_STAGE_STARVED                            10054884       15.098%         10054884       15.098%
EXEC_STAGE_NOT_STARVED                        56456027       84.773%         56456027       84.773%
EXEC_STAGE_OFF_PATH                              86125        0.129%            86125        0.129%
                                              66597036      100.000%         66597036      100.000%
                                                  0.85         0.15              0.85         0.15

FU_BUSY_0                                      4724599                        4724599              

FU_BUSY_1                                      4001699                        4001699              

FU_BUSY_2                                       810287                         810287              

FU_BUSY_3                                       809571                         809571              

FU_BUSY_4                                      3537735                        3537735              

FU_BUSY_5                                      5301862                        5301862              

FU_BUSY_6                                     59188306                       59188306              

FU_BUSY_7                                     59184846                       59184846              

FU_BUSY_8                                      3821921                        3821921              

FU_BUSY_9                                       811467                         811467              

FU_BUSY_10                                           0                              0              

FU_BUSY_11                                           0                              0              

FU_BUSY_12                                           0                              0              

FU_BUSY_13                                           0                              0              

FU_BUSY_14                                           0                              0              

FU_BUSY_15                                           0                              0              

FU_BUSY_16                                           0                              0              

FU_BUSY_17                                           0                              0              

FU_BUSY_18                                           0                              0              

FU_BUSY_19                                           0                              0              

FU_BUSY_20                                           0                              0              

FU_BUSY_21                                           0                              0              

FU_BUSY_22                                           0                              0              

FU_BUSY_23                                           0                              0              

FU_BUSY_24                                           0                              0              

FU_BUSY_25                                           0                              0              

FU_BUSY_26                                           0                              0              

FU_BUSY_27                                           0                              0              

FU_BUSY_28                                           0                              0              

FU_BUSY_29                                           0                              0              

FU_BUSY_30                                           0                              0              

FU_BUSY_31                                           0                              0              

FU_REJECTED_OP_INV_NOT_SIMD                          0        0.000%                0        0.000%
FU_REJECTED_OP_NOP_NOT_SIMD                       6860        0.006%             6860        0.006%
FU_REJECTED_OP_CF_NOT_SIMD                         412        0.000%              412        0.000%
FU_REJECTED_OP_MOV_NOT_SIMD                     105856        0.097%           105856        0.097%
FU_REJECTED_OP_CMOV_NOT_SIMD                       189        0.000%              189        0.000%
FU_REJECTED_OP_LDA_NOT_SIMD                      41979        0.038%            41979        0.038%
FU_REJECTED_OP_IMEM_NOT_SIMD                     38054        0.035%            38054        0.035%
FU_REJECTED_OP_IADD_NOT_SIMD                   5879320        5.379%          5879320        5.379%
FU_REJECTED_OP_IMUL_NOT_SIMD                    136666        0.125%           136666        0.125%
FU_REJECTED_OP_IDIV_NOT_SIMD                        27        0.000%               27        0.000%
FU_REJECTED_OP_ICMP_NOT_SIMD                         0        0.000%                0        0.000%
FU_REJECTED_OP_LOGIC_NOT_SIMD                    56839        0.052%            56839        0.052%
FU_REJECTED_OP_SHIFT_NOT_SIMD                   149814        0.137%           149814        0.137%
FU_REJECTED_OP_FMEM_NOT_SIMD                        47        0.000%               47        0.000%
FU_REJECTED_OP_FCVT_NOT_SIMD                         0        0.000%                0        0.000%
FU_REJECTED_OP_FADD_NOT_SIMD                         0        0.000%                0        0.000%
FU_REJECTED_OP_FMUL_NOT_SIMD                         0        0.000%                0        0.000%
FU_REJECTED_OP_FMA_NOT_SIMD                          0        0.000%                0        0.000%
FU_REJECTED_OP_FDIV_NOT_SIMD                         0        0.000%                0        0.000%
FU_REJECTED_OP_FCMP_NOT_SIMD                         0        0.000%                0        0.000%
FU_REJECTED_OP_FCMOV_NOT_SIMD                        0        0.000%                0        0.000%
FU_REJECTED_OP_GATHER_NOT_SIMD                       0        0.000%                0        0.000%
FU_REJECTED_OP_SCATTER_NOT_SIMD                      0        0.000%                0        0.000%
FU_REJECTED_OP_PIPELINED_FAST_NOT_SIMD               0        0.000%                0        0.000%
FU_REJECTED_OP_PIPELINED_MEDIUM_NOT_SIMD             0        0.000%                0        0.000%
FU_REJECTED_OP_PIPELINED_SLOW_NOT_SIMD               0        0.000%                0        0.000%
FU_REJECTED_OP_NOTPIPELINED_MEDIUM_NOT_SIMD             0        0.000%                0        0.000%
FU_REJECTED_OP_NOTPIPELINED_SLOW_NOT_SIMD             0        0.000%                0        0.000%
FU_REJECTED_OP_NOTPIPELINED_VERY_SLOW_NOT_SIMD            19        0.000%               19        0.000%
FU_REJECTED_OP_INV_SIMD                              0        0.000%                0        0.000%
FU_REJECTED_OP_NOP_SIMD                           2896        0.003%             2896        0.003%
FU_REJECTED_OP_CF_SIMD                               0        0.000%                0        0.000%
FU_REJECTED_OP_MOV_SIMD                              9        0.000%                9        0.000%
FU_REJECTED_OP_CMOV_SIMD                             0        0.000%                0        0.000%
FU_REJECTED_OP_LDA_SIMD                              0        0.000%                0        0.000%
FU_REJECTED_OP_IMEM_SIMD                             0        0.000%                0        0.000%
FU_REJECTED_OP_IADD_SIMD                             0        0.000%                0        0.000%
FU_REJECTED_OP_IMUL_SIMD                             1        0.000%                1        0.000%
FU_REJECTED_OP_IDIV_SIMD                             0        0.000%                0        0.000%
FU_REJECTED_OP_ICMP_SIMD                             0        0.000%                0        0.000%
FU_REJECTED_OP_LOGIC_SIMD                           10        0.000%               10        0.000%
FU_REJECTED_OP_SHIFT_SIMD                           30        0.000%               30        0.000%
FU_REJECTED_OP_FMEM_SIMD                             0        0.000%                0        0.000%
FU_REJECTED_OP_FCVT_SIMD                           129        0.000%              129        0.000%
FU_REJECTED_OP_FADD_SIMD                     102878257       94.127%        102878257       94.127%
FU_REJECTED_OP_FMUL_SIMD                             0        0.000%                0        0.000%
FU_REJECTED_OP_FMA_SIMD                              0        0.000%                0        0.000%
FU_REJECTED_OP_FDIV_SIMD                             0        0.000%                0        0.000%
FU_REJECTED_OP_FCMP_SIMD                             0        0.000%                0        0.000%
FU_REJECTED_OP_FCMOV_SIMD                            0        0.000%                0        0.000%
FU_REJECTED_OP_GATHER_SIMD                           0        0.000%                0        0.000%
FU_REJECTED_OP_SCATTER_SIMD                          0        0.000%                0        0.000%
FU_REJECTED_OP_PIPELINED_FAST_SIMD                   0        0.000%                0        0.000%
FU_REJECTED_OP_PIPELINED_MEDIUM_SIMD                 0        0.000%                0        0.000%
FU_REJECTED_OP_PIPELINED_SLOW_SIMD                  34        0.000%               34        0.000%
FU_REJECTED_OP_NOTPIPELINED_MEDIUM_SIMD              0        0.000%                0        0.000%
FU_REJECTED_OP_NOTPIPELINED_SLOW_SIMD                0        0.000%                0        0.000%
FU_REJECTED_OP_NOTPIPELINED_VERY_SLOW_SIMD             0        0.000%                0        0.000%
                                             109297448      100.000%        109297448      100.000%
                                                 41.83         8.68             41.83         8.68

LSQ_FULL_TOTAL                                60598135                       60598135              

LSQ_FULL_LOAD_QUEUE                                  0                              0              

LSQ_FULL_STORE_QUEUE                          60598135                       60598135              

OP_WAIT_0                                     18577506                       18577506              

OP_WAIT_1                                      2102724                        2102724              

OP_WAIT_2                                       634313                         634313              

OP_WAIT_3                                       339481                         339481              

OP_WAIT_4                                       239550                         239550              

OP_WAIT_5                                       190777                         190777              

OP_WAIT_6                                       160101                         160101              

OP_WAIT_7                                       143215                         143215              

OP_WAIT_8                                       161682                         161682              

OP_WAIT_9                                       163913                         163913              

OP_WAIT_10                                      139298                         139298              

OP_WAIT_11                                      132222                         132222              

OP_WAIT_12                                      110477                         110477              

OP_WAIT_13                                      301542                         301542              

OP_WAIT_14                                      129012                         129012              

OP_WAIT_15                                      284702                         284702              

OP_WAIT_16                                      104896                         104896              

OP_WAIT_17                                      127520                         127520              

OP_WAIT_18                                       76992                          76992              

OP_WAIT_19                                       65366                          65366              

OP_WAIT_20                                       66604                          66604              

OP_WAIT_21                                       64189                          64189              

OP_WAIT_22                                       70250                          70250              

OP_WAIT_23                                       50525                          50525              

OP_WAIT_24                                       39351                          39351              

OP_WAIT_25                                       43221                          43221              

OP_WAIT_26                                       39024                          39024              

OP_WAIT_27                                       39892                          39892              

OP_WAIT_28                                       47093                          47093              

OP_WAIT_29                                       61569                          61569              

OP_WAIT_30                                       56279                          56279              

OP_WAIT_31                                     7003301                        7003301              

ROW_SIZE_0                                    60316024                       60316024              

ROW_SIZE_1                                      973151                         973151              

ROW_SIZE_2                                      523596                         523596              

ROW_SIZE_3                                      118409                         118409              

ROW_SIZE_4                                      864406                         864406              

ROW_SIZE_5                                     1027489                        1027489              

ROW_SIZE_6                                      425781                         425781              

ROW_SIZE_7                                       76786                          76786              

ROW_SIZE_8                                     2212970                        2212970              

ROW_SIZE_9                                           0                              0              

ROW_SIZE_10                                          0                              0              

ROW_SIZE_11                                          0                              0              

ROW_SIZE_12                                          0                              0              

ROW_SIZE_13                                          0                              0              

ROW_SIZE_14                                          0                              0              

ROW_SIZE_15                                          0                              0              

ROW_SIZE_16                                          0                              0              

ROW_SIZE_17                                          0                              0              

ROW_SIZE_18                                          0                              0              

ROW_SIZE_19                                          0                              0              

ROW_SIZE_20                                          0                              0              

ROW_SIZE_21                                          0                              0              

ROW_SIZE_22                                          0                              0              

ROW_SIZE_23                                          0                              0              

ROW_SIZE_24                                          0                              0              

ROW_SIZE_25                                          0                              0              

ROW_SIZE_26                                          0                              0              

ROW_SIZE_27                                          0                              0              

ROW_SIZE_28                                          0                              0              

ROW_SIZE_29                                          0                              0              

ROW_SIZE_30                                          0                              0              

ROW_SIZE_31                                          0                              0              

RET_OP_EXEC_COUNT_0                                  0        0.000%                0        0.000%
RET_OP_EXEC_COUNT_1                           31766587      100.000%         31766587      100.000%
RET_OP_EXEC_COUNT_2                                  0        0.000%                0        0.000%
RET_OP_EXEC_COUNT_3                                  0        0.000%                0        0.000%
RET_OP_EXEC_COUNT_4                                  0        0.000%                0        0.000%
RET_OP_EXEC_COUNT_5                                  0        0.000%                0        0.000%
RET_OP_EXEC_COUNT_6                                  0        0.000%                0        0.000%
RET_OP_EXEC_COUNT_7                                  0        0.000%                0        0.000%
RET_OP_EXEC_COUNT_8                                  0        0.000%                0        0.000%
RET_OP_EXEC_COUNT_9                                  0        0.000%                0        0.000%
RET_OP_EXEC_COUNT_10                                 0        0.000%                0        0.000%
RET_OP_EXEC_COUNT_11                                 0        0.000%                0        0.000%
RET_OP_EXEC_COUNT_12                                 0        0.000%                0        0.000%
RET_OP_EXEC_COUNT_13                                 0        0.000%                0        0.000%
RET_OP_EXEC_COUNT_14                                 0        0.000%                0        0.000%
RET_OP_EXEC_COUNT_15                                 0        0.000%                0        0.000%
RET_OP_EXEC_COUNT_16                                 0        0.000%                0        0.000%
RET_OP_EXEC_COUNT_17                                 0        0.000%                0        0.000%
RET_OP_EXEC_COUNT_18                                 0        0.000%                0        0.000%
RET_OP_EXEC_COUNT_19                                 0        0.000%                0        0.000%
RET_OP_EXEC_COUNT_20                                 0        0.000%                0        0.000%
RET_OP_EXEC_COUNT_21                                 0        0.000%                0        0.000%
RET_OP_EXEC_COUNT_22                                 0        0.000%                0        0.000%
RET_OP_EXEC_COUNT_23                                 0        0.000%                0        0.000%
RET_OP_EXEC_COUNT_24                                 0        0.000%                0        0.000%
RET_OP_EXEC_COUNT_25                                 0        0.000%                0        0.000%
RET_OP_EXEC_COUNT_26                                 0        0.000%                0        0.000%
RET_OP_EXEC_COUNT_27                                 0        0.000%                0        0.000%
RET_OP_EXEC_COUNT_28                                 0        0.000%                0        0.000%
RET_OP_EXEC_COUNT_29                                 0        0.000%                0        0.000%
RET_OP_EXEC_COUNT_30                                 0        0.000%                0        0.000%
RET_OP_EXEC_COUNT_31                                 0        0.000%                0        0.000%
RET_OP_EXEC_COUNT_32                                 0        0.000%                0        0.000%
                                              31766587      100.000%         31766587      100.000%
                                                  1.00         0.00              1.00         0.00

RET_STALL_LENGTH_0                            31672688       99.704%         31672688       99.704%
RET_STALL_LENGTH_100                             13158        0.041%            13158        0.041%
RET_STALL_LENGTH_200                              2660        0.008%             2660        0.008%
RET_STALL_LENGTH_300                             14095        0.044%            14095        0.044%
RET_STALL_LENGTH_400                             35507        0.112%            35507        0.112%
RET_STALL_LENGTH_500                             16666        0.052%            16666        0.052%
RET_STALL_LENGTH_600                              5828        0.018%             5828        0.018%
RET_STALL_LENGTH_700                              1767        0.006%             1767        0.006%
RET_STALL_LENGTH_800                               606        0.002%              606        0.002%
RET_STALL_LENGTH_900                               231        0.001%              231        0.001%
RET_STALL_LENGTH_1000                              149        0.000%              149        0.000%
RET_STALL_LENGTH_1100                              190        0.001%              190        0.001%
RET_STALL_LENGTH_1200                              846        0.003%              846        0.003%
RET_STALL_LENGTH_1300                              297        0.001%              297        0.001%
RET_STALL_LENGTH_1400                              152        0.000%              152        0.000%
RET_STALL_LENGTH_1500                              221        0.001%              221        0.001%
RET_STALL_LENGTH_1600                              591        0.002%              591        0.002%
RET_STALL_LENGTH_1700                              510        0.002%              510        0.002%
RET_STALL_LENGTH_1800                              251        0.001%              251        0.001%
RET_STALL_LENGTH_1900                               80        0.000%               80        0.000%
RET_STALL_LENGTH_2000                               32        0.000%               32        0.000%
RET_STALL_LENGTH_2100                                8        0.000%                8        0.000%
RET_STALL_LENGTH_2200                               11        0.000%               11        0.000%
RET_STALL_LENGTH_2300                               10        0.000%               10        0.000%
RET_STALL_LENGTH_2400                                4        0.000%                4        0.000%
RET_STALL_LENGTH_2500                                5        0.000%                5        0.000%
RET_STALL_LENGTH_2600                               10        0.000%               10        0.000%
RET_STALL_LENGTH_2700                                6        0.000%                6        0.000%
RET_STALL_LENGTH_2800                                3        0.000%                3        0.000%
RET_STALL_LENGTH_2900                                2        0.000%                2        0.000%
RET_STALL_LENGTH_3000                                0        0.000%                0        0.000%
RET_STALL_LENGTH_3100                                2        0.000%                2        0.000%
RET_STALL_LENGTH_3200                                0        0.000%                0        0.000%
RET_STALL_LENGTH_3300                                0        0.000%                0        0.000%
RET_STALL_LENGTH_3400                                1        0.000%                1        0.000%
RET_STALL_LENGTH_3500                                0        0.000%                0        0.000%
RET_STALL_LENGTH_3600                                0        0.000%                0        0.000%
RET_STALL_LENGTH_3700                                0        0.000%                0        0.000%
RET_STALL_LENGTH_3800                                0        0.000%                0        0.000%
RET_STALL_LENGTH_3900                                0        0.000%                0        0.000%
RET_STALL_LENGTH_4000                                0        0.000%                0        0.000%
RET_STALL_LENGTH_4100                                0        0.000%                0        0.000%
RET_STALL_LENGTH_4200                                0        0.000%                0        0.000%
RET_STALL_LENGTH_4300                                0        0.000%                0        0.000%
RET_STALL_LENGTH_4400                                0        0.000%                0        0.000%
RET_STALL_LENGTH_4500                                0        0.000%                0        0.000%
RET_STALL_LENGTH_4600                                0        0.000%                0        0.000%
RET_STALL_LENGTH_4700                                0        0.000%                0        0.000%
RET_STALL_LENGTH_4800                                0        0.000%                0        0.000%
RET_STALL_LENGTH_4900                                0        0.000%                0        0.000%
RET_STALL_LENGTH_5000                                0        0.000%                0        0.000%
                                              31766587      100.000%         31766587      100.000%
                                                  0.01         0.26              0.01         0.26

MEM_BLOCK_LENGTH_0                              116289       52.769%           116289       52.769%
MEM_BLOCK_LENGTH_100                             18398        8.349%            18398        8.349%
MEM_BLOCK_LENGTH_200                             12709        5.767%            12709        5.767%
MEM_BLOCK_LENGTH_300                              2802        1.271%             2802        1.271%
MEM_BLOCK_LENGTH_400                             12410        5.631%            12410        5.631%
MEM_BLOCK_LENGTH_500                             16551        7.510%            16551        7.510%
MEM_BLOCK_LENGTH_600                             15138        6.869%            15138        6.869%
MEM_BLOCK_LENGTH_700                             12316        5.589%            12316        5.589%
MEM_BLOCK_LENGTH_800                              6565        2.979%             6565        2.979%
MEM_BLOCK_LENGTH_900                              2592        1.176%             2592        1.176%
MEM_BLOCK_LENGTH_1000                              927        0.421%              927        0.421%
MEM_BLOCK_LENGTH_1100                              369        0.167%              369        0.167%
MEM_BLOCK_LENGTH_1200                              331        0.150%              331        0.150%
MEM_BLOCK_LENGTH_1300                              584        0.265%              584        0.265%
MEM_BLOCK_LENGTH_1400                              425        0.193%              425        0.193%
MEM_BLOCK_LENGTH_1500                              202        0.092%              202        0.092%
MEM_BLOCK_LENGTH_1600                              194        0.088%              194        0.088%
MEM_BLOCK_LENGTH_1700                              325        0.147%              325        0.147%
MEM_BLOCK_LENGTH_1800                              405        0.184%              405        0.184%
MEM_BLOCK_LENGTH_1900                              359        0.163%              359        0.163%
MEM_BLOCK_LENGTH_2000                              226        0.103%              226        0.103%
MEM_BLOCK_LENGTH_2100                              128        0.058%              128        0.058%
MEM_BLOCK_LENGTH_2200                               51        0.023%               51        0.023%
MEM_BLOCK_LENGTH_2300                               19        0.009%               19        0.009%
MEM_BLOCK_LENGTH_2400                               11        0.005%               11        0.005%
MEM_BLOCK_LENGTH_2500                               12        0.005%               12        0.005%
MEM_BLOCK_LENGTH_2600                                9        0.004%                9        0.004%
MEM_BLOCK_LENGTH_2700                               12        0.005%               12        0.005%
MEM_BLOCK_LENGTH_2800                                2        0.001%                2        0.001%
MEM_BLOCK_LENGTH_2900                                7        0.003%                7        0.003%
MEM_BLOCK_LENGTH_3000                                2        0.001%                2        0.001%
MEM_BLOCK_LENGTH_3100                                1        0.000%                1        0.000%
MEM_BLOCK_LENGTH_3200                                1        0.000%                1        0.000%
MEM_BLOCK_LENGTH_3300                                0        0.000%                0        0.000%
MEM_BLOCK_LENGTH_3400                                0        0.000%                0        0.000%
MEM_BLOCK_LENGTH_3500                                0        0.000%                0        0.000%
MEM_BLOCK_LENGTH_3600                                0        0.000%                0        0.000%
MEM_BLOCK_LENGTH_3700                                0        0.000%                0        0.000%
MEM_BLOCK_LENGTH_3800                                0        0.000%                0        0.000%
MEM_BLOCK_LENGTH_3900                                0        0.000%                0        0.000%
MEM_BLOCK_LENGTH_4000                                0        0.000%                0        0.000%
MEM_BLOCK_LENGTH_4100                                0        0.000%                0        0.000%
MEM_BLOCK_LENGTH_4200                                0        0.000%                0        0.000%
MEM_BLOCK_LENGTH_4300                                0        0.000%                0        0.000%
MEM_BLOCK_LENGTH_4400                                0        0.000%                0        0.000%
MEM_BLOCK_LENGTH_4500                                0        0.000%                0        0.000%
MEM_BLOCK_LENGTH_4600                                0        0.000%                0        0.000%
MEM_BLOCK_LENGTH_4700                                0        0.000%                0        0.000%
MEM_BLOCK_LENGTH_4800                                0        0.000%                0        0.000%
MEM_BLOCK_LENGTH_4900                                0        0.000%                0        0.000%
MEM_BLOCK_LENGTH_5000                                0        0.000%                0        0.000%
                                                220372      100.000%           220372      100.000%
                                                  2.29         2.83              2.29         2.83

FUS_BUSY_ON_PATH                             142039683        2.1328        142039683        2.1328

FUS_BUSY_OFF_PATH                               152610        0.0023           152610        0.0023

FU_BUSY_MEM_STALL                            109621860        1.6460        109621860        1.6460

FUS_EMPTY                                    523778067        7.8649        523778067        7.8649

FU_UNAVAILABLE                                  501813        0.0075           501813        0.0075

FU_MEM_UNAVAILABLE                           108795635        1.6336        108795635        1.6336

FU_OTHER_UNAVAILABLE                                 0        0.0000                0        0.0000

FU_REPLAY                                            0        0.0000                0        0.0000

FU_STARVED                                   523767495        7.8647        523767495        7.8647

CHIP_UTILIZATION                                     0        0.0000                0        0.0000

CYCLES_UNDER_MEM_REQ                                 0                              0              

CYCLES_UNDER_NO_MEM_REQ                              0                              0              

CYCLES_UNDER_CRITICAL_MEM_REQ                        0                              0              

CYCLES_UNDER_NONCRITICAL_MEM_REQ                     0                              0              

CHIP_UTILIZATION_UNDER_MEM_REQ                       0          -nan                0          -nan

CHIP_UTILIZATION_UNDER_NO_MEM_REQ                    0          -nan                0          -nan

CHIP_UTILIZATION_UNDER_CRITICAL_MEM_REQ              0          -nan                0          -nan

CHIP_UTILIZATION_UNDER_NONCRITICAL_MEM_REQ             0          -nan                0          -nan

CYCLES_NOT_WAITING_FOR_OFF_CHIP                      0        0.0000                0        0.0000

FUS_BUSY_NOT_WAITING_FOR_OFF_CHIP                    0          -nan                0          -nan

CYCLES_WAITING_FOR_OFF_CHIP                          0        0.0000                0        0.0000

FUS_BUSY_WAITING_FOR_OFF_CHIP                        0          -nan                0          -nan

TOTAL_OFF_CHIP_DELAYS_LEFT                           0                              0              

WRONG_IO_SCHED                                       0                              0              

DVFS_CONFIG_SWITCH                                   0                              0              

MAP_STAGE_RECEIVED_OPS_0                             0        0.000%                0        0.000%
MAP_STAGE_RECEIVED_OPS_1                          1262        0.024%             1262        0.024%
MAP_STAGE_RECEIVED_OPS_2                          1867        0.035%             1867        0.035%
MAP_STAGE_RECEIVED_OPS_3                          2399        0.045%             2399        0.045%
MAP_STAGE_RECEIVED_OPS_4                          2726        0.051%             2726        0.051%
MAP_STAGE_RECEIVED_OPS_5                          1817        0.034%             1817        0.034%
MAP_STAGE_RECEIVED_OPS_6                       5288299       99.810%          5288299       99.810%
MAP_STAGE_RECEIVED_OPS_7                             0        0.000%                0        0.000%
MAP_STAGE_RECEIVED_OPS_8                             0        0.000%                0        0.000%
MAP_STAGE_RECEIVED_OPS_MAX                           0        0.000%                0        0.000%
                                               5298370      100.000%          5298370      100.000%
                                                  5.99         0.13              5.99         0.13

MAP_STAGE_WAIT_FOR_DECODE                            0         -nan%                0         -nan%
MAP_STAGE_CONSUME_DECODE                             0         -nan%                0         -nan%
                                                     0         -nan%                0         -nan%
                                                  -nan         -nan              -nan         -nan

MAP_STAGE_WAIT_FOR_DECODE2                           0         -nan%                0         -nan%
MAP_STAGE_CONSUME_DECODE2                            0         -nan%                0         -nan%
                                                     0         -nan%                0         -nan%
                                                  -nan         -nan              -nan         -nan

FTQ_RECOVER_EXEC                                  2780                           2780              

FTQ_RECOVER_DECODE                                 449                            449              

FTQ_OFFPATH_CYCLES                              662777                         662777              

FTQ_CYCLES_OFFPATH                              662777                         662777              

FTQ_CYCLES_ONPATH                             65934259                       65934259              

FTQ_FETCHED_INS_ONPATH                        31766569                       31766569              

FTQ_FETCHED_INS_OFFPATH                        2866868                        2866868              

FTQ_BREAK_FULL_FT_ONPATH                      65658408                       65658408              

FTQ_BREAK_FULL_FT_OFFPATH                       509574                         509574              

FTQ_BREAK_PRED_BR_ONPATH                             0                              0              

FTQ_BREAK_PRED_BR_OFFPATH                            0                              0              

FTQ_BREAK_BAR_FETCH_ONPATH                           0                              0              

FTQ_BREAK_BAR_FETCH_OFFPATH                          0                              0              

FTQ_BREAK_MAX_CFS_TAKEN_ONPATH                       0                              0              

FTQ_BREAK_MAX_CFS_TAKEN_OFFPATH                      0                              0              

FTQ_BREAK_MAX_FT_ONPATH                         274294                         274294              

FTQ_BREAK_MAX_FT_OFFPATH                        153203                         153203              

DFE_GEN_ON_PATH_FT                             5131774                        5131774              

DFE_GEN_OFF_PATH_FT                             287095                         287095              

DFE_L0_ENABLED_PREDICTIONS                    31766587                       31766587              

DFE_L0_WRONG_MAIN_CORRECT                       132505                         132505              

DFE_L0_WRONG_MAIN_WRONG                           2774                           2774              

DFE_L0_CORRECT_MAIN_WRONG                          455                            455              

DFE_L0_CORRECT_MAIN_CORRECT                   31630853                       31630853              

DFE_L0_WRONG_MAIN_CORRECT_RECOVERY_SCHEDULED             0                              0              

FTQ_SAW_BAR_FETCH_OFFPATH                          790                            790              

FTQ_SAW_BAR_FETCH_ONPATH                           626                            626              

DFE_CONF_0_RECOVER_AT_EXEC                           0         -nan%                0         -nan%
DFE_CONF_1_RECOVER_AT_EXEC                           0         -nan%                0         -nan%
DFE_CONF_2_RECOVER_AT_EXEC                           0         -nan%                0         -nan%
DFE_CONF_3_RECOVER_AT_EXEC                           0         -nan%                0         -nan%
DFE_CONF_0_CORRECT                                   0         -nan%                0         -nan%
DFE_CONF_1_CORRECT                                   0         -nan%                0         -nan%
DFE_CONF_2_CORRECT                                   0         -nan%                0         -nan%
DFE_CONF_3_CORRECT                                   0         -nan%                0         -nan%
                                                     0         -nan%                0         -nan%
                                                  -nan         -nan              -nan         -nan

DFE_ON_CONF_ON_OPS                                   0         -nan%                0         -nan%
DFE_ON_CONF_OFF_OPS                                  0         -nan%                0         -nan%
DFE_OFF_CONF_ON_OPS                                  0         -nan%                0         -nan%
DFE_OFF_CONF_OFF_REALISTIC_OPS                       0         -nan%                0         -nan%
DFE_OFF_CONF_OFF_PERFECT_OPS                         0         -nan%                0         -nan%
                                                     0         -nan%                0         -nan%
                                                  -nan         -nan              -nan         -nan

DFE_ON_CONF_ON_FETCH_TARGETS                         0         -nan%                0         -nan%
DFE_ON_CONF_OFF_FETCH_TARGETS                        0         -nan%                0         -nan%
DFE_OFF_CONF_ON_FETCH_TARGETS                        0         -nan%                0         -nan%
DFE_OFF_CONF_OFF_REALISTIC_FETCH_TARGETS             0         -nan%                0         -nan%
DFE_OFF_CONF_OFF_PERFECT_FETCH_TARGETS               0         -nan%                0         -nan%
                                                     0         -nan%                0         -nan%
                                                  -nan         -nan              -nan         -nan

DFE_ON_CONF_ON_CYCLES                                0         -nan%                0         -nan%
DFE_ON_CONF_OFF_CYCLES                               0         -nan%                0         -nan%
DFE_OFF_CONF_ON_CYCLES                               0         -nan%                0         -nan%
DFE_OFF_CONF_OFF_REALISTIC_CYCLES                    0         -nan%                0         -nan%
DFE_OFF_CONF_OFF_PERFECT_CYCLES                      0         -nan%                0         -nan%
                                                     0         -nan%                0         -nan%
                                                  -nan         -nan              -nan         -nan

DFE_OFF_CONF_ON_NUM_EVENTS                           0                              0              

DFE_OFF_CONF_ON_NOT_IDENTIFIED_EVENTS                0         -nan%                0         -nan%
DFE_OFF_CONF_ON_IBTB_MISS_EVENTS                     0         -nan%                0         -nan%
DFE_OFF_CONF_ON_BTB_MISS_EVENTS                      0         -nan%                0         -nan%
DFE_OFF_CONF_ON_BTB_MISS_RECOVER_AT_EXEC_EVENTS             0         -nan%                0         -nan%
DFE_OFF_CONF_ON_RECOVER_AT_EXEC_EVENTS               0         -nan%                0         -nan%
DFE_OFF_CONF_ON_RECOVER_AT_DECODE_EVENTS             0         -nan%                0         -nan%
                                                     0         -nan%                0         -nan%
                                                  -nan         -nan              -nan         -nan

DFE_OFF_CONF_ON_LATE_BTB_HIT_EVENTS                  0                              0              

DFE_OFF_CONF_ON_NOT_IDENTIFIED_CYCLES                0         -nan%                0         -nan%
DFE_OFF_CONF_ON_IBTB_MISS_CYCLES                     0         -nan%                0         -nan%
DFE_OFF_CONF_ON_BTB_MISS_CYCLES                      0         -nan%                0         -nan%
DFE_OFF_CONF_ON_BTB_MISS_RECOVER_AT_EXEC_CYCLES             0         -nan%                0         -nan%
DFE_OFF_CONF_ON_RECOVER_AT_EXEC_CYCLES               0         -nan%                0         -nan%
DFE_OFF_CONF_ON_RECOVER_AT_DECODE_CYCLES             0         -nan%                0         -nan%
                                                     0         -nan%                0         -nan%
                                                  -nan         -nan              -nan         -nan

DFE_OFF_CONF_ON_LATE_BTB_HIT_CYCLES                  0                              0              

DFE_OFF_CONF_ON_NOT_IDENTIFIED_FETCH_TARGETS             0         -nan%                0         -nan%
DFE_OFF_CONF_ON_IBTB_MISS_FETCH_TARGETS              0         -nan%                0         -nan%
DFE_OFF_CONF_ON_BTB_MISS_FETCH_TARGETS               0         -nan%                0         -nan%
DFE_OFF_CONF_ON_BTB_MISS_RECOVER_AT_EXEC_FETCH_TARGETS             0         -nan%                0         -nan%
DFE_OFF_CONF_ON_RECOVER_AT_EXEC_FETCH_TARGETS             0         -nan%                0         -nan%
DFE_OFF_CONF_ON_RECOVER_AT_DECODE_FETCH_TARGETS             0         -nan%                0         -nan%
                                                     0         -nan%                0         -nan%
                                                  -nan         -nan              -nan         -nan

DFE_OFF_CONF_ON_LATE_BTB_HIT_FETCH_TARGETS             0                              0              

DFE_OFF_CONF_ON_BP_INCORRECT_0_CONF                  0         -nan%                0         -nan%
DFE_OFF_CONF_ON_BP_INCORRECT_1_CONF                  0         -nan%                0         -nan%
DFE_OFF_CONF_ON_BP_INCORRECT_2_CONF                  0         -nan%                0         -nan%
DFE_OFF_CONF_ON_BP_INCORRECT_3_CONF                  0         -nan%                0         -nan%
                                                     0         -nan%                0         -nan%
                                                  -nan         -nan              -nan         -nan

DFE_OFF_CONF_ON_BTB_MISS_CBR_0_CONF                  0         -nan%                0         -nan%
DFE_OFF_CONF_ON_BTB_MISS_CBR_1_CONF                  0         -nan%                0         -nan%
DFE_OFF_CONF_ON_BTB_MISS_CBR_2_CONF                  0         -nan%                0         -nan%
DFE_OFF_CONF_ON_BTB_MISS_CBR_3_CONF                  0         -nan%                0         -nan%
                                                     0         -nan%                0         -nan%
                                                  -nan         -nan              -nan         -nan

DFE_OFF_CONF_ON_BTB_MISS_NOT_CF                      0         -nan%                0         -nan%
DFE_OFF_CONF_ON_BTB_MISS_CF_BR                       0         -nan%                0         -nan%
DFE_OFF_CONF_ON_BTB_MISS_CF_CBR                      0         -nan%                0         -nan%
DFE_OFF_CONF_ON_BTB_MISS_CF_CALL                     0         -nan%                0         -nan%
DFE_OFF_CONF_ON_BTB_MISS_CF_IBR                      0         -nan%                0         -nan%
DFE_OFF_CONF_ON_BTB_MISS_CF_ICALL                    0         -nan%                0         -nan%
DFE_OFF_CONF_ON_BTB_MISS_CF_ICO                      0         -nan%                0         -nan%
DFE_OFF_CONF_ON_BTB_MISS_CF_RET                      0         -nan%                0         -nan%
DFE_OFF_CONF_ON_BTB_MISS_CF_SYS                      0         -nan%                0         -nan%
                                                     0         -nan%                0         -nan%
                                                  -nan         -nan              -nan         -nan

DFE_ON_CONF_OFF_NUM_EVENTS                           0                              0              

CONF_BTB_NUM_CYCLES_OFF_PATH_EVENT                   0                              0              

DFE_ON_CONF_OFF_IBTB_MISS_BP_TAKEN                   0         -nan%                0         -nan%
DFE_ON_CONF_OFF_BTB_MISS_BP_TAKEN_CONF_0             0         -nan%                0         -nan%
DFE_ON_CONF_OFF_BTB_MISS_BP_TAKEN_CONF_1             0         -nan%                0         -nan%
DFE_ON_CONF_OFF_BTB_MISS_BP_TAKEN_CONF_2             0         -nan%                0         -nan%
DFE_ON_CONF_OFF_BTB_MISS_BP_TAKEN_CONF_3             0         -nan%                0         -nan%
DFE_ON_CONF_OFF_BTB_MISS_RATE                        0         -nan%                0         -nan%
DFE_ON_CONF_OFF_IBTB_MISS_RATE                       0         -nan%                0         -nan%
DFE_ON_CONF_OFF_RECOVER_AT_DECODE_RATE               0         -nan%                0         -nan%
DFE_ON_CONF_OFF_RECOVER_AT_EXEC_RATE                 0         -nan%                0         -nan%
DFE_ON_CONF_OFF_INV_CONF_INC                         0         -nan%                0         -nan%
DFE_ON_CONF_OFF_PERFECT_CONF                         0         -nan%                0         -nan%
                                                     0         -nan%                0         -nan%
                                                  -nan         -nan              -nan         -nan

DFE_ON_CONF_OFF_IBTB_MISS_BP_TAKEN_CYCLES             0         -nan%                0         -nan%
DFE_ON_CONF_OFF_BTB_MISS_BP_TAKEN_CONF_0_CYCLES             0         -nan%                0         -nan%
DFE_ON_CONF_OFF_BTB_MISS_BP_TAKEN_CONF_1_CYCLES             0         -nan%                0         -nan%
DFE_ON_CONF_OFF_BTB_MISS_BP_TAKEN_CONF_2_CYCLES             0         -nan%                0         -nan%
DFE_ON_CONF_OFF_BTB_MISS_BP_TAKEN_CONF_3_CYCLES             0         -nan%                0         -nan%
DFE_ON_CONF_OFF_BTB_MISS_RATE_CYCLES                 0         -nan%                0         -nan%
DFE_ON_CONF_OFF_IBTB_MISS_RATE_CYCLES                0         -nan%                0         -nan%
DFE_ON_CONF_OFF_RECOVER_AT_DECODE_RATE_CYCLES             0         -nan%                0         -nan%
DFE_ON_CONF_OFF_RECOVER_AT_EXEC_RATE_CYCLES             0         -nan%                0         -nan%
DFE_ON_CONF_OFF_INV_CONF_INC_CYCLES                  0         -nan%                0         -nan%
DFE_ON_CONF_OFF_PERFECT_CONF_CYCLES                  0         -nan%                0         -nan%
                                                     0         -nan%                0         -nan%
                                                  -nan         -nan              -nan         -nan

DFE_ON_CONF_OFF_IBTB_MISS_BP_TAKEN_FETCH_TARGETS             0         -nan%                0         -nan%
DFE_ON_CONF_OFF_BTB_MISS_BP_TAKEN_CONF_0_FETCH_TARGETS             0         -nan%                0         -nan%
DFE_ON_CONF_OFF_BTB_MISS_BP_TAKEN_CONF_1_FETCH_TARGETS             0         -nan%                0         -nan%
DFE_ON_CONF_OFF_BTB_MISS_BP_TAKEN_CONF_2_FETCH_TARGETS             0         -nan%                0         -nan%
DFE_ON_CONF_OFF_BTB_MISS_BP_TAKEN_CONF_3_FETCH_TARGETS             0         -nan%                0         -nan%
DFE_ON_CONF_OFF_BTB_MISS_RATE_FETCH_TARGETS             0         -nan%                0         -nan%
DFE_ON_CONF_OFF_IBTB_MISS_RATE_FETCH_TARGETS             0         -nan%                0         -nan%
DFE_ON_CONF_OFF_RECOVER_AT_DECODE_RATE_FETCH_TARGETS             0         -nan%                0         -nan%
DFE_ON_CONF_OFF_RECOVER_AT_EXEC_RATE_FETCH_TARGETS             0         -nan%                0         -nan%
DFE_ON_CONF_OFF_INV_CONF_INC_FETCH_TARGETS             0         -nan%                0         -nan%
DFE_ON_CONF_OFF_PERFECT_CONF_FETCH_TARGETS             0         -nan%                0         -nan%
                                                     0         -nan%                0         -nan%
                                                  -nan         -nan              -nan         -nan

CONF_OFF_IBTB_MISS_BP_TAKEN                          0         -nan%                0         -nan%
CONF_OFF_BTB_MISS_BP_TAKEN_CONF_0                    0         -nan%                0         -nan%
CONF_OFF_BTB_MISS_BP_TAKEN_CONF_1                    0         -nan%                0         -nan%
CONF_OFF_BTB_MISS_BP_TAKEN_CONF_2                    0         -nan%                0         -nan%
CONF_OFF_BTB_MISS_BP_TAKEN_CONF_3                    0         -nan%                0         -nan%
CONF_OFF_BTB_MISS_RATE                               0         -nan%                0         -nan%
CONF_OFF_IBTB_MISS_RATE                              0         -nan%                0         -nan%
CONF_OFF_RECOVER_AT_DECODE_RATE                      0         -nan%                0         -nan%
CONF_OFF_RECOVER_AT_EXEC_RATE                        0         -nan%                0         -nan%
CONF_OFF_INV_CONF_INC                                0         -nan%                0         -nan%
CONF_OFF_PERFECT_CONF                                0         -nan%                0         -nan%
                                                     0         -nan%                0         -nan%
                                                  -nan         -nan              -nan         -nan

TOPDOWN_TOTAL_SLOTS                          399582216                      399582216              

TOPDOWN_ISSUED_SLOTS                          32135887                       32135887              

TOPDOWN_RETIRED_SLOTS                         31766587                       31766587              

TOPDOWN_FETCH_BUBBLES_SLOTS                     464922                         464922              

TOPDOWN_RECOVERY_BUBBLES_SLOTS                   71075                          71075              

TOPDOWN_MEM_LOAD_STALLS_CYCLES                21076434                       21076434              

TOPDOWN_MEM_STORE_STALLS_CYCLES               38645193                       38645193              

TOPDOWN_EXEC_STALLS_CYCLES                    55588517                       55588517              

TOPDOWN_BACKEND_STALLS_CYCLES                 61023998                       61023998              

TOPDOWN_FETCH_BUBBLES_GT_MIW_CYCLES              72129                          72129              

TOPDOWN_BR_RECOVER_AT_EXEC_RETIRED_CYCLES          2780                           2780              

TOPDOWN_MACHINE_CLEAR_CYCLES                    135734                         135734              

TOPDOWN_FRONTEND_BOUND                              11                             11              

TOPDOWN_BACKEND_BOUND                             9184                           9184              

TOPDOWN_BAD_SPEC_BOUND                              11                             11              

TOPDOWN_RETIRING_BOUND                             794                            794              

TOPDOWN_FETCH_LATENCY_BOUND                         10                             10              

TOPDOWN_FETCH_BANDWIDTH_BOUND                        1                              1              

TOPDOWN_MEM_BOUND                                 8987                           8987              

TOPDOWN_CORE_BOUND                                 197                            197              

TOPDOWN_BR_RECOVER_AT_EXEC_BOUND                     0                              0              

TOPDOWN_MACHINE_CLEARS_BOUND                        11                             11              

H2P_SEEN_MAIN                                        0                              0              



