/* -*- Mode: c -*- */
####################################################################################################
Core 0
####################################################################################################
Cumulative:        Cycles: 7909543               Instructions: 29999999              IPC: 3.79289

Periodic:          Cycles: 7909543               Instructions: 29999999              IPC: 3.79289

MISS_WAIT_TIME                              1172221888                     1172221888              

ICACHE_STAGE_MISS                                 1166                           1166              

ICACHE_CYCLE                                   7909543                        7909543              

TCACHE_CYCLE                                         0                              0              

ICACHE_SERVING_CYCLE_ON_PATH                    124407                         124407              

ICACHE_SERVING_CYCLE_OFF_PATH                    58211                          58211              

UCACHE_SERVING_CYCLE_ON_PATH                   6138952                        6138952              

UCACHE_SERVING_CYCLE_OFF_PATH                  1150798                        1150798              

ICACHE_CYCLE_ONPATH                            6549087       82.800%          6549087       82.800%
ICACHE_CYCLE_OFFPATH                           1360456       17.200%          1360456       17.200%
                                               7909543      100.000%          7909543      100.000%
                                                  0.17         0.35              0.17         0.35

FETCH_ON_PATH                                  6638083       83.925%          6638083       83.925%
FETCH_OFF_PATH                                 1271460       16.075%          1271460       16.075%
                                               7909543      100.000%          7909543      100.000%
                                                  0.16         0.34              0.16         0.34

FETCHED_OPS_ON_PATH                                  0         -nan%                0         -nan%
FETCHED_OPS_OFF_PATH                                 0         -nan%                0         -nan%
                                                     0         -nan%                0         -nan%
                                                  -nan         -nan              -nan         -nan

INST_LOST_FETCH                               36689176       59.221%         36689176       59.221%
INST_LOST_OFF_PATH                             7367004       11.891%          7367004       11.891%
INST_LOST_FULL_WINDOW                           771200        1.245%           771200        1.245%
INST_LOST_ROB_STALL_OTHER                      1389686        2.243%          1389686        2.243%
INST_LOST_ROB_STALL_WAIT_FOR_RECOVERY                0        0.000%                0        0.000%
INST_LOST_ROB_STALL_WAIT_FOR_REDIRECT                0        0.000%                0        0.000%
INST_LOST_ROB_STALL_WAIT_FOR_GAP_FILL                0        0.000%                0        0.000%
INST_LOST_ROB_STALL_WAIT_FOR_L1_MISS                 0        0.000%                0        0.000%
INST_LOST_ROB_STALL_WAIT_FOR_MEMORY             357598        0.577%           357598        0.577%
INST_LOST_ROB_STALL_WAIT_FOR_DC_MISS            139280        0.225%           139280        0.225%
INST_LOST_ROB_BLOCK_ISSUE_FULL                       0        0.000%                0        0.000%
INST_LOST_ROB_BLOCK_ISSUE_GAP_TOO_LARGE              0        0.000%                0        0.000%
INST_LOST_BREAK_DONT                                 0        0.000%                0        0.000%
INST_LOST_BREAK_FT_UNAVAILABLE                 1802620        2.910%          1802620        2.910%
INST_LOST_BREAK_ICACHE_STAGE_RESTEER             80098        0.129%            80098        0.129%
INST_LOST_BREAK_ICACHE_MISS_REQ_SUCCESS           4826        0.008%             4826        0.008%
INST_LOST_BREAK_ICACHE_MISS_REQ_FAILURE           1357        0.002%             1357        0.002%
INST_LOST_BREAK_ICACHE_WAIT_FOR_MISS            474504        0.766%           474504        0.766%
INST_LOST_BREAK_ICACHE_STALLED                  329202        0.531%           329202        0.531%
INST_LOST_BREAK_ICACHE_TO_UOP_CACHE_SWITCH         88924        0.144%            88924        0.144%
INST_LOST_BREAK_ICACHE_READ_LIMIT               144127        0.233%           144127        0.233%
INST_LOST_BREAK_ICACHE_ISSUE_WIDTH                   0        0.000%                0        0.000%
INST_LOST_BREAK_UOP_CACHE_STALLED               678680        1.095%           678680        1.095%
INST_LOST_BREAK_UOP_CACHE_TO_ICACHE_SWITCH        148014        0.239%           148014        0.239%
INST_LOST_BREAK_UOP_CACHE_READ_LIMIT          11487142       18.542%         11487142       18.542%
INST_LOST_BREAK_UOP_CACHE_ISSUE_WIDTH                0        0.000%                0        0.000%
                                              61953438      100.000%         61953438      100.000%
                                                  5.72         8.53              5.72         8.53

INST_LOST_TOTAL                               62061524                       62061524              

INST_LOST_WAIT_FOR_ICACHE_MISS_NOT_PREFETCHED        104988       26.101%           104988       26.101%
INST_LOST_WAIT_FOR_ICACHE_MISS_PREFETCHED_AND_EVICTED_BY_IFETCH             0        0.000%                0        0.000%
INST_LOST_WAIT_FOR_ICACHE_MISS_PREFETCHED_AND_EVICTED_BY_FDIP             0        0.000%                0        0.000%
INST_LOST_WAIT_FOR_ICACHE_MISS_MSHR_HIT_PREF_OFFPATH          9930        2.469%             9930        2.469%
INST_LOST_WAIT_FOR_ICACHE_MISS_MSHR_HIT_PREF_ONPATH        287316       71.430%           287316       71.430%
                                                402234      100.000%           402234      100.000%
                                                  2.93         2.64              2.93         2.64

FETCH_0_OPS                                     431101        5.450%           431101        5.450%
FETCH_1_OPS                                     167131        2.113%           167131        2.113%
FETCH_2_OPS                                     486769        6.154%           486769        6.154%
FETCH_3_OPS                                     478806        6.054%           478806        6.054%
FETCH_4_OPS                                    1021015       12.909%          1021015       12.909%
FETCH_5_OPS                                     284185        3.593%           284185        3.593%
FETCH_6_OPS                                     579917        7.332%           579917        7.332%
FETCH_7_OPS                                     424496        5.367%           424496        5.367%
FETCH_8_OPS                                    4036123       51.029%          4036123       51.029%
FETCH_9_OPS                                          0        0.000%                0        0.000%
FETCH_10_OPS                                         0        0.000%                0        0.000%
FETCH_11_OPS                                         0        0.000%                0        0.000%
FETCH_12_OPS                                         0        0.000%                0        0.000%
FETCH_13_OPS                                         0        0.000%                0        0.000%
FETCH_14_OPS                                         0        0.000%                0        0.000%
FETCH_15_OPS                                         0        0.000%                0        0.000%
FETCH_16_OPS                                         0        0.000%                0        0.000%
                                               7909543      100.000%          7909543      100.000%
                                                  5.92         2.18              5.92         2.18

ST_BREAK_DONT                                        0        0.000%                0        0.000%
ST_BREAK_FT_UNAVAILABLE                         303906        3.842%           303906        3.842%
ST_BREAK_ICACHE_STAGE_RESTEER                    18608        0.235%            18608        0.235%
ST_BREAK_ICACHE_MISS_REQ_SUCCESS                  1166        0.015%             1166        0.015%
ST_BREAK_ICACHE_MISS_REQ_FAILURE                   227        0.003%              227        0.003%
ST_BREAK_ICACHE_WAIT_FOR_MISS                    79089        1.000%            79089        1.000%
ST_BREAK_ICACHE_STALLED                          62678        0.792%            62678        0.792%
ST_BREAK_ICACHE_TO_UOP_CACHE_SWITCH              22454        0.284%            22454        0.284%
ST_BREAK_ICACHE_READ_LIMIT                       51339        0.649%            51339        0.649%
ST_BREAK_ICACHE_ISSUE_WIDTH                      91484        1.157%            91484        1.157%
ST_BREAK_UOP_CACHE_STALLED                      421747        5.332%           421747        5.332%
ST_BREAK_UOP_CACHE_TO_ICACHE_SWITCH              26991        0.341%            26991        0.341%
ST_BREAK_UOP_CACHE_READ_LIMIT                  3074974       38.877%          3074974       38.877%
ST_BREAK_UOP_CACHE_ISSUE_WIDTH                 3754880       47.473%          3754880       47.473%
                                               7909543      100.000%          7909543      100.000%
                                                 11.72         8.48             11.72         8.48

ORACLE_ON_PATH_INST                           36689176       83.278%         36689176       83.278%
ORACLE_OFF_PATH_INST                           7367004       16.722%          7367004       16.722%
                                              44056180      100.000%         44056180      100.000%
                                                  0.17         0.35              0.17         0.35

ORACLE_ON_PATH_INST_MEM                       11208597       25.442%         11208597       25.442%
ORACLE_ON_PATH_INST_NOTMEM                    25480579       57.837%         25480579       57.837%
ORACLE_OFF_PATH_INST_MEM                       2138940        4.855%          2138940        4.855%
ORACLE_OFF_PATH_INST_NOTMEM                    5228064       11.867%          5228064       11.867%
                                              44056180      100.000%         44056180      100.000%
                                                  1.03         0.80              1.03         0.80

ICACHE_CYCLE_NONRA_ONPATH                            0         -nan%                0         -nan%
ICACHE_CYCLE_NONRA_OFFPATH                           0         -nan%                0         -nan%
ICACHE_CYCLE_RA_ONPATH                               0         -nan%                0         -nan%
ICACHE_CYCLE_RA_OFFPATH                              0         -nan%                0         -nan%
                                                     0         -nan%                0         -nan%
                                                  -nan         -nan              -nan         -nan

ICACHE_CYCLE_ONPATH_NONRA                            0         -nan%                0         -nan%
ICACHE_CYCLE_OFFPATH_NONRA                           0         -nan%                0         -nan%
                                                     0         -nan%                0         -nan%
                                                  -nan         -nan              -nan         -nan

ICACHE_CYCLE_ONPATH_RA                               0         -nan%                0         -nan%
ICACHE_CYCLE_OFFPATH_RA                              0         -nan%                0         -nan%
                                                     0         -nan%                0         -nan%
                                                  -nan         -nan              -nan         -nan

INACCURATE_OFFPATH_CYCLES                            0        0.0000                0        0.0000

FETCH_ALL_INST                                44056180                       44056180              

EXEC_ALL_INST                                 37537410                       37537410              

RET_ALL_INST                                  36689176                       36689176              

EXEC_ON_PATH_INST                             34983823       93.197%         34983823       93.197%
EXEC_OFF_PATH_INST                             2553587        6.803%          2553587        6.803%
                                              37537410      100.000%         37537410      100.000%
                                                  0.07         0.24              0.07         0.24

EXEC_ON_PATH_INST_MEM                          9503244       25.317%          9503244       25.317%
EXEC_ON_PATH_INST_NOTMEM                      25480579       67.880%         25480579       67.880%
EXEC_OFF_PATH_INST_MEM                          904192        2.409%           904192        2.409%
EXEC_OFF_PATH_INST_NOTMEM                      1649395        4.394%          1649395        4.394%
                                              37537410      100.000%         37537410      100.000%
                                                  0.86         0.53              0.86         0.53

EXEC_RA_INST                                         0         -nan%                0         -nan%
EXEC_NONRA_INST                                      0         -nan%                0         -nan%
                                                     0         -nan%                0         -nan%
                                                  -nan         -nan              -nan         -nan

EXEC_ON_PATH_INST_RA                                 0         -nan%                0         -nan%
EXEC_OFF_PATH_INST_RA                                0         -nan%                0         -nan%
                                                     0         -nan%                0         -nan%
                                                  -nan         -nan              -nan         -nan

EXEC_ON_PATH_INST_NONRA                              0         -nan%                0         -nan%
EXEC_OFF_PATH_INST_NONRA                             0         -nan%                0         -nan%
                                                     0         -nan%                0         -nan%
                                                  -nan         -nan              -nan         -nan

EXEC_RA_ON_PATH_INST                                 0         -nan%                0         -nan%
EXEC_RA_OFF_PATH_INST                                0         -nan%                0         -nan%
EXEC_NONRA_ON_PATH_INST                              0         -nan%                0         -nan%
EXEC_NONRA_OFF_PATH_INST                             0         -nan%                0         -nan%
                                                     0         -nan%                0         -nan%
                                                  -nan         -nan              -nan         -nan

ICACHE_THROTTLE_CYCLE                                0                              0              

FETCH_ENABLE_THROTTLE_OFF_PATH                       0         -nan%                0         -nan%
FETCH_ENABLE_THROTTLE_ON_PATH                        0         -nan%                0         -nan%
                                                     0         -nan%                0         -nan%
                                                  -nan         -nan              -nan         -nan

FETCH_DISABLE_THROTTLE_OFF_PATH                      0         -nan%                0         -nan%
FETCH_DISABLE_THROTTLE_ON_PATH                       0         -nan%                0         -nan%
                                                     0         -nan%                0         -nan%
                                                  -nan         -nan              -nan         -nan

FETCH_TH_ADJUST__0                                   0         -nan%                0         -nan%
FETCH_TH_ADJUST__1                                   0         -nan%                0         -nan%
FETCH_TH_ADJUST__2                                   0         -nan%                0         -nan%
FETCH_TH_ADJUST__3                                   0         -nan%                0         -nan%
FETCH_TH_ADJUST__4                                   0         -nan%                0         -nan%
FETCH_TH_ADJUST__5                                   0         -nan%                0         -nan%
FETCH_TH_ADJUST__6                                   0         -nan%                0         -nan%
FETCH_TH_ADJUST__7                                   0         -nan%                0         -nan%
FETCH_TH_ADJUST__8                                   0         -nan%                0         -nan%
FETCH_TH_ADJUST__9                                   0         -nan%                0         -nan%
FETCH_TH_ADJUST__MAX                                 0         -nan%                0         -nan%
                                                     0         -nan%                0         -nan%
                                                  -nan         -nan              -nan         -nan

FETCH_TH_ADJUST_UP                                   0         -nan%                0         -nan%
FETCH_TH_ADJUST_DOWN                                 0         -nan%                0         -nan%
FETCH_TH_ADJUST_SAME                                 0         -nan%                0         -nan%
                                                     0         -nan%                0         -nan%
                                                  -nan         -nan              -nan         -nan

THROTTLE_ADJUST_CACHE_MISS_INFO                      0                              0              

LOW_CONF_COUNT_BP_MIS_0                              0         -nan%                0         -nan%
LOW_CONF_COUNT_BP_MIS_1                              0         -nan%                0         -nan%
LOW_CONF_COUNT_BP_MIS_2                              0         -nan%                0         -nan%
LOW_CONF_COUNT_BP_MIS_3                              0         -nan%                0         -nan%
LOW_CONF_COUNT_BP_MIS_4                              0         -nan%                0         -nan%
LOW_CONF_COUNT_BP_MIS_5                              0         -nan%                0         -nan%
LOW_CONF_COUNT_BP_MIS_6                              0         -nan%                0         -nan%
LOW_CONF_COUNT_BP_MIS_7                              0         -nan%                0         -nan%
LOW_CONF_COUNT_BP_MIS_8                              0         -nan%                0         -nan%
LOW_CONF_COUNT_BP_MIS_9                              0         -nan%                0         -nan%
LOW_CONF_COUNT_BP_MIS_10                             0         -nan%                0         -nan%
LOW_CONF_COUNT_BP_MIS_11                             0         -nan%                0         -nan%
LOW_CONF_COUNT_BP_MIS_12                             0         -nan%                0         -nan%
LOW_CONF_COUNT_BP_MIS_13                             0         -nan%                0         -nan%
LOW_CONF_COUNT_BP_MIS_14                             0         -nan%                0         -nan%
LOW_CONF_COUNT_BP_MIS_15                             0         -nan%                0         -nan%
LOW_CONF_COUNT_BP_MIS_16                             0         -nan%                0         -nan%
LOW_CONF_COUNT_BP_MIS_17                             0         -nan%                0         -nan%
LOW_CONF_COUNT_BP_MIS_18                             0         -nan%                0         -nan%
LOW_CONF_COUNT_BP_MIS_19                             0         -nan%                0         -nan%
LOW_CONF_COUNT_BP_MIS_20                             0         -nan%                0         -nan%
                                                     0         -nan%                0         -nan%
                                                  -nan         -nan              -nan         -nan

LOW_CONF_COUNT_RET_0                                 0         -nan%                0         -nan%
LOW_CONF_COUNT_RET_1                                 0         -nan%                0         -nan%
LOW_CONF_COUNT_RET_2                                 0         -nan%                0         -nan%
LOW_CONF_COUNT_RET_3                                 0         -nan%                0         -nan%
LOW_CONF_COUNT_RET_4                                 0         -nan%                0         -nan%
LOW_CONF_COUNT_RET_5                                 0         -nan%                0         -nan%
LOW_CONF_COUNT_RET_6                                 0         -nan%                0         -nan%
LOW_CONF_COUNT_RET_7                                 0         -nan%                0         -nan%
LOW_CONF_COUNT_RET_8                                 0         -nan%                0         -nan%
LOW_CONF_COUNT_RET_9                                 0         -nan%                0         -nan%
LOW_CONF_COUNT_RET_10                                0         -nan%                0         -nan%
LOW_CONF_COUNT_RET_11                                0         -nan%                0         -nan%
LOW_CONF_COUNT_RET_12                                0         -nan%                0         -nan%
LOW_CONF_COUNT_RET_13                                0         -nan%                0         -nan%
LOW_CONF_COUNT_RET_14                                0         -nan%                0         -nan%
LOW_CONF_COUNT_RET_15                                0         -nan%                0         -nan%
LOW_CONF_COUNT_RET_16                                0         -nan%                0         -nan%
LOW_CONF_COUNT_RET_17                                0         -nan%                0         -nan%
LOW_CONF_COUNT_RET_18                                0         -nan%                0         -nan%
LOW_CONF_COUNT_RET_19                                0         -nan%                0         -nan%
LOW_CONF_COUNT_RET_20                                0         -nan%                0         -nan%
                                                     0         -nan%                0         -nan%
                                                  -nan         -nan              -nan         -nan

CYCLES_RESTEER_RECOVER_AT_EXEC                       0         -nan%                0         -nan%
CYCLES_RESTEER_RECOVER_AT_DECODE                     0         -nan%                0         -nan%
CYCLES_RESTEER_BTB_MISS                              0         -nan%                0         -nan%
                                                     0         -nan%                0         -nan%
                                                  -nan         -nan              -nan         -nan

CYCLES_RESTEER_RECOVER_AT_EXEC_SAVED_UC_FETCH             0         -nan%                0         -nan%
CYCLES_RESTEER_RECOVER_AT_EXEC_COULD_BE_SAVED_UC_FETCH             0         -nan%                0         -nan%
CYCLES_RESTEER_RECOVER_AT_DECODE_SAVED_UC_FETCH             0         -nan%                0         -nan%
CYCLES_RESTEER_RECOVER_AT_DECODE_COULD_BE_SAVED_UC_FETCH             0         -nan%                0         -nan%
CYCLES_RESTEER_BTB_MISS_SAVED_UC_FETCH               0         -nan%                0         -nan%
CYCLES_RESTEER_BTB_MISS_COULD_BE_SAVED_UC_FETCH             0         -nan%                0         -nan%
                                                     0         -nan%                0         -nan%
                                                  -nan         -nan              -nan         -nan

CYCLES_UOC_IC_SWITCH                                 0                              0              



