/* -*- Mode: c -*- */
####################################################################################################
Core 0
####################################################################################################
Cumulative:        Cycles: 89660473              Instructions: 69999999              IPC: 0.78072

Periodic:          Cycles: 89660473              Instructions: 69999999              IPC: 0.78072

MISS_WAIT_TIME                           4903891209068                  4903891209068              

ICACHE_STAGE_MISS                               112992                         112992              

ICACHE_CYCLE                                  89660473                       89660473              

TCACHE_CYCLE                                         0                              0              

ICACHE_SERVING_CYCLE_ON_PATH                   5739471                        5739471              

ICACHE_SERVING_CYCLE_OFF_PATH                  2044442                        2044442              

UCACHE_SERVING_CYCLE_ON_PATH                  65846103                       65846103              

UCACHE_SERVING_CYCLE_OFF_PATH                  9921127                        9921127              

ICACHE_CYCLE_ONPATH                           76933757       85.806%         76933757       85.806%
ICACHE_CYCLE_OFFPATH                          12726716       14.194%         12726716       14.194%
                                              89660473      100.000%         89660473      100.000%
                                                  0.14         0.33              0.14         0.33

FETCH_ON_PATH                                 77461184       86.394%         77461184       86.394%
FETCH_OFF_PATH                                12199289       13.606%         12199289       13.606%
                                              89660473      100.000%         89660473      100.000%
                                                  0.14         0.32              0.14         0.32

FETCHED_OPS_ON_PATH                                  0         -nan%                0         -nan%
FETCHED_OPS_OFF_PATH                                 0         -nan%                0         -nan%
                                                     0         -nan%                0         -nan%
                                                  -nan         -nan              -nan         -nan

INST_LOST_FETCH                              354836264       52.775%        354836264       52.775%
INST_LOST_OFF_PATH                            39605666        5.891%         39605666        5.891%
INST_LOST_FULL_WINDOW                         34396042        5.116%         34396042        5.116%
INST_LOST_ROB_STALL_OTHER                     38417650        5.714%         38417650        5.714%
INST_LOST_ROB_STALL_WAIT_FOR_RECOVERY                0        0.000%                0        0.000%
INST_LOST_ROB_STALL_WAIT_FOR_REDIRECT                0        0.000%                0        0.000%
INST_LOST_ROB_STALL_WAIT_FOR_GAP_FILL                0        0.000%                0        0.000%
INST_LOST_ROB_STALL_WAIT_FOR_L1_MISS                 0        0.000%                0        0.000%
INST_LOST_ROB_STALL_WAIT_FOR_MEMORY             405616        0.060%           405616        0.060%
INST_LOST_ROB_STALL_WAIT_FOR_DC_MISS          82694746       12.299%         82694746       12.299%
INST_LOST_ROB_BLOCK_ISSUE_FULL                       0        0.000%                0        0.000%
INST_LOST_ROB_BLOCK_ISSUE_GAP_TOO_LARGE              0        0.000%                0        0.000%
INST_LOST_BREAK_DONT                                 0        0.000%                0        0.000%
INST_LOST_BREAK_FT_UNAVAILABLE                 8113169        1.207%          8113169        1.207%
INST_LOST_BREAK_ICACHE_STAGE_RESTEER            247583        0.037%           247583        0.037%
INST_LOST_BREAK_ICACHE_MISS_REQ_SUCCESS         537544        0.080%           537544        0.080%
INST_LOST_BREAK_ICACHE_MISS_REQ_FAILURE         180495        0.027%           180495        0.027%
INST_LOST_BREAK_ICACHE_WAIT_FOR_MISS          11283786        1.678%         11283786        1.678%
INST_LOST_BREAK_ICACHE_STALLED                17517374        2.605%         17517374        2.605%
INST_LOST_BREAK_ICACHE_TO_UOP_CACHE_SWITCH       2051362        0.305%          2051362        0.305%
INST_LOST_BREAK_ICACHE_READ_LIMIT              2805440        0.417%          2805440        0.417%
INST_LOST_BREAK_ICACHE_ISSUE_WIDTH                   0        0.000%                0        0.000%
INST_LOST_BREAK_UOP_CACHE_STALLED             12029170        1.789%         12029170        1.789%
INST_LOST_BREAK_UOP_CACHE_TO_ICACHE_SWITCH       2842426        0.423%          2842426        0.423%
INST_LOST_BREAK_UOP_CACHE_READ_LIMIT          64389503        9.577%         64389503        9.577%
INST_LOST_BREAK_UOP_CACHE_ISSUE_WIDTH                0        0.000%                0        0.000%
                                             672353836      100.000%        672353836      100.000%
                                                  5.31         7.23              5.31         7.23

INST_LOST_TOTAL                              689777202                      689777202              

INST_LOST_WAIT_FOR_ICACHE_MISS_NOT_PREFETCHED       1120782       10.780%          1120782       10.780%
INST_LOST_WAIT_FOR_ICACHE_MISS_PREFETCHED_AND_EVICTED_BY_IFETCH             0        0.000%                0        0.000%
INST_LOST_WAIT_FOR_ICACHE_MISS_PREFETCHED_AND_EVICTED_BY_FDIP             0        0.000%                0        0.000%
INST_LOST_WAIT_FOR_ICACHE_MISS_MSHR_HIT_PREF_OFFPATH        257082        2.473%           257082        2.473%
INST_LOST_WAIT_FOR_ICACHE_MISS_MSHR_HIT_PREF_ONPATH       9018684       86.747%          9018684       86.747%
                                              10396548      100.000%         10396548      100.000%
                                                  3.54         3.33              3.54         3.33

FETCH_0_OPS                                    6094313        6.797%          6094313        6.797%
FETCH_1_OPS                                     603139        0.673%           603139        0.673%
FETCH_2_OPS                                    1034273        1.154%          1034273        1.154%
FETCH_3_OPS                                    1632290        1.821%          1632290        1.821%
FETCH_4_OPS                                    4865407        5.426%          4865407        5.426%
FETCH_5_OPS                                    1787340        1.993%          1787340        1.993%
FETCH_6_OPS                                   28193874       31.445%         28193874       31.445%
FETCH_7_OPS                                     949473        1.059%           949473        1.059%
FETCH_8_OPS                                   44500364       49.632%         44500364       49.632%
FETCH_9_OPS                                          0        0.000%                0        0.000%
FETCH_10_OPS                                         0        0.000%                0        0.000%
FETCH_11_OPS                                         0        0.000%                0        0.000%
FETCH_12_OPS                                         0        0.000%                0        0.000%
FETCH_13_OPS                                         0        0.000%                0        0.000%
FETCH_14_OPS                                         0        0.000%                0        0.000%
FETCH_15_OPS                                         0        0.000%                0        0.000%
FETCH_16_OPS                                         0        0.000%                0        0.000%
                                              89660473      100.000%         89660473      100.000%
                                                  6.33         1.54              6.33         1.54

ST_BREAK_DONT                                        0        0.000%                0        0.000%
ST_BREAK_FT_UNAVAILABLE                        1357197        1.514%          1357197        1.514%
ST_BREAK_ICACHE_STAGE_RESTEER                    64620        0.072%            64620        0.072%
ST_BREAK_ICACHE_MISS_REQ_SUCCESS                112992        0.126%           112992        0.126%
ST_BREAK_ICACHE_MISS_REQ_FAILURE                 30381        0.034%            30381        0.034%
ST_BREAK_ICACHE_WAIT_FOR_MISS                  1882777        2.100%          1882777        2.100%
ST_BREAK_ICACHE_STALLED                        3756761        4.190%          3756761        4.190%
ST_BREAK_ICACHE_TO_UOP_CACHE_SWITCH             638361        0.712%           638361        0.712%
ST_BREAK_ICACHE_READ_LIMIT                     1117329        1.246%          1117329        1.246%
ST_BREAK_ICACHE_ISSUE_WIDTH                    4855871        5.416%          4855871        5.416%
ST_BREAK_UOP_CACHE_STALLED                    22550329       25.151%         22550329       25.151%
ST_BREAK_UOP_CACHE_TO_ICACHE_SWITCH             627411        0.700%           627411        0.700%
ST_BREAK_UOP_CACHE_READ_LIMIT                 25937529       28.929%         25937529       28.929%
ST_BREAK_UOP_CACHE_ISSUE_WIDTH                26728915       29.811%         26728915       29.811%
                                              89660473      100.000%         89660473      100.000%
                                                 10.95         6.44             10.95         6.44

ORACLE_ON_PATH_INST                          354836264       89.959%        354836264       89.959%
ORACLE_OFF_PATH_INST                          39605666       10.041%         39605666       10.041%
                                             394441930      100.000%        394441930      100.000%
                                                  0.10         0.29              0.10         0.29

ORACLE_ON_PATH_INST_MEM                      113439156       28.759%        113439156       28.759%
ORACLE_ON_PATH_INST_NOTMEM                   241397108       61.200%        241397108       61.200%
ORACLE_OFF_PATH_INST_MEM                      10645333        2.699%         10645333        2.699%
ORACLE_OFF_PATH_INST_NOTMEM                   28960333        7.342%         28960333        7.342%
                                             394441930      100.000%        394441930      100.000%
                                                  0.89         0.65              0.89         0.65

ICACHE_CYCLE_NONRA_ONPATH                            0         -nan%                0         -nan%
ICACHE_CYCLE_NONRA_OFFPATH                           0         -nan%                0         -nan%
ICACHE_CYCLE_RA_ONPATH                               0         -nan%                0         -nan%
ICACHE_CYCLE_RA_OFFPATH                              0         -nan%                0         -nan%
                                                     0         -nan%                0         -nan%
                                                  -nan         -nan              -nan         -nan

ICACHE_CYCLE_ONPATH_NONRA                            0         -nan%                0         -nan%
ICACHE_CYCLE_OFFPATH_NONRA                           0         -nan%                0         -nan%
                                                     0         -nan%                0         -nan%
                                                  -nan         -nan              -nan         -nan

ICACHE_CYCLE_ONPATH_RA                               0         -nan%                0         -nan%
ICACHE_CYCLE_OFFPATH_RA                              0         -nan%                0         -nan%
                                                     0         -nan%                0         -nan%
                                                  -nan         -nan              -nan         -nan

INACCURATE_OFFPATH_CYCLES                            0        0.0000                0        0.0000

FETCH_ALL_INST                               394441930                      394441930              

EXEC_ALL_INST                                337118165                      337118165              

RET_ALL_INST                                 354836264                      354836264              

EXEC_ON_PATH_INST                            329070720       97.613%        329070720       97.613%
EXEC_OFF_PATH_INST                             8047445        2.387%          8047445        2.387%
                                             337118165      100.000%        337118165      100.000%
                                                  0.02         0.15              0.02         0.15

EXEC_ON_PATH_INST_MEM                         87673612       26.007%         87673612       26.007%
EXEC_ON_PATH_INST_NOTMEM                     241397108       71.606%        241397108       71.606%
EXEC_OFF_PATH_INST_MEM                         2768501        0.821%          2768501        0.821%
EXEC_OFF_PATH_INST_NOTMEM                      5278944        1.566%          5278944        1.566%
                                             337118165      100.000%        337118165      100.000%
                                                  0.78         0.37              0.78         0.37

EXEC_RA_INST                                         0         -nan%                0         -nan%
EXEC_NONRA_INST                                      0         -nan%                0         -nan%
                                                     0         -nan%                0         -nan%
                                                  -nan         -nan              -nan         -nan

EXEC_ON_PATH_INST_RA                                 0         -nan%                0         -nan%
EXEC_OFF_PATH_INST_RA                                0         -nan%                0         -nan%
                                                     0         -nan%                0         -nan%
                                                  -nan         -nan              -nan         -nan

EXEC_ON_PATH_INST_NONRA                              0         -nan%                0         -nan%
EXEC_OFF_PATH_INST_NONRA                             0         -nan%                0         -nan%
                                                     0         -nan%                0         -nan%
                                                  -nan         -nan              -nan         -nan

EXEC_RA_ON_PATH_INST                                 0         -nan%                0         -nan%
EXEC_RA_OFF_PATH_INST                                0         -nan%                0         -nan%
EXEC_NONRA_ON_PATH_INST                              0         -nan%                0         -nan%
EXEC_NONRA_OFF_PATH_INST                             0         -nan%                0         -nan%
                                                     0         -nan%                0         -nan%
                                                  -nan         -nan              -nan         -nan

ICACHE_THROTTLE_CYCLE                                0                              0              

FETCH_ENABLE_THROTTLE_OFF_PATH                       0         -nan%                0         -nan%
FETCH_ENABLE_THROTTLE_ON_PATH                        0         -nan%                0         -nan%
                                                     0         -nan%                0         -nan%
                                                  -nan         -nan              -nan         -nan

FETCH_DISABLE_THROTTLE_OFF_PATH                      0         -nan%                0         -nan%
FETCH_DISABLE_THROTTLE_ON_PATH                       0         -nan%                0         -nan%
                                                     0         -nan%                0         -nan%
                                                  -nan         -nan              -nan         -nan

FETCH_TH_ADJUST__0                                   0         -nan%                0         -nan%
FETCH_TH_ADJUST__1                                   0         -nan%                0         -nan%
FETCH_TH_ADJUST__2                                   0         -nan%                0         -nan%
FETCH_TH_ADJUST__3                                   0         -nan%                0         -nan%
FETCH_TH_ADJUST__4                                   0         -nan%                0         -nan%
FETCH_TH_ADJUST__5                                   0         -nan%                0         -nan%
FETCH_TH_ADJUST__6                                   0         -nan%                0         -nan%
FETCH_TH_ADJUST__7                                   0         -nan%                0         -nan%
FETCH_TH_ADJUST__8                                   0         -nan%                0         -nan%
FETCH_TH_ADJUST__9                                   0         -nan%                0         -nan%
FETCH_TH_ADJUST__MAX                                 0         -nan%                0         -nan%
                                                     0         -nan%                0         -nan%
                                                  -nan         -nan              -nan         -nan

FETCH_TH_ADJUST_UP                                   0         -nan%                0         -nan%
FETCH_TH_ADJUST_DOWN                                 0         -nan%                0         -nan%
FETCH_TH_ADJUST_SAME                                 0         -nan%                0         -nan%
                                                     0         -nan%                0         -nan%
                                                  -nan         -nan              -nan         -nan

THROTTLE_ADJUST_CACHE_MISS_INFO                      0                              0              

LOW_CONF_COUNT_BP_MIS_0                              0         -nan%                0         -nan%
LOW_CONF_COUNT_BP_MIS_1                              0         -nan%                0         -nan%
LOW_CONF_COUNT_BP_MIS_2                              0         -nan%                0         -nan%
LOW_CONF_COUNT_BP_MIS_3                              0         -nan%                0         -nan%
LOW_CONF_COUNT_BP_MIS_4                              0         -nan%                0         -nan%
LOW_CONF_COUNT_BP_MIS_5                              0         -nan%                0         -nan%
LOW_CONF_COUNT_BP_MIS_6                              0         -nan%                0         -nan%
LOW_CONF_COUNT_BP_MIS_7                              0         -nan%                0         -nan%
LOW_CONF_COUNT_BP_MIS_8                              0         -nan%                0         -nan%
LOW_CONF_COUNT_BP_MIS_9                              0         -nan%                0         -nan%
LOW_CONF_COUNT_BP_MIS_10                             0         -nan%                0         -nan%
LOW_CONF_COUNT_BP_MIS_11                             0         -nan%                0         -nan%
LOW_CONF_COUNT_BP_MIS_12                             0         -nan%                0         -nan%
LOW_CONF_COUNT_BP_MIS_13                             0         -nan%                0         -nan%
LOW_CONF_COUNT_BP_MIS_14                             0         -nan%                0         -nan%
LOW_CONF_COUNT_BP_MIS_15                             0         -nan%                0         -nan%
LOW_CONF_COUNT_BP_MIS_16                             0         -nan%                0         -nan%
LOW_CONF_COUNT_BP_MIS_17                             0         -nan%                0         -nan%
LOW_CONF_COUNT_BP_MIS_18                             0         -nan%                0         -nan%
LOW_CONF_COUNT_BP_MIS_19                             0         -nan%                0         -nan%
LOW_CONF_COUNT_BP_MIS_20                             0         -nan%                0         -nan%
                                                     0         -nan%                0         -nan%
                                                  -nan         -nan              -nan         -nan

LOW_CONF_COUNT_RET_0                                 0         -nan%                0         -nan%
LOW_CONF_COUNT_RET_1                                 0         -nan%                0         -nan%
LOW_CONF_COUNT_RET_2                                 0         -nan%                0         -nan%
LOW_CONF_COUNT_RET_3                                 0         -nan%                0         -nan%
LOW_CONF_COUNT_RET_4                                 0         -nan%                0         -nan%
LOW_CONF_COUNT_RET_5                                 0         -nan%                0         -nan%
LOW_CONF_COUNT_RET_6                                 0         -nan%                0         -nan%
LOW_CONF_COUNT_RET_7                                 0         -nan%                0         -nan%
LOW_CONF_COUNT_RET_8                                 0         -nan%                0         -nan%
LOW_CONF_COUNT_RET_9                                 0         -nan%                0         -nan%
LOW_CONF_COUNT_RET_10                                0         -nan%                0         -nan%
LOW_CONF_COUNT_RET_11                                0         -nan%                0         -nan%
LOW_CONF_COUNT_RET_12                                0         -nan%                0         -nan%
LOW_CONF_COUNT_RET_13                                0         -nan%                0         -nan%
LOW_CONF_COUNT_RET_14                                0         -nan%                0         -nan%
LOW_CONF_COUNT_RET_15                                0         -nan%                0         -nan%
LOW_CONF_COUNT_RET_16                                0         -nan%                0         -nan%
LOW_CONF_COUNT_RET_17                                0         -nan%                0         -nan%
LOW_CONF_COUNT_RET_18                                0         -nan%                0         -nan%
LOW_CONF_COUNT_RET_19                                0         -nan%                0         -nan%
LOW_CONF_COUNT_RET_20                                0         -nan%                0         -nan%
                                                     0         -nan%                0         -nan%
                                                  -nan         -nan              -nan         -nan

CYCLES_RESTEER_RECOVER_AT_EXEC                       0         -nan%                0         -nan%
CYCLES_RESTEER_RECOVER_AT_DECODE                     0         -nan%                0         -nan%
CYCLES_RESTEER_BTB_MISS                              0         -nan%                0         -nan%
                                                     0         -nan%                0         -nan%
                                                  -nan         -nan              -nan         -nan

CYCLES_RESTEER_RECOVER_AT_EXEC_SAVED_UC_FETCH             0         -nan%                0         -nan%
CYCLES_RESTEER_RECOVER_AT_EXEC_COULD_BE_SAVED_UC_FETCH             0         -nan%                0         -nan%
CYCLES_RESTEER_RECOVER_AT_DECODE_SAVED_UC_FETCH             0         -nan%                0         -nan%
CYCLES_RESTEER_RECOVER_AT_DECODE_COULD_BE_SAVED_UC_FETCH             0         -nan%                0         -nan%
CYCLES_RESTEER_BTB_MISS_SAVED_UC_FETCH               0         -nan%                0         -nan%
CYCLES_RESTEER_BTB_MISS_COULD_BE_SAVED_UC_FETCH             0         -nan%                0         -nan%
                                                     0         -nan%                0         -nan%
                                                  -nan         -nan              -nan         -nan

CYCLES_UOC_IC_SWITCH                                 0                              0              



