/* -*- Mode: c -*- */
####################################################################################################
Core 0
####################################################################################################
Cumulative:        Cycles: 19103840              Instructions: 89999999              IPC: 4.71109

Periodic:          Cycles: 19103840              Instructions: 89999999              IPC: 4.71109

MISS_WAIT_TIME                              1025507591                     1025507591              

ICACHE_STAGE_MISS                                  684                            684              

ICACHE_CYCLE                                  19103840                       19103840              

TCACHE_CYCLE                                         0                              0              

ICACHE_SERVING_CYCLE_ON_PATH                    174444                         174444              

ICACHE_SERVING_CYCLE_OFF_PATH                    35530                          35530              

UCACHE_SERVING_CYCLE_ON_PATH                  18166040                       18166040              

UCACHE_SERVING_CYCLE_OFF_PATH                   477262                         477262              

ICACHE_CYCLE_ONPATH                           18565300       97.181%         18565300       97.181%
ICACHE_CYCLE_OFFPATH                            538540        2.819%           538540        2.819%
                                              19103840      100.000%         19103840      100.000%
                                                  0.03         0.16              0.03         0.16

FETCH_ON_PATH                                 18584153       97.280%         18584153       97.280%
FETCH_OFF_PATH                                  519687        2.720%           519687        2.720%
                                              19103840      100.000%         19103840      100.000%
                                                  0.03         0.16              0.03         0.16

FETCHED_OPS_ON_PATH                                  0         -nan%                0         -nan%
FETCHED_OPS_OFF_PATH                                 0         -nan%                0         -nan%
                                                     0         -nan%                0         -nan%
                                                  -nan         -nan              -nan         -nan

INST_LOST_FETCH                              104268263       67.822%        104268263       67.822%
INST_LOST_OFF_PATH                             3114146        2.026%          3114146        2.026%
INST_LOST_FULL_WINDOW                         14001990        9.108%         14001990        9.108%
INST_LOST_ROB_STALL_OTHER                     12678592        8.247%         12678592        8.247%
INST_LOST_ROB_STALL_WAIT_FOR_RECOVERY                0        0.000%                0        0.000%
INST_LOST_ROB_STALL_WAIT_FOR_REDIRECT                0        0.000%                0        0.000%
INST_LOST_ROB_STALL_WAIT_FOR_GAP_FILL                0        0.000%                0        0.000%
INST_LOST_ROB_STALL_WAIT_FOR_L1_MISS                 0        0.000%                0        0.000%
INST_LOST_ROB_STALL_WAIT_FOR_MEMORY            1290824        0.840%          1290824        0.840%
INST_LOST_ROB_STALL_WAIT_FOR_DC_MISS            714704        0.465%           714704        0.465%
INST_LOST_ROB_BLOCK_ISSUE_FULL                       0        0.000%                0        0.000%
INST_LOST_ROB_BLOCK_ISSUE_GAP_TOO_LARGE              0        0.000%                0        0.000%
INST_LOST_BREAK_DONT                                 0        0.000%                0        0.000%
INST_LOST_BREAK_FT_UNAVAILABLE                 1076845        0.700%          1076845        0.700%
INST_LOST_BREAK_ICACHE_STAGE_RESTEER              7016        0.005%             7016        0.005%
INST_LOST_BREAK_ICACHE_MISS_REQ_SUCCESS           2860        0.002%             2860        0.002%
INST_LOST_BREAK_ICACHE_MISS_REQ_FAILURE              0        0.000%                0        0.000%
INST_LOST_BREAK_ICACHE_WAIT_FOR_MISS            265092        0.172%           265092        0.172%
INST_LOST_BREAK_ICACHE_STALLED                   94998        0.062%            94998        0.062%
INST_LOST_BREAK_ICACHE_TO_UOP_CACHE_SWITCH        323619        0.211%           323619        0.211%
INST_LOST_BREAK_ICACHE_READ_LIMIT                28075        0.018%            28075        0.018%
INST_LOST_BREAK_ICACHE_ISSUE_WIDTH                   0        0.000%                0        0.000%
INST_LOST_BREAK_UOP_CACHE_STALLED              2357165        1.533%          2357165        1.533%
INST_LOST_BREAK_UOP_CACHE_TO_ICACHE_SWITCH        237927        0.155%           237927        0.155%
INST_LOST_BREAK_UOP_CACHE_READ_LIMIT          13275080        8.635%         13275080        8.635%
INST_LOST_BREAK_UOP_CACHE_ISSUE_WIDTH                0        0.000%                0        0.000%
                                             153737196      100.000%        153737196      100.000%
                                                  3.18         6.77              3.18         6.77

INST_LOST_TOTAL                              151974382                      151974382              

INST_LOST_WAIT_FOR_ICACHE_MISS_NOT_PREFETCHED         52656       22.686%            52656       22.686%
INST_LOST_WAIT_FOR_ICACHE_MISS_PREFETCHED_AND_EVICTED_BY_IFETCH             0        0.000%                0        0.000%
INST_LOST_WAIT_FOR_ICACHE_MISS_PREFETCHED_AND_EVICTED_BY_FDIP             0        0.000%                0        0.000%
INST_LOST_WAIT_FOR_ICACHE_MISS_MSHR_HIT_PREF_OFFPATH          1512        0.651%             1512        0.651%
INST_LOST_WAIT_FOR_ICACHE_MISS_MSHR_HIT_PREF_ONPATH        177942       76.663%           177942       76.663%
                                                232110      100.000%           232110      100.000%
                                                  3.09         2.82              3.09         2.82

FETCH_0_OPS                                     235421        1.232%           235421        1.232%
FETCH_1_OPS                                     344909        1.805%           344909        1.805%
FETCH_2_OPS                                     325409        1.703%           325409        1.703%
FETCH_3_OPS                                    1157360        6.058%          1157360        6.058%
FETCH_4_OPS                                     616409        3.227%           616409        3.227%
FETCH_5_OPS                                     668878        3.501%           668878        3.501%
FETCH_6_OPS                                     720508        3.772%           720508        3.772%
FETCH_7_OPS                                     574744        3.009%           574744        3.009%
FETCH_8_OPS                                   14460202       75.693%         14460202       75.693%
FETCH_9_OPS                                          0        0.000%                0        0.000%
FETCH_10_OPS                                         0        0.000%                0        0.000%
FETCH_11_OPS                                         0        0.000%                0        0.000%
FETCH_12_OPS                                         0        0.000%                0        0.000%
FETCH_13_OPS                                         0        0.000%                0        0.000%
FETCH_14_OPS                                         0        0.000%                0        0.000%
FETCH_15_OPS                                         0        0.000%                0        0.000%
FETCH_16_OPS                                         0        0.000%                0        0.000%
                                              19103840      100.000%         19103840      100.000%
                                                  7.03         1.81              7.03         1.81

ST_BREAK_DONT                                        0        0.000%                0        0.000%
ST_BREAK_FT_UNAVAILABLE                         190387        0.997%           190387        0.997%
ST_BREAK_ICACHE_STAGE_RESTEER                     1357        0.007%             1357        0.007%
ST_BREAK_ICACHE_MISS_REQ_SUCCESS                   684        0.004%              684        0.004%
ST_BREAK_ICACHE_MISS_REQ_FAILURE                     0        0.000%                0        0.000%
ST_BREAK_ICACHE_WAIT_FOR_MISS                    44188        0.231%            44188        0.231%
ST_BREAK_ICACHE_STALLED                          20896        0.109%            20896        0.109%
ST_BREAK_ICACHE_TO_UOP_CACHE_SWITCH              81513        0.427%            81513        0.427%
ST_BREAK_ICACHE_READ_LIMIT                       18057        0.095%            18057        0.095%
ST_BREAK_ICACHE_ISSUE_WIDTH                      87505        0.458%            87505        0.458%
ST_BREAK_UOP_CACHE_STALLED                     3644493       19.077%          3644493       19.077%
ST_BREAK_UOP_CACHE_TO_ICACHE_SWITCH              53322        0.279%            53322        0.279%
ST_BREAK_UOP_CACHE_READ_LIMIT                  3526328       18.459%          3526328       18.459%
ST_BREAK_UOP_CACHE_ISSUE_WIDTH                11435110       59.858%         11435110       59.858%
                                              19103840      100.000%         19103840      100.000%
                                                 12.04         9.47             12.04         9.47

ORACLE_ON_PATH_INST                          104268263       97.100%        104268263       97.100%
ORACLE_OFF_PATH_INST                           3114146        2.900%          3114146        2.900%
                                             107382409      100.000%        107382409      100.000%
                                                  0.03         0.17              0.03         0.17

ORACLE_ON_PATH_INST_MEM                       30916850       28.791%         30916850       28.791%
ORACLE_ON_PATH_INST_NOTMEM                    73351413       68.309%         73351413       68.309%
ORACLE_OFF_PATH_INST_MEM                        921989        0.859%           921989        0.859%
ORACLE_OFF_PATH_INST_NOTMEM                    2192157        2.041%          2192157        2.041%
                                             107382409      100.000%        107382409      100.000%
                                                  0.76         0.41              0.76         0.41

ICACHE_CYCLE_NONRA_ONPATH                            0         -nan%                0         -nan%
ICACHE_CYCLE_NONRA_OFFPATH                           0         -nan%                0         -nan%
ICACHE_CYCLE_RA_ONPATH                               0         -nan%                0         -nan%
ICACHE_CYCLE_RA_OFFPATH                              0         -nan%                0         -nan%
                                                     0         -nan%                0         -nan%
                                                  -nan         -nan              -nan         -nan

ICACHE_CYCLE_ONPATH_NONRA                            0         -nan%                0         -nan%
ICACHE_CYCLE_OFFPATH_NONRA                           0         -nan%                0         -nan%
                                                     0         -nan%                0         -nan%
                                                  -nan         -nan              -nan         -nan

ICACHE_CYCLE_ONPATH_RA                               0         -nan%                0         -nan%
ICACHE_CYCLE_OFFPATH_RA                              0         -nan%                0         -nan%
                                                     0         -nan%                0         -nan%
                                                  -nan         -nan              -nan         -nan

INACCURATE_OFFPATH_CYCLES                            0        0.0000                0        0.0000

FETCH_ALL_INST                               107382409                      107382409              

EXEC_ALL_INST                                104836342                      104836342              

RET_ALL_INST                                 104268263                      104268263              

EXEC_ON_PATH_INST                            104268263       99.458%        104268263       99.458%
EXEC_OFF_PATH_INST                              568079        0.542%           568079        0.542%
                                             104836342      100.000%        104836342      100.000%
                                                  0.01         0.07              0.01         0.07

EXEC_ON_PATH_INST_MEM                         30916850       29.491%         30916850       29.491%
EXEC_ON_PATH_INST_NOTMEM                      73351413       69.968%         73351413       69.968%
EXEC_OFF_PATH_INST_MEM                          178804        0.171%           178804        0.171%
EXEC_OFF_PATH_INST_NOTMEM                       389275        0.371%           389275        0.371%
                                             104836342      100.000%        104836342      100.000%
                                                  0.71         0.29              0.71         0.29

EXEC_RA_INST                                         0         -nan%                0         -nan%
EXEC_NONRA_INST                                      0         -nan%                0         -nan%
                                                     0         -nan%                0         -nan%
                                                  -nan         -nan              -nan         -nan

EXEC_ON_PATH_INST_RA                                 0         -nan%                0         -nan%
EXEC_OFF_PATH_INST_RA                                0         -nan%                0         -nan%
                                                     0         -nan%                0         -nan%
                                                  -nan         -nan              -nan         -nan

EXEC_ON_PATH_INST_NONRA                              0         -nan%                0         -nan%
EXEC_OFF_PATH_INST_NONRA                             0         -nan%                0         -nan%
                                                     0         -nan%                0         -nan%
                                                  -nan         -nan              -nan         -nan

EXEC_RA_ON_PATH_INST                                 0         -nan%                0         -nan%
EXEC_RA_OFF_PATH_INST                                0         -nan%                0         -nan%
EXEC_NONRA_ON_PATH_INST                              0         -nan%                0         -nan%
EXEC_NONRA_OFF_PATH_INST                             0         -nan%                0         -nan%
                                                     0         -nan%                0         -nan%
                                                  -nan         -nan              -nan         -nan

ICACHE_THROTTLE_CYCLE                                0                              0              

FETCH_ENABLE_THROTTLE_OFF_PATH                       0         -nan%                0         -nan%
FETCH_ENABLE_THROTTLE_ON_PATH                        0         -nan%                0         -nan%
                                                     0         -nan%                0         -nan%
                                                  -nan         -nan              -nan         -nan

FETCH_DISABLE_THROTTLE_OFF_PATH                      0         -nan%                0         -nan%
FETCH_DISABLE_THROTTLE_ON_PATH                       0         -nan%                0         -nan%
                                                     0         -nan%                0         -nan%
                                                  -nan         -nan              -nan         -nan

FETCH_TH_ADJUST__0                                   0         -nan%                0         -nan%
FETCH_TH_ADJUST__1                                   0         -nan%                0         -nan%
FETCH_TH_ADJUST__2                                   0         -nan%                0         -nan%
FETCH_TH_ADJUST__3                                   0         -nan%                0         -nan%
FETCH_TH_ADJUST__4                                   0         -nan%                0         -nan%
FETCH_TH_ADJUST__5                                   0         -nan%                0         -nan%
FETCH_TH_ADJUST__6                                   0         -nan%                0         -nan%
FETCH_TH_ADJUST__7                                   0         -nan%                0         -nan%
FETCH_TH_ADJUST__8                                   0         -nan%                0         -nan%
FETCH_TH_ADJUST__9                                   0         -nan%                0         -nan%
FETCH_TH_ADJUST__MAX                                 0         -nan%                0         -nan%
                                                     0         -nan%                0         -nan%
                                                  -nan         -nan              -nan         -nan

FETCH_TH_ADJUST_UP                                   0         -nan%                0         -nan%
FETCH_TH_ADJUST_DOWN                                 0         -nan%                0         -nan%
FETCH_TH_ADJUST_SAME                                 0         -nan%                0         -nan%
                                                     0         -nan%                0         -nan%
                                                  -nan         -nan              -nan         -nan

THROTTLE_ADJUST_CACHE_MISS_INFO                      0                              0              

LOW_CONF_COUNT_BP_MIS_0                              0         -nan%                0         -nan%
LOW_CONF_COUNT_BP_MIS_1                              0         -nan%                0         -nan%
LOW_CONF_COUNT_BP_MIS_2                              0         -nan%                0         -nan%
LOW_CONF_COUNT_BP_MIS_3                              0         -nan%                0         -nan%
LOW_CONF_COUNT_BP_MIS_4                              0         -nan%                0         -nan%
LOW_CONF_COUNT_BP_MIS_5                              0         -nan%                0         -nan%
LOW_CONF_COUNT_BP_MIS_6                              0         -nan%                0         -nan%
LOW_CONF_COUNT_BP_MIS_7                              0         -nan%                0         -nan%
LOW_CONF_COUNT_BP_MIS_8                              0         -nan%                0         -nan%
LOW_CONF_COUNT_BP_MIS_9                              0         -nan%                0         -nan%
LOW_CONF_COUNT_BP_MIS_10                             0         -nan%                0         -nan%
LOW_CONF_COUNT_BP_MIS_11                             0         -nan%                0         -nan%
LOW_CONF_COUNT_BP_MIS_12                             0         -nan%                0         -nan%
LOW_CONF_COUNT_BP_MIS_13                             0         -nan%                0         -nan%
LOW_CONF_COUNT_BP_MIS_14                             0         -nan%                0         -nan%
LOW_CONF_COUNT_BP_MIS_15                             0         -nan%                0         -nan%
LOW_CONF_COUNT_BP_MIS_16                             0         -nan%                0         -nan%
LOW_CONF_COUNT_BP_MIS_17                             0         -nan%                0         -nan%
LOW_CONF_COUNT_BP_MIS_18                             0         -nan%                0         -nan%
LOW_CONF_COUNT_BP_MIS_19                             0         -nan%                0         -nan%
LOW_CONF_COUNT_BP_MIS_20                             0         -nan%                0         -nan%
                                                     0         -nan%                0         -nan%
                                                  -nan         -nan              -nan         -nan

LOW_CONF_COUNT_RET_0                                 0         -nan%                0         -nan%
LOW_CONF_COUNT_RET_1                                 0         -nan%                0         -nan%
LOW_CONF_COUNT_RET_2                                 0         -nan%                0         -nan%
LOW_CONF_COUNT_RET_3                                 0         -nan%                0         -nan%
LOW_CONF_COUNT_RET_4                                 0         -nan%                0         -nan%
LOW_CONF_COUNT_RET_5                                 0         -nan%                0         -nan%
LOW_CONF_COUNT_RET_6                                 0         -nan%                0         -nan%
LOW_CONF_COUNT_RET_7                                 0         -nan%                0         -nan%
LOW_CONF_COUNT_RET_8                                 0         -nan%                0         -nan%
LOW_CONF_COUNT_RET_9                                 0         -nan%                0         -nan%
LOW_CONF_COUNT_RET_10                                0         -nan%                0         -nan%
LOW_CONF_COUNT_RET_11                                0         -nan%                0         -nan%
LOW_CONF_COUNT_RET_12                                0         -nan%                0         -nan%
LOW_CONF_COUNT_RET_13                                0         -nan%                0         -nan%
LOW_CONF_COUNT_RET_14                                0         -nan%                0         -nan%
LOW_CONF_COUNT_RET_15                                0         -nan%                0         -nan%
LOW_CONF_COUNT_RET_16                                0         -nan%                0         -nan%
LOW_CONF_COUNT_RET_17                                0         -nan%                0         -nan%
LOW_CONF_COUNT_RET_18                                0         -nan%                0         -nan%
LOW_CONF_COUNT_RET_19                                0         -nan%                0         -nan%
LOW_CONF_COUNT_RET_20                                0         -nan%                0         -nan%
                                                     0         -nan%                0         -nan%
                                                  -nan         -nan              -nan         -nan

CYCLES_RESTEER_RECOVER_AT_EXEC                       0         -nan%                0         -nan%
CYCLES_RESTEER_RECOVER_AT_DECODE                     0         -nan%                0         -nan%
CYCLES_RESTEER_BTB_MISS                              0         -nan%                0         -nan%
                                                     0         -nan%                0         -nan%
                                                  -nan         -nan              -nan         -nan

CYCLES_RESTEER_RECOVER_AT_EXEC_SAVED_UC_FETCH             0         -nan%                0         -nan%
CYCLES_RESTEER_RECOVER_AT_EXEC_COULD_BE_SAVED_UC_FETCH             0         -nan%                0         -nan%
CYCLES_RESTEER_RECOVER_AT_DECODE_SAVED_UC_FETCH             0         -nan%                0         -nan%
CYCLES_RESTEER_RECOVER_AT_DECODE_COULD_BE_SAVED_UC_FETCH             0         -nan%                0         -nan%
CYCLES_RESTEER_BTB_MISS_SAVED_UC_FETCH               0         -nan%                0         -nan%
CYCLES_RESTEER_BTB_MISS_COULD_BE_SAVED_UC_FETCH             0         -nan%                0         -nan%
                                                     0         -nan%                0         -nan%
                                                  -nan         -nan              -nan         -nan

CYCLES_UOC_IC_SWITCH                                 0                              0              



