/* -*- Mode: c -*- */
####################################################################################################
Core 0
####################################################################################################
Cumulative:        Cycles: 20224185              Instructions: 89999999              IPC: 4.45012

Periodic:          Cycles: 20224185              Instructions: 89999999              IPC: 4.45012

MISS_WAIT_TIME                               674764494                      674764494              

ICACHE_STAGE_MISS                                  597                            597              

ICACHE_CYCLE                                  20224185                       20224185              

TCACHE_CYCLE                                         0                              0              

ICACHE_SERVING_CYCLE_ON_PATH                    403871                         403871              

ICACHE_SERVING_CYCLE_OFF_PATH                    13333                          13333              

UCACHE_SERVING_CYCLE_ON_PATH                  18886872                       18886872              

UCACHE_SERVING_CYCLE_OFF_PATH                   533898                         533898              

ICACHE_CYCLE_ONPATH                           19653634       97.179%         19653634       97.179%
ICACHE_CYCLE_OFFPATH                            570551        2.821%           570551        2.821%
                                              20224185      100.000%         20224185      100.000%
                                                  0.03         0.16              0.03         0.16

FETCH_ON_PATH                                 19664557       97.233%         19664557       97.233%
FETCH_OFF_PATH                                  559628        2.767%           559628        2.767%
                                              20224185      100.000%         20224185      100.000%
                                                  0.03         0.16              0.03         0.16

FETCHED_OPS_ON_PATH                                  0         -nan%                0         -nan%
FETCHED_OPS_OFF_PATH                                 0         -nan%                0         -nan%
                                                     0         -nan%                0         -nan%
                                                  -nan         -nan              -nan         -nan

INST_LOST_FETCH                              103588011       63.141%        103588011       63.141%
INST_LOST_OFF_PATH                             3434715        2.094%          3434715        2.094%
INST_LOST_FULL_WINDOW                          7634208        4.653%          7634208        4.653%
INST_LOST_ROB_STALL_OTHER                      7559860        4.608%          7559860        4.608%
INST_LOST_ROB_STALL_WAIT_FOR_RECOVERY                0        0.000%                0        0.000%
INST_LOST_ROB_STALL_WAIT_FOR_REDIRECT                0        0.000%                0        0.000%
INST_LOST_ROB_STALL_WAIT_FOR_GAP_FILL                0        0.000%                0        0.000%
INST_LOST_ROB_STALL_WAIT_FOR_L1_MISS                 0        0.000%                0        0.000%
INST_LOST_ROB_STALL_WAIT_FOR_MEMORY             172940        0.105%           172940        0.105%
INST_LOST_ROB_STALL_WAIT_FOR_DC_MISS          10800592        6.583%         10800592        6.583%
INST_LOST_ROB_BLOCK_ISSUE_FULL                       0        0.000%                0        0.000%
INST_LOST_ROB_BLOCK_ISSUE_GAP_TOO_LARGE              0        0.000%                0        0.000%
INST_LOST_BREAK_DONT                                 0        0.000%                0        0.000%
INST_LOST_BREAK_FT_UNAVAILABLE                 1963943        1.197%          1963943        1.197%
INST_LOST_BREAK_ICACHE_STAGE_RESTEER              1357        0.001%             1357        0.001%
INST_LOST_BREAK_ICACHE_MISS_REQ_SUCCESS           2396        0.001%             2396        0.001%
INST_LOST_BREAK_ICACHE_MISS_REQ_FAILURE            102        0.000%              102        0.000%
INST_LOST_BREAK_ICACHE_WAIT_FOR_MISS            254238        0.155%           254238        0.155%
INST_LOST_BREAK_ICACHE_STALLED                   79647        0.049%            79647        0.049%
INST_LOST_BREAK_ICACHE_TO_UOP_CACHE_SWITCH        596365        0.364%           596365        0.364%
INST_LOST_BREAK_ICACHE_READ_LIMIT               321098        0.196%           321098        0.196%
INST_LOST_BREAK_ICACHE_ISSUE_WIDTH                   0        0.000%                0        0.000%
INST_LOST_BREAK_UOP_CACHE_STALLED              4439475        2.706%          4439475        2.706%
INST_LOST_BREAK_UOP_CACHE_TO_ICACHE_SWITCH        291496        0.178%           291496        0.178%
INST_LOST_BREAK_UOP_CACHE_READ_LIMIT          22916711       13.969%         22916711       13.969%
INST_LOST_BREAK_UOP_CACHE_ISSUE_WIDTH                0        0.000%                0        0.000%
                                             164057154      100.000%        164057154      100.000%
                                                  5.14         7.88              5.14         7.88

INST_LOST_TOTAL                              160223532                      160223532              

INST_LOST_WAIT_FOR_ICACHE_MISS_NOT_PREFETCHED         45930       21.865%            45930       21.865%
INST_LOST_WAIT_FOR_ICACHE_MISS_PREFETCHED_AND_EVICTED_BY_IFETCH             0        0.000%                0        0.000%
INST_LOST_WAIT_FOR_ICACHE_MISS_PREFETCHED_AND_EVICTED_BY_FDIP             0        0.000%                0        0.000%
INST_LOST_WAIT_FOR_ICACHE_MISS_MSHR_HIT_PREF_OFFPATH          1560        0.743%             1560        0.743%
INST_LOST_WAIT_FOR_ICACHE_MISS_MSHR_HIT_PREF_ONPATH        162576       77.393%           162576       77.393%
                                                210066      100.000%           210066      100.000%
                                                  3.12         2.85              3.12         2.85

FETCH_0_OPS                                     380541        1.882%           380541        1.882%
FETCH_1_OPS                                     941020        4.653%           941020        4.653%
FETCH_2_OPS                                     802977        3.970%           802977        3.970%
FETCH_3_OPS                                     899525        4.448%           899525        4.448%
FETCH_4_OPS                                    1512605        7.479%          1512605        7.479%
FETCH_5_OPS                                    1075270        5.317%          1075270        5.317%
FETCH_6_OPS                                    1697362        8.393%          1697362        8.393%
FETCH_7_OPS                                     818867        4.049%           818867        4.049%
FETCH_8_OPS                                   12096018       59.810%         12096018       59.810%
FETCH_9_OPS                                          0        0.000%                0        0.000%
FETCH_10_OPS                                         0        0.000%                0        0.000%
FETCH_11_OPS                                         0        0.000%                0        0.000%
FETCH_12_OPS                                         0        0.000%                0        0.000%
FETCH_13_OPS                                         0        0.000%                0        0.000%
FETCH_14_OPS                                         0        0.000%                0        0.000%
FETCH_15_OPS                                         0        0.000%                0        0.000%
FETCH_16_OPS                                         0        0.000%                0        0.000%
                                              20224185      100.000%         20224185      100.000%
                                                  6.40         2.18              6.40         2.18

ST_BREAK_DONT                                        0        0.000%                0        0.000%
ST_BREAK_FT_UNAVAILABLE                         330432        1.634%           330432        1.634%
ST_BREAK_ICACHE_STAGE_RESTEER                      282        0.001%              282        0.001%
ST_BREAK_ICACHE_MISS_REQ_SUCCESS                   597        0.003%              597        0.003%
ST_BREAK_ICACHE_MISS_REQ_FAILURE                    17        0.000%               17        0.000%
ST_BREAK_ICACHE_WAIT_FOR_MISS                    42387        0.210%            42387        0.210%
ST_BREAK_ICACHE_STALLED                          14441        0.071%            14441        0.071%
ST_BREAK_ICACHE_TO_UOP_CACHE_SWITCH             172526        0.853%           172526        0.853%
ST_BREAK_ICACHE_READ_LIMIT                       86620        0.428%            86620        0.428%
ST_BREAK_ICACHE_ISSUE_WIDTH                     143786        0.711%           143786        0.711%
ST_BREAK_UOP_CACHE_STALLED                     3342179       16.526%          3342179       16.526%
ST_BREAK_UOP_CACHE_TO_ICACHE_SWITCH              85154        0.421%            85154        0.421%
ST_BREAK_UOP_CACHE_READ_LIMIT                  5938905       29.365%          5938905       29.365%
ST_BREAK_UOP_CACHE_ISSUE_WIDTH                10066859       49.776%         10066859       49.776%
                                              20224185      100.000%         20224185      100.000%
                                                 11.88         8.60             11.88         8.60

ORACLE_ON_PATH_INST                          103588011       96.791%        103588011       96.791%
ORACLE_OFF_PATH_INST                           3434715        3.209%          3434715        3.209%
                                             107022726      100.000%        107022726      100.000%
                                                  0.03         0.17              0.03         0.17

ORACLE_ON_PATH_INST_MEM                       31909994       29.816%         31909994       29.816%
ORACLE_ON_PATH_INST_NOTMEM                    71678017       66.975%         71678017       66.975%
ORACLE_OFF_PATH_INST_MEM                        750319        0.701%           750319        0.701%
ORACLE_OFF_PATH_INST_NOTMEM                    2684396        2.508%          2684396        2.508%
                                             107022726      100.000%        107022726      100.000%
                                                  0.76         0.44              0.76         0.44

ICACHE_CYCLE_NONRA_ONPATH                            0         -nan%                0         -nan%
ICACHE_CYCLE_NONRA_OFFPATH                           0         -nan%                0         -nan%
ICACHE_CYCLE_RA_ONPATH                               0         -nan%                0         -nan%
ICACHE_CYCLE_RA_OFFPATH                              0         -nan%                0         -nan%
                                                     0         -nan%                0         -nan%
                                                  -nan         -nan              -nan         -nan

ICACHE_CYCLE_ONPATH_NONRA                            0         -nan%                0         -nan%
ICACHE_CYCLE_OFFPATH_NONRA                           0         -nan%                0         -nan%
                                                     0         -nan%                0         -nan%
                                                  -nan         -nan              -nan         -nan

ICACHE_CYCLE_ONPATH_RA                               0         -nan%                0         -nan%
ICACHE_CYCLE_OFFPATH_RA                              0         -nan%                0         -nan%
                                                     0         -nan%                0         -nan%
                                                  -nan         -nan              -nan         -nan

INACCURATE_OFFPATH_CYCLES                            0        0.0000                0        0.0000

FETCH_ALL_INST                               107022726                      107022726              

EXEC_ALL_INST                                 98408335                       98408335              

RET_ALL_INST                                 103588011                      103588011              

EXEC_ON_PATH_INST                             97798734       99.381%         97798734       99.381%
EXEC_OFF_PATH_INST                              609601        0.619%           609601        0.619%
                                              98408335      100.000%         98408335      100.000%
                                                  0.01         0.08              0.01         0.08

EXEC_ON_PATH_INST_MEM                         26120717       26.543%         26120717       26.543%
EXEC_ON_PATH_INST_NOTMEM                      71678017       72.837%         71678017       72.837%
EXEC_OFF_PATH_INST_MEM                          148288        0.151%           148288        0.151%
EXEC_OFF_PATH_INST_NOTMEM                       461313        0.469%           461313        0.469%
                                              98408335      100.000%         98408335      100.000%
                                                  0.75         0.28              0.75         0.28

EXEC_RA_INST                                         0         -nan%                0         -nan%
EXEC_NONRA_INST                                      0         -nan%                0         -nan%
                                                     0         -nan%                0         -nan%
                                                  -nan         -nan              -nan         -nan

EXEC_ON_PATH_INST_RA                                 0         -nan%                0         -nan%
EXEC_OFF_PATH_INST_RA                                0         -nan%                0         -nan%
                                                     0         -nan%                0         -nan%
                                                  -nan         -nan              -nan         -nan

EXEC_ON_PATH_INST_NONRA                              0         -nan%                0         -nan%
EXEC_OFF_PATH_INST_NONRA                             0         -nan%                0         -nan%
                                                     0         -nan%                0         -nan%
                                                  -nan         -nan              -nan         -nan

EXEC_RA_ON_PATH_INST                                 0         -nan%                0         -nan%
EXEC_RA_OFF_PATH_INST                                0         -nan%                0         -nan%
EXEC_NONRA_ON_PATH_INST                              0         -nan%                0         -nan%
EXEC_NONRA_OFF_PATH_INST                             0         -nan%                0         -nan%
                                                     0         -nan%                0         -nan%
                                                  -nan         -nan              -nan         -nan

ICACHE_THROTTLE_CYCLE                                0                              0              

FETCH_ENABLE_THROTTLE_OFF_PATH                       0         -nan%                0         -nan%
FETCH_ENABLE_THROTTLE_ON_PATH                        0         -nan%                0         -nan%
                                                     0         -nan%                0         -nan%
                                                  -nan         -nan              -nan         -nan

FETCH_DISABLE_THROTTLE_OFF_PATH                      0         -nan%                0         -nan%
FETCH_DISABLE_THROTTLE_ON_PATH                       0         -nan%                0         -nan%
                                                     0         -nan%                0         -nan%
                                                  -nan         -nan              -nan         -nan

FETCH_TH_ADJUST__0                                   0         -nan%                0         -nan%
FETCH_TH_ADJUST__1                                   0         -nan%                0         -nan%
FETCH_TH_ADJUST__2                                   0         -nan%                0         -nan%
FETCH_TH_ADJUST__3                                   0         -nan%                0         -nan%
FETCH_TH_ADJUST__4                                   0         -nan%                0         -nan%
FETCH_TH_ADJUST__5                                   0         -nan%                0         -nan%
FETCH_TH_ADJUST__6                                   0         -nan%                0         -nan%
FETCH_TH_ADJUST__7                                   0         -nan%                0         -nan%
FETCH_TH_ADJUST__8                                   0         -nan%                0         -nan%
FETCH_TH_ADJUST__9                                   0         -nan%                0         -nan%
FETCH_TH_ADJUST__MAX                                 0         -nan%                0         -nan%
                                                     0         -nan%                0         -nan%
                                                  -nan         -nan              -nan         -nan

FETCH_TH_ADJUST_UP                                   0         -nan%                0         -nan%
FETCH_TH_ADJUST_DOWN                                 0         -nan%                0         -nan%
FETCH_TH_ADJUST_SAME                                 0         -nan%                0         -nan%
                                                     0         -nan%                0         -nan%
                                                  -nan         -nan              -nan         -nan

THROTTLE_ADJUST_CACHE_MISS_INFO                      0                              0              

LOW_CONF_COUNT_BP_MIS_0                              0         -nan%                0         -nan%
LOW_CONF_COUNT_BP_MIS_1                              0         -nan%                0         -nan%
LOW_CONF_COUNT_BP_MIS_2                              0         -nan%                0         -nan%
LOW_CONF_COUNT_BP_MIS_3                              0         -nan%                0         -nan%
LOW_CONF_COUNT_BP_MIS_4                              0         -nan%                0         -nan%
LOW_CONF_COUNT_BP_MIS_5                              0         -nan%                0         -nan%
LOW_CONF_COUNT_BP_MIS_6                              0         -nan%                0         -nan%
LOW_CONF_COUNT_BP_MIS_7                              0         -nan%                0         -nan%
LOW_CONF_COUNT_BP_MIS_8                              0         -nan%                0         -nan%
LOW_CONF_COUNT_BP_MIS_9                              0         -nan%                0         -nan%
LOW_CONF_COUNT_BP_MIS_10                             0         -nan%                0         -nan%
LOW_CONF_COUNT_BP_MIS_11                             0         -nan%                0         -nan%
LOW_CONF_COUNT_BP_MIS_12                             0         -nan%                0         -nan%
LOW_CONF_COUNT_BP_MIS_13                             0         -nan%                0         -nan%
LOW_CONF_COUNT_BP_MIS_14                             0         -nan%                0         -nan%
LOW_CONF_COUNT_BP_MIS_15                             0         -nan%                0         -nan%
LOW_CONF_COUNT_BP_MIS_16                             0         -nan%                0         -nan%
LOW_CONF_COUNT_BP_MIS_17                             0         -nan%                0         -nan%
LOW_CONF_COUNT_BP_MIS_18                             0         -nan%                0         -nan%
LOW_CONF_COUNT_BP_MIS_19                             0         -nan%                0         -nan%
LOW_CONF_COUNT_BP_MIS_20                             0         -nan%                0         -nan%
                                                     0         -nan%                0         -nan%
                                                  -nan         -nan              -nan         -nan

LOW_CONF_COUNT_RET_0                                 0         -nan%                0         -nan%
LOW_CONF_COUNT_RET_1                                 0         -nan%                0         -nan%
LOW_CONF_COUNT_RET_2                                 0         -nan%                0         -nan%
LOW_CONF_COUNT_RET_3                                 0         -nan%                0         -nan%
LOW_CONF_COUNT_RET_4                                 0         -nan%                0         -nan%
LOW_CONF_COUNT_RET_5                                 0         -nan%                0         -nan%
LOW_CONF_COUNT_RET_6                                 0         -nan%                0         -nan%
LOW_CONF_COUNT_RET_7                                 0         -nan%                0         -nan%
LOW_CONF_COUNT_RET_8                                 0         -nan%                0         -nan%
LOW_CONF_COUNT_RET_9                                 0         -nan%                0         -nan%
LOW_CONF_COUNT_RET_10                                0         -nan%                0         -nan%
LOW_CONF_COUNT_RET_11                                0         -nan%                0         -nan%
LOW_CONF_COUNT_RET_12                                0         -nan%                0         -nan%
LOW_CONF_COUNT_RET_13                                0         -nan%                0         -nan%
LOW_CONF_COUNT_RET_14                                0         -nan%                0         -nan%
LOW_CONF_COUNT_RET_15                                0         -nan%                0         -nan%
LOW_CONF_COUNT_RET_16                                0         -nan%                0         -nan%
LOW_CONF_COUNT_RET_17                                0         -nan%                0         -nan%
LOW_CONF_COUNT_RET_18                                0         -nan%                0         -nan%
LOW_CONF_COUNT_RET_19                                0         -nan%                0         -nan%
LOW_CONF_COUNT_RET_20                                0         -nan%                0         -nan%
                                                     0         -nan%                0         -nan%
                                                  -nan         -nan              -nan         -nan

CYCLES_RESTEER_RECOVER_AT_EXEC                       0         -nan%                0         -nan%
CYCLES_RESTEER_RECOVER_AT_DECODE                     0         -nan%                0         -nan%
CYCLES_RESTEER_BTB_MISS                              0         -nan%                0         -nan%
                                                     0         -nan%                0         -nan%
                                                  -nan         -nan              -nan         -nan

CYCLES_RESTEER_RECOVER_AT_EXEC_SAVED_UC_FETCH             0         -nan%                0         -nan%
CYCLES_RESTEER_RECOVER_AT_EXEC_COULD_BE_SAVED_UC_FETCH             0         -nan%                0         -nan%
CYCLES_RESTEER_RECOVER_AT_DECODE_SAVED_UC_FETCH             0         -nan%                0         -nan%
CYCLES_RESTEER_RECOVER_AT_DECODE_COULD_BE_SAVED_UC_FETCH             0         -nan%                0         -nan%
CYCLES_RESTEER_BTB_MISS_SAVED_UC_FETCH               0         -nan%                0         -nan%
CYCLES_RESTEER_BTB_MISS_COULD_BE_SAVED_UC_FETCH             0         -nan%                0         -nan%
                                                     0         -nan%                0         -nan%
                                                  -nan         -nan              -nan         -nan

CYCLES_UOC_IC_SWITCH                                 0                              0              



