/* -*- Mode: c -*- */
####################################################################################################
Core 0
####################################################################################################
Cumulative:        Cycles: 35993815              Instructions: 89999999              IPC: 2.50043

Periodic:          Cycles: 35993815              Instructions: 89999999              IPC: 2.50043

EXECUTION_TIME                           11248067187500                  11248067187500              

SIM_HOST_WALL_SECONDS                       951.082826                     951.082826              

NODE_CYCLE                                    35993815                       35993815              

NODE_INST_COUNT                               90000077                       90000077              

NODE_INST_COUNT_FETCHED                       89999999                       89999999              

NODE_UOP_COUNT                               118356601                      118356601              

EXEC_STAGE_NO_ISSUE_STALL_CYCLE               30806031                       30806031              

EXEC_STAGE_NO_ISSUE_STALL_CYCLE_ONPATH        30725313                       30725313              

FULL_WINDOW_STALL                                 3630        0.010%             3630        0.010%

FULL_WINDOW_MEM_OP                                3338       94.187%             3338       94.187%
FULL_WINDOW_FP_OP                                    0        0.000%                0        0.000%
FULL_WINDOW_OTHER_OP                               206        5.813%              206        5.813%
                                                  3544      100.000%             3544      100.000%
                                                  0.12         0.46              0.12         0.46

RET_BLOCKED_DC_MISS                            3629972       10.085%          3629972       10.085%

RET_BLOCKED_L1_MISS                            1603021        4.454%          1603021        4.454%

RET_BLOCKED_L1_MISS_BW_PREF                    1208950        3.359%          1208950        3.359%

RET_BLOCKED_L1_ACCESS                          2071690        5.756%          2071690        5.756%

RET_BLOCKED_MEM_STALL                          3320810        9.226%          3320810        9.226%

RET_BLOCKED_OFFCHIP_DEMAND                           0        0.000%                0        0.000%

OP_ISSUED                                    108561945                      108561945              

OP_RETIRED                                   118356601                      118356601              

OP_MACRO_FUSION_ONPATH                        11338489                       11338489              

OP_MACRO_FUSION_OFFPATH                          44471                          44471              

REPLAY_SIGNALED                                      0                              0              

REPLAY_COUNTED                                       0                              0              

OFF_CRITICAL_PATH                                    0         -nan%                0         -nan%
ON_CRITICAL_PATH                                     0         -nan%                0         -nan%
                                                     0         -nan%                0         -nan%
                                                  -nan         -nan              -nan         -nan

LD_NO_DEPENDENTS                                820026        3.671%           820026        3.671%
LD_DEPENDENTS                                 21515139       96.329%         21515139       96.329%
                                              22335165      100.000%         22335165      100.000%
                                                  0.96         0.95              0.96         0.95

LD_EXEC_CYCLES_0                                     0        0.000%                0        0.000%
LD_EXEC_CYCLES_1                                     0        0.000%                0        0.000%
LD_EXEC_CYCLES_2                                     0        0.000%                0        0.000%
LD_EXEC_CYCLES_3                                    16       10.596%               16       10.596%
LD_EXEC_CYCLES_4                                   135       89.404%              135       89.404%
                                                   151      100.000%              151      100.000%
                                                  3.89         3.71              3.89         3.71

ICACHE_STAGE_STARVED                            120850        0.338%           120850        0.338%
ICACHE_STAGE_NOT_STARVED                      35651796       99.662%         35651796       99.662%
                                              35772646      100.000%         35772646      100.000%
                                                  1.00         0.99              1.00         0.99

ICACHE_STAGE_STALLED                          18282760       50.794%         18282760       50.794%
ICACHE_STAGE_NOT_STALLED                      17489886       48.591%         17489886       48.591%
ICACHE_STAGE_OFF_PATH                           221169        0.614%           221169        0.614%
                                              35993815      100.000%         35993815      100.000%
                                                  0.50         0.37              0.50         0.37

DECODE_STAGE_STARVED                          35823500       99.678%         35823500       99.678%
DECODE_STAGE_NOT_STARVED                        115734        0.322%           115734        0.322%
                                              35939234      100.000%         35939234      100.000%
                                                  0.00         0.06              0.00         0.06

DECODE_STAGE_STALLED                           4188442       11.637%          4188442       11.637%
DECODE_STAGE_NOT_STALLED                      31750792       88.212%         31750792       88.212%
DECODE_STAGE_OFF_PATH                            54581        0.152%            54581        0.152%
                                              35993815      100.000%         35993815      100.000%
                                                  0.89         0.12              0.89         0.12

UOPQ_STAGE_STARVED                              329830        1.884%           329830        1.884%
UOPQ_STAGE_NOT_STARVED                        17180389       98.116%         17180389       98.116%
                                              17510219      100.000%         17510219      100.000%
                                                  0.98         0.97              0.98         0.97

UOPQ_STAGE_STALLED                            18301920       50.847%         18301920       50.847%
UOPQ_STAGE_NOT_STALLED                        17510219       48.648%         17510219       48.648%
UOPQ_STAGE_OFF_PATH                             181676        0.505%           181676        0.505%
                                              35993815      100.000%         35993815      100.000%
                                                  0.50         0.37              0.50         0.37

RS_OP_READY_NOT_ISSUED_TOTAL                  80127671                       80127671              

RS_0_OP_READY_NOT_ISSUED                      30943822                       30943822              

RS_1_OP_READY_NOT_ISSUED                        180748                         180748              

RS_2_OP_READY_NOT_ISSUED                      49003101                       49003101              

RS_3_OP_READY_NOT_ISSUED                             0                              0              

RS_4_OP_READY_NOT_ISSUED                             0                              0              

RS_5_OP_READY_NOT_ISSUED                             0                              0              

RS_6_OP_READY_NOT_ISSUED                             0                              0              

RS_7_OP_READY_NOT_ISSUED                             0                              0              

RS_7_PLUS_OP_READY_NOT_ISSUED                        0                              0              

FU_IDLE_NO_READY_OPS_TOTAL                   135756529                      135756529              

FU_0_IDLE_NO_READY_OPS                         5246571                        5246571              

FU_1_IDLE_NO_READY_OPS                         6402729                        6402729              

FU_2_IDLE_NO_READY_OPS                        23280325                       23280325              

FU_3_IDLE_NO_READY_OPS                        23277589                       23277589              

FU_4_IDLE_NO_READY_OPS                         6436258                        6436258              

FU_5_IDLE_NO_READY_OPS                         5200518                        5200518              

FU_6_IDLE_NO_READY_OPS                        18114068                       18114068              

FU_7_IDLE_NO_READY_OPS                        18106398                       18106398              

FU_8_IDLE_NO_READY_OPS                         6431447                        6431447              

FU_9_IDLE_NO_READY_OPS                        23260626                       23260626              

FU_10_IDLE_NO_READY_OPS                              0                              0              

FU_11_IDLE_NO_READY_OPS                              0                              0              

FU_12_IDLE_NO_READY_OPS                              0                              0              

FU_13_IDLE_NO_READY_OPS                              0                              0              

FU_14_IDLE_NO_READY_OPS                              0                              0              

FU_15_IDLE_NO_READY_OPS                              0                              0              

FU_16_IDLE_NO_READY_OPS                              0                              0              

FU_17_IDLE_NO_READY_OPS                              0                              0              

FU_18_IDLE_NO_READY_OPS                              0                              0              

FU_19_IDLE_NO_READY_OPS                              0                              0              

FU_20_IDLE_NO_READY_OPS                              0                              0              

FU_21_IDLE_NO_READY_OPS                              0                              0              

FU_22_IDLE_NO_READY_OPS                              0                              0              

FU_23_IDLE_NO_READY_OPS                              0                              0              

FU_24_IDLE_NO_READY_OPS                              0                              0              

FU_25_IDLE_NO_READY_OPS                              0                              0              

FU_26_IDLE_NO_READY_OPS                              0                              0              

FU_27_IDLE_NO_READY_OPS                              0                              0              

FU_28_IDLE_NO_READY_OPS                              0                              0              

FU_29_IDLE_NO_READY_OPS                              0                              0              

FU_30_IDLE_NO_READY_OPS                              0                              0              

FU_31_IDLE_NO_READY_OPS                              0                              0              

FU_31_PLUS_IDLE_NO_READY_OPS                         0                              0              

MAP_STAGE_STARVED                                88134        0.364%            88134        0.364%
MAP_STAGE_NOT_STARVED                         24149438       99.636%         24149438       99.636%
                                              24237572      100.000%         24237572      100.000%
                                                  1.00         0.99              1.00         0.99

MAP_STAGE_STALLED                              4405431       18.106%          4405431       18.106%
MAP_STAGE_NOT_STALLED                         19832141       81.508%         19832141       81.508%
MAP_STAGE_OFF_PATH                               93863        0.386%            93863        0.386%
                                              24331435      100.000%         24331435      100.000%
                                                  0.82         0.18              0.82         0.18

MAP_STAGE_STALL_ITSELF                        11662380       32.401%         11662380       32.401%
MAP_STAGE_NOT_STALL_ITSELF                    24331435       67.599%         24331435       67.599%
                                              35993815      100.000%         35993815      100.000%
                                                  0.68         0.62              0.68         0.62

MAP_STAGE_LATE_ALLOCATE_SEND_BACK                    0                              0              

MAP_STAGE_RENAME_OP_ONPATH                   118356601                      118356601              

MAP_STAGE_RENAME_OP_OFFPATH                     434784                         434784              

MAP_STAGE_RENAME_INT_REG_ONPATH               97790935                       97790935              

MAP_STAGE_RENAME_INT_REG_OFFPATH                298831                         298831              

MAP_STAGE_RENAME_VEC_REG_ONPATH                 671483                         671483              

MAP_STAGE_RENAME_VEC_REG_OFFPATH                  5266                           5266              

MAP_STAGE_RENAME_MOVE_ELIM_ONPATH                    0                              0              

MAP_STAGE_RENAME_MOVE_ELIM_OFFPATH                   0                              0              

MAP_STAGE_ONPATH_INT_REG_NUM_ALLOC            97790916                       97790916              

MAP_STAGE_ONPATH_VEC_REG_NUM_ALLOC              671472                         671472              

MAP_STAGE_ONPATH_INT_REG_NUM_SHORTLIVE        38569092                       38569092              

MAP_STAGE_ONPATH_VEC_REG_NUM_SHORTLIVE          242541                         242541              

MAP_STAGE_ONPATH_INT_REG_USE_COUNT_0          18692997                       18692997              

MAP_STAGE_ONPATH_VEC_REG_USE_COUNT_0            227739                         227739              

MAP_STAGE_ONPATH_INT_REG_USE_COUNT_1          51336370                       51336370              

MAP_STAGE_ONPATH_VEC_REG_USE_COUNT_1            392753                         392753              

MAP_STAGE_ONPATH_INT_REG_USE_COUNT_2          19884461                       19884461              

MAP_STAGE_ONPATH_VEC_REG_USE_COUNT_2              4496                           4496              

MAP_STAGE_ONPATH_INT_REG_USE_COUNT_3           4960891                        4960891              

MAP_STAGE_ONPATH_VEC_REG_USE_COUNT_3               934                            934              

MAP_STAGE_ONPATH_INT_REG_USE_COUNT_4           1583135                        1583135              

MAP_STAGE_ONPATH_VEC_REG_USE_COUNT_4             45543                          45543              

MAP_STAGE_ONPATH_INT_REG_USE_COUNT_5            553220                         553220              

MAP_STAGE_ONPATH_VEC_REG_USE_COUNT_5                 2                              2              

MAP_STAGE_ONPATH_INT_REG_USE_COUNT_6            276753                         276753              

MAP_STAGE_ONPATH_VEC_REG_USE_COUNT_6                 0                              0              

MAP_STAGE_ONPATH_INT_REG_USE_COUNT_7_PLUS        503089                         503089              

MAP_STAGE_ONPATH_VEC_REG_USE_COUNT_7_PLUS             5                              5              

MAP_STAGE_ONPATH_INT_REG_CONSUME_DIST_0              0        0.0000                0        0.0000

MAP_STAGE_ONPATH_VEC_REG_CONSUME_DIST_0              0        0.0000                0        0.0000

MAP_STAGE_ONPATH_INT_REG_CONSUME_DIST_1              0        0.0000                0        0.0000

MAP_STAGE_ONPATH_VEC_REG_CONSUME_DIST_1              0        0.0000                0        0.0000

MAP_STAGE_ONPATH_INT_REG_CONSUME_DIST_2      434663631       21.8595        434663631       21.8595

MAP_STAGE_ONPATH_VEC_REG_CONSUME_DIST_2       34397501     7650.6897         34397501     7650.6897

MAP_STAGE_ONPATH_INT_REG_CONSUME_DIST_3       14820226        2.9874         14820226        2.9874

MAP_STAGE_ONPATH_VEC_REG_CONSUME_DIST_3           4959        5.3094             4959        5.3094

MAP_STAGE_ONPATH_INT_REG_CONSUME_DIST_4       19001831       12.0027         19001831       12.0027

MAP_STAGE_ONPATH_VEC_REG_CONSUME_DIST_4          48121        1.0566            48121        1.0566

MAP_STAGE_ONPATH_INT_REG_CONSUME_DIST_5       33290046       60.1751         33290046       60.1751

MAP_STAGE_ONPATH_VEC_REG_CONSUME_DIST_5              7        3.5000                7        3.5000

MAP_STAGE_ONPATH_INT_REG_CONSUME_DIST_6        8147860       29.4409          8147860       29.4409

MAP_STAGE_ONPATH_VEC_REG_CONSUME_DIST_6              0          -nan                0          -nan

MAP_STAGE_ONPATH_INT_REG_CONSUME_DIST_7_PLUS      78363990      155.7657         78363990      155.7657

MAP_STAGE_ONPATH_VEC_REG_CONSUME_DIST_7_PLUS       8815435  1763087.0000          8815435  1763087.0000

MAP_STAGE_INT_REG_ISSUE_READ_TOTAL_CONSUMED     123841439        4.0200        123841439        4.0200

MAP_STAGE_VEC_REG_ISSUE_READ_TOTAL_CONSUMED       1034202        0.0336          1034202        0.0336

MAP_STAGE_INT_REG_ISSUE_READ_MULTI_CONSUMED      44660846        1.4497         44660846        1.4497

MAP_STAGE_VEC_REG_ISSUE_READ_MULTI_CONSUMED        589664        0.0191           589664        0.0191

MAP_STAGE_INT_REG_ISSUE_READ_SAME_CYCLE_CONSUMED      23351718        0.7580         23351718        0.7580

MAP_STAGE_VEC_REG_ISSUE_READ_SAME_CYCLE_CONSUMED        177050        0.0057           177050        0.0057

MAP_STAGE_INT_REG_ISSUE_READ_TOTAL_CONSUMED_ONPATH     123690804        4.0257        123690804        4.0257

MAP_STAGE_VEC_REG_ISSUE_READ_TOTAL_CONSUMED_ONPATH       1033379        0.0336          1033379        0.0336

MAP_STAGE_INT_REG_ISSUE_READ_MULTI_CONSUMED_ONPATH      44592861        1.4513         44592861        1.4513

MAP_STAGE_VEC_REG_ISSUE_READ_MULTI_CONSUMED_ONPATH        589635        0.0192           589635        0.0192

MAP_STAGE_INT_REG_ISSUE_READ_SAME_CYCLE_CONSUMED_ONPATH      23316864        0.7589         23316864        0.7589

MAP_STAGE_VEC_REG_ISSUE_READ_SAME_CYCLE_CONSUMED_ONPATH        177043        0.0058           177043        0.0058

MAP_STAGE_ONPATH_INT_REG_LIFECYCLE_EMPTY    4452326494                     4452326494              

MAP_STAGE_ONPATH_VEC_REG_LIFECYCLE_EMPTY      37137136                       37137136              

MAP_STAGE_ONPATH_INT_REG_LIFECYCLE_IN_USE    5988737857                     5988737857              

MAP_STAGE_ONPATH_VEC_REG_LIFECYCLE_IN_USE     100821998                      100821998              

MAP_STAGE_ONPATH_INT_REG_LIFECYCLE_SPEC_RELEASE    8416572320                     8416572320              

MAP_STAGE_ONPATH_VEC_REG_LIFECYCLE_SPEC_RELEASE     305586398                      305586398              

MAP_STAGE_ONPATH_INT_REG_LIFECYCLE_NONSPEC_RELEASE    8416572320                     8416572320              

MAP_STAGE_ONPATH_VEC_REG_LIFECYCLE_NONSPEC_RELEASE     305586398                      305586398              

MAP_STAGE_ONPATH_INT_REG_LIFECYCLE_TOTAL    8416572320                     8416572320              

MAP_STAGE_ONPATH_VEC_REG_LIFECYCLE_TOTAL     305586398                      305586398              

MAP_STAGE_ONPATH_INT_REG_NUM_NONBRANCH        97790916                       97790916              

MAP_STAGE_ONPATH_VEC_REG_NUM_NONBRANCH          671472                         671472              

MAP_STAGE_ONPATH_INT_REG_NUM_NONEXCEPT        97790916                       97790916              

MAP_STAGE_ONPATH_VEC_REG_NUM_NONEXCEPT          671472                         671472              

MAP_STAGE_ONPATH_INT_REG_NUM_ATOMIC           97790916                       97790916              

MAP_STAGE_ONPATH_VEC_REG_NUM_ATOMIC             671472                         671472              

MAP_STAGE_ONPATH_INT_REG_ATOMIC_REDEFINED_DIST_TOTAL    8416572320       86.0670       8416572320       86.0670

MAP_STAGE_ONPATH_VEC_REG_ATOMIC_REDEFINED_DIST_TOTAL     305586398      455.0992        305586398      455.0992

MAP_STAGE_ONPATH_INT_REG_ATOMIC_CONSUMED_DIST_TOTAL    5988737857       61.2402       5988737857       61.2402

MAP_STAGE_ONPATH_VEC_REG_ATOMIC_CONSUMED_DIST_TOTAL     100821998      150.1507        100821998      150.1507

MAP_STAGE_ONPATH_INT_REG_ATOMIC_RELEASE_DIST_TOTAL    8416572320       86.0670       8416572320       86.0670

MAP_STAGE_ONPATH_VEC_REG_ATOMIC_RELEASE_DIST_TOTAL     305586398      455.0992        305586398      455.0992

EXEC_STAGE_STARVED                            30855678       85.725%         30855678       85.725%
EXEC_STAGE_NOT_STARVED                         5039413       14.001%          5039413       14.001%
EXEC_STAGE_OFF_PATH                              98724        0.274%            98724        0.274%
                                              35993815      100.000%         35993815      100.000%
                                                  0.15         0.33              0.15         0.33

FU_BUSY_0                                     17650517                       17650517              

FU_BUSY_1                                     16084373                       16084373              

FU_BUSY_2                                      4277401                        4277401              

FU_BUSY_3                                      4279554                        4279554              

FU_BUSY_4                                     15038087                       15038087              

FU_BUSY_5                                     18644093                       18644093              

FU_BUSY_6                                     10241458                       10241458              

FU_BUSY_7                                     10244641                       10244641              

FU_BUSY_8                                     15628558                       15628558              

FU_BUSY_9                                      4290591                        4290591              

FU_BUSY_10                                           0                              0              

FU_BUSY_11                                           0                              0              

FU_BUSY_12                                           0                              0              

FU_BUSY_13                                           0                              0              

FU_BUSY_14                                           0                              0              

FU_BUSY_15                                           0                              0              

FU_BUSY_16                                           0                              0              

FU_BUSY_17                                           0                              0              

FU_BUSY_18                                           0                              0              

FU_BUSY_19                                           0                              0              

FU_BUSY_20                                           0                              0              

FU_BUSY_21                                           0                              0              

FU_BUSY_22                                           0                              0              

FU_BUSY_23                                           0                              0              

FU_BUSY_24                                           0                              0              

FU_BUSY_25                                           0                              0              

FU_BUSY_26                                           0                              0              

FU_BUSY_27                                           0                              0              

FU_BUSY_28                                           0                              0              

FU_BUSY_29                                           0                              0              

FU_BUSY_30                                           0                              0              

FU_BUSY_31                                           0                              0              

FU_REJECTED_OP_INV_NOT_SIMD                          0        0.000%                0        0.000%
FU_REJECTED_OP_NOP_NOT_SIMD                      33662        0.473%            33662        0.473%
FU_REJECTED_OP_CF_NOT_SIMD                         141        0.002%              141        0.002%
FU_REJECTED_OP_MOV_NOT_SIMD                     222098        3.119%           222098        3.119%
FU_REJECTED_OP_CMOV_NOT_SIMD                         1        0.000%                1        0.000%
FU_REJECTED_OP_LDA_NOT_SIMD                     156992        2.205%           156992        2.205%
FU_REJECTED_OP_IMEM_NOT_SIMD                     78165        1.098%            78165        1.098%
FU_REJECTED_OP_IADD_NOT_SIMD                    488089        6.854%           488089        6.854%
FU_REJECTED_OP_IMUL_NOT_SIMD                    466470        6.551%           466470        6.551%
FU_REJECTED_OP_IDIV_NOT_SIMD                        31        0.000%               31        0.000%
FU_REJECTED_OP_ICMP_NOT_SIMD                        11        0.000%               11        0.000%
FU_REJECTED_OP_LOGIC_NOT_SIMD                   185479        2.605%           185479        2.605%
FU_REJECTED_OP_SHIFT_NOT_SIMD                   433158        6.083%           433158        6.083%
FU_REJECTED_OP_FMEM_NOT_SIMD                         7        0.000%                7        0.000%
FU_REJECTED_OP_FCVT_NOT_SIMD                         0        0.000%                0        0.000%
FU_REJECTED_OP_FADD_NOT_SIMD                         0        0.000%                0        0.000%
FU_REJECTED_OP_FMUL_NOT_SIMD                         0        0.000%                0        0.000%
FU_REJECTED_OP_FMA_NOT_SIMD                          0        0.000%                0        0.000%
FU_REJECTED_OP_FDIV_NOT_SIMD                         0        0.000%                0        0.000%
FU_REJECTED_OP_FCMP_NOT_SIMD                         0        0.000%                0        0.000%
FU_REJECTED_OP_FCMOV_NOT_SIMD                        0        0.000%                0        0.000%
FU_REJECTED_OP_GATHER_NOT_SIMD                       0        0.000%                0        0.000%
FU_REJECTED_OP_SCATTER_NOT_SIMD                      0        0.000%                0        0.000%
FU_REJECTED_OP_PIPELINED_FAST_NOT_SIMD               0        0.000%                0        0.000%
FU_REJECTED_OP_PIPELINED_MEDIUM_NOT_SIMD             0        0.000%                0        0.000%
FU_REJECTED_OP_PIPELINED_SLOW_NOT_SIMD               0        0.000%                0        0.000%
FU_REJECTED_OP_NOTPIPELINED_MEDIUM_NOT_SIMD             0        0.000%                0        0.000%
FU_REJECTED_OP_NOTPIPELINED_SLOW_NOT_SIMD             0        0.000%                0        0.000%
FU_REJECTED_OP_NOTPIPELINED_VERY_SLOW_NOT_SIMD             0        0.000%                0        0.000%
FU_REJECTED_OP_INV_SIMD                              0        0.000%                0        0.000%
FU_REJECTED_OP_NOP_SIMD                           3437        0.048%             3437        0.048%
FU_REJECTED_OP_CF_SIMD                               0        0.000%                0        0.000%
FU_REJECTED_OP_MOV_SIMD                             48        0.001%               48        0.001%
FU_REJECTED_OP_CMOV_SIMD                             0        0.000%                0        0.000%
FU_REJECTED_OP_LDA_SIMD                              0        0.000%                0        0.000%
FU_REJECTED_OP_IMEM_SIMD                             0        0.000%                0        0.000%
FU_REJECTED_OP_IADD_SIMD                             0        0.000%                0        0.000%
FU_REJECTED_OP_IMUL_SIMD                             1        0.000%                1        0.000%
FU_REJECTED_OP_IDIV_SIMD                             0        0.000%                0        0.000%
FU_REJECTED_OP_ICMP_SIMD                             0        0.000%                0        0.000%
FU_REJECTED_OP_LOGIC_SIMD                            0        0.000%                0        0.000%
FU_REJECTED_OP_SHIFT_SIMD                            1        0.000%                1        0.000%
FU_REJECTED_OP_FMEM_SIMD                             0        0.000%                0        0.000%
FU_REJECTED_OP_FCVT_SIMD                             4        0.000%                4        0.000%
FU_REJECTED_OP_FADD_SIMD                       5053084       70.962%          5053084       70.962%
FU_REJECTED_OP_FMUL_SIMD                             0        0.000%                0        0.000%
FU_REJECTED_OP_FMA_SIMD                              0        0.000%                0        0.000%
FU_REJECTED_OP_FDIV_SIMD                             0        0.000%                0        0.000%
FU_REJECTED_OP_FCMP_SIMD                             0        0.000%                0        0.000%
FU_REJECTED_OP_FCMOV_SIMD                            0        0.000%                0        0.000%
FU_REJECTED_OP_GATHER_SIMD                           0        0.000%                0        0.000%
FU_REJECTED_OP_SCATTER_SIMD                          0        0.000%                0        0.000%
FU_REJECTED_OP_PIPELINED_FAST_SIMD                   0        0.000%                0        0.000%
FU_REJECTED_OP_PIPELINED_MEDIUM_SIMD                 0        0.000%                0        0.000%
FU_REJECTED_OP_PIPELINED_SLOW_SIMD                   0        0.000%                0        0.000%
FU_REJECTED_OP_NOTPIPELINED_MEDIUM_SIMD              0        0.000%                0        0.000%
FU_REJECTED_OP_NOTPIPELINED_SLOW_SIMD                0        0.000%                0        0.000%
FU_REJECTED_OP_NOTPIPELINED_VERY_SLOW_SIMD             0        0.000%                0        0.000%
                                               7120879      100.000%          7120879      100.000%
                                                 33.53        16.45             33.53        16.45

LSQ_FULL_TOTAL                                 4406213                        4406213              

LSQ_FULL_LOAD_QUEUE                                  0                              0              

LSQ_FULL_STORE_QUEUE                           4406213                        4406213              

OP_WAIT_0                                     89118989                       89118989              

OP_WAIT_1                                      8390122                        8390122              

OP_WAIT_2                                      1821187                        1821187              

OP_WAIT_3                                      1556709                        1556709              

OP_WAIT_4                                      1646099                        1646099              

OP_WAIT_5                                      1802689                        1802689              

OP_WAIT_6                                       608672                         608672              

OP_WAIT_7                                       316819                         316819              

OP_WAIT_8                                       238255                         238255              

OP_WAIT_9                                       211262                         211262              

OP_WAIT_10                                      195101                         195101              

OP_WAIT_11                                      156453                         156453              

OP_WAIT_12                                      155468                         155468              

OP_WAIT_13                                      185903                         185903              

OP_WAIT_14                                      191225                         191225              

OP_WAIT_15                                      149205                         149205              

OP_WAIT_16                                       98555                          98555              

OP_WAIT_17                                       98003                          98003              

OP_WAIT_18                                       71758                          71758              

OP_WAIT_19                                       70375                          70375              

OP_WAIT_20                                       60300                          60300              

OP_WAIT_21                                       74239                          74239              

OP_WAIT_22                                       82957                          82957              

OP_WAIT_23                                       20633                          20633              

OP_WAIT_24                                       21139                          21139              

OP_WAIT_25                                       15595                          15595              

OP_WAIT_26                                       11844                          11844              

OP_WAIT_27                                       48301                          48301              

OP_WAIT_28                                       42804                          42804              

OP_WAIT_29                                       22397                          22397              

OP_WAIT_30                                       58046                          58046              

OP_WAIT_31                                    10815497                       10815497              

ROW_SIZE_0                                    16291080                       16291080              

ROW_SIZE_1                                     1750479                        1750479              

ROW_SIZE_2                                      674338                         674338              

ROW_SIZE_3                                     3345885                        3345885              

ROW_SIZE_4                                      167754                         167754              

ROW_SIZE_5                                     1083353                        1083353              

ROW_SIZE_6                                      604290                         604290              

ROW_SIZE_7                                      614098                         614098              

ROW_SIZE_8                                    11400948                       11400948              

ROW_SIZE_9                                           0                              0              

ROW_SIZE_10                                          0                              0              

ROW_SIZE_11                                          0                              0              

ROW_SIZE_12                                          0                              0              

ROW_SIZE_13                                          0                              0              

ROW_SIZE_14                                          0                              0              

ROW_SIZE_15                                          0                              0              

ROW_SIZE_16                                          0                              0              

ROW_SIZE_17                                          0                              0              

ROW_SIZE_18                                          0                              0              

ROW_SIZE_19                                          0                              0              

ROW_SIZE_20                                          0                              0              

ROW_SIZE_21                                          0                              0              

ROW_SIZE_22                                          0                              0              

ROW_SIZE_23                                          0                              0              

ROW_SIZE_24                                          0                              0              

ROW_SIZE_25                                          0                              0              

ROW_SIZE_26                                          0                              0              

ROW_SIZE_27                                          0                              0              

ROW_SIZE_28                                          0                              0              

ROW_SIZE_29                                          0                              0              

ROW_SIZE_30                                          0                              0              

ROW_SIZE_31                                          0                              0              

RET_OP_EXEC_COUNT_0                            9976623        8.429%          9976623        8.429%
RET_OP_EXEC_COUNT_1                          108379978       91.571%        108379978       91.571%
RET_OP_EXEC_COUNT_2                                  0        0.000%                0        0.000%
RET_OP_EXEC_COUNT_3                                  0        0.000%                0        0.000%
RET_OP_EXEC_COUNT_4                                  0        0.000%                0        0.000%
RET_OP_EXEC_COUNT_5                                  0        0.000%                0        0.000%
RET_OP_EXEC_COUNT_6                                  0        0.000%                0        0.000%
RET_OP_EXEC_COUNT_7                                  0        0.000%                0        0.000%
RET_OP_EXEC_COUNT_8                                  0        0.000%                0        0.000%
RET_OP_EXEC_COUNT_9                                  0        0.000%                0        0.000%
RET_OP_EXEC_COUNT_10                                 0        0.000%                0        0.000%
RET_OP_EXEC_COUNT_11                                 0        0.000%                0        0.000%
RET_OP_EXEC_COUNT_12                                 0        0.000%                0        0.000%
RET_OP_EXEC_COUNT_13                                 0        0.000%                0        0.000%
RET_OP_EXEC_COUNT_14                                 0        0.000%                0        0.000%
RET_OP_EXEC_COUNT_15                                 0        0.000%                0        0.000%
RET_OP_EXEC_COUNT_16                                 0        0.000%                0        0.000%
RET_OP_EXEC_COUNT_17                                 0        0.000%                0        0.000%
RET_OP_EXEC_COUNT_18                                 0        0.000%                0        0.000%
RET_OP_EXEC_COUNT_19                                 0        0.000%                0        0.000%
RET_OP_EXEC_COUNT_20                                 0        0.000%                0        0.000%
RET_OP_EXEC_COUNT_21                                 0        0.000%                0        0.000%
RET_OP_EXEC_COUNT_22                                 0        0.000%                0        0.000%
RET_OP_EXEC_COUNT_23                                 0        0.000%                0        0.000%
RET_OP_EXEC_COUNT_24                                 0        0.000%                0        0.000%
RET_OP_EXEC_COUNT_25                                 0        0.000%                0        0.000%
RET_OP_EXEC_COUNT_26                                 0        0.000%                0        0.000%
RET_OP_EXEC_COUNT_27                                 0        0.000%                0        0.000%
RET_OP_EXEC_COUNT_28                                 0        0.000%                0        0.000%
RET_OP_EXEC_COUNT_29                                 0        0.000%                0        0.000%
RET_OP_EXEC_COUNT_30                                 0        0.000%                0        0.000%
RET_OP_EXEC_COUNT_31                                 0        0.000%                0        0.000%
RET_OP_EXEC_COUNT_32                                 0        0.000%                0        0.000%
                                             118356601      100.000%        118356601      100.000%
                                                  0.92         0.08              0.92         0.08

RET_STALL_LENGTH_0                           118347748       99.993%        118347748       99.993%
RET_STALL_LENGTH_100                              3079        0.003%             3079        0.003%
RET_STALL_LENGTH_200                               829        0.001%              829        0.001%
RET_STALL_LENGTH_300                              1049        0.001%             1049        0.001%
RET_STALL_LENGTH_400                              1791        0.002%             1791        0.002%
RET_STALL_LENGTH_500                              1036        0.001%             1036        0.001%
RET_STALL_LENGTH_600                               414        0.000%              414        0.000%
RET_STALL_LENGTH_700                               159        0.000%              159        0.000%
RET_STALL_LENGTH_800                                90        0.000%               90        0.000%
RET_STALL_LENGTH_900                                45        0.000%               45        0.000%
RET_STALL_LENGTH_1000                               36        0.000%               36        0.000%
RET_STALL_LENGTH_1100                               38        0.000%               38        0.000%
RET_STALL_LENGTH_1200                               77        0.000%               77        0.000%
RET_STALL_LENGTH_1300                               48        0.000%               48        0.000%
RET_STALL_LENGTH_1400                               25        0.000%               25        0.000%
RET_STALL_LENGTH_1500                               35        0.000%               35        0.000%
RET_STALL_LENGTH_1600                               30        0.000%               30        0.000%
RET_STALL_LENGTH_1700                               28        0.000%               28        0.000%
RET_STALL_LENGTH_1800                               10        0.000%               10        0.000%
RET_STALL_LENGTH_1900                                9        0.000%                9        0.000%
RET_STALL_LENGTH_2000                                6        0.000%                6        0.000%
RET_STALL_LENGTH_2100                                2        0.000%                2        0.000%
RET_STALL_LENGTH_2200                                2        0.000%                2        0.000%
RET_STALL_LENGTH_2300                                0        0.000%                0        0.000%
RET_STALL_LENGTH_2400                                2        0.000%                2        0.000%
RET_STALL_LENGTH_2500                                3        0.000%                3        0.000%
RET_STALL_LENGTH_2600                                3        0.000%                3        0.000%
RET_STALL_LENGTH_2700                                3        0.000%                3        0.000%
RET_STALL_LENGTH_2800                                0        0.000%                0        0.000%
RET_STALL_LENGTH_2900                                3        0.000%                3        0.000%
RET_STALL_LENGTH_3000                                0        0.000%                0        0.000%
RET_STALL_LENGTH_3100                                0        0.000%                0        0.000%
RET_STALL_LENGTH_3200                                0        0.000%                0        0.000%
RET_STALL_LENGTH_3300                                1        0.000%                1        0.000%
RET_STALL_LENGTH_3400                                0        0.000%                0        0.000%
RET_STALL_LENGTH_3500                                0        0.000%                0        0.000%
RET_STALL_LENGTH_3600                                0        0.000%                0        0.000%
RET_STALL_LENGTH_3700                                0        0.000%                0        0.000%
RET_STALL_LENGTH_3800                                0        0.000%                0        0.000%
RET_STALL_LENGTH_3900                                0        0.000%                0        0.000%
RET_STALL_LENGTH_4000                                0        0.000%                0        0.000%
RET_STALL_LENGTH_4100                                0        0.000%                0        0.000%
RET_STALL_LENGTH_4200                                0        0.000%                0        0.000%
RET_STALL_LENGTH_4300                                0        0.000%                0        0.000%
RET_STALL_LENGTH_4400                                0        0.000%                0        0.000%
RET_STALL_LENGTH_4500                                0        0.000%                0        0.000%
RET_STALL_LENGTH_4600                                0        0.000%                0        0.000%
RET_STALL_LENGTH_4700                                0        0.000%                0        0.000%
RET_STALL_LENGTH_4800                                0        0.000%                0        0.000%
RET_STALL_LENGTH_4900                                0        0.000%                0        0.000%
RET_STALL_LENGTH_5000                                0        0.000%                0        0.000%
                                             118356601      100.000%        118356601      100.000%
                                                  0.00         0.04              0.00         0.04

MEM_BLOCK_LENGTH_0                               13776       66.793%            13776       66.793%
MEM_BLOCK_LENGTH_100                              2560       12.412%             2560       12.412%
MEM_BLOCK_LENGTH_200                               600        2.909%              600        2.909%
MEM_BLOCK_LENGTH_300                               270        1.309%              270        1.309%
MEM_BLOCK_LENGTH_400                               839        4.068%              839        4.068%
MEM_BLOCK_LENGTH_500                              1201        5.823%             1201        5.823%
MEM_BLOCK_LENGTH_600                               739        3.583%              739        3.583%
MEM_BLOCK_LENGTH_700                               345        1.673%              345        1.673%
MEM_BLOCK_LENGTH_800                               115        0.558%              115        0.558%
MEM_BLOCK_LENGTH_900                                32        0.155%               32        0.155%
MEM_BLOCK_LENGTH_1000                                9        0.044%                9        0.044%
MEM_BLOCK_LENGTH_1100                                9        0.044%                9        0.044%
MEM_BLOCK_LENGTH_1200                               15        0.073%               15        0.073%
MEM_BLOCK_LENGTH_1300                               22        0.107%               22        0.107%
MEM_BLOCK_LENGTH_1400                               10        0.048%               10        0.048%
MEM_BLOCK_LENGTH_1500                                7        0.034%                7        0.034%
MEM_BLOCK_LENGTH_1600                                9        0.044%                9        0.044%
MEM_BLOCK_LENGTH_1700                               18        0.087%               18        0.087%
MEM_BLOCK_LENGTH_1800                               26        0.126%               26        0.126%
MEM_BLOCK_LENGTH_1900                               14        0.068%               14        0.068%
MEM_BLOCK_LENGTH_2000                                5        0.024%                5        0.024%
MEM_BLOCK_LENGTH_2100                                4        0.019%                4        0.019%
MEM_BLOCK_LENGTH_2200                                0        0.000%                0        0.000%
MEM_BLOCK_LENGTH_2300                                0        0.000%                0        0.000%
MEM_BLOCK_LENGTH_2400                                0        0.000%                0        0.000%
MEM_BLOCK_LENGTH_2500                                0        0.000%                0        0.000%
MEM_BLOCK_LENGTH_2600                                0        0.000%                0        0.000%
MEM_BLOCK_LENGTH_2700                                0        0.000%                0        0.000%
MEM_BLOCK_LENGTH_2800                                0        0.000%                0        0.000%
MEM_BLOCK_LENGTH_2900                                0        0.000%                0        0.000%
MEM_BLOCK_LENGTH_3000                                0        0.000%                0        0.000%
MEM_BLOCK_LENGTH_3100                                0        0.000%                0        0.000%
MEM_BLOCK_LENGTH_3200                                0        0.000%                0        0.000%
MEM_BLOCK_LENGTH_3300                                0        0.000%                0        0.000%
MEM_BLOCK_LENGTH_3400                                0        0.000%                0        0.000%
MEM_BLOCK_LENGTH_3500                                0        0.000%                0        0.000%
MEM_BLOCK_LENGTH_3600                                0        0.000%                0        0.000%
MEM_BLOCK_LENGTH_3700                                0        0.000%                0        0.000%
MEM_BLOCK_LENGTH_3800                                0        0.000%                0        0.000%
MEM_BLOCK_LENGTH_3900                                0        0.000%                0        0.000%
MEM_BLOCK_LENGTH_4000                                0        0.000%                0        0.000%
MEM_BLOCK_LENGTH_4100                                0        0.000%                0        0.000%
MEM_BLOCK_LENGTH_4200                                0        0.000%                0        0.000%
MEM_BLOCK_LENGTH_4300                                0        0.000%                0        0.000%
MEM_BLOCK_LENGTH_4400                                0        0.000%                0        0.000%
MEM_BLOCK_LENGTH_4500                                0        0.000%                0        0.000%
MEM_BLOCK_LENGTH_4600                                0        0.000%                0        0.000%
MEM_BLOCK_LENGTH_4700                                0        0.000%                0        0.000%
MEM_BLOCK_LENGTH_4800                                0        0.000%                0        0.000%
MEM_BLOCK_LENGTH_4900                                0        0.000%                0        0.000%
MEM_BLOCK_LENGTH_5000                                0        0.000%                0        0.000%
                                                 20625      100.000%            20625      100.000%
                                                  1.18         2.12              1.18         2.12

FUS_BUSY_ON_PATH                             116194402        3.2282        116194402        3.2282

FUS_BUSY_OFF_PATH                               184871        0.0051           184871        0.0051

FU_BUSY_MEM_STALL                              6087609        0.1691          6087609        0.1691

FUS_EMPTY                                    243558877        6.7667        243558877        6.7667

FU_UNAVAILABLE                                 1501555        0.0417          1501555        0.0417

FU_MEM_UNAVAILABLE                             5619324        0.1561          5619324        0.1561

FU_OTHER_UNAVAILABLE                                 0        0.0000                0        0.0000

FU_REPLAY                                            0        0.0000                0        0.0000

FU_STARVED                                   243545406        6.7663        243545406        6.7663

CHIP_UTILIZATION                                     0        0.0000                0        0.0000

CYCLES_UNDER_MEM_REQ                                 0                              0              

CYCLES_UNDER_NO_MEM_REQ                              0                              0              

CYCLES_UNDER_CRITICAL_MEM_REQ                        0                              0              

CYCLES_UNDER_NONCRITICAL_MEM_REQ                     0                              0              

CHIP_UTILIZATION_UNDER_MEM_REQ                       0          -nan                0          -nan

CHIP_UTILIZATION_UNDER_NO_MEM_REQ                    0          -nan                0          -nan

CHIP_UTILIZATION_UNDER_CRITICAL_MEM_REQ              0          -nan                0          -nan

CHIP_UTILIZATION_UNDER_NONCRITICAL_MEM_REQ             0          -nan                0          -nan

CYCLES_NOT_WAITING_FOR_OFF_CHIP                      0        0.0000                0        0.0000

FUS_BUSY_NOT_WAITING_FOR_OFF_CHIP                    0          -nan                0          -nan

CYCLES_WAITING_FOR_OFF_CHIP                          0        0.0000                0        0.0000

FUS_BUSY_WAITING_FOR_OFF_CHIP                        0          -nan                0          -nan

TOTAL_OFF_CHIP_DELAYS_LEFT                           0                              0              

WRONG_IO_SCHED                                       0                              0              

DVFS_CONFIG_SWITCH                                   0                              0              

MAP_STAGE_RECEIVED_OPS_0                             0        0.000%                0        0.000%
MAP_STAGE_RECEIVED_OPS_1                          5866        0.030%             5866        0.030%
MAP_STAGE_RECEIVED_OPS_2                          6037        0.031%             6037        0.031%
MAP_STAGE_RECEIVED_OPS_3                          7320        0.037%             7320        0.037%
MAP_STAGE_RECEIVED_OPS_4                          6450        0.033%             6450        0.033%
MAP_STAGE_RECEIVED_OPS_5                          8936        0.045%             8936        0.045%
MAP_STAGE_RECEIVED_OPS_6                      19706690       99.825%         19706690       99.825%
MAP_STAGE_RECEIVED_OPS_7                             0        0.000%                0        0.000%
MAP_STAGE_RECEIVED_OPS_8                             0        0.000%                0        0.000%
MAP_STAGE_RECEIVED_OPS_MAX                           0        0.000%                0        0.000%
                                              19741299      100.000%         19741299      100.000%
                                                  6.00         0.13              6.00         0.13

MAP_STAGE_WAIT_FOR_DECODE                            0         -nan%                0         -nan%
MAP_STAGE_CONSUME_DECODE                             0         -nan%                0         -nan%
                                                     0         -nan%                0         -nan%
                                                  -nan         -nan              -nan         -nan

MAP_STAGE_WAIT_FOR_DECODE2                           0         -nan%                0         -nan%
MAP_STAGE_CONSUME_DECODE2                            0         -nan%                0         -nan%
                                                     0         -nan%                0         -nan%
                                                  -nan         -nan              -nan         -nan

FTQ_RECOVER_EXEC                                  2714                           2714              

FTQ_RECOVER_DECODE                                 279                            279              

FTQ_OFFPATH_CYCLES                              717581                         717581              

FTQ_CYCLES_OFFPATH                              717581                         717581              

FTQ_CYCLES_ONPATH                             35276234                       35276234              

FTQ_FETCHED_INS_ONPATH                       118356601                      118356601              

FTQ_FETCHED_INS_OFFPATH                        3613763                        3613763              

FTQ_BREAK_FULL_FT_ONPATH                      34452926                       34452926              

FTQ_BREAK_FULL_FT_OFFPATH                       479515                         479515              

FTQ_BREAK_PRED_BR_ONPATH                             0                              0              

FTQ_BREAK_PRED_BR_OFFPATH                            0                              0              

FTQ_BREAK_BAR_FETCH_ONPATH                           0                              0              

FTQ_BREAK_BAR_FETCH_OFFPATH                          0                              0              

FTQ_BREAK_MAX_CFS_TAKEN_ONPATH                       0                              0              

FTQ_BREAK_MAX_CFS_TAKEN_OFFPATH                      0                              0              

FTQ_BREAK_MAX_FT_ONPATH                         823068                         823068              

FTQ_BREAK_MAX_FT_OFFPATH                        238066                         238066              

DFE_GEN_ON_PATH_FT                            13887975                       13887975              

DFE_GEN_OFF_PATH_FT                             323244                         323244              

DFE_L0_ENABLED_PREDICTIONS                   118356601                      118356601              

DFE_L0_WRONG_MAIN_CORRECT                       129686                         129686              

DFE_L0_WRONG_MAIN_WRONG                           2462                           2462              

DFE_L0_CORRECT_MAIN_WRONG                          531                            531              

DFE_L0_CORRECT_MAIN_CORRECT                  118223922                      118223922              

DFE_L0_WRONG_MAIN_CORRECT_RECOVERY_SCHEDULED             0                              0              

FTQ_SAW_BAR_FETCH_OFFPATH                          198                            198              

FTQ_SAW_BAR_FETCH_ONPATH                          1707                           1707              

DFE_CONF_0_RECOVER_AT_EXEC                           0         -nan%                0         -nan%
DFE_CONF_1_RECOVER_AT_EXEC                           0         -nan%                0         -nan%
DFE_CONF_2_RECOVER_AT_EXEC                           0         -nan%                0         -nan%
DFE_CONF_3_RECOVER_AT_EXEC                           0         -nan%                0         -nan%
DFE_CONF_0_CORRECT                                   0         -nan%                0         -nan%
DFE_CONF_1_CORRECT                                   0         -nan%                0         -nan%
DFE_CONF_2_CORRECT                                   0         -nan%                0         -nan%
DFE_CONF_3_CORRECT                                   0         -nan%                0         -nan%
                                                     0         -nan%                0         -nan%
                                                  -nan         -nan              -nan         -nan

DFE_ON_CONF_ON_OPS                                   0         -nan%                0         -nan%
DFE_ON_CONF_OFF_OPS                                  0         -nan%                0         -nan%
DFE_OFF_CONF_ON_OPS                                  0         -nan%                0         -nan%
DFE_OFF_CONF_OFF_REALISTIC_OPS                       0         -nan%                0         -nan%
DFE_OFF_CONF_OFF_PERFECT_OPS                         0         -nan%                0         -nan%
                                                     0         -nan%                0         -nan%
                                                  -nan         -nan              -nan         -nan

DFE_ON_CONF_ON_FETCH_TARGETS                         0         -nan%                0         -nan%
DFE_ON_CONF_OFF_FETCH_TARGETS                        0         -nan%                0         -nan%
DFE_OFF_CONF_ON_FETCH_TARGETS                        0         -nan%                0         -nan%
DFE_OFF_CONF_OFF_REALISTIC_FETCH_TARGETS             0         -nan%                0         -nan%
DFE_OFF_CONF_OFF_PERFECT_FETCH_TARGETS               0         -nan%                0         -nan%
                                                     0         -nan%                0         -nan%
                                                  -nan         -nan              -nan         -nan

DFE_ON_CONF_ON_CYCLES                                0         -nan%                0         -nan%
DFE_ON_CONF_OFF_CYCLES                               0         -nan%                0         -nan%
DFE_OFF_CONF_ON_CYCLES                               0         -nan%                0         -nan%
DFE_OFF_CONF_OFF_REALISTIC_CYCLES                    0         -nan%                0         -nan%
DFE_OFF_CONF_OFF_PERFECT_CYCLES                      0         -nan%                0         -nan%
                                                     0         -nan%                0         -nan%
                                                  -nan         -nan              -nan         -nan

DFE_OFF_CONF_ON_NUM_EVENTS                           0                              0              

DFE_OFF_CONF_ON_NOT_IDENTIFIED_EVENTS                0         -nan%                0         -nan%
DFE_OFF_CONF_ON_IBTB_MISS_EVENTS                     0         -nan%                0         -nan%
DFE_OFF_CONF_ON_BTB_MISS_EVENTS                      0         -nan%                0         -nan%
DFE_OFF_CONF_ON_BTB_MISS_RECOVER_AT_EXEC_EVENTS             0         -nan%                0         -nan%
DFE_OFF_CONF_ON_RECOVER_AT_EXEC_EVENTS               0         -nan%                0         -nan%
DFE_OFF_CONF_ON_RECOVER_AT_DECODE_EVENTS             0         -nan%                0         -nan%
                                                     0         -nan%                0         -nan%
                                                  -nan         -nan              -nan         -nan

DFE_OFF_CONF_ON_LATE_BTB_HIT_EVENTS                  0                              0              

DFE_OFF_CONF_ON_NOT_IDENTIFIED_CYCLES                0         -nan%                0         -nan%
DFE_OFF_CONF_ON_IBTB_MISS_CYCLES                     0         -nan%                0         -nan%
DFE_OFF_CONF_ON_BTB_MISS_CYCLES                      0         -nan%                0         -nan%
DFE_OFF_CONF_ON_BTB_MISS_RECOVER_AT_EXEC_CYCLES             0         -nan%                0         -nan%
DFE_OFF_CONF_ON_RECOVER_AT_EXEC_CYCLES               0         -nan%                0         -nan%
DFE_OFF_CONF_ON_RECOVER_AT_DECODE_CYCLES             0         -nan%                0         -nan%
                                                     0         -nan%                0         -nan%
                                                  -nan         -nan              -nan         -nan

DFE_OFF_CONF_ON_LATE_BTB_HIT_CYCLES                  0                              0              

DFE_OFF_CONF_ON_NOT_IDENTIFIED_FETCH_TARGETS             0         -nan%                0         -nan%
DFE_OFF_CONF_ON_IBTB_MISS_FETCH_TARGETS              0         -nan%                0         -nan%
DFE_OFF_CONF_ON_BTB_MISS_FETCH_TARGETS               0         -nan%                0         -nan%
DFE_OFF_CONF_ON_BTB_MISS_RECOVER_AT_EXEC_FETCH_TARGETS             0         -nan%                0         -nan%
DFE_OFF_CONF_ON_RECOVER_AT_EXEC_FETCH_TARGETS             0         -nan%                0         -nan%
DFE_OFF_CONF_ON_RECOVER_AT_DECODE_FETCH_TARGETS             0         -nan%                0         -nan%
                                                     0         -nan%                0         -nan%
                                                  -nan         -nan              -nan         -nan

DFE_OFF_CONF_ON_LATE_BTB_HIT_FETCH_TARGETS             0                              0              

DFE_OFF_CONF_ON_BP_INCORRECT_0_CONF                  0         -nan%                0         -nan%
DFE_OFF_CONF_ON_BP_INCORRECT_1_CONF                  0         -nan%                0         -nan%
DFE_OFF_CONF_ON_BP_INCORRECT_2_CONF                  0         -nan%                0         -nan%
DFE_OFF_CONF_ON_BP_INCORRECT_3_CONF                  0         -nan%                0         -nan%
                                                     0         -nan%                0         -nan%
                                                  -nan         -nan              -nan         -nan

DFE_OFF_CONF_ON_BTB_MISS_CBR_0_CONF                  0         -nan%                0         -nan%
DFE_OFF_CONF_ON_BTB_MISS_CBR_1_CONF                  0         -nan%                0         -nan%
DFE_OFF_CONF_ON_BTB_MISS_CBR_2_CONF                  0         -nan%                0         -nan%
DFE_OFF_CONF_ON_BTB_MISS_CBR_3_CONF                  0         -nan%                0         -nan%
                                                     0         -nan%                0         -nan%
                                                  -nan         -nan              -nan         -nan

DFE_OFF_CONF_ON_BTB_MISS_NOT_CF                      0         -nan%                0         -nan%
DFE_OFF_CONF_ON_BTB_MISS_CF_BR                       0         -nan%                0         -nan%
DFE_OFF_CONF_ON_BTB_MISS_CF_CBR                      0         -nan%                0         -nan%
DFE_OFF_CONF_ON_BTB_MISS_CF_CALL                     0         -nan%                0         -nan%
DFE_OFF_CONF_ON_BTB_MISS_CF_IBR                      0         -nan%                0         -nan%
DFE_OFF_CONF_ON_BTB_MISS_CF_ICALL                    0         -nan%                0         -nan%
DFE_OFF_CONF_ON_BTB_MISS_CF_ICO                      0         -nan%                0         -nan%
DFE_OFF_CONF_ON_BTB_MISS_CF_RET                      0         -nan%                0         -nan%
DFE_OFF_CONF_ON_BTB_MISS_CF_SYS                      0         -nan%                0         -nan%
                                                     0         -nan%                0         -nan%
                                                  -nan         -nan              -nan         -nan

DFE_ON_CONF_OFF_NUM_EVENTS                           0                              0              

CONF_BTB_NUM_CYCLES_OFF_PATH_EVENT                   0                              0              

DFE_ON_CONF_OFF_IBTB_MISS_BP_TAKEN                   0         -nan%                0         -nan%
DFE_ON_CONF_OFF_BTB_MISS_BP_TAKEN_CONF_0             0         -nan%                0         -nan%
DFE_ON_CONF_OFF_BTB_MISS_BP_TAKEN_CONF_1             0         -nan%                0         -nan%
DFE_ON_CONF_OFF_BTB_MISS_BP_TAKEN_CONF_2             0         -nan%                0         -nan%
DFE_ON_CONF_OFF_BTB_MISS_BP_TAKEN_CONF_3             0         -nan%                0         -nan%
DFE_ON_CONF_OFF_BTB_MISS_RATE                        0         -nan%                0         -nan%
DFE_ON_CONF_OFF_IBTB_MISS_RATE                       0         -nan%                0         -nan%
DFE_ON_CONF_OFF_RECOVER_AT_DECODE_RATE               0         -nan%                0         -nan%
DFE_ON_CONF_OFF_RECOVER_AT_EXEC_RATE                 0         -nan%                0         -nan%
DFE_ON_CONF_OFF_INV_CONF_INC                         0         -nan%                0         -nan%
DFE_ON_CONF_OFF_PERFECT_CONF                         0         -nan%                0         -nan%
                                                     0         -nan%                0         -nan%
                                                  -nan         -nan              -nan         -nan

DFE_ON_CONF_OFF_IBTB_MISS_BP_TAKEN_CYCLES             0         -nan%                0         -nan%
DFE_ON_CONF_OFF_BTB_MISS_BP_TAKEN_CONF_0_CYCLES             0         -nan%                0         -nan%
DFE_ON_CONF_OFF_BTB_MISS_BP_TAKEN_CONF_1_CYCLES             0         -nan%                0         -nan%
DFE_ON_CONF_OFF_BTB_MISS_BP_TAKEN_CONF_2_CYCLES             0         -nan%                0         -nan%
DFE_ON_CONF_OFF_BTB_MISS_BP_TAKEN_CONF_3_CYCLES             0         -nan%                0         -nan%
DFE_ON_CONF_OFF_BTB_MISS_RATE_CYCLES                 0         -nan%                0         -nan%
DFE_ON_CONF_OFF_IBTB_MISS_RATE_CYCLES                0         -nan%                0         -nan%
DFE_ON_CONF_OFF_RECOVER_AT_DECODE_RATE_CYCLES             0         -nan%                0         -nan%
DFE_ON_CONF_OFF_RECOVER_AT_EXEC_RATE_CYCLES             0         -nan%                0         -nan%
DFE_ON_CONF_OFF_INV_CONF_INC_CYCLES                  0         -nan%                0         -nan%
DFE_ON_CONF_OFF_PERFECT_CONF_CYCLES                  0         -nan%                0         -nan%
                                                     0         -nan%                0         -nan%
                                                  -nan         -nan              -nan         -nan

DFE_ON_CONF_OFF_IBTB_MISS_BP_TAKEN_FETCH_TARGETS             0         -nan%                0         -nan%
DFE_ON_CONF_OFF_BTB_MISS_BP_TAKEN_CONF_0_FETCH_TARGETS             0         -nan%                0         -nan%
DFE_ON_CONF_OFF_BTB_MISS_BP_TAKEN_CONF_1_FETCH_TARGETS             0         -nan%                0         -nan%
DFE_ON_CONF_OFF_BTB_MISS_BP_TAKEN_CONF_2_FETCH_TARGETS             0         -nan%                0         -nan%
DFE_ON_CONF_OFF_BTB_MISS_BP_TAKEN_CONF_3_FETCH_TARGETS             0         -nan%                0         -nan%
DFE_ON_CONF_OFF_BTB_MISS_RATE_FETCH_TARGETS             0         -nan%                0         -nan%
DFE_ON_CONF_OFF_IBTB_MISS_RATE_FETCH_TARGETS             0         -nan%                0         -nan%
DFE_ON_CONF_OFF_RECOVER_AT_DECODE_RATE_FETCH_TARGETS             0         -nan%                0         -nan%
DFE_ON_CONF_OFF_RECOVER_AT_EXEC_RATE_FETCH_TARGETS             0         -nan%                0         -nan%
DFE_ON_CONF_OFF_INV_CONF_INC_FETCH_TARGETS             0         -nan%                0         -nan%
DFE_ON_CONF_OFF_PERFECT_CONF_FETCH_TARGETS             0         -nan%                0         -nan%
                                                     0         -nan%                0         -nan%
                                                  -nan         -nan              -nan         -nan

CONF_OFF_IBTB_MISS_BP_TAKEN                          0         -nan%                0         -nan%
CONF_OFF_BTB_MISS_BP_TAKEN_CONF_0                    0         -nan%                0         -nan%
CONF_OFF_BTB_MISS_BP_TAKEN_CONF_1                    0         -nan%                0         -nan%
CONF_OFF_BTB_MISS_BP_TAKEN_CONF_2                    0         -nan%                0         -nan%
CONF_OFF_BTB_MISS_BP_TAKEN_CONF_3                    0         -nan%                0         -nan%
CONF_OFF_BTB_MISS_RATE                               0         -nan%                0         -nan%
CONF_OFF_IBTB_MISS_RATE                              0         -nan%                0         -nan%
CONF_OFF_RECOVER_AT_DECODE_RATE                      0         -nan%                0         -nan%
CONF_OFF_RECOVER_AT_EXEC_RATE                        0         -nan%                0         -nan%
CONF_OFF_INV_CONF_INC                                0         -nan%                0         -nan%
CONF_OFF_PERFECT_CONF                                0         -nan%                0         -nan%
                                                     0         -nan%                0         -nan%
                                                  -nan         -nan              -nan         -nan

TOPDOWN_TOTAL_SLOTS                          215962890                      215962890              

TOPDOWN_ISSUED_SLOTS                         118869878                      118869878              

TOPDOWN_RETIRED_SLOTS                        118356601                      118356601              

TOPDOWN_FETCH_BUBBLES_SLOTS                     577560                         577560              

TOPDOWN_RECOVERY_BUBBLES_SLOTS                   82272                          82272              

TOPDOWN_MEM_LOAD_STALLS_CYCLES                16048683                       16048683              

TOPDOWN_MEM_STORE_STALLS_CYCLES                     10                             10              

TOPDOWN_EXEC_STALLS_CYCLES                     5112430                        5112430              

TOPDOWN_BACKEND_STALLS_CYCLES                 16049323                       16049323              

TOPDOWN_FETCH_BUBBLES_GT_MIW_CYCLES              81918                          81918              

TOPDOWN_BR_RECOVER_AT_EXEC_RETIRED_CYCLES          2714                           2714              

TOPDOWN_MACHINE_CLEAR_CYCLES                    132679                         132679              

TOPDOWN_FRONTEND_BOUND                              26                             26              

TOPDOWN_BACKEND_BOUND                             4467                           4467              

TOPDOWN_BAD_SPEC_BOUND                              27                             27              

TOPDOWN_RETIRING_BOUND                            5480                           5480              

TOPDOWN_FETCH_LATENCY_BOUND                         22                             22              

TOPDOWN_FETCH_BANDWIDTH_BOUND                        4                              4              

TOPDOWN_MEM_BOUND                                 4466                           4466              

TOPDOWN_CORE_BOUND                                   1                              1              

TOPDOWN_BR_RECOVER_AT_EXEC_BOUND                     0                              0              

TOPDOWN_MACHINE_CLEARS_BOUND                        27                             27              

H2P_SEEN_MAIN                                     5077                           5077              



