Scarab gitrev: f73edcd
Warning: Scarab expects the trace file type to include OFFLINE_FILE_TYPE_ARCH_REGDEPS (0x20000), but got type: 0xe40
Scarab started at Sun Jun  7 01:05:06 2026

Initialized Ramulator. 
** Heartbeat:   1% -- { 1000002 } -- 0.00 KIPS (45.45 KIPS)
** Heartbeat:   2% -- { 2000004 } -- 125.00 KIPS (66.67 KIPS)
** Heartbeat:   3% -- { 3000004 } -- 125.00 KIPS (78.95 KIPS)
** Heartbeat:   4% -- { 4000008 } -- 125.00 KIPS (86.96 KIPS)
** Heartbeat:   5% -- { 5000010 } -- 142.86 KIPS (94.34 KIPS)
** Heartbeat:   6% -- { 6000011 } -- 125.00 KIPS (98.36 KIPS)
** Heartbeat:   7% -- { 7000011 } -- 125.00 KIPS (101.45 KIPS)
** Heartbeat:   8% -- { 8000016 } -- 125.00 KIPS (103.90 KIPS)
** Heartbeat:   9% -- { 9000019 } -- 100.00 KIPS (103.45 KIPS)
** Heartbeat:  10% -- { 10000023 } -- 111.11 KIPS (104.17 KIPS)
** Heartbeat:  11% -- { 11000030 } -- 125.00 KIPS (105.77 KIPS)
** Heartbeat:  12% -- { 12000033 } -- 125.00 KIPS (107.14 KIPS)
** Heartbeat:  13% -- { 13000035 } -- 125.00 KIPS (108.33 KIPS)
** Heartbeat:  14% -- { 14000042 } -- 142.86 KIPS (110.24 KIPS)
** Heartbeat:  15% -- { 15000044 } -- 125.00 KIPS (111.11 KIPS)
** Heartbeat:  16% -- { 16000046 } -- 125.00 KIPS (111.89 KIPS)
** Heartbeat:  17% -- { 17000049 } -- 142.86 KIPS (113.33 KIPS)
** Heartbeat:  18% -- { 18000050 } -- 125.00 KIPS (113.92 KIPS)
** Heartbeat:  19% -- { 19000055 } -- 142.86 KIPS (115.15 KIPS)
** Heartbeat:  20% -- { 20000057 } -- 125.00 KIPS (115.61 KIPS)
** Heartbeat:  21% -- { 21000064 } -- 142.86 KIPS (116.67 KIPS)
** Heartbeat:  22% -- { 22000065 } -- 125.00 KIPS (117.02 KIPS)
** Heartbeat:  23% -- { 23000067 } -- 142.86 KIPS (117.95 KIPS)
** Heartbeat:  24% -- { 24000073 } -- 125.00 KIPS (118.23 KIPS)
** Heartbeat:  25% -- { 25000075 } -- 142.86 KIPS (119.05 KIPS)
** Heartbeat:  26% -- { 26000078 } -- 125.00 KIPS (119.27 KIPS)
** Heartbeat:  27% -- { 27000080 } -- 125.00 KIPS (119.47 KIPS)
** Heartbeat:  28% -- { 28000087 } -- 142.86 KIPS (120.17 KIPS)
** Heartbeat:  29% -- { 29000092 } -- 125.00 KIPS (120.33 KIPS)
** Heartbeat:  30% -- { 30000097 } -- 142.86 KIPS (120.97 KIPS)
** Heartbeat:  31% -- { 31000101 } -- 125.00 KIPS (121.09 KIPS)
** Heartbeat:  32% -- { 32000108 } -- 142.86 KIPS (121.67 KIPS)
** Heartbeat:  33% -- { 33000109 } -- 125.00 KIPS (121.77 KIPS)
** Heartbeat:  34% -- { 34000110 } -- 142.86 KIPS (122.30 KIPS)
** Heartbeat:  35% -- { 35000115 } -- 125.00 KIPS (122.38 KIPS)
** Heartbeat:  36% -- { 36000115 } -- 142.86 KIPS (122.87 KIPS)
** Heartbeat:  37% -- { 37000116 } -- 125.00 KIPS (122.92 KIPS)
** Heartbeat:  38% -- { 38000117 } -- 125.00 KIPS (122.98 KIPS)
** Heartbeat:  39% -- { 39000120 } -- 125.00 KIPS (123.03 KIPS)
** Heartbeat:  40% -- { 40000123 } -- 142.86 KIPS (123.46 KIPS)
** Heartbeat:  41% -- { 41000126 } -- 166.67 KIPS (124.24 KIPS)
** Heartbeat:  42% -- { 42000129 } -- 166.67 KIPS (125.00 KIPS)
** Heartbeat:  43% -- { 43000133 } -- 142.86 KIPS (125.36 KIPS)
** Heartbeat:  44% -- { 44000137 } -- 166.67 KIPS (126.07 KIPS)
** Heartbeat:  45% -- { 45000140 } -- 166.67 KIPS (126.76 KIPS)
** Heartbeat:  46% -- { 46000145 } -- 166.67 KIPS (127.42 KIPS)
** Heartbeat:  47% -- { 47000147 } -- 166.67 KIPS (128.07 KIPS)
** Heartbeat:  48% -- { 48000147 } -- 142.86 KIPS (128.34 KIPS)
** Heartbeat:  49% -- { 49000147 } -- 166.67 KIPS (128.95 KIPS)
** Heartbeat:  50% -- { 50000151 } -- 166.67 KIPS (129.53 KIPS)
** Heartbeat:  51% -- { 51000157 } -- 166.67 KIPS (130.10 KIPS)
** Heartbeat:  52% -- { 52000163 } -- 166.67 KIPS (130.65 KIPS)
** Heartbeat:  53% -- { 53000165 } -- 166.67 KIPS (131.19 KIPS)
** Heartbeat:  54% -- { 54000166 } -- 166.67 KIPS (131.71 KIPS)
** Heartbeat:  55% -- { 55000169 } -- 166.67 KIPS (132.21 KIPS)
** Heartbeat:  56% -- { 56000170 } -- 166.67 KIPS (132.70 KIPS)
** Heartbeat:  57% -- { 57000172 } -- 166.67 KIPS (133.18 KIPS)
** Heartbeat:  58% -- { 58000175 } -- 166.67 KIPS (133.64 KIPS)
** Heartbeat:  59% -- { 59000177 } -- 166.67 KIPS (134.09 KIPS)
** Heartbeat:  60% -- { 60000179 } -- 166.67 KIPS (134.53 KIPS)
** Heartbeat:  61% -- { 61000184 } -- 200.00 KIPS (135.26 KIPS)
** Heartbeat:  62% -- { 62000188 } -- 166.67 KIPS (135.67 KIPS)
** Heartbeat:  63% -- { 63000194 } -- 166.67 KIPS (136.07 KIPS)
** Heartbeat:  64% -- { 64000196 } -- 166.67 KIPS (136.46 KIPS)
** Heartbeat:  65% -- { 65000200 } -- 166.67 KIPS (136.84 KIPS)
** Heartbeat:  66% -- { 66000200 } -- 166.67 KIPS (137.21 KIPS)
** Heartbeat:  67% -- { 67000202 } -- 200.00 KIPS (137.86 KIPS)
** Heartbeat:  68% -- { 68000204 } -- 166.67 KIPS (138.21 KIPS)
** Heartbeat:  69% -- { 69000207 } -- 166.67 KIPS (138.55 KIPS)
** Heartbeat:  70% -- { 70000210 } -- 166.67 KIPS (138.89 KIPS)
** Heartbeat:  71% -- { 71000215 } -- 166.67 KIPS (139.22 KIPS)
** Heartbeat:  72% -- { 72000216 } -- 166.67 KIPS (139.54 KIPS)
** Heartbeat:  73% -- { 73000223 } -- 200.00 KIPS (140.12 KIPS)
** Heartbeat:  74% -- { 74000223 } -- 166.67 KIPS (140.42 KIPS)
** Heartbeat:  75% -- { 75000225 } -- 166.67 KIPS (140.71 KIPS)
** Heartbeat:  76% -- { 76000229 } -- 166.67 KIPS (141.00 KIPS)
** Heartbeat:  77% -- { 77000229 } -- 166.67 KIPS (141.28 KIPS)
** Heartbeat:  78% -- { 78000232 } -- 166.67 KIPS (141.56 KIPS)
** Heartbeat:  79% -- { 79000234 } -- 166.67 KIPS (141.83 KIPS)
** Heartbeat:  80% -- { 80000234 } -- 200.00 KIPS (142.35 KIPS)
** Heartbeat:  81% -- { 81000239 } -- 166.67 KIPS (142.61 KIPS)
** Heartbeat:  82% -- { 82000241 } -- 166.67 KIPS (142.86 KIPS)
** Heartbeat:  83% -- { 83000246 } -- 166.67 KIPS (143.10 KIPS)
** Heartbeat:  84% -- { 84000250 } -- 166.67 KIPS (143.35 KIPS)
** Heartbeat:  85% -- { 85000255 } -- 166.67 KIPS (143.58 KIPS)
** Heartbeat:  86% -- { 86000257 } -- 200.00 KIPS (144.05 KIPS)
** Heartbeat:  87% -- { 87000258 } -- 166.67 KIPS (144.28 KIPS)
** Heartbeat:  88% -- { 88000259 } -- 166.67 KIPS (144.50 KIPS)
** Heartbeat:  89% -- { 89000259 } -- 166.67 KIPS (144.72 KIPS)
Reached end of trace (last_inst) pc=0x42672a
** Core 0 Finished:    insts:89999999    cycles:18635079    time:5823462187500       -- 4.83 IPC (4.83 IPC) --  N/A  KIPS (145.16 KIPS)
Scarab finished at Sun Jun  7 01:15:26 2026

