/* -*- Mode: c -*- */
####################################################################################################
Core 0
####################################################################################################
Cumulative:        Cycles: 9218248               Instructions: 29999995              IPC: 3.25441

Periodic:          Cycles: 9218248               Instructions: 29999995              IPC: 3.25441

EXECUTION_TIME                           2880702500000                  2880702500000              

SIM_HOST_WALL_SECONDS                       244.644814                     244.644814              

NODE_CYCLE                                     9218248                        9218248              

NODE_INST_COUNT                               30000383                       30000383              

NODE_INST_COUNT_FETCHED                       29999995                       29999995              

NODE_UOP_COUNT                                34193232                       34193232              

EXEC_STAGE_NO_ISSUE_STALL_CYCLE                6670206                        6670206              

EXEC_STAGE_NO_ISSUE_STALL_CYCLE_ONPATH         6608639                        6608639              

FULL_WINDOW_STALL                                 3908        0.042%             3908        0.042%

FULL_WINDOW_MEM_OP                                3251       87.088%             3251       87.088%
FULL_WINDOW_FP_OP                                    0        0.000%                0        0.000%
FULL_WINDOW_OTHER_OP                               482       12.912%              482       12.912%
                                                  3733      100.000%             3733      100.000%
                                                  0.26         0.63              0.26         0.63

RET_BLOCKED_DC_MISS                            3812075       41.354%          3812075       41.354%

RET_BLOCKED_L1_MISS                             591299        6.414%           591299        6.414%

RET_BLOCKED_L1_MISS_BW_PREF                     459285        4.982%           459285        4.982%

RET_BLOCKED_L1_ACCESS                          3244017       35.191%          3244017       35.191%

RET_BLOCKED_MEM_STALL                           604290        6.555%           604290        6.555%

RET_BLOCKED_OFFCHIP_DEMAND                           0        0.000%                0        0.000%

OP_ISSUED                                     34383946                       34383946              

OP_RETIRED                                    34193232                       34193232              

OP_MACRO_FUSION_ONPATH                         6461975                        6461975              

OP_MACRO_FUSION_OFFPATH                          35786                          35786              

REPLAY_SIGNALED                                      0                              0              

REPLAY_COUNTED                                       0                              0              

OFF_CRITICAL_PATH                                    0         -nan%                0         -nan%
ON_CRITICAL_PATH                                     0         -nan%                0         -nan%
                                                     0         -nan%                0         -nan%
                                                  -nan         -nan              -nan         -nan

LD_NO_DEPENDENTS                                242663        2.577%           242663        2.577%
LD_DEPENDENTS                                  9174866       97.423%          9174866       97.423%
                                               9417529      100.000%          9417529      100.000%
                                                  0.97         0.96              0.97         0.96

LD_EXEC_CYCLES_0                                     0        0.000%                0        0.000%
LD_EXEC_CYCLES_1                                252096       21.478%           252096       21.478%
LD_EXEC_CYCLES_2                                 15299        1.303%            15299        1.303%
LD_EXEC_CYCLES_3                                 32014        2.727%            32014        2.727%
LD_EXEC_CYCLES_4                                874341       74.491%           874341       74.491%
                                               1173750      100.000%          1173750      100.000%
                                                  3.30         3.11              3.30         3.11

ICACHE_STAGE_STARVED                             70647        0.787%            70647        0.787%
ICACHE_STAGE_NOT_STARVED                       8909739       99.213%          8909739       99.213%
                                               8980386      100.000%          8980386      100.000%
                                                  0.99         0.99              0.99         0.99

ICACHE_STAGE_STALLED                           4547554       49.332%          4547554       49.332%
ICACHE_STAGE_NOT_STALLED                       4432832       48.088%          4432832       48.088%
ICACHE_STAGE_OFF_PATH                           237862        2.580%           237862        2.580%
                                               9218248      100.000%          9218248      100.000%
                                                  0.53         0.41              0.53         0.41

DECODE_STAGE_STARVED                           9088973       99.832%          9088973       99.832%
DECODE_STAGE_NOT_STARVED                         15309        0.168%            15309        0.168%
                                               9104282      100.000%          9104282      100.000%
                                                  0.00         0.04              0.00         0.04

DECODE_STAGE_STALLED                              6849        0.074%             6849        0.074%
DECODE_STAGE_NOT_STALLED                       9097433       98.689%          9097433       98.689%
DECODE_STAGE_OFF_PATH                           113966        1.236%           113966        1.236%
                                               9218248      100.000%          9218248      100.000%
                                                  1.01         0.16              1.01         0.16

UOPQ_STAGE_STARVED                              221668        4.932%           221668        4.932%
UOPQ_STAGE_NOT_STARVED                         4273121       95.068%          4273121       95.068%
                                               4494789      100.000%          4494789      100.000%
                                                  0.95         0.93              0.95         0.93

UOPQ_STAGE_STALLED                             4549503       49.353%          4549503       49.353%
UOPQ_STAGE_NOT_STALLED                         4494789       48.760%          4494789       48.760%
UOPQ_STAGE_OFF_PATH                             173956        1.887%           173956        1.887%
                                               9218248      100.000%          9218248      100.000%
                                                  0.53         0.40              0.53         0.40

RS_OP_READY_NOT_ISSUED_TOTAL                  19544943                       19544943              

RS_0_OP_READY_NOT_ISSUED                      17776846                       17776846              

RS_1_OP_READY_NOT_ISSUED                        746725                         746725              

RS_2_OP_READY_NOT_ISSUED                       1021372                        1021372              

RS_3_OP_READY_NOT_ISSUED                             0                              0              

RS_4_OP_READY_NOT_ISSUED                             0                              0              

RS_5_OP_READY_NOT_ISSUED                             0                              0              

RS_6_OP_READY_NOT_ISSUED                             0                              0              

RS_7_OP_READY_NOT_ISSUED                             0                              0              

RS_7_PLUS_OP_READY_NOT_ISSUED                        0                              0              

FU_IDLE_NO_READY_OPS_TOTAL                    40087278                       40087278              

FU_0_IDLE_NO_READY_OPS                         2390193                        2390193              

FU_1_IDLE_NO_READY_OPS                         2818218                        2818218              

FU_2_IDLE_NO_READY_OPS                         3569193                        3569193              

FU_3_IDLE_NO_READY_OPS                         3595561                        3595561              

FU_4_IDLE_NO_READY_OPS                         2929742                        2929742              

FU_5_IDLE_NO_READY_OPS                         2372166                        2372166              

FU_6_IDLE_NO_READY_OPS                         7929000                        7929000              

FU_7_IDLE_NO_READY_OPS                         7932642                        7932642              

FU_8_IDLE_NO_READY_OPS                         2924835                        2924835              

FU_9_IDLE_NO_READY_OPS                         3625728                        3625728              

FU_10_IDLE_NO_READY_OPS                              0                              0              

FU_11_IDLE_NO_READY_OPS                              0                              0              

FU_12_IDLE_NO_READY_OPS                              0                              0              

FU_13_IDLE_NO_READY_OPS                              0                              0              

FU_14_IDLE_NO_READY_OPS                              0                              0              

FU_15_IDLE_NO_READY_OPS                              0                              0              

FU_16_IDLE_NO_READY_OPS                              0                              0              

FU_17_IDLE_NO_READY_OPS                              0                              0              

FU_18_IDLE_NO_READY_OPS                              0                              0              

FU_19_IDLE_NO_READY_OPS                              0                              0              

FU_20_IDLE_NO_READY_OPS                              0                              0              

FU_21_IDLE_NO_READY_OPS                              0                              0              

FU_22_IDLE_NO_READY_OPS                              0                              0              

FU_23_IDLE_NO_READY_OPS                              0                              0              

FU_24_IDLE_NO_READY_OPS                              0                              0              

FU_25_IDLE_NO_READY_OPS                              0                              0              

FU_26_IDLE_NO_READY_OPS                              0                              0              

FU_27_IDLE_NO_READY_OPS                              0                              0              

FU_28_IDLE_NO_READY_OPS                              0                              0              

FU_29_IDLE_NO_READY_OPS                              0                              0              

FU_30_IDLE_NO_READY_OPS                              0                              0              

FU_31_IDLE_NO_READY_OPS                              0                              0              

FU_31_PLUS_IDLE_NO_READY_OPS                         0                              0              

MAP_STAGE_STARVED                                83990        1.450%            83990        1.450%
MAP_STAGE_NOT_STARVED                          5707195       98.550%          5707195       98.550%
                                               5791185      100.000%          5791185      100.000%
                                                  0.99         0.98              0.99         0.98

MAP_STAGE_STALLED                                   51        0.001%               51        0.001%
MAP_STAGE_NOT_STALLED                          5791134       98.450%          5791134       98.450%
MAP_STAGE_OFF_PATH                               91128        1.549%            91128        1.549%
                                               5882313      100.000%          5882313      100.000%
                                                  1.02         0.18              1.02         0.18

MAP_STAGE_STALL_ITSELF                         3335935       36.188%          3335935       36.188%
MAP_STAGE_NOT_STALL_ITSELF                     5882313       63.812%          5882313       63.812%
                                               9218248      100.000%          9218248      100.000%
                                                  0.64         0.59              0.64         0.59

MAP_STAGE_LATE_ALLOCATE_SEND_BACK                    0                              0              

MAP_STAGE_RENAME_OP_ONPATH                    34193232                       34193232              

MAP_STAGE_RENAME_OP_OFFPATH                     397930                         397930              

MAP_STAGE_RENAME_INT_REG_ONPATH               29993982                       29993982              

MAP_STAGE_RENAME_INT_REG_OFFPATH                266324                         266324              

MAP_STAGE_RENAME_VEC_REG_ONPATH                 197574                         197574              

MAP_STAGE_RENAME_VEC_REG_OFFPATH                  8356                           8356              

MAP_STAGE_RENAME_MOVE_ELIM_ONPATH                    0                              0              

MAP_STAGE_RENAME_MOVE_ELIM_OFFPATH                   0                              0              

MAP_STAGE_ONPATH_INT_REG_NUM_ALLOC            34533115                       34533115              

MAP_STAGE_ONPATH_VEC_REG_NUM_ALLOC              197564                         197564              

MAP_STAGE_ONPATH_INT_REG_NUM_SHORTLIVE         7109798                        7109798              

MAP_STAGE_ONPATH_VEC_REG_NUM_SHORTLIVE           60723                          60723              

MAP_STAGE_ONPATH_INT_REG_USE_COUNT_0          11675501                       11675501              

MAP_STAGE_ONPATH_VEC_REG_USE_COUNT_0             67827                          67827              

MAP_STAGE_ONPATH_INT_REG_USE_COUNT_1          17543841                       17543841              

MAP_STAGE_ONPATH_VEC_REG_USE_COUNT_1            120575                         120575              

MAP_STAGE_ONPATH_INT_REG_USE_COUNT_2           2009911                        2009911              

MAP_STAGE_ONPATH_VEC_REG_USE_COUNT_2               734                            734              

MAP_STAGE_ONPATH_INT_REG_USE_COUNT_3            295072                         295072              

MAP_STAGE_ONPATH_VEC_REG_USE_COUNT_3                 0                              0              

MAP_STAGE_ONPATH_INT_REG_USE_COUNT_4           2672989                        2672989              

MAP_STAGE_ONPATH_VEC_REG_USE_COUNT_4              8424                           8424              

MAP_STAGE_ONPATH_INT_REG_USE_COUNT_5             95786                          95786              

MAP_STAGE_ONPATH_VEC_REG_USE_COUNT_5                 1                              1              

MAP_STAGE_ONPATH_INT_REG_USE_COUNT_6             67975                          67975              

MAP_STAGE_ONPATH_VEC_REG_USE_COUNT_6                 0                              0              

MAP_STAGE_ONPATH_INT_REG_USE_COUNT_7_PLUS        172040                         172040              

MAP_STAGE_ONPATH_VEC_REG_USE_COUNT_7_PLUS             3                              3              

MAP_STAGE_ONPATH_INT_REG_CONSUME_DIST_0              0        0.0000                0        0.0000

MAP_STAGE_ONPATH_VEC_REG_CONSUME_DIST_0              0        0.0000                0        0.0000

MAP_STAGE_ONPATH_INT_REG_CONSUME_DIST_1              0        0.0000                0        0.0000

MAP_STAGE_ONPATH_VEC_REG_CONSUME_DIST_1              0        0.0000                0        0.0000

MAP_STAGE_ONPATH_INT_REG_CONSUME_DIST_2        8723866        4.3404          8723866        4.3404

MAP_STAGE_ONPATH_VEC_REG_CONSUME_DIST_2         271417      369.7779           271417      369.7779

MAP_STAGE_ONPATH_INT_REG_CONSUME_DIST_3        1456578        4.9363          1456578        4.9363

MAP_STAGE_ONPATH_VEC_REG_CONSUME_DIST_3              0          -nan                0          -nan

MAP_STAGE_ONPATH_INT_REG_CONSUME_DIST_4       11386568        4.2599         11386568        4.2599

MAP_STAGE_ONPATH_VEC_REG_CONSUME_DIST_4        4119795      489.0545          4119795      489.0545

MAP_STAGE_ONPATH_INT_REG_CONSUME_DIST_5        1126664       11.7623          1126664       11.7623

MAP_STAGE_ONPATH_VEC_REG_CONSUME_DIST_5              2        2.0000                2        2.0000

MAP_STAGE_ONPATH_INT_REG_CONSUME_DIST_6         428106        6.2980           428106        6.2980

MAP_STAGE_ONPATH_VEC_REG_CONSUME_DIST_6              0          -nan                0          -nan

MAP_STAGE_ONPATH_INT_REG_CONSUME_DIST_7_PLUS      18260564      106.1414         18260564      106.1414

MAP_STAGE_ONPATH_VEC_REG_CONSUME_DIST_7_PLUS           226       75.3333              226       75.3333

MAP_STAGE_INT_REG_ISSUE_READ_TOTAL_CONSUMED      38741401        5.8081         38741401        5.8081

MAP_STAGE_VEC_REG_ISSUE_READ_TOTAL_CONSUMED        158507        0.0238           158507        0.0238

MAP_STAGE_INT_REG_ISSUE_READ_MULTI_CONSUMED      15818772        2.3716         15818772        2.3716

MAP_STAGE_VEC_REG_ISSUE_READ_MULTI_CONSUMED         26908        0.0040            26908        0.0040

MAP_STAGE_INT_REG_ISSUE_READ_SAME_CYCLE_CONSUMED       6788788        1.0178          6788788        1.0178

MAP_STAGE_VEC_REG_ISSUE_READ_SAME_CYCLE_CONSUMED         17302        0.0026            17302        0.0026

MAP_STAGE_INT_REG_ISSUE_READ_TOTAL_CONSUMED_ONPATH      38609857        5.8423         38609857        5.8423

MAP_STAGE_VEC_REG_ISSUE_READ_TOTAL_CONSUMED_ONPATH        155893        0.0236           155893        0.0236

MAP_STAGE_INT_REG_ISSUE_READ_MULTI_CONSUMED_ONPATH      15752224        2.3836         15752224        2.3836

MAP_STAGE_VEC_REG_ISSUE_READ_MULTI_CONSUMED_ONPATH         26145        0.0040            26145        0.0040

MAP_STAGE_INT_REG_ISSUE_READ_SAME_CYCLE_CONSUMED_ONPATH       6756629        1.0224          6756629        1.0224

MAP_STAGE_VEC_REG_ISSUE_READ_SAME_CYCLE_CONSUMED_ONPATH         17066        0.0026            17066        0.0026

MAP_STAGE_ONPATH_INT_REG_LIFECYCLE_EMPTY     915599221                      915599221              

MAP_STAGE_ONPATH_VEC_REG_LIFECYCLE_EMPTY       6195391                        6195391              

MAP_STAGE_ONPATH_INT_REG_LIFECYCLE_IN_USE    1391141391                     1391141391              

MAP_STAGE_ONPATH_VEC_REG_LIFECYCLE_IN_USE      19862389                       19862389              

MAP_STAGE_ONPATH_INT_REG_LIFECYCLE_SPEC_RELEASE    2143257966                     2143257966              

MAP_STAGE_ONPATH_VEC_REG_LIFECYCLE_SPEC_RELEASE      31415212                       31415212              

MAP_STAGE_ONPATH_INT_REG_LIFECYCLE_NONSPEC_RELEASE    2143257966                     2143257966              

MAP_STAGE_ONPATH_VEC_REG_LIFECYCLE_NONSPEC_RELEASE      31415212                       31415212              

MAP_STAGE_ONPATH_INT_REG_LIFECYCLE_TOTAL    2143257966                     2143257966              

MAP_STAGE_ONPATH_VEC_REG_LIFECYCLE_TOTAL      31415212                       31415212              

MAP_STAGE_ONPATH_INT_REG_NUM_NONBRANCH        34533115                       34533115              

MAP_STAGE_ONPATH_VEC_REG_NUM_NONBRANCH          197564                         197564              

MAP_STAGE_ONPATH_INT_REG_NUM_NONEXCEPT        34533115                       34533115              

MAP_STAGE_ONPATH_VEC_REG_NUM_NONEXCEPT          197564                         197564              

MAP_STAGE_ONPATH_INT_REG_NUM_ATOMIC           34533115                       34533115              

MAP_STAGE_ONPATH_VEC_REG_NUM_ATOMIC             197564                         197564              

MAP_STAGE_ONPATH_INT_REG_ATOMIC_REDEFINED_DIST_TOTAL    2143257966       62.0638       2143257966       62.0638

MAP_STAGE_ONPATH_VEC_REG_ATOMIC_REDEFINED_DIST_TOTAL      31415212      159.0128         31415212      159.0128

MAP_STAGE_ONPATH_INT_REG_ATOMIC_CONSUMED_DIST_TOTAL    1391141391       40.2843       1391141391       40.2843

MAP_STAGE_ONPATH_VEC_REG_ATOMIC_CONSUMED_DIST_TOTAL      19862389      100.5365         19862389      100.5365

MAP_STAGE_ONPATH_INT_REG_ATOMIC_RELEASE_DIST_TOTAL    2143257966       62.0638       2143257966       62.0638

MAP_STAGE_ONPATH_VEC_REG_ATOMIC_RELEASE_DIST_TOTAL      31415212      159.0128         31415212      159.0128

EXEC_STAGE_STARVED                             8020414       87.006%          8020414       87.006%
EXEC_STAGE_NOT_STARVED                         1097077       11.901%          1097077       11.901%
EXEC_STAGE_OFF_PATH                             100757        1.093%           100757        1.093%
                                               9218248      100.000%          9218248      100.000%
                                                  0.14         0.35              0.14         0.35

FU_BUSY_0                                      5361589                        5361589              

FU_BUSY_1                                      4724538                        4724538              

FU_BUSY_2                                      3213187                        3213187              

FU_BUSY_3                                      3217056                        3217056              

FU_BUSY_4                                      4309826                        4309826              

FU_BUSY_5                                      5425923                        5425923              

FU_BUSY_6                                       717808                         717808              

FU_BUSY_7                                       714795                         714795              

FU_BUSY_8                                      4395767                        4395767              

FU_BUSY_9                                      3479132                        3479132              

FU_BUSY_10                                           0                              0              

FU_BUSY_11                                           0                              0              

FU_BUSY_12                                           0                              0              

FU_BUSY_13                                           0                              0              

FU_BUSY_14                                           0                              0              

FU_BUSY_15                                           0                              0              

FU_BUSY_16                                           0                              0              

FU_BUSY_17                                           0                              0              

FU_BUSY_18                                           0                              0              

FU_BUSY_19                                           0                              0              

FU_BUSY_20                                           0                              0              

FU_BUSY_21                                           0                              0              

FU_BUSY_22                                           0                              0              

FU_BUSY_23                                           0                              0              

FU_BUSY_24                                           0                              0              

FU_BUSY_25                                           0                              0              

FU_BUSY_26                                           0                              0              

FU_BUSY_27                                           0                              0              

FU_BUSY_28                                           0                              0              

FU_BUSY_29                                           0                              0              

FU_BUSY_30                                           0                              0              

FU_BUSY_31                                           0                              0              

FU_REJECTED_OP_INV_NOT_SIMD                          0        0.000%                0        0.000%
FU_REJECTED_OP_NOP_NOT_SIMD                       5849        0.704%             5849        0.704%
FU_REJECTED_OP_CF_NOT_SIMD                         404        0.049%              404        0.049%
FU_REJECTED_OP_MOV_NOT_SIMD                     105188       12.668%           105188       12.668%
FU_REJECTED_OP_CMOV_NOT_SIMD                        96        0.012%               96        0.012%
FU_REJECTED_OP_LDA_NOT_SIMD                      40913        4.927%            40913        4.927%
FU_REJECTED_OP_IMEM_NOT_SIMD                    263927       31.786%           263927       31.786%
FU_REJECTED_OP_IADD_NOT_SIMD                     37012        4.458%            37012        4.458%
FU_REJECTED_OP_IMUL_NOT_SIMD                    137889       16.607%           137889       16.607%
FU_REJECTED_OP_IDIV_NOT_SIMD                        38        0.005%               38        0.005%
FU_REJECTED_OP_ICMP_NOT_SIMD                         1        0.000%                1        0.000%
FU_REJECTED_OP_LOGIC_NOT_SIMD                    56746        6.834%            56746        6.834%
FU_REJECTED_OP_SHIFT_NOT_SIMD                   171434       20.647%           171434       20.647%
FU_REJECTED_OP_FMEM_NOT_SIMD                        78        0.009%               78        0.009%
FU_REJECTED_OP_FCVT_NOT_SIMD                         0        0.000%                0        0.000%
FU_REJECTED_OP_FADD_NOT_SIMD                         0        0.000%                0        0.000%
FU_REJECTED_OP_FMUL_NOT_SIMD                         0        0.000%                0        0.000%
FU_REJECTED_OP_FMA_NOT_SIMD                          0        0.000%                0        0.000%
FU_REJECTED_OP_FDIV_NOT_SIMD                         0        0.000%                0        0.000%
FU_REJECTED_OP_FCMP_NOT_SIMD                         0        0.000%                0        0.000%
FU_REJECTED_OP_FCMOV_NOT_SIMD                        0        0.000%                0        0.000%
FU_REJECTED_OP_GATHER_NOT_SIMD                       0        0.000%                0        0.000%
FU_REJECTED_OP_SCATTER_NOT_SIMD                      0        0.000%                0        0.000%
FU_REJECTED_OP_PIPELINED_FAST_NOT_SIMD               0        0.000%                0        0.000%
FU_REJECTED_OP_PIPELINED_MEDIUM_NOT_SIMD             0        0.000%                0        0.000%
FU_REJECTED_OP_PIPELINED_SLOW_NOT_SIMD               0        0.000%                0        0.000%
FU_REJECTED_OP_NOTPIPELINED_MEDIUM_NOT_SIMD             0        0.000%                0        0.000%
FU_REJECTED_OP_NOTPIPELINED_SLOW_NOT_SIMD             0        0.000%                0        0.000%
FU_REJECTED_OP_NOTPIPELINED_VERY_SLOW_NOT_SIMD            27        0.003%               27        0.003%
FU_REJECTED_OP_INV_SIMD                              0        0.000%                0        0.000%
FU_REJECTED_OP_NOP_SIMD                           3003        0.362%             3003        0.362%
FU_REJECTED_OP_CF_SIMD                               0        0.000%                0        0.000%
FU_REJECTED_OP_MOV_SIMD                             13        0.002%               13        0.002%
FU_REJECTED_OP_CMOV_SIMD                             0        0.000%                0        0.000%
FU_REJECTED_OP_LDA_SIMD                              0        0.000%                0        0.000%
FU_REJECTED_OP_IMEM_SIMD                             0        0.000%                0        0.000%
FU_REJECTED_OP_IADD_SIMD                             0        0.000%                0        0.000%
FU_REJECTED_OP_IMUL_SIMD                             1        0.000%                1        0.000%
FU_REJECTED_OP_IDIV_SIMD                             0        0.000%                0        0.000%
FU_REJECTED_OP_ICMP_SIMD                             0        0.000%                0        0.000%
FU_REJECTED_OP_LOGIC_SIMD                           10        0.001%               10        0.001%
FU_REJECTED_OP_SHIFT_SIMD                           24        0.003%               24        0.003%
FU_REJECTED_OP_FMEM_SIMD                             0        0.000%                0        0.000%
FU_REJECTED_OP_FCVT_SIMD                            50        0.006%               50        0.006%
FU_REJECTED_OP_FADD_SIMD                          7596        0.915%             7596        0.915%
FU_REJECTED_OP_FMUL_SIMD                             6        0.001%                6        0.001%
FU_REJECTED_OP_FMA_SIMD                              7        0.001%                7        0.001%
FU_REJECTED_OP_FDIV_SIMD                             2        0.000%                2        0.000%
FU_REJECTED_OP_FCMP_SIMD                             0        0.000%                0        0.000%
FU_REJECTED_OP_FCMOV_SIMD                            0        0.000%                0        0.000%
FU_REJECTED_OP_GATHER_SIMD                           0        0.000%                0        0.000%
FU_REJECTED_OP_SCATTER_SIMD                          0        0.000%                0        0.000%
FU_REJECTED_OP_PIPELINED_FAST_SIMD                   0        0.000%                0        0.000%
FU_REJECTED_OP_PIPELINED_MEDIUM_SIMD                 0        0.000%                0        0.000%
FU_REJECTED_OP_PIPELINED_SLOW_SIMD                  14        0.002%               14        0.002%
FU_REJECTED_OP_NOTPIPELINED_MEDIUM_SIMD              0        0.000%                0        0.000%
FU_REJECTED_OP_NOTPIPELINED_SLOW_SIMD                0        0.000%                0        0.000%
FU_REJECTED_OP_NOTPIPELINED_VERY_SLOW_SIMD             0        0.000%                0        0.000%
                                                830328      100.000%           830328      100.000%
                                                  7.93         4.80              7.93         4.80

LSQ_FULL_TOTAL                                      66                             66              

LSQ_FULL_LOAD_QUEUE                                  0                              0              

LSQ_FULL_STORE_QUEUE                                66                             66              

OP_WAIT_0                                     19393123                       19393123              

OP_WAIT_1                                      8546975                        8546975              

OP_WAIT_2                                      2721996                        2721996              

OP_WAIT_3                                      1782406                        1782406              

OP_WAIT_4                                       782026                         782026              

OP_WAIT_5                                       307203                         307203              

OP_WAIT_6                                       195105                         195105              

OP_WAIT_7                                        95543                          95543              

OP_WAIT_8                                        49506                          49506              

OP_WAIT_9                                       118444                         118444              

OP_WAIT_10                                       40917                          40917              

OP_WAIT_11                                       41409                          41409              

OP_WAIT_12                                       18877                          18877              

OP_WAIT_13                                       25158                          25158              

OP_WAIT_14                                       11928                          11928              

OP_WAIT_15                                        8337                           8337              

OP_WAIT_16                                       10839                          10839              

OP_WAIT_17                                        5705                           5705              

OP_WAIT_18                                        6011                           6011              

OP_WAIT_19                                        6350                           6350              

OP_WAIT_20                                        7069                           7069              

OP_WAIT_21                                        8836                           8836              

OP_WAIT_22                                        1699                           1699              

OP_WAIT_23                                         584                            584              

OP_WAIT_24                                         999                            999              

OP_WAIT_25                                         741                            741              

OP_WAIT_26                                         932                            932              

OP_WAIT_27                                         730                            730              

OP_WAIT_28                                         587                            587              

OP_WAIT_29                                          98                             98              

OP_WAIT_30                                         185                            185              

OP_WAIT_31                                        2914                           2914              

ROW_SIZE_0                                     4205249                        4205249              

ROW_SIZE_1                                      550644                         550644              

ROW_SIZE_2                                       90050                          90050              

ROW_SIZE_3                                       66216                          66216              

ROW_SIZE_4                                       46862                          46862              

ROW_SIZE_5                                       21373                          21373              

ROW_SIZE_6                                      190401                         190401              

ROW_SIZE_7                                       55519                          55519              

ROW_SIZE_8                                     3929811                        3929811              

ROW_SIZE_9                                           0                              0              

ROW_SIZE_10                                          0                              0              

ROW_SIZE_11                                          0                              0              

ROW_SIZE_12                                          0                              0              

ROW_SIZE_13                                          0                              0              

ROW_SIZE_14                                          0                              0              

ROW_SIZE_15                                          0                              0              

ROW_SIZE_16                                          0                              0              

ROW_SIZE_17                                          0                              0              

ROW_SIZE_18                                          0                              0              

ROW_SIZE_19                                          0                              0              

ROW_SIZE_20                                          0                              0              

ROW_SIZE_21                                          0                              0              

ROW_SIZE_22                                          0                              0              

ROW_SIZE_23                                          0                              0              

ROW_SIZE_24                                          0                              0              

ROW_SIZE_25                                          0                              0              

ROW_SIZE_26                                          0                              0              

ROW_SIZE_27                                          0                              0              

ROW_SIZE_28                                          0                              0              

ROW_SIZE_29                                          0                              0              

ROW_SIZE_30                                          0                              0              

ROW_SIZE_31                                          0                              0              

RET_OP_EXEC_COUNT_0                                  0        0.000%                0        0.000%
RET_OP_EXEC_COUNT_1                           34193232      100.000%         34193232      100.000%
RET_OP_EXEC_COUNT_2                                  0        0.000%                0        0.000%
RET_OP_EXEC_COUNT_3                                  0        0.000%                0        0.000%
RET_OP_EXEC_COUNT_4                                  0        0.000%                0        0.000%
RET_OP_EXEC_COUNT_5                                  0        0.000%                0        0.000%
RET_OP_EXEC_COUNT_6                                  0        0.000%                0        0.000%
RET_OP_EXEC_COUNT_7                                  0        0.000%                0        0.000%
RET_OP_EXEC_COUNT_8                                  0        0.000%                0        0.000%
RET_OP_EXEC_COUNT_9                                  0        0.000%                0        0.000%
RET_OP_EXEC_COUNT_10                                 0        0.000%                0        0.000%
RET_OP_EXEC_COUNT_11                                 0        0.000%                0        0.000%
RET_OP_EXEC_COUNT_12                                 0        0.000%                0        0.000%
RET_OP_EXEC_COUNT_13                                 0        0.000%                0        0.000%
RET_OP_EXEC_COUNT_14                                 0        0.000%                0        0.000%
RET_OP_EXEC_COUNT_15                                 0        0.000%                0        0.000%
RET_OP_EXEC_COUNT_16                                 0        0.000%                0        0.000%
RET_OP_EXEC_COUNT_17                                 0        0.000%                0        0.000%
RET_OP_EXEC_COUNT_18                                 0        0.000%                0        0.000%
RET_OP_EXEC_COUNT_19                                 0        0.000%                0        0.000%
RET_OP_EXEC_COUNT_20                                 0        0.000%                0        0.000%
RET_OP_EXEC_COUNT_21                                 0        0.000%                0        0.000%
RET_OP_EXEC_COUNT_22                                 0        0.000%                0        0.000%
RET_OP_EXEC_COUNT_23                                 0        0.000%                0        0.000%
RET_OP_EXEC_COUNT_24                                 0        0.000%                0        0.000%
RET_OP_EXEC_COUNT_25                                 0        0.000%                0        0.000%
RET_OP_EXEC_COUNT_26                                 0        0.000%                0        0.000%
RET_OP_EXEC_COUNT_27                                 0        0.000%                0        0.000%
RET_OP_EXEC_COUNT_28                                 0        0.000%                0        0.000%
RET_OP_EXEC_COUNT_29                                 0        0.000%                0        0.000%
RET_OP_EXEC_COUNT_30                                 0        0.000%                0        0.000%
RET_OP_EXEC_COUNT_31                                 0        0.000%                0        0.000%
RET_OP_EXEC_COUNT_32                                 0        0.000%                0        0.000%
                                              34193232      100.000%         34193232      100.000%
                                                  1.00         0.00              1.00         0.00

RET_STALL_LENGTH_0                            34192050       99.997%         34192050       99.997%
RET_STALL_LENGTH_100                               447        0.001%              447        0.001%
RET_STALL_LENGTH_200                                94        0.000%               94        0.000%
RET_STALL_LENGTH_300                               131        0.000%              131        0.000%
RET_STALL_LENGTH_400                               309        0.001%              309        0.001%
RET_STALL_LENGTH_500                               125        0.000%              125        0.000%
RET_STALL_LENGTH_600                                29        0.000%               29        0.000%
RET_STALL_LENGTH_700                                 4        0.000%                4        0.000%
RET_STALL_LENGTH_800                                 1        0.000%                1        0.000%
RET_STALL_LENGTH_900                                 1        0.000%                1        0.000%
RET_STALL_LENGTH_1000                                0        0.000%                0        0.000%
RET_STALL_LENGTH_1100                                4        0.000%                4        0.000%
RET_STALL_LENGTH_1200                               27        0.000%               27        0.000%
RET_STALL_LENGTH_1300                                1        0.000%                1        0.000%
RET_STALL_LENGTH_1400                                0        0.000%                0        0.000%
RET_STALL_LENGTH_1500                                1        0.000%                1        0.000%
RET_STALL_LENGTH_1600                                2        0.000%                2        0.000%
RET_STALL_LENGTH_1700                                4        0.000%                4        0.000%
RET_STALL_LENGTH_1800                                2        0.000%                2        0.000%
RET_STALL_LENGTH_1900                                0        0.000%                0        0.000%
RET_STALL_LENGTH_2000                                0        0.000%                0        0.000%
RET_STALL_LENGTH_2100                                0        0.000%                0        0.000%
RET_STALL_LENGTH_2200                                0        0.000%                0        0.000%
RET_STALL_LENGTH_2300                                0        0.000%                0        0.000%
RET_STALL_LENGTH_2400                                0        0.000%                0        0.000%
RET_STALL_LENGTH_2500                                0        0.000%                0        0.000%
RET_STALL_LENGTH_2600                                0        0.000%                0        0.000%
RET_STALL_LENGTH_2700                                0        0.000%                0        0.000%
RET_STALL_LENGTH_2800                                0        0.000%                0        0.000%
RET_STALL_LENGTH_2900                                0        0.000%                0        0.000%
RET_STALL_LENGTH_3000                                0        0.000%                0        0.000%
RET_STALL_LENGTH_3100                                0        0.000%                0        0.000%
RET_STALL_LENGTH_3200                                0        0.000%                0        0.000%
RET_STALL_LENGTH_3300                                0        0.000%                0        0.000%
RET_STALL_LENGTH_3400                                0        0.000%                0        0.000%
RET_STALL_LENGTH_3500                                0        0.000%                0        0.000%
RET_STALL_LENGTH_3600                                0        0.000%                0        0.000%
RET_STALL_LENGTH_3700                                0        0.000%                0        0.000%
RET_STALL_LENGTH_3800                                0        0.000%                0        0.000%
RET_STALL_LENGTH_3900                                0        0.000%                0        0.000%
RET_STALL_LENGTH_4000                                0        0.000%                0        0.000%
RET_STALL_LENGTH_4100                                0        0.000%                0        0.000%
RET_STALL_LENGTH_4200                                0        0.000%                0        0.000%
RET_STALL_LENGTH_4300                                0        0.000%                0        0.000%
RET_STALL_LENGTH_4400                                0        0.000%                0        0.000%
RET_STALL_LENGTH_4500                                0        0.000%                0        0.000%
RET_STALL_LENGTH_4600                                0        0.000%                0        0.000%
RET_STALL_LENGTH_4700                                0        0.000%                0        0.000%
RET_STALL_LENGTH_4800                                0        0.000%                0        0.000%
RET_STALL_LENGTH_4900                                0        0.000%                0        0.000%
RET_STALL_LENGTH_5000                                0        0.000%                0        0.000%
                                              34193232      100.000%         34193232      100.000%
                                                  0.00         0.02              0.00         0.02

MEM_BLOCK_LENGTH_0                                  21       26.582%               21       26.582%
MEM_BLOCK_LENGTH_100                                21       26.582%               21       26.582%
MEM_BLOCK_LENGTH_200                                21       26.582%               21       26.582%
MEM_BLOCK_LENGTH_300                                10       12.658%               10       12.658%
MEM_BLOCK_LENGTH_400                                 2        2.532%                2        2.532%
MEM_BLOCK_LENGTH_500                                 1        1.266%                1        1.266%
MEM_BLOCK_LENGTH_600                                 1        1.266%                1        1.266%
MEM_BLOCK_LENGTH_700                                 1        1.266%                1        1.266%
MEM_BLOCK_LENGTH_800                                 1        1.266%                1        1.266%
MEM_BLOCK_LENGTH_900                                 0        0.000%                0        0.000%
MEM_BLOCK_LENGTH_1000                                0        0.000%                0        0.000%
MEM_BLOCK_LENGTH_1100                                0        0.000%                0        0.000%
MEM_BLOCK_LENGTH_1200                                0        0.000%                0        0.000%
MEM_BLOCK_LENGTH_1300                                0        0.000%                0        0.000%
MEM_BLOCK_LENGTH_1400                                0        0.000%                0        0.000%
MEM_BLOCK_LENGTH_1500                                0        0.000%                0        0.000%
MEM_BLOCK_LENGTH_1600                                0        0.000%                0        0.000%
MEM_BLOCK_LENGTH_1700                                0        0.000%                0        0.000%
MEM_BLOCK_LENGTH_1800                                0        0.000%                0        0.000%
MEM_BLOCK_LENGTH_1900                                0        0.000%                0        0.000%
MEM_BLOCK_LENGTH_2000                                0        0.000%                0        0.000%
MEM_BLOCK_LENGTH_2100                                0        0.000%                0        0.000%
MEM_BLOCK_LENGTH_2200                                0        0.000%                0        0.000%
MEM_BLOCK_LENGTH_2300                                0        0.000%                0        0.000%
MEM_BLOCK_LENGTH_2400                                0        0.000%                0        0.000%
MEM_BLOCK_LENGTH_2500                                0        0.000%                0        0.000%
MEM_BLOCK_LENGTH_2600                                0        0.000%                0        0.000%
MEM_BLOCK_LENGTH_2700                                0        0.000%                0        0.000%
MEM_BLOCK_LENGTH_2800                                0        0.000%                0        0.000%
MEM_BLOCK_LENGTH_2900                                0        0.000%                0        0.000%
MEM_BLOCK_LENGTH_3000                                0        0.000%                0        0.000%
MEM_BLOCK_LENGTH_3100                                0        0.000%                0        0.000%
MEM_BLOCK_LENGTH_3200                                0        0.000%                0        0.000%
MEM_BLOCK_LENGTH_3300                                0        0.000%                0        0.000%
MEM_BLOCK_LENGTH_3400                                0        0.000%                0        0.000%
MEM_BLOCK_LENGTH_3500                                0        0.000%                0        0.000%
MEM_BLOCK_LENGTH_3600                                0        0.000%                0        0.000%
MEM_BLOCK_LENGTH_3700                                0        0.000%                0        0.000%
MEM_BLOCK_LENGTH_3800                                0        0.000%                0        0.000%
MEM_BLOCK_LENGTH_3900                                0        0.000%                0        0.000%
MEM_BLOCK_LENGTH_4000                                0        0.000%                0        0.000%
MEM_BLOCK_LENGTH_4100                                0        0.000%                0        0.000%
MEM_BLOCK_LENGTH_4200                                0        0.000%                0        0.000%
MEM_BLOCK_LENGTH_4300                                0        0.000%                0        0.000%
MEM_BLOCK_LENGTH_4400                                0        0.000%                0        0.000%
MEM_BLOCK_LENGTH_4500                                0        0.000%                0        0.000%
MEM_BLOCK_LENGTH_4600                                0        0.000%                0        0.000%
MEM_BLOCK_LENGTH_4700                                0        0.000%                0        0.000%
MEM_BLOCK_LENGTH_4800                                0        0.000%                0        0.000%
MEM_BLOCK_LENGTH_4900                                0        0.000%                0        0.000%
MEM_BLOCK_LENGTH_5000                                0        0.000%                0        0.000%
                                                    79      100.000%               79      100.000%
                                                  1.61         1.35              1.61         1.35

FUS_BUSY_ON_PATH                              35366056        3.8365         35366056        3.8365

FUS_BUSY_OFF_PATH                               193565        0.0210           193565        0.0210

FU_BUSY_MEM_STALL                               520706        0.0565           520706        0.0565

FUS_EMPTY                                     56622859        6.1425         56622859        6.1425

FU_UNAVAILABLE                                  521769        0.0566           521769        0.0566

FU_MEM_UNAVAILABLE                              308559        0.0335           308559        0.0335

FU_OTHER_UNAVAILABLE                                 0        0.0000                0        0.0000

FU_REPLAY                                            0        0.0000                0        0.0000

FU_STARVED                                    56606319        6.1407         56606319        6.1407

CHIP_UTILIZATION                                     0        0.0000                0        0.0000

CYCLES_UNDER_MEM_REQ                                 0                              0              

CYCLES_UNDER_NO_MEM_REQ                              0                              0              

CYCLES_UNDER_CRITICAL_MEM_REQ                        0                              0              

CYCLES_UNDER_NONCRITICAL_MEM_REQ                     0                              0              

CHIP_UTILIZATION_UNDER_MEM_REQ                       0          -nan                0          -nan

CHIP_UTILIZATION_UNDER_NO_MEM_REQ                    0          -nan                0          -nan

CHIP_UTILIZATION_UNDER_CRITICAL_MEM_REQ              0          -nan                0          -nan

CHIP_UTILIZATION_UNDER_NONCRITICAL_MEM_REQ             0          -nan                0          -nan

CYCLES_NOT_WAITING_FOR_OFF_CHIP                      0        0.0000                0        0.0000

FUS_BUSY_NOT_WAITING_FOR_OFF_CHIP                    0          -nan                0          -nan

CYCLES_WAITING_FOR_OFF_CHIP                          0        0.0000                0        0.0000

FUS_BUSY_WAITING_FOR_OFF_CHIP                        0          -nan                0          -nan

TOTAL_OFF_CHIP_DELAYS_LEFT                           0                              0              

WRONG_IO_SCHED                                       0                              0              

DVFS_CONFIG_SWITCH                                   0                              0              

MAP_STAGE_RECEIVED_OPS_0                             0        0.000%                0        0.000%
MAP_STAGE_RECEIVED_OPS_1                          1386        0.024%             1386        0.024%
MAP_STAGE_RECEIVED_OPS_2                          2286        0.040%             2286        0.040%
MAP_STAGE_RECEIVED_OPS_3                          2880        0.051%             2880        0.051%
MAP_STAGE_RECEIVED_OPS_4                          3392        0.059%             3392        0.059%
MAP_STAGE_RECEIVED_OPS_5                          1652        0.029%             1652        0.029%
MAP_STAGE_RECEIVED_OPS_6                       5691369       99.797%          5691369       99.797%
MAP_STAGE_RECEIVED_OPS_7                             0        0.000%                0        0.000%
MAP_STAGE_RECEIVED_OPS_8                             0        0.000%                0        0.000%
MAP_STAGE_RECEIVED_OPS_MAX                           0        0.000%                0        0.000%
                                               5702965      100.000%          5702965      100.000%
                                                  5.99         0.14              5.99         0.14

MAP_STAGE_WAIT_FOR_DECODE                            0         -nan%                0         -nan%
MAP_STAGE_CONSUME_DECODE                             0         -nan%                0         -nan%
                                                     0         -nan%                0         -nan%
                                                  -nan         -nan              -nan         -nan

MAP_STAGE_WAIT_FOR_DECODE2                           0         -nan%                0         -nan%
MAP_STAGE_CONSUME_DECODE2                            0         -nan%                0         -nan%
                                                     0         -nan%                0         -nan%
                                                  -nan         -nan              -nan         -nan

FTQ_RECOVER_EXEC                                  3655                           3655              

FTQ_RECOVER_DECODE                                 451                            451              

FTQ_OFFPATH_CYCLES                              524589                         524589              

FTQ_CYCLES_OFFPATH                              524589                         524589              

FTQ_CYCLES_ONPATH                              8693659                        8693659              

FTQ_FETCHED_INS_ONPATH                        34192702                       34192702              

FTQ_FETCHED_INS_OFFPATH                        3353232                        3353232              

FTQ_BREAK_FULL_FT_ONPATH                       8429964                        8429964              

FTQ_BREAK_FULL_FT_OFFPATH                       321116                         321116              

FTQ_BREAK_PRED_BR_ONPATH                             0                              0              

FTQ_BREAK_PRED_BR_OFFPATH                            0                              0              

FTQ_BREAK_BAR_FETCH_ONPATH                           0                              0              

FTQ_BREAK_BAR_FETCH_OFFPATH                          0                              0              

FTQ_BREAK_MAX_CFS_TAKEN_ONPATH                       0                              0              

FTQ_BREAK_MAX_CFS_TAKEN_OFFPATH                      0                              0              

FTQ_BREAK_MAX_FT_ONPATH                         263502                         263502              

FTQ_BREAK_MAX_FT_OFFPATH                        203473                         203473              

DFE_GEN_ON_PATH_FT                             3661708                        3661708              

DFE_GEN_OFF_PATH_FT                             282568                         282568              

DFE_L0_ENABLED_PREDICTIONS                    34193232                       34193232              

DFE_L0_WRONG_MAIN_CORRECT                        59091                          59091              

DFE_L0_WRONG_MAIN_WRONG                           3581                           3581              

DFE_L0_CORRECT_MAIN_WRONG                          525                            525              

DFE_L0_CORRECT_MAIN_CORRECT                   34130035                       34130035              

DFE_L0_WRONG_MAIN_CORRECT_RECOVERY_SCHEDULED             0                              0              

FTQ_SAW_BAR_FETCH_OFFPATH                          450                            450              

FTQ_SAW_BAR_FETCH_ONPATH                           668                            668              

DFE_CONF_0_RECOVER_AT_EXEC                           0         -nan%                0         -nan%
DFE_CONF_1_RECOVER_AT_EXEC                           0         -nan%                0         -nan%
DFE_CONF_2_RECOVER_AT_EXEC                           0         -nan%                0         -nan%
DFE_CONF_3_RECOVER_AT_EXEC                           0         -nan%                0         -nan%
DFE_CONF_0_CORRECT                                   0         -nan%                0         -nan%
DFE_CONF_1_CORRECT                                   0         -nan%                0         -nan%
DFE_CONF_2_CORRECT                                   0         -nan%                0         -nan%
DFE_CONF_3_CORRECT                                   0         -nan%                0         -nan%
                                                     0         -nan%                0         -nan%
                                                  -nan         -nan              -nan         -nan

DFE_ON_CONF_ON_OPS                                   0         -nan%                0         -nan%
DFE_ON_CONF_OFF_OPS                                  0         -nan%                0         -nan%
DFE_OFF_CONF_ON_OPS                                  0         -nan%                0         -nan%
DFE_OFF_CONF_OFF_REALISTIC_OPS                       0         -nan%                0         -nan%
DFE_OFF_CONF_OFF_PERFECT_OPS                         0         -nan%                0         -nan%
                                                     0         -nan%                0         -nan%
                                                  -nan         -nan              -nan         -nan

DFE_ON_CONF_ON_FETCH_TARGETS                         0         -nan%                0         -nan%
DFE_ON_CONF_OFF_FETCH_TARGETS                        0         -nan%                0         -nan%
DFE_OFF_CONF_ON_FETCH_TARGETS                        0         -nan%                0         -nan%
DFE_OFF_CONF_OFF_REALISTIC_FETCH_TARGETS             0         -nan%                0         -nan%
DFE_OFF_CONF_OFF_PERFECT_FETCH_TARGETS               0         -nan%                0         -nan%
                                                     0         -nan%                0         -nan%
                                                  -nan         -nan              -nan         -nan

DFE_ON_CONF_ON_CYCLES                                0         -nan%                0         -nan%
DFE_ON_CONF_OFF_CYCLES                               0         -nan%                0         -nan%
DFE_OFF_CONF_ON_CYCLES                               0         -nan%                0         -nan%
DFE_OFF_CONF_OFF_REALISTIC_CYCLES                    0         -nan%                0         -nan%
DFE_OFF_CONF_OFF_PERFECT_CYCLES                      0         -nan%                0         -nan%
                                                     0         -nan%                0         -nan%
                                                  -nan         -nan              -nan         -nan

DFE_OFF_CONF_ON_NUM_EVENTS                           0                              0              

DFE_OFF_CONF_ON_NOT_IDENTIFIED_EVENTS                0         -nan%                0         -nan%
DFE_OFF_CONF_ON_IBTB_MISS_EVENTS                     0         -nan%                0         -nan%
DFE_OFF_CONF_ON_BTB_MISS_EVENTS                      0         -nan%                0         -nan%
DFE_OFF_CONF_ON_BTB_MISS_RECOVER_AT_EXEC_EVENTS             0         -nan%                0         -nan%
DFE_OFF_CONF_ON_RECOVER_AT_EXEC_EVENTS               0         -nan%                0         -nan%
DFE_OFF_CONF_ON_RECOVER_AT_DECODE_EVENTS             0         -nan%                0         -nan%
                                                     0         -nan%                0         -nan%
                                                  -nan         -nan              -nan         -nan

DFE_OFF_CONF_ON_LATE_BTB_HIT_EVENTS                  0                              0              

DFE_OFF_CONF_ON_NOT_IDENTIFIED_CYCLES                0         -nan%                0         -nan%
DFE_OFF_CONF_ON_IBTB_MISS_CYCLES                     0         -nan%                0         -nan%
DFE_OFF_CONF_ON_BTB_MISS_CYCLES                      0         -nan%                0         -nan%
DFE_OFF_CONF_ON_BTB_MISS_RECOVER_AT_EXEC_CYCLES             0         -nan%                0         -nan%
DFE_OFF_CONF_ON_RECOVER_AT_EXEC_CYCLES               0         -nan%                0         -nan%
DFE_OFF_CONF_ON_RECOVER_AT_DECODE_CYCLES             0         -nan%                0         -nan%
                                                     0         -nan%                0         -nan%
                                                  -nan         -nan              -nan         -nan

DFE_OFF_CONF_ON_LATE_BTB_HIT_CYCLES                  0                              0              

DFE_OFF_CONF_ON_NOT_IDENTIFIED_FETCH_TARGETS             0         -nan%                0         -nan%
DFE_OFF_CONF_ON_IBTB_MISS_FETCH_TARGETS              0         -nan%                0         -nan%
DFE_OFF_CONF_ON_BTB_MISS_FETCH_TARGETS               0         -nan%                0         -nan%
DFE_OFF_CONF_ON_BTB_MISS_RECOVER_AT_EXEC_FETCH_TARGETS             0         -nan%                0         -nan%
DFE_OFF_CONF_ON_RECOVER_AT_EXEC_FETCH_TARGETS             0         -nan%                0         -nan%
DFE_OFF_CONF_ON_RECOVER_AT_DECODE_FETCH_TARGETS             0         -nan%                0         -nan%
                                                     0         -nan%                0         -nan%
                                                  -nan         -nan              -nan         -nan

DFE_OFF_CONF_ON_LATE_BTB_HIT_FETCH_TARGETS             0                              0              

DFE_OFF_CONF_ON_BP_INCORRECT_0_CONF                  0         -nan%                0         -nan%
DFE_OFF_CONF_ON_BP_INCORRECT_1_CONF                  0         -nan%                0         -nan%
DFE_OFF_CONF_ON_BP_INCORRECT_2_CONF                  0         -nan%                0         -nan%
DFE_OFF_CONF_ON_BP_INCORRECT_3_CONF                  0         -nan%                0         -nan%
                                                     0         -nan%                0         -nan%
                                                  -nan         -nan              -nan         -nan

DFE_OFF_CONF_ON_BTB_MISS_CBR_0_CONF                  0         -nan%                0         -nan%
DFE_OFF_CONF_ON_BTB_MISS_CBR_1_CONF                  0         -nan%                0         -nan%
DFE_OFF_CONF_ON_BTB_MISS_CBR_2_CONF                  0         -nan%                0         -nan%
DFE_OFF_CONF_ON_BTB_MISS_CBR_3_CONF                  0         -nan%                0         -nan%
                                                     0         -nan%                0         -nan%
                                                  -nan         -nan              -nan         -nan

DFE_OFF_CONF_ON_BTB_MISS_NOT_CF                      0         -nan%                0         -nan%
DFE_OFF_CONF_ON_BTB_MISS_CF_BR                       0         -nan%                0         -nan%
DFE_OFF_CONF_ON_BTB_MISS_CF_CBR                      0         -nan%                0         -nan%
DFE_OFF_CONF_ON_BTB_MISS_CF_CALL                     0         -nan%                0         -nan%
DFE_OFF_CONF_ON_BTB_MISS_CF_IBR                      0         -nan%                0         -nan%
DFE_OFF_CONF_ON_BTB_MISS_CF_ICALL                    0         -nan%                0         -nan%
DFE_OFF_CONF_ON_BTB_MISS_CF_ICO                      0         -nan%                0         -nan%
DFE_OFF_CONF_ON_BTB_MISS_CF_RET                      0         -nan%                0         -nan%
DFE_OFF_CONF_ON_BTB_MISS_CF_SYS                      0         -nan%                0         -nan%
                                                     0         -nan%                0         -nan%
                                                  -nan         -nan              -nan         -nan

DFE_ON_CONF_OFF_NUM_EVENTS                           0                              0              

CONF_BTB_NUM_CYCLES_OFF_PATH_EVENT                   0                              0              

DFE_ON_CONF_OFF_IBTB_MISS_BP_TAKEN                   0         -nan%                0         -nan%
DFE_ON_CONF_OFF_BTB_MISS_BP_TAKEN_CONF_0             0         -nan%                0         -nan%
DFE_ON_CONF_OFF_BTB_MISS_BP_TAKEN_CONF_1             0         -nan%                0         -nan%
DFE_ON_CONF_OFF_BTB_MISS_BP_TAKEN_CONF_2             0         -nan%                0         -nan%
DFE_ON_CONF_OFF_BTB_MISS_BP_TAKEN_CONF_3             0         -nan%                0         -nan%
DFE_ON_CONF_OFF_BTB_MISS_RATE                        0         -nan%                0         -nan%
DFE_ON_CONF_OFF_IBTB_MISS_RATE                       0         -nan%                0         -nan%
DFE_ON_CONF_OFF_RECOVER_AT_DECODE_RATE               0         -nan%                0         -nan%
DFE_ON_CONF_OFF_RECOVER_AT_EXEC_RATE                 0         -nan%                0         -nan%
DFE_ON_CONF_OFF_INV_CONF_INC                         0         -nan%                0         -nan%
DFE_ON_CONF_OFF_PERFECT_CONF                         0         -nan%                0         -nan%
                                                     0         -nan%                0         -nan%
                                                  -nan         -nan              -nan         -nan

DFE_ON_CONF_OFF_IBTB_MISS_BP_TAKEN_CYCLES             0         -nan%                0         -nan%
DFE_ON_CONF_OFF_BTB_MISS_BP_TAKEN_CONF_0_CYCLES             0         -nan%                0         -nan%
DFE_ON_CONF_OFF_BTB_MISS_BP_TAKEN_CONF_1_CYCLES             0         -nan%                0         -nan%
DFE_ON_CONF_OFF_BTB_MISS_BP_TAKEN_CONF_2_CYCLES             0         -nan%                0         -nan%
DFE_ON_CONF_OFF_BTB_MISS_BP_TAKEN_CONF_3_CYCLES             0         -nan%                0         -nan%
DFE_ON_CONF_OFF_BTB_MISS_RATE_CYCLES                 0         -nan%                0         -nan%
DFE_ON_CONF_OFF_IBTB_MISS_RATE_CYCLES                0         -nan%                0         -nan%
DFE_ON_CONF_OFF_RECOVER_AT_DECODE_RATE_CYCLES             0         -nan%                0         -nan%
DFE_ON_CONF_OFF_RECOVER_AT_EXEC_RATE_CYCLES             0         -nan%                0         -nan%
DFE_ON_CONF_OFF_INV_CONF_INC_CYCLES                  0         -nan%                0         -nan%
DFE_ON_CONF_OFF_PERFECT_CONF_CYCLES                  0         -nan%                0         -nan%
                                                     0         -nan%                0         -nan%
                                                  -nan         -nan              -nan         -nan

DFE_ON_CONF_OFF_IBTB_MISS_BP_TAKEN_FETCH_TARGETS             0         -nan%                0         -nan%
DFE_ON_CONF_OFF_BTB_MISS_BP_TAKEN_CONF_0_FETCH_TARGETS             0         -nan%                0         -nan%
DFE_ON_CONF_OFF_BTB_MISS_BP_TAKEN_CONF_1_FETCH_TARGETS             0         -nan%                0         -nan%
DFE_ON_CONF_OFF_BTB_MISS_BP_TAKEN_CONF_2_FETCH_TARGETS             0         -nan%                0         -nan%
DFE_ON_CONF_OFF_BTB_MISS_BP_TAKEN_CONF_3_FETCH_TARGETS             0         -nan%                0         -nan%
DFE_ON_CONF_OFF_BTB_MISS_RATE_FETCH_TARGETS             0         -nan%                0         -nan%
DFE_ON_CONF_OFF_IBTB_MISS_RATE_FETCH_TARGETS             0         -nan%                0         -nan%
DFE_ON_CONF_OFF_RECOVER_AT_DECODE_RATE_FETCH_TARGETS             0         -nan%                0         -nan%
DFE_ON_CONF_OFF_RECOVER_AT_EXEC_RATE_FETCH_TARGETS             0         -nan%                0         -nan%
DFE_ON_CONF_OFF_INV_CONF_INC_FETCH_TARGETS             0         -nan%                0         -nan%
DFE_ON_CONF_OFF_PERFECT_CONF_FETCH_TARGETS             0         -nan%                0         -nan%
                                                     0         -nan%                0         -nan%
                                                  -nan         -nan              -nan         -nan

CONF_OFF_IBTB_MISS_BP_TAKEN                          0         -nan%                0         -nan%
CONF_OFF_BTB_MISS_BP_TAKEN_CONF_0                    0         -nan%                0         -nan%
CONF_OFF_BTB_MISS_BP_TAKEN_CONF_1                    0         -nan%                0         -nan%
CONF_OFF_BTB_MISS_BP_TAKEN_CONF_2                    0         -nan%                0         -nan%
CONF_OFF_BTB_MISS_BP_TAKEN_CONF_3                    0         -nan%                0         -nan%
CONF_OFF_BTB_MISS_RATE                               0         -nan%                0         -nan%
CONF_OFF_IBTB_MISS_RATE                              0         -nan%                0         -nan%
CONF_OFF_RECOVER_AT_DECODE_RATE                      0         -nan%                0         -nan%
CONF_OFF_RECOVER_AT_EXEC_RATE                        0         -nan%                0         -nan%
CONF_OFF_INV_CONF_INC                                0         -nan%                0         -nan%
CONF_OFF_PERFECT_CONF                                0         -nan%                0         -nan%
                                                     0         -nan%                0         -nan%
                                                  -nan         -nan              -nan         -nan

TOPDOWN_TOTAL_SLOTS                           55309488                       55309488              

TOPDOWN_ISSUED_SLOTS                          34710404                       34710404              

TOPDOWN_RETIRED_SLOTS                         34193232                       34193232              

TOPDOWN_FETCH_BUBBLES_SLOTS                     472437                         472437              

TOPDOWN_RECOVERY_BUBBLES_SLOTS                   88517                          88517              

TOPDOWN_MEM_LOAD_STALLS_CYCLES                 3332332                        3332332              

TOPDOWN_MEM_STORE_STALLS_CYCLES                     46                             46              

TOPDOWN_EXEC_STALLS_CYCLES                     2470408                        2470408              

TOPDOWN_BACKEND_STALLS_CYCLES                  3332978                        3332978              

TOPDOWN_FETCH_BUBBLES_GT_MIW_CYCLES              72476                          72476              

TOPDOWN_BR_RECOVER_AT_EXEC_RETIRED_CYCLES          3655                           3655              

TOPDOWN_MACHINE_CLEAR_CYCLES                     63197                          63197              

TOPDOWN_FRONTEND_BOUND                              85                             85              

TOPDOWN_BACKEND_BOUND                             3624                           3624              

TOPDOWN_BAD_SPEC_BOUND                             109                            109              

TOPDOWN_RETIRING_BOUND                            6182                           6182              

TOPDOWN_FETCH_LATENCY_BOUND                         78                             78              

TOPDOWN_FETCH_BANDWIDTH_BOUND                        7                              7              

TOPDOWN_MEM_BOUND                                 3623                           3623              

TOPDOWN_CORE_BOUND                                   1                              1              

TOPDOWN_BR_RECOVER_AT_EXEC_BOUND                     5                              5              

TOPDOWN_MACHINE_CLEARS_BOUND                       104                            104              

H2P_SEEN_MAIN                                        0                              0              



