/* -*- Mode: c -*- */
####################################################################################################
Core 0
####################################################################################################
Cumulative:        Cycles: 22795435              Instructions: 89999999              IPC: 3.94816

Periodic:          Cycles: 22795435              Instructions: 89999999              IPC: 3.94816

MISS_WAIT_TIME                               952270113                      952270113              

ICACHE_STAGE_MISS                                  661                            661              

ICACHE_CYCLE                                  22795435                       22795435              

TCACHE_CYCLE                                         0                              0              

ICACHE_SERVING_CYCLE_ON_PATH                   2177124                        2177124              

ICACHE_SERVING_CYCLE_OFF_PATH                   122988                         122988              

UCACHE_SERVING_CYCLE_ON_PATH                  18732121                       18732121              

UCACHE_SERVING_CYCLE_OFF_PATH                   438264                         438264              

ICACHE_CYCLE_ONPATH                           21444278       94.073%         21444278       94.073%
ICACHE_CYCLE_OFFPATH                           1351157        5.927%          1351157        5.927%
                                              22795435      100.000%         22795435      100.000%
                                                  0.06         0.23              0.06         0.23

FETCH_ON_PATH                                 22223808       97.492%         22223808       97.492%
FETCH_OFF_PATH                                  571627        2.508%           571627        2.508%
                                              22795435      100.000%         22795435      100.000%
                                                  0.03         0.15              0.03         0.15

FETCHED_OPS_ON_PATH                                  0         -nan%                0         -nan%
FETCHED_OPS_OFF_PATH                                 0         -nan%                0         -nan%
                                                     0         -nan%                0         -nan%
                                                  -nan         -nan              -nan         -nan

INST_LOST_FETCH                              104899005       58.357%        104899005       58.357%
INST_LOST_OFF_PATH                             4362750        2.427%          4362750        2.427%
INST_LOST_FULL_WINDOW                          6532608        3.634%          6532608        3.634%
INST_LOST_ROB_STALL_OTHER                      7099256        3.949%          7099256        3.949%
INST_LOST_ROB_STALL_WAIT_FOR_RECOVERY                0        0.000%                0        0.000%
INST_LOST_ROB_STALL_WAIT_FOR_REDIRECT                0        0.000%                0        0.000%
INST_LOST_ROB_STALL_WAIT_FOR_GAP_FILL                0        0.000%                0        0.000%
INST_LOST_ROB_STALL_WAIT_FOR_L1_MISS                 0        0.000%                0        0.000%
INST_LOST_ROB_STALL_WAIT_FOR_MEMORY                250        0.000%              250        0.000%
INST_LOST_ROB_STALL_WAIT_FOR_DC_MISS          19873458       11.056%         19873458       11.056%
INST_LOST_ROB_BLOCK_ISSUE_FULL                       0        0.000%                0        0.000%
INST_LOST_ROB_BLOCK_ISSUE_GAP_TOO_LARGE              0        0.000%                0        0.000%
INST_LOST_BREAK_DONT                                 0        0.000%                0        0.000%
INST_LOST_BREAK_FT_UNAVAILABLE                 7607207        4.232%          7607207        4.232%
INST_LOST_BREAK_ICACHE_STAGE_RESTEER           1507069        0.838%          1507069        0.838%
INST_LOST_BREAK_ICACHE_MISS_REQ_SUCCESS           2689        0.001%             2689        0.001%
INST_LOST_BREAK_ICACHE_MISS_REQ_FAILURE             66        0.000%               66        0.000%
INST_LOST_BREAK_ICACHE_WAIT_FOR_MISS            278463        0.155%           278463        0.155%
INST_LOST_BREAK_ICACHE_STALLED                   65571        0.036%            65571        0.036%
INST_LOST_BREAK_ICACHE_TO_UOP_CACHE_SWITCH       1319089        0.734%          1319089        0.734%
INST_LOST_BREAK_ICACHE_READ_LIMIT               892649        0.497%           892649        0.497%
INST_LOST_BREAK_ICACHE_ISSUE_WIDTH                   0        0.000%                0        0.000%
INST_LOST_BREAK_UOP_CACHE_STALLED              4879518        2.715%          4879518        2.715%
INST_LOST_BREAK_UOP_CACHE_TO_ICACHE_SWITCH       1628024        0.906%          1628024        0.906%
INST_LOST_BREAK_UOP_CACHE_READ_LIMIT          18806114       10.462%         18806114       10.462%
INST_LOST_BREAK_UOP_CACHE_ISSUE_WIDTH                0        0.000%                0        0.000%
                                             179753786      100.000%        179753786      100.000%
                                                  5.47         7.37              5.47         7.37

INST_LOST_TOTAL                              175112922                      175112922              

INST_LOST_WAIT_FOR_ICACHE_MISS_NOT_PREFETCHED         75048       32.781%            75048       32.781%
INST_LOST_WAIT_FOR_ICACHE_MISS_PREFETCHED_AND_EVICTED_BY_IFETCH             0        0.000%                0        0.000%
INST_LOST_WAIT_FOR_ICACHE_MISS_PREFETCHED_AND_EVICTED_BY_FDIP             0        0.000%                0        0.000%
INST_LOST_WAIT_FOR_ICACHE_MISS_MSHR_HIT_PREF_OFFPATH           714        0.312%              714        0.312%
INST_LOST_WAIT_FOR_ICACHE_MISS_MSHR_HIT_PREF_ONPATH        153174       66.907%           153174       66.907%
                                                228936      100.000%           228936      100.000%
                                                  2.69         2.45              2.69         2.45

FETCH_0_OPS                                    1324915        5.812%          1324915        5.812%
FETCH_1_OPS                                    1422816        6.242%          1422816        6.242%
FETCH_2_OPS                                     939147        4.120%           939147        4.120%
FETCH_3_OPS                                    1033474        4.534%          1033474        4.534%
FETCH_4_OPS                                    1162134        5.098%          1162134        5.098%
FETCH_5_OPS                                     913961        4.009%           913961        4.009%
FETCH_6_OPS                                    2134437        9.363%          2134437        9.363%
FETCH_7_OPS                                    1216440        5.336%          1216440        5.336%
FETCH_8_OPS                                   12648111       55.485%         12648111       55.485%
FETCH_9_OPS                                          0        0.000%                0        0.000%
FETCH_10_OPS                                         0        0.000%                0        0.000%
FETCH_11_OPS                                         0        0.000%                0        0.000%
FETCH_12_OPS                                         0        0.000%                0        0.000%
FETCH_13_OPS                                         0        0.000%                0        0.000%
FETCH_14_OPS                                         0        0.000%                0        0.000%
FETCH_15_OPS                                         0        0.000%                0        0.000%
FETCH_16_OPS                                         0        0.000%                0        0.000%
                                              22795435      100.000%         22795435      100.000%
                                                  6.06         2.26              6.06         2.26

ST_BREAK_DONT                                        0        0.000%                0        0.000%
ST_BREAK_FT_UNAVAILABLE                        1267871        5.562%          1267871        5.562%
ST_BREAK_ICACHE_STAGE_RESTEER                   374892        1.645%           374892        1.645%
ST_BREAK_ICACHE_MISS_REQ_SUCCESS                   661        0.003%              661        0.003%
ST_BREAK_ICACHE_MISS_REQ_FAILURE                    11        0.000%               11        0.000%
ST_BREAK_ICACHE_WAIT_FOR_MISS                    46419        0.204%            46419        0.204%
ST_BREAK_ICACHE_STALLED                          12239        0.054%            12239        0.054%
ST_BREAK_ICACHE_TO_UOP_CACHE_SWITCH             372229        1.633%           372229        1.633%
ST_BREAK_ICACHE_READ_LIMIT                      333148        1.461%           333148        1.461%
ST_BREAK_ICACHE_ISSUE_WIDTH                    1353155        5.936%          1353155        5.936%
ST_BREAK_UOP_CACHE_STALLED                     4217163       18.500%          4217163       18.500%
ST_BREAK_UOP_CACHE_TO_ICACHE_SWITCH             396360        1.739%           396360        1.739%
ST_BREAK_UOP_CACHE_READ_LIMIT                  5053247       22.168%          5053247       22.168%
ST_BREAK_UOP_CACHE_ISSUE_WIDTH                 9368040       41.096%          9368040       41.096%
                                              22795435      100.000%         22795435      100.000%
                                                 10.91         7.65             10.91         7.65

ORACLE_ON_PATH_INST                          104899005       96.007%        104899005       96.007%
ORACLE_OFF_PATH_INST                           4362750        3.993%          4362750        3.993%
                                             109261755      100.000%        109261755      100.000%
                                                  0.04         0.19              0.04         0.19

ORACLE_ON_PATH_INST_MEM                       29876406       27.344%         29876406       27.344%
ORACLE_ON_PATH_INST_NOTMEM                    75022599       68.663%         75022599       68.663%
ORACLE_OFF_PATH_INST_MEM                       1033258        0.946%          1033258        0.946%
ORACLE_OFF_PATH_INST_NOTMEM                    3329492        3.047%          3329492        3.047%
                                             109261755      100.000%        109261755      100.000%
                                                  0.80         0.46              0.80         0.46

ICACHE_CYCLE_NONRA_ONPATH                            0         -nan%                0         -nan%
ICACHE_CYCLE_NONRA_OFFPATH                           0         -nan%                0         -nan%
ICACHE_CYCLE_RA_ONPATH                               0         -nan%                0         -nan%
ICACHE_CYCLE_RA_OFFPATH                              0         -nan%                0         -nan%
                                                     0         -nan%                0         -nan%
                                                  -nan         -nan              -nan         -nan

ICACHE_CYCLE_ONPATH_NONRA                            0         -nan%                0         -nan%
ICACHE_CYCLE_OFFPATH_NONRA                           0         -nan%                0         -nan%
                                                     0         -nan%                0         -nan%
                                                  -nan         -nan              -nan         -nan

ICACHE_CYCLE_ONPATH_RA                               0         -nan%                0         -nan%
ICACHE_CYCLE_OFFPATH_RA                              0         -nan%                0         -nan%
                                                     0         -nan%                0         -nan%
                                                  -nan         -nan              -nan         -nan

INACCURATE_OFFPATH_CYCLES                            0        0.0000                0        0.0000

FETCH_ALL_INST                               109261755                      109261755              

EXEC_ALL_INST                                100721854                      100721854              

RET_ALL_INST                                 104899005                      104899005              

EXEC_ON_PATH_INST                            100297559       99.579%        100297559       99.579%
EXEC_OFF_PATH_INST                              424295        0.421%           424295        0.421%
                                             100721854      100.000%        100721854      100.000%
                                                  0.00         0.06              0.00         0.06

EXEC_ON_PATH_INST_MEM                         25274960       25.094%         25274960       25.094%
EXEC_ON_PATH_INST_NOTMEM                      75022599       74.485%         75022599       74.485%
EXEC_OFF_PATH_INST_MEM                          147197        0.146%           147197        0.146%
EXEC_OFF_PATH_INST_NOTMEM                       277098        0.275%           277098        0.275%
                                             100721854      100.000%        100721854      100.000%
                                                  0.76         0.25              0.76         0.25

EXEC_RA_INST                                         0         -nan%                0         -nan%
EXEC_NONRA_INST                                      0         -nan%                0         -nan%
                                                     0         -nan%                0         -nan%
                                                  -nan         -nan              -nan         -nan

EXEC_ON_PATH_INST_RA                                 0         -nan%                0         -nan%
EXEC_OFF_PATH_INST_RA                                0         -nan%                0         -nan%
                                                     0         -nan%                0         -nan%
                                                  -nan         -nan              -nan         -nan

EXEC_ON_PATH_INST_NONRA                              0         -nan%                0         -nan%
EXEC_OFF_PATH_INST_NONRA                             0         -nan%                0         -nan%
                                                     0         -nan%                0         -nan%
                                                  -nan         -nan              -nan         -nan

EXEC_RA_ON_PATH_INST                                 0         -nan%                0         -nan%
EXEC_RA_OFF_PATH_INST                                0         -nan%                0         -nan%
EXEC_NONRA_ON_PATH_INST                              0         -nan%                0         -nan%
EXEC_NONRA_OFF_PATH_INST                             0         -nan%                0         -nan%
                                                     0         -nan%                0         -nan%
                                                  -nan         -nan              -nan         -nan

ICACHE_THROTTLE_CYCLE                                0                              0              

FETCH_ENABLE_THROTTLE_OFF_PATH                       0         -nan%                0         -nan%
FETCH_ENABLE_THROTTLE_ON_PATH                        0         -nan%                0         -nan%
                                                     0         -nan%                0         -nan%
                                                  -nan         -nan              -nan         -nan

FETCH_DISABLE_THROTTLE_OFF_PATH                      0         -nan%                0         -nan%
FETCH_DISABLE_THROTTLE_ON_PATH                       0         -nan%                0         -nan%
                                                     0         -nan%                0         -nan%
                                                  -nan         -nan              -nan         -nan

FETCH_TH_ADJUST__0                                   0         -nan%                0         -nan%
FETCH_TH_ADJUST__1                                   0         -nan%                0         -nan%
FETCH_TH_ADJUST__2                                   0         -nan%                0         -nan%
FETCH_TH_ADJUST__3                                   0         -nan%                0         -nan%
FETCH_TH_ADJUST__4                                   0         -nan%                0         -nan%
FETCH_TH_ADJUST__5                                   0         -nan%                0         -nan%
FETCH_TH_ADJUST__6                                   0         -nan%                0         -nan%
FETCH_TH_ADJUST__7                                   0         -nan%                0         -nan%
FETCH_TH_ADJUST__8                                   0         -nan%                0         -nan%
FETCH_TH_ADJUST__9                                   0         -nan%                0         -nan%
FETCH_TH_ADJUST__MAX                                 0         -nan%                0         -nan%
                                                     0         -nan%                0         -nan%
                                                  -nan         -nan              -nan         -nan

FETCH_TH_ADJUST_UP                                   0         -nan%                0         -nan%
FETCH_TH_ADJUST_DOWN                                 0         -nan%                0         -nan%
FETCH_TH_ADJUST_SAME                                 0         -nan%                0         -nan%
                                                     0         -nan%                0         -nan%
                                                  -nan         -nan              -nan         -nan

THROTTLE_ADJUST_CACHE_MISS_INFO                      0                              0              

LOW_CONF_COUNT_BP_MIS_0                              0         -nan%                0         -nan%
LOW_CONF_COUNT_BP_MIS_1                              0         -nan%                0         -nan%
LOW_CONF_COUNT_BP_MIS_2                              0         -nan%                0         -nan%
LOW_CONF_COUNT_BP_MIS_3                              0         -nan%                0         -nan%
LOW_CONF_COUNT_BP_MIS_4                              0         -nan%                0         -nan%
LOW_CONF_COUNT_BP_MIS_5                              0         -nan%                0         -nan%
LOW_CONF_COUNT_BP_MIS_6                              0         -nan%                0         -nan%
LOW_CONF_COUNT_BP_MIS_7                              0         -nan%                0         -nan%
LOW_CONF_COUNT_BP_MIS_8                              0         -nan%                0         -nan%
LOW_CONF_COUNT_BP_MIS_9                              0         -nan%                0         -nan%
LOW_CONF_COUNT_BP_MIS_10                             0         -nan%                0         -nan%
LOW_CONF_COUNT_BP_MIS_11                             0         -nan%                0         -nan%
LOW_CONF_COUNT_BP_MIS_12                             0         -nan%                0         -nan%
LOW_CONF_COUNT_BP_MIS_13                             0         -nan%                0         -nan%
LOW_CONF_COUNT_BP_MIS_14                             0         -nan%                0         -nan%
LOW_CONF_COUNT_BP_MIS_15                             0         -nan%                0         -nan%
LOW_CONF_COUNT_BP_MIS_16                             0         -nan%                0         -nan%
LOW_CONF_COUNT_BP_MIS_17                             0         -nan%                0         -nan%
LOW_CONF_COUNT_BP_MIS_18                             0         -nan%                0         -nan%
LOW_CONF_COUNT_BP_MIS_19                             0         -nan%                0         -nan%
LOW_CONF_COUNT_BP_MIS_20                             0         -nan%                0         -nan%
                                                     0         -nan%                0         -nan%
                                                  -nan         -nan              -nan         -nan

LOW_CONF_COUNT_RET_0                                 0         -nan%                0         -nan%
LOW_CONF_COUNT_RET_1                                 0         -nan%                0         -nan%
LOW_CONF_COUNT_RET_2                                 0         -nan%                0         -nan%
LOW_CONF_COUNT_RET_3                                 0         -nan%                0         -nan%
LOW_CONF_COUNT_RET_4                                 0         -nan%                0         -nan%
LOW_CONF_COUNT_RET_5                                 0         -nan%                0         -nan%
LOW_CONF_COUNT_RET_6                                 0         -nan%                0         -nan%
LOW_CONF_COUNT_RET_7                                 0         -nan%                0         -nan%
LOW_CONF_COUNT_RET_8                                 0         -nan%                0         -nan%
LOW_CONF_COUNT_RET_9                                 0         -nan%                0         -nan%
LOW_CONF_COUNT_RET_10                                0         -nan%                0         -nan%
LOW_CONF_COUNT_RET_11                                0         -nan%                0         -nan%
LOW_CONF_COUNT_RET_12                                0         -nan%                0         -nan%
LOW_CONF_COUNT_RET_13                                0         -nan%                0         -nan%
LOW_CONF_COUNT_RET_14                                0         -nan%                0         -nan%
LOW_CONF_COUNT_RET_15                                0         -nan%                0         -nan%
LOW_CONF_COUNT_RET_16                                0         -nan%                0         -nan%
LOW_CONF_COUNT_RET_17                                0         -nan%                0         -nan%
LOW_CONF_COUNT_RET_18                                0         -nan%                0         -nan%
LOW_CONF_COUNT_RET_19                                0         -nan%                0         -nan%
LOW_CONF_COUNT_RET_20                                0         -nan%                0         -nan%
                                                     0         -nan%                0         -nan%
                                                  -nan         -nan              -nan         -nan

CYCLES_RESTEER_RECOVER_AT_EXEC                       0         -nan%                0         -nan%
CYCLES_RESTEER_RECOVER_AT_DECODE                     0         -nan%                0         -nan%
CYCLES_RESTEER_BTB_MISS                              0         -nan%                0         -nan%
                                                     0         -nan%                0         -nan%
                                                  -nan         -nan              -nan         -nan

CYCLES_RESTEER_RECOVER_AT_EXEC_SAVED_UC_FETCH             0         -nan%                0         -nan%
CYCLES_RESTEER_RECOVER_AT_EXEC_COULD_BE_SAVED_UC_FETCH             0         -nan%                0         -nan%
CYCLES_RESTEER_RECOVER_AT_DECODE_SAVED_UC_FETCH             0         -nan%                0         -nan%
CYCLES_RESTEER_RECOVER_AT_DECODE_COULD_BE_SAVED_UC_FETCH             0         -nan%                0         -nan%
CYCLES_RESTEER_BTB_MISS_SAVED_UC_FETCH               0         -nan%                0         -nan%
CYCLES_RESTEER_BTB_MISS_COULD_BE_SAVED_UC_FETCH             0         -nan%                0         -nan%
                                                     0         -nan%                0         -nan%
                                                  -nan         -nan              -nan         -nan

CYCLES_UOC_IC_SWITCH                                 0                              0              



