Scarab gitrev: f12d32f0
Warning: Scarab expects the trace file type to include OFFLINE_FILE_TYPE_ARCH_REGDEPS (0x20000), but got type: 0xe40
Scarab started at Sun Jun 21 18:58:39 2026

Initialized Ramulator. 
Ideal fusion pass 2: loaded 7723117 candidate pair(s) from '/dev/shm/baseline/ideal-fusion-candidates/bfs/103.csv' (distance < 512, skipped 0)
** Heartbeat:   1% -- { 1000000 } -- 0.00 KIPS (55.56 KIPS)
** Heartbeat:   2% -- { 2000006 } -- 142.86 KIPS (80.00 KIPS)
** Heartbeat:   3% -- { 3000012 } -- 111.11 KIPS (88.24 KIPS)
** Heartbeat:   4% -- { 4000016 } -- 125.00 KIPS (95.24 KIPS)
** Heartbeat:   5% -- { 5000019 } -- 111.11 KIPS (98.04 KIPS)
** Heartbeat:   6% -- { 6000024 } -- 125.00 KIPS (101.70 KIPS)
** Heartbeat:   7% -- { 7000025 } -- 111.11 KIPS (102.94 KIPS)
** Heartbeat:   8% -- { 8000026 } -- 125.00 KIPS (105.26 KIPS)
** Heartbeat:   9% -- { 9000028 } -- 111.11 KIPS (105.88 KIPS)
** Heartbeat:  10% -- { 10000034 } -- 125.00 KIPS (107.53 KIPS)
** Heartbeat:  11% -- { 11000034 } -- 111.11 KIPS (107.84 KIPS)
** Heartbeat:  12% -- { 12000036 } -- 111.11 KIPS (108.11 KIPS)
** Heartbeat:  13% -- { 13000040 } -- 111.11 KIPS (108.33 KIPS)
** Heartbeat:  14% -- { 14000044 } -- 125.00 KIPS (109.38 KIPS)
** Heartbeat:  15% -- { 15000048 } -- 111.11 KIPS (109.49 KIPS)
** Heartbeat:  16% -- { 16000053 } -- 111.11 KIPS (109.59 KIPS)
** Heartbeat:  17% -- { 17000054 } -- 111.11 KIPS (109.68 KIPS)
** Heartbeat:  18% -- { 18000055 } -- 111.11 KIPS (109.76 KIPS)
** Heartbeat:  19% -- { 19000057 } -- 125.00 KIPS (110.47 KIPS)
** Heartbeat:  20% -- { 20000058 } -- 111.11 KIPS (110.50 KIPS)
** Heartbeat:  21% -- { 21000060 } -- 125.00 KIPS (111.11 KIPS)
** Heartbeat:  22% -- { 22000060 } -- 125.00 KIPS (111.68 KIPS)
** Heartbeat:  23% -- { 23000063 } -- 166.67 KIPS (113.30 KIPS)
** Heartbeat:  24% -- { 24000065 } -- 166.67 KIPS (114.83 KIPS)
** Heartbeat:  25% -- { 25000070 } -- 111.11 KIPS (114.68 KIPS)
** Heartbeat:  26% -- { 26000073 } -- 125.00 KIPS (115.04 KIPS)
** Heartbeat:  27% -- { 27000073 } -- 111.11 KIPS (114.89 KIPS)
** Heartbeat:  28% -- { 28000077 } -- 111.11 KIPS (114.75 KIPS)
** Heartbeat:  29% -- { 29000080 } -- 125.00 KIPS (115.08 KIPS)
Patching gap in trace by injecting a Jmp, prior PC: 423782 next PC: 41fe54
** Heartbeat:  30% -- { 30000084 } -- 111.11 KIPS (114.94 KIPS)
** Heartbeat:  31% -- { 31000084 } -- 100.00 KIPS (114.39 KIPS)
** Heartbeat:  32% -- { 32000084 } -- 83.33 KIPS (113.07 KIPS)
** Heartbeat:  33% -- { 33000087 } -- 40.00 KIPS (107.14 KIPS)
** Heartbeat:  34% -- { 34000088 } -- 40.00 KIPS (102.10 KIPS)
** Heartbeat:  35% -- { 35000090 } -- 50.00 KIPS (99.15 KIPS)
** Heartbeat:  36% -- { 36000091 } -- 125.00 KIPS (99.72 KIPS)
** Heartbeat:  37% -- { 37000091 } -- 111.11 KIPS (100.00 KIPS)
** Heartbeat:  38% -- { 38000096 } -- 111.11 KIPS (100.26 KIPS)
** Heartbeat:  39% -- { 39000097 } -- 100.00 KIPS (100.26 KIPS)
** Heartbeat:  40% -- { 40000103 } -- 90.91 KIPS (100.00 KIPS)
** Heartbeat:  41% -- { 41000107 } -- 58.82 KIPS (98.32 KIPS)
** Heartbeat:  42% -- { 42000108 } -- 62.50 KIPS (97.00 KIPS)
** Heartbeat:  43% -- { 43000111 } -- 47.62 KIPS (94.71 KIPS)
** Heartbeat:  44% -- { 44000112 } -- 55.56 KIPS (93.22 KIPS)
** Heartbeat:  45% -- { 45000118 } -- 43.48 KIPS (90.91 KIPS)
** Heartbeat:  46% -- { 46000119 } -- 45.45 KIPS (88.98 KIPS)
** Heartbeat:  47% -- { 47000121 } -- 43.48 KIPS (87.04 KIPS)
** Heartbeat:  48% -- { 48000122 } -- 41.67 KIPS (85.11 KIPS)
** Heartbeat:  49% -- { 49000127 } -- 58.82 KIPS (84.34 KIPS)
** Heartbeat:  50% -- { 50000127 } -- 100.00 KIPS (84.60 KIPS)
** Heartbeat:  51% -- { 51000127 } -- 90.91 KIPS (84.72 KIPS)
** Heartbeat:  52% -- { 52000127 } -- 100.00 KIPS (84.97 KIPS)
** Heartbeat:  53% -- { 53000129 } -- 90.91 KIPS (85.07 KIPS)
** Heartbeat:  54% -- { 54000134 } -- 111.11 KIPS (85.44 KIPS)
** Heartbeat:  55% -- { 55000134 } -- 100.00 KIPS (85.67 KIPS)
** Heartbeat:  56% -- { 56000134 } -- 90.91 KIPS (85.76 KIPS)
** Heartbeat:  57% -- { 57000140 } -- 100.00 KIPS (85.97 KIPS)
** Heartbeat:  58% -- { 58000145 } -- 90.91 KIPS (86.05 KIPS)
** Heartbeat:  59% -- { 59000145 } -- 100.00 KIPS (86.26 KIPS)
** Heartbeat:  60% -- { 60000149 } -- 90.91 KIPS (86.33 KIPS)
** Heartbeat:  61% -- { 61000152 } -- 100.00 KIPS (86.53 KIPS)
** Heartbeat:  62% -- { 62000157 } -- 90.91 KIPS (86.59 KIPS)
** Heartbeat:  63% -- { 63000158 } -- 100.00 KIPS (86.78 KIPS)
** Heartbeat:  64% -- { 64000161 } -- 90.91 KIPS (86.84 KIPS)
** Heartbeat:  65% -- { 65000164 } -- 100.00 KIPS (87.01 KIPS)
** Heartbeat:  66% -- { 66000168 } -- 100.00 KIPS (87.19 KIPS)
** Heartbeat:  67% -- { 67000171 } -- 100.00 KIPS (87.35 KIPS)
** Heartbeat:  68% -- { 68000175 } -- 100.00 KIPS (87.52 KIPS)
** Heartbeat:  69% -- { 69000175 } -- 90.91 KIPS (87.56 KIPS)
** Heartbeat:  70% -- { 70000178 } -- 100.00 KIPS (87.72 KIPS)
** Heartbeat:  71% -- { 71000179 } -- 100.00 KIPS (87.87 KIPS)
** Heartbeat:  72% -- { 72000184 } -- 100.00 KIPS (88.02 KIPS)
** Heartbeat:  73% -- { 73000184 } -- 90.91 KIPS (88.06 KIPS)
** Heartbeat:  74% -- { 74000184 } -- 100.00 KIPS (88.20 KIPS)
** Heartbeat:  75% -- { 75000188 } -- 90.91 KIPS (88.24 KIPS)
** Heartbeat:  76% -- { 76000194 } -- 100.00 KIPS (88.37 KIPS)
** Heartbeat:  77% -- { 77000200 } -- 90.91 KIPS (88.40 KIPS)
** Heartbeat:  78% -- { 78000203 } -- 100.00 KIPS (88.54 KIPS)
** Heartbeat:  79% -- { 79000208 } -- 90.91 KIPS (88.57 KIPS)
** Heartbeat:  80% -- { 80000208 } -- 100.00 KIPS (88.69 KIPS)
** Heartbeat:  81% -- { 81000214 } -- 100.00 KIPS (88.82 KIPS)
** Heartbeat:  82% -- { 82000216 } -- 90.91 KIPS (88.84 KIPS)
** Heartbeat:  83% -- { 83000221 } -- 100.00 KIPS (88.96 KIPS)
** Heartbeat:  84% -- { 84000221 } -- 100.00 KIPS (89.08 KIPS)
** Heartbeat:  85% -- { 85000224 } -- 90.91 KIPS (89.10 KIPS)
** Heartbeat:  86% -- { 86000230 } -- 100.00 KIPS (89.21 KIPS)
** Heartbeat:  87% -- { 87000236 } -- 90.91 KIPS (89.23 KIPS)
** Heartbeat:  88% -- { 88000237 } -- 100.00 KIPS (89.34 KIPS)
** Heartbeat:  89% -- { 89000241 } -- 100.00 KIPS (89.45 KIPS)
Reached end of trace (last_inst) pc=0x48206c
** Core 0 Finished:    insts:89999999    cycles:37240602    time:11637688125000      -- 2.42 IPC (2.42 IPC) --  N/A  KIPS (89.55 KIPS)
Scarab finished at Sun Jun 21 19:15:24 2026

