Scarab gitrev: c5ce847
Warning: Scarab expects the trace file type to include OFFLINE_FILE_TYPE_ARCH_REGDEPS (0x20000), but got type: 0xe40
Scarab started at Sun Jun  7 04:45:34 2026

Initialized Ramulator. 
** Heartbeat:   1% -- { 1000002 } -- 0.00 KIPS (71.43 KIPS)
** Heartbeat:   2% -- { 2000004 } -- 90.91 KIPS (80.00 KIPS)
** Heartbeat:   3% -- { 3000009 } -- 100.00 KIPS (85.71 KIPS)
** Heartbeat:   4% -- { 4000013 } -- 100.00 KIPS (88.89 KIPS)
** Heartbeat:   5% -- { 5000015 } -- 90.91 KIPS (89.29 KIPS)
** Heartbeat:   6% -- { 6000020 } -- 125.00 KIPS (93.75 KIPS)
** Heartbeat:   7% -- { 7000026 } -- 125.00 KIPS (97.22 KIPS)
** Heartbeat:   8% -- { 8000028 } -- 125.00 KIPS (100.00 KIPS)
** Heartbeat:   9% -- { 9000034 } -- 125.00 KIPS (102.27 KIPS)
** Heartbeat:  10% -- { 10000035 } -- 125.00 KIPS (104.17 KIPS)
** Heartbeat:  11% -- { 11000037 } -- 47.62 KIPS (94.02 KIPS)
** Heartbeat:  12% -- { 12000042 } -- 55.56 KIPS (88.89 KIPS)
** Heartbeat:  13% -- { 13000046 } -- 52.63 KIPS (84.42 KIPS)
** Heartbeat:  14% -- { 14000052 } -- 58.82 KIPS (81.87 KIPS)
** Heartbeat:  15% -- { 15000054 } -- 76.92 KIPS (81.52 KIPS)
** Heartbeat:  16% -- { 16000059 } -- 71.43 KIPS (80.81 KIPS)
** Heartbeat:  17% -- { 17000062 } -- 71.43 KIPS (80.19 KIPS)
** Heartbeat:  18% -- { 18000062 } -- 71.43 KIPS (79.65 KIPS)
** Heartbeat:  19% -- { 19000067 } -- 71.43 KIPS (79.17 KIPS)
** Heartbeat:  20% -- { 20000067 } -- 71.43 KIPS (78.74 KIPS)
** Heartbeat:  21% -- { 21000068 } -- 71.43 KIPS (78.36 KIPS)
** Heartbeat:  22% -- { 22000068 } -- 71.43 KIPS (78.01 KIPS)
** Heartbeat:  23% -- { 23000072 } -- 71.43 KIPS (77.70 KIPS)
** Heartbeat:  24% -- { 24000072 } -- 71.43 KIPS (77.42 KIPS)
** Heartbeat:  25% -- { 25000072 } -- 76.92 KIPS (77.40 KIPS)
** Heartbeat:  26% -- { 26000074 } -- 71.43 KIPS (77.15 KIPS)
** Heartbeat:  27% -- { 27000074 } -- 71.43 KIPS (76.92 KIPS)
** Heartbeat:  28% -- { 28000079 } -- 71.43 KIPS (76.71 KIPS)
** Heartbeat:  29% -- { 29000080 } -- 58.82 KIPS (75.92 KIPS)
Reached end of trace (last_inst) pc=0x7f717d4a4234
** Core 0 Finished:    insts:29999999    cycles:11880040    time:3712512500000       -- 2.53 IPC (2.53 IPC) --  N/A  KIPS (75.00 KIPS)
Scarab finished at Sun Jun  7 04:52:14 2026

