/* -*- Mode: c -*- */
####################################################################################################
Core 0
####################################################################################################
Cumulative:        Cycles: 23383543              Instructions: 89999999              IPC: 3.84886

Periodic:          Cycles: 23383543              Instructions: 89999999              IPC: 3.84886

EXECUTION_TIME                           7307357187500                  7307357187500              

SIM_HOST_WALL_SECONDS                       561.699565                     561.699565              

NODE_CYCLE                                    23383543                       23383543              

NODE_INST_COUNT                               90000077                       90000077              

NODE_INST_COUNT_FETCHED                       89999999                       89999999              

NODE_UOP_COUNT                               105264723                      105264723              

EXEC_STAGE_NO_ISSUE_STALL_CYCLE               20389579                       20389579              

EXEC_STAGE_NO_ISSUE_STALL_CYCLE_ONPATH        20318818                       20318818              

FULL_WINDOW_STALL                                 2558        0.011%             2558        0.011%

FULL_WINDOW_MEM_OP                                2289       92.261%             2289       92.261%
FULL_WINDOW_FP_OP                                    0        0.000%                0        0.000%
FULL_WINDOW_OTHER_OP                               192        7.739%              192        7.739%
                                                  2481      100.000%             2481      100.000%
                                                  0.15         0.52              0.15         0.52

RET_BLOCKED_DC_MISS                            4622656       19.769%          4622656       19.769%

RET_BLOCKED_L1_MISS                              25180        0.108%            25180        0.108%

RET_BLOCKED_L1_MISS_BW_PREF                      14601        0.062%            14601        0.062%

RET_BLOCKED_L1_ACCESS                          4609189       19.711%          4609189       19.711%

RET_BLOCKED_MEM_STALL                            96437        0.412%            96437        0.412%

RET_BLOCKED_OFFCHIP_DEMAND                           0        0.000%                0        0.000%

OP_ISSUED                                    105476608                      105476608              

OP_RETIRED                                   105264723                      105264723              

OP_MACRO_FUSION_ONPATH                        13412900                       13412900              

OP_MACRO_FUSION_OFFPATH                          47864                          47864              

REPLAY_SIGNALED                                      0                              0              

REPLAY_COUNTED                                       0                              0              

OFF_CRITICAL_PATH                                    0         -nan%                0         -nan%
ON_CRITICAL_PATH                                     0         -nan%                0         -nan%
                                                     0         -nan%                0         -nan%
                                                  -nan         -nan              -nan         -nan

LD_NO_DEPENDENTS                               2180152       12.607%          2180152       12.607%
LD_DEPENDENTS                                 15113026       87.393%         15113026       87.393%
                                              17293178      100.000%         17293178      100.000%
                                                  0.87         0.83              0.87         0.83

LD_EXEC_CYCLES_0                                     0        0.000%                0        0.000%
LD_EXEC_CYCLES_1                               1927991       78.079%          1927991       78.079%
LD_EXEC_CYCLES_2                                 89041        3.606%            89041        3.606%
LD_EXEC_CYCLES_3                                103551        4.194%           103551        4.194%
LD_EXEC_CYCLES_4                                348701       14.122%           348701       14.122%
                                               2469284      100.000%          2469284      100.000%
                                                  1.54         1.23              1.54         1.23

ICACHE_STAGE_STARVED                             45300        0.196%            45300        0.196%
ICACHE_STAGE_NOT_STARVED                      23093032       99.804%         23093032       99.804%
                                              23138332      100.000%         23138332      100.000%
                                                  1.00         1.00              1.00         1.00

ICACHE_STAGE_STALLED                           9147166       39.118%          9147166       39.118%
ICACHE_STAGE_NOT_STALLED                      13991166       59.833%         13991166       59.833%
ICACHE_STAGE_OFF_PATH                           245211        1.049%           245211        1.049%
                                              23383543      100.000%         23383543      100.000%
                                                  0.62         0.33              0.62         0.33

DECODE_STAGE_STARVED                          23267742       99.931%         23267742       99.931%
DECODE_STAGE_NOT_STARVED                         16061        0.069%            16061        0.069%
                                              23283803      100.000%         23283803      100.000%
                                                  0.00         0.03              0.00         0.03

DECODE_STAGE_STALLED                               569        0.002%              569        0.002%
DECODE_STAGE_NOT_STALLED                      23283234       99.571%         23283234       99.571%
DECODE_STAGE_OFF_PATH                            99740        0.427%            99740        0.427%
                                              23383543      100.000%         23383543      100.000%
                                                  1.00         0.09              1.00         0.09

UOPQ_STAGE_STARVED                              200677        1.426%           200677        1.426%
UOPQ_STAGE_NOT_STARVED                        13871131       98.574%         13871131       98.574%
                                              14071808      100.000%         14071808      100.000%
                                                  0.99         0.98              0.99         0.98

UOPQ_STAGE_STALLED                             9140238       39.088%          9140238       39.088%
UOPQ_STAGE_NOT_STALLED                        14071808       60.178%         14071808       60.178%
UOPQ_STAGE_OFF_PATH                             171497        0.733%           171497        0.733%
                                              23383543      100.000%         23383543      100.000%
                                                  0.62         0.32              0.62         0.32

RS_OP_READY_NOT_ISSUED_TOTAL                  67596896                       67596896              

RS_0_OP_READY_NOT_ISSUED                      58290147                       58290147              

RS_1_OP_READY_NOT_ISSUED                        623122                         623122              

RS_2_OP_READY_NOT_ISSUED                       8683627                        8683627              

RS_3_OP_READY_NOT_ISSUED                             0                              0              

RS_4_OP_READY_NOT_ISSUED                             0                              0              

RS_5_OP_READY_NOT_ISSUED                             0                              0              

RS_6_OP_READY_NOT_ISSUED                             0                              0              

RS_7_OP_READY_NOT_ISSUED                             0                              0              

RS_7_PLUS_OP_READY_NOT_ISSUED                        0                              0              

FU_IDLE_NO_READY_OPS_TOTAL                    70438271                       70438271              

FU_0_IDLE_NO_READY_OPS                         2830955                        2830955              

FU_1_IDLE_NO_READY_OPS                         3791676                        3791676              

FU_2_IDLE_NO_READY_OPS                         9709237                        9709237              

FU_3_IDLE_NO_READY_OPS                         9712639                        9712639              

FU_4_IDLE_NO_READY_OPS                         4098365                        4098365              

FU_5_IDLE_NO_READY_OPS                         2772455                        2772455              

FU_6_IDLE_NO_READY_OPS                        11958033                       11958033              

FU_7_IDLE_NO_READY_OPS                        11941292                       11941292              

FU_8_IDLE_NO_READY_OPS                         3909382                        3909382              

FU_9_IDLE_NO_READY_OPS                         9714237                        9714237              

FU_10_IDLE_NO_READY_OPS                              0                              0              

FU_11_IDLE_NO_READY_OPS                              0                              0              

FU_12_IDLE_NO_READY_OPS                              0                              0              

FU_13_IDLE_NO_READY_OPS                              0                              0              

FU_14_IDLE_NO_READY_OPS                              0                              0              

FU_15_IDLE_NO_READY_OPS                              0                              0              

FU_16_IDLE_NO_READY_OPS                              0                              0              

FU_17_IDLE_NO_READY_OPS                              0                              0              

FU_18_IDLE_NO_READY_OPS                              0                              0              

FU_19_IDLE_NO_READY_OPS                              0                              0              

FU_20_IDLE_NO_READY_OPS                              0                              0              

FU_21_IDLE_NO_READY_OPS                              0                              0              

FU_22_IDLE_NO_READY_OPS                              0                              0              

FU_23_IDLE_NO_READY_OPS                              0                              0              

FU_24_IDLE_NO_READY_OPS                              0                              0              

FU_25_IDLE_NO_READY_OPS                              0                              0              

FU_26_IDLE_NO_READY_OPS                              0                              0              

FU_27_IDLE_NO_READY_OPS                              0                              0              

FU_28_IDLE_NO_READY_OPS                              0                              0              

FU_29_IDLE_NO_READY_OPS                              0                              0              

FU_30_IDLE_NO_READY_OPS                              0                              0              

FU_31_IDLE_NO_READY_OPS                              0                              0              

FU_31_PLUS_IDLE_NO_READY_OPS                         0                              0              

MAP_STAGE_STARVED                                66044        0.375%            66044        0.375%
MAP_STAGE_NOT_STARVED                         17553586       99.625%         17553586       99.625%
                                              17619630      100.000%         17619630      100.000%
                                                  1.00         0.99              1.00         0.99

MAP_STAGE_STALLED                                    0        0.000%                0        0.000%
MAP_STAGE_NOT_STALLED                         17619630       99.418%         17619630       99.418%
MAP_STAGE_OFF_PATH                              103226        0.582%           103226        0.582%
                                              17722856      100.000%         17722856      100.000%
                                                  1.01         0.11              1.01         0.11

MAP_STAGE_STALL_ITSELF                         5660687       24.208%          5660687       24.208%
MAP_STAGE_NOT_STALL_ITSELF                    17722856       75.792%         17722856       75.792%
                                              23383543      100.000%         23383543      100.000%
                                                  0.76         0.69              0.76         0.69

MAP_STAGE_LATE_ALLOCATE_SEND_BACK                    0                              0              

MAP_STAGE_RENAME_OP_ONPATH                   105264723                      105264723              

MAP_STAGE_RENAME_OP_OFFPATH                     492381                         492381              

MAP_STAGE_RENAME_INT_REG_ONPATH               89819922                       89819922              

MAP_STAGE_RENAME_INT_REG_OFFPATH                346167                         346167              

MAP_STAGE_RENAME_VEC_REG_ONPATH                1895488                        1895488              

MAP_STAGE_RENAME_VEC_REG_OFFPATH                  9315                           9315              

MAP_STAGE_RENAME_MOVE_ELIM_ONPATH                    0                              0              

MAP_STAGE_RENAME_MOVE_ELIM_OFFPATH                   0                              0              

MAP_STAGE_ONPATH_INT_REG_NUM_ALLOC            96746185                       96746185              

MAP_STAGE_ONPATH_VEC_REG_NUM_ALLOC             1895477                        1895477              

MAP_STAGE_ONPATH_INT_REG_NUM_SHORTLIVE        36797361                       36797361              

MAP_STAGE_ONPATH_VEC_REG_NUM_SHORTLIVE          673658                         673658              

MAP_STAGE_ONPATH_INT_REG_USE_COUNT_0          26133169                       26133169              

MAP_STAGE_ONPATH_VEC_REG_USE_COUNT_0            676865                         676865              

MAP_STAGE_ONPATH_INT_REG_USE_COUNT_1          45207264                       45207264              

MAP_STAGE_ONPATH_VEC_REG_USE_COUNT_1           1083630                        1083630              

MAP_STAGE_ONPATH_INT_REG_USE_COUNT_2          17983939                       17983939              

MAP_STAGE_ONPATH_VEC_REG_USE_COUNT_2                33                             33              

MAP_STAGE_ONPATH_INT_REG_USE_COUNT_3           2520108                        2520108              

MAP_STAGE_ONPATH_VEC_REG_USE_COUNT_3                 0                              0              

MAP_STAGE_ONPATH_INT_REG_USE_COUNT_4           1906630                        1906630              

MAP_STAGE_ONPATH_VEC_REG_USE_COUNT_4            134946                         134946              

MAP_STAGE_ONPATH_INT_REG_USE_COUNT_5            682139                         682139              

MAP_STAGE_ONPATH_VEC_REG_USE_COUNT_5                 1                              1              

MAP_STAGE_ONPATH_INT_REG_USE_COUNT_6           1088928                        1088928              

MAP_STAGE_ONPATH_VEC_REG_USE_COUNT_6                 0                              0              

MAP_STAGE_ONPATH_INT_REG_USE_COUNT_7_PLUS       1224008                        1224008              

MAP_STAGE_ONPATH_VEC_REG_USE_COUNT_7_PLUS             2                              2              

MAP_STAGE_ONPATH_INT_REG_CONSUME_DIST_0              0        0.0000                0        0.0000

MAP_STAGE_ONPATH_VEC_REG_CONSUME_DIST_0              0        0.0000                0        0.0000

MAP_STAGE_ONPATH_INT_REG_CONSUME_DIST_1              0        0.0000                0        0.0000

MAP_STAGE_ONPATH_VEC_REG_CONSUME_DIST_1              0        0.0000                0        0.0000

MAP_STAGE_ONPATH_INT_REG_CONSUME_DIST_2       44116811        2.4531         44116811        2.4531

MAP_STAGE_ONPATH_VEC_REG_CONSUME_DIST_2          27964      847.3939            27964      847.3939

MAP_STAGE_ONPATH_INT_REG_CONSUME_DIST_3       12056074        4.7840         12056074        4.7840

MAP_STAGE_ONPATH_VEC_REG_CONSUME_DIST_3              0          -nan                0          -nan

MAP_STAGE_ONPATH_INT_REG_CONSUME_DIST_4       15446870        8.1017         15446870        8.1017

MAP_STAGE_ONPATH_VEC_REG_CONSUME_DIST_4         134955        1.0001           134955        1.0001

MAP_STAGE_ONPATH_INT_REG_CONSUME_DIST_5        7923426       11.6156          7923426       11.6156

MAP_STAGE_ONPATH_VEC_REG_CONSUME_DIST_5              4        4.0000                4        4.0000

MAP_STAGE_ONPATH_INT_REG_CONSUME_DIST_6       22488519       20.6520         22488519       20.6520

MAP_STAGE_ONPATH_VEC_REG_CONSUME_DIST_6              0          -nan                0          -nan

MAP_STAGE_ONPATH_INT_REG_CONSUME_DIST_7_PLUS      59684126       48.7612         59684126       48.7612

MAP_STAGE_ONPATH_VEC_REG_CONSUME_DIST_7_PLUS          6793     3396.5000             6793     3396.5000

MAP_STAGE_INT_REG_ISSUE_READ_TOTAL_CONSUMED     122629954        6.0143        122629954        6.0143

MAP_STAGE_VEC_REG_ISSUE_READ_TOTAL_CONSUMED       1624286        0.0797          1624286        0.0797

MAP_STAGE_INT_REG_ISSUE_READ_MULTI_CONSUMED      51937002        2.5472         51937002        2.5472

MAP_STAGE_VEC_REG_ISSUE_READ_MULTI_CONSUMED        404943        0.0199           404943        0.0199

MAP_STAGE_INT_REG_ISSUE_READ_SAME_CYCLE_CONSUMED      26498444        1.2996         26498444        1.2996

MAP_STAGE_VEC_REG_ISSUE_READ_SAME_CYCLE_CONSUMED        269908        0.0132           269908        0.0132

MAP_STAGE_INT_REG_ISSUE_READ_TOTAL_CONSUMED_ONPATH     122473571        6.0276        122473571        6.0276

MAP_STAGE_VEC_REG_ISSUE_READ_TOTAL_CONSUMED_ONPATH       1623546        0.0799          1623546        0.0799

MAP_STAGE_INT_REG_ISSUE_READ_MULTI_CONSUMED_ONPATH      51860525        2.5523         51860525        2.5523

MAP_STAGE_VEC_REG_ISSUE_READ_MULTI_CONSUMED_ONPATH        404924        0.0199           404924        0.0199

MAP_STAGE_INT_REG_ISSUE_READ_SAME_CYCLE_CONSUMED_ONPATH      26461838        1.3023         26461838        1.3023

MAP_STAGE_VEC_REG_ISSUE_READ_SAME_CYCLE_CONSUMED_ONPATH        269902        0.0133           269902        0.0133

MAP_STAGE_ONPATH_INT_REG_LIFECYCLE_EMPTY    3186114991                     3186114991              

MAP_STAGE_ONPATH_VEC_REG_LIFECYCLE_EMPTY      98035905                       98035905              

MAP_STAGE_ONPATH_INT_REG_LIFECYCLE_IN_USE    4034774892                     4034774892              

MAP_STAGE_ONPATH_VEC_REG_LIFECYCLE_IN_USE     160091927                      160091927              

MAP_STAGE_ONPATH_INT_REG_LIFECYCLE_SPEC_RELEASE    5421526162                     5421526162              

MAP_STAGE_ONPATH_VEC_REG_LIFECYCLE_SPEC_RELEASE     232074530                      232074530              

MAP_STAGE_ONPATH_INT_REG_LIFECYCLE_NONSPEC_RELEASE    5421526162                     5421526162              

MAP_STAGE_ONPATH_VEC_REG_LIFECYCLE_NONSPEC_RELEASE     232074530                      232074530              

MAP_STAGE_ONPATH_INT_REG_LIFECYCLE_TOTAL    5421526162                     5421526162              

MAP_STAGE_ONPATH_VEC_REG_LIFECYCLE_TOTAL     232074530                      232074530              

MAP_STAGE_ONPATH_INT_REG_NUM_NONBRANCH        96746185                       96746185              

MAP_STAGE_ONPATH_VEC_REG_NUM_NONBRANCH         1895477                        1895477              

MAP_STAGE_ONPATH_INT_REG_NUM_NONEXCEPT        96746185                       96746185              

MAP_STAGE_ONPATH_VEC_REG_NUM_NONEXCEPT         1895477                        1895477              

MAP_STAGE_ONPATH_INT_REG_NUM_ATOMIC           96746185                       96746185              

MAP_STAGE_ONPATH_VEC_REG_NUM_ATOMIC            1895477                        1895477              

MAP_STAGE_ONPATH_INT_REG_ATOMIC_REDEFINED_DIST_TOTAL    5421526162       56.0387       5421526162       56.0387

MAP_STAGE_ONPATH_VEC_REG_ATOMIC_REDEFINED_DIST_TOTAL     232074530      122.4360        232074530      122.4360

MAP_STAGE_ONPATH_INT_REG_ATOMIC_CONSUMED_DIST_TOTAL    4034774892       41.7047       4034774892       41.7047

MAP_STAGE_ONPATH_VEC_REG_ATOMIC_CONSUMED_DIST_TOTAL     160091927       84.4600        160091927       84.4600

MAP_STAGE_ONPATH_INT_REG_ATOMIC_RELEASE_DIST_TOTAL    5421526162       56.0387       5421526162       56.0387

MAP_STAGE_ONPATH_VEC_REG_ATOMIC_RELEASE_DIST_TOTAL     232074530      122.4360        232074530      122.4360

EXEC_STAGE_STARVED                            17382180       74.335%         17382180       74.335%
EXEC_STAGE_NOT_STARVED                         5917746       25.307%          5917746       25.307%
EXEC_STAGE_OFF_PATH                              83617        0.358%            83617        0.358%
                                              23383543      100.000%         23383543      100.000%
                                                  0.26         0.39              0.26         0.39

FU_BUSY_0                                     17197276                       17197276              

FU_BUSY_1                                     16000614                       16000614              

FU_BUSY_2                                      6015267                        6015267              

FU_BUSY_3                                      6016936                        6016936              

FU_BUSY_4                                     14772029                       14772029              

FU_BUSY_5                                     17845185                       17845185              

FU_BUSY_6                                      6347582                        6347582              

FU_BUSY_7                                      6360137                        6360137              

FU_BUSY_8                                     15390809                       15390809              

FU_BUSY_9                                      6013773                        6013773              

FU_BUSY_10                                           0                              0              

FU_BUSY_11                                           0                              0              

FU_BUSY_12                                           0                              0              

FU_BUSY_13                                           0                              0              

FU_BUSY_14                                           0                              0              

FU_BUSY_15                                           0                              0              

FU_BUSY_16                                           0                              0              

FU_BUSY_17                                           0                              0              

FU_BUSY_18                                           0                              0              

FU_BUSY_19                                           0                              0              

FU_BUSY_20                                           0                              0              

FU_BUSY_21                                           0                              0              

FU_BUSY_22                                           0                              0              

FU_BUSY_23                                           0                              0              

FU_BUSY_24                                           0                              0              

FU_BUSY_25                                           0                              0              

FU_BUSY_26                                           0                              0              

FU_BUSY_27                                           0                              0              

FU_BUSY_28                                           0                              0              

FU_BUSY_29                                           0                              0              

FU_BUSY_30                                           0                              0              

FU_BUSY_31                                           0                              0              

FU_REJECTED_OP_INV_NOT_SIMD                          0        0.000%                0        0.000%
FU_REJECTED_OP_NOP_NOT_SIMD                      18196        0.377%            18196        0.377%
FU_REJECTED_OP_CF_NOT_SIMD                         237        0.005%              237        0.005%
FU_REJECTED_OP_MOV_NOT_SIMD                     477595        9.903%           477595        9.903%
FU_REJECTED_OP_CMOV_NOT_SIMD                         0        0.000%                0        0.000%
FU_REJECTED_OP_LDA_NOT_SIMD                     514998       10.678%           514998       10.678%
FU_REJECTED_OP_IMEM_NOT_SIMD                    240925        4.996%           240925        4.996%
FU_REJECTED_OP_IADD_NOT_SIMD                    337201        6.992%           337201        6.992%
FU_REJECTED_OP_IMUL_NOT_SIMD                   1238548       25.681%          1238548       25.681%
FU_REJECTED_OP_IDIV_NOT_SIMD                        25        0.001%               25        0.001%
FU_REJECTED_OP_ICMP_NOT_SIMD                        14        0.000%               14        0.000%
FU_REJECTED_OP_LOGIC_NOT_SIMD                   510036       10.576%           510036       10.576%
FU_REJECTED_OP_SHIFT_NOT_SIMD                  1480506       30.698%          1480506       30.698%
FU_REJECTED_OP_FMEM_NOT_SIMD                       192        0.004%              192        0.004%
FU_REJECTED_OP_FCVT_NOT_SIMD                         0        0.000%                0        0.000%
FU_REJECTED_OP_FADD_NOT_SIMD                         0        0.000%                0        0.000%
FU_REJECTED_OP_FMUL_NOT_SIMD                         0        0.000%                0        0.000%
FU_REJECTED_OP_FMA_NOT_SIMD                          0        0.000%                0        0.000%
FU_REJECTED_OP_FDIV_NOT_SIMD                         0        0.000%                0        0.000%
FU_REJECTED_OP_FCMP_NOT_SIMD                         0        0.000%                0        0.000%
FU_REJECTED_OP_FCMOV_NOT_SIMD                        0        0.000%                0        0.000%
FU_REJECTED_OP_GATHER_NOT_SIMD                       0        0.000%                0        0.000%
FU_REJECTED_OP_SCATTER_NOT_SIMD                      0        0.000%                0        0.000%
FU_REJECTED_OP_PIPELINED_FAST_NOT_SIMD               0        0.000%                0        0.000%
FU_REJECTED_OP_PIPELINED_MEDIUM_NOT_SIMD             0        0.000%                0        0.000%
FU_REJECTED_OP_PIPELINED_SLOW_NOT_SIMD               0        0.000%                0        0.000%
FU_REJECTED_OP_NOTPIPELINED_MEDIUM_NOT_SIMD             0        0.000%                0        0.000%
FU_REJECTED_OP_NOTPIPELINED_SLOW_NOT_SIMD             0        0.000%                0        0.000%
FU_REJECTED_OP_NOTPIPELINED_VERY_SLOW_NOT_SIMD             0        0.000%                0        0.000%
FU_REJECTED_OP_INV_SIMD                              0        0.000%                0        0.000%
FU_REJECTED_OP_NOP_SIMD                           3593        0.075%             3593        0.075%
FU_REJECTED_OP_CF_SIMD                               0        0.000%                0        0.000%
FU_REJECTED_OP_MOV_SIMD                             13        0.000%               13        0.000%
FU_REJECTED_OP_CMOV_SIMD                             0        0.000%                0        0.000%
FU_REJECTED_OP_LDA_SIMD                              0        0.000%                0        0.000%
FU_REJECTED_OP_IMEM_SIMD                             0        0.000%                0        0.000%
FU_REJECTED_OP_IADD_SIMD                             0        0.000%                0        0.000%
FU_REJECTED_OP_IMUL_SIMD                             0        0.000%                0        0.000%
FU_REJECTED_OP_IDIV_SIMD                             0        0.000%                0        0.000%
FU_REJECTED_OP_ICMP_SIMD                             0        0.000%                0        0.000%
FU_REJECTED_OP_LOGIC_SIMD                            0        0.000%                0        0.000%
FU_REJECTED_OP_SHIFT_SIMD                            0        0.000%                0        0.000%
FU_REJECTED_OP_FMEM_SIMD                             0        0.000%                0        0.000%
FU_REJECTED_OP_FCVT_SIMD                             4        0.000%                4        0.000%
FU_REJECTED_OP_FADD_SIMD                           708        0.015%              708        0.015%
FU_REJECTED_OP_FMUL_SIMD                             0        0.000%                0        0.000%
FU_REJECTED_OP_FMA_SIMD                              0        0.000%                0        0.000%
FU_REJECTED_OP_FDIV_SIMD                             0        0.000%                0        0.000%
FU_REJECTED_OP_FCMP_SIMD                             0        0.000%                0        0.000%
FU_REJECTED_OP_FCMOV_SIMD                            0        0.000%                0        0.000%
FU_REJECTED_OP_GATHER_SIMD                           0        0.000%                0        0.000%
FU_REJECTED_OP_SCATTER_SIMD                          0        0.000%                0        0.000%
FU_REJECTED_OP_PIPELINED_FAST_SIMD                   0        0.000%                0        0.000%
FU_REJECTED_OP_PIPELINED_MEDIUM_SIMD                 0        0.000%                0        0.000%
FU_REJECTED_OP_PIPELINED_SLOW_SIMD                   0        0.000%                0        0.000%
FU_REJECTED_OP_NOTPIPELINED_MEDIUM_SIMD              0        0.000%                0        0.000%
FU_REJECTED_OP_NOTPIPELINED_SLOW_SIMD                0        0.000%                0        0.000%
FU_REJECTED_OP_NOTPIPELINED_VERY_SLOW_SIMD             0        0.000%                0        0.000%
                                               4822791      100.000%          4822791      100.000%
                                                  8.56         3.16              8.56         3.16

LSQ_FULL_TOTAL                                      31                             31              

LSQ_FULL_LOAD_QUEUE                                  0                              0              

LSQ_FULL_STORE_QUEUE                                31                             31              

OP_WAIT_0                                     76266965                       76266965              

OP_WAIT_1                                     10780846                       10780846              

OP_WAIT_2                                      4164440                        4164440              

OP_WAIT_3                                      2718255                        2718255              

OP_WAIT_4                                      2242905                        2242905              

OP_WAIT_5                                      1985552                        1985552              

OP_WAIT_6                                      1546460                        1546460              

OP_WAIT_7                                      1015055                        1015055              

OP_WAIT_8                                       718872                         718872              

OP_WAIT_9                                       532795                         532795              

OP_WAIT_10                                      377127                         377127              

OP_WAIT_11                                      368739                         368739              

OP_WAIT_12                                      270917                         270917              

OP_WAIT_13                                      207844                         207844              

OP_WAIT_14                                      221958                         221958              

OP_WAIT_15                                      106888                         106888              

OP_WAIT_16                                       45030                          45030              

OP_WAIT_17                                       34478                          34478              

OP_WAIT_18                                       28835                          28835              

OP_WAIT_19                                       34105                          34105              

OP_WAIT_20                                      140095                         140095              

OP_WAIT_21                                      209841                         209841              

OP_WAIT_22                                      104117                         104117              

OP_WAIT_23                                      228504                         228504              

OP_WAIT_24                                      190715                         190715              

OP_WAIT_25                                      167181                         167181              

OP_WAIT_26                                       67542                          67542              

OP_WAIT_27                                        1845                           1845              

OP_WAIT_28                                       75400                          75400              

OP_WAIT_29                                        1398                           1398              

OP_WAIT_30                                        2095                           2095              

OP_WAIT_31                                      407924                         407924              

ROW_SIZE_0                                     7181019                        7181019              

ROW_SIZE_1                                     2281582                        2281582              

ROW_SIZE_2                                      468868                         468868              

ROW_SIZE_3                                      366645                         366645              

ROW_SIZE_4                                      246741                         246741              

ROW_SIZE_5                                      143116                         143116              

ROW_SIZE_6                                      744851                         744851              

ROW_SIZE_7                                      477540                         477540              

ROW_SIZE_8                                    11428880                       11428880              

ROW_SIZE_9                                           0                              0              

ROW_SIZE_10                                          0                              0              

ROW_SIZE_11                                          0                              0              

ROW_SIZE_12                                          0                              0              

ROW_SIZE_13                                          0                              0              

ROW_SIZE_14                                          0                              0              

ROW_SIZE_15                                          0                              0              

ROW_SIZE_16                                          0                              0              

ROW_SIZE_17                                          0                              0              

ROW_SIZE_18                                          0                              0              

ROW_SIZE_19                                          0                              0              

ROW_SIZE_20                                          0                              0              

ROW_SIZE_21                                          0                              0              

ROW_SIZE_22                                          0                              0              

ROW_SIZE_23                                          0                              0              

ROW_SIZE_24                                          0                              0              

ROW_SIZE_25                                          0                              0              

ROW_SIZE_26                                          0                              0              

ROW_SIZE_27                                          0                              0              

ROW_SIZE_28                                          0                              0              

ROW_SIZE_29                                          0                              0              

ROW_SIZE_30                                          0                              0              

ROW_SIZE_31                                          0                              0              

RET_OP_EXEC_COUNT_0                                  0        0.000%                0        0.000%
RET_OP_EXEC_COUNT_1                          105264723      100.000%        105264723      100.000%
RET_OP_EXEC_COUNT_2                                  0        0.000%                0        0.000%
RET_OP_EXEC_COUNT_3                                  0        0.000%                0        0.000%
RET_OP_EXEC_COUNT_4                                  0        0.000%                0        0.000%
RET_OP_EXEC_COUNT_5                                  0        0.000%                0        0.000%
RET_OP_EXEC_COUNT_6                                  0        0.000%                0        0.000%
RET_OP_EXEC_COUNT_7                                  0        0.000%                0        0.000%
RET_OP_EXEC_COUNT_8                                  0        0.000%                0        0.000%
RET_OP_EXEC_COUNT_9                                  0        0.000%                0        0.000%
RET_OP_EXEC_COUNT_10                                 0        0.000%                0        0.000%
RET_OP_EXEC_COUNT_11                                 0        0.000%                0        0.000%
RET_OP_EXEC_COUNT_12                                 0        0.000%                0        0.000%
RET_OP_EXEC_COUNT_13                                 0        0.000%                0        0.000%
RET_OP_EXEC_COUNT_14                                 0        0.000%                0        0.000%
RET_OP_EXEC_COUNT_15                                 0        0.000%                0        0.000%
RET_OP_EXEC_COUNT_16                                 0        0.000%                0        0.000%
RET_OP_EXEC_COUNT_17                                 0        0.000%                0        0.000%
RET_OP_EXEC_COUNT_18                                 0        0.000%                0        0.000%
RET_OP_EXEC_COUNT_19                                 0        0.000%                0        0.000%
RET_OP_EXEC_COUNT_20                                 0        0.000%                0        0.000%
RET_OP_EXEC_COUNT_21                                 0        0.000%                0        0.000%
RET_OP_EXEC_COUNT_22                                 0        0.000%                0        0.000%
RET_OP_EXEC_COUNT_23                                 0        0.000%                0        0.000%
RET_OP_EXEC_COUNT_24                                 0        0.000%                0        0.000%
RET_OP_EXEC_COUNT_25                                 0        0.000%                0        0.000%
RET_OP_EXEC_COUNT_26                                 0        0.000%                0        0.000%
RET_OP_EXEC_COUNT_27                                 0        0.000%                0        0.000%
RET_OP_EXEC_COUNT_28                                 0        0.000%                0        0.000%
RET_OP_EXEC_COUNT_29                                 0        0.000%                0        0.000%
RET_OP_EXEC_COUNT_30                                 0        0.000%                0        0.000%
RET_OP_EXEC_COUNT_31                                 0        0.000%                0        0.000%
RET_OP_EXEC_COUNT_32                                 0        0.000%                0        0.000%
                                             105264723      100.000%        105264723      100.000%
                                                  1.00         0.00              1.00         0.00

RET_STALL_LENGTH_0                           105264467      100.000%        105264467      100.000%
RET_STALL_LENGTH_100                               102        0.000%              102        0.000%
RET_STALL_LENGTH_200                                49        0.000%               49        0.000%
RET_STALL_LENGTH_300                                31        0.000%               31        0.000%
RET_STALL_LENGTH_400                                36        0.000%               36        0.000%
RET_STALL_LENGTH_500                                18        0.000%               18        0.000%
RET_STALL_LENGTH_600                                12        0.000%               12        0.000%
RET_STALL_LENGTH_700                                 3        0.000%                3        0.000%
RET_STALL_LENGTH_800                                 2        0.000%                2        0.000%
RET_STALL_LENGTH_900                                 1        0.000%                1        0.000%
RET_STALL_LENGTH_1000                                1        0.000%                1        0.000%
RET_STALL_LENGTH_1100                                0        0.000%                0        0.000%
RET_STALL_LENGTH_1200                                1        0.000%                1        0.000%
RET_STALL_LENGTH_1300                                0        0.000%                0        0.000%
RET_STALL_LENGTH_1400                                0        0.000%                0        0.000%
RET_STALL_LENGTH_1500                                0        0.000%                0        0.000%
RET_STALL_LENGTH_1600                                0        0.000%                0        0.000%
RET_STALL_LENGTH_1700                                0        0.000%                0        0.000%
RET_STALL_LENGTH_1800                                0        0.000%                0        0.000%
RET_STALL_LENGTH_1900                                0        0.000%                0        0.000%
RET_STALL_LENGTH_2000                                0        0.000%                0        0.000%
RET_STALL_LENGTH_2100                                0        0.000%                0        0.000%
RET_STALL_LENGTH_2200                                0        0.000%                0        0.000%
RET_STALL_LENGTH_2300                                0        0.000%                0        0.000%
RET_STALL_LENGTH_2400                                0        0.000%                0        0.000%
RET_STALL_LENGTH_2500                                0        0.000%                0        0.000%
RET_STALL_LENGTH_2600                                0        0.000%                0        0.000%
RET_STALL_LENGTH_2700                                0        0.000%                0        0.000%
RET_STALL_LENGTH_2800                                0        0.000%                0        0.000%
RET_STALL_LENGTH_2900                                0        0.000%                0        0.000%
RET_STALL_LENGTH_3000                                0        0.000%                0        0.000%
RET_STALL_LENGTH_3100                                0        0.000%                0        0.000%
RET_STALL_LENGTH_3200                                0        0.000%                0        0.000%
RET_STALL_LENGTH_3300                                0        0.000%                0        0.000%
RET_STALL_LENGTH_3400                                0        0.000%                0        0.000%
RET_STALL_LENGTH_3500                                0        0.000%                0        0.000%
RET_STALL_LENGTH_3600                                0        0.000%                0        0.000%
RET_STALL_LENGTH_3700                                0        0.000%                0        0.000%
RET_STALL_LENGTH_3800                                0        0.000%                0        0.000%
RET_STALL_LENGTH_3900                                0        0.000%                0        0.000%
RET_STALL_LENGTH_4000                                0        0.000%                0        0.000%
RET_STALL_LENGTH_4100                                0        0.000%                0        0.000%
RET_STALL_LENGTH_4200                                0        0.000%                0        0.000%
RET_STALL_LENGTH_4300                                0        0.000%                0        0.000%
RET_STALL_LENGTH_4400                                0        0.000%                0        0.000%
RET_STALL_LENGTH_4500                                0        0.000%                0        0.000%
RET_STALL_LENGTH_4600                                0        0.000%                0        0.000%
RET_STALL_LENGTH_4700                                0        0.000%                0        0.000%
RET_STALL_LENGTH_4800                                0        0.000%                0        0.000%
RET_STALL_LENGTH_4900                                0        0.000%                0        0.000%
RET_STALL_LENGTH_5000                                0        0.000%                0        0.000%
                                             105264723      100.000%        105264723      100.000%
                                                  0.00         0.01              0.00         0.01

MEM_BLOCK_LENGTH_0                                1898       87.224%             1898       87.224%
MEM_BLOCK_LENGTH_100                               117        5.377%              117        5.377%
MEM_BLOCK_LENGTH_200                                45        2.068%               45        2.068%
MEM_BLOCK_LENGTH_300                                38        1.746%               38        1.746%
MEM_BLOCK_LENGTH_400                                36        1.654%               36        1.654%
MEM_BLOCK_LENGTH_500                                21        0.965%               21        0.965%
MEM_BLOCK_LENGTH_600                                 9        0.414%                9        0.414%
MEM_BLOCK_LENGTH_700                                 7        0.322%                7        0.322%
MEM_BLOCK_LENGTH_800                                 2        0.092%                2        0.092%
MEM_BLOCK_LENGTH_900                                 0        0.000%                0        0.000%
MEM_BLOCK_LENGTH_1000                                1        0.046%                1        0.046%
MEM_BLOCK_LENGTH_1100                                1        0.046%                1        0.046%
MEM_BLOCK_LENGTH_1200                                0        0.000%                0        0.000%
MEM_BLOCK_LENGTH_1300                                1        0.046%                1        0.046%
MEM_BLOCK_LENGTH_1400                                0        0.000%                0        0.000%
MEM_BLOCK_LENGTH_1500                                0        0.000%                0        0.000%
MEM_BLOCK_LENGTH_1600                                0        0.000%                0        0.000%
MEM_BLOCK_LENGTH_1700                                0        0.000%                0        0.000%
MEM_BLOCK_LENGTH_1800                                0        0.000%                0        0.000%
MEM_BLOCK_LENGTH_1900                                0        0.000%                0        0.000%
MEM_BLOCK_LENGTH_2000                                0        0.000%                0        0.000%
MEM_BLOCK_LENGTH_2100                                0        0.000%                0        0.000%
MEM_BLOCK_LENGTH_2200                                0        0.000%                0        0.000%
MEM_BLOCK_LENGTH_2300                                0        0.000%                0        0.000%
MEM_BLOCK_LENGTH_2400                                0        0.000%                0        0.000%
MEM_BLOCK_LENGTH_2500                                0        0.000%                0        0.000%
MEM_BLOCK_LENGTH_2600                                0        0.000%                0        0.000%
MEM_BLOCK_LENGTH_2700                                0        0.000%                0        0.000%
MEM_BLOCK_LENGTH_2800                                0        0.000%                0        0.000%
MEM_BLOCK_LENGTH_2900                                0        0.000%                0        0.000%
MEM_BLOCK_LENGTH_3000                                0        0.000%                0        0.000%
MEM_BLOCK_LENGTH_3100                                0        0.000%                0        0.000%
MEM_BLOCK_LENGTH_3200                                0        0.000%                0        0.000%
MEM_BLOCK_LENGTH_3300                                0        0.000%                0        0.000%
MEM_BLOCK_LENGTH_3400                                0        0.000%                0        0.000%
MEM_BLOCK_LENGTH_3500                                0        0.000%                0        0.000%
MEM_BLOCK_LENGTH_3600                                0        0.000%                0        0.000%
MEM_BLOCK_LENGTH_3700                                0        0.000%                0        0.000%
MEM_BLOCK_LENGTH_3800                                0        0.000%                0        0.000%
MEM_BLOCK_LENGTH_3900                                0        0.000%                0        0.000%
MEM_BLOCK_LENGTH_4000                                0        0.000%                0        0.000%
MEM_BLOCK_LENGTH_4100                                0        0.000%                0        0.000%
MEM_BLOCK_LENGTH_4200                                0        0.000%                0        0.000%
MEM_BLOCK_LENGTH_4300                                0        0.000%                0        0.000%
MEM_BLOCK_LENGTH_4400                                0        0.000%                0        0.000%
MEM_BLOCK_LENGTH_4500                                0        0.000%                0        0.000%
MEM_BLOCK_LENGTH_4600                                0        0.000%                0        0.000%
MEM_BLOCK_LENGTH_4700                                0        0.000%                0        0.000%
MEM_BLOCK_LENGTH_4800                                0        0.000%                0        0.000%
MEM_BLOCK_LENGTH_4900                                0        0.000%                0        0.000%
MEM_BLOCK_LENGTH_5000                                0        0.000%                0        0.000%
                                                  2176      100.000%             2176      100.000%
                                                  0.33         1.07              0.33         1.07

FUS_BUSY_ON_PATH                             111745919        4.7788        111745919        4.7788

FUS_BUSY_OFF_PATH                               213689        0.0091           213689        0.0091

FU_BUSY_MEM_STALL                              1298304        0.0555          1298304        0.0555

FUS_EMPTY                                    121875822        5.2120        121875822        5.2120

FU_UNAVAILABLE                                 4243960        0.1815          4243960        0.1815

FU_MEM_UNAVAILABLE                              578831        0.0248           578831        0.0248

FU_OTHER_UNAVAILABLE                                 0        0.0000                0        0.0000

FU_REPLAY                                            0        0.0000                0        0.0000

FU_STARVED                                   121855465        5.2112        121855465        5.2112

CHIP_UTILIZATION                                     0        0.0000                0        0.0000

CYCLES_UNDER_MEM_REQ                                 0                              0              

CYCLES_UNDER_NO_MEM_REQ                              0                              0              

CYCLES_UNDER_CRITICAL_MEM_REQ                        0                              0              

CYCLES_UNDER_NONCRITICAL_MEM_REQ                     0                              0              

CHIP_UTILIZATION_UNDER_MEM_REQ                       0          -nan                0          -nan

CHIP_UTILIZATION_UNDER_NO_MEM_REQ                    0          -nan                0          -nan

CHIP_UTILIZATION_UNDER_CRITICAL_MEM_REQ              0          -nan                0          -nan

CHIP_UTILIZATION_UNDER_NONCRITICAL_MEM_REQ             0          -nan                0          -nan

CYCLES_NOT_WAITING_FOR_OFF_CHIP                      0        0.0000                0        0.0000

FUS_BUSY_NOT_WAITING_FOR_OFF_CHIP                    0          -nan                0          -nan

CYCLES_WAITING_FOR_OFF_CHIP                          0        0.0000                0        0.0000

FUS_BUSY_WAITING_FOR_OFF_CHIP                        0          -nan                0          -nan

TOTAL_OFF_CHIP_DELAYS_LEFT                           0                              0              

WRONG_IO_SCHED                                       0                              0              

DVFS_CONFIG_SWITCH                                   0                              0              

MAP_STAGE_RECEIVED_OPS_0                             0        0.000%                0        0.000%
MAP_STAGE_RECEIVED_OPS_1                          3151        0.018%             3151        0.018%
MAP_STAGE_RECEIVED_OPS_2                          1823        0.010%             1823        0.010%
MAP_STAGE_RECEIVED_OPS_3                          2581        0.015%             2581        0.015%
MAP_STAGE_RECEIVED_OPS_4                          4728        0.027%             4728        0.027%
MAP_STAGE_RECEIVED_OPS_5                          2480        0.014%             2480        0.014%
MAP_STAGE_RECEIVED_OPS_6                      17534635       99.916%         17534635       99.916%
MAP_STAGE_RECEIVED_OPS_7                             0        0.000%                0        0.000%
MAP_STAGE_RECEIVED_OPS_8                             0        0.000%                0        0.000%
MAP_STAGE_RECEIVED_OPS_MAX                           0        0.000%                0        0.000%
                                              17549398      100.000%         17549398      100.000%
                                                  6.00         0.09              6.00         0.09

MAP_STAGE_WAIT_FOR_DECODE                            0         -nan%                0         -nan%
MAP_STAGE_CONSUME_DECODE                             0         -nan%                0         -nan%
                                                     0         -nan%                0         -nan%
                                                  -nan         -nan              -nan         -nan

MAP_STAGE_WAIT_FOR_DECODE2                           0         -nan%                0         -nan%
MAP_STAGE_CONSUME_DECODE2                            0         -nan%                0         -nan%
                                                     0         -nan%                0         -nan%
                                                  -nan         -nan              -nan         -nan

FTQ_RECOVER_EXEC                                  3461                           3461              

FTQ_RECOVER_DECODE                                 227                            227              

FTQ_OFFPATH_CYCLES                              411460                         411460              

FTQ_CYCLES_OFFPATH                              411460                         411460              

FTQ_CYCLES_ONPATH                             22972083                       22972083              

FTQ_FETCHED_INS_ONPATH                       105263996                      105263996              

FTQ_FETCHED_INS_OFFPATH                        2245830                        2245830              

FTQ_BREAK_FULL_FT_ONPATH                      22807357                       22807357              

FTQ_BREAK_FULL_FT_OFFPATH                       277073                         277073              

FTQ_BREAK_PRED_BR_ONPATH                             0                              0              

FTQ_BREAK_PRED_BR_OFFPATH                            0                              0              

FTQ_BREAK_BAR_FETCH_ONPATH                           0                              0              

FTQ_BREAK_BAR_FETCH_OFFPATH                          0                              0              

FTQ_BREAK_MAX_CFS_TAKEN_ONPATH                       0                              0              

FTQ_BREAK_MAX_CFS_TAKEN_OFFPATH                      0                              0              

FTQ_BREAK_MAX_FT_ONPATH                         164324                         164324              

FTQ_BREAK_MAX_FT_OFFPATH                        134387                         134387              

DFE_GEN_ON_PATH_FT                            10084382                       10084382              

DFE_GEN_OFF_PATH_FT                             213488                         213488              

DFE_L0_ENABLED_PREDICTIONS                   105264723                      105264723              

DFE_L0_WRONG_MAIN_CORRECT                         9413                           9413              

DFE_L0_WRONG_MAIN_WRONG                           3538                           3538              

DFE_L0_CORRECT_MAIN_WRONG                          150                            150              

DFE_L0_CORRECT_MAIN_CORRECT                  105251622                      105251622              

DFE_L0_WRONG_MAIN_CORRECT_RECOVERY_SCHEDULED             0                              0              

FTQ_SAW_BAR_FETCH_OFFPATH                          244                            244              

FTQ_SAW_BAR_FETCH_ONPATH                           639                            639              

DFE_CONF_0_RECOVER_AT_EXEC                           0         -nan%                0         -nan%
DFE_CONF_1_RECOVER_AT_EXEC                           0         -nan%                0         -nan%
DFE_CONF_2_RECOVER_AT_EXEC                           0         -nan%                0         -nan%
DFE_CONF_3_RECOVER_AT_EXEC                           0         -nan%                0         -nan%
DFE_CONF_0_CORRECT                                   0         -nan%                0         -nan%
DFE_CONF_1_CORRECT                                   0         -nan%                0         -nan%
DFE_CONF_2_CORRECT                                   0         -nan%                0         -nan%
DFE_CONF_3_CORRECT                                   0         -nan%                0         -nan%
                                                     0         -nan%                0         -nan%
                                                  -nan         -nan              -nan         -nan

DFE_ON_CONF_ON_OPS                                   0         -nan%                0         -nan%
DFE_ON_CONF_OFF_OPS                                  0         -nan%                0         -nan%
DFE_OFF_CONF_ON_OPS                                  0         -nan%                0         -nan%
DFE_OFF_CONF_OFF_REALISTIC_OPS                       0         -nan%                0         -nan%
DFE_OFF_CONF_OFF_PERFECT_OPS                         0         -nan%                0         -nan%
                                                     0         -nan%                0         -nan%
                                                  -nan         -nan              -nan         -nan

DFE_ON_CONF_ON_FETCH_TARGETS                         0         -nan%                0         -nan%
DFE_ON_CONF_OFF_FETCH_TARGETS                        0         -nan%                0         -nan%
DFE_OFF_CONF_ON_FETCH_TARGETS                        0         -nan%                0         -nan%
DFE_OFF_CONF_OFF_REALISTIC_FETCH_TARGETS             0         -nan%                0         -nan%
DFE_OFF_CONF_OFF_PERFECT_FETCH_TARGETS               0         -nan%                0         -nan%
                                                     0         -nan%                0         -nan%
                                                  -nan         -nan              -nan         -nan

DFE_ON_CONF_ON_CYCLES                                0         -nan%                0         -nan%
DFE_ON_CONF_OFF_CYCLES                               0         -nan%                0         -nan%
DFE_OFF_CONF_ON_CYCLES                               0         -nan%                0         -nan%
DFE_OFF_CONF_OFF_REALISTIC_CYCLES                    0         -nan%                0         -nan%
DFE_OFF_CONF_OFF_PERFECT_CYCLES                      0         -nan%                0         -nan%
                                                     0         -nan%                0         -nan%
                                                  -nan         -nan              -nan         -nan

DFE_OFF_CONF_ON_NUM_EVENTS                           0                              0              

DFE_OFF_CONF_ON_NOT_IDENTIFIED_EVENTS                0         -nan%                0         -nan%
DFE_OFF_CONF_ON_IBTB_MISS_EVENTS                     0         -nan%                0         -nan%
DFE_OFF_CONF_ON_BTB_MISS_EVENTS                      0         -nan%                0         -nan%
DFE_OFF_CONF_ON_BTB_MISS_RECOVER_AT_EXEC_EVENTS             0         -nan%                0         -nan%
DFE_OFF_CONF_ON_RECOVER_AT_EXEC_EVENTS               0         -nan%                0         -nan%
DFE_OFF_CONF_ON_RECOVER_AT_DECODE_EVENTS             0         -nan%                0         -nan%
                                                     0         -nan%                0         -nan%
                                                  -nan         -nan              -nan         -nan

DFE_OFF_CONF_ON_LATE_BTB_HIT_EVENTS                  0                              0              

DFE_OFF_CONF_ON_NOT_IDENTIFIED_CYCLES                0         -nan%                0         -nan%
DFE_OFF_CONF_ON_IBTB_MISS_CYCLES                     0         -nan%                0         -nan%
DFE_OFF_CONF_ON_BTB_MISS_CYCLES                      0         -nan%                0         -nan%
DFE_OFF_CONF_ON_BTB_MISS_RECOVER_AT_EXEC_CYCLES             0         -nan%                0         -nan%
DFE_OFF_CONF_ON_RECOVER_AT_EXEC_CYCLES               0         -nan%                0         -nan%
DFE_OFF_CONF_ON_RECOVER_AT_DECODE_CYCLES             0         -nan%                0         -nan%
                                                     0         -nan%                0         -nan%
                                                  -nan         -nan              -nan         -nan

DFE_OFF_CONF_ON_LATE_BTB_HIT_CYCLES                  0                              0              

DFE_OFF_CONF_ON_NOT_IDENTIFIED_FETCH_TARGETS             0         -nan%                0         -nan%
DFE_OFF_CONF_ON_IBTB_MISS_FETCH_TARGETS              0         -nan%                0         -nan%
DFE_OFF_CONF_ON_BTB_MISS_FETCH_TARGETS               0         -nan%                0         -nan%
DFE_OFF_CONF_ON_BTB_MISS_RECOVER_AT_EXEC_FETCH_TARGETS             0         -nan%                0         -nan%
DFE_OFF_CONF_ON_RECOVER_AT_EXEC_FETCH_TARGETS             0         -nan%                0         -nan%
DFE_OFF_CONF_ON_RECOVER_AT_DECODE_FETCH_TARGETS             0         -nan%                0         -nan%
                                                     0         -nan%                0         -nan%
                                                  -nan         -nan              -nan         -nan

DFE_OFF_CONF_ON_LATE_BTB_HIT_FETCH_TARGETS             0                              0              

DFE_OFF_CONF_ON_BP_INCORRECT_0_CONF                  0         -nan%                0         -nan%
DFE_OFF_CONF_ON_BP_INCORRECT_1_CONF                  0         -nan%                0         -nan%
DFE_OFF_CONF_ON_BP_INCORRECT_2_CONF                  0         -nan%                0         -nan%
DFE_OFF_CONF_ON_BP_INCORRECT_3_CONF                  0         -nan%                0         -nan%
                                                     0         -nan%                0         -nan%
                                                  -nan         -nan              -nan         -nan

DFE_OFF_CONF_ON_BTB_MISS_CBR_0_CONF                  0         -nan%                0         -nan%
DFE_OFF_CONF_ON_BTB_MISS_CBR_1_CONF                  0         -nan%                0         -nan%
DFE_OFF_CONF_ON_BTB_MISS_CBR_2_CONF                  0         -nan%                0         -nan%
DFE_OFF_CONF_ON_BTB_MISS_CBR_3_CONF                  0         -nan%                0         -nan%
                                                     0         -nan%                0         -nan%
                                                  -nan         -nan              -nan         -nan

DFE_OFF_CONF_ON_BTB_MISS_NOT_CF                      0         -nan%                0         -nan%
DFE_OFF_CONF_ON_BTB_MISS_CF_BR                       0         -nan%                0         -nan%
DFE_OFF_CONF_ON_BTB_MISS_CF_CBR                      0         -nan%                0         -nan%
DFE_OFF_CONF_ON_BTB_MISS_CF_CALL                     0         -nan%                0         -nan%
DFE_OFF_CONF_ON_BTB_MISS_CF_IBR                      0         -nan%                0         -nan%
DFE_OFF_CONF_ON_BTB_MISS_CF_ICALL                    0         -nan%                0         -nan%
DFE_OFF_CONF_ON_BTB_MISS_CF_ICO                      0         -nan%                0         -nan%
DFE_OFF_CONF_ON_BTB_MISS_CF_RET                      0         -nan%                0         -nan%
DFE_OFF_CONF_ON_BTB_MISS_CF_SYS                      0         -nan%                0         -nan%
                                                     0         -nan%                0         -nan%
                                                  -nan         -nan              -nan         -nan

DFE_ON_CONF_OFF_NUM_EVENTS                           0                              0              

CONF_BTB_NUM_CYCLES_OFF_PATH_EVENT                   0                              0              

DFE_ON_CONF_OFF_IBTB_MISS_BP_TAKEN                   0         -nan%                0         -nan%
DFE_ON_CONF_OFF_BTB_MISS_BP_TAKEN_CONF_0             0         -nan%                0         -nan%
DFE_ON_CONF_OFF_BTB_MISS_BP_TAKEN_CONF_1             0         -nan%                0         -nan%
DFE_ON_CONF_OFF_BTB_MISS_BP_TAKEN_CONF_2             0         -nan%                0         -nan%
DFE_ON_CONF_OFF_BTB_MISS_BP_TAKEN_CONF_3             0         -nan%                0         -nan%
DFE_ON_CONF_OFF_BTB_MISS_RATE                        0         -nan%                0         -nan%
DFE_ON_CONF_OFF_IBTB_MISS_RATE                       0         -nan%                0         -nan%
DFE_ON_CONF_OFF_RECOVER_AT_DECODE_RATE               0         -nan%                0         -nan%
DFE_ON_CONF_OFF_RECOVER_AT_EXEC_RATE                 0         -nan%                0         -nan%
DFE_ON_CONF_OFF_INV_CONF_INC                         0         -nan%                0         -nan%
DFE_ON_CONF_OFF_PERFECT_CONF                         0         -nan%                0         -nan%
                                                     0         -nan%                0         -nan%
                                                  -nan         -nan              -nan         -nan

DFE_ON_CONF_OFF_IBTB_MISS_BP_TAKEN_CYCLES             0         -nan%                0         -nan%
DFE_ON_CONF_OFF_BTB_MISS_BP_TAKEN_CONF_0_CYCLES             0         -nan%                0         -nan%
DFE_ON_CONF_OFF_BTB_MISS_BP_TAKEN_CONF_1_CYCLES             0         -nan%                0         -nan%
DFE_ON_CONF_OFF_BTB_MISS_BP_TAKEN_CONF_2_CYCLES             0         -nan%                0         -nan%
DFE_ON_CONF_OFF_BTB_MISS_BP_TAKEN_CONF_3_CYCLES             0         -nan%                0         -nan%
DFE_ON_CONF_OFF_BTB_MISS_RATE_CYCLES                 0         -nan%                0         -nan%
DFE_ON_CONF_OFF_IBTB_MISS_RATE_CYCLES                0         -nan%                0         -nan%
DFE_ON_CONF_OFF_RECOVER_AT_DECODE_RATE_CYCLES             0         -nan%                0         -nan%
DFE_ON_CONF_OFF_RECOVER_AT_EXEC_RATE_CYCLES             0         -nan%                0         -nan%
DFE_ON_CONF_OFF_INV_CONF_INC_CYCLES                  0         -nan%                0         -nan%
DFE_ON_CONF_OFF_PERFECT_CONF_CYCLES                  0         -nan%                0         -nan%
                                                     0         -nan%                0         -nan%
                                                  -nan         -nan              -nan         -nan

DFE_ON_CONF_OFF_IBTB_MISS_BP_TAKEN_FETCH_TARGETS             0         -nan%                0         -nan%
DFE_ON_CONF_OFF_BTB_MISS_BP_TAKEN_CONF_0_FETCH_TARGETS             0         -nan%                0         -nan%
DFE_ON_CONF_OFF_BTB_MISS_BP_TAKEN_CONF_1_FETCH_TARGETS             0         -nan%                0         -nan%
DFE_ON_CONF_OFF_BTB_MISS_BP_TAKEN_CONF_2_FETCH_TARGETS             0         -nan%                0         -nan%
DFE_ON_CONF_OFF_BTB_MISS_BP_TAKEN_CONF_3_FETCH_TARGETS             0         -nan%                0         -nan%
DFE_ON_CONF_OFF_BTB_MISS_RATE_FETCH_TARGETS             0         -nan%                0         -nan%
DFE_ON_CONF_OFF_IBTB_MISS_RATE_FETCH_TARGETS             0         -nan%                0         -nan%
DFE_ON_CONF_OFF_RECOVER_AT_DECODE_RATE_FETCH_TARGETS             0         -nan%                0         -nan%
DFE_ON_CONF_OFF_RECOVER_AT_EXEC_RATE_FETCH_TARGETS             0         -nan%                0         -nan%
DFE_ON_CONF_OFF_INV_CONF_INC_FETCH_TARGETS             0         -nan%                0         -nan%
DFE_ON_CONF_OFF_PERFECT_CONF_FETCH_TARGETS             0         -nan%                0         -nan%
                                                     0         -nan%                0         -nan%
                                                  -nan         -nan              -nan         -nan

CONF_OFF_IBTB_MISS_BP_TAKEN                          0         -nan%                0         -nan%
CONF_OFF_BTB_MISS_BP_TAKEN_CONF_0                    0         -nan%                0         -nan%
CONF_OFF_BTB_MISS_BP_TAKEN_CONF_1                    0         -nan%                0         -nan%
CONF_OFF_BTB_MISS_BP_TAKEN_CONF_2                    0         -nan%                0         -nan%
CONF_OFF_BTB_MISS_BP_TAKEN_CONF_3                    0         -nan%                0         -nan%
CONF_OFF_BTB_MISS_RATE                               0         -nan%                0         -nan%
CONF_OFF_IBTB_MISS_RATE                              0         -nan%                0         -nan%
CONF_OFF_RECOVER_AT_DECODE_RATE                      0         -nan%                0         -nan%
CONF_OFF_RECOVER_AT_EXEC_RATE                        0         -nan%                0         -nan%
CONF_OFF_INV_CONF_INC                                0         -nan%                0         -nan%
CONF_OFF_PERFECT_CONF                                0         -nan%                0         -nan%
                                                     0         -nan%                0         -nan%
                                                  -nan         -nan              -nan         -nan

TOPDOWN_TOTAL_SLOTS                          140301258                      140301258              

TOPDOWN_ISSUED_SLOTS                         105875225                      105875225              

TOPDOWN_RETIRED_SLOTS                        105264723                      105264723              

TOPDOWN_FETCH_BUBBLES_SLOTS                     365454                         365454              

TOPDOWN_RECOVERY_BUBBLES_SLOTS                   81797                          81797              

TOPDOWN_MEM_LOAD_STALLS_CYCLES                 5661150                        5661150              

TOPDOWN_MEM_STORE_STALLS_CYCLES                     27                             27              

TOPDOWN_EXEC_STALLS_CYCLES                     2930473                        2930473              

TOPDOWN_BACKEND_STALLS_CYCLES                  5661907                        5661907              

TOPDOWN_FETCH_BUBBLES_GT_MIW_CYCLES              53510                          53510              

TOPDOWN_BR_RECOVER_AT_EXEC_RETIRED_CYCLES          3461                           3461              

TOPDOWN_MACHINE_CLEAR_CYCLES                     13101                          13101              

TOPDOWN_FRONTEND_BOUND                              26                             26              

TOPDOWN_BACKEND_BOUND                             2423                           2423              

TOPDOWN_BAD_SPEC_BOUND                              49                             49              

TOPDOWN_RETIRING_BOUND                            7502                           7502              

TOPDOWN_FETCH_LATENCY_BOUND                         22                             22              

TOPDOWN_FETCH_BANDWIDTH_BOUND                        4                              4              

TOPDOWN_MEM_BOUND                                 2422                           2422              

TOPDOWN_CORE_BOUND                                   1                              1              

TOPDOWN_BR_RECOVER_AT_EXEC_BOUND                    10                             10              

TOPDOWN_MACHINE_CLEARS_BOUND                        39                             39              

H2P_SEEN_MAIN                                        0                              0              



