/* -*- Mode: c -*- */
####################################################################################################
Core 0
####################################################################################################
Cumulative:        Cycles: 30578721              Instructions: 59999999              IPC: 1.96215

Periodic:          Cycles: 30578721              Instructions: 59999999              IPC: 1.96215

MISS_WAIT_TIME                                10597610                       10597610              

ICACHE_STAGE_MISS                                  132                            132              

ICACHE_CYCLE                                  30578721                       30578721              

TCACHE_CYCLE                                         0                              0              

ICACHE_SERVING_CYCLE_ON_PATH                    882025                         882025              

ICACHE_SERVING_CYCLE_OFF_PATH                     1338                           1338              

UCACHE_SERVING_CYCLE_ON_PATH                  29543900                       29543900              

UCACHE_SERVING_CYCLE_OFF_PATH                     3157                           3157              

ICACHE_CYCLE_ONPATH                           30572181       99.979%         30572181       99.979%
ICACHE_CYCLE_OFFPATH                              6540        0.021%             6540        0.021%
                                              30578721      100.000%         30578721      100.000%
                                                  0.00         0.01              0.00         0.01

FETCH_ON_PATH                                 30572375       99.979%         30572375       99.979%
FETCH_OFF_PATH                                    6346        0.021%             6346        0.021%
                                              30578721      100.000%         30578721      100.000%
                                                  0.00         0.01              0.00         0.01

FETCHED_OPS_ON_PATH                                  0         -nan%                0         -nan%
FETCHED_OPS_OFF_PATH                                 0         -nan%                0         -nan%
                                                     0         -nan%                0         -nan%
                                                  -nan         -nan              -nan         -nan

INST_LOST_FETCH                               70113673       22.164%         70113673       22.164%
INST_LOST_OFF_PATH                               20367        0.006%            20367        0.006%
INST_LOST_FULL_WINDOW                         13446954        4.251%         13446954        4.251%
INST_LOST_ROB_STALL_OTHER                     27657712        8.743%         27657712        8.743%
INST_LOST_ROB_STALL_WAIT_FOR_RECOVERY                0        0.000%                0        0.000%
INST_LOST_ROB_STALL_WAIT_FOR_REDIRECT                0        0.000%                0        0.000%
INST_LOST_ROB_STALL_WAIT_FOR_GAP_FILL                0        0.000%                0        0.000%
INST_LOST_ROB_STALL_WAIT_FOR_L1_MISS                 0        0.000%                0        0.000%
INST_LOST_ROB_STALL_WAIT_FOR_MEMORY          117071032       37.007%        117071032       37.007%
INST_LOST_ROB_STALL_WAIT_FOR_DC_MISS           1679404        0.531%          1679404        0.531%
INST_LOST_ROB_BLOCK_ISSUE_FULL                       0        0.000%                0        0.000%
INST_LOST_ROB_BLOCK_ISSUE_GAP_TOO_LARGE              0        0.000%                0        0.000%
INST_LOST_BREAK_DONT                                 0        0.000%                0        0.000%
INST_LOST_BREAK_FT_UNAVAILABLE                  299708        0.095%           299708        0.095%
INST_LOST_BREAK_ICACHE_STAGE_RESTEER              7034        0.002%             7034        0.002%
INST_LOST_BREAK_ICACHE_MISS_REQ_SUCCESS            475        0.000%              475        0.000%
INST_LOST_BREAK_ICACHE_MISS_REQ_FAILURE              0        0.000%                0        0.000%
INST_LOST_BREAK_ICACHE_WAIT_FOR_MISS             29970        0.009%            29970        0.009%
INST_LOST_BREAK_ICACHE_STALLED                  483218        0.153%           483218        0.153%
INST_LOST_BREAK_ICACHE_TO_UOP_CACHE_SWITCH        437434        0.138%           437434        0.138%
INST_LOST_BREAK_ICACHE_READ_LIMIT               215067        0.068%           215067        0.068%
INST_LOST_BREAK_ICACHE_ISSUE_WIDTH                   0        0.000%                0        0.000%
INST_LOST_BREAK_UOP_CACHE_STALLED             73216468       23.144%         73216468       23.144%
INST_LOST_BREAK_UOP_CACHE_TO_ICACHE_SWITCH       1560020        0.493%          1560020        0.493%
INST_LOST_BREAK_UOP_CACHE_READ_LIMIT          10108690        3.195%         10108690        3.195%
INST_LOST_BREAK_UOP_CACHE_ISSUE_WIDTH                0        0.000%                0        0.000%
                                             316347226      100.000%        316347226      100.000%
                                                  9.41         7.17              9.41         7.17

INST_LOST_TOTAL                              242765782                      242765782              

INST_LOST_WAIT_FOR_ICACHE_MISS_NOT_PREFETCHED          3168       15.971%             3168       15.971%
INST_LOST_WAIT_FOR_ICACHE_MISS_PREFETCHED_AND_EVICTED_BY_IFETCH             0        0.000%                0        0.000%
INST_LOST_WAIT_FOR_ICACHE_MISS_PREFETCHED_AND_EVICTED_BY_FDIP             0        0.000%                0        0.000%
INST_LOST_WAIT_FOR_ICACHE_MISS_MSHR_HIT_PREF_OFFPATH            84        0.423%               84        0.423%
INST_LOST_WAIT_FOR_ICACHE_MISS_MSHR_HIT_PREF_ONPATH         16584       83.606%            16584       83.606%
                                                 19836      100.000%            19836      100.000%
                                                  3.36         3.13              3.36         3.13

FETCH_0_OPS                                     129553        0.424%           129553        0.424%
FETCH_1_OPS                                     196109        0.641%           196109        0.641%
FETCH_2_OPS                                     216658        0.709%           216658        0.709%
FETCH_3_OPS                                     325851        1.066%           325851        1.066%
FETCH_4_OPS                                   19975164       65.324%         19975164       65.324%
FETCH_5_OPS                                     411829        1.347%           411829        1.347%
FETCH_6_OPS                                     676141        2.211%           676141        2.211%
FETCH_7_OPS                                     395255        1.293%           395255        1.293%
FETCH_8_OPS                                    8252161       26.987%          8252161       26.987%
FETCH_9_OPS                                          0        0.000%                0        0.000%
FETCH_10_OPS                                         0        0.000%                0        0.000%
FETCH_11_OPS                                         0        0.000%                0        0.000%
FETCH_12_OPS                                         0        0.000%                0        0.000%
FETCH_13_OPS                                         0        0.000%                0        0.000%
FETCH_14_OPS                                         0        0.000%                0        0.000%
FETCH_15_OPS                                         0        0.000%                0        0.000%
FETCH_16_OPS                                         0        0.000%                0        0.000%
                                              30578721      100.000%         30578721      100.000%
                                                  5.11         1.83              5.11         1.83

ST_BREAK_DONT                                        0        0.000%                0        0.000%
ST_BREAK_FT_UNAVAILABLE                          62670        0.205%            62670        0.205%
ST_BREAK_ICACHE_STAGE_RESTEER                     1173        0.004%             1173        0.004%
ST_BREAK_ICACHE_MISS_REQ_SUCCESS                   132        0.000%              132        0.000%
ST_BREAK_ICACHE_MISS_REQ_FAILURE                     0        0.000%                0        0.000%
ST_BREAK_ICACHE_WAIT_FOR_MISS                     4995        0.016%             4995        0.016%
ST_BREAK_ICACHE_STALLED                          81353        0.266%            81353        0.266%
ST_BREAK_ICACHE_TO_UOP_CACHE_SWITCH             287432        0.940%           287432        0.940%
ST_BREAK_ICACHE_READ_LIMIT                      142339        0.465%           142339        0.465%
ST_BREAK_ICACHE_ISSUE_WIDTH                     372536        1.218%           372536        1.218%
ST_BREAK_UOP_CACHE_STALLED                    19922018       65.150%         19922018       65.150%
ST_BREAK_UOP_CACHE_TO_ICACHE_SWITCH             283650        0.928%           283650        0.928%
ST_BREAK_UOP_CACHE_READ_LIMIT                  2724976        8.911%          2724976        8.911%
ST_BREAK_UOP_CACHE_ISSUE_WIDTH                 6695447       21.896%          6695447       21.896%
                                              30578721      100.000%         30578721      100.000%
                                                 10.76         5.24             10.76         5.24

ORACLE_ON_PATH_INST                           70113673       99.971%         70113673       99.971%
ORACLE_OFF_PATH_INST                             20367        0.029%            20367        0.029%
                                              70134040      100.000%         70134040      100.000%
                                                  0.00         0.02              0.00         0.02

ORACLE_ON_PATH_INST_MEM                       20512029       29.247%         20512029       29.247%
ORACLE_ON_PATH_INST_NOTMEM                    49601644       70.724%         49601644       70.724%
ORACLE_OFF_PATH_INST_MEM                          3787        0.005%             3787        0.005%
ORACLE_OFF_PATH_INST_NOTMEM                      16580        0.024%            16580        0.024%
                                              70134040      100.000%         70134040      100.000%
                                                  0.71         0.25              0.71         0.25

ICACHE_CYCLE_NONRA_ONPATH                            0         -nan%                0         -nan%
ICACHE_CYCLE_NONRA_OFFPATH                           0         -nan%                0         -nan%
ICACHE_CYCLE_RA_ONPATH                               0         -nan%                0         -nan%
ICACHE_CYCLE_RA_OFFPATH                              0         -nan%                0         -nan%
                                                     0         -nan%                0         -nan%
                                                  -nan         -nan              -nan         -nan

ICACHE_CYCLE_ONPATH_NONRA                            0         -nan%                0         -nan%
ICACHE_CYCLE_OFFPATH_NONRA                           0         -nan%                0         -nan%
                                                     0         -nan%                0         -nan%
                                                  -nan         -nan              -nan         -nan

ICACHE_CYCLE_ONPATH_RA                               0         -nan%                0         -nan%
ICACHE_CYCLE_OFFPATH_RA                              0         -nan%                0         -nan%
                                                     0         -nan%                0         -nan%
                                                  -nan         -nan              -nan         -nan

INACCURATE_OFFPATH_CYCLES                            0        0.0000                0        0.0000

FETCH_ALL_INST                                70134040                       70134040              

EXEC_ALL_INST                                 66945810                       66945810              

RET_ALL_INST                                  70113673                       70113673              

EXEC_ON_PATH_INST                             66939805       99.991%         66939805       99.991%
EXEC_OFF_PATH_INST                                6005        0.009%             6005        0.009%
                                              66945810      100.000%         66945810      100.000%
                                                  0.00         0.01              0.00         0.01

EXEC_ON_PATH_INST_MEM                         17338161       25.899%         17338161       25.899%
EXEC_ON_PATH_INST_NOTMEM                      49601644       74.092%         49601644       74.092%
EXEC_OFF_PATH_INST_MEM                             742        0.001%              742        0.001%
EXEC_OFF_PATH_INST_NOTMEM                         5263        0.008%             5263        0.008%
                                              66945810      100.000%         66945810      100.000%
                                                  0.74         0.22              0.74         0.22

EXEC_RA_INST                                         0         -nan%                0         -nan%
EXEC_NONRA_INST                                      0         -nan%                0         -nan%
                                                     0         -nan%                0         -nan%
                                                  -nan         -nan              -nan         -nan

EXEC_ON_PATH_INST_RA                                 0         -nan%                0         -nan%
EXEC_OFF_PATH_INST_RA                                0         -nan%                0         -nan%
                                                     0         -nan%                0         -nan%
                                                  -nan         -nan              -nan         -nan

EXEC_ON_PATH_INST_NONRA                              0         -nan%                0         -nan%
EXEC_OFF_PATH_INST_NONRA                             0         -nan%                0         -nan%
                                                     0         -nan%                0         -nan%
                                                  -nan         -nan              -nan         -nan

EXEC_RA_ON_PATH_INST                                 0         -nan%                0         -nan%
EXEC_RA_OFF_PATH_INST                                0         -nan%                0         -nan%
EXEC_NONRA_ON_PATH_INST                              0         -nan%                0         -nan%
EXEC_NONRA_OFF_PATH_INST                             0         -nan%                0         -nan%
                                                     0         -nan%                0         -nan%
                                                  -nan         -nan              -nan         -nan

ICACHE_THROTTLE_CYCLE                                0                              0              

FETCH_ENABLE_THROTTLE_OFF_PATH                       0         -nan%                0         -nan%
FETCH_ENABLE_THROTTLE_ON_PATH                        0         -nan%                0         -nan%
                                                     0         -nan%                0         -nan%
                                                  -nan         -nan              -nan         -nan

FETCH_DISABLE_THROTTLE_OFF_PATH                      0         -nan%                0         -nan%
FETCH_DISABLE_THROTTLE_ON_PATH                       0         -nan%                0         -nan%
                                                     0         -nan%                0         -nan%
                                                  -nan         -nan              -nan         -nan

FETCH_TH_ADJUST__0                                   0         -nan%                0         -nan%
FETCH_TH_ADJUST__1                                   0         -nan%                0         -nan%
FETCH_TH_ADJUST__2                                   0         -nan%                0         -nan%
FETCH_TH_ADJUST__3                                   0         -nan%                0         -nan%
FETCH_TH_ADJUST__4                                   0         -nan%                0         -nan%
FETCH_TH_ADJUST__5                                   0         -nan%                0         -nan%
FETCH_TH_ADJUST__6                                   0         -nan%                0         -nan%
FETCH_TH_ADJUST__7                                   0         -nan%                0         -nan%
FETCH_TH_ADJUST__8                                   0         -nan%                0         -nan%
FETCH_TH_ADJUST__9                                   0         -nan%                0         -nan%
FETCH_TH_ADJUST__MAX                                 0         -nan%                0         -nan%
                                                     0         -nan%                0         -nan%
                                                  -nan         -nan              -nan         -nan

FETCH_TH_ADJUST_UP                                   0         -nan%                0         -nan%
FETCH_TH_ADJUST_DOWN                                 0         -nan%                0         -nan%
FETCH_TH_ADJUST_SAME                                 0         -nan%                0         -nan%
                                                     0         -nan%                0         -nan%
                                                  -nan         -nan              -nan         -nan

THROTTLE_ADJUST_CACHE_MISS_INFO                      0                              0              

LOW_CONF_COUNT_BP_MIS_0                              0         -nan%                0         -nan%
LOW_CONF_COUNT_BP_MIS_1                              0         -nan%                0         -nan%
LOW_CONF_COUNT_BP_MIS_2                              0         -nan%                0         -nan%
LOW_CONF_COUNT_BP_MIS_3                              0         -nan%                0         -nan%
LOW_CONF_COUNT_BP_MIS_4                              0         -nan%                0         -nan%
LOW_CONF_COUNT_BP_MIS_5                              0         -nan%                0         -nan%
LOW_CONF_COUNT_BP_MIS_6                              0         -nan%                0         -nan%
LOW_CONF_COUNT_BP_MIS_7                              0         -nan%                0         -nan%
LOW_CONF_COUNT_BP_MIS_8                              0         -nan%                0         -nan%
LOW_CONF_COUNT_BP_MIS_9                              0         -nan%                0         -nan%
LOW_CONF_COUNT_BP_MIS_10                             0         -nan%                0         -nan%
LOW_CONF_COUNT_BP_MIS_11                             0         -nan%                0         -nan%
LOW_CONF_COUNT_BP_MIS_12                             0         -nan%                0         -nan%
LOW_CONF_COUNT_BP_MIS_13                             0         -nan%                0         -nan%
LOW_CONF_COUNT_BP_MIS_14                             0         -nan%                0         -nan%
LOW_CONF_COUNT_BP_MIS_15                             0         -nan%                0         -nan%
LOW_CONF_COUNT_BP_MIS_16                             0         -nan%                0         -nan%
LOW_CONF_COUNT_BP_MIS_17                             0         -nan%                0         -nan%
LOW_CONF_COUNT_BP_MIS_18                             0         -nan%                0         -nan%
LOW_CONF_COUNT_BP_MIS_19                             0         -nan%                0         -nan%
LOW_CONF_COUNT_BP_MIS_20                             0         -nan%                0         -nan%
                                                     0         -nan%                0         -nan%
                                                  -nan         -nan              -nan         -nan

LOW_CONF_COUNT_RET_0                                 0         -nan%                0         -nan%
LOW_CONF_COUNT_RET_1                                 0         -nan%                0         -nan%
LOW_CONF_COUNT_RET_2                                 0         -nan%                0         -nan%
LOW_CONF_COUNT_RET_3                                 0         -nan%                0         -nan%
LOW_CONF_COUNT_RET_4                                 0         -nan%                0         -nan%
LOW_CONF_COUNT_RET_5                                 0         -nan%                0         -nan%
LOW_CONF_COUNT_RET_6                                 0         -nan%                0         -nan%
LOW_CONF_COUNT_RET_7                                 0         -nan%                0         -nan%
LOW_CONF_COUNT_RET_8                                 0         -nan%                0         -nan%
LOW_CONF_COUNT_RET_9                                 0         -nan%                0         -nan%
LOW_CONF_COUNT_RET_10                                0         -nan%                0         -nan%
LOW_CONF_COUNT_RET_11                                0         -nan%                0         -nan%
LOW_CONF_COUNT_RET_12                                0         -nan%                0         -nan%
LOW_CONF_COUNT_RET_13                                0         -nan%                0         -nan%
LOW_CONF_COUNT_RET_14                                0         -nan%                0         -nan%
LOW_CONF_COUNT_RET_15                                0         -nan%                0         -nan%
LOW_CONF_COUNT_RET_16                                0         -nan%                0         -nan%
LOW_CONF_COUNT_RET_17                                0         -nan%                0         -nan%
LOW_CONF_COUNT_RET_18                                0         -nan%                0         -nan%
LOW_CONF_COUNT_RET_19                                0         -nan%                0         -nan%
LOW_CONF_COUNT_RET_20                                0         -nan%                0         -nan%
                                                     0         -nan%                0         -nan%
                                                  -nan         -nan              -nan         -nan

CYCLES_RESTEER_RECOVER_AT_EXEC                       0         -nan%                0         -nan%
CYCLES_RESTEER_RECOVER_AT_DECODE                     0         -nan%                0         -nan%
CYCLES_RESTEER_BTB_MISS                              0         -nan%                0         -nan%
                                                     0         -nan%                0         -nan%
                                                  -nan         -nan              -nan         -nan

CYCLES_RESTEER_RECOVER_AT_EXEC_SAVED_UC_FETCH             0         -nan%                0         -nan%
CYCLES_RESTEER_RECOVER_AT_EXEC_COULD_BE_SAVED_UC_FETCH             0         -nan%                0         -nan%
CYCLES_RESTEER_RECOVER_AT_DECODE_SAVED_UC_FETCH             0         -nan%                0         -nan%
CYCLES_RESTEER_RECOVER_AT_DECODE_COULD_BE_SAVED_UC_FETCH             0         -nan%                0         -nan%
CYCLES_RESTEER_BTB_MISS_SAVED_UC_FETCH               0         -nan%                0         -nan%
CYCLES_RESTEER_BTB_MISS_COULD_BE_SAVED_UC_FETCH             0         -nan%                0         -nan%
                                                     0         -nan%                0         -nan%
                                                  -nan         -nan              -nan         -nan

CYCLES_UOC_IC_SWITCH                                 0                              0              



