/* -*- Mode: c -*- */
####################################################################################################
Core 0
####################################################################################################
Cumulative:        Cycles: 112705335             Instructions: 59999999              IPC: 0.53236

Periodic:          Cycles: 112705335             Instructions: 59999999              IPC: 0.53236

APT_LIVE_LD2_PREDICTION_PEAK                       106                            106              

APT_LIVE_LD2_PREDICTION_OBSERVATIONS                 0                              0              

APT_LIVE_LD2_PREDICTION_TOTAL                        0                              0              

IFUSE_FUSED_LOADS                              2609389                        2609389              

IFUSE_MISPREDICTED_LOADS                            33                             33              

IFUSE_MISPREDICTION_FLUSHES                         31                             31              

IFUSE_MISPREDICTED_CACHE_BLOCK_ADDR                 25                             25              

IFUSE_MISPREDICTED_OFFSET_DELTA                     33                             33              

ACI_REPLAYED_INSERTS                                 0                              0              

ACI_BACKING_ALLOC_FAILURES                           0                              0              

ACI_PREDICTION_INSERTS                         2612718                        2612718              

ACI_SAME_CACHEBLOCK_INSERTS                      77141                          77141              

ACI_LOOKUP_NO_MATCHES                               25                             25              

ACI_LOOKUP_MATCHES                             2609397                        2609397              

ACI_PREDICTION_INVALIDATIONS                      3321                           3321              

ACI_STALE_PREDICTION_REMOVALS                        0                              0              

FCT_LD2_REPLACEMENTS                                 1                              1              

FCT_DELTA_SLOT0_PREDICTIONS                    2612712                        2612712              

FCT_DELTA_SLOT1_PREDICTIONS                          6                              6              

FCT_DELTA_SLOT_REPLACEMENTS                         33                             33              

FCT_SECOND_DELTA_PROMOTIONS                          4                              4              

TRAINING_TABLE_INSERTS                             388                            388              

TRAINING_TABLE_PROMOTIONS                           61                             61              

TRAINING_TABLE_BACKING_ALLOC_FAILURES                0                              0              



