/* -*- Mode: c -*- */
####################################################################################################
Core 0
####################################################################################################
Cumulative:        Cycles: 50857014              Instructions: 59999999              IPC: 1.17978

Periodic:          Cycles: 50857014              Instructions: 59999999              IPC: 1.17978

EXECUTION_TIME                           15892816875000                  15892816875000              

SIM_HOST_WALL_SECONDS                       346.073237                     346.073237              

NODE_CYCLE                                    50857014                       50857014              

NODE_INST_COUNT                               61127614                       61127614              

NODE_INST_COUNT_FETCHED                       59999999                       59999999              

NODE_UOP_COUNT                                76725992                       76725992              

EXEC_STAGE_NO_ISSUE_STALL_CYCLE               23788194                       23788194              

EXEC_STAGE_NO_ISSUE_STALL_CYCLE_ONPATH        23744423                       23744423              

FULL_WINDOW_STALL                                 4780        0.009%             4780        0.009%

FULL_WINDOW_MEM_OP                                4672      100.000%             4672      100.000%
FULL_WINDOW_FP_OP                                    0        0.000%                0        0.000%
FULL_WINDOW_OTHER_OP                                 0        0.000%                0        0.000%
                                                  4672      100.000%             4672      100.000%
                                                  0.00         0.00              0.00         0.00

RET_BLOCKED_DC_MISS                           26288001       51.690%         26288001       51.690%

RET_BLOCKED_L1_MISS                           21310318       41.902%         21310318       41.902%

RET_BLOCKED_L1_MISS_BW_PREF                    1563371        3.074%          1563371        3.074%

RET_BLOCKED_L1_ACCESS                          5119797       10.067%          5119797       10.067%

RET_BLOCKED_MEM_STALL                         21497304       42.270%         21497304       42.270%

RET_BLOCKED_OFFCHIP_DEMAND                           0        0.000%                0        0.000%

OP_ISSUED                                     76881548                       76881548              

OP_RETIRED                                    76725992                       76725992              

OP_MACRO_FUSION_ONPATH                         8309994                        8309994              

OP_MACRO_FUSION_OFFPATH                          26569                          26569              

REPLAY_SIGNALED                                      0                              0              

REPLAY_COUNTED                                       0                              0              

OFF_CRITICAL_PATH                                    0         -nan%                0         -nan%
ON_CRITICAL_PATH                                     0         -nan%                0         -nan%
                                                     0         -nan%                0         -nan%
                                                  -nan         -nan              -nan         -nan

LD_NO_DEPENDENTS                                121360        0.670%           121360        0.670%
LD_DEPENDENTS                                 17994744       99.330%         17994744       99.330%
                                              18116104      100.000%         18116104      100.000%
                                                  0.99         0.99              0.99         0.99

LD_EXEC_CYCLES_0                                     0        0.000%                0        0.000%
LD_EXEC_CYCLES_1                                548149       81.806%           548149       81.806%
LD_EXEC_CYCLES_2                                 32151        4.798%            32151        4.798%
LD_EXEC_CYCLES_3                                 36598        5.462%            36598        5.462%
LD_EXEC_CYCLES_4                                 53164        7.934%            53164        7.934%
                                                670062      100.000%           670062      100.000%
                                                  1.40         0.99              1.40         0.99

ICACHE_STAGE_STARVED                            135089        0.266%           135089        0.266%
ICACHE_STAGE_NOT_STARVED                      50564058       99.734%         50564058       99.734%
                                              50699147      100.000%         50699147      100.000%
                                                  1.00         1.00              1.00         1.00

ICACHE_STAGE_STALLED                          39974201       78.601%         39974201       78.601%
ICACHE_STAGE_NOT_STALLED                      10724946       21.088%         10724946       21.088%
ICACHE_STAGE_OFF_PATH                           157867        0.310%           157867        0.310%
                                              50857014      100.000%         50857014      100.000%
                                                  0.22         0.37              0.22         0.37

DECODE_STAGE_STARVED                          50819715       99.995%         50819715       99.995%
DECODE_STAGE_NOT_STARVED                          2317        0.005%             2317        0.005%
                                              50822032      100.000%         50822032      100.000%
                                                  0.00         0.01              0.00         0.01

DECODE_STAGE_STALLED                                19        0.000%               19        0.000%
DECODE_STAGE_NOT_STALLED                      50822013       99.931%         50822013       99.931%
DECODE_STAGE_OFF_PATH                            34982        0.069%            34982        0.069%
                                              50857014      100.000%         50857014      100.000%
                                                  1.00         0.04              1.00         0.04

UOPQ_STAGE_STARVED                             1645747       15.302%          1645747       15.302%
UOPQ_STAGE_NOT_STARVED                         9109175       84.698%          9109175       84.698%
                                              10754922      100.000%         10754922      100.000%
                                                  0.85         0.79              0.85         0.79

UOPQ_STAGE_STALLED                            39979502       78.612%         39979502       78.612%
UOPQ_STAGE_NOT_STALLED                        10754922       21.147%         10754922       21.147%
UOPQ_STAGE_OFF_PATH                             122590        0.241%           122590        0.241%
                                              50857014      100.000%         50857014      100.000%
                                                  0.22         0.37              0.22         0.37

RS_OP_READY_NOT_ISSUED_TOTAL                  12615980                       12615980              

RS_0_OP_READY_NOT_ISSUED                       5980973                        5980973              

RS_1_OP_READY_NOT_ISSUED                       4086314                        4086314              

RS_2_OP_READY_NOT_ISSUED                       2548693                        2548693              

RS_3_OP_READY_NOT_ISSUED                             0                              0              

RS_4_OP_READY_NOT_ISSUED                             0                              0              

RS_5_OP_READY_NOT_ISSUED                             0                              0              

RS_6_OP_READY_NOT_ISSUED                             0                              0              

RS_7_OP_READY_NOT_ISSUED                             0                              0              

RS_7_PLUS_OP_READY_NOT_ISSUED                        0                              0              

FU_IDLE_NO_READY_OPS_TOTAL                   342043833                      342043833              

FU_0_IDLE_NO_READY_OPS                        28467895                       28467895              

FU_1_IDLE_NO_READY_OPS                        30911563                       30911563              

FU_2_IDLE_NO_READY_OPS                        37684569                       37684569              

FU_3_IDLE_NO_READY_OPS                        37669242                       37669242              

FU_4_IDLE_NO_READY_OPS                        31021651                       31021651              

FU_5_IDLE_NO_READY_OPS                        28113862                       28113862              

FU_6_IDLE_NO_READY_OPS                        39768831                       39768831              

FU_7_IDLE_NO_READY_OPS                        39762360                       39762360              

FU_8_IDLE_NO_READY_OPS                        30961253                       30961253              

FU_9_IDLE_NO_READY_OPS                        37682607                       37682607              

FU_10_IDLE_NO_READY_OPS                              0                              0              

FU_11_IDLE_NO_READY_OPS                              0                              0              

FU_12_IDLE_NO_READY_OPS                              0                              0              

FU_13_IDLE_NO_READY_OPS                              0                              0              

FU_14_IDLE_NO_READY_OPS                              0                              0              

FU_15_IDLE_NO_READY_OPS                              0                              0              

FU_16_IDLE_NO_READY_OPS                              0                              0              

FU_17_IDLE_NO_READY_OPS                              0                              0              

FU_18_IDLE_NO_READY_OPS                              0                              0              

FU_19_IDLE_NO_READY_OPS                              0                              0              

FU_20_IDLE_NO_READY_OPS                              0                              0              

FU_21_IDLE_NO_READY_OPS                              0                              0              

FU_22_IDLE_NO_READY_OPS                              0                              0              

FU_23_IDLE_NO_READY_OPS                              0                              0              

FU_24_IDLE_NO_READY_OPS                              0                              0              

FU_25_IDLE_NO_READY_OPS                              0                              0              

FU_26_IDLE_NO_READY_OPS                              0                              0              

FU_27_IDLE_NO_READY_OPS                              0                              0              

FU_28_IDLE_NO_READY_OPS                              0                              0              

FU_29_IDLE_NO_READY_OPS                              0                              0              

FU_30_IDLE_NO_READY_OPS                              0                              0              

FU_31_IDLE_NO_READY_OPS                              0                              0              

FU_31_PLUS_IDLE_NO_READY_OPS                         0                              0              

MAP_STAGE_STARVED                                48065        0.358%            48065        0.358%
MAP_STAGE_NOT_STARVED                         13377465       99.642%         13377465       99.642%
                                              13425530      100.000%         13425530      100.000%
                                                  1.00         0.99              1.00         0.99

MAP_STAGE_STALLED                               208946        1.549%           208946        1.549%
MAP_STAGE_NOT_STALLED                         13216584       97.956%         13216584       97.956%
MAP_STAGE_OFF_PATH                               66770        0.495%            66770        0.495%
                                              13492300      100.000%         13492300      100.000%
                                                  0.99         0.10              0.99         0.10

MAP_STAGE_STALL_ITSELF                        37364714       73.470%         37364714       73.470%
MAP_STAGE_NOT_STALL_ITSELF                    13492300       26.530%         13492300       26.530%
                                              50857014      100.000%         50857014      100.000%
                                                  0.27         0.40              0.27         0.40

MAP_STAGE_LATE_ALLOCATE_SEND_BACK                    0                              0              

MAP_STAGE_RENAME_OP_ONPATH                    76725992                       76725992              

MAP_STAGE_RENAME_OP_OFFPATH                     271208                         271208              

MAP_STAGE_RENAME_INT_REG_ONPATH               56272999                       56272999              

MAP_STAGE_RENAME_INT_REG_OFFPATH                199828                         199828              

MAP_STAGE_RENAME_VEC_REG_ONPATH                9814002                        9814002              

MAP_STAGE_RENAME_VEC_REG_OFFPATH                   535                            535              

MAP_STAGE_RENAME_MOVE_ELIM_ONPATH                    0                              0              

MAP_STAGE_RENAME_MOVE_ELIM_OFFPATH                   0                              0              

MAP_STAGE_ONPATH_INT_REG_NUM_ALLOC            62020784                       62020784              

MAP_STAGE_ONPATH_VEC_REG_NUM_ALLOC             9813992                        9813992              

MAP_STAGE_ONPATH_INT_REG_NUM_SHORTLIVE        21164563                       21164563              

MAP_STAGE_ONPATH_VEC_REG_NUM_SHORTLIVE         5437008                        5437008              

MAP_STAGE_ONPATH_INT_REG_USE_COUNT_0          16811658                       16811658              

MAP_STAGE_ONPATH_VEC_REG_USE_COUNT_0                14                             14              

MAP_STAGE_ONPATH_INT_REG_USE_COUNT_1          26405296                       26405296              

MAP_STAGE_ONPATH_VEC_REG_USE_COUNT_1           5047984                        5047984              

MAP_STAGE_ONPATH_INT_REG_USE_COUNT_2          13723337                       13723337              

MAP_STAGE_ONPATH_VEC_REG_USE_COUNT_2           4695514                        4695514              

MAP_STAGE_ONPATH_INT_REG_USE_COUNT_3            565124                         565124              

MAP_STAGE_ONPATH_VEC_REG_USE_COUNT_3             70478                          70478              

MAP_STAGE_ONPATH_INT_REG_USE_COUNT_4           4230895                        4230895              

MAP_STAGE_ONPATH_VEC_REG_USE_COUNT_4                 1                              1              

MAP_STAGE_ONPATH_INT_REG_USE_COUNT_5            182153                         182153              

MAP_STAGE_ONPATH_VEC_REG_USE_COUNT_5                 0                              0              

MAP_STAGE_ONPATH_INT_REG_USE_COUNT_6             64973                          64973              

MAP_STAGE_ONPATH_VEC_REG_USE_COUNT_6                 1                              1              

MAP_STAGE_ONPATH_INT_REG_USE_COUNT_7_PLUS         37348                          37348              

MAP_STAGE_ONPATH_VEC_REG_USE_COUNT_7_PLUS             0                              0              

MAP_STAGE_ONPATH_INT_REG_CONSUME_DIST_0              0        0.0000                0        0.0000

MAP_STAGE_ONPATH_VEC_REG_CONSUME_DIST_0              0        0.0000                0        0.0000

MAP_STAGE_ONPATH_INT_REG_CONSUME_DIST_1              0        0.0000                0        0.0000

MAP_STAGE_ONPATH_VEC_REG_CONSUME_DIST_1              0        0.0000                0        0.0000

MAP_STAGE_ONPATH_INT_REG_CONSUME_DIST_2      202383843       14.7474        202383843       14.7474

MAP_STAGE_ONPATH_VEC_REG_CONSUME_DIST_2       34373859        7.3206         34373859        7.3206

MAP_STAGE_ONPATH_INT_REG_CONSUME_DIST_3       72160523      127.6897         72160523      127.6897

MAP_STAGE_ONPATH_VEC_REG_CONSUME_DIST_3          85644        1.2152            85644        1.2152

MAP_STAGE_ONPATH_INT_REG_CONSUME_DIST_4       81629112       19.2936         81629112       19.2936

MAP_STAGE_ONPATH_VEC_REG_CONSUME_DIST_4           3439     3439.0000             3439     3439.0000

MAP_STAGE_ONPATH_INT_REG_CONSUME_DIST_5        6699108       36.7774          6699108       36.7774

MAP_STAGE_ONPATH_VEC_REG_CONSUME_DIST_5              0          -nan                0          -nan

MAP_STAGE_ONPATH_INT_REG_CONSUME_DIST_6        1521896       23.4235          1521896       23.4235

MAP_STAGE_ONPATH_VEC_REG_CONSUME_DIST_6           3634     3634.0000             3634     3634.0000

MAP_STAGE_ONPATH_INT_REG_CONSUME_DIST_7_PLUS      73017308     1955.0527         73017308     1955.0527

MAP_STAGE_ONPATH_VEC_REG_CONSUME_DIST_7_PLUS             0          -nan                0          -nan

MAP_STAGE_INT_REG_ISSUE_READ_TOTAL_CONSUMED      99701154        4.1912         99701154        4.1912

MAP_STAGE_VEC_REG_ISSUE_READ_TOTAL_CONSUMED      14721056        0.6188         14721056        0.6188

MAP_STAGE_INT_REG_ISSUE_READ_MULTI_CONSUMED      54429709        2.2881         54429709        2.2881

MAP_STAGE_VEC_REG_ISSUE_READ_MULTI_CONSUMED       4906978        0.2063          4906978        0.2063

MAP_STAGE_INT_REG_ISSUE_READ_SAME_CYCLE_CONSUMED      23447308        0.9857         23447308        0.9857

MAP_STAGE_VEC_REG_ISSUE_READ_SAME_CYCLE_CONSUMED       1869569        0.0786          1869569        0.0786

MAP_STAGE_INT_REG_ISSUE_READ_TOTAL_CONSUMED_ONPATH      99576388        4.1937         99576388        4.1937

MAP_STAGE_VEC_REG_ISSUE_READ_TOTAL_CONSUMED_ONPATH      14720948        0.6200         14720948        0.6200

MAP_STAGE_INT_REG_ISSUE_READ_MULTI_CONSUMED_ONPATH      54367243        2.2897         54367243        2.2897

MAP_STAGE_VEC_REG_ISSUE_READ_MULTI_CONSUMED_ONPATH       4906955        0.2067          4906955        0.2067

MAP_STAGE_INT_REG_ISSUE_READ_SAME_CYCLE_CONSUMED_ONPATH      23413727        0.9861         23413727        0.9861

MAP_STAGE_VEC_REG_ISSUE_READ_SAME_CYCLE_CONSUMED_ONPATH       1869565        0.0787          1869565        0.0787

MAP_STAGE_ONPATH_INT_REG_LIFECYCLE_EMPTY    5183727296                     5183727296              

MAP_STAGE_ONPATH_VEC_REG_LIFECYCLE_EMPTY    1456374809                     1456374809              

MAP_STAGE_ONPATH_INT_REG_LIFECYCLE_IN_USE    7019375728                     7019375728              

MAP_STAGE_ONPATH_VEC_REG_LIFECYCLE_IN_USE    1535232797                     1535232797              

MAP_STAGE_ONPATH_INT_REG_LIFECYCLE_SPEC_RELEASE   11314822716                    11314822716              

MAP_STAGE_ONPATH_VEC_REG_LIFECYCLE_SPEC_RELEASE    1642218928                     1642218928              

MAP_STAGE_ONPATH_INT_REG_LIFECYCLE_NONSPEC_RELEASE   11314822716                    11314822716              

MAP_STAGE_ONPATH_VEC_REG_LIFECYCLE_NONSPEC_RELEASE    1642218928                     1642218928              

MAP_STAGE_ONPATH_INT_REG_LIFECYCLE_TOTAL   11314822716                    11314822716              

MAP_STAGE_ONPATH_VEC_REG_LIFECYCLE_TOTAL    1642218928                     1642218928              

MAP_STAGE_ONPATH_INT_REG_NUM_NONBRANCH        62020784                       62020784              

MAP_STAGE_ONPATH_VEC_REG_NUM_NONBRANCH         9813992                        9813992              

MAP_STAGE_ONPATH_INT_REG_NUM_NONEXCEPT        62020784                       62020784              

MAP_STAGE_ONPATH_VEC_REG_NUM_NONEXCEPT         9813992                        9813992              

MAP_STAGE_ONPATH_INT_REG_NUM_ATOMIC           62020784                       62020784              

MAP_STAGE_ONPATH_VEC_REG_NUM_ATOMIC            9813992                        9813992              

MAP_STAGE_ONPATH_INT_REG_ATOMIC_REDEFINED_DIST_TOTAL   11314822716      182.4360      11314822716      182.4360

MAP_STAGE_ONPATH_VEC_REG_ATOMIC_REDEFINED_DIST_TOTAL    1642218928      167.3344       1642218928      167.3344

MAP_STAGE_ONPATH_INT_REG_ATOMIC_CONSUMED_DIST_TOTAL    7019375728      113.1778       7019375728      113.1778

MAP_STAGE_ONPATH_VEC_REG_ATOMIC_CONSUMED_DIST_TOTAL    1535232797      156.4331       1535232797      156.4331

MAP_STAGE_ONPATH_INT_REG_ATOMIC_RELEASE_DIST_TOTAL   11314822716      182.4360      11314822716      182.4360

MAP_STAGE_ONPATH_VEC_REG_ATOMIC_RELEASE_DIST_TOTAL    1642218928      167.3344       1642218928      167.3344

EXEC_STAGE_STARVED                            49095496       96.536%         49095496       96.536%
EXEC_STAGE_NOT_STARVED                         1699837        3.342%          1699837        3.342%
EXEC_STAGE_OFF_PATH                              61681        0.121%            61681        0.121%
                                              50857014      100.000%         50857014      100.000%
                                                  0.04         0.19              0.04         0.19

FU_BUSY_0                                     11017308                       11017308              

FU_BUSY_1                                      8703918                        8703918              

FU_BUSY_2                                      6544974                        6544974              

FU_BUSY_3                                      6560870                        6560870              

FU_BUSY_4                                      8141639                        8141639              

FU_BUSY_5                                     12037196                       12037196              

FU_BUSY_6                                      5659891                        5659891              

FU_BUSY_7                                      5666800                        5666800              

FU_BUSY_8                                      8462894                        8462894              

FU_BUSY_9                                      6547265                        6547265              

FU_BUSY_10                                           0                              0              

FU_BUSY_11                                           0                              0              

FU_BUSY_12                                           0                              0              

FU_BUSY_13                                           0                              0              

FU_BUSY_14                                           0                              0              

FU_BUSY_15                                           0                              0              

FU_BUSY_16                                           0                              0              

FU_BUSY_17                                           0                              0              

FU_BUSY_18                                           0                              0              

FU_BUSY_19                                           0                              0              

FU_BUSY_20                                           0                              0              

FU_BUSY_21                                           0                              0              

FU_BUSY_22                                           0                              0              

FU_BUSY_23                                           0                              0              

FU_BUSY_24                                           0                              0              

FU_BUSY_25                                           0                              0              

FU_BUSY_26                                           0                              0              

FU_BUSY_27                                           0                              0              

FU_BUSY_28                                           0                              0              

FU_BUSY_29                                           0                              0              

FU_BUSY_30                                           0                              0              

FU_BUSY_31                                           0                              0              

FU_REJECTED_OP_INV_NOT_SIMD                          0        0.000%                0        0.000%
FU_REJECTED_OP_NOP_NOT_SIMD                         56        0.004%               56        0.004%
FU_REJECTED_OP_CF_NOT_SIMD                          35        0.002%               35        0.002%
FU_REJECTED_OP_MOV_NOT_SIMD                      16864        1.162%            16864        1.162%
FU_REJECTED_OP_CMOV_NOT_SIMD                         0        0.000%                0        0.000%
FU_REJECTED_OP_LDA_NOT_SIMD                         12        0.001%               12        0.001%
FU_REJECTED_OP_IMEM_NOT_SIMD                    772701       53.225%           772701       53.225%
FU_REJECTED_OP_IADD_NOT_SIMD                    440292       30.328%           440292       30.328%
FU_REJECTED_OP_IMUL_NOT_SIMD                     27589        1.900%            27589        1.900%
FU_REJECTED_OP_IDIV_NOT_SIMD                     65975        4.544%            65975        4.544%
FU_REJECTED_OP_ICMP_NOT_SIMD                         0        0.000%                0        0.000%
FU_REJECTED_OP_LOGIC_NOT_SIMD                    87989        6.061%            87989        6.061%
FU_REJECTED_OP_SHIFT_NOT_SIMD                    40134        2.765%            40134        2.765%
FU_REJECTED_OP_FMEM_NOT_SIMD                         3        0.000%                3        0.000%
FU_REJECTED_OP_FCVT_NOT_SIMD                         0        0.000%                0        0.000%
FU_REJECTED_OP_FADD_NOT_SIMD                         0        0.000%                0        0.000%
FU_REJECTED_OP_FMUL_NOT_SIMD                         0        0.000%                0        0.000%
FU_REJECTED_OP_FMA_NOT_SIMD                          0        0.000%                0        0.000%
FU_REJECTED_OP_FDIV_NOT_SIMD                         0        0.000%                0        0.000%
FU_REJECTED_OP_FCMP_NOT_SIMD                         0        0.000%                0        0.000%
FU_REJECTED_OP_FCMOV_NOT_SIMD                        0        0.000%                0        0.000%
FU_REJECTED_OP_GATHER_NOT_SIMD                       0        0.000%                0        0.000%
FU_REJECTED_OP_SCATTER_NOT_SIMD                      0        0.000%                0        0.000%
FU_REJECTED_OP_PIPELINED_FAST_NOT_SIMD               0        0.000%                0        0.000%
FU_REJECTED_OP_PIPELINED_MEDIUM_NOT_SIMD             0        0.000%                0        0.000%
FU_REJECTED_OP_PIPELINED_SLOW_NOT_SIMD               0        0.000%                0        0.000%
FU_REJECTED_OP_NOTPIPELINED_MEDIUM_NOT_SIMD             0        0.000%                0        0.000%
FU_REJECTED_OP_NOTPIPELINED_SLOW_NOT_SIMD             0        0.000%                0        0.000%
FU_REJECTED_OP_NOTPIPELINED_VERY_SLOW_NOT_SIMD             0        0.000%                0        0.000%
FU_REJECTED_OP_INV_SIMD                              0        0.000%                0        0.000%
FU_REJECTED_OP_NOP_SIMD                             92        0.006%               92        0.006%
FU_REJECTED_OP_CF_SIMD                               0        0.000%                0        0.000%
FU_REJECTED_OP_MOV_SIMD                              1        0.000%                1        0.000%
FU_REJECTED_OP_CMOV_SIMD                             0        0.000%                0        0.000%
FU_REJECTED_OP_LDA_SIMD                              0        0.000%                0        0.000%
FU_REJECTED_OP_IMEM_SIMD                             0        0.000%                0        0.000%
FU_REJECTED_OP_IADD_SIMD                             0        0.000%                0        0.000%
FU_REJECTED_OP_IMUL_SIMD                             1        0.000%                1        0.000%
FU_REJECTED_OP_IDIV_SIMD                             0        0.000%                0        0.000%
FU_REJECTED_OP_ICMP_SIMD                             0        0.000%                0        0.000%
FU_REJECTED_OP_LOGIC_SIMD                            0        0.000%                0        0.000%
FU_REJECTED_OP_SHIFT_SIMD                            0        0.000%                0        0.000%
FU_REJECTED_OP_FMEM_SIMD                             0        0.000%                0        0.000%
FU_REJECTED_OP_FCVT_SIMD                             0        0.000%                0        0.000%
FU_REJECTED_OP_FADD_SIMD                            17        0.001%               17        0.001%
FU_REJECTED_OP_FMUL_SIMD                             0        0.000%                0        0.000%
FU_REJECTED_OP_FMA_SIMD                              0        0.000%                0        0.000%
FU_REJECTED_OP_FDIV_SIMD                             0        0.000%                0        0.000%
FU_REJECTED_OP_FCMP_SIMD                             0        0.000%                0        0.000%
FU_REJECTED_OP_FCMOV_SIMD                            0        0.000%                0        0.000%
FU_REJECTED_OP_GATHER_SIMD                           0        0.000%                0        0.000%
FU_REJECTED_OP_SCATTER_SIMD                          0        0.000%                0        0.000%
FU_REJECTED_OP_PIPELINED_FAST_SIMD                   0        0.000%                0        0.000%
FU_REJECTED_OP_PIPELINED_MEDIUM_SIMD                 0        0.000%                0        0.000%
FU_REJECTED_OP_PIPELINED_SLOW_SIMD                   0        0.000%                0        0.000%
FU_REJECTED_OP_NOTPIPELINED_MEDIUM_SIMD              0        0.000%                0        0.000%
FU_REJECTED_OP_NOTPIPELINED_SLOW_SIMD                0        0.000%                0        0.000%
FU_REJECTED_OP_NOTPIPELINED_VERY_SLOW_SIMD             0        0.000%                0        0.000%
                                               1451761      100.000%          1451761      100.000%
                                                  6.91         1.62              6.91         1.62

LSQ_FULL_TOTAL                                 1366714                        1366714              

LSQ_FULL_LOAD_QUEUE                                  0                              0              

LSQ_FULL_STORE_QUEUE                           1366714                        1366714              

OP_WAIT_0                                     57713351                       57713351              

OP_WAIT_1                                      8048893                        8048893              

OP_WAIT_2                                      2314607                        2314607              

OP_WAIT_3                                      1131031                        1131031              

OP_WAIT_4                                      1221707                        1221707              

OP_WAIT_5                                       332666                         332666              

OP_WAIT_6                                       301241                         301241              

OP_WAIT_7                                       641591                         641591              

OP_WAIT_8                                       287682                         287682              

OP_WAIT_9                                       155745                         155745              

OP_WAIT_10                                      634633                         634633              

OP_WAIT_11                                      133163                         133163              

OP_WAIT_12                                      122189                         122189              

OP_WAIT_13                                      313679                         313679              

OP_WAIT_14                                      157132                         157132              

OP_WAIT_15                                      656308                         656308              

OP_WAIT_16                                      102170                         102170              

OP_WAIT_17                                       45016                          45016              

OP_WAIT_18                                       56326                          56326              

OP_WAIT_19                                       39761                          39761              

OP_WAIT_20                                       46236                          46236              

OP_WAIT_21                                       44667                          44667              

OP_WAIT_22                                       43921                          43921              

OP_WAIT_23                                       56039                          56039              

OP_WAIT_24                                       60531                          60531              

OP_WAIT_25                                       55482                          55482              

OP_WAIT_26                                       80573                          80573              

OP_WAIT_27                                       62259                          62259              

OP_WAIT_28                                      103742                         103742              

OP_WAIT_29                                       53182                          53182              

OP_WAIT_30                                       47038                          47038              

OP_WAIT_31                                     1663431                        1663431              

ROW_SIZE_0                                    35110282                       35110282              

ROW_SIZE_1                                     3986768                        3986768              

ROW_SIZE_2                                     1284037                        1284037              

ROW_SIZE_3                                      587162                         587162              

ROW_SIZE_4                                     2285862                        2285862              

ROW_SIZE_5                                      114044                         114044              

ROW_SIZE_6                                      343548                         343548              

ROW_SIZE_7                                      250892                         250892              

ROW_SIZE_8                                     6859808                        6859808              

ROW_SIZE_9                                           0                              0              

ROW_SIZE_10                                          0                              0              

ROW_SIZE_11                                          0                              0              

ROW_SIZE_12                                          0                              0              

ROW_SIZE_13                                          0                              0              

ROW_SIZE_14                                          0                              0              

ROW_SIZE_15                                          0                              0              

ROW_SIZE_16                                          0                              0              

ROW_SIZE_17                                          0                              0              

ROW_SIZE_18                                          0                              0              

ROW_SIZE_19                                          0                              0              

ROW_SIZE_20                                          0                              0              

ROW_SIZE_21                                          0                              0              

ROW_SIZE_22                                          0                              0              

ROW_SIZE_23                                          0                              0              

ROW_SIZE_24                                          0                              0              

ROW_SIZE_25                                          0                              0              

ROW_SIZE_26                                          0                              0              

ROW_SIZE_27                                          0                              0              

ROW_SIZE_28                                          0                              0              

ROW_SIZE_29                                          0                              0              

ROW_SIZE_30                                          0                              0              

ROW_SIZE_31                                          0                              0              

RET_OP_EXEC_COUNT_0                                  0        0.000%                0        0.000%
RET_OP_EXEC_COUNT_1                           76725992      100.000%         76725992      100.000%
RET_OP_EXEC_COUNT_2                                  0        0.000%                0        0.000%
RET_OP_EXEC_COUNT_3                                  0        0.000%                0        0.000%
RET_OP_EXEC_COUNT_4                                  0        0.000%                0        0.000%
RET_OP_EXEC_COUNT_5                                  0        0.000%                0        0.000%
RET_OP_EXEC_COUNT_6                                  0        0.000%                0        0.000%
RET_OP_EXEC_COUNT_7                                  0        0.000%                0        0.000%
RET_OP_EXEC_COUNT_8                                  0        0.000%                0        0.000%
RET_OP_EXEC_COUNT_9                                  0        0.000%                0        0.000%
RET_OP_EXEC_COUNT_10                                 0        0.000%                0        0.000%
RET_OP_EXEC_COUNT_11                                 0        0.000%                0        0.000%
RET_OP_EXEC_COUNT_12                                 0        0.000%                0        0.000%
RET_OP_EXEC_COUNT_13                                 0        0.000%                0        0.000%
RET_OP_EXEC_COUNT_14                                 0        0.000%                0        0.000%
RET_OP_EXEC_COUNT_15                                 0        0.000%                0        0.000%
RET_OP_EXEC_COUNT_16                                 0        0.000%                0        0.000%
RET_OP_EXEC_COUNT_17                                 0        0.000%                0        0.000%
RET_OP_EXEC_COUNT_18                                 0        0.000%                0        0.000%
RET_OP_EXEC_COUNT_19                                 0        0.000%                0        0.000%
RET_OP_EXEC_COUNT_20                                 0        0.000%                0        0.000%
RET_OP_EXEC_COUNT_21                                 0        0.000%                0        0.000%
RET_OP_EXEC_COUNT_22                                 0        0.000%                0        0.000%
RET_OP_EXEC_COUNT_23                                 0        0.000%                0        0.000%
RET_OP_EXEC_COUNT_24                                 0        0.000%                0        0.000%
RET_OP_EXEC_COUNT_25                                 0        0.000%                0        0.000%
RET_OP_EXEC_COUNT_26                                 0        0.000%                0        0.000%
RET_OP_EXEC_COUNT_27                                 0        0.000%                0        0.000%
RET_OP_EXEC_COUNT_28                                 0        0.000%                0        0.000%
RET_OP_EXEC_COUNT_29                                 0        0.000%                0        0.000%
RET_OP_EXEC_COUNT_30                                 0        0.000%                0        0.000%
RET_OP_EXEC_COUNT_31                                 0        0.000%                0        0.000%
RET_OP_EXEC_COUNT_32                                 0        0.000%                0        0.000%
                                              76725992      100.000%         76725992      100.000%
                                                  1.00         0.00              1.00         0.00

RET_STALL_LENGTH_0                            76663804       99.919%         76663804       99.919%
RET_STALL_LENGTH_100                             37474        0.049%            37474        0.049%
RET_STALL_LENGTH_200                              4556        0.006%             4556        0.006%
RET_STALL_LENGTH_300                              2040        0.003%             2040        0.003%
RET_STALL_LENGTH_400                              2741        0.004%             2741        0.004%
RET_STALL_LENGTH_500                              5473        0.007%             5473        0.007%
RET_STALL_LENGTH_600                              4537        0.006%             4537        0.006%
RET_STALL_LENGTH_700                              2265        0.003%             2265        0.003%
RET_STALL_LENGTH_800                               951        0.001%              951        0.001%
RET_STALL_LENGTH_900                               492        0.001%              492        0.001%
RET_STALL_LENGTH_1000                              268        0.000%              268        0.000%
RET_STALL_LENGTH_1100                              197        0.000%              197        0.000%
RET_STALL_LENGTH_1200                              336        0.000%              336        0.000%
RET_STALL_LENGTH_1300                              174        0.000%              174        0.000%
RET_STALL_LENGTH_1400                               91        0.000%               91        0.000%
RET_STALL_LENGTH_1500                               50        0.000%               50        0.000%
RET_STALL_LENGTH_1600                               65        0.000%               65        0.000%
RET_STALL_LENGTH_1700                              117        0.000%              117        0.000%
RET_STALL_LENGTH_1800                              166        0.000%              166        0.000%
RET_STALL_LENGTH_1900                              100        0.000%              100        0.000%
RET_STALL_LENGTH_2000                               45        0.000%               45        0.000%
RET_STALL_LENGTH_2100                               14        0.000%               14        0.000%
RET_STALL_LENGTH_2200                               18        0.000%               18        0.000%
RET_STALL_LENGTH_2300                                3        0.000%                3        0.000%
RET_STALL_LENGTH_2400                                2        0.000%                2        0.000%
RET_STALL_LENGTH_2500                                4        0.000%                4        0.000%
RET_STALL_LENGTH_2600                                2        0.000%                2        0.000%
RET_STALL_LENGTH_2700                                0        0.000%                0        0.000%
RET_STALL_LENGTH_2800                                3        0.000%                3        0.000%
RET_STALL_LENGTH_2900                                1        0.000%                1        0.000%
RET_STALL_LENGTH_3000                                2        0.000%                2        0.000%
RET_STALL_LENGTH_3100                                0        0.000%                0        0.000%
RET_STALL_LENGTH_3200                                0        0.000%                0        0.000%
RET_STALL_LENGTH_3300                                1        0.000%                1        0.000%
RET_STALL_LENGTH_3400                                0        0.000%                0        0.000%
RET_STALL_LENGTH_3500                                0        0.000%                0        0.000%
RET_STALL_LENGTH_3600                                0        0.000%                0        0.000%
RET_STALL_LENGTH_3700                                0        0.000%                0        0.000%
RET_STALL_LENGTH_3800                                0        0.000%                0        0.000%
RET_STALL_LENGTH_3900                                0        0.000%                0        0.000%
RET_STALL_LENGTH_4000                                0        0.000%                0        0.000%
RET_STALL_LENGTH_4100                                0        0.000%                0        0.000%
RET_STALL_LENGTH_4200                                0        0.000%                0        0.000%
RET_STALL_LENGTH_4300                                0        0.000%                0        0.000%
RET_STALL_LENGTH_4400                                0        0.000%                0        0.000%
RET_STALL_LENGTH_4500                                0        0.000%                0        0.000%
RET_STALL_LENGTH_4600                                0        0.000%                0        0.000%
RET_STALL_LENGTH_4700                                0        0.000%                0        0.000%
RET_STALL_LENGTH_4800                                0        0.000%                0        0.000%
RET_STALL_LENGTH_4900                                0        0.000%                0        0.000%
RET_STALL_LENGTH_5000                                0        0.000%                0        0.000%
                                              76725992      100.000%         76725992      100.000%
                                                  0.00         0.11              0.00         0.11

MEM_BLOCK_LENGTH_0                                7725       85.605%             7725       85.605%
MEM_BLOCK_LENGTH_100                               349        3.867%              349        3.867%
MEM_BLOCK_LENGTH_200                               138        1.529%              138        1.529%
MEM_BLOCK_LENGTH_300                               261        2.892%              261        2.892%
MEM_BLOCK_LENGTH_400                               273        3.025%              273        3.025%
MEM_BLOCK_LENGTH_500                               138        1.529%              138        1.529%
MEM_BLOCK_LENGTH_600                                69        0.765%               69        0.765%
MEM_BLOCK_LENGTH_700                                22        0.244%               22        0.244%
MEM_BLOCK_LENGTH_800                                 7        0.078%                7        0.078%
MEM_BLOCK_LENGTH_900                                10        0.111%               10        0.111%
MEM_BLOCK_LENGTH_1000                                3        0.033%                3        0.033%
MEM_BLOCK_LENGTH_1100                                3        0.033%                3        0.033%
MEM_BLOCK_LENGTH_1200                                5        0.055%                5        0.055%
MEM_BLOCK_LENGTH_1300                                3        0.033%                3        0.033%
MEM_BLOCK_LENGTH_1400                                0        0.000%                0        0.000%
MEM_BLOCK_LENGTH_1500                                4        0.044%                4        0.044%
MEM_BLOCK_LENGTH_1600                                3        0.033%                3        0.033%
MEM_BLOCK_LENGTH_1700                                8        0.089%                8        0.089%
MEM_BLOCK_LENGTH_1800                                3        0.033%                3        0.033%
MEM_BLOCK_LENGTH_1900                                0        0.000%                0        0.000%
MEM_BLOCK_LENGTH_2000                                0        0.000%                0        0.000%
MEM_BLOCK_LENGTH_2100                                0        0.000%                0        0.000%
MEM_BLOCK_LENGTH_2200                                0        0.000%                0        0.000%
MEM_BLOCK_LENGTH_2300                                0        0.000%                0        0.000%
MEM_BLOCK_LENGTH_2400                                0        0.000%                0        0.000%
MEM_BLOCK_LENGTH_2500                                0        0.000%                0        0.000%
MEM_BLOCK_LENGTH_2600                                0        0.000%                0        0.000%
MEM_BLOCK_LENGTH_2700                                0        0.000%                0        0.000%
MEM_BLOCK_LENGTH_2800                                0        0.000%                0        0.000%
MEM_BLOCK_LENGTH_2900                                0        0.000%                0        0.000%
MEM_BLOCK_LENGTH_3000                                0        0.000%                0        0.000%
MEM_BLOCK_LENGTH_3100                                0        0.000%                0        0.000%
MEM_BLOCK_LENGTH_3200                                0        0.000%                0        0.000%
MEM_BLOCK_LENGTH_3300                                0        0.000%                0        0.000%
MEM_BLOCK_LENGTH_3400                                0        0.000%                0        0.000%
MEM_BLOCK_LENGTH_3500                                0        0.000%                0        0.000%
MEM_BLOCK_LENGTH_3600                                0        0.000%                0        0.000%
MEM_BLOCK_LENGTH_3700                                0        0.000%                0        0.000%
MEM_BLOCK_LENGTH_3800                                0        0.000%                0        0.000%
MEM_BLOCK_LENGTH_3900                                0        0.000%                0        0.000%
MEM_BLOCK_LENGTH_4000                                0        0.000%                0        0.000%
MEM_BLOCK_LENGTH_4100                                0        0.000%                0        0.000%
MEM_BLOCK_LENGTH_4200                                0        0.000%                0        0.000%
MEM_BLOCK_LENGTH_4300                                0        0.000%                0        0.000%
MEM_BLOCK_LENGTH_4400                                0        0.000%                0        0.000%
MEM_BLOCK_LENGTH_4500                                0        0.000%                0        0.000%
MEM_BLOCK_LENGTH_4600                                0        0.000%                0        0.000%
MEM_BLOCK_LENGTH_4700                                0        0.000%                0        0.000%
MEM_BLOCK_LENGTH_4800                                0        0.000%                0        0.000%
MEM_BLOCK_LENGTH_4900                                0        0.000%                0        0.000%
MEM_BLOCK_LENGTH_5000                                0        0.000%                0        0.000%
                                                  9024      100.000%             9024      100.000%
                                                  0.48         1.44              0.48         1.44

FUS_BUSY_ON_PATH                              79180338        1.5569         79180338        1.5569

FUS_BUSY_OFF_PATH                               162417        0.0032           162417        0.0032

FU_BUSY_MEM_STALL                              2106356        0.0414          2106356        0.0414

FUS_EMPTY                                    429227385        8.4399        429227385        8.4399

FU_UNAVAILABLE                                  238752        0.0047           238752        0.0047

FU_MEM_UNAVAILABLE                             1213009        0.0239          1213009        0.0239

FU_OTHER_UNAVAILABLE                                 0        0.0000                0        0.0000

FU_REPLAY                                            0        0.0000                0        0.0000

FU_STARVED                                   429215960        8.4397        429215960        8.4397

CHIP_UTILIZATION                                     0        0.0000                0        0.0000

CYCLES_UNDER_MEM_REQ                                 0                              0              

CYCLES_UNDER_NO_MEM_REQ                              0                              0              

CYCLES_UNDER_CRITICAL_MEM_REQ                        0                              0              

CYCLES_UNDER_NONCRITICAL_MEM_REQ                     0                              0              

CHIP_UTILIZATION_UNDER_MEM_REQ                       0          -nan                0          -nan

CHIP_UTILIZATION_UNDER_NO_MEM_REQ                    0          -nan                0          -nan

CHIP_UTILIZATION_UNDER_CRITICAL_MEM_REQ              0          -nan                0          -nan

CHIP_UTILIZATION_UNDER_NONCRITICAL_MEM_REQ             0          -nan                0          -nan

CYCLES_NOT_WAITING_FOR_OFF_CHIP                      0        0.0000                0        0.0000

FUS_BUSY_NOT_WAITING_FOR_OFF_CHIP                    0          -nan                0          -nan

CYCLES_WAITING_FOR_OFF_CHIP                          0        0.0000                0        0.0000

FUS_BUSY_WAITING_FOR_OFF_CHIP                        0          -nan                0          -nan

TOTAL_OFF_CHIP_DELAYS_LEFT                           0                              0              

WRONG_IO_SCHED                                       0                              0              

DVFS_CONFIG_SWITCH                                   0                              0              

MAP_STAGE_RECEIVED_OPS_0                             0        0.000%                0        0.000%
MAP_STAGE_RECEIVED_OPS_1                          1693        0.013%             1693        0.013%
MAP_STAGE_RECEIVED_OPS_2                          1765        0.013%             1765        0.013%
MAP_STAGE_RECEIVED_OPS_3                           370        0.003%              370        0.003%
MAP_STAGE_RECEIVED_OPS_4                       1128534        8.571%          1128534        8.571%
MAP_STAGE_RECEIVED_OPS_5                          1849        0.014%             1849        0.014%
MAP_STAGE_RECEIVED_OPS_6                      12032363       91.386%         12032363       91.386%
MAP_STAGE_RECEIVED_OPS_7                             0        0.000%                0        0.000%
MAP_STAGE_RECEIVED_OPS_8                             0        0.000%                0        0.000%
MAP_STAGE_RECEIVED_OPS_MAX                           0        0.000%                0        0.000%
                                              13166574      100.000%         13166574      100.000%
                                                  5.83         0.56              5.83         0.56

MAP_STAGE_WAIT_FOR_DECODE                            0         -nan%                0         -nan%
MAP_STAGE_CONSUME_DECODE                             0         -nan%                0         -nan%
                                                     0         -nan%                0         -nan%
                                                  -nan         -nan              -nan         -nan

MAP_STAGE_WAIT_FOR_DECODE2                           0         -nan%                0         -nan%
MAP_STAGE_CONSUME_DECODE2                            0         -nan%                0         -nan%
                                                     0         -nan%                0         -nan%
                                                  -nan         -nan              -nan         -nan

FTQ_RECOVER_EXEC                                  1938                           1938              

FTQ_RECOVER_DECODE                                 164                            164              

FTQ_OFFPATH_CYCLES                              741025                         741025              

FTQ_CYCLES_OFFPATH                              741025                         741025              

FTQ_CYCLES_ONPATH                             50115989                       50115989              

FTQ_FETCHED_INS_ONPATH                        76725981                       76725981              

FTQ_FETCHED_INS_OFFPATH                        5040012                        5040012              

FTQ_BREAK_FULL_FT_ONPATH                      48142524                       48142524              

FTQ_BREAK_FULL_FT_OFFPATH                       405891                         405891              

FTQ_BREAK_PRED_BR_ONPATH                             0                              0              

FTQ_BREAK_PRED_BR_OFFPATH                            0                              0              

FTQ_BREAK_BAR_FETCH_ONPATH                           0                              0              

FTQ_BREAK_BAR_FETCH_OFFPATH                          0                              0              

FTQ_BREAK_MAX_CFS_TAKEN_ONPATH                       0                              0              

FTQ_BREAK_MAX_CFS_TAKEN_OFFPATH                      0                              0              

FTQ_BREAK_MAX_FT_ONPATH                        1972630                        1972630              

FTQ_BREAK_MAX_FT_OFFPATH                        335134                         335134              

DFE_GEN_ON_PATH_FT                             8001839                        8001839              

DFE_GEN_OFF_PATH_FT                             421793                         421793              

DFE_L0_ENABLED_PREDICTIONS                    76725992                       76725992              

DFE_L0_WRONG_MAIN_CORRECT                       195170                         195170              

DFE_L0_WRONG_MAIN_WRONG                           1392                           1392              

DFE_L0_CORRECT_MAIN_WRONG                          710                            710              

DFE_L0_CORRECT_MAIN_CORRECT                   76528720                       76528720              

DFE_L0_WRONG_MAIN_CORRECT_RECOVERY_SCHEDULED             0                              0              

FTQ_SAW_BAR_FETCH_OFFPATH                          122                            122              

FTQ_SAW_BAR_FETCH_ONPATH                            80                             80              

DFE_CONF_0_RECOVER_AT_EXEC                           0         -nan%                0         -nan%
DFE_CONF_1_RECOVER_AT_EXEC                           0         -nan%                0         -nan%
DFE_CONF_2_RECOVER_AT_EXEC                           0         -nan%                0         -nan%
DFE_CONF_3_RECOVER_AT_EXEC                           0         -nan%                0         -nan%
DFE_CONF_0_CORRECT                                   0         -nan%                0         -nan%
DFE_CONF_1_CORRECT                                   0         -nan%                0         -nan%
DFE_CONF_2_CORRECT                                   0         -nan%                0         -nan%
DFE_CONF_3_CORRECT                                   0         -nan%                0         -nan%
                                                     0         -nan%                0         -nan%
                                                  -nan         -nan              -nan         -nan

DFE_ON_CONF_ON_OPS                                   0         -nan%                0         -nan%
DFE_ON_CONF_OFF_OPS                                  0         -nan%                0         -nan%
DFE_OFF_CONF_ON_OPS                                  0         -nan%                0         -nan%
DFE_OFF_CONF_OFF_REALISTIC_OPS                       0         -nan%                0         -nan%
DFE_OFF_CONF_OFF_PERFECT_OPS                         0         -nan%                0         -nan%
                                                     0         -nan%                0         -nan%
                                                  -nan         -nan              -nan         -nan

DFE_ON_CONF_ON_FETCH_TARGETS                         0         -nan%                0         -nan%
DFE_ON_CONF_OFF_FETCH_TARGETS                        0         -nan%                0         -nan%
DFE_OFF_CONF_ON_FETCH_TARGETS                        0         -nan%                0         -nan%
DFE_OFF_CONF_OFF_REALISTIC_FETCH_TARGETS             0         -nan%                0         -nan%
DFE_OFF_CONF_OFF_PERFECT_FETCH_TARGETS               0         -nan%                0         -nan%
                                                     0         -nan%                0         -nan%
                                                  -nan         -nan              -nan         -nan

DFE_ON_CONF_ON_CYCLES                                0         -nan%                0         -nan%
DFE_ON_CONF_OFF_CYCLES                               0         -nan%                0         -nan%
DFE_OFF_CONF_ON_CYCLES                               0         -nan%                0         -nan%
DFE_OFF_CONF_OFF_REALISTIC_CYCLES                    0         -nan%                0         -nan%
DFE_OFF_CONF_OFF_PERFECT_CYCLES                      0         -nan%                0         -nan%
                                                     0         -nan%                0         -nan%
                                                  -nan         -nan              -nan         -nan

DFE_OFF_CONF_ON_NUM_EVENTS                           0                              0              

DFE_OFF_CONF_ON_NOT_IDENTIFIED_EVENTS                0         -nan%                0         -nan%
DFE_OFF_CONF_ON_IBTB_MISS_EVENTS                     0         -nan%                0         -nan%
DFE_OFF_CONF_ON_BTB_MISS_EVENTS                      0         -nan%                0         -nan%
DFE_OFF_CONF_ON_BTB_MISS_RECOVER_AT_EXEC_EVENTS             0         -nan%                0         -nan%
DFE_OFF_CONF_ON_RECOVER_AT_EXEC_EVENTS               0         -nan%                0         -nan%
DFE_OFF_CONF_ON_RECOVER_AT_DECODE_EVENTS             0         -nan%                0         -nan%
                                                     0         -nan%                0         -nan%
                                                  -nan         -nan              -nan         -nan

DFE_OFF_CONF_ON_LATE_BTB_HIT_EVENTS                  0                              0              

DFE_OFF_CONF_ON_NOT_IDENTIFIED_CYCLES                0         -nan%                0         -nan%
DFE_OFF_CONF_ON_IBTB_MISS_CYCLES                     0         -nan%                0         -nan%
DFE_OFF_CONF_ON_BTB_MISS_CYCLES                      0         -nan%                0         -nan%
DFE_OFF_CONF_ON_BTB_MISS_RECOVER_AT_EXEC_CYCLES             0         -nan%                0         -nan%
DFE_OFF_CONF_ON_RECOVER_AT_EXEC_CYCLES               0         -nan%                0         -nan%
DFE_OFF_CONF_ON_RECOVER_AT_DECODE_CYCLES             0         -nan%                0         -nan%
                                                     0         -nan%                0         -nan%
                                                  -nan         -nan              -nan         -nan

DFE_OFF_CONF_ON_LATE_BTB_HIT_CYCLES                  0                              0              

DFE_OFF_CONF_ON_NOT_IDENTIFIED_FETCH_TARGETS             0         -nan%                0         -nan%
DFE_OFF_CONF_ON_IBTB_MISS_FETCH_TARGETS              0         -nan%                0         -nan%
DFE_OFF_CONF_ON_BTB_MISS_FETCH_TARGETS               0         -nan%                0         -nan%
DFE_OFF_CONF_ON_BTB_MISS_RECOVER_AT_EXEC_FETCH_TARGETS             0         -nan%                0         -nan%
DFE_OFF_CONF_ON_RECOVER_AT_EXEC_FETCH_TARGETS             0         -nan%                0         -nan%
DFE_OFF_CONF_ON_RECOVER_AT_DECODE_FETCH_TARGETS             0         -nan%                0         -nan%
                                                     0         -nan%                0         -nan%
                                                  -nan         -nan              -nan         -nan

DFE_OFF_CONF_ON_LATE_BTB_HIT_FETCH_TARGETS             0                              0              

DFE_OFF_CONF_ON_BP_INCORRECT_0_CONF                  0         -nan%                0         -nan%
DFE_OFF_CONF_ON_BP_INCORRECT_1_CONF                  0         -nan%                0         -nan%
DFE_OFF_CONF_ON_BP_INCORRECT_2_CONF                  0         -nan%                0         -nan%
DFE_OFF_CONF_ON_BP_INCORRECT_3_CONF                  0         -nan%                0         -nan%
                                                     0         -nan%                0         -nan%
                                                  -nan         -nan              -nan         -nan

DFE_OFF_CONF_ON_BTB_MISS_CBR_0_CONF                  0         -nan%                0         -nan%
DFE_OFF_CONF_ON_BTB_MISS_CBR_1_CONF                  0         -nan%                0         -nan%
DFE_OFF_CONF_ON_BTB_MISS_CBR_2_CONF                  0         -nan%                0         -nan%
DFE_OFF_CONF_ON_BTB_MISS_CBR_3_CONF                  0         -nan%                0         -nan%
                                                     0         -nan%                0         -nan%
                                                  -nan         -nan              -nan         -nan

DFE_OFF_CONF_ON_BTB_MISS_NOT_CF                      0         -nan%                0         -nan%
DFE_OFF_CONF_ON_BTB_MISS_CF_BR                       0         -nan%                0         -nan%
DFE_OFF_CONF_ON_BTB_MISS_CF_CBR                      0         -nan%                0         -nan%
DFE_OFF_CONF_ON_BTB_MISS_CF_CALL                     0         -nan%                0         -nan%
DFE_OFF_CONF_ON_BTB_MISS_CF_IBR                      0         -nan%                0         -nan%
DFE_OFF_CONF_ON_BTB_MISS_CF_ICALL                    0         -nan%                0         -nan%
DFE_OFF_CONF_ON_BTB_MISS_CF_ICO                      0         -nan%                0         -nan%
DFE_OFF_CONF_ON_BTB_MISS_CF_RET                      0         -nan%                0         -nan%
DFE_OFF_CONF_ON_BTB_MISS_CF_SYS                      0         -nan%                0         -nan%
                                                     0         -nan%                0         -nan%
                                                  -nan         -nan              -nan         -nan

DFE_ON_CONF_OFF_NUM_EVENTS                           0                              0              

CONF_BTB_NUM_CYCLES_OFF_PATH_EVENT                   0                              0              

DFE_ON_CONF_OFF_IBTB_MISS_BP_TAKEN                   0         -nan%                0         -nan%
DFE_ON_CONF_OFF_BTB_MISS_BP_TAKEN_CONF_0             0         -nan%                0         -nan%
DFE_ON_CONF_OFF_BTB_MISS_BP_TAKEN_CONF_1             0         -nan%                0         -nan%
DFE_ON_CONF_OFF_BTB_MISS_BP_TAKEN_CONF_2             0         -nan%                0         -nan%
DFE_ON_CONF_OFF_BTB_MISS_BP_TAKEN_CONF_3             0         -nan%                0         -nan%
DFE_ON_CONF_OFF_BTB_MISS_RATE                        0         -nan%                0         -nan%
DFE_ON_CONF_OFF_IBTB_MISS_RATE                       0         -nan%                0         -nan%
DFE_ON_CONF_OFF_RECOVER_AT_DECODE_RATE               0         -nan%                0         -nan%
DFE_ON_CONF_OFF_RECOVER_AT_EXEC_RATE                 0         -nan%                0         -nan%
DFE_ON_CONF_OFF_INV_CONF_INC                         0         -nan%                0         -nan%
DFE_ON_CONF_OFF_PERFECT_CONF                         0         -nan%                0         -nan%
                                                     0         -nan%                0         -nan%
                                                  -nan         -nan              -nan         -nan

DFE_ON_CONF_OFF_IBTB_MISS_BP_TAKEN_CYCLES             0         -nan%                0         -nan%
DFE_ON_CONF_OFF_BTB_MISS_BP_TAKEN_CONF_0_CYCLES             0         -nan%                0         -nan%
DFE_ON_CONF_OFF_BTB_MISS_BP_TAKEN_CONF_1_CYCLES             0         -nan%                0         -nan%
DFE_ON_CONF_OFF_BTB_MISS_BP_TAKEN_CONF_2_CYCLES             0         -nan%                0         -nan%
DFE_ON_CONF_OFF_BTB_MISS_BP_TAKEN_CONF_3_CYCLES             0         -nan%                0         -nan%
DFE_ON_CONF_OFF_BTB_MISS_RATE_CYCLES                 0         -nan%                0         -nan%
DFE_ON_CONF_OFF_IBTB_MISS_RATE_CYCLES                0         -nan%                0         -nan%
DFE_ON_CONF_OFF_RECOVER_AT_DECODE_RATE_CYCLES             0         -nan%                0         -nan%
DFE_ON_CONF_OFF_RECOVER_AT_EXEC_RATE_CYCLES             0         -nan%                0         -nan%
DFE_ON_CONF_OFF_INV_CONF_INC_CYCLES                  0         -nan%                0         -nan%
DFE_ON_CONF_OFF_PERFECT_CONF_CYCLES                  0         -nan%                0         -nan%
                                                     0         -nan%                0         -nan%
                                                  -nan         -nan              -nan         -nan

DFE_ON_CONF_OFF_IBTB_MISS_BP_TAKEN_FETCH_TARGETS             0         -nan%                0         -nan%
DFE_ON_CONF_OFF_BTB_MISS_BP_TAKEN_CONF_0_FETCH_TARGETS             0         -nan%                0         -nan%
DFE_ON_CONF_OFF_BTB_MISS_BP_TAKEN_CONF_1_FETCH_TARGETS             0         -nan%                0         -nan%
DFE_ON_CONF_OFF_BTB_MISS_BP_TAKEN_CONF_2_FETCH_TARGETS             0         -nan%                0         -nan%
DFE_ON_CONF_OFF_BTB_MISS_BP_TAKEN_CONF_3_FETCH_TARGETS             0         -nan%                0         -nan%
DFE_ON_CONF_OFF_BTB_MISS_RATE_FETCH_TARGETS             0         -nan%                0         -nan%
DFE_ON_CONF_OFF_IBTB_MISS_RATE_FETCH_TARGETS             0         -nan%                0         -nan%
DFE_ON_CONF_OFF_RECOVER_AT_DECODE_RATE_FETCH_TARGETS             0         -nan%                0         -nan%
DFE_ON_CONF_OFF_RECOVER_AT_EXEC_RATE_FETCH_TARGETS             0         -nan%                0         -nan%
DFE_ON_CONF_OFF_INV_CONF_INC_FETCH_TARGETS             0         -nan%                0         -nan%
DFE_ON_CONF_OFF_PERFECT_CONF_FETCH_TARGETS             0         -nan%                0         -nan%
                                                     0         -nan%                0         -nan%
                                                  -nan         -nan              -nan         -nan

CONF_OFF_IBTB_MISS_BP_TAKEN                          0         -nan%                0         -nan%
CONF_OFF_BTB_MISS_BP_TAKEN_CONF_0                    0         -nan%                0         -nan%
CONF_OFF_BTB_MISS_BP_TAKEN_CONF_1                    0         -nan%                0         -nan%
CONF_OFF_BTB_MISS_BP_TAKEN_CONF_2                    0         -nan%                0         -nan%
CONF_OFF_BTB_MISS_BP_TAKEN_CONF_3                    0         -nan%                0         -nan%
CONF_OFF_BTB_MISS_RATE                               0         -nan%                0         -nan%
CONF_OFF_IBTB_MISS_RATE                              0         -nan%                0         -nan%
CONF_OFF_RECOVER_AT_DECODE_RATE                      0         -nan%                0         -nan%
CONF_OFF_RECOVER_AT_EXEC_RATE                        0         -nan%                0         -nan%
CONF_OFF_INV_CONF_INC                                0         -nan%                0         -nan%
CONF_OFF_PERFECT_CONF                                0         -nan%                0         -nan%
                                                     0         -nan%                0         -nan%
                                                  -nan         -nan              -nan         -nan

TOPDOWN_TOTAL_SLOTS                          305142084                      305142084              

TOPDOWN_ISSUED_SLOTS                          77052634                       77052634              

TOPDOWN_RETIRED_SLOTS                         76725992                       76725992              

TOPDOWN_FETCH_BUBBLES_SLOTS                    2577600                        2577600              

TOPDOWN_RECOVERY_BUBBLES_SLOTS                   40120                          40120              

TOPDOWN_MEM_LOAD_STALLS_CYCLES                37532677                       37532677              

TOPDOWN_MEM_STORE_STALLS_CYCLES                      0                              0              

TOPDOWN_EXEC_STALLS_CYCLES                    27026210                       27026210              

TOPDOWN_BACKEND_STALLS_CYCLES                 37532706                       37532706              

TOPDOWN_FETCH_BUBBLES_GT_MIW_CYCLES              50496                          50496              

TOPDOWN_BR_RECOVER_AT_EXEC_RETIRED_CYCLES          1938                           1938              

TOPDOWN_MACHINE_CLEAR_CYCLES                    197272                         197272              

TOPDOWN_FRONTEND_BOUND                              84                             84              

TOPDOWN_BACKEND_BOUND                             7390                           7390              

TOPDOWN_BAD_SPEC_BOUND                              12                             12              

TOPDOWN_RETIRING_BOUND                            2514                           2514              

TOPDOWN_FETCH_LATENCY_BOUND                          9                              9              

TOPDOWN_FETCH_BANDWIDTH_BOUND                       75                             75              

TOPDOWN_MEM_BOUND                                 7389                           7389              

TOPDOWN_CORE_BOUND                                   1                              1              

TOPDOWN_BR_RECOVER_AT_EXEC_BOUND                     0                              0              

TOPDOWN_MACHINE_CLEARS_BOUND                        12                             12              

H2P_SEEN_MAIN                                    15811                          15811              



