/* -*- Mode: c -*- */
####################################################################################################
Core 0
####################################################################################################
Cumulative:        Cycles: 70013648              Instructions: 89999999              IPC: 1.28546

Periodic:          Cycles: 70013648              Instructions: 89999999              IPC: 1.28546

MISS_WAIT_TIME                              6268569420                     6268569420              

ICACHE_STAGE_MISS                                  656                            656              

ICACHE_CYCLE                                  70013648                       70013648              

TCACHE_CYCLE                                         0                              0              

ICACHE_SERVING_CYCLE_ON_PATH                   3704293                        3704293              

ICACHE_SERVING_CYCLE_OFF_PATH                    15167                          15167              

UCACHE_SERVING_CYCLE_ON_PATH                  64586665                       64586665              

UCACHE_SERVING_CYCLE_OFF_PATH                   126650                         126650              

ICACHE_CYCLE_ONPATH                           69834564       99.744%         69834564       99.744%
ICACHE_CYCLE_OFFPATH                            179084        0.256%           179084        0.256%
                                              70013648      100.000%         70013648      100.000%
                                                  0.00         0.05              0.00         0.05

FETCH_ON_PATH                                 69861894       99.783%         69861894       99.783%
FETCH_OFF_PATH                                  151754        0.217%           151754        0.217%
                                              70013648      100.000%         70013648      100.000%
                                                  0.00         0.05              0.00         0.05

FETCHED_OPS_ON_PATH                                  0         -nan%                0         -nan%
FETCHED_OPS_OFF_PATH                                 0         -nan%                0         -nan%
                                                     0         -nan%                0         -nan%
                                                  -nan         -nan              -nan         -nan

INST_LOST_FETCH                               96047636       12.426%         96047636       12.426%
INST_LOST_OFF_PATH                              753792        0.098%           753792        0.098%
INST_LOST_FULL_WINDOW                         10722250        1.387%         10722250        1.387%
INST_LOST_ROB_STALL_OTHER                    133565382       17.279%        133565382       17.279%
INST_LOST_ROB_STALL_WAIT_FOR_RECOVERY                0        0.000%                0        0.000%
INST_LOST_ROB_STALL_WAIT_FOR_REDIRECT                0        0.000%                0        0.000%
INST_LOST_ROB_STALL_WAIT_FOR_GAP_FILL                0        0.000%                0        0.000%
INST_LOST_ROB_STALL_WAIT_FOR_L1_MISS                 0        0.000%                0        0.000%
INST_LOST_ROB_STALL_WAIT_FOR_MEMORY          181322404       23.458%        181322404       23.458%
INST_LOST_ROB_STALL_WAIT_FOR_DC_MISS          46243662        5.983%         46243662        5.983%
INST_LOST_ROB_BLOCK_ISSUE_FULL                       0        0.000%                0        0.000%
INST_LOST_ROB_BLOCK_ISSUE_GAP_TOO_LARGE              0        0.000%                0        0.000%
INST_LOST_BREAK_DONT                                 0        0.000%                0        0.000%
INST_LOST_BREAK_FT_UNAVAILABLE                 9161700        1.185%          9161700        1.185%
INST_LOST_BREAK_ICACHE_STAGE_RESTEER              2881        0.000%             2881        0.000%
INST_LOST_BREAK_ICACHE_MISS_REQ_SUCCESS           2569        0.000%             2569        0.000%
INST_LOST_BREAK_ICACHE_MISS_REQ_FAILURE            378        0.000%              378        0.000%
INST_LOST_BREAK_ICACHE_WAIT_FOR_MISS            271212        0.035%           271212        0.035%
INST_LOST_BREAK_ICACHE_STALLED                   42676        0.006%            42676        0.006%
INST_LOST_BREAK_ICACHE_TO_UOP_CACHE_SWITCH       1014972        0.131%          1014972        0.131%
INST_LOST_BREAK_ICACHE_READ_LIMIT              3125813        0.404%          3125813        0.404%
INST_LOST_BREAK_ICACHE_ISSUE_WIDTH                   0        0.000%                0        0.000%
INST_LOST_BREAK_UOP_CACHE_STALLED            219112967       28.347%        219112967       28.347%
INST_LOST_BREAK_UOP_CACHE_TO_ICACHE_SWITCH       2163239        0.280%          2163239        0.280%
INST_LOST_BREAK_UOP_CACHE_READ_LIMIT          69418363        8.981%         69418363        8.981%
INST_LOST_BREAK_UOP_CACHE_ISSUE_WIDTH                0        0.000%                0        0.000%
                                             772971896      100.000%        772971896      100.000%
                                                 11.69         7.91             11.69         7.91

INST_LOST_TOTAL                              554137630                      554137630              

INST_LOST_WAIT_FOR_ICACHE_MISS_NOT_PREFETCHED         45804       20.428%            45804       20.428%
INST_LOST_WAIT_FOR_ICACHE_MISS_PREFETCHED_AND_EVICTED_BY_IFETCH             0        0.000%                0        0.000%
INST_LOST_WAIT_FOR_ICACHE_MISS_PREFETCHED_AND_EVICTED_BY_FDIP             0        0.000%                0        0.000%
INST_LOST_WAIT_FOR_ICACHE_MISS_MSHR_HIT_PREF_OFFPATH          1752        0.781%             1752        0.781%
INST_LOST_WAIT_FOR_ICACHE_MISS_MSHR_HIT_PREF_ONPATH        176670       78.791%           176670       78.791%
                                                224226      100.000%           224226      100.000%
                                                  3.18         2.91              3.18         2.91

FETCH_0_OPS                                    1563483        2.233%          1563483        2.233%
FETCH_1_OPS                                    7155136       10.220%          7155136       10.220%
FETCH_2_OPS                                     460489        0.658%           460489        0.658%
FETCH_3_OPS                                   45931852       65.604%         45931852       65.604%
FETCH_4_OPS                                    2045107        2.921%          2045107        2.921%
FETCH_5_OPS                                     467930        0.668%           467930        0.668%
FETCH_6_OPS                                    2502301        3.574%          2502301        3.574%
FETCH_7_OPS                                     683494        0.976%           683494        0.976%
FETCH_8_OPS                                    9203856       13.146%          9203856       13.146%
FETCH_9_OPS                                          0        0.000%                0        0.000%
FETCH_10_OPS                                         0        0.000%                0        0.000%
FETCH_11_OPS                                         0        0.000%                0        0.000%
FETCH_12_OPS                                         0        0.000%                0        0.000%
FETCH_13_OPS                                         0        0.000%                0        0.000%
FETCH_14_OPS                                         0        0.000%                0        0.000%
FETCH_15_OPS                                         0        0.000%                0        0.000%
FETCH_16_OPS                                         0        0.000%                0        0.000%
                                              70013648      100.000%         70013648      100.000%
                                                  3.57         1.96              3.57         1.96

ST_BREAK_DONT                                        0        0.000%                0        0.000%
ST_BREAK_FT_UNAVAILABLE                        1528378        2.183%          1528378        2.183%
ST_BREAK_ICACHE_STAGE_RESTEER                      537        0.001%              537        0.001%
ST_BREAK_ICACHE_MISS_REQ_SUCCESS                   656        0.001%              656        0.001%
ST_BREAK_ICACHE_MISS_REQ_FAILURE                    63        0.000%               63        0.000%
ST_BREAK_ICACHE_WAIT_FOR_MISS                    45220        0.065%            45220        0.065%
ST_BREAK_ICACHE_STALLED                           9316        0.013%             9316        0.013%
ST_BREAK_ICACHE_TO_UOP_CACHE_SWITCH             335428        0.479%           335428        0.479%
ST_BREAK_ICACHE_READ_LIMIT                     1042924        1.490%          1042924        1.490%
ST_BREAK_ICACHE_ISSUE_WIDTH                      41169        0.059%            41169        0.059%
ST_BREAK_UOP_CACHE_STALLED                    46509520       66.429%         46509520       66.429%
ST_BREAK_UOP_CACHE_TO_ICACHE_SWITCH             316656        0.452%           316656        0.452%
ST_BREAK_UOP_CACHE_READ_LIMIT                 13681144       19.541%         13681144       19.541%
ST_BREAK_UOP_CACHE_ISSUE_WIDTH                 6502637        9.288%          6502637        9.288%
                                              70013648      100.000%         70013648      100.000%
                                                 10.43         3.66             10.43         3.66

ORACLE_ON_PATH_INST                           96047636       99.221%         96047636       99.221%
ORACLE_OFF_PATH_INST                            753792        0.779%           753792        0.779%
                                              96801428      100.000%         96801428      100.000%
                                                  0.01         0.09              0.01         0.09

ORACLE_ON_PATH_INST_MEM                       25234897       26.069%         25234897       26.069%
ORACLE_ON_PATH_INST_NOTMEM                    70812739       73.153%         70812739       73.153%
ORACLE_OFF_PATH_INST_MEM                        199575        0.206%           199575        0.206%
ORACLE_OFF_PATH_INST_NOTMEM                     554217        0.573%           554217        0.573%
                                              96801428      100.000%         96801428      100.000%
                                                  0.75         0.28              0.75         0.28

ICACHE_CYCLE_NONRA_ONPATH                            0         -nan%                0         -nan%
ICACHE_CYCLE_NONRA_OFFPATH                           0         -nan%                0         -nan%
ICACHE_CYCLE_RA_ONPATH                               0         -nan%                0         -nan%
ICACHE_CYCLE_RA_OFFPATH                              0         -nan%                0         -nan%
                                                     0         -nan%                0         -nan%
                                                  -nan         -nan              -nan         -nan

ICACHE_CYCLE_ONPATH_NONRA                            0         -nan%                0         -nan%
ICACHE_CYCLE_OFFPATH_NONRA                           0         -nan%                0         -nan%
                                                     0         -nan%                0         -nan%
                                                  -nan         -nan              -nan         -nan

ICACHE_CYCLE_ONPATH_RA                               0         -nan%                0         -nan%
ICACHE_CYCLE_OFFPATH_RA                              0         -nan%                0         -nan%
                                                     0         -nan%                0         -nan%
                                                  -nan         -nan              -nan         -nan

INACCURATE_OFFPATH_CYCLES                            0        0.0000                0        0.0000

FETCH_ALL_INST                                96801428                       96801428              

EXEC_ALL_INST                                 92561052                       92561052              

RET_ALL_INST                                  96047636                       96047636              

EXEC_ON_PATH_INST                             92424101       99.852%         92424101       99.852%
EXEC_OFF_PATH_INST                              136951        0.148%           136951        0.148%
                                              92561052      100.000%         92561052      100.000%
                                                  0.00         0.04              0.00         0.04

EXEC_ON_PATH_INST_MEM                         21611362       23.348%         21611362       23.348%
EXEC_ON_PATH_INST_NOTMEM                      70812739       76.504%         70812739       76.504%
EXEC_OFF_PATH_INST_MEM                           35558        0.038%            35558        0.038%
EXEC_OFF_PATH_INST_NOTMEM                       101393        0.110%           101393        0.110%
                                              92561052      100.000%         92561052      100.000%
                                                  0.77         0.22              0.77         0.22

EXEC_RA_INST                                         0         -nan%                0         -nan%
EXEC_NONRA_INST                                      0         -nan%                0         -nan%
                                                     0         -nan%                0         -nan%
                                                  -nan         -nan              -nan         -nan

EXEC_ON_PATH_INST_RA                                 0         -nan%                0         -nan%
EXEC_OFF_PATH_INST_RA                                0         -nan%                0         -nan%
                                                     0         -nan%                0         -nan%
                                                  -nan         -nan              -nan         -nan

EXEC_ON_PATH_INST_NONRA                              0         -nan%                0         -nan%
EXEC_OFF_PATH_INST_NONRA                             0         -nan%                0         -nan%
                                                     0         -nan%                0         -nan%
                                                  -nan         -nan              -nan         -nan

EXEC_RA_ON_PATH_INST                                 0         -nan%                0         -nan%
EXEC_RA_OFF_PATH_INST                                0         -nan%                0         -nan%
EXEC_NONRA_ON_PATH_INST                              0         -nan%                0         -nan%
EXEC_NONRA_OFF_PATH_INST                             0         -nan%                0         -nan%
                                                     0         -nan%                0         -nan%
                                                  -nan         -nan              -nan         -nan

ICACHE_THROTTLE_CYCLE                                0                              0              

FETCH_ENABLE_THROTTLE_OFF_PATH                       0         -nan%                0         -nan%
FETCH_ENABLE_THROTTLE_ON_PATH                        0         -nan%                0         -nan%
                                                     0         -nan%                0         -nan%
                                                  -nan         -nan              -nan         -nan

FETCH_DISABLE_THROTTLE_OFF_PATH                      0         -nan%                0         -nan%
FETCH_DISABLE_THROTTLE_ON_PATH                       0         -nan%                0         -nan%
                                                     0         -nan%                0         -nan%
                                                  -nan         -nan              -nan         -nan

FETCH_TH_ADJUST__0                                   0         -nan%                0         -nan%
FETCH_TH_ADJUST__1                                   0         -nan%                0         -nan%
FETCH_TH_ADJUST__2                                   0         -nan%                0         -nan%
FETCH_TH_ADJUST__3                                   0         -nan%                0         -nan%
FETCH_TH_ADJUST__4                                   0         -nan%                0         -nan%
FETCH_TH_ADJUST__5                                   0         -nan%                0         -nan%
FETCH_TH_ADJUST__6                                   0         -nan%                0         -nan%
FETCH_TH_ADJUST__7                                   0         -nan%                0         -nan%
FETCH_TH_ADJUST__8                                   0         -nan%                0         -nan%
FETCH_TH_ADJUST__9                                   0         -nan%                0         -nan%
FETCH_TH_ADJUST__MAX                                 0         -nan%                0         -nan%
                                                     0         -nan%                0         -nan%
                                                  -nan         -nan              -nan         -nan

FETCH_TH_ADJUST_UP                                   0         -nan%                0         -nan%
FETCH_TH_ADJUST_DOWN                                 0         -nan%                0         -nan%
FETCH_TH_ADJUST_SAME                                 0         -nan%                0         -nan%
                                                     0         -nan%                0         -nan%
                                                  -nan         -nan              -nan         -nan

THROTTLE_ADJUST_CACHE_MISS_INFO                      0                              0              

LOW_CONF_COUNT_BP_MIS_0                              0         -nan%                0         -nan%
LOW_CONF_COUNT_BP_MIS_1                              0         -nan%                0         -nan%
LOW_CONF_COUNT_BP_MIS_2                              0         -nan%                0         -nan%
LOW_CONF_COUNT_BP_MIS_3                              0         -nan%                0         -nan%
LOW_CONF_COUNT_BP_MIS_4                              0         -nan%                0         -nan%
LOW_CONF_COUNT_BP_MIS_5                              0         -nan%                0         -nan%
LOW_CONF_COUNT_BP_MIS_6                              0         -nan%                0         -nan%
LOW_CONF_COUNT_BP_MIS_7                              0         -nan%                0         -nan%
LOW_CONF_COUNT_BP_MIS_8                              0         -nan%                0         -nan%
LOW_CONF_COUNT_BP_MIS_9                              0         -nan%                0         -nan%
LOW_CONF_COUNT_BP_MIS_10                             0         -nan%                0         -nan%
LOW_CONF_COUNT_BP_MIS_11                             0         -nan%                0         -nan%
LOW_CONF_COUNT_BP_MIS_12                             0         -nan%                0         -nan%
LOW_CONF_COUNT_BP_MIS_13                             0         -nan%                0         -nan%
LOW_CONF_COUNT_BP_MIS_14                             0         -nan%                0         -nan%
LOW_CONF_COUNT_BP_MIS_15                             0         -nan%                0         -nan%
LOW_CONF_COUNT_BP_MIS_16                             0         -nan%                0         -nan%
LOW_CONF_COUNT_BP_MIS_17                             0         -nan%                0         -nan%
LOW_CONF_COUNT_BP_MIS_18                             0         -nan%                0         -nan%
LOW_CONF_COUNT_BP_MIS_19                             0         -nan%                0         -nan%
LOW_CONF_COUNT_BP_MIS_20                             0         -nan%                0         -nan%
                                                     0         -nan%                0         -nan%
                                                  -nan         -nan              -nan         -nan

LOW_CONF_COUNT_RET_0                                 0         -nan%                0         -nan%
LOW_CONF_COUNT_RET_1                                 0         -nan%                0         -nan%
LOW_CONF_COUNT_RET_2                                 0         -nan%                0         -nan%
LOW_CONF_COUNT_RET_3                                 0         -nan%                0         -nan%
LOW_CONF_COUNT_RET_4                                 0         -nan%                0         -nan%
LOW_CONF_COUNT_RET_5                                 0         -nan%                0         -nan%
LOW_CONF_COUNT_RET_6                                 0         -nan%                0         -nan%
LOW_CONF_COUNT_RET_7                                 0         -nan%                0         -nan%
LOW_CONF_COUNT_RET_8                                 0         -nan%                0         -nan%
LOW_CONF_COUNT_RET_9                                 0         -nan%                0         -nan%
LOW_CONF_COUNT_RET_10                                0         -nan%                0         -nan%
LOW_CONF_COUNT_RET_11                                0         -nan%                0         -nan%
LOW_CONF_COUNT_RET_12                                0         -nan%                0         -nan%
LOW_CONF_COUNT_RET_13                                0         -nan%                0         -nan%
LOW_CONF_COUNT_RET_14                                0         -nan%                0         -nan%
LOW_CONF_COUNT_RET_15                                0         -nan%                0         -nan%
LOW_CONF_COUNT_RET_16                                0         -nan%                0         -nan%
LOW_CONF_COUNT_RET_17                                0         -nan%                0         -nan%
LOW_CONF_COUNT_RET_18                                0         -nan%                0         -nan%
LOW_CONF_COUNT_RET_19                                0         -nan%                0         -nan%
LOW_CONF_COUNT_RET_20                                0         -nan%                0         -nan%
                                                     0         -nan%                0         -nan%
                                                  -nan         -nan              -nan         -nan

CYCLES_RESTEER_RECOVER_AT_EXEC                       0         -nan%                0         -nan%
CYCLES_RESTEER_RECOVER_AT_DECODE                     0         -nan%                0         -nan%
CYCLES_RESTEER_BTB_MISS                              0         -nan%                0         -nan%
                                                     0         -nan%                0         -nan%
                                                  -nan         -nan              -nan         -nan

CYCLES_RESTEER_RECOVER_AT_EXEC_SAVED_UC_FETCH             0         -nan%                0         -nan%
CYCLES_RESTEER_RECOVER_AT_EXEC_COULD_BE_SAVED_UC_FETCH             0         -nan%                0         -nan%
CYCLES_RESTEER_RECOVER_AT_DECODE_SAVED_UC_FETCH             0         -nan%                0         -nan%
CYCLES_RESTEER_RECOVER_AT_DECODE_COULD_BE_SAVED_UC_FETCH             0         -nan%                0         -nan%
CYCLES_RESTEER_BTB_MISS_SAVED_UC_FETCH               0         -nan%                0         -nan%
CYCLES_RESTEER_BTB_MISS_COULD_BE_SAVED_UC_FETCH             0         -nan%                0         -nan%
                                                     0         -nan%                0         -nan%
                                                  -nan         -nan              -nan         -nan

CYCLES_UOC_IC_SWITCH                                 0                              0              



