/* -*- Mode: c -*- */
####################################################################################################
Core 0
####################################################################################################
Cumulative:        Cycles: 107285268             Instructions: 59999999              IPC: 0.55926

Periodic:          Cycles: 107285268             Instructions: 59999999              IPC: 0.55926

DCACHE_PREF_HIT                                      0                              0              

IFETCH_WB_FIRST_SCHEDULE                             0         -nan%                0         -nan%
PREFETCH_LAST_SCHEDULE                               0         -nan%                0         -nan%
DEMAND_PASS_PREF_SCHEDULE                            0         -nan%                0         -nan%
DEMAND_PASS_LOW_OP_SCHEDULE                          0         -nan%                0         -nan%
DEMAND_LAST_SCHEDULE                                 0         -nan%                0         -nan%
                                                     0         -nan%                0         -nan%
                                                  -nan         -nan              -nan         -nan

SEND_MISS_REQ_QUEUE                            1870901                        1870901              

L1_DATA_EVICT                                  1906616                        1906616              

STREAM_BUFFER_REQ                                    0                              0              

PREF_SEND_TO_MEM_REQ                                 0         -nan%                0         -nan%
PREF_SEND_TO_MEM_REQ_FAIL                            0         -nan%                0         -nan%
                                                     0         -nan%                0         -nan%
                                                  -nan         -nan              -nan         -nan

HIT_TRAIN_STREAM                                337749       21.282%           337749       21.282%
MISS_TRAIN_STREAM                              1249242       78.718%          1249242       78.718%
                                               1586991      100.000%          1586991      100.000%
                                                  0.79         0.72              0.79         0.72

STREAM_TRAIN_CREATE                             985567                         985567              

MEM_REQ_MISS_HWP_PREF_Q                              0         -nan%                0         -nan%
MEM_REQ_MISS_SW_PREF_Q                               0         -nan%                0         -nan%
MEM_REQ_MISS_IFETCH_Q                                0         -nan%                0         -nan%
MEM_REQ_MISS_DFETCH_Q                                0         -nan%                0         -nan%
MEM_REQ_MISS_DSTORE_Q                                0         -nan%                0         -nan%
MEM_REQ_MISS_DPRF_Q                                  0         -nan%                0         -nan%
MEM_REQ_MISS_WB_Q                                    0         -nan%                0         -nan%
                                                     0         -nan%                0         -nan%
                                                  -nan         -nan              -nan         -nan

PREF_HIT_BY_DEMAND_IFETCH                            0         -nan%                0         -nan%
PREF_HIT_BY_DEMAND_DFETCH                            0         -nan%                0         -nan%
PREF_HIT_BY_DEMAND_DSTORE                            0         -nan%                0         -nan%
PREF_HIT_BY_DEMAND_IPREF                             0         -nan%                0         -nan%
PREF_HIT_BY_DEMAND_DPRF                              0         -nan%                0         -nan%
PREF_HIT_BY_DEMAND_WB                                0         -nan%                0         -nan%
PREF_HIT_BY_PREF                                     0         -nan%                0         -nan%
                                                     0         -nan%                0         -nan%
                                                  -nan         -nan              -nan         -nan

PREF_HIT_DEMAND_IFETCH                               0         -nan%                0         -nan%
PREF_HIT_DEMAND_DFETCH                               0         -nan%                0         -nan%
PREF_HIT_DEMAND_DSTORE                               0         -nan%                0         -nan%
PREF_HIT_DEMAND_IPREF                                0         -nan%                0         -nan%
PREF_HIT_DEMAND_DPRF                                 0         -nan%                0         -nan%
PREF_HIT_DEMAND_WB                                   0         -nan%                0         -nan%
                                                     0         -nan%                0         -nan%
                                                  -nan         -nan              -nan         -nan

PREF_L1_FILL                                         0         -nan%                0         -nan%
DEMAND_L1_FILL                                       0         -nan%                0         -nan%
                                                     0         -nan%                0         -nan%
                                                  -nan         -nan              -nan         -nan

TOUCH_L1_REPLACE                                     0        0.000%                0        0.000%
NO_TOUCH_L1_REPLACE                            1906616      100.000%          1906616      100.000%
                                               1906616      100.000%          1906616      100.000%
                                                  1.00         1.00              1.00         1.00

PREF_REQ_QUE_FULL                                    0                              0              

STREAM_REQ_QUEUE_HIT_BY_DEMAND                       0                              0              

L2HIT_STREAM_PREF_REQ_QUE_FULL                       0                              0              

L2HIT_HIT_TRAIN_STREAM                               0         -nan%                0         -nan%
L2HIT_MISS_TRAIN_STREAM                              0         -nan%                0         -nan%
                                                     0         -nan%                0         -nan%
                                                  -nan         -nan              -nan         -nan

L2HIT_STREAM_TRAIN_CREATE                            0                              0              

L2HIT_STREAM_BUFFER_REQ                              0                              0              

L2HIT_STREAM_PREF_DCACHE_HIT                         0         -nan%                0         -nan%
L2HIT_STREAM_PREF_DCACHE_INSERT                      0         -nan%                0         -nan%
L2HIT_STREAM_L2_MISS                                 0         -nan%                0         -nan%
                                                     0         -nan%                0         -nan%
                                                  -nan         -nan              -nan         -nan

L2HIT_STREAM_DCACHE_PORT_FULL                        0                              0              

L2HIT_STREAM_PREF_L1_PORT_FULL                       0                              0              

L2HIT_TRAIN_HIT_DEMAND                               0         -nan%                0         -nan%
L2HIT_TRAIN_MISS_REQ                                 0         -nan%                0         -nan%
                                                     0         -nan%                0         -nan%
                                                  -nan         -nan              -nan         -nan

L2HIT_TRAIN_FILTER_MISS                              0         -nan%                0         -nan%
L2HIT_TRAIN_FILTER_HIT                               0         -nan%                0         -nan%
                                                     0         -nan%                0         -nan%
                                                  -nan         -nan              -nan         -nan

L2HIT_PREF_REQ_DCACHE_HIT                            0         -nan%                0         -nan%
L2HIT_PREF_REQ_DCACHE_MISS                           0         -nan%                0         -nan%
                                                     0         -nan%                0         -nan%
                                                  -nan         -nan              -nan         -nan

L2HIT_L2SEND_Q_FULL                                  0         -nan%                0         -nan%
L2HIT_L2SEND_Q_ENTER                                 0         -nan%                0         -nan%
                                                     0         -nan%                0         -nan%
                                                  -nan         -nan              -nan         -nan

L2HIT_MEM_REQ                                        0                              0              

REMOVE_REDUNDANT_STREAM_STAT                         0                              0              

REPLACE_OLD_STREAM                              985551                         985551              

REQ_SEND_QUEUE_STALL                                 0                              0              

STREAM_ENTER_RA                                      0                              0              

CORE_STREAM_LENGTH_0                              1207        6.049%             1207        6.049%
CORE_STREAM_LENGTH_10                            11680       58.538%            11680       58.538%
CORE_STREAM_LENGTH_20                             4520       22.653%             4520       22.653%
CORE_STREAM_LENGTH_30                              888        4.450%              888        4.450%
CORE_STREAM_LENGTH_40                              422        2.115%              422        2.115%
CORE_STREAM_LENGTH_50                              264        1.323%              264        1.323%
CORE_STREAM_LENGTH_60                              141        0.707%              141        0.707%
CORE_STREAM_LENGTH_70                              120        0.601%              120        0.601%
CORE_STREAM_LENGTH_80                               99        0.496%               99        0.496%
CORE_STREAM_LENGTH_90                               73        0.366%               73        0.366%
CORE_STREAM_LENGTH_100_P                           539        2.701%              539        2.701%
                                                 19953      100.000%            19953      100.000%
                                                  1.75         1.81              1.75         1.81

CORE_CUM_STREAM_LENGTH_0                          9858        0.976%             9858        0.976%
CORE_CUM_STREAM_LENGTH_10                       175460       17.377%           175460       17.377%
CORE_CUM_STREAM_LENGTH_20                       102623       10.164%           102623       10.164%
CORE_CUM_STREAM_LENGTH_30                        29629        2.934%            29629        2.934%
CORE_CUM_STREAM_LENGTH_40                        18545        1.837%            18545        1.837%
CORE_CUM_STREAM_LENGTH_50                        14191        1.405%            14191        1.405%
CORE_CUM_STREAM_LENGTH_60                         9094        0.901%             9094        0.901%
CORE_CUM_STREAM_LENGTH_70                         8919        0.883%             8919        0.883%
CORE_CUM_STREAM_LENGTH_80                         8481        0.840%             8481        0.840%
CORE_CUM_STREAM_LENGTH_90                         6863        0.680%             6863        0.680%
CORE_CUM_STREAM_LENGTH_100_P                    626058       62.003%           626058       62.003%
                                               1009721      100.000%          1009721      100.000%
                                                  7.05         6.78              7.05         6.78

CORE_STREAM_TRAIN_HITS_0                         17161       86.007%            17161       86.007%
CORE_STREAM_TRAIN_HITS_10                         1804        9.041%             1804        9.041%
CORE_STREAM_TRAIN_HITS_20                          410        2.055%              410        2.055%
CORE_STREAM_TRAIN_HITS_30                          144        0.722%              144        0.722%
CORE_STREAM_TRAIN_HITS_40                           73        0.366%               73        0.366%
CORE_STREAM_TRAIN_HITS_50                           37        0.185%               37        0.185%
CORE_STREAM_TRAIN_HITS_60                           32        0.160%               32        0.160%
CORE_STREAM_TRAIN_HITS_70                           34        0.170%               34        0.170%
CORE_STREAM_TRAIN_HITS_80                           17        0.085%               17        0.085%
CORE_STREAM_TRAIN_HITS_90                           10        0.050%               10        0.050%
CORE_STREAM_TRAIN_HITS_100_P                       231        1.158%              231        1.158%
                                                 19953      100.000%            19953      100.000%
                                                  0.33         1.24              0.33         1.24

CORE_CUM_STREAM_TRAIN_HITS_0                    101336       24.269%           101336       24.269%
CORE_CUM_STREAM_TRAIN_HITS_10                    23075        5.526%            23075        5.526%
CORE_CUM_STREAM_TRAIN_HITS_20                     9815        2.351%             9815        2.351%
CORE_CUM_STREAM_TRAIN_HITS_30                     4936        1.182%             4936        1.182%
CORE_CUM_STREAM_TRAIN_HITS_40                     3221        0.771%             3221        0.771%
CORE_CUM_STREAM_TRAIN_HITS_50                     1986        0.476%             1986        0.476%
CORE_CUM_STREAM_TRAIN_HITS_60                     2038        0.488%             2038        0.488%
CORE_CUM_STREAM_TRAIN_HITS_70                     2526        0.605%             2526        0.605%
CORE_CUM_STREAM_TRAIN_HITS_80                     1430        0.342%             1430        0.342%
CORE_CUM_STREAM_TRAIN_HITS_90                      946        0.227%              946        0.227%
CORE_CUM_STREAM_TRAIN_HITS_100_P                266252       63.764%           266252       63.764%
                                                417561      100.000%           417561      100.000%
                                                  6.69         6.17              6.69         6.17

CORE_STREAM_TRAIN_CREATE                        985567                         985567              



