               ramulator.active_cycles_0             7721701                                      # Total active cycles for level _0
                 ramulator.busy_cycles_0             7721701                                      # (All-bank refresh only. busy cycles only include refresh time in rank level) The sum of cycles that the DRAM part is active or under refresh for level _0
            ramulator.serving_requests_0            14812343                                      # The sum of read and write requests that are served in this DRAM element per memory cycle for level _0
    ramulator.average_serving_requests_0            1.288100                                      # The average of read and write requests that are served in this DRAM element per memory cycle for level _0
             ramulator.active_cycles_0_0             7721701                                      # Total active cycles for level _0_0
               ramulator.busy_cycles_0_0             8053081                                      # (All-bank refresh only. busy cycles only include refresh time in rank level) The sum of cycles that the DRAM part is active or under refresh for level _0_0
          ramulator.serving_requests_0_0            14812343                                      # The sum of read and write requests that are served in this DRAM element per memory cycle for level _0_0
  ramulator.average_serving_requests_0_0            1.288100                                      # The average of read and write requests that are served in this DRAM element per memory cycle for level _0_0
           ramulator.active_cycles_0_0_0             2851787                                      # Total active cycles for level _0_0_0
             ramulator.busy_cycles_0_0_0             2851787                                      # (All-bank refresh only. busy cycles only include refresh time in rank level) The sum of cycles that the DRAM part is active or under refresh for level _0_0_0
        ramulator.serving_requests_0_0_0             3994166                                      # The sum of read and write requests that are served in this DRAM element per memory cycle for level _0_0_0
ramulator.average_serving_requests_0_0_0            0.347338                                      # The average of read and write requests that are served in this DRAM element per memory cycle for level _0_0_0
         ramulator.active_cycles_0_0_0_0              945794                                      # Total active cycles for level _0_0_0_0
           ramulator.busy_cycles_0_0_0_0              945794                                      # (All-bank refresh only. busy cycles only include refresh time in rank level) The sum of cycles that the DRAM part is active or under refresh for level _0_0_0_0
      ramulator.serving_requests_0_0_0_0             1129762                                      # The sum of read and write requests that are served in this DRAM element per memory cycle for level _0_0_0_0
ramulator.average_serving_requests_0_0_0_0            0.098246                                      # The average of read and write requests that are served in this DRAM element per memory cycle for level _0_0_0_0
         ramulator.active_cycles_0_0_0_1              797815                                      # Total active cycles for level _0_0_0_1
           ramulator.busy_cycles_0_0_0_1              797815                                      # (All-bank refresh only. busy cycles only include refresh time in rank level) The sum of cycles that the DRAM part is active or under refresh for level _0_0_0_1
      ramulator.serving_requests_0_0_0_1              988466                                      # The sum of read and write requests that are served in this DRAM element per memory cycle for level _0_0_0_1
ramulator.average_serving_requests_0_0_0_1            0.085958                                      # The average of read and write requests that are served in this DRAM element per memory cycle for level _0_0_0_1
         ramulator.active_cycles_0_0_0_2              779411                                      # Total active cycles for level _0_0_0_2
           ramulator.busy_cycles_0_0_0_2              779411                                      # (All-bank refresh only. busy cycles only include refresh time in rank level) The sum of cycles that the DRAM part is active or under refresh for level _0_0_0_2
      ramulator.serving_requests_0_0_0_2              968659                                      # The sum of read and write requests that are served in this DRAM element per memory cycle for level _0_0_0_2
ramulator.average_serving_requests_0_0_0_2            0.084236                                      # The average of read and write requests that are served in this DRAM element per memory cycle for level _0_0_0_2
         ramulator.active_cycles_0_0_0_3              736772                                      # Total active cycles for level _0_0_0_3
           ramulator.busy_cycles_0_0_0_3              736772                                      # (All-bank refresh only. busy cycles only include refresh time in rank level) The sum of cycles that the DRAM part is active or under refresh for level _0_0_0_3
      ramulator.serving_requests_0_0_0_3              907279                                      # The sum of read and write requests that are served in this DRAM element per memory cycle for level _0_0_0_3
ramulator.average_serving_requests_0_0_0_3            0.078898                                      # The average of read and write requests that are served in this DRAM element per memory cycle for level _0_0_0_3
           ramulator.active_cycles_0_0_1             2474285                                      # Total active cycles for level _0_0_1
             ramulator.busy_cycles_0_0_1             2474285                                      # (All-bank refresh only. busy cycles only include refresh time in rank level) The sum of cycles that the DRAM part is active or under refresh for level _0_0_1
        ramulator.serving_requests_0_0_1             3514183                                      # The sum of read and write requests that are served in this DRAM element per memory cycle for level _0_0_1
ramulator.average_serving_requests_0_0_1            0.305598                                      # The average of read and write requests that are served in this DRAM element per memory cycle for level _0_0_1
         ramulator.active_cycles_0_0_1_0              786500                                      # Total active cycles for level _0_0_1_0
           ramulator.busy_cycles_0_0_1_0              786500                                      # (All-bank refresh only. busy cycles only include refresh time in rank level) The sum of cycles that the DRAM part is active or under refresh for level _0_0_1_0
      ramulator.serving_requests_0_0_1_0              977485                                      # The sum of read and write requests that are served in this DRAM element per memory cycle for level _0_0_1_0
ramulator.average_serving_requests_0_0_1_0            0.085003                                      # The average of read and write requests that are served in this DRAM element per memory cycle for level _0_0_1_0
         ramulator.active_cycles_0_0_1_1              540510                                      # Total active cycles for level _0_0_1_1
           ramulator.busy_cycles_0_0_1_1              540510                                      # (All-bank refresh only. busy cycles only include refresh time in rank level) The sum of cycles that the DRAM part is active or under refresh for level _0_0_1_1
      ramulator.serving_requests_0_0_1_1              720335                                      # The sum of read and write requests that are served in this DRAM element per memory cycle for level _0_0_1_1
ramulator.average_serving_requests_0_0_1_1            0.062641                                      # The average of read and write requests that are served in this DRAM element per memory cycle for level _0_0_1_1
         ramulator.active_cycles_0_0_1_2              671537                                      # Total active cycles for level _0_0_1_2
           ramulator.busy_cycles_0_0_1_2              671537                                      # (All-bank refresh only. busy cycles only include refresh time in rank level) The sum of cycles that the DRAM part is active or under refresh for level _0_0_1_2
      ramulator.serving_requests_0_0_1_2              827478                                      # The sum of read and write requests that are served in this DRAM element per memory cycle for level _0_0_1_2
ramulator.average_serving_requests_0_0_1_2            0.071959                                      # The average of read and write requests that are served in this DRAM element per memory cycle for level _0_0_1_2
         ramulator.active_cycles_0_0_1_3              802788                                      # Total active cycles for level _0_0_1_3
           ramulator.busy_cycles_0_0_1_3              802788                                      # (All-bank refresh only. busy cycles only include refresh time in rank level) The sum of cycles that the DRAM part is active or under refresh for level _0_0_1_3
      ramulator.serving_requests_0_0_1_3              977937                                      # The sum of read and write requests that are served in this DRAM element per memory cycle for level _0_0_1_3
ramulator.average_serving_requests_0_0_1_3            0.085043                                      # The average of read and write requests that are served in this DRAM element per memory cycle for level _0_0_1_3
           ramulator.active_cycles_0_0_2             2596309                                      # Total active cycles for level _0_0_2
             ramulator.busy_cycles_0_0_2             2596309                                      # (All-bank refresh only. busy cycles only include refresh time in rank level) The sum of cycles that the DRAM part is active or under refresh for level _0_0_2
        ramulator.serving_requests_0_0_2             3589728                                      # The sum of read and write requests that are served in this DRAM element per memory cycle for level _0_0_2
ramulator.average_serving_requests_0_0_2            0.312167                                      # The average of read and write requests that are served in this DRAM element per memory cycle for level _0_0_2
         ramulator.active_cycles_0_0_2_0              776019                                      # Total active cycles for level _0_0_2_0
           ramulator.busy_cycles_0_0_2_0              776019                                      # (All-bank refresh only. busy cycles only include refresh time in rank level) The sum of cycles that the DRAM part is active or under refresh for level _0_0_2_0
      ramulator.serving_requests_0_0_2_0              950733                                      # The sum of read and write requests that are served in this DRAM element per memory cycle for level _0_0_2_0
ramulator.average_serving_requests_0_0_2_0            0.082677                                      # The average of read and write requests that are served in this DRAM element per memory cycle for level _0_0_2_0
         ramulator.active_cycles_0_0_2_1              553165                                      # Total active cycles for level _0_0_2_1
           ramulator.busy_cycles_0_0_2_1              553165                                      # (All-bank refresh only. busy cycles only include refresh time in rank level) The sum of cycles that the DRAM part is active or under refresh for level _0_0_2_1
      ramulator.serving_requests_0_0_2_1              705952                                      # The sum of read and write requests that are served in this DRAM element per memory cycle for level _0_0_2_1
ramulator.average_serving_requests_0_0_2_1            0.061390                                      # The average of read and write requests that are served in this DRAM element per memory cycle for level _0_0_2_1
         ramulator.active_cycles_0_0_2_2              780769                                      # Total active cycles for level _0_0_2_2
           ramulator.busy_cycles_0_0_2_2              780769                                      # (All-bank refresh only. busy cycles only include refresh time in rank level) The sum of cycles that the DRAM part is active or under refresh for level _0_0_2_2
      ramulator.serving_requests_0_0_2_2              976482                                      # The sum of read and write requests that are served in this DRAM element per memory cycle for level _0_0_2_2
ramulator.average_serving_requests_0_0_2_2            0.084916                                      # The average of read and write requests that are served in this DRAM element per memory cycle for level _0_0_2_2
         ramulator.active_cycles_0_0_2_3              799695                                      # Total active cycles for level _0_0_2_3
           ramulator.busy_cycles_0_0_2_3              799695                                      # (All-bank refresh only. busy cycles only include refresh time in rank level) The sum of cycles that the DRAM part is active or under refresh for level _0_0_2_3
      ramulator.serving_requests_0_0_2_3              956561                                      # The sum of read and write requests that are served in this DRAM element per memory cycle for level _0_0_2_3
ramulator.average_serving_requests_0_0_2_3            0.083184                                      # The average of read and write requests that are served in this DRAM element per memory cycle for level _0_0_2_3
           ramulator.active_cycles_0_0_3             2756445                                      # Total active cycles for level _0_0_3
             ramulator.busy_cycles_0_0_3             2756445                                      # (All-bank refresh only. busy cycles only include refresh time in rank level) The sum of cycles that the DRAM part is active or under refresh for level _0_0_3
        ramulator.serving_requests_0_0_3             3713822                                      # The sum of read and write requests that are served in this DRAM element per memory cycle for level _0_0_3
ramulator.average_serving_requests_0_0_3            0.322959                                      # The average of read and write requests that are served in this DRAM element per memory cycle for level _0_0_3
         ramulator.active_cycles_0_0_3_0              674968                                      # Total active cycles for level _0_0_3_0
           ramulator.busy_cycles_0_0_3_0              674968                                      # (All-bank refresh only. busy cycles only include refresh time in rank level) The sum of cycles that the DRAM part is active or under refresh for level _0_0_3_0
      ramulator.serving_requests_0_0_3_0              839812                                      # The sum of read and write requests that are served in this DRAM element per memory cycle for level _0_0_3_0
ramulator.average_serving_requests_0_0_3_0            0.073031                                      # The average of read and write requests that are served in this DRAM element per memory cycle for level _0_0_3_0
         ramulator.active_cycles_0_0_3_1              738656                                      # Total active cycles for level _0_0_3_1
           ramulator.busy_cycles_0_0_3_1              738656                                      # (All-bank refresh only. busy cycles only include refresh time in rank level) The sum of cycles that the DRAM part is active or under refresh for level _0_0_3_1
      ramulator.serving_requests_0_0_3_1              903834                                      # The sum of read and write requests that are served in this DRAM element per memory cycle for level _0_0_3_1
ramulator.average_serving_requests_0_0_3_1            0.078599                                      # The average of read and write requests that are served in this DRAM element per memory cycle for level _0_0_3_1
         ramulator.active_cycles_0_0_3_2              891242                                      # Total active cycles for level _0_0_3_2
           ramulator.busy_cycles_0_0_3_2              891242                                      # (All-bank refresh only. busy cycles only include refresh time in rank level) The sum of cycles that the DRAM part is active or under refresh for level _0_0_3_2
      ramulator.serving_requests_0_0_3_2             1050101                                      # The sum of read and write requests that are served in this DRAM element per memory cycle for level _0_0_3_2
ramulator.average_serving_requests_0_0_3_2            0.091318                                      # The average of read and write requests that are served in this DRAM element per memory cycle for level _0_0_3_2
         ramulator.active_cycles_0_0_3_3              753740                                      # Total active cycles for level _0_0_3_3
           ramulator.busy_cycles_0_0_3_3              753740                                      # (All-bank refresh only. busy cycles only include refresh time in rank level) The sum of cycles that the DRAM part is active or under refresh for level _0_0_3_3
      ramulator.serving_requests_0_0_3_3              920075                                      # The sum of read and write requests that are served in this DRAM element per memory cycle for level _0_0_3_3
ramulator.average_serving_requests_0_0_3_3            0.080011                                      # The average of read and write requests that are served in this DRAM element per memory cycle for level _0_0_3_3
      ramulator.read_transaction_bytes_0            23560448                                      # The total byte of read transaction per channel
     ramulator.write_transaction_bytes_0            13123840                                      # The total byte of write transaction per channel
       ramulator.row_hits_channel_0_core              495788                                      # Number of row hits per channel per core
     ramulator.row_misses_channel_0_core               16626                                      # Number of row misses per channel per core
  ramulator.row_conflicts_channel_0_core               60778                                      # Number of row conflicts per channel per core
  ramulator.read_row_hits_channel_0_core              331778                                      # Number of row hits for read requests per channel per core
                                     [0]            331778.0                                      # 
ramulator.read_row_misses_channel_0_core                8298                                      # Number of row misses for read requests per channel per core
                                     [0]              8298.0                                      # 
ramulator.read_row_conflicts_channel_0_core               28056                                      # Number of row conflicts for read requests per channel per core
                                     [0]             28056.0                                      # 
 ramulator.write_row_hits_channel_0_core              164010                                      # Number of row hits for write requests per channel per core
                                     [0]            164010.0                                      # 
ramulator.write_row_misses_channel_0_core                8328                                      # Number of row misses for write requests per channel per core
                                     [0]              8328.0                                      # 
ramulator.write_row_conflicts_channel_0_core               32722                                      # Number of row conflicts for write requests per channel per core
                                     [0]             32722.0                                      # 
      ramulator.useless_activates_0_core                 238                                      # Number of useless activations. E.g, ACT -> PRE w/o RD or WR
            ramulator.read_latency_avg_0           93.292489                                      # The average memory latency cycles (in memory time domain) per request for all read requests in this channel
            ramulator.read_latency_sum_0            34345630                                      # The memory latency cycles (in memory time domain) sum for all read requests in this channel
        ramulator.req_queue_length_avg_0           17.432118                                      # Average of read and write queue length per memory cycle per channel.
        ramulator.req_queue_length_sum_0           200458407                                      # Sum of read and write queue length per memory cycle per channel.
   ramulator.read_req_queue_length_avg_0            2.932436                                      # Read queue length average per memory cycle per channel.
   ramulator.read_req_queue_length_sum_0            33721172                                      # Read queue length sum per memory cycle per channel.
  ramulator.write_req_queue_length_avg_0           14.499682                                      # Write queue length average per memory cycle per channel.
  ramulator.write_req_queue_length_sum_0           166737235                                      # Write queue length sum per memory cycle per channel.
              ramulator.record_read_hits                 0.0                                      # record read hit count for this core when it reaches request limit or to the end
                                     [0]                 0.0                                      # 
            ramulator.record_read_misses                 0.0                                      # record_read_miss count for this core when it reaches request limit or to the end
                                     [0]                 0.0                                      # 
         ramulator.record_read_conflicts                 0.0                                      # record read conflict count for this core when it reaches request limit or to the end
                                     [0]                 0.0                                      # 
             ramulator.record_write_hits                 0.0                                      # record write hit count for this core when it reaches request limit or to the end
                                     [0]                 0.0                                      # 
           ramulator.record_write_misses                 0.0                                      # record write miss count for this core when it reaches request limit or to the end
                                     [0]                 0.0                                      # 
        ramulator.record_write_conflicts                 0.0                                      # record write conflict for this core when it reaches request limit or to the end
                                     [0]                 0.0                                      # 
                 ramulator.dram_capacity          8589934592                                      # Number of bytes in simulated DRAM
                   ramulator.dram_cycles            11499372                                      # Number of DRAM cycles simulated
             ramulator.incoming_requests              573222                                      # Number of incoming requests to DRAM
                 ramulator.read_requests              368150                                      # Number of incoming read requests to DRAM per core
                                     [0]            368150.0                                      # 
                ramulator.write_requests              205072                                      # Number of incoming write requests to DRAM per core
                                     [0]            205072.0                                      # 
       ramulator.ramulator_active_cycles             7722728                                      # The total number of cycles that the DRAM part is active (serving R/W)
 ramulator.incoming_requests_per_channel            573222.0                                      # Number of incoming requests to each DRAM channel
                                     [0]            573222.0                                      # 
ramulator.incoming_read_reqs_per_channel            368150.0                                      # Number of incoming read requests to each DRAM channel
                                     [0]            368150.0                                      # 
     ramulator.physical_page_replacement                   0                                      # The number of times that physical page replacement happens.
             ramulator.maximum_bandwidth         19200000000                                      # The theoretical maximum bandwidth (Bps)
          ramulator.in_queue_req_num_sum           200458407                                      # Sum of read/write queue length
     ramulator.in_queue_read_req_num_sum            33721172                                      # Sum of read queue length
    ramulator.in_queue_write_req_num_sum           166737235                                      # Sum of write queue length
          ramulator.in_queue_req_num_avg           17.432118                                      # Average of read/write queue length per memory cycle
     ramulator.in_queue_read_req_num_avg            2.932436                                      # Average of read queue length per memory cycle
    ramulator.in_queue_write_req_num_avg           14.499682                                      # Average of write queue length per memory cycle
          ramulator.record_read_requests                 0.0                                      # record read requests for this core when it reaches request limit or to the end
                                     [0]                 0.0                                      # 
         ramulator.record_write_requests                 0.0                                      # record write requests for this core when it reaches request limit or to the end
                                     [0]                 0.0                                      # 
