/* -*- Mode: c -*- */
####################################################################################################
Core 0
####################################################################################################
Cumulative:        Cycles: 10760796              Instructions: 29999995              IPC: 2.78790

Periodic:          Cycles: 10760796              Instructions: 29999995              IPC: 2.78790

DCACHE_PREF_HIT                                      0                              0              

IFETCH_WB_FIRST_SCHEDULE                             1      100.000%                1      100.000%
PREFETCH_LAST_SCHEDULE                               0        0.000%                0        0.000%
DEMAND_PASS_PREF_SCHEDULE                            0        0.000%                0        0.000%
DEMAND_PASS_LOW_OP_SCHEDULE                          0        0.000%                0        0.000%
DEMAND_LAST_SCHEDULE                                 0        0.000%                0        0.000%
                                                     1      100.000%                1      100.000%
                                                  0.00         -nan              0.00         -nan

SEND_MISS_REQ_QUEUE                             127573                         127573              

L1_DATA_EVICT                                   106073                         106073              

STREAM_BUFFER_REQ                                    0                              0              

PREF_SEND_TO_MEM_REQ                                 0         -nan%                0         -nan%
PREF_SEND_TO_MEM_REQ_FAIL                            0         -nan%                0         -nan%
                                                     0         -nan%                0         -nan%
                                                  -nan         -nan              -nan         -nan

HIT_TRAIN_STREAM                                 11025        9.890%            11025        9.890%
MISS_TRAIN_STREAM                               100447       90.110%           100447       90.110%
                                                111472      100.000%           111472      100.000%
                                                  0.90         0.86              0.90         0.86

STREAM_TRAIN_CREATE                              29709                          29709              

MEM_REQ_MISS_HWP_PREF_Q                              0         -nan%                0         -nan%
MEM_REQ_MISS_SW_PREF_Q                               0         -nan%                0         -nan%
MEM_REQ_MISS_IFETCH_Q                                0         -nan%                0         -nan%
MEM_REQ_MISS_DFETCH_Q                                0         -nan%                0         -nan%
MEM_REQ_MISS_DSTORE_Q                                0         -nan%                0         -nan%
MEM_REQ_MISS_DPRF_Q                                  0         -nan%                0         -nan%
MEM_REQ_MISS_WB_Q                                    0         -nan%                0         -nan%
                                                     0         -nan%                0         -nan%
                                                  -nan         -nan              -nan         -nan

PREF_HIT_BY_DEMAND_IFETCH                            0         -nan%                0         -nan%
PREF_HIT_BY_DEMAND_DFETCH                            0         -nan%                0         -nan%
PREF_HIT_BY_DEMAND_DSTORE                            0         -nan%                0         -nan%
PREF_HIT_BY_DEMAND_IPREF                             0         -nan%                0         -nan%
PREF_HIT_BY_DEMAND_DPRF                              0         -nan%                0         -nan%
PREF_HIT_BY_DEMAND_WB                                0         -nan%                0         -nan%
PREF_HIT_BY_PREF                                     0         -nan%                0         -nan%
                                                     0         -nan%                0         -nan%
                                                  -nan         -nan              -nan         -nan

PREF_HIT_DEMAND_IFETCH                               0         -nan%                0         -nan%
PREF_HIT_DEMAND_DFETCH                               0         -nan%                0         -nan%
PREF_HIT_DEMAND_DSTORE                               0         -nan%                0         -nan%
PREF_HIT_DEMAND_IPREF                                0         -nan%                0         -nan%
PREF_HIT_DEMAND_DPRF                                 0         -nan%                0         -nan%
PREF_HIT_DEMAND_WB                                   0         -nan%                0         -nan%
                                                     0         -nan%                0         -nan%
                                                  -nan         -nan              -nan         -nan

PREF_L1_FILL                                         0         -nan%                0         -nan%
DEMAND_L1_FILL                                       0         -nan%                0         -nan%
                                                     0         -nan%                0         -nan%
                                                  -nan         -nan              -nan         -nan

TOUCH_L1_REPLACE                                     0        0.000%                0        0.000%
NO_TOUCH_L1_REPLACE                             106073      100.000%           106073      100.000%
                                                106073      100.000%           106073      100.000%
                                                  1.00         1.00              1.00         1.00

PREF_REQ_QUE_FULL                                    0                              0              

STREAM_REQ_QUEUE_HIT_BY_DEMAND                       0                              0              

L2HIT_STREAM_PREF_REQ_QUE_FULL                       0                              0              

L2HIT_HIT_TRAIN_STREAM                               0         -nan%                0         -nan%
L2HIT_MISS_TRAIN_STREAM                              0         -nan%                0         -nan%
                                                     0         -nan%                0         -nan%
                                                  -nan         -nan              -nan         -nan

L2HIT_STREAM_TRAIN_CREATE                            0                              0              

L2HIT_STREAM_BUFFER_REQ                              0                              0              

L2HIT_STREAM_PREF_DCACHE_HIT                         0         -nan%                0         -nan%
L2HIT_STREAM_PREF_DCACHE_INSERT                      0         -nan%                0         -nan%
L2HIT_STREAM_L2_MISS                                 0         -nan%                0         -nan%
                                                     0         -nan%                0         -nan%
                                                  -nan         -nan              -nan         -nan

L2HIT_STREAM_DCACHE_PORT_FULL                        0                              0              

L2HIT_STREAM_PREF_L1_PORT_FULL                       0                              0              

L2HIT_TRAIN_HIT_DEMAND                               0         -nan%                0         -nan%
L2HIT_TRAIN_MISS_REQ                                 0         -nan%                0         -nan%
                                                     0         -nan%                0         -nan%
                                                  -nan         -nan              -nan         -nan

L2HIT_TRAIN_FILTER_MISS                              0         -nan%                0         -nan%
L2HIT_TRAIN_FILTER_HIT                               0         -nan%                0         -nan%
                                                     0         -nan%                0         -nan%
                                                  -nan         -nan              -nan         -nan

L2HIT_PREF_REQ_DCACHE_HIT                            0         -nan%                0         -nan%
L2HIT_PREF_REQ_DCACHE_MISS                           0         -nan%                0         -nan%
                                                     0         -nan%                0         -nan%
                                                  -nan         -nan              -nan         -nan

L2HIT_L2SEND_Q_FULL                                  0         -nan%                0         -nan%
L2HIT_L2SEND_Q_ENTER                                 0         -nan%                0         -nan%
                                                     0         -nan%                0         -nan%
                                                  -nan         -nan              -nan         -nan

L2HIT_MEM_REQ                                        0                              0              

REMOVE_REDUNDANT_STREAM_STAT                         0                              0              

REPLACE_OLD_STREAM                               29693                          29693              

REQ_SEND_QUEUE_STALL                                 0                              0              

STREAM_ENTER_RA                                      0                              0              

CORE_STREAM_LENGTH_0                                10        0.100%               10        0.100%
CORE_STREAM_LENGTH_10                             9923       99.669%             9923       99.669%
CORE_STREAM_LENGTH_20                                9        0.090%                9        0.090%
CORE_STREAM_LENGTH_30                                5        0.050%                5        0.050%
CORE_STREAM_LENGTH_40                                2        0.020%                2        0.020%
CORE_STREAM_LENGTH_50                                1        0.010%                1        0.010%
CORE_STREAM_LENGTH_60                                1        0.010%                1        0.010%
CORE_STREAM_LENGTH_70                                1        0.010%                1        0.010%
CORE_STREAM_LENGTH_80                                0        0.000%                0        0.000%
CORE_STREAM_LENGTH_90                                0        0.000%                0        0.000%
CORE_STREAM_LENGTH_100_P                             4        0.040%                4        0.040%
                                                  9956      100.000%             9956      100.000%
                                                  1.01         0.21              1.01         0.21

CORE_CUM_STREAM_LENGTH_0                            72        0.039%               72        0.039%
CORE_CUM_STREAM_LENGTH_10                       181158       99.069%           181158       99.069%
CORE_CUM_STREAM_LENGTH_20                          201        0.110%              201        0.110%
CORE_CUM_STREAM_LENGTH_30                          163        0.089%              163        0.089%
CORE_CUM_STREAM_LENGTH_40                           86        0.047%               86        0.047%
CORE_CUM_STREAM_LENGTH_50                           57        0.031%               57        0.031%
CORE_CUM_STREAM_LENGTH_60                           63        0.034%               63        0.034%
CORE_CUM_STREAM_LENGTH_70                           73        0.040%               73        0.040%
CORE_CUM_STREAM_LENGTH_80                            0        0.000%                0        0.000%
CORE_CUM_STREAM_LENGTH_90                            0        0.000%                0        0.000%
CORE_CUM_STREAM_LENGTH_100_P                       987        0.540%              987        0.540%
                                                182860      100.000%           182860      100.000%
                                                  1.06         0.69              1.06         0.69

CORE_STREAM_TRAIN_HITS_0                          9934       99.779%             9934       99.779%
CORE_STREAM_TRAIN_HITS_10                           13        0.131%               13        0.131%
CORE_STREAM_TRAIN_HITS_20                            1        0.010%                1        0.010%
CORE_STREAM_TRAIN_HITS_30                            2        0.020%                2        0.020%
CORE_STREAM_TRAIN_HITS_40                            1        0.010%                1        0.010%
CORE_STREAM_TRAIN_HITS_50                            3        0.030%                3        0.030%
CORE_STREAM_TRAIN_HITS_60                            0        0.000%                0        0.000%
CORE_STREAM_TRAIN_HITS_70                            0        0.000%                0        0.000%
CORE_STREAM_TRAIN_HITS_80                            0        0.000%                0        0.000%
CORE_STREAM_TRAIN_HITS_90                            0        0.000%                0        0.000%
CORE_STREAM_TRAIN_HITS_100_P                         2        0.020%                2        0.020%
                                                  9956      100.000%             9956      100.000%
                                                  0.01         0.18              0.01         0.18

CORE_CUM_STREAM_TRAIN_HITS_0                     49700       97.740%            49700       97.740%
CORE_CUM_STREAM_TRAIN_HITS_10                      171        0.336%              171        0.336%
CORE_CUM_STREAM_TRAIN_HITS_20                       22        0.043%               22        0.043%
CORE_CUM_STREAM_TRAIN_HITS_30                       63        0.124%               63        0.124%
CORE_CUM_STREAM_TRAIN_HITS_40                       40        0.079%               40        0.079%
CORE_CUM_STREAM_TRAIN_HITS_50                      172        0.338%              172        0.338%
CORE_CUM_STREAM_TRAIN_HITS_60                        0        0.000%                0        0.000%
CORE_CUM_STREAM_TRAIN_HITS_70                        0        0.000%                0        0.000%
CORE_CUM_STREAM_TRAIN_HITS_80                        0        0.000%                0        0.000%
CORE_CUM_STREAM_TRAIN_HITS_90                        0        0.000%                0        0.000%
CORE_CUM_STREAM_TRAIN_HITS_100_P                   681        1.339%              681        1.339%
                                                 50849      100.000%            50849      100.000%
                                                  0.16         1.18              0.16         1.18

CORE_STREAM_TRAIN_CREATE                         29709                          29709              



