/* -*- Mode: c -*- */
####################################################################################################
Core 0
####################################################################################################
Cumulative:        Cycles: 11880040              Instructions: 29999999              IPC: 2.52524

Periodic:          Cycles: 11880040              Instructions: 29999999              IPC: 2.52524

MISS_WAIT_TIME                           1137444984225                  1137444984225              

ICACHE_STAGE_MISS                               160326                         160326              

ICACHE_CYCLE                                  11880040                       11880040              

TCACHE_CYCLE                                         0                              0              

ICACHE_SERVING_CYCLE_ON_PATH                   3437217                        3437217              

ICACHE_SERVING_CYCLE_OFF_PATH                   577233                         577233              

UCACHE_SERVING_CYCLE_ON_PATH                   4671653                        4671653              

UCACHE_SERVING_CYCLE_OFF_PATH                  1111000                        1111000              

ICACHE_CYCLE_ONPATH                            9922539       83.523%          9922539       83.523%
ICACHE_CYCLE_OFFPATH                           1957501       16.477%          1957501       16.477%
                                              11880040      100.000%         11880040      100.000%
                                                  0.16         0.35              0.16         0.35

FETCH_ON_PATH                                 10101420       85.029%         10101420       85.029%
FETCH_OFF_PATH                                 1778620       14.971%          1778620       14.971%
                                              11880040      100.000%         11880040      100.000%
                                                  0.15         0.33              0.15         0.33

FETCHED_OPS_ON_PATH                                  0         -nan%                0         -nan%
FETCHED_OPS_OFF_PATH                                 0         -nan%                0         -nan%
                                                     0         -nan%                0         -nan%
                                                  -nan         -nan              -nan         -nan

INST_LOST_FETCH                               38680535       47.280%         38680535       47.280%
INST_LOST_OFF_PATH                             8415073       10.286%          8415073       10.286%
INST_LOST_FULL_WINDOW                          2480684        3.032%          2480684        3.032%
INST_LOST_ROB_STALL_OTHER                      6131442        7.495%          6131442        7.495%
INST_LOST_ROB_STALL_WAIT_FOR_RECOVERY                0        0.000%                0        0.000%
INST_LOST_ROB_STALL_WAIT_FOR_REDIRECT                0        0.000%                0        0.000%
INST_LOST_ROB_STALL_WAIT_FOR_GAP_FILL                0        0.000%                0        0.000%
INST_LOST_ROB_STALL_WAIT_FOR_L1_MISS                 0        0.000%                0        0.000%
INST_LOST_ROB_STALL_WAIT_FOR_MEMORY                  0        0.000%                0        0.000%
INST_LOST_ROB_STALL_WAIT_FOR_DC_MISS           4188884        5.120%          4188884        5.120%
INST_LOST_ROB_BLOCK_ISSUE_FULL                       0        0.000%                0        0.000%
INST_LOST_ROB_BLOCK_ISSUE_GAP_TOO_LARGE              0        0.000%                0        0.000%
INST_LOST_BREAK_DONT                                 0        0.000%                0        0.000%
INST_LOST_BREAK_FT_UNAVAILABLE                 3674176        4.491%          3674176        4.491%
INST_LOST_BREAK_ICACHE_STAGE_RESTEER             82512        0.101%            82512        0.101%
INST_LOST_BREAK_ICACHE_MISS_REQ_SUCCESS         738705        0.903%           738705        0.903%
INST_LOST_BREAK_ICACHE_MISS_REQ_FAILURE           1223        0.001%             1223        0.001%
INST_LOST_BREAK_ICACHE_WAIT_FOR_MISS           7185771        8.783%          7185771        8.783%
INST_LOST_BREAK_ICACHE_STALLED                 1542835        1.886%          1542835        1.886%
INST_LOST_BREAK_ICACHE_TO_UOP_CACHE_SWITCH        741182        0.906%           741182        0.906%
INST_LOST_BREAK_ICACHE_READ_LIMIT              1455562        1.779%          1455562        1.779%
INST_LOST_BREAK_ICACHE_ISSUE_WIDTH                   0        0.000%                0        0.000%
INST_LOST_BREAK_UOP_CACHE_STALLED               775106        0.947%           775106        0.947%
INST_LOST_BREAK_UOP_CACHE_TO_ICACHE_SWITCH        960186        1.174%           960186        1.174%
INST_LOST_BREAK_UOP_CACHE_READ_LIMIT           4758282        5.816%          4758282        5.816%
INST_LOST_BREAK_UOP_CACHE_ISSUE_WIDTH                0        0.000%                0        0.000%
                                              81812158      100.000%         81812158      100.000%
                                                  5.82         7.16              5.82         7.16

INST_LOST_TOTAL                               82821128                       82821128              

INST_LOST_WAIT_FOR_ICACHE_MISS_NOT_PREFETCHED        390480        5.757%           390480        5.757%
INST_LOST_WAIT_FOR_ICACHE_MISS_PREFETCHED_AND_EVICTED_BY_IFETCH             0        0.000%                0        0.000%
INST_LOST_WAIT_FOR_ICACHE_MISS_PREFETCHED_AND_EVICTED_BY_FDIP             0        0.000%                0        0.000%
INST_LOST_WAIT_FOR_ICACHE_MISS_MSHR_HIT_PREF_OFFPATH         72060        1.062%            72060        1.062%
INST_LOST_WAIT_FOR_ICACHE_MISS_MSHR_HIT_PREF_ONPATH       6320532       93.181%          6320532       93.181%
                                               6783072      100.000%          6783072      100.000%
                                                  3.76         3.64              3.76         3.64

FETCH_0_OPS                                    2078805       17.498%          2078805       17.498%
FETCH_1_OPS                                     237027        1.995%           237027        1.995%
FETCH_2_OPS                                     376088        3.166%           376088        3.166%
FETCH_3_OPS                                     471141        3.966%           471141        3.966%
FETCH_4_OPS                                     746917        6.287%           746917        6.287%
FETCH_5_OPS                                     488835        4.115%           488835        4.115%
FETCH_6_OPS                                    3247034       27.332%          3247034       27.332%
FETCH_7_OPS                                     284629        2.396%           284629        2.396%
FETCH_8_OPS                                    3949564       33.245%          3949564       33.245%
FETCH_9_OPS                                          0        0.000%                0        0.000%
FETCH_10_OPS                                         0        0.000%                0        0.000%
FETCH_11_OPS                                         0        0.000%                0        0.000%
FETCH_12_OPS                                         0        0.000%                0        0.000%
FETCH_13_OPS                                         0        0.000%                0        0.000%
FETCH_14_OPS                                         0        0.000%                0        0.000%
FETCH_15_OPS                                         0        0.000%                0        0.000%
FETCH_16_OPS                                         0        0.000%                0        0.000%
                                              11880040      100.000%         11880040      100.000%
                                                  5.13         1.99              5.13         1.99

ST_BREAK_DONT                                        0        0.000%                0        0.000%
ST_BREAK_FT_UNAVAILABLE                         615313        5.179%           615313        5.179%
ST_BREAK_ICACHE_STAGE_RESTEER                    23174        0.195%            23174        0.195%
ST_BREAK_ICACHE_MISS_REQ_SUCCESS                160326        1.350%           160326        1.350%
ST_BREAK_ICACHE_MISS_REQ_FAILURE                   206        0.002%              206        0.002%
ST_BREAK_ICACHE_WAIT_FOR_MISS                  1197729       10.082%          1197729       10.082%
ST_BREAK_ICACHE_STALLED                         606439        5.105%           606439        5.105%
ST_BREAK_ICACHE_TO_UOP_CACHE_SWITCH             225700        1.900%           225700        1.900%
ST_BREAK_ICACHE_READ_LIMIT                      585754        4.931%           585754        4.931%
ST_BREAK_ICACHE_ISSUE_WIDTH                    2703900       22.760%          2703900       22.760%
ST_BREAK_UOP_CACHE_STALLED                     1559858       13.130%          1559858       13.130%
ST_BREAK_UOP_CACHE_TO_ICACHE_SWITCH             214884        1.809%           214884        1.809%
ST_BREAK_UOP_CACHE_READ_LIMIT                  1353082       11.390%          1353082       11.390%
ST_BREAK_UOP_CACHE_ISSUE_WIDTH                 2633675       22.169%          2633675       22.169%
                                              11880040      100.000%         11880040      100.000%
                                                  9.24         5.45              9.24         5.45

ORACLE_ON_PATH_INST                           38680535       82.132%         38680535       82.132%
ORACLE_OFF_PATH_INST                           8415073       17.868%          8415073       17.868%
                                              47095608      100.000%         47095608      100.000%
                                                  0.18         0.36              0.18         0.36

ORACLE_ON_PATH_INST_MEM                       12437966       26.410%         12437966       26.410%
ORACLE_ON_PATH_INST_NOTMEM                    26242569       55.722%         26242569       55.722%
ORACLE_OFF_PATH_INST_MEM                       2121359        4.504%          2121359        4.504%
ORACLE_OFF_PATH_INST_NOTMEM                    6293714       13.364%          6293714       13.364%
                                              47095608      100.000%         47095608      100.000%
                                                  1.05         0.84              1.05         0.84

ICACHE_CYCLE_NONRA_ONPATH                            0         -nan%                0         -nan%
ICACHE_CYCLE_NONRA_OFFPATH                           0         -nan%                0         -nan%
ICACHE_CYCLE_RA_ONPATH                               0         -nan%                0         -nan%
ICACHE_CYCLE_RA_OFFPATH                              0         -nan%                0         -nan%
                                                     0         -nan%                0         -nan%
                                                  -nan         -nan              -nan         -nan

ICACHE_CYCLE_ONPATH_NONRA                            0         -nan%                0         -nan%
ICACHE_CYCLE_OFFPATH_NONRA                           0         -nan%                0         -nan%
                                                     0         -nan%                0         -nan%
                                                  -nan         -nan              -nan         -nan

ICACHE_CYCLE_ONPATH_RA                               0         -nan%                0         -nan%
ICACHE_CYCLE_OFFPATH_RA                              0         -nan%                0         -nan%
                                                     0         -nan%                0         -nan%
                                                  -nan         -nan              -nan         -nan

INACCURATE_OFFPATH_CYCLES                            0        0.0000                0        0.0000

FETCH_ALL_INST                                47095608                       47095608              

EXEC_ALL_INST                                 40398921                       40398921              

RET_ALL_INST                                  38680535                       38680535              

EXEC_ON_PATH_INST                             38680535       95.746%         38680535       95.746%
EXEC_OFF_PATH_INST                             1718386        4.254%          1718386        4.254%
                                              40398921      100.000%         40398921      100.000%
                                                  0.04         0.20              0.04         0.20

EXEC_ON_PATH_INST_MEM                         12437966       30.788%         12437966       30.788%
EXEC_ON_PATH_INST_NOTMEM                      26242569       64.959%         26242569       64.959%
EXEC_OFF_PATH_INST_MEM                          432515        1.071%           432515        1.071%
EXEC_OFF_PATH_INST_NOTMEM                      1285871        3.183%          1285871        3.183%
                                              40398921      100.000%         40398921      100.000%
                                                  0.77         0.48              0.77         0.48

EXEC_RA_INST                                         0         -nan%                0         -nan%
EXEC_NONRA_INST                                      0         -nan%                0         -nan%
                                                     0         -nan%                0         -nan%
                                                  -nan         -nan              -nan         -nan

EXEC_ON_PATH_INST_RA                                 0         -nan%                0         -nan%
EXEC_OFF_PATH_INST_RA                                0         -nan%                0         -nan%
                                                     0         -nan%                0         -nan%
                                                  -nan         -nan              -nan         -nan

EXEC_ON_PATH_INST_NONRA                              0         -nan%                0         -nan%
EXEC_OFF_PATH_INST_NONRA                             0         -nan%                0         -nan%
                                                     0         -nan%                0         -nan%
                                                  -nan         -nan              -nan         -nan

EXEC_RA_ON_PATH_INST                                 0         -nan%                0         -nan%
EXEC_RA_OFF_PATH_INST                                0         -nan%                0         -nan%
EXEC_NONRA_ON_PATH_INST                              0         -nan%                0         -nan%
EXEC_NONRA_OFF_PATH_INST                             0         -nan%                0         -nan%
                                                     0         -nan%                0         -nan%
                                                  -nan         -nan              -nan         -nan

ICACHE_THROTTLE_CYCLE                                0                              0              

FETCH_ENABLE_THROTTLE_OFF_PATH                       0         -nan%                0         -nan%
FETCH_ENABLE_THROTTLE_ON_PATH                        0         -nan%                0         -nan%
                                                     0         -nan%                0         -nan%
                                                  -nan         -nan              -nan         -nan

FETCH_DISABLE_THROTTLE_OFF_PATH                      0         -nan%                0         -nan%
FETCH_DISABLE_THROTTLE_ON_PATH                       0         -nan%                0         -nan%
                                                     0         -nan%                0         -nan%
                                                  -nan         -nan              -nan         -nan

FETCH_TH_ADJUST__0                                   0         -nan%                0         -nan%
FETCH_TH_ADJUST__1                                   0         -nan%                0         -nan%
FETCH_TH_ADJUST__2                                   0         -nan%                0         -nan%
FETCH_TH_ADJUST__3                                   0         -nan%                0         -nan%
FETCH_TH_ADJUST__4                                   0         -nan%                0         -nan%
FETCH_TH_ADJUST__5                                   0         -nan%                0         -nan%
FETCH_TH_ADJUST__6                                   0         -nan%                0         -nan%
FETCH_TH_ADJUST__7                                   0         -nan%                0         -nan%
FETCH_TH_ADJUST__8                                   0         -nan%                0         -nan%
FETCH_TH_ADJUST__9                                   0         -nan%                0         -nan%
FETCH_TH_ADJUST__MAX                                 0         -nan%                0         -nan%
                                                     0         -nan%                0         -nan%
                                                  -nan         -nan              -nan         -nan

FETCH_TH_ADJUST_UP                                   0         -nan%                0         -nan%
FETCH_TH_ADJUST_DOWN                                 0         -nan%                0         -nan%
FETCH_TH_ADJUST_SAME                                 0         -nan%                0         -nan%
                                                     0         -nan%                0         -nan%
                                                  -nan         -nan              -nan         -nan

THROTTLE_ADJUST_CACHE_MISS_INFO                      0                              0              

LOW_CONF_COUNT_BP_MIS_0                              0         -nan%                0         -nan%
LOW_CONF_COUNT_BP_MIS_1                              0         -nan%                0         -nan%
LOW_CONF_COUNT_BP_MIS_2                              0         -nan%                0         -nan%
LOW_CONF_COUNT_BP_MIS_3                              0         -nan%                0         -nan%
LOW_CONF_COUNT_BP_MIS_4                              0         -nan%                0         -nan%
LOW_CONF_COUNT_BP_MIS_5                              0         -nan%                0         -nan%
LOW_CONF_COUNT_BP_MIS_6                              0         -nan%                0         -nan%
LOW_CONF_COUNT_BP_MIS_7                              0         -nan%                0         -nan%
LOW_CONF_COUNT_BP_MIS_8                              0         -nan%                0         -nan%
LOW_CONF_COUNT_BP_MIS_9                              0         -nan%                0         -nan%
LOW_CONF_COUNT_BP_MIS_10                             0         -nan%                0         -nan%
LOW_CONF_COUNT_BP_MIS_11                             0         -nan%                0         -nan%
LOW_CONF_COUNT_BP_MIS_12                             0         -nan%                0         -nan%
LOW_CONF_COUNT_BP_MIS_13                             0         -nan%                0         -nan%
LOW_CONF_COUNT_BP_MIS_14                             0         -nan%                0         -nan%
LOW_CONF_COUNT_BP_MIS_15                             0         -nan%                0         -nan%
LOW_CONF_COUNT_BP_MIS_16                             0         -nan%                0         -nan%
LOW_CONF_COUNT_BP_MIS_17                             0         -nan%                0         -nan%
LOW_CONF_COUNT_BP_MIS_18                             0         -nan%                0         -nan%
LOW_CONF_COUNT_BP_MIS_19                             0         -nan%                0         -nan%
LOW_CONF_COUNT_BP_MIS_20                             0         -nan%                0         -nan%
                                                     0         -nan%                0         -nan%
                                                  -nan         -nan              -nan         -nan

LOW_CONF_COUNT_RET_0                                 0         -nan%                0         -nan%
LOW_CONF_COUNT_RET_1                                 0         -nan%                0         -nan%
LOW_CONF_COUNT_RET_2                                 0         -nan%                0         -nan%
LOW_CONF_COUNT_RET_3                                 0         -nan%                0         -nan%
LOW_CONF_COUNT_RET_4                                 0         -nan%                0         -nan%
LOW_CONF_COUNT_RET_5                                 0         -nan%                0         -nan%
LOW_CONF_COUNT_RET_6                                 0         -nan%                0         -nan%
LOW_CONF_COUNT_RET_7                                 0         -nan%                0         -nan%
LOW_CONF_COUNT_RET_8                                 0         -nan%                0         -nan%
LOW_CONF_COUNT_RET_9                                 0         -nan%                0         -nan%
LOW_CONF_COUNT_RET_10                                0         -nan%                0         -nan%
LOW_CONF_COUNT_RET_11                                0         -nan%                0         -nan%
LOW_CONF_COUNT_RET_12                                0         -nan%                0         -nan%
LOW_CONF_COUNT_RET_13                                0         -nan%                0         -nan%
LOW_CONF_COUNT_RET_14                                0         -nan%                0         -nan%
LOW_CONF_COUNT_RET_15                                0         -nan%                0         -nan%
LOW_CONF_COUNT_RET_16                                0         -nan%                0         -nan%
LOW_CONF_COUNT_RET_17                                0         -nan%                0         -nan%
LOW_CONF_COUNT_RET_18                                0         -nan%                0         -nan%
LOW_CONF_COUNT_RET_19                                0         -nan%                0         -nan%
LOW_CONF_COUNT_RET_20                                0         -nan%                0         -nan%
                                                     0         -nan%                0         -nan%
                                                  -nan         -nan              -nan         -nan

CYCLES_RESTEER_RECOVER_AT_EXEC                       0         -nan%                0         -nan%
CYCLES_RESTEER_RECOVER_AT_DECODE                     0         -nan%                0         -nan%
CYCLES_RESTEER_BTB_MISS                              0         -nan%                0         -nan%
                                                     0         -nan%                0         -nan%
                                                  -nan         -nan              -nan         -nan

CYCLES_RESTEER_RECOVER_AT_EXEC_SAVED_UC_FETCH             0         -nan%                0         -nan%
CYCLES_RESTEER_RECOVER_AT_EXEC_COULD_BE_SAVED_UC_FETCH             0         -nan%                0         -nan%
CYCLES_RESTEER_RECOVER_AT_DECODE_SAVED_UC_FETCH             0         -nan%                0         -nan%
CYCLES_RESTEER_RECOVER_AT_DECODE_COULD_BE_SAVED_UC_FETCH             0         -nan%                0         -nan%
CYCLES_RESTEER_BTB_MISS_SAVED_UC_FETCH               0         -nan%                0         -nan%
CYCLES_RESTEER_BTB_MISS_COULD_BE_SAVED_UC_FETCH             0         -nan%                0         -nan%
                                                     0         -nan%                0         -nan%
                                                  -nan         -nan              -nan         -nan

CYCLES_UOC_IC_SWITCH                                 0                              0              



