               ramulator.active_cycles_0             3734495                                      # Total active cycles for level _0
                 ramulator.busy_cycles_0             3734495                                      # (All-bank refresh only. busy cycles only include refresh time in rank level) The sum of cycles that the DRAM part is active or under refresh for level _0
            ramulator.serving_requests_0             9719166                                      # The sum of read and write requests that are served in this DRAM element per memory cycle for level _0
    ramulator.average_serving_requests_0            0.892376                                      # The average of read and write requests that are served in this DRAM element per memory cycle for level _0
             ramulator.active_cycles_0_0             3734495                                      # Total active cycles for level _0_0
               ramulator.busy_cycles_0_0             4190615                                      # (All-bank refresh only. busy cycles only include refresh time in rank level) The sum of cycles that the DRAM part is active or under refresh for level _0_0
          ramulator.serving_requests_0_0             9719166                                      # The sum of read and write requests that are served in this DRAM element per memory cycle for level _0_0
  ramulator.average_serving_requests_0_0            0.892376                                      # The average of read and write requests that are served in this DRAM element per memory cycle for level _0_0
           ramulator.active_cycles_0_0_0             1025676                                      # Total active cycles for level _0_0_0
             ramulator.busy_cycles_0_0_0             1025676                                      # (All-bank refresh only. busy cycles only include refresh time in rank level) The sum of cycles that the DRAM part is active or under refresh for level _0_0_0
        ramulator.serving_requests_0_0_0             2156396                                      # The sum of read and write requests that are served in this DRAM element per memory cycle for level _0_0_0
ramulator.average_serving_requests_0_0_0            0.197992                                      # The average of read and write requests that are served in this DRAM element per memory cycle for level _0_0_0
         ramulator.active_cycles_0_0_0_0              194309                                      # Total active cycles for level _0_0_0_0
           ramulator.busy_cycles_0_0_0_0              194309                                      # (All-bank refresh only. busy cycles only include refresh time in rank level) The sum of cycles that the DRAM part is active or under refresh for level _0_0_0_0
      ramulator.serving_requests_0_0_0_0              375702                                      # The sum of read and write requests that are served in this DRAM element per memory cycle for level _0_0_0_0
ramulator.average_serving_requests_0_0_0_0            0.034496                                      # The average of read and write requests that are served in this DRAM element per memory cycle for level _0_0_0_0
         ramulator.active_cycles_0_0_0_1              320873                                      # Total active cycles for level _0_0_0_1
           ramulator.busy_cycles_0_0_0_1              320873                                      # (All-bank refresh only. busy cycles only include refresh time in rank level) The sum of cycles that the DRAM part is active or under refresh for level _0_0_0_1
      ramulator.serving_requests_0_0_0_1              626167                                      # The sum of read and write requests that are served in this DRAM element per memory cycle for level _0_0_0_1
ramulator.average_serving_requests_0_0_0_1            0.057492                                      # The average of read and write requests that are served in this DRAM element per memory cycle for level _0_0_0_1
         ramulator.active_cycles_0_0_0_2              206121                                      # Total active cycles for level _0_0_0_2
           ramulator.busy_cycles_0_0_0_2              206121                                      # (All-bank refresh only. busy cycles only include refresh time in rank level) The sum of cycles that the DRAM part is active or under refresh for level _0_0_0_2
      ramulator.serving_requests_0_0_0_2              434675                                      # The sum of read and write requests that are served in this DRAM element per memory cycle for level _0_0_0_2
ramulator.average_serving_requests_0_0_0_2            0.039910                                      # The average of read and write requests that are served in this DRAM element per memory cycle for level _0_0_0_2
         ramulator.active_cycles_0_0_0_3              365047                                      # Total active cycles for level _0_0_0_3
           ramulator.busy_cycles_0_0_0_3              365047                                      # (All-bank refresh only. busy cycles only include refresh time in rank level) The sum of cycles that the DRAM part is active or under refresh for level _0_0_0_3
      ramulator.serving_requests_0_0_0_3              719852                                      # The sum of read and write requests that are served in this DRAM element per memory cycle for level _0_0_0_3
ramulator.average_serving_requests_0_0_0_3            0.066094                                      # The average of read and write requests that are served in this DRAM element per memory cycle for level _0_0_0_3
           ramulator.active_cycles_0_0_1             1277328                                      # Total active cycles for level _0_0_1
             ramulator.busy_cycles_0_0_1             1277328                                      # (All-bank refresh only. busy cycles only include refresh time in rank level) The sum of cycles that the DRAM part is active or under refresh for level _0_0_1
        ramulator.serving_requests_0_0_1             2542792                                      # The sum of read and write requests that are served in this DRAM element per memory cycle for level _0_0_1
ramulator.average_serving_requests_0_0_1            0.233469                                      # The average of read and write requests that are served in this DRAM element per memory cycle for level _0_0_1
         ramulator.active_cycles_0_0_1_0              346925                                      # Total active cycles for level _0_0_1_0
           ramulator.busy_cycles_0_0_1_0              346925                                      # (All-bank refresh only. busy cycles only include refresh time in rank level) The sum of cycles that the DRAM part is active or under refresh for level _0_0_1_0
      ramulator.serving_requests_0_0_1_0              676257                                      # The sum of read and write requests that are served in this DRAM element per memory cycle for level _0_0_1_0
ramulator.average_serving_requests_0_0_1_0            0.062091                                      # The average of read and write requests that are served in this DRAM element per memory cycle for level _0_0_1_0
         ramulator.active_cycles_0_0_1_1              299915                                      # Total active cycles for level _0_0_1_1
           ramulator.busy_cycles_0_0_1_1              299915                                      # (All-bank refresh only. busy cycles only include refresh time in rank level) The sum of cycles that the DRAM part is active or under refresh for level _0_0_1_1
      ramulator.serving_requests_0_0_1_1              594363                                      # The sum of read and write requests that are served in this DRAM element per memory cycle for level _0_0_1_1
ramulator.average_serving_requests_0_0_1_1            0.054572                                      # The average of read and write requests that are served in this DRAM element per memory cycle for level _0_0_1_1
         ramulator.active_cycles_0_0_1_2              399220                                      # Total active cycles for level _0_0_1_2
           ramulator.busy_cycles_0_0_1_2              399220                                      # (All-bank refresh only. busy cycles only include refresh time in rank level) The sum of cycles that the DRAM part is active or under refresh for level _0_0_1_2
      ramulator.serving_requests_0_0_1_2              640528                                      # The sum of read and write requests that are served in this DRAM element per memory cycle for level _0_0_1_2
ramulator.average_serving_requests_0_0_1_2            0.058811                                      # The average of read and write requests that are served in this DRAM element per memory cycle for level _0_0_1_2
         ramulator.active_cycles_0_0_1_3              324351                                      # Total active cycles for level _0_0_1_3
           ramulator.busy_cycles_0_0_1_3              324351                                      # (All-bank refresh only. busy cycles only include refresh time in rank level) The sum of cycles that the DRAM part is active or under refresh for level _0_0_1_3
      ramulator.serving_requests_0_0_1_3              631644                                      # The sum of read and write requests that are served in this DRAM element per memory cycle for level _0_0_1_3
ramulator.average_serving_requests_0_0_1_3            0.057995                                      # The average of read and write requests that are served in this DRAM element per memory cycle for level _0_0_1_3
           ramulator.active_cycles_0_0_2             1231646                                      # Total active cycles for level _0_0_2
             ramulator.busy_cycles_0_0_2             1231646                                      # (All-bank refresh only. busy cycles only include refresh time in rank level) The sum of cycles that the DRAM part is active or under refresh for level _0_0_2
        ramulator.serving_requests_0_0_2             2553847                                      # The sum of read and write requests that are served in this DRAM element per memory cycle for level _0_0_2
ramulator.average_serving_requests_0_0_2            0.234484                                      # The average of read and write requests that are served in this DRAM element per memory cycle for level _0_0_2
         ramulator.active_cycles_0_0_2_0              324623                                      # Total active cycles for level _0_0_2_0
           ramulator.busy_cycles_0_0_2_0              324623                                      # (All-bank refresh only. busy cycles only include refresh time in rank level) The sum of cycles that the DRAM part is active or under refresh for level _0_0_2_0
      ramulator.serving_requests_0_0_2_0              624250                                      # The sum of read and write requests that are served in this DRAM element per memory cycle for level _0_0_2_0
ramulator.average_serving_requests_0_0_2_0            0.057316                                      # The average of read and write requests that are served in this DRAM element per memory cycle for level _0_0_2_0
         ramulator.active_cycles_0_0_2_1              351186                                      # Total active cycles for level _0_0_2_1
           ramulator.busy_cycles_0_0_2_1              351186                                      # (All-bank refresh only. busy cycles only include refresh time in rank level) The sum of cycles that the DRAM part is active or under refresh for level _0_0_2_1
      ramulator.serving_requests_0_0_2_1              691402                                      # The sum of read and write requests that are served in this DRAM element per memory cycle for level _0_0_2_1
ramulator.average_serving_requests_0_0_2_1            0.063482                                      # The average of read and write requests that are served in this DRAM element per memory cycle for level _0_0_2_1
         ramulator.active_cycles_0_0_2_2              298308                                      # Total active cycles for level _0_0_2_2
           ramulator.busy_cycles_0_0_2_2              298308                                      # (All-bank refresh only. busy cycles only include refresh time in rank level) The sum of cycles that the DRAM part is active or under refresh for level _0_0_2_2
      ramulator.serving_requests_0_0_2_2              549081                                      # The sum of read and write requests that are served in this DRAM element per memory cycle for level _0_0_2_2
ramulator.average_serving_requests_0_0_2_2            0.050414                                      # The average of read and write requests that are served in this DRAM element per memory cycle for level _0_0_2_2
         ramulator.active_cycles_0_0_2_3              367966                                      # Total active cycles for level _0_0_2_3
           ramulator.busy_cycles_0_0_2_3              367966                                      # (All-bank refresh only. busy cycles only include refresh time in rank level) The sum of cycles that the DRAM part is active or under refresh for level _0_0_2_3
      ramulator.serving_requests_0_0_2_3              689114                                      # The sum of read and write requests that are served in this DRAM element per memory cycle for level _0_0_2_3
ramulator.average_serving_requests_0_0_2_3            0.063272                                      # The average of read and write requests that are served in this DRAM element per memory cycle for level _0_0_2_3
           ramulator.active_cycles_0_0_3             1148087                                      # Total active cycles for level _0_0_3
             ramulator.busy_cycles_0_0_3             1148087                                      # (All-bank refresh only. busy cycles only include refresh time in rank level) The sum of cycles that the DRAM part is active or under refresh for level _0_0_3
        ramulator.serving_requests_0_0_3             2466120                                      # The sum of read and write requests that are served in this DRAM element per memory cycle for level _0_0_3
ramulator.average_serving_requests_0_0_3            0.226430                                      # The average of read and write requests that are served in this DRAM element per memory cycle for level _0_0_3
         ramulator.active_cycles_0_0_3_0              217655                                      # Total active cycles for level _0_0_3_0
           ramulator.busy_cycles_0_0_3_0              217655                                      # (All-bank refresh only. busy cycles only include refresh time in rank level) The sum of cycles that the DRAM part is active or under refresh for level _0_0_3_0
      ramulator.serving_requests_0_0_3_0              431909                                      # The sum of read and write requests that are served in this DRAM element per memory cycle for level _0_0_3_0
ramulator.average_serving_requests_0_0_3_0            0.039656                                      # The average of read and write requests that are served in this DRAM element per memory cycle for level _0_0_3_0
         ramulator.active_cycles_0_0_3_1              385402                                      # Total active cycles for level _0_0_3_1
           ramulator.busy_cycles_0_0_3_1              385402                                      # (All-bank refresh only. busy cycles only include refresh time in rank level) The sum of cycles that the DRAM part is active or under refresh for level _0_0_3_1
      ramulator.serving_requests_0_0_3_1              760621                                      # The sum of read and write requests that are served in this DRAM element per memory cycle for level _0_0_3_1
ramulator.average_serving_requests_0_0_3_1            0.069837                                      # The average of read and write requests that are served in this DRAM element per memory cycle for level _0_0_3_1
         ramulator.active_cycles_0_0_3_2              307544                                      # Total active cycles for level _0_0_3_2
           ramulator.busy_cycles_0_0_3_2              307544                                      # (All-bank refresh only. busy cycles only include refresh time in rank level) The sum of cycles that the DRAM part is active or under refresh for level _0_0_3_2
      ramulator.serving_requests_0_0_3_2              614983                                      # The sum of read and write requests that are served in this DRAM element per memory cycle for level _0_0_3_2
ramulator.average_serving_requests_0_0_3_2            0.056465                                      # The average of read and write requests that are served in this DRAM element per memory cycle for level _0_0_3_2
         ramulator.active_cycles_0_0_3_3              320948                                      # Total active cycles for level _0_0_3_3
           ramulator.busy_cycles_0_0_3_3              320948                                      # (All-bank refresh only. busy cycles only include refresh time in rank level) The sum of cycles that the DRAM part is active or under refresh for level _0_0_3_3
      ramulator.serving_requests_0_0_3_3              658605                                      # The sum of read and write requests that are served in this DRAM element per memory cycle for level _0_0_3_3
ramulator.average_serving_requests_0_0_3_3            0.060471                                      # The average of read and write requests that are served in this DRAM element per memory cycle for level _0_0_3_3
      ramulator.read_transaction_bytes_0            26771200                                      # The total byte of read transaction per channel
     ramulator.write_transaction_bytes_0            15536448                                      # The total byte of write transaction per channel
       ramulator.row_hits_channel_0_core              632063                                      # Number of row hits per channel per core
     ramulator.row_misses_channel_0_core                8709                                      # Number of row misses per channel per core
  ramulator.row_conflicts_channel_0_core               20285                                      # Number of row conflicts per channel per core
  ramulator.read_row_hits_channel_0_core              402318                                      # Number of row hits for read requests per channel per core
                                     [0]            402318.0                                      # 
ramulator.read_row_misses_channel_0_core                4655                                      # Number of row misses for read requests per channel per core
                                     [0]              4655.0                                      # 
ramulator.read_row_conflicts_channel_0_core               11327                                      # Number of row conflicts for read requests per channel per core
                                     [0]             11327.0                                      # 
 ramulator.write_row_hits_channel_0_core              229745                                      # Number of row hits for write requests per channel per core
                                     [0]            229745.0                                      # 
ramulator.write_row_misses_channel_0_core                4054                                      # Number of row misses for write requests per channel per core
                                     [0]              4054.0                                      # 
ramulator.write_row_conflicts_channel_0_core                8958                                      # Number of row conflicts for write requests per channel per core
                                     [0]              8958.0                                      # 
      ramulator.useless_activates_0_core                  68                                      # Number of useless activations. E.g, ACT -> PRE w/o RD or WR
            ramulator.read_latency_avg_0          161.655984                                      # The average memory latency cycles (in memory time domain) per request for all read requests in this channel
            ramulator.read_latency_sum_0            67639935                                      # The memory latency cycles (in memory time domain) sum for all read requests in this channel
        ramulator.req_queue_length_avg_0           19.962746                                      # Average of read and write queue length per memory cycle per channel.
        ramulator.req_queue_length_sum_0           217420892                                      # Sum of read and write queue length per memory cycle per channel.
   ramulator.read_req_queue_length_avg_0            6.184527                                      # Read queue length average per memory cycle per channel.
   ramulator.read_req_queue_length_sum_0            67357738                                      # Read queue length sum per memory cycle per channel.
  ramulator.write_req_queue_length_avg_0           13.778219                                      # Write queue length average per memory cycle per channel.
  ramulator.write_req_queue_length_sum_0           150063154                                      # Write queue length sum per memory cycle per channel.
              ramulator.record_read_hits                 0.0                                      # record read hit count for this core when it reaches request limit or to the end
                                     [0]                 0.0                                      # 
            ramulator.record_read_misses                 0.0                                      # record_read_miss count for this core when it reaches request limit or to the end
                                     [0]                 0.0                                      # 
         ramulator.record_read_conflicts                 0.0                                      # record read conflict count for this core when it reaches request limit or to the end
                                     [0]                 0.0                                      # 
             ramulator.record_write_hits                 0.0                                      # record write hit count for this core when it reaches request limit or to the end
                                     [0]                 0.0                                      # 
           ramulator.record_write_misses                 0.0                                      # record write miss count for this core when it reaches request limit or to the end
                                     [0]                 0.0                                      # 
        ramulator.record_write_conflicts                 0.0                                      # record write conflict for this core when it reaches request limit or to the end
                                     [0]                 0.0                                      # 
                 ramulator.dram_capacity          8589934592                                      # Number of bytes in simulated DRAM
                   ramulator.dram_cycles            10891332                                      # Number of DRAM cycles simulated
             ramulator.incoming_requests              661201                                      # Number of incoming requests to DRAM
                 ramulator.read_requests              418419                                      # Number of incoming read requests to DRAM per core
                                     [0]            418419.0                                      # 
                ramulator.write_requests              242782                                      # Number of incoming write requests to DRAM per core
                                     [0]            242782.0                                      # 
       ramulator.ramulator_active_cycles             3734495                                      # The total number of cycles that the DRAM part is active (serving R/W)
 ramulator.incoming_requests_per_channel            661201.0                                      # Number of incoming requests to each DRAM channel
                                     [0]            661201.0                                      # 
ramulator.incoming_read_reqs_per_channel            418419.0                                      # Number of incoming read requests to each DRAM channel
                                     [0]            418419.0                                      # 
     ramulator.physical_page_replacement                   0                                      # The number of times that physical page replacement happens.
             ramulator.maximum_bandwidth         19200000000                                      # The theoretical maximum bandwidth (Bps)
          ramulator.in_queue_req_num_sum           217420892                                      # Sum of read/write queue length
     ramulator.in_queue_read_req_num_sum            67357738                                      # Sum of read queue length
    ramulator.in_queue_write_req_num_sum           150063154                                      # Sum of write queue length
          ramulator.in_queue_req_num_avg           19.962746                                      # Average of read/write queue length per memory cycle
     ramulator.in_queue_read_req_num_avg            6.184527                                      # Average of read queue length per memory cycle
    ramulator.in_queue_write_req_num_avg           13.778219                                      # Average of write queue length per memory cycle
          ramulator.record_read_requests                 0.0                                      # record read requests for this core when it reaches request limit or to the end
                                     [0]                 0.0                                      # 
         ramulator.record_write_requests                 0.0                                      # record write requests for this core when it reaches request limit or to the end
                                     [0]                 0.0                                      # 
