/* -*- Mode: c -*- */
####################################################################################################
Core 0
####################################################################################################
Cumulative:        Cycles: 22219692              Instructions: 89999999              IPC: 4.05046

Periodic:          Cycles: 22219692              Instructions: 89999999              IPC: 4.05046

APT_LIVE_LD2_PREDICTION_PEAK                        81                             81              

APT_LIVE_LD2_PREDICTION_OBSERVATIONS                 0                              0              

APT_LIVE_LD2_PREDICTION_TOTAL                        0                              0              

IFUSE_FUSED_LOADS                              7155020                        7155020              

IFUSE_MISPREDICTED_LOADS                          1877                           1877              

IFUSE_MISPREDICTION_FLUSHES                       1791                           1791              

IFUSE_MISPREDICTED_CACHE_BLOCK_ADDR                612                            612              

IFUSE_MISPREDICTED_OFFSET_DELTA                   1877                           1877              

ACI_REPLAYED_INSERTS                                 0                              0              

ACI_BACKING_ALLOC_FAILURES                           0                              0              

ACI_PREDICTION_INSERTS                         7572213                        7572213              

ACI_SAME_CACHEBLOCK_INSERTS                    1768547                        1768547              

ACI_LOOKUP_NO_MATCHES                              612                            612              

ACI_LOOKUP_MATCHES                             7156285                        7156285              

ACI_PREDICTION_INVALIDATIONS                    415898                         415898              

ACI_STALE_PREDICTION_REMOVALS                        0                              0              

FCT_LD2_REPLACEMENTS                                 0                              0              

TRAINING_TABLE_INSERTS                             947                            947              

TRAINING_TABLE_PROMOTIONS                          176                            176              

TRAINING_TABLE_BACKING_ALLOC_FAILURES                0                              0              



