Scarab gitrev: 2f2498b5
Warning: Scarab expects the trace file type to include OFFLINE_FILE_TYPE_ARCH_REGDEPS (0x20000), but got type: 0xe40
Scarab started at Fri Jun 19 21:31:13 2026

Initialized Ramulator. 
** Heartbeat:   1% -- { 1000004 } -- 0.00 KIPS (250.00 KIPS)
** Heartbeat:   2% -- { 2000011 } -- 200.00 KIPS (222.22 KIPS)
** Heartbeat:   3% -- { 3000011 } -- 250.00 KIPS (230.77 KIPS)
** Heartbeat:   4% -- { 4000015 } -- 200.00 KIPS (222.22 KIPS)
** Heartbeat:   5% -- { 5000017 } -- 250.00 KIPS (227.27 KIPS)
** Heartbeat:   6% -- { 6000017 } -- 200.00 KIPS (222.22 KIPS)
** Heartbeat:   7% -- { 7000019 } -- 250.00 KIPS (225.81 KIPS)
** Heartbeat:   8% -- { 8000022 } -- 200.00 KIPS (222.22 KIPS)
** Heartbeat:   9% -- { 9000027 } -- 250.00 KIPS (225.00 KIPS)
** Heartbeat:  10% -- { 10000034 } -- 200.00 KIPS (222.22 KIPS)
** Heartbeat:  11% -- { 11000037 } -- 250.00 KIPS (224.49 KIPS)
** Heartbeat:  12% -- { 12000041 } -- 250.00 KIPS (226.42 KIPS)
** Heartbeat:  13% -- { 13000043 } -- 200.00 KIPS (224.14 KIPS)
** Heartbeat:  14% -- { 14000043 } -- 250.00 KIPS (225.81 KIPS)
** Heartbeat:  15% -- { 15000049 } -- 200.00 KIPS (223.88 KIPS)
** Heartbeat:  16% -- { 16000053 } -- 250.00 KIPS (225.35 KIPS)
** Heartbeat:  17% -- { 17000058 } -- 250.00 KIPS (226.67 KIPS)
** Heartbeat:  18% -- { 18000065 } -- 200.00 KIPS (225.00 KIPS)
** Heartbeat:  19% -- { 19000071 } -- 250.00 KIPS (226.19 KIPS)
** Heartbeat:  20% -- { 20000072 } -- 250.00 KIPS (227.27 KIPS)
** Heartbeat:  21% -- { 21000076 } -- 200.00 KIPS (225.81 KIPS)
** Heartbeat:  22% -- { 22000078 } -- 250.00 KIPS (226.80 KIPS)
** Heartbeat:  23% -- { 23000081 } -- 200.00 KIPS (225.49 KIPS)
** Heartbeat:  24% -- { 24000082 } -- 250.00 KIPS (226.42 KIPS)
** Heartbeat:  25% -- { 25000082 } -- 250.00 KIPS (227.27 KIPS)
** Heartbeat:  26% -- { 26000087 } -- 200.00 KIPS (226.09 KIPS)
** Heartbeat:  27% -- { 27000092 } -- 250.00 KIPS (226.89 KIPS)
** Heartbeat:  28% -- { 28000097 } -- 200.00 KIPS (225.81 KIPS)
** Heartbeat:  29% -- { 29000099 } -- 250.00 KIPS (226.56 KIPS)
** Heartbeat:  30% -- { 30000101 } -- 250.00 KIPS (227.27 KIPS)
** Heartbeat:  31% -- { 31000102 } -- 200.00 KIPS (226.28 KIPS)
** Heartbeat:  32% -- { 32000106 } -- 250.00 KIPS (226.95 KIPS)
** Heartbeat:  33% -- { 33000108 } -- 200.00 KIPS (226.03 KIPS)
** Heartbeat:  34% -- { 34000108 } -- 250.00 KIPS (226.67 KIPS)
** Heartbeat:  35% -- { 35000111 } -- 250.00 KIPS (227.27 KIPS)
** Heartbeat:  36% -- { 36000111 } -- 200.00 KIPS (226.42 KIPS)
** Heartbeat:  37% -- { 37000111 } -- 250.00 KIPS (226.99 KIPS)
** Heartbeat:  38% -- { 38000113 } -- 200.00 KIPS (226.19 KIPS)
** Heartbeat:  39% -- { 39000113 } -- 250.00 KIPS (226.74 KIPS)
** Heartbeat:  40% -- { 40000115 } -- 250.00 KIPS (227.27 KIPS)
** Heartbeat:  41% -- { 41000115 } -- 250.00 KIPS (227.78 KIPS)
** Heartbeat:  42% -- { 42000119 } -- 200.00 KIPS (227.03 KIPS)
** Heartbeat:  43% -- { 43000120 } -- 250.00 KIPS (227.51 KIPS)
** Heartbeat:  44% -- { 44000120 } -- 250.00 KIPS (227.98 KIPS)
** Heartbeat:  45% -- { 45000126 } -- 250.00 KIPS (228.43 KIPS)
** Heartbeat:  46% -- { 46000131 } -- 200.00 KIPS (227.72 KIPS)
** Heartbeat:  47% -- { 47000134 } -- 250.00 KIPS (228.16 KIPS)
** Heartbeat:  48% -- { 48000138 } -- 200.00 KIPS (227.49 KIPS)
** Heartbeat:  49% -- { 49000138 } -- 250.00 KIPS (227.91 KIPS)
** Heartbeat:  50% -- { 50000138 } -- 200.00 KIPS (227.27 KIPS)
** Heartbeat:  51% -- { 51000138 } -- 100.00 KIPS (221.74 KIPS)
** Heartbeat:  52% -- { 52000138 } -- 100.00 KIPS (216.67 KIPS)
** Heartbeat:  53% -- { 53000138 } -- 100.00 KIPS (212.00 KIPS)
** Heartbeat:  54% -- { 54000138 } -- 100.00 KIPS (207.69 KIPS)
** Heartbeat:  55% -- { 55000142 } -- 100.00 KIPS (203.70 KIPS)
** Heartbeat:  56% -- { 56000146 } -- 100.00 KIPS (200.00 KIPS)
** Heartbeat:  57% -- { 57000146 } -- 100.00 KIPS (196.55 KIPS)
** Heartbeat:  58% -- { 58000153 } -- 100.00 KIPS (193.33 KIPS)
** Heartbeat:  59% -- { 59000153 } -- 100.00 KIPS (190.32 KIPS)
Reached end of trace (last_inst) pc=0x7ffff3dab557
** Core 0 Finished:    insts:59999999    cycles:43659235    time:13643510937500      -- 1.37 IPC (1.37 IPC) --  N/A  KIPS (187.50 KIPS)
Scarab finished at Fri Jun 19 21:36:33 2026

