/* -*- Mode: c -*- */
####################################################################################################
Core 0
####################################################################################################
Cumulative:        Cycles: 113950609             Instructions: 59999999              IPC: 0.52654

Periodic:          Cycles: 113950609             Instructions: 59999999              IPC: 0.52654

EXECUTION_TIME                           35609565312500                  35609565312500              

SIM_HOST_WALL_SECONDS                      1270.131744                    1270.131744              

NODE_CYCLE                                   113950609                      113950609              

NODE_INST_COUNT                               61973268                       61973268              

NODE_INST_COUNT_FETCHED                       59999999                       59999999              

NODE_UOP_COUNT                                72539146                       72539146              

EXEC_STAGE_NO_ISSUE_STALL_CYCLE               32226253                       32226253              

EXEC_STAGE_NO_ISSUE_STALL_CYCLE_ONPATH        18002453                       18002453              

FULL_WINDOW_STALL                                 1433        0.001%             1433        0.001%

FULL_WINDOW_MEM_OP                                1398      100.000%             1398      100.000%
FULL_WINDOW_FP_OP                                    0        0.000%                0        0.000%
FULL_WINDOW_OTHER_OP                                 0        0.000%                0        0.000%
                                                  1398      100.000%             1398      100.000%
                                                  0.00         0.00              0.00         0.00

RET_BLOCKED_DC_MISS                           93557684       82.104%         93557684       82.104%

RET_BLOCKED_L1_MISS                           72632168       63.740%         72632168       63.740%

RET_BLOCKED_L1_MISS_BW_PREF                    2834927        2.488%          2834927        2.488%

RET_BLOCKED_L1_ACCESS                         20931593       18.369%         20931593       18.369%

RET_BLOCKED_MEM_STALL                         72633020       63.741%         72633020       63.741%

RET_BLOCKED_OFFCHIP_DEMAND                           0        0.000%                0        0.000%

OP_ISSUED                                    104321194                      104321194              

OP_RETIRED                                    72539146                       72539146              

OP_MACRO_FUSION_ONPATH                        12243988                       12243988              

OP_MACRO_FUSION_OFFPATH                       10619487                       10619487              

REPLAY_SIGNALED                                      0                              0              

REPLAY_COUNTED                                       0                              0              

OFF_CRITICAL_PATH                                    0         -nan%                0         -nan%
ON_CRITICAL_PATH                                     0         -nan%                0         -nan%
                                                     0         -nan%                0         -nan%
                                                  -nan         -nan              -nan         -nan

LD_NO_DEPENDENTS                                    84        0.001%               84        0.001%
LD_DEPENDENTS                                 15919041       99.999%         15919041       99.999%
                                              15919125      100.000%         15919125      100.000%
                                                  1.00         1.00              1.00         1.00

LD_EXEC_CYCLES_0                                     0        0.000%                0        0.000%
LD_EXEC_CYCLES_1                                     0        0.000%                0        0.000%
LD_EXEC_CYCLES_2                                     0        0.000%                0        0.000%
LD_EXEC_CYCLES_3                                  6340       40.429%             6340       40.429%
LD_EXEC_CYCLES_4                                  9342       59.571%             9342       59.571%
                                                 15682      100.000%            15682      100.000%
                                                  3.60         2.82              3.60         2.82

ICACHE_STAGE_STARVED                            839924        2.729%           839924        2.729%
ICACHE_STAGE_NOT_STARVED                      29937684       97.271%         29937684       97.271%
                                              30777608      100.000%         30777608      100.000%
                                                  0.97         0.96              0.97         0.96

ICACHE_STAGE_STALLED                          17031138       14.946%         17031138       14.946%
ICACHE_STAGE_NOT_STALLED                      13746470       12.064%         13746470       12.064%
ICACHE_STAGE_OFF_PATH                         83173001       72.990%         83173001       72.990%
                                             113950609      100.000%        113950609      100.000%
                                                  1.58         1.41              1.58         1.41

DECODE_STAGE_STARVED                         101738338       98.966%        101738338       98.966%
DECODE_STAGE_NOT_STARVED                       1062778        1.034%          1062778        1.034%
                                             102801116      100.000%        102801116      100.000%
                                                  0.01         0.10              0.01         0.10

DECODE_STAGE_STALLED                            324158        0.284%           324158        0.284%
DECODE_STAGE_NOT_STALLED                     102476958       89.931%        102476958       89.931%
DECODE_STAGE_OFF_PATH                         11149493        9.784%         11149493        9.784%
                                             113950609      100.000%        113950609      100.000%
                                                  1.10         0.45              1.10         0.45

UOPQ_STAGE_STARVED                            17623957       72.744%         17623957       72.744%
UOPQ_STAGE_NOT_STARVED                         6603436       27.256%          6603436       27.256%
                                              24227393      100.000%         24227393      100.000%
                                                  0.27         0.41              0.27         0.41

UOPQ_STAGE_STALLED                            17172715       15.070%         17172715       15.070%
UOPQ_STAGE_NOT_STALLED                        24227393       21.261%         24227393       21.261%
UOPQ_STAGE_OFF_PATH                           72550501       63.668%         72550501       63.668%
                                             113950609      100.000%        113950609      100.000%
                                                  1.49         1.27              1.49         1.27

RS_OP_READY_NOT_ISSUED_TOTAL                  44756935                       44756935              

RS_0_OP_READY_NOT_ISSUED                      37568868                       37568868              

RS_1_OP_READY_NOT_ISSUED                       4920748                        4920748              

RS_2_OP_READY_NOT_ISSUED                       2267319                        2267319              

RS_3_OP_READY_NOT_ISSUED                             0                              0              

RS_4_OP_READY_NOT_ISSUED                             0                              0              

RS_5_OP_READY_NOT_ISSUED                             0                              0              

RS_6_OP_READY_NOT_ISSUED                             0                              0              

RS_7_OP_READY_NOT_ISSUED                             0                              0              

RS_7_PLUS_OP_READY_NOT_ISSUED                        0                              0              

FU_IDLE_NO_READY_OPS_TOTAL                   919726291                      919726291              

FU_0_IDLE_NO_READY_OPS                        81645893                       81645893              

FU_1_IDLE_NO_READY_OPS                        85720469                       85720469              

FU_2_IDLE_NO_READY_OPS                        93668197                       93668197              

FU_3_IDLE_NO_READY_OPS                        93666090                       93666090              

FU_4_IDLE_NO_READY_OPS                        85974344                       85974344              

FU_5_IDLE_NO_READY_OPS                        82900975                       82900975              

FU_6_IDLE_NO_READY_OPS                       107834676                      107834676              

FU_7_IDLE_NO_READY_OPS                       107830455                      107830455              

FU_8_IDLE_NO_READY_OPS                        86822173                       86822173              

FU_9_IDLE_NO_READY_OPS                        93663019                       93663019              

FU_10_IDLE_NO_READY_OPS                              0                              0              

FU_11_IDLE_NO_READY_OPS                              0                              0              

FU_12_IDLE_NO_READY_OPS                              0                              0              

FU_13_IDLE_NO_READY_OPS                              0                              0              

FU_14_IDLE_NO_READY_OPS                              0                              0              

FU_15_IDLE_NO_READY_OPS                              0                              0              

FU_16_IDLE_NO_READY_OPS                              0                              0              

FU_17_IDLE_NO_READY_OPS                              0                              0              

FU_18_IDLE_NO_READY_OPS                              0                              0              

FU_19_IDLE_NO_READY_OPS                              0                              0              

FU_20_IDLE_NO_READY_OPS                              0                              0              

FU_21_IDLE_NO_READY_OPS                              0                              0              

FU_22_IDLE_NO_READY_OPS                              0                              0              

FU_23_IDLE_NO_READY_OPS                              0                              0              

FU_24_IDLE_NO_READY_OPS                              0                              0              

FU_25_IDLE_NO_READY_OPS                              0                              0              

FU_26_IDLE_NO_READY_OPS                              0                              0              

FU_27_IDLE_NO_READY_OPS                              0                              0              

FU_28_IDLE_NO_READY_OPS                              0                              0              

FU_29_IDLE_NO_READY_OPS                              0                              0              

FU_30_IDLE_NO_READY_OPS                              0                              0              

FU_31_IDLE_NO_READY_OPS                              0                              0              

FU_31_PLUS_IDLE_NO_READY_OPS                         0                              0              

MAP_STAGE_STARVED                              3552061       20.123%          3552061       20.123%
MAP_STAGE_NOT_STARVED                         14099924       79.877%         14099924       79.877%
                                              17651985      100.000%         17651985      100.000%
                                                  0.80         0.74              0.80         0.74

MAP_STAGE_STALLED                                  280        0.001%              280        0.001%
MAP_STAGE_NOT_STALLED                         17651705       56.894%         17651705       56.894%
MAP_STAGE_OFF_PATH                            13373502       43.105%         13373502       43.105%
                                              31025487      100.000%         31025487      100.000%
                                                  1.43         1.06              1.43         1.06

MAP_STAGE_STALL_ITSELF                        82925122       72.773%         82925122       72.773%
MAP_STAGE_NOT_STALL_ITSELF                    31025487       27.227%         31025487       27.227%
                                             113950609      100.000%        113950609      100.000%
                                                  0.27         0.41              0.27         0.41

MAP_STAGE_LATE_ALLOCATE_SEND_BACK                    0                              0              

MAP_STAGE_RENAME_OP_ONPATH                    72539146                       72539146              

MAP_STAGE_RENAME_OP_OFFPATH                   66814362                       66814362              

MAP_STAGE_RENAME_INT_REG_ONPATH               61442958                       61442958              

MAP_STAGE_RENAME_INT_REG_OFFPATH              62559833                       62559833              

MAP_STAGE_RENAME_VEC_REG_ONPATH                2101293                        2101293              

MAP_STAGE_RENAME_VEC_REG_OFFPATH               3192794                        3192794              

MAP_STAGE_RENAME_MOVE_ELIM_ONPATH                    0                              0              

MAP_STAGE_RENAME_MOVE_ELIM_OFFPATH                   0                              0              

MAP_STAGE_ONPATH_INT_REG_NUM_ALLOC            61442939                       61442939              

MAP_STAGE_ONPATH_VEC_REG_NUM_ALLOC             2101284                        2101284              

MAP_STAGE_ONPATH_INT_REG_NUM_SHORTLIVE        26872929                       26872929              

MAP_STAGE_ONPATH_VEC_REG_NUM_SHORTLIVE          525196                         525196              

MAP_STAGE_ONPATH_INT_REG_USE_COUNT_0          10684243                       10684243              

MAP_STAGE_ONPATH_VEC_REG_USE_COUNT_0                 5                              5              

MAP_STAGE_ONPATH_INT_REG_USE_COUNT_1          33457601                       33457601              

MAP_STAGE_ONPATH_VEC_REG_USE_COUNT_1           1949251                        1949251              

MAP_STAGE_ONPATH_INT_REG_USE_COUNT_2          13671415                       13671415              

MAP_STAGE_ONPATH_VEC_REG_USE_COUNT_2            152028                         152028              

MAP_STAGE_ONPATH_INT_REG_USE_COUNT_3           2647205                        2647205              

MAP_STAGE_ONPATH_VEC_REG_USE_COUNT_3                 0                              0              

MAP_STAGE_ONPATH_INT_REG_USE_COUNT_4            532579                         532579              

MAP_STAGE_ONPATH_VEC_REG_USE_COUNT_4                 0                              0              

MAP_STAGE_ONPATH_INT_REG_USE_COUNT_5            219336                         219336              

MAP_STAGE_ONPATH_VEC_REG_USE_COUNT_5                 0                              0              

MAP_STAGE_ONPATH_INT_REG_USE_COUNT_6             53322                          53322              

MAP_STAGE_ONPATH_VEC_REG_USE_COUNT_6                 0                              0              

MAP_STAGE_ONPATH_INT_REG_USE_COUNT_7_PLUS        177238                         177238              

MAP_STAGE_ONPATH_VEC_REG_USE_COUNT_7_PLUS             0                              0              

MAP_STAGE_ONPATH_INT_REG_CONSUME_DIST_0              0        0.0000                0        0.0000

MAP_STAGE_ONPATH_VEC_REG_CONSUME_DIST_0              0        0.0000                0        0.0000

MAP_STAGE_ONPATH_INT_REG_CONSUME_DIST_1              0        0.0000                0        0.0000

MAP_STAGE_ONPATH_VEC_REG_CONSUME_DIST_1              0        0.0000                0        0.0000

MAP_STAGE_ONPATH_INT_REG_CONSUME_DIST_2      200365425       14.6558        200365425       14.6558

MAP_STAGE_ONPATH_VEC_REG_CONSUME_DIST_2        8587644       56.4873          8587644       56.4873

MAP_STAGE_ONPATH_INT_REG_CONSUME_DIST_3       65752205       24.8384         65752205       24.8384

MAP_STAGE_ONPATH_VEC_REG_CONSUME_DIST_3              0          -nan                0          -nan

MAP_STAGE_ONPATH_INT_REG_CONSUME_DIST_4       22283750       41.8412         22283750       41.8412

MAP_STAGE_ONPATH_VEC_REG_CONSUME_DIST_4              0          -nan                0          -nan

MAP_STAGE_ONPATH_INT_REG_CONSUME_DIST_5       16685083       76.0709         16685083       76.0709

MAP_STAGE_ONPATH_VEC_REG_CONSUME_DIST_5              0          -nan                0          -nan

MAP_STAGE_ONPATH_INT_REG_CONSUME_DIST_6        7994402      149.9269          7994402      149.9269

MAP_STAGE_ONPATH_VEC_REG_CONSUME_DIST_6              0          -nan                0          -nan

MAP_STAGE_ONPATH_INT_REG_CONSUME_DIST_7_PLUS     647374905     3652.5740        647374905     3652.5740

MAP_STAGE_ONPATH_VEC_REG_CONSUME_DIST_7_PLUS             0          -nan                0          -nan

MAP_STAGE_INT_REG_ISSUE_READ_TOTAL_CONSUMED     138472161        4.2969        138472161        4.2969

MAP_STAGE_VEC_REG_ISSUE_READ_TOTAL_CONSUMED       2780860        0.0863          2780860        0.0863

MAP_STAGE_INT_REG_ISSUE_READ_MULTI_CONSUMED      64674531        2.0069         64674531        2.0069

MAP_STAGE_VEC_REG_ISSUE_READ_MULTI_CONSUMED        233378        0.0072           233378        0.0072

MAP_STAGE_INT_REG_ISSUE_READ_SAME_CYCLE_CONSUMED      24486793        0.7598         24486793        0.7598

MAP_STAGE_VEC_REG_ISSUE_READ_SAME_CYCLE_CONSUMED         74051        0.0023            74051        0.0023

MAP_STAGE_INT_REG_ISSUE_READ_TOTAL_CONSUMED_ONPATH      92268762        5.1253         92268762        5.1253

MAP_STAGE_VEC_REG_ISSUE_READ_TOTAL_CONSUMED_ONPATH       2311614        0.1284          2311614        0.1284

MAP_STAGE_INT_REG_ISSUE_READ_MULTI_CONSUMED_ONPATH      41510037        2.3058         41510037        2.3058

MAP_STAGE_VEC_REG_ISSUE_READ_MULTI_CONSUMED_ONPATH        210327        0.0117           210327        0.0117

MAP_STAGE_INT_REG_ISSUE_READ_SAME_CYCLE_CONSUMED_ONPATH      16633394        0.9240         16633394        0.9240

MAP_STAGE_VEC_REG_ISSUE_READ_SAME_CYCLE_CONSUMED_ONPATH         70080        0.0039            70080        0.0039

MAP_STAGE_ONPATH_INT_REG_LIFECYCLE_EMPTY    6418253276                     6418253276              

MAP_STAGE_ONPATH_VEC_REG_LIFECYCLE_EMPTY     396632678                      396632678              

MAP_STAGE_ONPATH_INT_REG_LIFECYCLE_IN_USE    9936362963                     9936362963              

MAP_STAGE_ONPATH_VEC_REG_LIFECYCLE_IN_USE     454508397                      454508397              

MAP_STAGE_ONPATH_INT_REG_LIFECYCLE_SPEC_RELEASE   17114883064                    17114883064              

MAP_STAGE_ONPATH_VEC_REG_LIFECYCLE_SPEC_RELEASE     742004711                      742004711              

MAP_STAGE_ONPATH_INT_REG_LIFECYCLE_NONSPEC_RELEASE   17114883064                    17114883064              

MAP_STAGE_ONPATH_VEC_REG_LIFECYCLE_NONSPEC_RELEASE     742004711                      742004711              

MAP_STAGE_ONPATH_INT_REG_LIFECYCLE_TOTAL   17114883064                    17114883064              

MAP_STAGE_ONPATH_VEC_REG_LIFECYCLE_TOTAL     742004711                      742004711              

MAP_STAGE_ONPATH_INT_REG_NUM_NONBRANCH        61442939                       61442939              

MAP_STAGE_ONPATH_VEC_REG_NUM_NONBRANCH         2101284                        2101284              

MAP_STAGE_ONPATH_INT_REG_NUM_NONEXCEPT        61442939                       61442939              

MAP_STAGE_ONPATH_VEC_REG_NUM_NONEXCEPT         2101284                        2101284              

MAP_STAGE_ONPATH_INT_REG_NUM_ATOMIC           61442939                       61442939              

MAP_STAGE_ONPATH_VEC_REG_NUM_ATOMIC            2101284                        2101284              

MAP_STAGE_ONPATH_INT_REG_ATOMIC_REDEFINED_DIST_TOTAL   17114883064      278.5492      17114883064      278.5492

MAP_STAGE_ONPATH_VEC_REG_ATOMIC_REDEFINED_DIST_TOTAL     742004711      353.1197        742004711      353.1197

MAP_STAGE_ONPATH_INT_REG_ATOMIC_CONSUMED_DIST_TOTAL    9936362963      161.7169       9936362963      161.7169

MAP_STAGE_ONPATH_VEC_REG_ATOMIC_CONSUMED_DIST_TOTAL     454508397      216.3003        454508397      216.3003

MAP_STAGE_ONPATH_INT_REG_ATOMIC_RELEASE_DIST_TOTAL   17114883064      278.5492      17114883064      278.5492

MAP_STAGE_ONPATH_VEC_REG_ATOMIC_RELEASE_DIST_TOTAL     742004711      353.1197        742004711      353.1197

EXEC_STAGE_STARVED                            63196689       55.460%         63196689       55.460%
EXEC_STAGE_NOT_STARVED                         2206105        1.936%          2206105        1.936%
EXEC_STAGE_OFF_PATH                           48547815       42.604%         48547815       42.604%
                                             113950609      100.000%        113950609      100.000%
                                                  0.87         0.93              0.87         0.93

FU_BUSY_0                                     19294685                       19294685              

FU_BUSY_1                                     13329434                       13329434              

FU_BUSY_2                                      8763286                        8763286              

FU_BUSY_3                                      8765866                        8765866              

FU_BUSY_4                                     12083003                       12083003              

FU_BUSY_5                                     19260547                       19260547              

FU_BUSY_6                                      2705317                        2705317              

FU_BUSY_7                                      2708295                        2708295              

FU_BUSY_8                                     12660051                       12660051              

FU_BUSY_9                                      8766077                        8766077              

FU_BUSY_10                                           0                              0              

FU_BUSY_11                                           0                              0              

FU_BUSY_12                                           0                              0              

FU_BUSY_13                                           0                              0              

FU_BUSY_14                                           0                              0              

FU_BUSY_15                                           0                              0              

FU_BUSY_16                                           0                              0              

FU_BUSY_17                                           0                              0              

FU_BUSY_18                                           0                              0              

FU_BUSY_19                                           0                              0              

FU_BUSY_20                                           0                              0              

FU_BUSY_21                                           0                              0              

FU_BUSY_22                                           0                              0              

FU_BUSY_23                                           0                              0              

FU_BUSY_24                                           0                              0              

FU_BUSY_25                                           0                              0              

FU_BUSY_26                                           0                              0              

FU_BUSY_27                                           0                              0              

FU_BUSY_28                                           0                              0              

FU_BUSY_29                                           0                              0              

FU_BUSY_30                                           0                              0              

FU_BUSY_31                                           0                              0              

FU_REJECTED_OP_INV_NOT_SIMD                          0        0.000%                0        0.000%
FU_REJECTED_OP_NOP_NOT_SIMD                         73        0.003%               73        0.003%
FU_REJECTED_OP_CF_NOT_SIMD                       24355        0.918%            24355        0.918%
FU_REJECTED_OP_MOV_NOT_SIMD                       1459        0.055%             1459        0.055%
FU_REJECTED_OP_CMOV_NOT_SIMD                         0        0.000%                0        0.000%
FU_REJECTED_OP_LDA_NOT_SIMD                       2727        0.103%             2727        0.103%
FU_REJECTED_OP_IMEM_NOT_SIMD                   1419933       53.496%          1419933       53.496%
FU_REJECTED_OP_IADD_NOT_SIMD                    182485        6.875%           182485        6.875%
FU_REJECTED_OP_IMUL_NOT_SIMD                      1960        0.074%             1960        0.074%
FU_REJECTED_OP_IDIV_NOT_SIMD                         0        0.000%                0        0.000%
FU_REJECTED_OP_ICMP_NOT_SIMD                         0        0.000%                0        0.000%
FU_REJECTED_OP_LOGIC_NOT_SIMD                     9166        0.345%             9166        0.345%
FU_REJECTED_OP_SHIFT_NOT_SIMD                     3867        0.146%             3867        0.146%
FU_REJECTED_OP_FMEM_NOT_SIMD                     19561        0.737%            19561        0.737%
FU_REJECTED_OP_FCVT_NOT_SIMD                         0        0.000%                0        0.000%
FU_REJECTED_OP_FADD_NOT_SIMD                         0        0.000%                0        0.000%
FU_REJECTED_OP_FMUL_NOT_SIMD                         0        0.000%                0        0.000%
FU_REJECTED_OP_FMA_NOT_SIMD                          0        0.000%                0        0.000%
FU_REJECTED_OP_FDIV_NOT_SIMD                         0        0.000%                0        0.000%
FU_REJECTED_OP_FCMP_NOT_SIMD                         0        0.000%                0        0.000%
FU_REJECTED_OP_FCMOV_NOT_SIMD                        0        0.000%                0        0.000%
FU_REJECTED_OP_GATHER_NOT_SIMD                       0        0.000%                0        0.000%
FU_REJECTED_OP_SCATTER_NOT_SIMD                      0        0.000%                0        0.000%
FU_REJECTED_OP_PIPELINED_FAST_NOT_SIMD               0        0.000%                0        0.000%
FU_REJECTED_OP_PIPELINED_MEDIUM_NOT_SIMD             0        0.000%                0        0.000%
FU_REJECTED_OP_PIPELINED_SLOW_NOT_SIMD               0        0.000%                0        0.000%
FU_REJECTED_OP_NOTPIPELINED_MEDIUM_NOT_SIMD             0        0.000%                0        0.000%
FU_REJECTED_OP_NOTPIPELINED_SLOW_NOT_SIMD             0        0.000%                0        0.000%
FU_REJECTED_OP_NOTPIPELINED_VERY_SLOW_NOT_SIMD             0        0.000%                0        0.000%
FU_REJECTED_OP_INV_SIMD                              0        0.000%                0        0.000%
FU_REJECTED_OP_NOP_SIMD                              0        0.000%                0        0.000%
FU_REJECTED_OP_CF_SIMD                               0        0.000%                0        0.000%
FU_REJECTED_OP_MOV_SIMD                              0        0.000%                0        0.000%
FU_REJECTED_OP_CMOV_SIMD                             0        0.000%                0        0.000%
FU_REJECTED_OP_LDA_SIMD                              0        0.000%                0        0.000%
FU_REJECTED_OP_IMEM_SIMD                             0        0.000%                0        0.000%
FU_REJECTED_OP_IADD_SIMD                             0        0.000%                0        0.000%
FU_REJECTED_OP_IMUL_SIMD                             0        0.000%                0        0.000%
FU_REJECTED_OP_IDIV_SIMD                             0        0.000%                0        0.000%
FU_REJECTED_OP_ICMP_SIMD                             0        0.000%                0        0.000%
FU_REJECTED_OP_LOGIC_SIMD                            0        0.000%                0        0.000%
FU_REJECTED_OP_SHIFT_SIMD                          503        0.019%              503        0.019%
FU_REJECTED_OP_FMEM_SIMD                             0        0.000%                0        0.000%
FU_REJECTED_OP_FCVT_SIMD                        178113        6.710%           178113        6.710%
FU_REJECTED_OP_FADD_SIMD                         13239        0.499%            13239        0.499%
FU_REJECTED_OP_FMUL_SIMD                        169472        6.385%           169472        6.385%
FU_REJECTED_OP_FMA_SIMD                          35573        1.340%            35573        1.340%
FU_REJECTED_OP_FDIV_SIMD                          1601        0.060%             1601        0.060%
FU_REJECTED_OP_FCMP_SIMD                             0        0.000%                0        0.000%
FU_REJECTED_OP_FCMOV_SIMD                       590205       22.236%           590205       22.236%
FU_REJECTED_OP_GATHER_SIMD                           0        0.000%                0        0.000%
FU_REJECTED_OP_SCATTER_SIMD                          0        0.000%                0        0.000%
FU_REJECTED_OP_PIPELINED_FAST_SIMD                   0        0.000%                0        0.000%
FU_REJECTED_OP_PIPELINED_MEDIUM_SIMD                 0        0.000%                0        0.000%
FU_REJECTED_OP_PIPELINED_SLOW_SIMD                   0        0.000%                0        0.000%
FU_REJECTED_OP_NOTPIPELINED_MEDIUM_SIMD              0        0.000%                0        0.000%
FU_REJECTED_OP_NOTPIPELINED_SLOW_SIMD                0        0.000%                0        0.000%
FU_REJECTED_OP_NOTPIPELINED_VERY_SLOW_SIMD             0        0.000%                0        0.000%
                                               2654292      100.000%          2654292      100.000%
                                                 21.40        19.84             21.40        19.84

LSQ_FULL_TOTAL                                     280                            280              

LSQ_FULL_LOAD_QUEUE                                  0                              0              

LSQ_FULL_STORE_QUEUE                               280                            280              

OP_WAIT_0                                     51656140                       51656140              

OP_WAIT_1                                     12121146                       12121146              

OP_WAIT_2                                      2113285                        2113285              

OP_WAIT_3                                       803330                         803330              

OP_WAIT_4                                       427551                         427551              

OP_WAIT_5                                       276447                         276447              

OP_WAIT_6                                       130095                         130095              

OP_WAIT_7                                        88585                          88585              

OP_WAIT_8                                        72471                          72471              

OP_WAIT_9                                        48242                          48242              

OP_WAIT_10                                       57752                          57752              

OP_WAIT_11                                       36525                          36525              

OP_WAIT_12                                       33635                          33635              

OP_WAIT_13                                       31723                          31723              

OP_WAIT_14                                       12876                          12876              

OP_WAIT_15                                       13660                          13660              

OP_WAIT_16                                        8508                           8508              

OP_WAIT_17                                        7486                           7486              

OP_WAIT_18                                        7116                           7116              

OP_WAIT_19                                        6052                           6052              

OP_WAIT_20                                        5502                           5502              

OP_WAIT_21                                        4017                           4017              

OP_WAIT_22                                        3429                           3429              

OP_WAIT_23                                        3354                           3354              

OP_WAIT_24                                        4164                           4164              

OP_WAIT_25                                        3115                           3115              

OP_WAIT_26                                        3217                           3217              

OP_WAIT_27                                        2973                           2973              

OP_WAIT_28                                        2866                           2866              

OP_WAIT_29                                        2791                           2791              

OP_WAIT_30                                        2985                           2985              

OP_WAIT_31                                     4548108                        4548108              

ROW_SIZE_0                                    98760534                       98760534              

ROW_SIZE_1                                     3393698                        3393698              

ROW_SIZE_2                                      646995                         646995              

ROW_SIZE_3                                      604343                         604343              

ROW_SIZE_4                                     1326573                        1326573              

ROW_SIZE_5                                      179876                         179876              

ROW_SIZE_6                                      427706                         427706              

ROW_SIZE_7                                       92247                          92247              

ROW_SIZE_8                                     7077599                        7077599              

ROW_SIZE_9                                           0                              0              

ROW_SIZE_10                                          0                              0              

ROW_SIZE_11                                          0                              0              

ROW_SIZE_12                                          0                              0              

ROW_SIZE_13                                          0                              0              

ROW_SIZE_14                                          0                              0              

ROW_SIZE_15                                          0                              0              

ROW_SIZE_16                                          0                              0              

ROW_SIZE_17                                          0                              0              

ROW_SIZE_18                                          0                              0              

ROW_SIZE_19                                          0                              0              

ROW_SIZE_20                                          0                              0              

ROW_SIZE_21                                          0                              0              

ROW_SIZE_22                                          0                              0              

ROW_SIZE_23                                          0                              0              

ROW_SIZE_24                                          0                              0              

ROW_SIZE_25                                          0                              0              

ROW_SIZE_26                                          0                              0              

ROW_SIZE_27                                          0                              0              

ROW_SIZE_28                                          0                              0              

ROW_SIZE_29                                          0                              0              

ROW_SIZE_30                                          0                              0              

ROW_SIZE_31                                          0                              0              

RET_OP_EXEC_COUNT_0                            3457739        4.767%          3457739        4.767%
RET_OP_EXEC_COUNT_1                           69081407       95.233%         69081407       95.233%
RET_OP_EXEC_COUNT_2                                  0        0.000%                0        0.000%
RET_OP_EXEC_COUNT_3                                  0        0.000%                0        0.000%
RET_OP_EXEC_COUNT_4                                  0        0.000%                0        0.000%
RET_OP_EXEC_COUNT_5                                  0        0.000%                0        0.000%
RET_OP_EXEC_COUNT_6                                  0        0.000%                0        0.000%
RET_OP_EXEC_COUNT_7                                  0        0.000%                0        0.000%
RET_OP_EXEC_COUNT_8                                  0        0.000%                0        0.000%
RET_OP_EXEC_COUNT_9                                  0        0.000%                0        0.000%
RET_OP_EXEC_COUNT_10                                 0        0.000%                0        0.000%
RET_OP_EXEC_COUNT_11                                 0        0.000%                0        0.000%
RET_OP_EXEC_COUNT_12                                 0        0.000%                0        0.000%
RET_OP_EXEC_COUNT_13                                 0        0.000%                0        0.000%
RET_OP_EXEC_COUNT_14                                 0        0.000%                0        0.000%
RET_OP_EXEC_COUNT_15                                 0        0.000%                0        0.000%
RET_OP_EXEC_COUNT_16                                 0        0.000%                0        0.000%
RET_OP_EXEC_COUNT_17                                 0        0.000%                0        0.000%
RET_OP_EXEC_COUNT_18                                 0        0.000%                0        0.000%
RET_OP_EXEC_COUNT_19                                 0        0.000%                0        0.000%
RET_OP_EXEC_COUNT_20                                 0        0.000%                0        0.000%
RET_OP_EXEC_COUNT_21                                 0        0.000%                0        0.000%
RET_OP_EXEC_COUNT_22                                 0        0.000%                0        0.000%
RET_OP_EXEC_COUNT_23                                 0        0.000%                0        0.000%
RET_OP_EXEC_COUNT_24                                 0        0.000%                0        0.000%
RET_OP_EXEC_COUNT_25                                 0        0.000%                0        0.000%
RET_OP_EXEC_COUNT_26                                 0        0.000%                0        0.000%
RET_OP_EXEC_COUNT_27                                 0        0.000%                0        0.000%
RET_OP_EXEC_COUNT_28                                 0        0.000%                0        0.000%
RET_OP_EXEC_COUNT_29                                 0        0.000%                0        0.000%
RET_OP_EXEC_COUNT_30                                 0        0.000%                0        0.000%
RET_OP_EXEC_COUNT_31                                 0        0.000%                0        0.000%
RET_OP_EXEC_COUNT_32                                 0        0.000%                0        0.000%
                                              72539146      100.000%         72539146      100.000%
                                                  0.95         0.05              0.95         0.05

RET_STALL_LENGTH_0                            72186471       99.514%         72186471       99.514%
RET_STALL_LENGTH_100                            221424        0.305%           221424        0.305%
RET_STALL_LENGTH_200                            102779        0.142%           102779        0.142%
RET_STALL_LENGTH_300                              3772        0.005%             3772        0.005%
RET_STALL_LENGTH_400                              6661        0.009%             6661        0.009%
RET_STALL_LENGTH_500                              9440        0.013%             9440        0.013%
RET_STALL_LENGTH_600                              3158        0.004%             3158        0.004%
RET_STALL_LENGTH_700                               754        0.001%              754        0.001%
RET_STALL_LENGTH_800                               251        0.000%              251        0.000%
RET_STALL_LENGTH_900                               118        0.000%              118        0.000%
RET_STALL_LENGTH_1000                              118        0.000%              118        0.000%
RET_STALL_LENGTH_1100                              316        0.000%              316        0.000%
RET_STALL_LENGTH_1200                             2486        0.003%             2486        0.003%
RET_STALL_LENGTH_1300                              742        0.001%              742        0.001%
RET_STALL_LENGTH_1400                              123        0.000%              123        0.000%
RET_STALL_LENGTH_1500                               32        0.000%               32        0.000%
RET_STALL_LENGTH_1600                               99        0.000%               99        0.000%
RET_STALL_LENGTH_1700                              215        0.000%              215        0.000%
RET_STALL_LENGTH_1800                              128        0.000%              128        0.000%
RET_STALL_LENGTH_1900                               41        0.000%               41        0.000%
RET_STALL_LENGTH_2000                               13        0.000%               13        0.000%
RET_STALL_LENGTH_2100                                2        0.000%                2        0.000%
RET_STALL_LENGTH_2200                                2        0.000%                2        0.000%
RET_STALL_LENGTH_2300                                1        0.000%                1        0.000%
RET_STALL_LENGTH_2400                                0        0.000%                0        0.000%
RET_STALL_LENGTH_2500                                0        0.000%                0        0.000%
RET_STALL_LENGTH_2600                                0        0.000%                0        0.000%
RET_STALL_LENGTH_2700                                0        0.000%                0        0.000%
RET_STALL_LENGTH_2800                                0        0.000%                0        0.000%
RET_STALL_LENGTH_2900                                0        0.000%                0        0.000%
RET_STALL_LENGTH_3000                                0        0.000%                0        0.000%
RET_STALL_LENGTH_3100                                0        0.000%                0        0.000%
RET_STALL_LENGTH_3200                                0        0.000%                0        0.000%
RET_STALL_LENGTH_3300                                0        0.000%                0        0.000%
RET_STALL_LENGTH_3400                                0        0.000%                0        0.000%
RET_STALL_LENGTH_3500                                0        0.000%                0        0.000%
RET_STALL_LENGTH_3600                                0        0.000%                0        0.000%
RET_STALL_LENGTH_3700                                0        0.000%                0        0.000%
RET_STALL_LENGTH_3800                                0        0.000%                0        0.000%
RET_STALL_LENGTH_3900                                0        0.000%                0        0.000%
RET_STALL_LENGTH_4000                                0        0.000%                0        0.000%
RET_STALL_LENGTH_4100                                0        0.000%                0        0.000%
RET_STALL_LENGTH_4200                                0        0.000%                0        0.000%
RET_STALL_LENGTH_4300                                0        0.000%                0        0.000%
RET_STALL_LENGTH_4400                                0        0.000%                0        0.000%
RET_STALL_LENGTH_4500                                0        0.000%                0        0.000%
RET_STALL_LENGTH_4600                                0        0.000%                0        0.000%
RET_STALL_LENGTH_4700                                0        0.000%                0        0.000%
RET_STALL_LENGTH_4800                                0        0.000%                0        0.000%
RET_STALL_LENGTH_4900                                0        0.000%                0        0.000%
RET_STALL_LENGTH_5000                                0        0.000%                0        0.000%
                                              72539146      100.000%         72539146      100.000%
                                                  0.01         0.16              0.01         0.16

MEM_BLOCK_LENGTH_0                               10754       94.375%            10754       94.375%
MEM_BLOCK_LENGTH_100                               465        4.081%              465        4.081%
MEM_BLOCK_LENGTH_200                                99        0.869%               99        0.869%
MEM_BLOCK_LENGTH_300                                38        0.333%               38        0.333%
MEM_BLOCK_LENGTH_400                                19        0.167%               19        0.167%
MEM_BLOCK_LENGTH_500                                11        0.097%               11        0.097%
MEM_BLOCK_LENGTH_600                                 6        0.053%                6        0.053%
MEM_BLOCK_LENGTH_700                                 1        0.009%                1        0.009%
MEM_BLOCK_LENGTH_800                                 0        0.000%                0        0.000%
MEM_BLOCK_LENGTH_900                                 0        0.000%                0        0.000%
MEM_BLOCK_LENGTH_1000                                1        0.009%                1        0.009%
MEM_BLOCK_LENGTH_1100                                1        0.009%                1        0.009%
MEM_BLOCK_LENGTH_1200                                0        0.000%                0        0.000%
MEM_BLOCK_LENGTH_1300                                0        0.000%                0        0.000%
MEM_BLOCK_LENGTH_1400                                0        0.000%                0        0.000%
MEM_BLOCK_LENGTH_1500                                0        0.000%                0        0.000%
MEM_BLOCK_LENGTH_1600                                0        0.000%                0        0.000%
MEM_BLOCK_LENGTH_1700                                0        0.000%                0        0.000%
MEM_BLOCK_LENGTH_1800                                0        0.000%                0        0.000%
MEM_BLOCK_LENGTH_1900                                0        0.000%                0        0.000%
MEM_BLOCK_LENGTH_2000                                0        0.000%                0        0.000%
MEM_BLOCK_LENGTH_2100                                0        0.000%                0        0.000%
MEM_BLOCK_LENGTH_2200                                0        0.000%                0        0.000%
MEM_BLOCK_LENGTH_2300                                0        0.000%                0        0.000%
MEM_BLOCK_LENGTH_2400                                0        0.000%                0        0.000%
MEM_BLOCK_LENGTH_2500                                0        0.000%                0        0.000%
MEM_BLOCK_LENGTH_2600                                0        0.000%                0        0.000%
MEM_BLOCK_LENGTH_2700                                0        0.000%                0        0.000%
MEM_BLOCK_LENGTH_2800                                0        0.000%                0        0.000%
MEM_BLOCK_LENGTH_2900                                0        0.000%                0        0.000%
MEM_BLOCK_LENGTH_3000                                0        0.000%                0        0.000%
MEM_BLOCK_LENGTH_3100                                0        0.000%                0        0.000%
MEM_BLOCK_LENGTH_3200                                0        0.000%                0        0.000%
MEM_BLOCK_LENGTH_3300                                0        0.000%                0        0.000%
MEM_BLOCK_LENGTH_3400                                0        0.000%                0        0.000%
MEM_BLOCK_LENGTH_3500                                0        0.000%                0        0.000%
MEM_BLOCK_LENGTH_3600                                0        0.000%                0        0.000%
MEM_BLOCK_LENGTH_3700                                0        0.000%                0        0.000%
MEM_BLOCK_LENGTH_3800                                0        0.000%                0        0.000%
MEM_BLOCK_LENGTH_3900                                0        0.000%                0        0.000%
MEM_BLOCK_LENGTH_4000                                0        0.000%                0        0.000%
MEM_BLOCK_LENGTH_4100                                0        0.000%                0        0.000%
MEM_BLOCK_LENGTH_4200                                0        0.000%                0        0.000%
MEM_BLOCK_LENGTH_4300                                0        0.000%                0        0.000%
MEM_BLOCK_LENGTH_4400                                0        0.000%                0        0.000%
MEM_BLOCK_LENGTH_4500                                0        0.000%                0        0.000%
MEM_BLOCK_LENGTH_4600                                0        0.000%                0        0.000%
MEM_BLOCK_LENGTH_4700                                0        0.000%                0        0.000%
MEM_BLOCK_LENGTH_4800                                0        0.000%                0        0.000%
MEM_BLOCK_LENGTH_4900                                0        0.000%                0        0.000%
MEM_BLOCK_LENGTH_5000                                0        0.000%                0        0.000%
                                                 11395      100.000%            11395      100.000%
                                                  0.09         0.43              0.09         0.43

FUS_BUSY_ON_PATH                              71347794        0.6261         71347794        0.6261

FUS_BUSY_OFF_PATH                             36988767        0.3246         36988767        0.3246

FU_BUSY_MEM_STALL                              2859245        0.0251          2859245        0.0251

FUS_EMPTY                                   1031169529        9.0493       1031169529        9.0493

FU_UNAVAILABLE                                  869704        0.0076           869704        0.0076

FU_MEM_UNAVAILABLE                             1784588        0.0157          1784588        0.0157

FU_OTHER_UNAVAILABLE                                 0        0.0000                0        0.0000

FU_REPLAY                                            0        0.0000                0        0.0000

FU_STARVED                                  1029153911        9.0316       1029153911        9.0316

CHIP_UTILIZATION                                     0        0.0000                0        0.0000

CYCLES_UNDER_MEM_REQ                                 0                              0              

CYCLES_UNDER_NO_MEM_REQ                              0                              0              

CYCLES_UNDER_CRITICAL_MEM_REQ                        0                              0              

CYCLES_UNDER_NONCRITICAL_MEM_REQ                     0                              0              

CHIP_UTILIZATION_UNDER_MEM_REQ                       0          -nan                0          -nan

CHIP_UTILIZATION_UNDER_NO_MEM_REQ                    0          -nan                0          -nan

CHIP_UTILIZATION_UNDER_CRITICAL_MEM_REQ              0          -nan                0          -nan

CHIP_UTILIZATION_UNDER_NONCRITICAL_MEM_REQ             0          -nan                0          -nan

CYCLES_NOT_WAITING_FOR_OFF_CHIP                      0        0.0000                0        0.0000

FUS_BUSY_NOT_WAITING_FOR_OFF_CHIP                    0          -nan                0          -nan

CYCLES_WAITING_FOR_OFF_CHIP                          0        0.0000                0        0.0000

FUS_BUSY_WAITING_FOR_OFF_CHIP                        0          -nan                0          -nan

TOTAL_OFF_CHIP_DELAYS_LEFT                           0                              0              

WRONG_IO_SCHED                                       0                              0              

DVFS_CONFIG_SWITCH                                   0                              0              

MAP_STAGE_RECEIVED_OPS_0                             0        0.000%                0        0.000%
MAP_STAGE_RECEIVED_OPS_1                        204222        1.501%           204222        1.501%
MAP_STAGE_RECEIVED_OPS_2                        479013        3.521%           479013        3.521%
MAP_STAGE_RECEIVED_OPS_3                        358532        2.635%           358532        2.635%
MAP_STAGE_RECEIVED_OPS_4                       2735601       20.106%          2735601       20.106%
MAP_STAGE_RECEIVED_OPS_5                        456920        3.358%           456920        3.358%
MAP_STAGE_RECEIVED_OPS_6                       9371847       68.880%          9371847       68.880%
MAP_STAGE_RECEIVED_OPS_7                             0        0.000%                0        0.000%
MAP_STAGE_RECEIVED_OPS_8                             0        0.000%                0        0.000%
MAP_STAGE_RECEIVED_OPS_MAX                           0        0.000%                0        0.000%
                                              13606135      100.000%         13606135      100.000%
                                                  5.27         1.22              5.27         1.22

MAP_STAGE_WAIT_FOR_DECODE                            0         -nan%                0         -nan%
MAP_STAGE_CONSUME_DECODE                             0         -nan%                0         -nan%
                                                     0         -nan%                0         -nan%
                                                  -nan         -nan              -nan         -nan

MAP_STAGE_WAIT_FOR_DECODE2                           0         -nan%                0         -nan%
MAP_STAGE_CONSUME_DECODE2                            0         -nan%                0         -nan%
                                                     0         -nan%                0         -nan%
                                                  -nan         -nan              -nan         -nan

FTQ_RECOVER_EXEC                                493509                         493509              

FTQ_RECOVER_DECODE                                  35                             35              

FTQ_OFFPATH_CYCLES                            89845468                       89845468              

FTQ_CYCLES_OFFPATH                            89845468                       89845468              

FTQ_CYCLES_ONPATH                             24105141                       24105141              

FTQ_FETCHED_INS_ONPATH                        72539146                       72539146              

FTQ_FETCHED_INS_OFFPATH                      259123768                      259123768              

FTQ_BREAK_FULL_FT_ONPATH                      15164761                       15164761              

FTQ_BREAK_FULL_FT_OFFPATH                     61991592                       61991592              

FTQ_BREAK_PRED_BR_ONPATH                             0                              0              

FTQ_BREAK_PRED_BR_OFFPATH                            0                              0              

FTQ_BREAK_BAR_FETCH_ONPATH                           0                              0              

FTQ_BREAK_BAR_FETCH_OFFPATH                          0                              0              

FTQ_BREAK_MAX_CFS_TAKEN_ONPATH                       0                              0              

FTQ_BREAK_MAX_CFS_TAKEN_OFFPATH                      0                              0              

FTQ_BREAK_MAX_FT_ONPATH                        8939498                        8939498              

FTQ_BREAK_MAX_FT_OFFPATH                      27853876                       27853876              

DFE_GEN_ON_PATH_FT                            12413850                       12413850              

DFE_GEN_OFF_PATH_FT                           31088274                       31088274              

DFE_L0_ENABLED_PREDICTIONS                    72539146                       72539146              

DFE_L0_WRONG_MAIN_CORRECT                       425192                         425192              

DFE_L0_WRONG_MAIN_WRONG                         384037                         384037              

DFE_L0_CORRECT_MAIN_WRONG                       109507                         109507              

DFE_L0_CORRECT_MAIN_CORRECT                   71620410                       71620410              

DFE_L0_WRONG_MAIN_CORRECT_RECOVERY_SCHEDULED             0                              0              

FTQ_SAW_BAR_FETCH_OFFPATH                            0                              0              

FTQ_SAW_BAR_FETCH_ONPATH                             2                              2              

DFE_CONF_0_RECOVER_AT_EXEC                           0         -nan%                0         -nan%
DFE_CONF_1_RECOVER_AT_EXEC                           0         -nan%                0         -nan%
DFE_CONF_2_RECOVER_AT_EXEC                           0         -nan%                0         -nan%
DFE_CONF_3_RECOVER_AT_EXEC                           0         -nan%                0         -nan%
DFE_CONF_0_CORRECT                                   0         -nan%                0         -nan%
DFE_CONF_1_CORRECT                                   0         -nan%                0         -nan%
DFE_CONF_2_CORRECT                                   0         -nan%                0         -nan%
DFE_CONF_3_CORRECT                                   0         -nan%                0         -nan%
                                                     0         -nan%                0         -nan%
                                                  -nan         -nan              -nan         -nan

DFE_ON_CONF_ON_OPS                                   0         -nan%                0         -nan%
DFE_ON_CONF_OFF_OPS                                  0         -nan%                0         -nan%
DFE_OFF_CONF_ON_OPS                                  0         -nan%                0         -nan%
DFE_OFF_CONF_OFF_REALISTIC_OPS                       0         -nan%                0         -nan%
DFE_OFF_CONF_OFF_PERFECT_OPS                         0         -nan%                0         -nan%
                                                     0         -nan%                0         -nan%
                                                  -nan         -nan              -nan         -nan

DFE_ON_CONF_ON_FETCH_TARGETS                         0         -nan%                0         -nan%
DFE_ON_CONF_OFF_FETCH_TARGETS                        0         -nan%                0         -nan%
DFE_OFF_CONF_ON_FETCH_TARGETS                        0         -nan%                0         -nan%
DFE_OFF_CONF_OFF_REALISTIC_FETCH_TARGETS             0         -nan%                0         -nan%
DFE_OFF_CONF_OFF_PERFECT_FETCH_TARGETS               0         -nan%                0         -nan%
                                                     0         -nan%                0         -nan%
                                                  -nan         -nan              -nan         -nan

DFE_ON_CONF_ON_CYCLES                                0         -nan%                0         -nan%
DFE_ON_CONF_OFF_CYCLES                               0         -nan%                0         -nan%
DFE_OFF_CONF_ON_CYCLES                               0         -nan%                0         -nan%
DFE_OFF_CONF_OFF_REALISTIC_CYCLES                    0         -nan%                0         -nan%
DFE_OFF_CONF_OFF_PERFECT_CYCLES                      0         -nan%                0         -nan%
                                                     0         -nan%                0         -nan%
                                                  -nan         -nan              -nan         -nan

DFE_OFF_CONF_ON_NUM_EVENTS                           0                              0              

DFE_OFF_CONF_ON_NOT_IDENTIFIED_EVENTS                0         -nan%                0         -nan%
DFE_OFF_CONF_ON_IBTB_MISS_EVENTS                     0         -nan%                0         -nan%
DFE_OFF_CONF_ON_BTB_MISS_EVENTS                      0         -nan%                0         -nan%
DFE_OFF_CONF_ON_BTB_MISS_RECOVER_AT_EXEC_EVENTS             0         -nan%                0         -nan%
DFE_OFF_CONF_ON_RECOVER_AT_EXEC_EVENTS               0         -nan%                0         -nan%
DFE_OFF_CONF_ON_RECOVER_AT_DECODE_EVENTS             0         -nan%                0         -nan%
                                                     0         -nan%                0         -nan%
                                                  -nan         -nan              -nan         -nan

DFE_OFF_CONF_ON_LATE_BTB_HIT_EVENTS                  0                              0              

DFE_OFF_CONF_ON_NOT_IDENTIFIED_CYCLES                0         -nan%                0         -nan%
DFE_OFF_CONF_ON_IBTB_MISS_CYCLES                     0         -nan%                0         -nan%
DFE_OFF_CONF_ON_BTB_MISS_CYCLES                      0         -nan%                0         -nan%
DFE_OFF_CONF_ON_BTB_MISS_RECOVER_AT_EXEC_CYCLES             0         -nan%                0         -nan%
DFE_OFF_CONF_ON_RECOVER_AT_EXEC_CYCLES               0         -nan%                0         -nan%
DFE_OFF_CONF_ON_RECOVER_AT_DECODE_CYCLES             0         -nan%                0         -nan%
                                                     0         -nan%                0         -nan%
                                                  -nan         -nan              -nan         -nan

DFE_OFF_CONF_ON_LATE_BTB_HIT_CYCLES                  0                              0              

DFE_OFF_CONF_ON_NOT_IDENTIFIED_FETCH_TARGETS             0         -nan%                0         -nan%
DFE_OFF_CONF_ON_IBTB_MISS_FETCH_TARGETS              0         -nan%                0         -nan%
DFE_OFF_CONF_ON_BTB_MISS_FETCH_TARGETS               0         -nan%                0         -nan%
DFE_OFF_CONF_ON_BTB_MISS_RECOVER_AT_EXEC_FETCH_TARGETS             0         -nan%                0         -nan%
DFE_OFF_CONF_ON_RECOVER_AT_EXEC_FETCH_TARGETS             0         -nan%                0         -nan%
DFE_OFF_CONF_ON_RECOVER_AT_DECODE_FETCH_TARGETS             0         -nan%                0         -nan%
                                                     0         -nan%                0         -nan%
                                                  -nan         -nan              -nan         -nan

DFE_OFF_CONF_ON_LATE_BTB_HIT_FETCH_TARGETS             0                              0              

DFE_OFF_CONF_ON_BP_INCORRECT_0_CONF                  0         -nan%                0         -nan%
DFE_OFF_CONF_ON_BP_INCORRECT_1_CONF                  0         -nan%                0         -nan%
DFE_OFF_CONF_ON_BP_INCORRECT_2_CONF                  0         -nan%                0         -nan%
DFE_OFF_CONF_ON_BP_INCORRECT_3_CONF                  0         -nan%                0         -nan%
                                                     0         -nan%                0         -nan%
                                                  -nan         -nan              -nan         -nan

DFE_OFF_CONF_ON_BTB_MISS_CBR_0_CONF                  0         -nan%                0         -nan%
DFE_OFF_CONF_ON_BTB_MISS_CBR_1_CONF                  0         -nan%                0         -nan%
DFE_OFF_CONF_ON_BTB_MISS_CBR_2_CONF                  0         -nan%                0         -nan%
DFE_OFF_CONF_ON_BTB_MISS_CBR_3_CONF                  0         -nan%                0         -nan%
                                                     0         -nan%                0         -nan%
                                                  -nan         -nan              -nan         -nan

DFE_OFF_CONF_ON_BTB_MISS_NOT_CF                      0         -nan%                0         -nan%
DFE_OFF_CONF_ON_BTB_MISS_CF_BR                       0         -nan%                0         -nan%
DFE_OFF_CONF_ON_BTB_MISS_CF_CBR                      0         -nan%                0         -nan%
DFE_OFF_CONF_ON_BTB_MISS_CF_CALL                     0         -nan%                0         -nan%
DFE_OFF_CONF_ON_BTB_MISS_CF_IBR                      0         -nan%                0         -nan%
DFE_OFF_CONF_ON_BTB_MISS_CF_ICALL                    0         -nan%                0         -nan%
DFE_OFF_CONF_ON_BTB_MISS_CF_ICO                      0         -nan%                0         -nan%
DFE_OFF_CONF_ON_BTB_MISS_CF_RET                      0         -nan%                0         -nan%
DFE_OFF_CONF_ON_BTB_MISS_CF_SYS                      0         -nan%                0         -nan%
                                                     0         -nan%                0         -nan%
                                                  -nan         -nan              -nan         -nan

DFE_ON_CONF_OFF_NUM_EVENTS                           0                              0              

CONF_BTB_NUM_CYCLES_OFF_PATH_EVENT                   0                              0              

DFE_ON_CONF_OFF_IBTB_MISS_BP_TAKEN                   0         -nan%                0         -nan%
DFE_ON_CONF_OFF_BTB_MISS_BP_TAKEN_CONF_0             0         -nan%                0         -nan%
DFE_ON_CONF_OFF_BTB_MISS_BP_TAKEN_CONF_1             0         -nan%                0         -nan%
DFE_ON_CONF_OFF_BTB_MISS_BP_TAKEN_CONF_2             0         -nan%                0         -nan%
DFE_ON_CONF_OFF_BTB_MISS_BP_TAKEN_CONF_3             0         -nan%                0         -nan%
DFE_ON_CONF_OFF_BTB_MISS_RATE                        0         -nan%                0         -nan%
DFE_ON_CONF_OFF_IBTB_MISS_RATE                       0         -nan%                0         -nan%
DFE_ON_CONF_OFF_RECOVER_AT_DECODE_RATE               0         -nan%                0         -nan%
DFE_ON_CONF_OFF_RECOVER_AT_EXEC_RATE                 0         -nan%                0         -nan%
DFE_ON_CONF_OFF_INV_CONF_INC                         0         -nan%                0         -nan%
DFE_ON_CONF_OFF_PERFECT_CONF                         0         -nan%                0         -nan%
                                                     0         -nan%                0         -nan%
                                                  -nan         -nan              -nan         -nan

DFE_ON_CONF_OFF_IBTB_MISS_BP_TAKEN_CYCLES             0         -nan%                0         -nan%
DFE_ON_CONF_OFF_BTB_MISS_BP_TAKEN_CONF_0_CYCLES             0         -nan%                0         -nan%
DFE_ON_CONF_OFF_BTB_MISS_BP_TAKEN_CONF_1_CYCLES             0         -nan%                0         -nan%
DFE_ON_CONF_OFF_BTB_MISS_BP_TAKEN_CONF_2_CYCLES             0         -nan%                0         -nan%
DFE_ON_CONF_OFF_BTB_MISS_BP_TAKEN_CONF_3_CYCLES             0         -nan%                0         -nan%
DFE_ON_CONF_OFF_BTB_MISS_RATE_CYCLES                 0         -nan%                0         -nan%
DFE_ON_CONF_OFF_IBTB_MISS_RATE_CYCLES                0         -nan%                0         -nan%
DFE_ON_CONF_OFF_RECOVER_AT_DECODE_RATE_CYCLES             0         -nan%                0         -nan%
DFE_ON_CONF_OFF_RECOVER_AT_EXEC_RATE_CYCLES             0         -nan%                0         -nan%
DFE_ON_CONF_OFF_INV_CONF_INC_CYCLES                  0         -nan%                0         -nan%
DFE_ON_CONF_OFF_PERFECT_CONF_CYCLES                  0         -nan%                0         -nan%
                                                     0         -nan%                0         -nan%
                                                  -nan         -nan              -nan         -nan

DFE_ON_CONF_OFF_IBTB_MISS_BP_TAKEN_FETCH_TARGETS             0         -nan%                0         -nan%
DFE_ON_CONF_OFF_BTB_MISS_BP_TAKEN_CONF_0_FETCH_TARGETS             0         -nan%                0         -nan%
DFE_ON_CONF_OFF_BTB_MISS_BP_TAKEN_CONF_1_FETCH_TARGETS             0         -nan%                0         -nan%
DFE_ON_CONF_OFF_BTB_MISS_BP_TAKEN_CONF_2_FETCH_TARGETS             0         -nan%                0         -nan%
DFE_ON_CONF_OFF_BTB_MISS_BP_TAKEN_CONF_3_FETCH_TARGETS             0         -nan%                0         -nan%
DFE_ON_CONF_OFF_BTB_MISS_RATE_FETCH_TARGETS             0         -nan%                0         -nan%
DFE_ON_CONF_OFF_IBTB_MISS_RATE_FETCH_TARGETS             0         -nan%                0         -nan%
DFE_ON_CONF_OFF_RECOVER_AT_DECODE_RATE_FETCH_TARGETS             0         -nan%                0         -nan%
DFE_ON_CONF_OFF_RECOVER_AT_EXEC_RATE_FETCH_TARGETS             0         -nan%                0         -nan%
DFE_ON_CONF_OFF_INV_CONF_INC_FETCH_TARGETS             0         -nan%                0         -nan%
DFE_ON_CONF_OFF_PERFECT_CONF_FETCH_TARGETS             0         -nan%                0         -nan%
                                                     0         -nan%                0         -nan%
                                                  -nan         -nan              -nan         -nan

CONF_OFF_IBTB_MISS_BP_TAKEN                          0         -nan%                0         -nan%
CONF_OFF_BTB_MISS_BP_TAKEN_CONF_0                    0         -nan%                0         -nan%
CONF_OFF_BTB_MISS_BP_TAKEN_CONF_1                    0         -nan%                0         -nan%
CONF_OFF_BTB_MISS_BP_TAKEN_CONF_2                    0         -nan%                0         -nan%
CONF_OFF_BTB_MISS_BP_TAKEN_CONF_3                    0         -nan%                0         -nan%
CONF_OFF_BTB_MISS_RATE                               0         -nan%                0         -nan%
CONF_OFF_IBTB_MISS_RATE                              0         -nan%                0         -nan%
CONF_OFF_RECOVER_AT_DECODE_RATE                      0         -nan%                0         -nan%
CONF_OFF_RECOVER_AT_EXEC_RATE                        0         -nan%                0         -nan%
CONF_OFF_INV_CONF_INC                                0         -nan%                0         -nan%
CONF_OFF_PERFECT_CONF                                0         -nan%                0         -nan%
                                                     0         -nan%                0         -nan%
                                                  -nan         -nan              -nan         -nan

TOPDOWN_TOTAL_SLOTS                          683703654                      683703654              

TOPDOWN_ISSUED_SLOTS                         154014523                      154014523              

TOPDOWN_RETIRED_SLOTS                         72539146                       72539146              

TOPDOWN_FETCH_BUBBLES_SLOTS                   23660140                       23660140              

TOPDOWN_RECOVERY_BUBBLES_SLOTS                 8755577                        8755577              

TOPDOWN_MEM_LOAD_STALLS_CYCLES                82709376                       82709376              

TOPDOWN_MEM_STORE_STALLS_CYCLES                      0                              0              

TOPDOWN_EXEC_STALLS_CYCLES                    79113835                       79113835              

TOPDOWN_BACKEND_STALLS_CYCLES                 82709384                       82709384              

TOPDOWN_FETCH_BUBBLES_GT_MIW_CYCLES            1670005                        1670005              

TOPDOWN_BR_RECOVER_AT_EXEC_RETIRED_CYCLES        493509                         493509              

TOPDOWN_MACHINE_CLEAR_CYCLES                    918736                         918736              

TOPDOWN_FRONTEND_BOUND                             346                            346              

TOPDOWN_BACKEND_BOUND                             7275                           7275              

TOPDOWN_BAD_SPEC_BOUND                            1319                           1319              

TOPDOWN_RETIRING_BOUND                            1060                           1060              

TOPDOWN_FETCH_LATENCY_BOUND                        146                            146              

TOPDOWN_FETCH_BANDWIDTH_BOUND                      200                            200              

TOPDOWN_MEM_BOUND                                 7274                           7274              

TOPDOWN_CORE_BOUND                                   1                              1              

TOPDOWN_BR_RECOVER_AT_EXEC_BOUND                   460                            460              

TOPDOWN_MACHINE_CLEARS_BOUND                       859                            859              

H2P_SEEN_MAIN                                   913058                         913058              



