/* -*- Mode: c -*- */
####################################################################################################
Core 0
####################################################################################################
Cumulative:        Cycles: 30674329              Instructions: 29999999              IPC: 0.97802

Periodic:          Cycles: 30674329              Instructions: 29999999              IPC: 0.97802

APT_LIVE_LD2_PREDICTION_PEAK                        70                             70              

APT_LIVE_LD2_PREDICTION_OBSERVATIONS                 0                              0              

APT_LIVE_LD2_PREDICTION_TOTAL                        0                              0              

IFUSE_FUSED_LOADS                               705555                         705555              

IFUSE_MISPREDICTED_LOADS                           120                            120              

IFUSE_MISPREDICTION_FLUSHES                         84                             84              

IFUSE_MISPREDICTED_CACHE_BLOCK_ADDR                 95                             95              

IFUSE_MISPREDICTED_OFFSET_DELTA                    120                            120              

ACI_REPLAYED_INSERTS                                 0                              0              

ACI_BACKING_ALLOC_FAILURES                           0                              0              

ACI_PREDICTION_INSERTS                          760996                         760996              

ACI_SAME_CACHEBLOCK_INSERTS                      44363                          44363              

ACI_LOOKUP_NO_MATCHES                               95                             95              

ACI_LOOKUP_MATCHES                              705580                         705580              

ACI_PREDICTION_INVALIDATIONS                     55413                          55413              

ACI_STALE_PREDICTION_REMOVALS                        0                              0              

FCT_LD2_REPLACEMENTS                                 5                              5              

FCT_DELTA_SLOT0_PREDICTIONS                     760701                         760701              

FCT_DELTA_SLOT1_PREDICTIONS                        101                            101              

FCT_DELTA_SLOT2_PREDICTIONS                        166                            166              

FCT_DELTA_SLOT3_PREDICTIONS                         28                             28              

FCT_DELTA_SLOT_REPLACEMENTS                         14                             14              

FCT_SECOND_DELTA_PROMOTIONS                         31                             31              

FCT_THIRD_DELTA_PROMOTIONS                          11                             11              

FCT_FOURTH_DELTA_PROMOTIONS                          5                              5              

FCT_OFFSET_MISPRED_KNOWN_ALT_DELTA                  48                             48              

FCT_OFFSET_MISPRED_UNTRACKED_DELTA                  58                             58              

FCT_OFFSET_MISPRED_SAME_SLOT_DELTA                  14                             14              

FCT_OFFSET_MISPRED_MULTI_DELTA_ROW                  16                             16              

FCT_OFFSET_MISPRED_SINGLE_DELTA_ROW                104                            104              

TRAINING_TABLE_INSERTS                           31160                          31160              

TRAINING_TABLE_PROMOTIONS                          439                            439              

TRAINING_TABLE_BACKING_ALLOC_FAILURES                0                              0              



