/* -*- Mode: c -*- */
####################################################################################################
Core 0
####################################################################################################
Cumulative:        Cycles: 50991034              Instructions: 59999999              IPC: 1.17668

Periodic:          Cycles: 50991034              Instructions: 59999999              IPC: 1.17668

EXECUTION_TIME                           15934698125000                  15934698125000              

SIM_HOST_WALL_SECONDS                       625.142923                     625.142923              

NODE_CYCLE                                    50991034                       50991034              

NODE_INST_COUNT                               61127614                       61127614              

NODE_INST_COUNT_FETCHED                       59999999                       59999999              

NODE_UOP_COUNT                                76725992                       76725992              

EXEC_STAGE_NO_ISSUE_STALL_CYCLE               23838348                       23838348              

EXEC_STAGE_NO_ISSUE_STALL_CYCLE_ONPATH        23770049                       23770049              

FULL_WINDOW_STALL                                 4911        0.010%             4911        0.010%

FULL_WINDOW_MEM_OP                                4796      100.000%             4796      100.000%
FULL_WINDOW_FP_OP                                    0        0.000%                0        0.000%
FULL_WINDOW_OTHER_OP                                 0        0.000%                0        0.000%
                                                  4796      100.000%             4796      100.000%
                                                  0.00         0.00              0.00         0.00

RET_BLOCKED_DC_MISS                           26355219       51.686%         26355219       51.686%

RET_BLOCKED_L1_MISS                           21373549       41.916%         21373549       41.916%

RET_BLOCKED_L1_MISS_BW_PREF                    1591670        3.121%          1591670        3.121%

RET_BLOCKED_L1_ACCESS                          5127718       10.056%          5127718       10.056%

RET_BLOCKED_MEM_STALL                         21556731       42.276%         21556731       42.276%

RET_BLOCKED_OFFCHIP_DEMAND                           0        0.000%                0        0.000%

OP_ISSUED                                     76937436                       76937436              

OP_RETIRED                                    76725992                       76725992              

OP_MACRO_FUSION_ONPATH                         8310712                        8310712              

OP_MACRO_FUSION_OFFPATH                          46099                          46099              

REPLAY_SIGNALED                                      0                              0              

REPLAY_COUNTED                                       0                              0              

OFF_CRITICAL_PATH                                    0         -nan%                0         -nan%
ON_CRITICAL_PATH                                     0         -nan%                0         -nan%
                                                     0         -nan%                0         -nan%
                                                  -nan         -nan              -nan         -nan

LD_NO_DEPENDENTS                                121952        0.673%           121952        0.673%
LD_DEPENDENTS                                 17994152       99.327%         17994152       99.327%
                                              18116104      100.000%         18116104      100.000%
                                                  0.99         0.99              0.99         0.99

LD_EXEC_CYCLES_0                                     0        0.000%                0        0.000%
LD_EXEC_CYCLES_1                                580593       80.546%           580593       80.546%
LD_EXEC_CYCLES_2                                 33307        4.621%            33307        4.621%
LD_EXEC_CYCLES_3                                 37605        5.217%            37605        5.217%
LD_EXEC_CYCLES_4                                 69321        9.617%            69321        9.617%
                                                720826      100.000%           720826      100.000%
                                                  1.44         1.06              1.44         1.06

ICACHE_STAGE_STARVED                            139862        0.276%           139862        0.276%
ICACHE_STAGE_NOT_STARVED                      50624419       99.724%         50624419       99.724%
                                              50764281      100.000%         50764281      100.000%
                                                  1.00         1.00              1.00         1.00

ICACHE_STAGE_STALLED                          40035293       78.514%         40035293       78.514%
ICACHE_STAGE_NOT_STALLED                      10728988       21.041%         10728988       21.041%
ICACHE_STAGE_OFF_PATH                           226753        0.445%           226753        0.445%
                                              50991034      100.000%         50991034      100.000%
                                                  0.22         0.38              0.22         0.38

DECODE_STAGE_STARVED                          50950719       99.996%         50950719       99.996%
DECODE_STAGE_NOT_STARVED                          2284        0.004%             2284        0.004%
                                              50953003      100.000%         50953003      100.000%
                                                  0.00         0.01              0.00         0.01

DECODE_STAGE_STALLED                                19        0.000%               19        0.000%
DECODE_STAGE_NOT_STALLED                      50952984       99.925%         50952984       99.925%
DECODE_STAGE_OFF_PATH                            38031        0.075%            38031        0.075%
                                              50991034      100.000%         50991034      100.000%
                                                  1.00         0.04              1.00         0.04

UOPQ_STAGE_STARVED                             1870858       17.323%          1870858       17.323%
UOPQ_STAGE_NOT_STARVED                         8928960       82.677%          8928960       82.677%
                                              10799818      100.000%         10799818      100.000%
                                                  0.83         0.77              0.83         0.77

UOPQ_STAGE_STALLED                            40038102       78.520%         40038102       78.520%
UOPQ_STAGE_NOT_STALLED                        10799818       21.180%         10799818       21.180%
UOPQ_STAGE_OFF_PATH                             153114        0.300%           153114        0.300%
                                              50991034      100.000%         50991034      100.000%
                                                  0.22         0.37              0.22         0.37

RS_OP_READY_NOT_ISSUED_TOTAL                  12745482                       12745482              

RS_0_OP_READY_NOT_ISSUED                       6102550                        6102550              

RS_1_OP_READY_NOT_ISSUED                       4133644                        4133644              

RS_2_OP_READY_NOT_ISSUED                       2509288                        2509288              

RS_3_OP_READY_NOT_ISSUED                             0                              0              

RS_4_OP_READY_NOT_ISSUED                             0                              0              

RS_5_OP_READY_NOT_ISSUED                             0                              0              

RS_6_OP_READY_NOT_ISSUED                             0                              0              

RS_7_OP_READY_NOT_ISSUED                             0                              0              

RS_7_PLUS_OP_READY_NOT_ISSUED                        0                              0              

FU_IDLE_NO_READY_OPS_TOTAL                   343173215                      343173215              

FU_0_IDLE_NO_READY_OPS                        28560646                       28560646              

FU_1_IDLE_NO_READY_OPS                        31002479                       31002479              

FU_2_IDLE_NO_READY_OPS                        37785524                       37785524              

FU_3_IDLE_NO_READY_OPS                        37782554                       37782554              

FU_4_IDLE_NO_READY_OPS                        31135751                       31135751              

FU_5_IDLE_NO_READY_OPS                        28202461                       28202461              

FU_6_IDLE_NO_READY_OPS                        39912852                       39912852              

FU_7_IDLE_NO_READY_OPS                        39918708                       39918708              

FU_8_IDLE_NO_READY_OPS                        31092872                       31092872              

FU_9_IDLE_NO_READY_OPS                        37779368                       37779368              

FU_10_IDLE_NO_READY_OPS                              0                              0              

FU_11_IDLE_NO_READY_OPS                              0                              0              

FU_12_IDLE_NO_READY_OPS                              0                              0              

FU_13_IDLE_NO_READY_OPS                              0                              0              

FU_14_IDLE_NO_READY_OPS                              0                              0              

FU_15_IDLE_NO_READY_OPS                              0                              0              

FU_16_IDLE_NO_READY_OPS                              0                              0              

FU_17_IDLE_NO_READY_OPS                              0                              0              

FU_18_IDLE_NO_READY_OPS                              0                              0              

FU_19_IDLE_NO_READY_OPS                              0                              0              

FU_20_IDLE_NO_READY_OPS                              0                              0              

FU_21_IDLE_NO_READY_OPS                              0                              0              

FU_22_IDLE_NO_READY_OPS                              0                              0              

FU_23_IDLE_NO_READY_OPS                              0                              0              

FU_24_IDLE_NO_READY_OPS                              0                              0              

FU_25_IDLE_NO_READY_OPS                              0                              0              

FU_26_IDLE_NO_READY_OPS                              0                              0              

FU_27_IDLE_NO_READY_OPS                              0                              0              

FU_28_IDLE_NO_READY_OPS                              0                              0              

FU_29_IDLE_NO_READY_OPS                              0                              0              

FU_30_IDLE_NO_READY_OPS                              0                              0              

FU_31_IDLE_NO_READY_OPS                              0                              0              

FU_31_PLUS_IDLE_NO_READY_OPS                         0                              0              

MAP_STAGE_STARVED                                58210        0.434%            58210        0.434%
MAP_STAGE_NOT_STARVED                         13353369       99.566%         13353369       99.566%
                                              13411579      100.000%         13411579      100.000%
                                                  1.00         0.99              1.00         0.99

MAP_STAGE_STALLED                               179157        1.326%           179157        1.326%
MAP_STAGE_NOT_STALLED                         13232422       97.930%         13232422       97.930%
MAP_STAGE_OFF_PATH                              100544        0.744%           100544        0.744%
                                              13512123      100.000%         13512123      100.000%
                                                  0.99         0.12              0.99         0.12

MAP_STAGE_STALL_ITSELF                        37478911       73.501%         37478911       73.501%
MAP_STAGE_NOT_STALL_ITSELF                    13512123       26.499%         13512123       26.499%
                                              50991034      100.000%         50991034      100.000%
                                                  0.26         0.40              0.26         0.40

MAP_STAGE_LATE_ALLOCATE_SEND_BACK                    0                              0              

MAP_STAGE_RENAME_OP_ONPATH                    76725992                       76725992              

MAP_STAGE_RENAME_OP_OFFPATH                     434679                         434679              

MAP_STAGE_RENAME_INT_REG_ONPATH               56272999                       56272999              

MAP_STAGE_RENAME_INT_REG_OFFPATH                346479                         346479              

MAP_STAGE_RENAME_VEC_REG_ONPATH                9814002                        9814002              

MAP_STAGE_RENAME_VEC_REG_OFFPATH                   592                            592              

MAP_STAGE_RENAME_MOVE_ELIM_ONPATH                    0                              0              

MAP_STAGE_RENAME_MOVE_ELIM_OFFPATH                   0                              0              

MAP_STAGE_ONPATH_INT_REG_NUM_ALLOC            62111378                       62111378              

MAP_STAGE_ONPATH_VEC_REG_NUM_ALLOC             9813992                        9813992              

MAP_STAGE_ONPATH_INT_REG_NUM_SHORTLIVE        21112543                       21112543              

MAP_STAGE_ONPATH_VEC_REG_NUM_SHORTLIVE         5440656                        5440656              

MAP_STAGE_ONPATH_INT_REG_USE_COUNT_0          16902252                       16902252              

MAP_STAGE_ONPATH_VEC_REG_USE_COUNT_0                14                             14              

MAP_STAGE_ONPATH_INT_REG_USE_COUNT_1          26405296                       26405296              

MAP_STAGE_ONPATH_VEC_REG_USE_COUNT_1           5047984                        5047984              

MAP_STAGE_ONPATH_INT_REG_USE_COUNT_2          13723337                       13723337              

MAP_STAGE_ONPATH_VEC_REG_USE_COUNT_2           4695514                        4695514              

MAP_STAGE_ONPATH_INT_REG_USE_COUNT_3            565124                         565124              

MAP_STAGE_ONPATH_VEC_REG_USE_COUNT_3             70478                          70478              

MAP_STAGE_ONPATH_INT_REG_USE_COUNT_4           4230895                        4230895              

MAP_STAGE_ONPATH_VEC_REG_USE_COUNT_4                 1                              1              

MAP_STAGE_ONPATH_INT_REG_USE_COUNT_5            182153                         182153              

MAP_STAGE_ONPATH_VEC_REG_USE_COUNT_5                 0                              0              

MAP_STAGE_ONPATH_INT_REG_USE_COUNT_6             64973                          64973              

MAP_STAGE_ONPATH_VEC_REG_USE_COUNT_6                 1                              1              

MAP_STAGE_ONPATH_INT_REG_USE_COUNT_7_PLUS         37348                          37348              

MAP_STAGE_ONPATH_VEC_REG_USE_COUNT_7_PLUS             0                              0              

MAP_STAGE_ONPATH_INT_REG_CONSUME_DIST_0              0        0.0000                0        0.0000

MAP_STAGE_ONPATH_VEC_REG_CONSUME_DIST_0              0        0.0000                0        0.0000

MAP_STAGE_ONPATH_INT_REG_CONSUME_DIST_1              0        0.0000                0        0.0000

MAP_STAGE_ONPATH_VEC_REG_CONSUME_DIST_1              0        0.0000                0        0.0000

MAP_STAGE_ONPATH_INT_REG_CONSUME_DIST_2      202751589       14.7742        202751589       14.7742

MAP_STAGE_ONPATH_VEC_REG_CONSUME_DIST_2       34376621        7.3212         34376621        7.3212

MAP_STAGE_ONPATH_INT_REG_CONSUME_DIST_3       72229927      127.8125         72229927      127.8125

MAP_STAGE_ONPATH_VEC_REG_CONSUME_DIST_3          85537        1.2137            85537        1.2137

MAP_STAGE_ONPATH_INT_REG_CONSUME_DIST_4       81953669       19.3703         81953669       19.3703

MAP_STAGE_ONPATH_VEC_REG_CONSUME_DIST_4           3407     3407.0000             3407     3407.0000

MAP_STAGE_ONPATH_INT_REG_CONSUME_DIST_5        6662658       36.5773          6662658       36.5773

MAP_STAGE_ONPATH_VEC_REG_CONSUME_DIST_5              0          -nan                0          -nan

MAP_STAGE_ONPATH_INT_REG_CONSUME_DIST_6        1534105       23.6114          1534105       23.6114

MAP_STAGE_ONPATH_VEC_REG_CONSUME_DIST_6           3634     3634.0000             3634     3634.0000

MAP_STAGE_ONPATH_INT_REG_CONSUME_DIST_7_PLUS      73101016     1957.2940         73101016     1957.2940

MAP_STAGE_ONPATH_VEC_REG_CONSUME_DIST_7_PLUS             0          -nan                0          -nan

MAP_STAGE_INT_REG_ISSUE_READ_TOTAL_CONSUMED      99755832        4.1847         99755832        4.1847

MAP_STAGE_VEC_REG_ISSUE_READ_TOTAL_CONSUMED      14721105        0.6175         14721105        0.6175

MAP_STAGE_INT_REG_ISSUE_READ_MULTI_CONSUMED      54463479        2.2847         54463479        2.2847

MAP_STAGE_VEC_REG_ISSUE_READ_MULTI_CONSUMED       4906988        0.2058          4906988        0.2058

MAP_STAGE_INT_REG_ISSUE_READ_SAME_CYCLE_CONSUMED      23405893        0.9819         23405893        0.9819

MAP_STAGE_VEC_REG_ISSUE_READ_SAME_CYCLE_CONSUMED       1869590        0.0784          1869590        0.0784

MAP_STAGE_INT_REG_ISSUE_READ_TOTAL_CONSUMED_ONPATH      99576388        4.1892         99576388        4.1892

MAP_STAGE_VEC_REG_ISSUE_READ_TOTAL_CONSUMED_ONPATH      14720948        0.6193         14720948        0.6193

MAP_STAGE_INT_REG_ISSUE_READ_MULTI_CONSUMED_ONPATH      54367243        2.2872         54367243        2.2872

MAP_STAGE_VEC_REG_ISSUE_READ_MULTI_CONSUMED_ONPATH       4906955        0.2064          4906955        0.2064

MAP_STAGE_INT_REG_ISSUE_READ_SAME_CYCLE_CONSUMED_ONPATH      23356111        0.9826         23356111        0.9826

MAP_STAGE_VEC_REG_ISSUE_READ_SAME_CYCLE_CONSUMED_ONPATH       1869583        0.0787          1869583        0.0787

MAP_STAGE_ONPATH_INT_REG_LIFECYCLE_EMPTY    5195020516                     5195020516              

MAP_STAGE_ONPATH_VEC_REG_LIFECYCLE_EMPTY    1457274888                     1457274888              

MAP_STAGE_ONPATH_INT_REG_LIFECYCLE_IN_USE    7033178421                     7033178421              

MAP_STAGE_ONPATH_VEC_REG_LIFECYCLE_IN_USE    1536183685                     1536183685              

MAP_STAGE_ONPATH_INT_REG_LIFECYCLE_SPEC_RELEASE   11335028185                    11335028185              

MAP_STAGE_ONPATH_VEC_REG_LIFECYCLE_SPEC_RELEASE    1643274055                     1643274055              

MAP_STAGE_ONPATH_INT_REG_LIFECYCLE_NONSPEC_RELEASE   11335028185                    11335028185              

MAP_STAGE_ONPATH_VEC_REG_LIFECYCLE_NONSPEC_RELEASE    1643274055                     1643274055              

MAP_STAGE_ONPATH_INT_REG_LIFECYCLE_TOTAL   11335028185                    11335028185              

MAP_STAGE_ONPATH_VEC_REG_LIFECYCLE_TOTAL    1643274055                     1643274055              

MAP_STAGE_ONPATH_INT_REG_NUM_NONBRANCH        62111378                       62111378              

MAP_STAGE_ONPATH_VEC_REG_NUM_NONBRANCH         9813992                        9813992              

MAP_STAGE_ONPATH_INT_REG_NUM_NONEXCEPT        62111378                       62111378              

MAP_STAGE_ONPATH_VEC_REG_NUM_NONEXCEPT         9813992                        9813992              

MAP_STAGE_ONPATH_INT_REG_NUM_ATOMIC           62111378                       62111378              

MAP_STAGE_ONPATH_VEC_REG_NUM_ATOMIC            9813992                        9813992              

MAP_STAGE_ONPATH_INT_REG_ATOMIC_REDEFINED_DIST_TOTAL   11335028185      182.4952      11335028185      182.4952

MAP_STAGE_ONPATH_VEC_REG_ATOMIC_REDEFINED_DIST_TOTAL    1643274055      167.4420       1643274055      167.4420

MAP_STAGE_ONPATH_INT_REG_ATOMIC_CONSUMED_DIST_TOTAL    7033178421      113.2349       7033178421      113.2349

MAP_STAGE_ONPATH_VEC_REG_ATOMIC_CONSUMED_DIST_TOTAL    1536183685      156.5300       1536183685      156.5300

MAP_STAGE_ONPATH_INT_REG_ATOMIC_RELEASE_DIST_TOTAL   11335028185      182.4952      11335028185      182.4952

MAP_STAGE_ONPATH_VEC_REG_ATOMIC_RELEASE_DIST_TOTAL    1643274055      167.4420       1643274055      167.4420

EXEC_STAGE_STARVED                            49214836       96.517%         49214836       96.517%
EXEC_STAGE_NOT_STARVED                         1690263        3.315%          1690263        3.315%
EXEC_STAGE_OFF_PATH                              85935        0.169%            85935        0.169%
                                              50991034      100.000%         50991034      100.000%
                                                  0.04         0.19              0.04         0.19

FU_BUSY_0                                     11018413                       11018413              

FU_BUSY_1                                      8723209                        8723209              

FU_BUSY_2                                      6556779                        6556779              

FU_BUSY_3                                      6559325                        6559325              

FU_BUSY_4                                      8134342                        8134342              

FU_BUSY_5                                     12034290                       12034290              

FU_BUSY_6                                      5646168                        5646168              

FU_BUSY_7                                      5643980                        5643980              

FU_BUSY_8                                      8477942                        8477942              

FU_BUSY_9                                      6561666                        6561666              

FU_BUSY_10                                           0                              0              

FU_BUSY_11                                           0                              0              

FU_BUSY_12                                           0                              0              

FU_BUSY_13                                           0                              0              

FU_BUSY_14                                           0                              0              

FU_BUSY_15                                           0                              0              

FU_BUSY_16                                           0                              0              

FU_BUSY_17                                           0                              0              

FU_BUSY_18                                           0                              0              

FU_BUSY_19                                           0                              0              

FU_BUSY_20                                           0                              0              

FU_BUSY_21                                           0                              0              

FU_BUSY_22                                           0                              0              

FU_BUSY_23                                           0                              0              

FU_BUSY_24                                           0                              0              

FU_BUSY_25                                           0                              0              

FU_BUSY_26                                           0                              0              

FU_BUSY_27                                           0                              0              

FU_BUSY_28                                           0                              0              

FU_BUSY_29                                           0                              0              

FU_BUSY_30                                           0                              0              

FU_BUSY_31                                           0                              0              

FU_REJECTED_OP_INV_NOT_SIMD                          0        0.000%                0        0.000%
FU_REJECTED_OP_NOP_NOT_SIMD                         60        0.004%               60        0.004%
FU_REJECTED_OP_CF_NOT_SIMD                         205        0.015%              205        0.015%
FU_REJECTED_OP_MOV_NOT_SIMD                      24789        1.757%            24789        1.757%
FU_REJECTED_OP_CMOV_NOT_SIMD                         8        0.001%                8        0.001%
FU_REJECTED_OP_LDA_NOT_SIMD                          8        0.001%                8        0.001%
FU_REJECTED_OP_IMEM_NOT_SIMD                    759046       53.808%           759046       53.808%
FU_REJECTED_OP_IADD_NOT_SIMD                    403727       28.620%           403727       28.620%
FU_REJECTED_OP_IMUL_NOT_SIMD                     27711        1.964%            27711        1.964%
FU_REJECTED_OP_IDIV_NOT_SIMD                     70729        5.014%            70729        5.014%
FU_REJECTED_OP_ICMP_NOT_SIMD                        19        0.001%               19        0.001%
FU_REJECTED_OP_LOGIC_NOT_SIMD                    86279        6.116%            86279        6.116%
FU_REJECTED_OP_SHIFT_NOT_SIMD                    37972        2.692%            37972        2.692%
FU_REJECTED_OP_FMEM_NOT_SIMD                         2        0.000%                2        0.000%
FU_REJECTED_OP_FCVT_NOT_SIMD                         0        0.000%                0        0.000%
FU_REJECTED_OP_FADD_NOT_SIMD                         0        0.000%                0        0.000%
FU_REJECTED_OP_FMUL_NOT_SIMD                         0        0.000%                0        0.000%
FU_REJECTED_OP_FMA_NOT_SIMD                          0        0.000%                0        0.000%
FU_REJECTED_OP_FDIV_NOT_SIMD                         0        0.000%                0        0.000%
FU_REJECTED_OP_FCMP_NOT_SIMD                         0        0.000%                0        0.000%
FU_REJECTED_OP_FCMOV_NOT_SIMD                        0        0.000%                0        0.000%
FU_REJECTED_OP_GATHER_NOT_SIMD                       0        0.000%                0        0.000%
FU_REJECTED_OP_SCATTER_NOT_SIMD                      0        0.000%                0        0.000%
FU_REJECTED_OP_PIPELINED_FAST_NOT_SIMD               0        0.000%                0        0.000%
FU_REJECTED_OP_PIPELINED_MEDIUM_NOT_SIMD             0        0.000%                0        0.000%
FU_REJECTED_OP_PIPELINED_SLOW_NOT_SIMD               0        0.000%                0        0.000%
FU_REJECTED_OP_NOTPIPELINED_MEDIUM_NOT_SIMD             0        0.000%                0        0.000%
FU_REJECTED_OP_NOTPIPELINED_SLOW_NOT_SIMD             0        0.000%                0        0.000%
FU_REJECTED_OP_NOTPIPELINED_VERY_SLOW_NOT_SIMD             0        0.000%                0        0.000%
FU_REJECTED_OP_INV_SIMD                              0        0.000%                0        0.000%
FU_REJECTED_OP_NOP_SIMD                             91        0.006%               91        0.006%
FU_REJECTED_OP_CF_SIMD                               0        0.000%                0        0.000%
FU_REJECTED_OP_MOV_SIMD                              0        0.000%                0        0.000%
FU_REJECTED_OP_CMOV_SIMD                             0        0.000%                0        0.000%
FU_REJECTED_OP_LDA_SIMD                              0        0.000%                0        0.000%
FU_REJECTED_OP_IMEM_SIMD                             0        0.000%                0        0.000%
FU_REJECTED_OP_IADD_SIMD                             0        0.000%                0        0.000%
FU_REJECTED_OP_IMUL_SIMD                             0        0.000%                0        0.000%
FU_REJECTED_OP_IDIV_SIMD                             0        0.000%                0        0.000%
FU_REJECTED_OP_ICMP_SIMD                             0        0.000%                0        0.000%
FU_REJECTED_OP_LOGIC_SIMD                            0        0.000%                0        0.000%
FU_REJECTED_OP_SHIFT_SIMD                            1        0.000%                1        0.000%
FU_REJECTED_OP_FMEM_SIMD                             0        0.000%                0        0.000%
FU_REJECTED_OP_FCVT_SIMD                             0        0.000%                0        0.000%
FU_REJECTED_OP_FADD_SIMD                             0        0.000%                0        0.000%
FU_REJECTED_OP_FMUL_SIMD                             0        0.000%                0        0.000%
FU_REJECTED_OP_FMA_SIMD                              0        0.000%                0        0.000%
FU_REJECTED_OP_FDIV_SIMD                             0        0.000%                0        0.000%
FU_REJECTED_OP_FCMP_SIMD                             0        0.000%                0        0.000%
FU_REJECTED_OP_FCMOV_SIMD                            0        0.000%                0        0.000%
FU_REJECTED_OP_GATHER_SIMD                           0        0.000%                0        0.000%
FU_REJECTED_OP_SCATTER_SIMD                          0        0.000%                0        0.000%
FU_REJECTED_OP_PIPELINED_FAST_SIMD                   0        0.000%                0        0.000%
FU_REJECTED_OP_PIPELINED_MEDIUM_SIMD                 0        0.000%                0        0.000%
FU_REJECTED_OP_PIPELINED_SLOW_SIMD                   0        0.000%                0        0.000%
FU_REJECTED_OP_NOTPIPELINED_MEDIUM_SIMD              0        0.000%                0        0.000%
FU_REJECTED_OP_NOTPIPELINED_SLOW_SIMD                0        0.000%                0        0.000%
FU_REJECTED_OP_NOTPIPELINED_VERY_SLOW_SIMD             0        0.000%                0        0.000%
                                               1410647      100.000%          1410647      100.000%
                                                  6.89         1.65              6.89         1.65

LSQ_FULL_TOTAL                                 1333396                        1333396              

LSQ_FULL_LOAD_QUEUE                                  0                              0              

LSQ_FULL_STORE_QUEUE                           1333396                        1333396              

OP_WAIT_0                                     57604621                       57604621              

OP_WAIT_1                                      8096382                        8096382              

OP_WAIT_2                                      2352540                        2352540              

OP_WAIT_3                                      1145745                        1145745              

OP_WAIT_4                                      1256676                        1256676              

OP_WAIT_5                                       330189                         330189              

OP_WAIT_6                                       285262                         285262              

OP_WAIT_7                                       650891                         650891              

OP_WAIT_8                                       272660                         272660              

OP_WAIT_9                                       157994                         157994              

OP_WAIT_10                                      635537                         635537              

OP_WAIT_11                                      141341                         141341              

OP_WAIT_12                                      115211                         115211              

OP_WAIT_13                                      310776                         310776              

OP_WAIT_14                                      143769                         143769              

OP_WAIT_15                                      653339                         653339              

OP_WAIT_16                                      108986                         108986              

OP_WAIT_17                                       45420                          45420              

OP_WAIT_18                                       58648                          58648              

OP_WAIT_19                                       39406                          39406              

OP_WAIT_20                                       45812                          45812              

OP_WAIT_21                                       44178                          44178              

OP_WAIT_22                                       44282                          44282              

OP_WAIT_23                                       56758                          56758              

OP_WAIT_24                                       60994                          60994              

OP_WAIT_25                                       54629                          54629              

OP_WAIT_26                                       80537                          80537              

OP_WAIT_27                                       62683                          62683              

OP_WAIT_28                                      104356                         104356              

OP_WAIT_29                                       55552                          55552              

OP_WAIT_30                                       47053                          47053              

OP_WAIT_31                                     1663765                        1663765              

ROW_SIZE_0                                    35224611                       35224611              

ROW_SIZE_1                                     3997856                        3997856              

ROW_SIZE_2                                     1287515                        1287515              

ROW_SIZE_3                                      587383                         587383              

ROW_SIZE_4                                     2292399                        2292399              

ROW_SIZE_5                                      118408                         118408              

ROW_SIZE_6                                      336283                         336283              

ROW_SIZE_7                                      256105                         256105              

ROW_SIZE_8                                     6852361                        6852361              

ROW_SIZE_9                                           0                              0              

ROW_SIZE_10                                          0                              0              

ROW_SIZE_11                                          0                              0              

ROW_SIZE_12                                          0                              0              

ROW_SIZE_13                                          0                              0              

ROW_SIZE_14                                          0                              0              

ROW_SIZE_15                                          0                              0              

ROW_SIZE_16                                          0                              0              

ROW_SIZE_17                                          0                              0              

ROW_SIZE_18                                          0                              0              

ROW_SIZE_19                                          0                              0              

ROW_SIZE_20                                          0                              0              

ROW_SIZE_21                                          0                              0              

ROW_SIZE_22                                          0                              0              

ROW_SIZE_23                                          0                              0              

ROW_SIZE_24                                          0                              0              

ROW_SIZE_25                                          0                              0              

ROW_SIZE_26                                          0                              0              

ROW_SIZE_27                                          0                              0              

ROW_SIZE_28                                          0                              0              

ROW_SIZE_29                                          0                              0              

ROW_SIZE_30                                          0                              0              

ROW_SIZE_31                                          0                              0              

RET_OP_EXEC_COUNT_0                                  0        0.000%                0        0.000%
RET_OP_EXEC_COUNT_1                           76725992      100.000%         76725992      100.000%
RET_OP_EXEC_COUNT_2                                  0        0.000%                0        0.000%
RET_OP_EXEC_COUNT_3                                  0        0.000%                0        0.000%
RET_OP_EXEC_COUNT_4                                  0        0.000%                0        0.000%
RET_OP_EXEC_COUNT_5                                  0        0.000%                0        0.000%
RET_OP_EXEC_COUNT_6                                  0        0.000%                0        0.000%
RET_OP_EXEC_COUNT_7                                  0        0.000%                0        0.000%
RET_OP_EXEC_COUNT_8                                  0        0.000%                0        0.000%
RET_OP_EXEC_COUNT_9                                  0        0.000%                0        0.000%
RET_OP_EXEC_COUNT_10                                 0        0.000%                0        0.000%
RET_OP_EXEC_COUNT_11                                 0        0.000%                0        0.000%
RET_OP_EXEC_COUNT_12                                 0        0.000%                0        0.000%
RET_OP_EXEC_COUNT_13                                 0        0.000%                0        0.000%
RET_OP_EXEC_COUNT_14                                 0        0.000%                0        0.000%
RET_OP_EXEC_COUNT_15                                 0        0.000%                0        0.000%
RET_OP_EXEC_COUNT_16                                 0        0.000%                0        0.000%
RET_OP_EXEC_COUNT_17                                 0        0.000%                0        0.000%
RET_OP_EXEC_COUNT_18                                 0        0.000%                0        0.000%
RET_OP_EXEC_COUNT_19                                 0        0.000%                0        0.000%
RET_OP_EXEC_COUNT_20                                 0        0.000%                0        0.000%
RET_OP_EXEC_COUNT_21                                 0        0.000%                0        0.000%
RET_OP_EXEC_COUNT_22                                 0        0.000%                0        0.000%
RET_OP_EXEC_COUNT_23                                 0        0.000%                0        0.000%
RET_OP_EXEC_COUNT_24                                 0        0.000%                0        0.000%
RET_OP_EXEC_COUNT_25                                 0        0.000%                0        0.000%
RET_OP_EXEC_COUNT_26                                 0        0.000%                0        0.000%
RET_OP_EXEC_COUNT_27                                 0        0.000%                0        0.000%
RET_OP_EXEC_COUNT_28                                 0        0.000%                0        0.000%
RET_OP_EXEC_COUNT_29                                 0        0.000%                0        0.000%
RET_OP_EXEC_COUNT_30                                 0        0.000%                0        0.000%
RET_OP_EXEC_COUNT_31                                 0        0.000%                0        0.000%
RET_OP_EXEC_COUNT_32                                 0        0.000%                0        0.000%
                                              76725992      100.000%         76725992      100.000%
                                                  1.00         0.00              1.00         0.00

RET_STALL_LENGTH_0                            76663697       99.919%         76663697       99.919%
RET_STALL_LENGTH_100                             37722        0.049%            37722        0.049%
RET_STALL_LENGTH_200                              4470        0.006%             4470        0.006%
RET_STALL_LENGTH_300                              2040        0.003%             2040        0.003%
RET_STALL_LENGTH_400                              2636        0.003%             2636        0.003%
RET_STALL_LENGTH_500                              5438        0.007%             5438        0.007%
RET_STALL_LENGTH_600                              4545        0.006%             4545        0.006%
RET_STALL_LENGTH_700                              2258        0.003%             2258        0.003%
RET_STALL_LENGTH_800                              1026        0.001%             1026        0.001%
RET_STALL_LENGTH_900                               465        0.001%              465        0.001%
RET_STALL_LENGTH_1000                              303        0.000%              303        0.000%
RET_STALL_LENGTH_1100                              185        0.000%              185        0.000%
RET_STALL_LENGTH_1200                              304        0.000%              304        0.000%
RET_STALL_LENGTH_1300                              174        0.000%              174        0.000%
RET_STALL_LENGTH_1400                               96        0.000%               96        0.000%
RET_STALL_LENGTH_1500                               63        0.000%               63        0.000%
RET_STALL_LENGTH_1600                               68        0.000%               68        0.000%
RET_STALL_LENGTH_1700                              149        0.000%              149        0.000%
RET_STALL_LENGTH_1800                              152        0.000%              152        0.000%
RET_STALL_LENGTH_1900                              109        0.000%              109        0.000%
RET_STALL_LENGTH_2000                               43        0.000%               43        0.000%
RET_STALL_LENGTH_2100                               16        0.000%               16        0.000%
RET_STALL_LENGTH_2200                               11        0.000%               11        0.000%
RET_STALL_LENGTH_2300                                8        0.000%                8        0.000%
RET_STALL_LENGTH_2400                                1        0.000%                1        0.000%
RET_STALL_LENGTH_2500                                0        0.000%                0        0.000%
RET_STALL_LENGTH_2600                                2        0.000%                2        0.000%
RET_STALL_LENGTH_2700                                0        0.000%                0        0.000%
RET_STALL_LENGTH_2800                                3        0.000%                3        0.000%
RET_STALL_LENGTH_2900                                2        0.000%                2        0.000%
RET_STALL_LENGTH_3000                                1        0.000%                1        0.000%
RET_STALL_LENGTH_3100                                2        0.000%                2        0.000%
RET_STALL_LENGTH_3200                                2        0.000%                2        0.000%
RET_STALL_LENGTH_3300                                0        0.000%                0        0.000%
RET_STALL_LENGTH_3400                                0        0.000%                0        0.000%
RET_STALL_LENGTH_3500                                1        0.000%                1        0.000%
RET_STALL_LENGTH_3600                                0        0.000%                0        0.000%
RET_STALL_LENGTH_3700                                0        0.000%                0        0.000%
RET_STALL_LENGTH_3800                                0        0.000%                0        0.000%
RET_STALL_LENGTH_3900                                0        0.000%                0        0.000%
RET_STALL_LENGTH_4000                                0        0.000%                0        0.000%
RET_STALL_LENGTH_4100                                0        0.000%                0        0.000%
RET_STALL_LENGTH_4200                                0        0.000%                0        0.000%
RET_STALL_LENGTH_4300                                0        0.000%                0        0.000%
RET_STALL_LENGTH_4400                                0        0.000%                0        0.000%
RET_STALL_LENGTH_4500                                0        0.000%                0        0.000%
RET_STALL_LENGTH_4600                                0        0.000%                0        0.000%
RET_STALL_LENGTH_4700                                0        0.000%                0        0.000%
RET_STALL_LENGTH_4800                                0        0.000%                0        0.000%
RET_STALL_LENGTH_4900                                0        0.000%                0        0.000%
RET_STALL_LENGTH_5000                                0        0.000%                0        0.000%
                                              76725992      100.000%         76725992      100.000%
                                                  0.00         0.11              0.00         0.11

MEM_BLOCK_LENGTH_0                                7556       85.427%             7556       85.427%
MEM_BLOCK_LENGTH_100                               335        3.787%              335        3.787%
MEM_BLOCK_LENGTH_200                               142        1.605%              142        1.605%
MEM_BLOCK_LENGTH_300                               281        3.177%              281        3.177%
MEM_BLOCK_LENGTH_400                               259        2.928%              259        2.928%
MEM_BLOCK_LENGTH_500                               139        1.572%              139        1.572%
MEM_BLOCK_LENGTH_600                                62        0.701%               62        0.701%
MEM_BLOCK_LENGTH_700                                21        0.237%               21        0.237%
MEM_BLOCK_LENGTH_800                                 9        0.102%                9        0.102%
MEM_BLOCK_LENGTH_900                                 8        0.090%                8        0.090%
MEM_BLOCK_LENGTH_1000                                3        0.034%                3        0.034%
MEM_BLOCK_LENGTH_1100                                5        0.057%                5        0.057%
MEM_BLOCK_LENGTH_1200                                2        0.023%                2        0.023%
MEM_BLOCK_LENGTH_1300                                4        0.045%                4        0.045%
MEM_BLOCK_LENGTH_1400                                3        0.034%                3        0.034%
MEM_BLOCK_LENGTH_1500                                4        0.045%                4        0.045%
MEM_BLOCK_LENGTH_1600                                6        0.068%                6        0.068%
MEM_BLOCK_LENGTH_1700                                3        0.034%                3        0.034%
MEM_BLOCK_LENGTH_1800                                3        0.034%                3        0.034%
MEM_BLOCK_LENGTH_1900                                0        0.000%                0        0.000%
MEM_BLOCK_LENGTH_2000                                0        0.000%                0        0.000%
MEM_BLOCK_LENGTH_2100                                0        0.000%                0        0.000%
MEM_BLOCK_LENGTH_2200                                0        0.000%                0        0.000%
MEM_BLOCK_LENGTH_2300                                0        0.000%                0        0.000%
MEM_BLOCK_LENGTH_2400                                0        0.000%                0        0.000%
MEM_BLOCK_LENGTH_2500                                0        0.000%                0        0.000%
MEM_BLOCK_LENGTH_2600                                0        0.000%                0        0.000%
MEM_BLOCK_LENGTH_2700                                0        0.000%                0        0.000%
MEM_BLOCK_LENGTH_2800                                0        0.000%                0        0.000%
MEM_BLOCK_LENGTH_2900                                0        0.000%                0        0.000%
MEM_BLOCK_LENGTH_3000                                0        0.000%                0        0.000%
MEM_BLOCK_LENGTH_3100                                0        0.000%                0        0.000%
MEM_BLOCK_LENGTH_3200                                0        0.000%                0        0.000%
MEM_BLOCK_LENGTH_3300                                0        0.000%                0        0.000%
MEM_BLOCK_LENGTH_3400                                0        0.000%                0        0.000%
MEM_BLOCK_LENGTH_3500                                0        0.000%                0        0.000%
MEM_BLOCK_LENGTH_3600                                0        0.000%                0        0.000%
MEM_BLOCK_LENGTH_3700                                0        0.000%                0        0.000%
MEM_BLOCK_LENGTH_3800                                0        0.000%                0        0.000%
MEM_BLOCK_LENGTH_3900                                0        0.000%                0        0.000%
MEM_BLOCK_LENGTH_4000                                0        0.000%                0        0.000%
MEM_BLOCK_LENGTH_4100                                0        0.000%                0        0.000%
MEM_BLOCK_LENGTH_4200                                0        0.000%                0        0.000%
MEM_BLOCK_LENGTH_4300                                0        0.000%                0        0.000%
MEM_BLOCK_LENGTH_4400                                0        0.000%                0        0.000%
MEM_BLOCK_LENGTH_4500                                0        0.000%                0        0.000%
MEM_BLOCK_LENGTH_4600                                0        0.000%                0        0.000%
MEM_BLOCK_LENGTH_4700                                0        0.000%                0        0.000%
MEM_BLOCK_LENGTH_4800                                0        0.000%                0        0.000%
MEM_BLOCK_LENGTH_4900                                0        0.000%                0        0.000%
MEM_BLOCK_LENGTH_5000                                0        0.000%                0        0.000%
                                                  8845      100.000%             8845      100.000%
                                                  0.49         1.44              0.49         1.44

FUS_BUSY_ON_PATH                              79137462        1.5520         79137462        1.5520

FUS_BUSY_OFF_PATH                               218652        0.0043           218652        0.0043

FU_BUSY_MEM_STALL                              2063798        0.0405          2063798        0.0405

FUS_EMPTY                                    430554226        8.4437        430554226        8.4437

FU_UNAVAILABLE                                  247914        0.0049           247914        0.0049

FU_MEM_UNAVAILABLE                             1162733        0.0228          1162733        0.0228

FU_OTHER_UNAVAILABLE                                 0        0.0000                0        0.0000

FU_REPLAY                                            0        0.0000                0        0.0000

FU_STARVED                                   430536591        8.4434        430536591        8.4434

CHIP_UTILIZATION                                     0        0.0000                0        0.0000

CYCLES_UNDER_MEM_REQ                                 0                              0              

CYCLES_UNDER_NO_MEM_REQ                              0                              0              

CYCLES_UNDER_CRITICAL_MEM_REQ                        0                              0              

CYCLES_UNDER_NONCRITICAL_MEM_REQ                     0                              0              

CHIP_UTILIZATION_UNDER_MEM_REQ                       0          -nan                0          -nan

CHIP_UTILIZATION_UNDER_NO_MEM_REQ                    0          -nan                0          -nan

CHIP_UTILIZATION_UNDER_CRITICAL_MEM_REQ              0          -nan                0          -nan

CHIP_UTILIZATION_UNDER_NONCRITICAL_MEM_REQ             0          -nan                0          -nan

CYCLES_NOT_WAITING_FOR_OFF_CHIP                      0        0.0000                0        0.0000

FUS_BUSY_NOT_WAITING_FOR_OFF_CHIP                    0          -nan                0          -nan

CYCLES_WAITING_FOR_OFF_CHIP                          0        0.0000                0        0.0000

FUS_BUSY_WAITING_FOR_OFF_CHIP                        0          -nan                0          -nan

TOTAL_OFF_CHIP_DELAYS_LEFT                           0                              0              

WRONG_IO_SCHED                                       0                              0              

DVFS_CONFIG_SWITCH                                   0                              0              

MAP_STAGE_RECEIVED_OPS_0                             0        0.000%                0        0.000%
MAP_STAGE_RECEIVED_OPS_1                          4551        0.035%             4551        0.035%
MAP_STAGE_RECEIVED_OPS_2                          1936        0.015%             1936        0.015%
MAP_STAGE_RECEIVED_OPS_3                          1694        0.013%             1694        0.013%
MAP_STAGE_RECEIVED_OPS_4                       1132513        8.599%          1132513        8.599%
MAP_STAGE_RECEIVED_OPS_5                          4206        0.032%             4206        0.032%
MAP_STAGE_RECEIVED_OPS_6                      12025858       91.307%         12025858       91.307%
MAP_STAGE_RECEIVED_OPS_7                             0        0.000%                0        0.000%
MAP_STAGE_RECEIVED_OPS_8                             0        0.000%                0        0.000%
MAP_STAGE_RECEIVED_OPS_MAX                           0        0.000%                0        0.000%
                                              13170758      100.000%         13170758      100.000%
                                                  5.83         0.57              5.83         0.57

MAP_STAGE_WAIT_FOR_DECODE                            0         -nan%                0         -nan%
MAP_STAGE_CONSUME_DECODE                             0         -nan%                0         -nan%
                                                     0         -nan%                0         -nan%
                                                  -nan         -nan              -nan         -nan

MAP_STAGE_WAIT_FOR_DECODE2                           0         -nan%                0         -nan%
MAP_STAGE_CONSUME_DECODE2                            0         -nan%                0         -nan%
                                                     0         -nan%                0         -nan%
                                                  -nan         -nan              -nan         -nan

FTQ_RECOVER_EXEC                                  2036                           2036              

FTQ_RECOVER_DECODE                                 164                            164              

FTQ_OFFPATH_CYCLES                              845340                         845340              

FTQ_CYCLES_OFFPATH                              845340                         845340              

FTQ_CYCLES_ONPATH                             50145694                       50145694              

FTQ_FETCHED_INS_ONPATH                        76724571                       76724571              

FTQ_FETCHED_INS_OFFPATH                        5698821                        5698821              

FTQ_BREAK_FULL_FT_ONPATH                      48015733                       48015733              

FTQ_BREAK_FULL_FT_OFFPATH                       417995                         417995              

FTQ_BREAK_PRED_BR_ONPATH                             0                              0              

FTQ_BREAK_PRED_BR_OFFPATH                            0                              0              

FTQ_BREAK_BAR_FETCH_ONPATH                           0                              0              

FTQ_BREAK_BAR_FETCH_OFFPATH                          0                              0              

FTQ_BREAK_MAX_CFS_TAKEN_ONPATH                       0                              0              

FTQ_BREAK_MAX_CFS_TAKEN_OFFPATH                      0                              0              

FTQ_BREAK_MAX_FT_ONPATH                        2129138                        2129138              

FTQ_BREAK_MAX_FT_OFFPATH                        427345                         427345              

DFE_GEN_ON_PATH_FT                             8003219                        8003219              

DFE_GEN_OFF_PATH_FT                             509804                         509804              

DFE_L0_ENABLED_PREDICTIONS                    76725992                       76725992              

DFE_L0_WRONG_MAIN_CORRECT                       199770                         199770              

DFE_L0_WRONG_MAIN_WRONG                           1521                           1521              

DFE_L0_CORRECT_MAIN_WRONG                          679                            679              

DFE_L0_CORRECT_MAIN_CORRECT                   76524022                       76524022              

DFE_L0_WRONG_MAIN_CORRECT_RECOVERY_SCHEDULED             0                              0              

FTQ_SAW_BAR_FETCH_OFFPATH                          120                            120              

FTQ_SAW_BAR_FETCH_ONPATH                            80                             80              

DFE_CONF_0_RECOVER_AT_EXEC                           0         -nan%                0         -nan%
DFE_CONF_1_RECOVER_AT_EXEC                           0         -nan%                0         -nan%
DFE_CONF_2_RECOVER_AT_EXEC                           0         -nan%                0         -nan%
DFE_CONF_3_RECOVER_AT_EXEC                           0         -nan%                0         -nan%
DFE_CONF_0_CORRECT                                   0         -nan%                0         -nan%
DFE_CONF_1_CORRECT                                   0         -nan%                0         -nan%
DFE_CONF_2_CORRECT                                   0         -nan%                0         -nan%
DFE_CONF_3_CORRECT                                   0         -nan%                0         -nan%
                                                     0         -nan%                0         -nan%
                                                  -nan         -nan              -nan         -nan

DFE_ON_CONF_ON_OPS                                   0         -nan%                0         -nan%
DFE_ON_CONF_OFF_OPS                                  0         -nan%                0         -nan%
DFE_OFF_CONF_ON_OPS                                  0         -nan%                0         -nan%
DFE_OFF_CONF_OFF_REALISTIC_OPS                       0         -nan%                0         -nan%
DFE_OFF_CONF_OFF_PERFECT_OPS                         0         -nan%                0         -nan%
                                                     0         -nan%                0         -nan%
                                                  -nan         -nan              -nan         -nan

DFE_ON_CONF_ON_FETCH_TARGETS                         0         -nan%                0         -nan%
DFE_ON_CONF_OFF_FETCH_TARGETS                        0         -nan%                0         -nan%
DFE_OFF_CONF_ON_FETCH_TARGETS                        0         -nan%                0         -nan%
DFE_OFF_CONF_OFF_REALISTIC_FETCH_TARGETS             0         -nan%                0         -nan%
DFE_OFF_CONF_OFF_PERFECT_FETCH_TARGETS               0         -nan%                0         -nan%
                                                     0         -nan%                0         -nan%
                                                  -nan         -nan              -nan         -nan

DFE_ON_CONF_ON_CYCLES                                0         -nan%                0         -nan%
DFE_ON_CONF_OFF_CYCLES                               0         -nan%                0         -nan%
DFE_OFF_CONF_ON_CYCLES                               0         -nan%                0         -nan%
DFE_OFF_CONF_OFF_REALISTIC_CYCLES                    0         -nan%                0         -nan%
DFE_OFF_CONF_OFF_PERFECT_CYCLES                      0         -nan%                0         -nan%
                                                     0         -nan%                0         -nan%
                                                  -nan         -nan              -nan         -nan

DFE_OFF_CONF_ON_NUM_EVENTS                           0                              0              

DFE_OFF_CONF_ON_NOT_IDENTIFIED_EVENTS                0         -nan%                0         -nan%
DFE_OFF_CONF_ON_IBTB_MISS_EVENTS                     0         -nan%                0         -nan%
DFE_OFF_CONF_ON_BTB_MISS_EVENTS                      0         -nan%                0         -nan%
DFE_OFF_CONF_ON_BTB_MISS_RECOVER_AT_EXEC_EVENTS             0         -nan%                0         -nan%
DFE_OFF_CONF_ON_RECOVER_AT_EXEC_EVENTS               0         -nan%                0         -nan%
DFE_OFF_CONF_ON_RECOVER_AT_DECODE_EVENTS             0         -nan%                0         -nan%
                                                     0         -nan%                0         -nan%
                                                  -nan         -nan              -nan         -nan

DFE_OFF_CONF_ON_LATE_BTB_HIT_EVENTS                  0                              0              

DFE_OFF_CONF_ON_NOT_IDENTIFIED_CYCLES                0         -nan%                0         -nan%
DFE_OFF_CONF_ON_IBTB_MISS_CYCLES                     0         -nan%                0         -nan%
DFE_OFF_CONF_ON_BTB_MISS_CYCLES                      0         -nan%                0         -nan%
DFE_OFF_CONF_ON_BTB_MISS_RECOVER_AT_EXEC_CYCLES             0         -nan%                0         -nan%
DFE_OFF_CONF_ON_RECOVER_AT_EXEC_CYCLES               0         -nan%                0         -nan%
DFE_OFF_CONF_ON_RECOVER_AT_DECODE_CYCLES             0         -nan%                0         -nan%
                                                     0         -nan%                0         -nan%
                                                  -nan         -nan              -nan         -nan

DFE_OFF_CONF_ON_LATE_BTB_HIT_CYCLES                  0                              0              

DFE_OFF_CONF_ON_NOT_IDENTIFIED_FETCH_TARGETS             0         -nan%                0         -nan%
DFE_OFF_CONF_ON_IBTB_MISS_FETCH_TARGETS              0         -nan%                0         -nan%
DFE_OFF_CONF_ON_BTB_MISS_FETCH_TARGETS               0         -nan%                0         -nan%
DFE_OFF_CONF_ON_BTB_MISS_RECOVER_AT_EXEC_FETCH_TARGETS             0         -nan%                0         -nan%
DFE_OFF_CONF_ON_RECOVER_AT_EXEC_FETCH_TARGETS             0         -nan%                0         -nan%
DFE_OFF_CONF_ON_RECOVER_AT_DECODE_FETCH_TARGETS             0         -nan%                0         -nan%
                                                     0         -nan%                0         -nan%
                                                  -nan         -nan              -nan         -nan

DFE_OFF_CONF_ON_LATE_BTB_HIT_FETCH_TARGETS             0                              0              

DFE_OFF_CONF_ON_BP_INCORRECT_0_CONF                  0         -nan%                0         -nan%
DFE_OFF_CONF_ON_BP_INCORRECT_1_CONF                  0         -nan%                0         -nan%
DFE_OFF_CONF_ON_BP_INCORRECT_2_CONF                  0         -nan%                0         -nan%
DFE_OFF_CONF_ON_BP_INCORRECT_3_CONF                  0         -nan%                0         -nan%
                                                     0         -nan%                0         -nan%
                                                  -nan         -nan              -nan         -nan

DFE_OFF_CONF_ON_BTB_MISS_CBR_0_CONF                  0         -nan%                0         -nan%
DFE_OFF_CONF_ON_BTB_MISS_CBR_1_CONF                  0         -nan%                0         -nan%
DFE_OFF_CONF_ON_BTB_MISS_CBR_2_CONF                  0         -nan%                0         -nan%
DFE_OFF_CONF_ON_BTB_MISS_CBR_3_CONF                  0         -nan%                0         -nan%
                                                     0         -nan%                0         -nan%
                                                  -nan         -nan              -nan         -nan

DFE_OFF_CONF_ON_BTB_MISS_NOT_CF                      0         -nan%                0         -nan%
DFE_OFF_CONF_ON_BTB_MISS_CF_BR                       0         -nan%                0         -nan%
DFE_OFF_CONF_ON_BTB_MISS_CF_CBR                      0         -nan%                0         -nan%
DFE_OFF_CONF_ON_BTB_MISS_CF_CALL                     0         -nan%                0         -nan%
DFE_OFF_CONF_ON_BTB_MISS_CF_IBR                      0         -nan%                0         -nan%
DFE_OFF_CONF_ON_BTB_MISS_CF_ICALL                    0         -nan%                0         -nan%
DFE_OFF_CONF_ON_BTB_MISS_CF_ICO                      0         -nan%                0         -nan%
DFE_OFF_CONF_ON_BTB_MISS_CF_RET                      0         -nan%                0         -nan%
DFE_OFF_CONF_ON_BTB_MISS_CF_SYS                      0         -nan%                0         -nan%
                                                     0         -nan%                0         -nan%
                                                  -nan         -nan              -nan         -nan

DFE_ON_CONF_OFF_NUM_EVENTS                           0                              0              

CONF_BTB_NUM_CYCLES_OFF_PATH_EVENT                   0                              0              

DFE_ON_CONF_OFF_IBTB_MISS_BP_TAKEN                   0         -nan%                0         -nan%
DFE_ON_CONF_OFF_BTB_MISS_BP_TAKEN_CONF_0             0         -nan%                0         -nan%
DFE_ON_CONF_OFF_BTB_MISS_BP_TAKEN_CONF_1             0         -nan%                0         -nan%
DFE_ON_CONF_OFF_BTB_MISS_BP_TAKEN_CONF_2             0         -nan%                0         -nan%
DFE_ON_CONF_OFF_BTB_MISS_BP_TAKEN_CONF_3             0         -nan%                0         -nan%
DFE_ON_CONF_OFF_BTB_MISS_RATE                        0         -nan%                0         -nan%
DFE_ON_CONF_OFF_IBTB_MISS_RATE                       0         -nan%                0         -nan%
DFE_ON_CONF_OFF_RECOVER_AT_DECODE_RATE               0         -nan%                0         -nan%
DFE_ON_CONF_OFF_RECOVER_AT_EXEC_RATE                 0         -nan%                0         -nan%
DFE_ON_CONF_OFF_INV_CONF_INC                         0         -nan%                0         -nan%
DFE_ON_CONF_OFF_PERFECT_CONF                         0         -nan%                0         -nan%
                                                     0         -nan%                0         -nan%
                                                  -nan         -nan              -nan         -nan

DFE_ON_CONF_OFF_IBTB_MISS_BP_TAKEN_CYCLES             0         -nan%                0         -nan%
DFE_ON_CONF_OFF_BTB_MISS_BP_TAKEN_CONF_0_CYCLES             0         -nan%                0         -nan%
DFE_ON_CONF_OFF_BTB_MISS_BP_TAKEN_CONF_1_CYCLES             0         -nan%                0         -nan%
DFE_ON_CONF_OFF_BTB_MISS_BP_TAKEN_CONF_2_CYCLES             0         -nan%                0         -nan%
DFE_ON_CONF_OFF_BTB_MISS_BP_TAKEN_CONF_3_CYCLES             0         -nan%                0         -nan%
DFE_ON_CONF_OFF_BTB_MISS_RATE_CYCLES                 0         -nan%                0         -nan%
DFE_ON_CONF_OFF_IBTB_MISS_RATE_CYCLES                0         -nan%                0         -nan%
DFE_ON_CONF_OFF_RECOVER_AT_DECODE_RATE_CYCLES             0         -nan%                0         -nan%
DFE_ON_CONF_OFF_RECOVER_AT_EXEC_RATE_CYCLES             0         -nan%                0         -nan%
DFE_ON_CONF_OFF_INV_CONF_INC_CYCLES                  0         -nan%                0         -nan%
DFE_ON_CONF_OFF_PERFECT_CONF_CYCLES                  0         -nan%                0         -nan%
                                                     0         -nan%                0         -nan%
                                                  -nan         -nan              -nan         -nan

DFE_ON_CONF_OFF_IBTB_MISS_BP_TAKEN_FETCH_TARGETS             0         -nan%                0         -nan%
DFE_ON_CONF_OFF_BTB_MISS_BP_TAKEN_CONF_0_FETCH_TARGETS             0         -nan%                0         -nan%
DFE_ON_CONF_OFF_BTB_MISS_BP_TAKEN_CONF_1_FETCH_TARGETS             0         -nan%                0         -nan%
DFE_ON_CONF_OFF_BTB_MISS_BP_TAKEN_CONF_2_FETCH_TARGETS             0         -nan%                0         -nan%
DFE_ON_CONF_OFF_BTB_MISS_BP_TAKEN_CONF_3_FETCH_TARGETS             0         -nan%                0         -nan%
DFE_ON_CONF_OFF_BTB_MISS_RATE_FETCH_TARGETS             0         -nan%                0         -nan%
DFE_ON_CONF_OFF_IBTB_MISS_RATE_FETCH_TARGETS             0         -nan%                0         -nan%
DFE_ON_CONF_OFF_RECOVER_AT_DECODE_RATE_FETCH_TARGETS             0         -nan%                0         -nan%
DFE_ON_CONF_OFF_RECOVER_AT_EXEC_RATE_FETCH_TARGETS             0         -nan%                0         -nan%
DFE_ON_CONF_OFF_INV_CONF_INC_FETCH_TARGETS             0         -nan%                0         -nan%
DFE_ON_CONF_OFF_PERFECT_CONF_FETCH_TARGETS             0         -nan%                0         -nan%
                                                     0         -nan%                0         -nan%
                                                  -nan         -nan              -nan         -nan

CONF_OFF_IBTB_MISS_BP_TAKEN                          0         -nan%                0         -nan%
CONF_OFF_BTB_MISS_BP_TAKEN_CONF_0                    0         -nan%                0         -nan%
CONF_OFF_BTB_MISS_BP_TAKEN_CONF_1                    0         -nan%                0         -nan%
CONF_OFF_BTB_MISS_BP_TAKEN_CONF_2                    0         -nan%                0         -nan%
CONF_OFF_BTB_MISS_BP_TAKEN_CONF_3                    0         -nan%                0         -nan%
CONF_OFF_BTB_MISS_RATE                               0         -nan%                0         -nan%
CONF_OFF_IBTB_MISS_RATE                              0         -nan%                0         -nan%
CONF_OFF_RECOVER_AT_DECODE_RATE                      0         -nan%                0         -nan%
CONF_OFF_RECOVER_AT_EXEC_RATE                        0         -nan%                0         -nan%
CONF_OFF_INV_CONF_INC                                0         -nan%                0         -nan%
CONF_OFF_PERFECT_CONF                                0         -nan%                0         -nan%
                                                     0         -nan%                0         -nan%
                                                  -nan         -nan              -nan         -nan

TOPDOWN_TOTAL_SLOTS                          305946204                      305946204              

TOPDOWN_ISSUED_SLOTS                          77261327                       77261327              

TOPDOWN_RETIRED_SLOTS                         76725992                       76725992              

TOPDOWN_FETCH_BUBBLES_SLOTS                    2623498                        2623498              

TOPDOWN_RECOVERY_BUBBLES_SLOTS                   82985                          82985              

TOPDOWN_MEM_LOAD_STALLS_CYCLES                37613955                       37613955              

TOPDOWN_MEM_STORE_STALLS_CYCLES                      0                              0              

TOPDOWN_EXEC_STALLS_CYCLES                    27096682                       27096682              

TOPDOWN_BACKEND_STALLS_CYCLES                 37613984                       37613984              

TOPDOWN_FETCH_BUBBLES_GT_MIW_CYCLES              55351                          55351              

TOPDOWN_BR_RECOVER_AT_EXEC_RETIRED_CYCLES          2036                           2036              

TOPDOWN_MACHINE_CLEAR_CYCLES                    201970                         201970              

TOPDOWN_FRONTEND_BOUND                              85                             85              

TOPDOWN_BACKEND_BOUND                             7388                           7388              

TOPDOWN_BAD_SPEC_BOUND                              20                             20              

TOPDOWN_RETIRING_BOUND                            2507                           2507              

TOPDOWN_FETCH_LATENCY_BOUND                         10                             10              

TOPDOWN_FETCH_BANDWIDTH_BOUND                       75                             75              

TOPDOWN_MEM_BOUND                                 7387                           7387              

TOPDOWN_CORE_BOUND                                   1                              1              

TOPDOWN_BR_RECOVER_AT_EXEC_BOUND                     0                              0              

TOPDOWN_MACHINE_CLEARS_BOUND                        20                             20              

H2P_SEEN_MAIN                                    16097                          16097              



