/* -*- Mode: c -*- */
####################################################################################################
Core 0
####################################################################################################
Cumulative:        Cycles: 39071646              Instructions: 89999999              IPC: 2.30346

Periodic:          Cycles: 39071646              Instructions: 89999999              IPC: 2.30346

MISS_WAIT_TIME                              5245224439                     5245224439              

ICACHE_STAGE_MISS                                  769                            769              

ICACHE_CYCLE                                  39071646                       39071646              

TCACHE_CYCLE                                         0                              0              

ICACHE_SERVING_CYCLE_ON_PATH                    736800                         736800              

ICACHE_SERVING_CYCLE_OFF_PATH                   205878                         205878              

UCACHE_SERVING_CYCLE_ON_PATH                  29356420                       29356420              

UCACHE_SERVING_CYCLE_OFF_PATH                  8064945                        8064945              

ICACHE_CYCLE_ONPATH                           30569061       78.238%         30569061       78.238%
ICACHE_CYCLE_OFFPATH                           8502585       21.762%          8502585       21.762%
                                              39071646      100.000%         39071646      100.000%
                                                  0.22         0.38              0.22         0.38

FETCH_ON_PATH                                 30784677       78.790%         30784677       78.790%
FETCH_OFF_PATH                                 8286969       21.210%          8286969       21.210%
                                              39071646      100.000%         39071646      100.000%
                                                  0.21         0.38              0.21         0.38

FETCHED_OPS_ON_PATH                                  0         -nan%                0         -nan%
FETCHED_OPS_OFF_PATH                                 0         -nan%                0         -nan%
                                                     0         -nan%                0         -nan%
                                                  -nan         -nan              -nan         -nan

INST_LOST_FETCH                              105939797       35.472%        105939797       35.472%
INST_LOST_OFF_PATH                            26060064        8.726%         26060064        8.726%
INST_LOST_FULL_WINDOW                          9732902        3.259%          9732902        3.259%
INST_LOST_ROB_STALL_OTHER                     26899316        9.007%         26899316        9.007%
INST_LOST_ROB_STALL_WAIT_FOR_RECOVERY                0        0.000%                0        0.000%
INST_LOST_ROB_STALL_WAIT_FOR_REDIRECT                0        0.000%                0        0.000%
INST_LOST_ROB_STALL_WAIT_FOR_GAP_FILL                0        0.000%                0        0.000%
INST_LOST_ROB_STALL_WAIT_FOR_L1_MISS                 0        0.000%                0        0.000%
INST_LOST_ROB_STALL_WAIT_FOR_MEMORY           46953676       15.721%         46953676       15.721%
INST_LOST_ROB_STALL_WAIT_FOR_DC_MISS          30319414       10.152%         30319414       10.152%
INST_LOST_ROB_BLOCK_ISSUE_FULL                       0        0.000%                0        0.000%
INST_LOST_ROB_BLOCK_ISSUE_GAP_TOO_LARGE              0        0.000%                0        0.000%
INST_LOST_BREAK_DONT                                 0        0.000%                0        0.000%
INST_LOST_BREAK_FT_UNAVAILABLE                 3777836        1.265%          3777836        1.265%
INST_LOST_BREAK_ICACHE_STAGE_RESTEER              3606        0.001%             3606        0.001%
INST_LOST_BREAK_ICACHE_MISS_REQ_SUCCESS           3057        0.001%             3057        0.001%
INST_LOST_BREAK_ICACHE_MISS_REQ_FAILURE            558        0.000%              558        0.000%
INST_LOST_BREAK_ICACHE_WAIT_FOR_MISS            339585        0.114%           339585        0.114%
INST_LOST_BREAK_ICACHE_STALLED                  131075        0.044%           131075        0.044%
INST_LOST_BREAK_ICACHE_TO_UOP_CACHE_SWITCH        341810        0.114%           341810        0.114%
INST_LOST_BREAK_ICACHE_READ_LIMIT               282526        0.095%           282526        0.095%
INST_LOST_BREAK_ICACHE_ISSUE_WIDTH                   0        0.000%                0        0.000%
INST_LOST_BREAK_UOP_CACHE_STALLED             21503837        7.200%         21503837        7.200%
INST_LOST_BREAK_UOP_CACHE_TO_ICACHE_SWITCH        369954        0.124%           369954        0.124%
INST_LOST_BREAK_UOP_CACHE_READ_LIMIT          26000081        8.706%         26000081        8.706%
INST_LOST_BREAK_UOP_CACHE_ISSUE_WIDTH                0        0.000%                0        0.000%
                                             298659094      100.000%        298659094      100.000%
                                                  6.53         7.12              6.53         7.12

INST_LOST_TOTAL                              309352910                      309352910              

INST_LOST_WAIT_FOR_ICACHE_MISS_NOT_PREFETCHED        100494       33.949%           100494       33.949%
INST_LOST_WAIT_FOR_ICACHE_MISS_PREFETCHED_AND_EVICTED_BY_IFETCH             0        0.000%                0        0.000%
INST_LOST_WAIT_FOR_ICACHE_MISS_PREFETCHED_AND_EVICTED_BY_FDIP             0        0.000%                0        0.000%
INST_LOST_WAIT_FOR_ICACHE_MISS_MSHR_HIT_PREF_OFFPATH          1914        0.647%             1914        0.647%
INST_LOST_WAIT_FOR_ICACHE_MISS_MSHR_HIT_PREF_ONPATH        193608       65.405%           193608       65.405%
                                                296016      100.000%           296016      100.000%
                                                  2.64         2.40              2.64         2.40

FETCH_0_OPS                                     700812        1.794%           700812        1.794%
FETCH_1_OPS                                     350095        0.896%           350095        0.896%
FETCH_2_OPS                                     722223        1.848%           722223        1.848%
FETCH_3_OPS                                    1023966        2.621%          1023966        2.621%
FETCH_4_OPS                                    1808156        4.628%          1808156        4.628%
FETCH_5_OPS                                    7000901       17.918%          7000901       17.918%
FETCH_6_OPS                                    3187557        8.158%          3187557        8.158%
FETCH_7_OPS                                    3853413        9.862%          3853413        9.862%
FETCH_8_OPS                                   20424523       52.275%         20424523       52.275%
FETCH_9_OPS                                          0        0.000%                0        0.000%
FETCH_10_OPS                                         0        0.000%                0        0.000%
FETCH_11_OPS                                         0        0.000%                0        0.000%
FETCH_12_OPS                                         0        0.000%                0        0.000%
FETCH_13_OPS                                         0        0.000%                0        0.000%
FETCH_14_OPS                                         0        0.000%                0        0.000%
FETCH_15_OPS                                         0        0.000%                0        0.000%
FETCH_16_OPS                                         0        0.000%                0        0.000%
                                              39071646      100.000%         39071646      100.000%
                                                  6.57         1.69              6.57         1.69

ST_BREAK_DONT                                        0        0.000%                0        0.000%
ST_BREAK_FT_UNAVAILABLE                         630398        1.613%           630398        1.613%
ST_BREAK_ICACHE_STAGE_RESTEER                      708        0.002%              708        0.002%
ST_BREAK_ICACHE_MISS_REQ_SUCCESS                   769        0.002%              769        0.002%
ST_BREAK_ICACHE_MISS_REQ_FAILURE                    93        0.000%               93        0.000%
ST_BREAK_ICACHE_WAIT_FOR_MISS                    56604        0.145%            56604        0.145%
ST_BREAK_ICACHE_STALLED                          61704        0.158%            61704        0.158%
ST_BREAK_ICACHE_TO_UOP_CACHE_SWITCH             110971        0.284%           110971        0.284%
ST_BREAK_ICACHE_READ_LIMIT                      101405        0.260%           101405        0.260%
ST_BREAK_ICACHE_ISSUE_WIDTH                     655058        1.677%           655058        1.677%
ST_BREAK_UOP_CACHE_STALLED                    18230842       46.660%         18230842       46.660%
ST_BREAK_UOP_CACHE_TO_ICACHE_SWITCH              68880        0.176%            68880        0.176%
ST_BREAK_UOP_CACHE_READ_LIMIT                  7999223       20.473%          7999223       20.473%
ST_BREAK_UOP_CACHE_ISSUE_WIDTH                11154991       28.550%         11154991       28.550%
                                              39071646      100.000%         39071646      100.000%
                                                 11.08         6.22             11.08         6.22

ORACLE_ON_PATH_INST                          105939797       80.258%        105939797       80.258%
ORACLE_OFF_PATH_INST                          26060064       19.742%         26060064       19.742%
                                             131999861      100.000%        131999861      100.000%
                                                  0.20         0.37              0.20         0.37

ORACLE_ON_PATH_INST_MEM                       31531428       23.887%         31531428       23.887%
ORACLE_ON_PATH_INST_NOTMEM                    74408369       56.370%         74408369       56.370%
ORACLE_OFF_PATH_INST_MEM                       8948922        6.779%          8948922        6.779%
ORACLE_OFF_PATH_INST_NOTMEM                   17111142       12.963%         17111142       12.963%
                                             131999861      100.000%        131999861      100.000%
                                                  1.09         0.83              1.09         0.83

ICACHE_CYCLE_NONRA_ONPATH                            0         -nan%                0         -nan%
ICACHE_CYCLE_NONRA_OFFPATH                           0         -nan%                0         -nan%
ICACHE_CYCLE_RA_ONPATH                               0         -nan%                0         -nan%
ICACHE_CYCLE_RA_OFFPATH                              0         -nan%                0         -nan%
                                                     0         -nan%                0         -nan%
                                                  -nan         -nan              -nan         -nan

ICACHE_CYCLE_ONPATH_NONRA                            0         -nan%                0         -nan%
ICACHE_CYCLE_OFFPATH_NONRA                           0         -nan%                0         -nan%
                                                     0         -nan%                0         -nan%
                                                  -nan         -nan              -nan         -nan

ICACHE_CYCLE_ONPATH_RA                               0         -nan%                0         -nan%
ICACHE_CYCLE_OFFPATH_RA                              0         -nan%                0         -nan%
                                                     0         -nan%                0         -nan%
                                                  -nan         -nan              -nan         -nan

INACCURATE_OFFPATH_CYCLES                            0        0.0000                0        0.0000

FETCH_ALL_INST                               131999861                      131999861              

EXEC_ALL_INST                                113845692                      113845692              

RET_ALL_INST                                 105939797                      105939797              

EXEC_ON_PATH_INST                            105939797       93.056%        105939797       93.056%
EXEC_OFF_PATH_INST                             7905895        6.944%          7905895        6.944%
                                             113845692      100.000%        113845692      100.000%
                                                  0.07         0.25              0.07         0.25

EXEC_ON_PATH_INST_MEM                         31531428       27.697%         31531428       27.697%
EXEC_ON_PATH_INST_NOTMEM                      74408369       65.359%         74408369       65.359%
EXEC_OFF_PATH_INST_MEM                         3328784        2.924%          3328784        2.924%
EXEC_OFF_PATH_INST_NOTMEM                      4577111        4.020%          4577111        4.020%
                                             113845692      100.000%        113845692      100.000%
                                                  0.83         0.52              0.83         0.52

EXEC_RA_INST                                         0         -nan%                0         -nan%
EXEC_NONRA_INST                                      0         -nan%                0         -nan%
                                                     0         -nan%                0         -nan%
                                                  -nan         -nan              -nan         -nan

EXEC_ON_PATH_INST_RA                                 0         -nan%                0         -nan%
EXEC_OFF_PATH_INST_RA                                0         -nan%                0         -nan%
                                                     0         -nan%                0         -nan%
                                                  -nan         -nan              -nan         -nan

EXEC_ON_PATH_INST_NONRA                              0         -nan%                0         -nan%
EXEC_OFF_PATH_INST_NONRA                             0         -nan%                0         -nan%
                                                     0         -nan%                0         -nan%
                                                  -nan         -nan              -nan         -nan

EXEC_RA_ON_PATH_INST                                 0         -nan%                0         -nan%
EXEC_RA_OFF_PATH_INST                                0         -nan%                0         -nan%
EXEC_NONRA_ON_PATH_INST                              0         -nan%                0         -nan%
EXEC_NONRA_OFF_PATH_INST                             0         -nan%                0         -nan%
                                                     0         -nan%                0         -nan%
                                                  -nan         -nan              -nan         -nan

ICACHE_THROTTLE_CYCLE                                0                              0              

FETCH_ENABLE_THROTTLE_OFF_PATH                       0         -nan%                0         -nan%
FETCH_ENABLE_THROTTLE_ON_PATH                        0         -nan%                0         -nan%
                                                     0         -nan%                0         -nan%
                                                  -nan         -nan              -nan         -nan

FETCH_DISABLE_THROTTLE_OFF_PATH                      0         -nan%                0         -nan%
FETCH_DISABLE_THROTTLE_ON_PATH                       0         -nan%                0         -nan%
                                                     0         -nan%                0         -nan%
                                                  -nan         -nan              -nan         -nan

FETCH_TH_ADJUST__0                                   0         -nan%                0         -nan%
FETCH_TH_ADJUST__1                                   0         -nan%                0         -nan%
FETCH_TH_ADJUST__2                                   0         -nan%                0         -nan%
FETCH_TH_ADJUST__3                                   0         -nan%                0         -nan%
FETCH_TH_ADJUST__4                                   0         -nan%                0         -nan%
FETCH_TH_ADJUST__5                                   0         -nan%                0         -nan%
FETCH_TH_ADJUST__6                                   0         -nan%                0         -nan%
FETCH_TH_ADJUST__7                                   0         -nan%                0         -nan%
FETCH_TH_ADJUST__8                                   0         -nan%                0         -nan%
FETCH_TH_ADJUST__9                                   0         -nan%                0         -nan%
FETCH_TH_ADJUST__MAX                                 0         -nan%                0         -nan%
                                                     0         -nan%                0         -nan%
                                                  -nan         -nan              -nan         -nan

FETCH_TH_ADJUST_UP                                   0         -nan%                0         -nan%
FETCH_TH_ADJUST_DOWN                                 0         -nan%                0         -nan%
FETCH_TH_ADJUST_SAME                                 0         -nan%                0         -nan%
                                                     0         -nan%                0         -nan%
                                                  -nan         -nan              -nan         -nan

THROTTLE_ADJUST_CACHE_MISS_INFO                      0                              0              

LOW_CONF_COUNT_BP_MIS_0                              0         -nan%                0         -nan%
LOW_CONF_COUNT_BP_MIS_1                              0         -nan%                0         -nan%
LOW_CONF_COUNT_BP_MIS_2                              0         -nan%                0         -nan%
LOW_CONF_COUNT_BP_MIS_3                              0         -nan%                0         -nan%
LOW_CONF_COUNT_BP_MIS_4                              0         -nan%                0         -nan%
LOW_CONF_COUNT_BP_MIS_5                              0         -nan%                0         -nan%
LOW_CONF_COUNT_BP_MIS_6                              0         -nan%                0         -nan%
LOW_CONF_COUNT_BP_MIS_7                              0         -nan%                0         -nan%
LOW_CONF_COUNT_BP_MIS_8                              0         -nan%                0         -nan%
LOW_CONF_COUNT_BP_MIS_9                              0         -nan%                0         -nan%
LOW_CONF_COUNT_BP_MIS_10                             0         -nan%                0         -nan%
LOW_CONF_COUNT_BP_MIS_11                             0         -nan%                0         -nan%
LOW_CONF_COUNT_BP_MIS_12                             0         -nan%                0         -nan%
LOW_CONF_COUNT_BP_MIS_13                             0         -nan%                0         -nan%
LOW_CONF_COUNT_BP_MIS_14                             0         -nan%                0         -nan%
LOW_CONF_COUNT_BP_MIS_15                             0         -nan%                0         -nan%
LOW_CONF_COUNT_BP_MIS_16                             0         -nan%                0         -nan%
LOW_CONF_COUNT_BP_MIS_17                             0         -nan%                0         -nan%
LOW_CONF_COUNT_BP_MIS_18                             0         -nan%                0         -nan%
LOW_CONF_COUNT_BP_MIS_19                             0         -nan%                0         -nan%
LOW_CONF_COUNT_BP_MIS_20                             0         -nan%                0         -nan%
                                                     0         -nan%                0         -nan%
                                                  -nan         -nan              -nan         -nan

LOW_CONF_COUNT_RET_0                                 0         -nan%                0         -nan%
LOW_CONF_COUNT_RET_1                                 0         -nan%                0         -nan%
LOW_CONF_COUNT_RET_2                                 0         -nan%                0         -nan%
LOW_CONF_COUNT_RET_3                                 0         -nan%                0         -nan%
LOW_CONF_COUNT_RET_4                                 0         -nan%                0         -nan%
LOW_CONF_COUNT_RET_5                                 0         -nan%                0         -nan%
LOW_CONF_COUNT_RET_6                                 0         -nan%                0         -nan%
LOW_CONF_COUNT_RET_7                                 0         -nan%                0         -nan%
LOW_CONF_COUNT_RET_8                                 0         -nan%                0         -nan%
LOW_CONF_COUNT_RET_9                                 0         -nan%                0         -nan%
LOW_CONF_COUNT_RET_10                                0         -nan%                0         -nan%
LOW_CONF_COUNT_RET_11                                0         -nan%                0         -nan%
LOW_CONF_COUNT_RET_12                                0         -nan%                0         -nan%
LOW_CONF_COUNT_RET_13                                0         -nan%                0         -nan%
LOW_CONF_COUNT_RET_14                                0         -nan%                0         -nan%
LOW_CONF_COUNT_RET_15                                0         -nan%                0         -nan%
LOW_CONF_COUNT_RET_16                                0         -nan%                0         -nan%
LOW_CONF_COUNT_RET_17                                0         -nan%                0         -nan%
LOW_CONF_COUNT_RET_18                                0         -nan%                0         -nan%
LOW_CONF_COUNT_RET_19                                0         -nan%                0         -nan%
LOW_CONF_COUNT_RET_20                                0         -nan%                0         -nan%
                                                     0         -nan%                0         -nan%
                                                  -nan         -nan              -nan         -nan

CYCLES_RESTEER_RECOVER_AT_EXEC                       0         -nan%                0         -nan%
CYCLES_RESTEER_RECOVER_AT_DECODE                     0         -nan%                0         -nan%
CYCLES_RESTEER_BTB_MISS                              0         -nan%                0         -nan%
                                                     0         -nan%                0         -nan%
                                                  -nan         -nan              -nan         -nan

CYCLES_RESTEER_RECOVER_AT_EXEC_SAVED_UC_FETCH             0         -nan%                0         -nan%
CYCLES_RESTEER_RECOVER_AT_EXEC_COULD_BE_SAVED_UC_FETCH             0         -nan%                0         -nan%
CYCLES_RESTEER_RECOVER_AT_DECODE_SAVED_UC_FETCH             0         -nan%                0         -nan%
CYCLES_RESTEER_RECOVER_AT_DECODE_COULD_BE_SAVED_UC_FETCH             0         -nan%                0         -nan%
CYCLES_RESTEER_BTB_MISS_SAVED_UC_FETCH               0         -nan%                0         -nan%
CYCLES_RESTEER_BTB_MISS_COULD_BE_SAVED_UC_FETCH             0         -nan%                0         -nan%
                                                     0         -nan%                0         -nan%
                                                  -nan         -nan              -nan         -nan

CYCLES_UOC_IC_SWITCH                                 0                              0              



